1.12111,Exit slow start,exceeding SS_EXIT_THRESHOLD
17.1453,Missing packet expired,5814
84.6033,Timeout
84.6034,clearing sending list because of timeout
84.6669,Received an expired out of sequence packet ,68483,68827
84.6669,Received an expired out of sequence packet ,68484,68827
84.6669,Received an expired out of sequence packet ,68485,68827
84.6669,Received an expired out of sequence packet ,68486,68827
84.6669,Received an expired out of sequence packet ,68487,68827
84.6669,Received an expired out of sequence packet ,68488,68827
84.667,Received an expired out of sequence packet ,68489,68827
84.667,Received an expired out of sequence packet ,68490,68827
84.667,Received an expired out of sequence packet ,68491,68827
84.667,Received an expired out of sequence packet ,68492,68827
84.667,Received an expired out of sequence packet ,68493,68827
84.667,Received an expired out of sequence packet ,68494,68827
84.667,Received an expired out of sequence packet ,68495,68827
84.6671,Received an expired out of sequence packet ,68496,68827
84.6671,Received an expired out of sequence packet ,68497,68827
84.6671,Received an expired out of sequence packet ,68498,68827
84.6671,Received an expired out of sequence packet ,68499,68827
84.6671,Received an expired out of sequence packet ,68500,68827
84.6671,Received an expired out of sequence packet ,68501,68827
84.6671,Received an expired out of sequence packet ,68502,68827
84.6672,Received an expired out of sequence packet ,68503,68827
84.6672,Received an expired out of sequence packet ,68504,68827
84.7046,Received an expired out of sequence packet ,68505,68827
84.7046,Received an expired out of sequence packet ,68506,68827
84.7046,Received an expired out of sequence packet ,68507,68827
84.7077,Received an expired out of sequence packet ,68508,68827
84.7077,Received an expired out of sequence packet ,68509,68827
84.7077,Received an expired out of sequence packet ,68510,68827
84.7077,Received an expired out of sequence packet ,68511,68827
84.7077,Received an expired out of sequence packet ,68512,68827
84.7077,Received an expired out of sequence packet ,68513,68827
84.7078,Received an expired out of sequence packet ,68514,68827
84.7763,Received an expired out of sequence packet ,68515,68827
84.7763,Received an expired out of sequence packet ,68516,68827
84.7764,Received an expired out of sequence packet ,68517,68827
84.7764,Received an expired out of sequence packet ,68518,68827
84.7764,Received an expired out of sequence packet ,68519,68827
84.7764,Received an expired out of sequence packet ,68520,68827
84.7764,Received an expired out of sequence packet ,68521,68827
84.7764,Received an expired out of sequence packet ,68522,68827
84.7765,Received an expired out of sequence packet ,68523,68827
84.7765,Received an expired out of sequence packet ,68524,68827
84.7765,Received an expired out of sequence packet ,68525,68827
84.7765,Received an expired out of sequence packet ,68526,68827
84.7765,Received an expired out of sequence packet ,68527,68827
84.7766,Received an expired out of sequence packet ,68528,68827
84.7775,Received an expired out of sequence packet ,68529,68827
84.7775,Received an expired out of sequence packet ,68530,68827
84.7815,Received an expired out of sequence packet ,68531,68827
84.7816,Received an expired out of sequence packet ,68532,68827
84.7866,Received an expired out of sequence packet ,68533,68827
84.7866,Received an expired out of sequence packet ,68534,68827
84.7866,Received an expired out of sequence packet ,68535,68827
84.7867,Received an expired out of sequence packet ,68536,68827
84.7867,Received an expired out of sequence packet ,68537,68827
84.7867,Received an expired out of sequence packet ,68538,68827
84.7867,Received an expired out of sequence packet ,68539,68827
84.7867,Received an expired out of sequence packet ,68540,68827
84.7867,Received an expired out of sequence packet ,68541,68827
84.7868,Received an expired out of sequence packet ,68542,68827
84.7868,Received an expired out of sequence packet ,68543,68827
84.7868,Received an expired out of sequence packet ,68544,68827
84.7868,Received an expired out of sequence packet ,68545,68827
84.7868,Received an expired out of sequence packet ,68546,68827
84.7868,Received an expired out of sequence packet ,68547,68827
84.7887,Received an expired out of sequence packet ,68548,68827
84.7888,Received an expired out of sequence packet ,68549,68827
84.7888,Received an expired out of sequence packet ,68550,68827
84.7888,Received an expired out of sequence packet ,68551,68827
84.7888,Received an expired out of sequence packet ,68552,68827
84.7888,Received an expired out of sequence packet ,68553,68827
84.7889,Received an expired out of sequence packet ,68554,68827
84.7919,Received an expired out of sequence packet ,68555,68827
84.7919,Received an expired out of sequence packet ,68556,68827
84.7919,Received an expired out of sequence packet ,68557,68827
84.7919,Received an expired out of sequence packet ,68558,68827
84.7919,Received an expired out of sequence packet ,68559,68827
84.7919,Received an expired out of sequence packet ,68560,68827
84.792,Received an expired out of sequence packet ,68561,68827
84.792,Received an expired out of sequence packet ,68562,68827
84.792,Received an expired out of sequence packet ,68563,68827
84.792,Received an expired out of sequence packet ,68564,68827
84.792,Received an expired out of sequence packet ,68565,68827
84.792,Received an expired out of sequence packet ,68566,68827
84.7921,Received an expired out of sequence packet ,68567,68827
84.8392,Received an expired out of sequence packet ,68568,68827
84.8392,Received an expired out of sequence packet ,68569,68827
84.8429,Received an expired out of sequence packet ,68570,68827
84.8429,Received an expired out of sequence packet ,68571,68827
84.8447,Received an expired out of sequence packet ,68572,68827
84.8448,Received an expired out of sequence packet ,68573,68827
84.8448,Received an expired out of sequence packet ,68574,68827
84.8448,Received an expired out of sequence packet ,68575,68827
84.8448,Received an expired out of sequence packet ,68576,68827
84.8448,Received an expired out of sequence packet ,68577,68827
84.8448,Received an expired out of sequence packet ,68578,68827
84.8449,Received an expired out of sequence packet ,68579,68827
84.8449,Received an expired out of sequence packet ,68580,68827
84.8449,Received an expired out of sequence packet ,68581,68827
84.8449,Received an expired out of sequence packet ,68582,68827
84.845,Received an expired out of sequence packet ,68583,68827
84.845,Received an expired out of sequence packet ,68584,68827
84.845,Received an expired out of sequence packet ,68585,68827
84.845,Received an expired out of sequence packet ,68586,68827
84.845,Received an expired out of sequence packet ,68587,68827
84.845,Received an expired out of sequence packet ,68588,68827
84.8451,Received an expired out of sequence packet ,68589,68827
84.8451,Received an expired out of sequence packet ,68590,68827
84.8451,Received an expired out of sequence packet ,68591,68827
84.8529,Received an expired out of sequence packet ,68592,68827
84.8529,Received an expired out of sequence packet ,68593,68827
84.8529,Received an expired out of sequence packet ,68594,68827
84.853,Received an expired out of sequence packet ,68595,68827
84.853,Received an expired out of sequence packet ,68596,68827
84.853,Received an expired out of sequence packet ,68597,68827
84.8621,Received an expired out of sequence packet ,68598,68827
84.8621,Received an expired out of sequence packet ,68599,68827
84.8621,Received an expired out of sequence packet ,68600,68827
84.8622,Received an expired out of sequence packet ,68601,68827
84.8622,Received an expired out of sequence packet ,68602,68827
84.8622,Received an expired out of sequence packet ,68603,68827
84.8622,Received an expired out of sequence packet ,68604,68827
84.8622,Received an expired out of sequence packet ,68605,68827
84.8623,Received an expired out of sequence packet ,68606,68827
84.8623,Received an expired out of sequence packet ,68607,68827
84.8623,Received an expired out of sequence packet ,68608,68827
84.8623,Received an expired out of sequence packet ,68609,68827
84.8624,Received an expired out of sequence packet ,68610,68827
84.8624,Received an expired out of sequence packet ,68611,68827
84.8624,Received an expired out of sequence packet ,68612,68827
84.8624,Received an expired out of sequence packet ,68613,68827
84.8624,Received an expired out of sequence packet ,68614,68827
84.8624,Received an expired out of sequence packet ,68615,68827
84.8625,Received an expired out of sequence packet ,68616,68827
84.8625,Received an expired out of sequence packet ,68617,68827
84.8625,Received an expired out of sequence packet ,68618,68827
84.8649,Received an expired out of sequence packet ,68619,68827
84.8699,Received an expired out of sequence packet ,68620,68827
84.8731,Received an expired out of sequence packet ,68621,68827
84.8731,Received an expired out of sequence packet ,68622,68827
84.8828,Received an expired out of sequence packet ,68623,68827
84.8828,Received an expired out of sequence packet ,68624,68827
84.8829,Received an expired out of sequence packet ,68625,68827
84.8829,Received an expired out of sequence packet ,68626,68827
84.8829,Received an expired out of sequence packet ,68627,68827
84.8829,Received an expired out of sequence packet ,68628,68827
84.8829,Received an expired out of sequence packet ,68629,68827
84.8829,Received an expired out of sequence packet ,68630,68827
84.883,Received an expired out of sequence packet ,68631,68827
84.883,Received an expired out of sequence packet ,68632,68827
84.883,Received an expired out of sequence packet ,68633,68827
84.883,Received an expired out of sequence packet ,68634,68827
84.883,Received an expired out of sequence packet ,68635,68827
84.883,Received an expired out of sequence packet ,68636,68827
84.8831,Received an expired out of sequence packet ,68637,68827
84.8831,Received an expired out of sequence packet ,68638,68827
84.8831,Received an expired out of sequence packet ,68639,68827
84.8831,Received an expired out of sequence packet ,68640,68827
84.8831,Received an expired out of sequence packet ,68641,68827
84.8831,Received an expired out of sequence packet ,68642,68827
84.8832,Received an expired out of sequence packet ,68643,68827
84.8832,Received an expired out of sequence packet ,68644,68827
84.8878,Received an expired out of sequence packet ,68645,68827
84.8878,Received an expired out of sequence packet ,68646,68827
84.8878,Received an expired out of sequence packet ,68647,68827
84.8878,Received an expired out of sequence packet ,68648,68827
84.8878,Received an expired out of sequence packet ,68649,68827
84.8879,Received an expired out of sequence packet ,68650,68827
84.8879,Received an expired out of sequence packet ,68651,68827
84.8879,Received an expired out of sequence packet ,68652,68827
84.8879,Received an expired out of sequence packet ,68653,68827
84.8879,Received an expired out of sequence packet ,68654,68827
84.8879,Received an expired out of sequence packet ,68655,68827
84.888,Received an expired out of sequence packet ,68656,68827
84.888,Received an expired out of sequence packet ,68657,68827
84.888,Received an expired out of sequence packet ,68658,68827
84.89,Received an expired out of sequence packet ,68659,68827
84.8951,Received an expired out of sequence packet ,68660,68827
84.8976,Received an expired out of sequence packet ,68661,68827
84.8977,Received an expired out of sequence packet ,68662,68827
84.8977,Received an expired out of sequence packet ,68663,68827
84.8977,Received an expired out of sequence packet ,68664,68827
84.8977,Received an expired out of sequence packet ,68665,68827
84.8977,Received an expired out of sequence packet ,68666,68827
84.9011,Received an expired out of sequence packet ,68667,68827
84.9011,Received an expired out of sequence packet ,68668,68827
84.9079,Received an expired out of sequence packet ,68669,68827
84.9079,Received an expired out of sequence packet ,68670,68827
84.9121,Received an expired out of sequence packet ,68671,68827
84.9122,Received an expired out of sequence packet ,68672,68827
84.9169,Received an expired out of sequence packet ,68673,68827
84.9169,Received an expired out of sequence packet ,68674,68827
84.9169,Received an expired out of sequence packet ,68675,68827
84.917,Received an expired out of sequence packet ,68676,68827
84.917,Received an expired out of sequence packet ,68677,68827
84.917,Received an expired out of sequence packet ,68678,68827
84.917,Received an expired out of sequence packet ,68679,68827
84.9171,Received an expired out of sequence packet ,68680,68827
84.9171,Received an expired out of sequence packet ,68681,68827
84.9171,Received an expired out of sequence packet ,68682,68827
84.9171,Received an expired out of sequence packet ,68683,68827
84.9172,Received an expired out of sequence packet ,68684,68827
84.9172,Received an expired out of sequence packet ,68685,68827
84.9172,Received an expired out of sequence packet ,68686,68827
84.9173,Received an expired out of sequence packet ,68687,68827
84.9173,Received an expired out of sequence packet ,68688,68827
84.9173,Received an expired out of sequence packet ,68689,68827
84.9192,Received an expired out of sequence packet ,68690,68827
84.9192,Received an expired out of sequence packet ,68691,68827
84.9193,Received an expired out of sequence packet ,68692,68827
84.9193,Received an expired out of sequence packet ,68693,68827
84.9193,Received an expired out of sequence packet ,68694,68827
84.9193,Received an expired out of sequence packet ,68695,68827
84.9193,Received an expired out of sequence packet ,68696,68827
84.9193,Received an expired out of sequence packet ,68697,68827
84.9194,Received an expired out of sequence packet ,68698,68827
84.9194,Received an expired out of sequence packet ,68699,68827
84.9194,Received an expired out of sequence packet ,68700,68827
84.9194,Received an expired out of sequence packet ,68701,68827
84.9194,Received an expired out of sequence packet ,68702,68827
84.9194,Received an expired out of sequence packet ,68703,68827
84.9195,Received an expired out of sequence packet ,68704,68827
84.9195,Received an expired out of sequence packet ,68705,68827
84.9195,Received an expired out of sequence packet ,68706,68827
84.9195,Received an expired out of sequence packet ,68707,68827
84.9195,Received an expired out of sequence packet ,68708,68827
84.9195,Received an expired out of sequence packet ,68709,68827
84.9196,Received an expired out of sequence packet ,68710,68827
84.9196,Received an expired out of sequence packet ,68711,68827
84.9266,Received an expired out of sequence packet ,68712,68827
84.9266,Received an expired out of sequence packet ,68713,68827
84.9297,Received an expired out of sequence packet ,68714,68827
84.9297,Received an expired out of sequence packet ,68715,68827
84.9297,Received an expired out of sequence packet ,68716,68827
84.9341,Received an expired out of sequence packet ,68717,68827
84.9341,Received an expired out of sequence packet ,68718,68827
84.9341,Received an expired out of sequence packet ,68719,68827
84.9342,Received an expired out of sequence packet ,68720,68827
84.9342,Received an expired out of sequence packet ,68721,68827
84.9342,Received an expired out of sequence packet ,68722,68827
84.9342,Received an expired out of sequence packet ,68723,68827
84.9343,Received an expired out of sequence packet ,68724,68827
84.9343,Received an expired out of sequence packet ,68725,68827
84.9343,Received an expired out of sequence packet ,68726,68827
84.9343,Received an expired out of sequence packet ,68727,68827
84.9344,Received an expired out of sequence packet ,68728,68827
84.9344,Received an expired out of sequence packet ,68729,68827
84.9344,Received an expired out of sequence packet ,68730,68827
84.9345,Received an expired out of sequence packet ,68731,68827
84.9345,Received an expired out of sequence packet ,68732,68827
84.9345,Received an expired out of sequence packet ,68733,68827
84.9345,Received an expired out of sequence packet ,68734,68827
84.9346,Received an expired out of sequence packet ,68735,68827
84.9346,Received an expired out of sequence packet ,68736,68827
84.9346,Received an expired out of sequence packet ,68737,68827
84.9346,Received an expired out of sequence packet ,68738,68827
84.9357,Received an expired out of sequence packet ,68739,68827
84.9357,Received an expired out of sequence packet ,68740,68827
84.9357,Received an expired out of sequence packet ,68741,68827
84.9357,Received an expired out of sequence packet ,68742,68827
84.9357,Received an expired out of sequence packet ,68743,68827
84.9368,Received an expired out of sequence packet ,68744,68827
84.9368,Received an expired out of sequence packet ,68745,68827
84.9368,Received an expired out of sequence packet ,68746,68827
84.9368,Received an expired out of sequence packet ,68747,68827
84.9368,Received an expired out of sequence packet ,68748,68827
84.9369,Received an expired out of sequence packet ,68749,68827
84.9369,Received an expired out of sequence packet ,68750,68827
84.9437,Received an expired out of sequence packet ,68751,68827
84.9437,Received an expired out of sequence packet ,68752,68827
84.9438,Received an expired out of sequence packet ,68753,68827
84.9438,Received an expired out of sequence packet ,68754,68827
84.9438,Received an expired out of sequence packet ,68755,68827
84.9438,Received an expired out of sequence packet ,68756,68827
84.9438,Received an expired out of sequence packet ,68757,68827
84.9438,Received an expired out of sequence packet ,68758,68827
84.9439,Received an expired out of sequence packet ,68759,68827
84.9439,Received an expired out of sequence packet ,68760,68827
84.9439,Received an expired out of sequence packet ,68761,68827
84.9439,Received an expired out of sequence packet ,68762,68827
84.9439,Received an expired out of sequence packet ,68763,68827
84.9439,Received an expired out of sequence packet ,68764,68827
84.944,Received an expired out of sequence packet ,68765,68827
84.944,Received an expired out of sequence packet ,68766,68827
84.9475,Received an expired out of sequence packet ,68767,68827
84.9475,Received an expired out of sequence packet ,68768,68827
84.9475,Received an expired out of sequence packet ,68769,68827
84.9506,Received an expired out of sequence packet ,68770,68827
84.9506,Received an expired out of sequence packet ,68771,68827
84.9506,Received an expired out of sequence packet ,68772,68827
84.9506,Received an expired out of sequence packet ,68773,68827
84.9507,Received an expired out of sequence packet ,68774,68827
84.9507,Received an expired out of sequence packet ,68775,68827
84.9507,Received an expired out of sequence packet ,68776,68827
84.9507,Received an expired out of sequence packet ,68777,68827
84.9547,Received an expired out of sequence packet ,68778,68827
84.9547,Received an expired out of sequence packet ,68779,68827
84.9547,Received an expired out of sequence packet ,68780,68827
84.9548,Received an expired out of sequence packet ,68781,68827
84.9548,Received an expired out of sequence packet ,68782,68827
84.9548,Received an expired out of sequence packet ,68783,68827
84.9548,Received an expired out of sequence packet ,68784,68827
84.9548,Received an expired out of sequence packet ,68785,68827
84.9548,Received an expired out of sequence packet ,68786,68827
84.9549,Received an expired out of sequence packet ,68787,68827
84.9549,Received an expired out of sequence packet ,68788,68827
84.9549,Received an expired out of sequence packet ,68789,68827
84.9549,Received an expired out of sequence packet ,68790,68827
84.9549,Received an expired out of sequence packet ,68791,68827
84.9549,Received an expired out of sequence packet ,68792,68827
84.9584,Received an expired out of sequence packet ,68793,68827
84.9584,Received an expired out of sequence packet ,68794,68827
84.9584,Received an expired out of sequence packet ,68795,68827
84.9584,Received an expired out of sequence packet ,68796,68827
84.9585,Received an expired out of sequence packet ,68797,68827
84.9585,Received an expired out of sequence packet ,68798,68827
84.9585,Received an expired out of sequence packet ,68799,68827
84.9659,Received an expired out of sequence packet ,68800,68827
84.9659,Received an expired out of sequence packet ,68801,68827
84.9659,Received an expired out of sequence packet ,68802,68827
84.966,Received an expired out of sequence packet ,68803,68827
84.966,Received an expired out of sequence packet ,68804,68827
84.966,Received an expired out of sequence packet ,68805,68827
84.966,Received an expired out of sequence packet ,68806,68827
84.966,Received an expired out of sequence packet ,68807,68827
84.966,Received an expired out of sequence packet ,68808,68827
84.9661,Received an expired out of sequence packet ,68809,68827
84.9661,Received an expired out of sequence packet ,68810,68827
84.9661,Received an expired out of sequence packet ,68811,68827
84.9661,Received an expired out of sequence packet ,68812,68827
84.9661,Received an expired out of sequence packet ,68813,68827
84.9661,Received an expired out of sequence packet ,68814,68827
84.9662,Received an expired out of sequence packet ,68815,68827
84.9662,Received an expired out of sequence packet ,68816,68827
84.9662,Received an expired out of sequence packet ,68817,68827
84.9662,Received an expired out of sequence packet ,68818,68827
84.9662,Received an expired out of sequence packet ,68819,68827
84.9662,Received an expired out of sequence packet ,68820,68827
84.9663,Received an expired out of sequence packet ,68821,68827
84.9791,Received an expired out of sequence packet ,68822,68827
84.9791,Received an expired out of sequence packet ,68823,68827
84.9791,Received an expired out of sequence packet ,68824,68827
84.9791,Received an expired out of sequence packet ,68825,68827
84.9791,Received an expired out of sequence packet ,68826,68827
104.514,Timeout
104.514,clearing sending list because of timeout
104.722,Received an expired out of sequence packet ,78862,78881
104.727,Received an expired out of sequence packet ,78863,78881
104.731,Received an expired out of sequence packet ,78864,78881
104.731,Received an expired out of sequence packet ,78865,78881
104.731,Received an expired out of sequence packet ,78866,78881
104.731,Received an expired out of sequence packet ,78867,78881
104.731,Received an expired out of sequence packet ,78868,78881
104.731,Received an expired out of sequence packet ,78869,78881
104.731,Received an expired out of sequence packet ,78870,78881
104.731,Received an expired out of sequence packet ,78871,78881
104.767,Received an expired out of sequence packet ,78872,78881
104.767,Received an expired out of sequence packet ,78873,78881
104.767,Received an expired out of sequence packet ,78874,78881
104.767,Received an expired out of sequence packet ,78875,78881
104.767,Received an expired out of sequence packet ,78876,78881
104.771,Received an expired out of sequence packet ,78877,78881
104.771,Received an expired out of sequence packet ,78878,78881
104.776,Received an expired out of sequence packet ,78879,78881
104.786,Received an expired out of sequence packet ,78880,78881
110.679,Timeout
110.679,clearing sending list because of timeout
110.697,Received an expired out of sequence packet ,81346,81407
110.697,Received an expired out of sequence packet ,81347,81407
110.704,Received an expired out of sequence packet ,81348,81407
110.709,Received an expired out of sequence packet ,81349,81407
110.709,Received an expired out of sequence packet ,81350,81407
110.709,Received an expired out of sequence packet ,81351,81407
110.709,Received an expired out of sequence packet ,81352,81407
110.709,Received an expired out of sequence packet ,81353,81407
110.709,Received an expired out of sequence packet ,81354,81407
110.709,Received an expired out of sequence packet ,81355,81407
110.709,Received an expired out of sequence packet ,81356,81407
110.71,Received an expired out of sequence packet ,81357,81407
110.71,Received an expired out of sequence packet ,81358,81407
110.711,Received an expired out of sequence packet ,81359,81407
110.711,Received an expired out of sequence packet ,81360,81407
110.711,Received an expired out of sequence packet ,81361,81407
110.711,Received an expired out of sequence packet ,81362,81407
110.711,Received an expired out of sequence packet ,81363,81407
110.714,Received an expired out of sequence packet ,81364,81407
110.714,Received an expired out of sequence packet ,81365,81407
110.714,Received an expired out of sequence packet ,81366,81407
110.716,Received an expired out of sequence packet ,81367,81407
110.716,Received an expired out of sequence packet ,81368,81407
110.716,Received an expired out of sequence packet ,81369,81407
110.716,Received an expired out of sequence packet ,81370,81407
110.721,Received an expired out of sequence packet ,81371,81407
110.721,Received an expired out of sequence packet ,81372,81407
110.721,Received an expired out of sequence packet ,81373,81407
110.721,Received an expired out of sequence packet ,81374,81407
110.721,Received an expired out of sequence packet ,81375,81407
110.721,Received an expired out of sequence packet ,81376,81407
110.721,Received an expired out of sequence packet ,81377,81407
110.723,Received an expired out of sequence packet ,81378,81407
110.723,Received an expired out of sequence packet ,81379,81407
110.723,Received an expired out of sequence packet ,81380,81407
110.723,Received an expired out of sequence packet ,81381,81407
110.723,Received an expired out of sequence packet ,81382,81407
110.723,Received an expired out of sequence packet ,81383,81407
110.723,Received an expired out of sequence packet ,81384,81407
110.727,Received an expired out of sequence packet ,81385,81407
110.727,Received an expired out of sequence packet ,81386,81407
110.727,Received an expired out of sequence packet ,81387,81407
110.728,Received an expired out of sequence packet ,81388,81407
110.728,Received an expired out of sequence packet ,81389,81407
110.728,Received an expired out of sequence packet ,81390,81407
110.729,Received an expired out of sequence packet ,81391,81407
110.729,Received an expired out of sequence packet ,81392,81407
110.729,Received an expired out of sequence packet ,81393,81407
110.73,Received an expired out of sequence packet ,81394,81407
110.73,Received an expired out of sequence packet ,81395,81407
110.732,Received an expired out of sequence packet ,81396,81407
110.733,Received an expired out of sequence packet ,81397,81407
110.733,Received an expired out of sequence packet ,81398,81407
110.733,Received an expired out of sequence packet ,81399,81407
110.733,Received an expired out of sequence packet ,81400,81407
110.733,Received an expired out of sequence packet ,81401,81407
110.733,Received an expired out of sequence packet ,81402,81407
110.733,Received an expired out of sequence packet ,81403,81407
110.733,Received an expired out of sequence packet ,81404,81407
110.733,Received an expired out of sequence packet ,81405,81407
110.734,Received an expired out of sequence packet ,81406,81407
119.393,Timeout
119.393,clearing sending list because of timeout
119.688,Received an expired out of sequence packet ,88350,88422
119.688,Received an expired out of sequence packet ,88351,88422
119.688,Received an expired out of sequence packet ,88352,88422
119.688,Received an expired out of sequence packet ,88353,88422
119.722,Received an expired out of sequence packet ,88354,88422
119.726,Received an expired out of sequence packet ,88355,88422
119.731,Received an expired out of sequence packet ,88356,88422
119.731,Received an expired out of sequence packet ,88357,88422
119.731,Received an expired out of sequence packet ,88358,88422
119.731,Received an expired out of sequence packet ,88359,88422
119.731,Received an expired out of sequence packet ,88360,88422
119.731,Received an expired out of sequence packet ,88361,88422
119.731,Received an expired out of sequence packet ,88362,88422
119.731,Received an expired out of sequence packet ,88363,88422
119.768,Received an expired out of sequence packet ,88364,88422
119.768,Received an expired out of sequence packet ,88365,88422
119.768,Received an expired out of sequence packet ,88366,88422
119.768,Received an expired out of sequence packet ,88367,88422
119.768,Received an expired out of sequence packet ,88368,88422
119.771,Received an expired out of sequence packet ,88369,88422
119.771,Received an expired out of sequence packet ,88370,88422
119.777,Received an expired out of sequence packet ,88371,88422
119.787,Received an expired out of sequence packet ,88372,88422
119.787,Received an expired out of sequence packet ,88373,88422
119.787,Received an expired out of sequence packet ,88374,88422
119.787,Received an expired out of sequence packet ,88375,88422
119.787,Received an expired out of sequence packet ,88376,88422
119.787,Received an expired out of sequence packet ,88377,88422
119.787,Received an expired out of sequence packet ,88378,88422
119.794,Received an expired out of sequence packet ,88379,88422
119.794,Received an expired out of sequence packet ,88380,88422
119.796,Received an expired out of sequence packet ,88381,88422
119.796,Received an expired out of sequence packet ,88382,88422
119.796,Received an expired out of sequence packet ,88383,88422
119.805,Received an expired out of sequence packet ,88384,88422
119.805,Received an expired out of sequence packet ,88385,88422
119.805,Received an expired out of sequence packet ,88386,88422
119.805,Received an expired out of sequence packet ,88387,88422
119.805,Received an expired out of sequence packet ,88388,88422
119.805,Received an expired out of sequence packet ,88389,88422
119.805,Received an expired out of sequence packet ,88390,88422
119.805,Received an expired out of sequence packet ,88391,88422
119.805,Received an expired out of sequence packet ,88392,88422
119.805,Received an expired out of sequence packet ,88393,88422
119.805,Received an expired out of sequence packet ,88394,88422
119.805,Received an expired out of sequence packet ,88395,88422
119.805,Received an expired out of sequence packet ,88396,88422
119.805,Received an expired out of sequence packet ,88397,88422
119.817,Received an expired out of sequence packet ,88398,88422
119.817,Received an expired out of sequence packet ,88399,88422
119.818,Received an expired out of sequence packet ,88400,88422
119.82,Received an expired out of sequence packet ,88401,88422
119.82,Received an expired out of sequence packet ,88402,88422
119.82,Received an expired out of sequence packet ,88403,88422
119.82,Received an expired out of sequence packet ,88404,88422
119.82,Received an expired out of sequence packet ,88405,88422
119.824,Received an expired out of sequence packet ,88406,88422
119.824,Received an expired out of sequence packet ,88407,88422
119.824,Received an expired out of sequence packet ,88408,88422
119.824,Received an expired out of sequence packet ,88409,88422
119.824,Received an expired out of sequence packet ,88410,88422
119.828,Received an expired out of sequence packet ,88411,88422
119.828,Received an expired out of sequence packet ,88412,88422
119.828,Received an expired out of sequence packet ,88413,88422
119.828,Received an expired out of sequence packet ,88414,88422
119.828,Received an expired out of sequence packet ,88415,88422
119.831,Received an expired out of sequence packet ,88416,88422
119.831,Received an expired out of sequence packet ,88417,88422
119.831,Received an expired out of sequence packet ,88418,88422
119.831,Received an expired out of sequence packet ,88419,88422
119.831,Received an expired out of sequence packet ,88420,88422
119.831,Received an expired out of sequence packet ,88421,88422
153.584,Timeout
153.584,clearing sending list because of timeout
153.595,Received an expired out of sequence packet ,103331,103537
153.63,Received an expired out of sequence packet ,103332,103537
153.632,Received an expired out of sequence packet ,103333,103537
153.705,Received an expired out of sequence packet ,103334,103537
153.705,Received an expired out of sequence packet ,103335,103537
153.705,Received an expired out of sequence packet ,103336,103537
153.705,Received an expired out of sequence packet ,103337,103537
153.705,Received an expired out of sequence packet ,103338,103537
153.705,Received an expired out of sequence packet ,103339,103537
153.705,Received an expired out of sequence packet ,103340,103537
153.705,Received an expired out of sequence packet ,103341,103537
153.705,Received an expired out of sequence packet ,103342,103537
153.705,Received an expired out of sequence packet ,103343,103537
153.705,Received an expired out of sequence packet ,103344,103537
153.705,Received an expired out of sequence packet ,103345,103537
153.709,Received an expired out of sequence packet ,103346,103537
153.737,Received an expired out of sequence packet ,103347,103537
153.737,Received an expired out of sequence packet ,103348,103537
153.737,Received an expired out of sequence packet ,103349,103537
153.737,Received an expired out of sequence packet ,103350,103537
153.737,Received an expired out of sequence packet ,103351,103537
153.737,Received an expired out of sequence packet ,103352,103537
153.737,Received an expired out of sequence packet ,103353,103537
153.737,Received an expired out of sequence packet ,103354,103537
153.737,Received an expired out of sequence packet ,103355,103537
153.738,Received an expired out of sequence packet ,103356,103537
153.738,Received an expired out of sequence packet ,103357,103537
153.738,Received an expired out of sequence packet ,103358,103537
153.738,Received an expired out of sequence packet ,103359,103537
153.752,Received an expired out of sequence packet ,103360,103537
153.752,Received an expired out of sequence packet ,103361,103537
153.752,Received an expired out of sequence packet ,103362,103537
153.752,Received an expired out of sequence packet ,103363,103537
153.752,Received an expired out of sequence packet ,103364,103537
153.752,Received an expired out of sequence packet ,103365,103537
153.752,Received an expired out of sequence packet ,103366,103537
153.752,Received an expired out of sequence packet ,103367,103537
153.752,Received an expired out of sequence packet ,103368,103537
153.752,Received an expired out of sequence packet ,103369,103537
153.761,Received an expired out of sequence packet ,103370,103537
153.761,Received an expired out of sequence packet ,103371,103537
153.761,Received an expired out of sequence packet ,103372,103537
153.761,Received an expired out of sequence packet ,103373,103537
153.769,Received an expired out of sequence packet ,103374,103537
153.769,Received an expired out of sequence packet ,103375,103537
153.772,Received an expired out of sequence packet ,103376,103537
153.772,Received an expired out of sequence packet ,103377,103537
153.772,Received an expired out of sequence packet ,103378,103537
153.772,Received an expired out of sequence packet ,103379,103537
153.772,Received an expired out of sequence packet ,103380,103537
153.772,Received an expired out of sequence packet ,103381,103537
153.772,Received an expired out of sequence packet ,103382,103537
153.772,Received an expired out of sequence packet ,103383,103537
153.814,Received an expired out of sequence packet ,103384,103537
153.814,Received an expired out of sequence packet ,103385,103537
153.814,Received an expired out of sequence packet ,103386,103537
153.814,Received an expired out of sequence packet ,103387,103537
153.814,Received an expired out of sequence packet ,103388,103537
153.814,Received an expired out of sequence packet ,103389,103537
153.901,Received an expired out of sequence packet ,103390,103537
153.901,Received an expired out of sequence packet ,103391,103537
153.901,Received an expired out of sequence packet ,103392,103537
153.901,Received an expired out of sequence packet ,103393,103537
153.905,Received an expired out of sequence packet ,103394,103537
153.905,Received an expired out of sequence packet ,103395,103537
153.905,Received an expired out of sequence packet ,103396,103537
153.905,Received an expired out of sequence packet ,103397,103537
153.907,Received an expired out of sequence packet ,103398,103537
153.907,Received an expired out of sequence packet ,103399,103537
153.907,Received an expired out of sequence packet ,103400,103537
153.907,Received an expired out of sequence packet ,103401,103537
153.907,Received an expired out of sequence packet ,103402,103537
153.907,Received an expired out of sequence packet ,103403,103537
153.907,Received an expired out of sequence packet ,103404,103537
153.907,Received an expired out of sequence packet ,103405,103537
153.907,Received an expired out of sequence packet ,103406,103537
153.908,Received an expired out of sequence packet ,103407,103537
153.908,Received an expired out of sequence packet ,103408,103537
153.908,Received an expired out of sequence packet ,103409,103537
153.908,Received an expired out of sequence packet ,103410,103537
153.908,Received an expired out of sequence packet ,103411,103537
153.908,Received an expired out of sequence packet ,103412,103537
153.908,Received an expired out of sequence packet ,103413,103537
153.908,Received an expired out of sequence packet ,103414,103537
153.91,Received an expired out of sequence packet ,103415,103537
153.91,Received an expired out of sequence packet ,103416,103537
153.91,Received an expired out of sequence packet ,103417,103537
153.91,Received an expired out of sequence packet ,103418,103537
153.91,Received an expired out of sequence packet ,103419,103537
153.91,Received an expired out of sequence packet ,103420,103537
153.91,Received an expired out of sequence packet ,103421,103537
153.91,Received an expired out of sequence packet ,103422,103537
153.91,Received an expired out of sequence packet ,103423,103537
153.91,Received an expired out of sequence packet ,103424,103537
153.91,Received an expired out of sequence packet ,103425,103537
153.912,Received an expired out of sequence packet ,103426,103537
153.912,Received an expired out of sequence packet ,103427,103537
153.912,Received an expired out of sequence packet ,103428,103537
153.912,Received an expired out of sequence packet ,103429,103537
153.912,Received an expired out of sequence packet ,103430,103537
153.912,Received an expired out of sequence packet ,103431,103537
153.912,Received an expired out of sequence packet ,103432,103537
153.912,Received an expired out of sequence packet ,103433,103537
153.917,Received an expired out of sequence packet ,103434,103537
153.917,Received an expired out of sequence packet ,103435,103537
153.917,Received an expired out of sequence packet ,103436,103537
153.917,Received an expired out of sequence packet ,103437,103537
153.917,Received an expired out of sequence packet ,103438,103537
153.917,Received an expired out of sequence packet ,103439,103537
153.917,Received an expired out of sequence packet ,103440,103537
153.917,Received an expired out of sequence packet ,103441,103537
153.917,Received an expired out of sequence packet ,103442,103537
153.917,Received an expired out of sequence packet ,103443,103537
153.917,Received an expired out of sequence packet ,103444,103537
153.917,Received an expired out of sequence packet ,103445,103537
153.917,Received an expired out of sequence packet ,103446,103537
153.917,Received an expired out of sequence packet ,103447,103537
153.917,Received an expired out of sequence packet ,103448,103537
153.917,Received an expired out of sequence packet ,103449,103537
153.917,Received an expired out of sequence packet ,103450,103537
153.917,Received an expired out of sequence packet ,103451,103537
153.917,Received an expired out of sequence packet ,103452,103537
153.917,Received an expired out of sequence packet ,103453,103537
153.917,Received an expired out of sequence packet ,103454,103537
153.917,Received an expired out of sequence packet ,103455,103537
153.917,Received an expired out of sequence packet ,103456,103537
153.917,Received an expired out of sequence packet ,103457,103537
153.95,Received an expired out of sequence packet ,103458,103537
153.951,Received an expired out of sequence packet ,103459,103537
153.951,Received an expired out of sequence packet ,103460,103537
153.951,Received an expired out of sequence packet ,103461,103537
153.951,Received an expired out of sequence packet ,103462,103537
153.951,Received an expired out of sequence packet ,103463,103537
153.951,Received an expired out of sequence packet ,103464,103537
153.951,Received an expired out of sequence packet ,103465,103537
153.951,Received an expired out of sequence packet ,103466,103537
153.959,Received an expired out of sequence packet ,103467,103537
153.959,Received an expired out of sequence packet ,103468,103537
153.959,Received an expired out of sequence packet ,103469,103537
153.959,Received an expired out of sequence packet ,103470,103537
153.963,Received an expired out of sequence packet ,103471,103537
153.963,Received an expired out of sequence packet ,103472,103537
153.963,Received an expired out of sequence packet ,103473,103537
153.963,Received an expired out of sequence packet ,103474,103537
153.984,Received an expired out of sequence packet ,103475,103537
153.984,Received an expired out of sequence packet ,103476,103537
153.994,Received an expired out of sequence packet ,103477,103537
153.994,Received an expired out of sequence packet ,103478,103537
153.994,Received an expired out of sequence packet ,103479,103537
153.994,Received an expired out of sequence packet ,103480,103537
153.994,Received an expired out of sequence packet ,103481,103537
153.996,Received an expired out of sequence packet ,103482,103537
153.996,Received an expired out of sequence packet ,103483,103537
153.997,Received an expired out of sequence packet ,103484,103537
153.997,Received an expired out of sequence packet ,103485,103537
153.997,Received an expired out of sequence packet ,103486,103537
153.997,Received an expired out of sequence packet ,103487,103537
154.018,Received an expired out of sequence packet ,103488,103537
154.018,Received an expired out of sequence packet ,103489,103537
154.018,Received an expired out of sequence packet ,103490,103537
154.018,Received an expired out of sequence packet ,103491,103537
154.018,Received an expired out of sequence packet ,103492,103537
154.018,Received an expired out of sequence packet ,103493,103537
154.018,Received an expired out of sequence packet ,103494,103537
154.018,Received an expired out of sequence packet ,103495,103537
154.018,Received an expired out of sequence packet ,103496,103537
154.018,Received an expired out of sequence packet ,103497,103537
154.018,Received an expired out of sequence packet ,103498,103537
154.018,Received an expired out of sequence packet ,103499,103537
154.018,Received an expired out of sequence packet ,103500,103537
154.018,Received an expired out of sequence packet ,103501,103537
154.018,Received an expired out of sequence packet ,103502,103537
154.018,Received an expired out of sequence packet ,103503,103537
154.018,Received an expired out of sequence packet ,103504,103537
154.018,Received an expired out of sequence packet ,103505,103537
154.018,Received an expired out of sequence packet ,103506,103537
154.018,Received an expired out of sequence packet ,103507,103537
154.027,Received an expired out of sequence packet ,103508,103537
154.027,Received an expired out of sequence packet ,103509,103537
154.027,Received an expired out of sequence packet ,103510,103537
154.027,Received an expired out of sequence packet ,103511,103537
154.03,Received an expired out of sequence packet ,103512,103537
154.03,Received an expired out of sequence packet ,103513,103537
154.081,Received an expired out of sequence packet ,103514,103537
154.081,Received an expired out of sequence packet ,103515,103537
154.081,Received an expired out of sequence packet ,103516,103537
154.081,Received an expired out of sequence packet ,103517,103537
154.144,Received an expired out of sequence packet ,103518,103537
154.144,Received an expired out of sequence packet ,103519,103537
154.153,Received an expired out of sequence packet ,103520,103537
154.157,Received an expired out of sequence packet ,103521,103537
154.157,Received an expired out of sequence packet ,103522,103537
154.157,Received an expired out of sequence packet ,103523,103537
154.157,Received an expired out of sequence packet ,103524,103537
154.157,Received an expired out of sequence packet ,103525,103537
154.157,Received an expired out of sequence packet ,103526,103537
154.161,Received an expired out of sequence packet ,103527,103537
154.161,Received an expired out of sequence packet ,103528,103537
154.161,Received an expired out of sequence packet ,103529,103537
154.161,Received an expired out of sequence packet ,103530,103537
154.161,Received an expired out of sequence packet ,103531,103537
154.161,Received an expired out of sequence packet ,103532,103537
154.161,Received an expired out of sequence packet ,103533,103537
154.161,Received an expired out of sequence packet ,103534,103537
154.161,Received an expired out of sequence packet ,103535,103537
154.161,Received an expired out of sequence packet ,103536,103537
178.574,Timeout
178.574,clearing sending list because of timeout
178.583,Received an expired out of sequence packet ,119071,119245
179.583,Timeout
179.583,clearing sending list because of timeout
179.597,Received an expired out of sequence packet ,119072,119251
179.975,Received an expired out of sequence packet ,119073,119251
179.979,Received an expired out of sequence packet ,119074,119251
179.979,Received an expired out of sequence packet ,119075,119251
179.981,Received an expired out of sequence packet ,119076,119251
179.999,Received an expired out of sequence packet ,119077,119251
179.999,Received an expired out of sequence packet ,119078,119251
179.999,Received an expired out of sequence packet ,119079,119251
179.999,Received an expired out of sequence packet ,119080,119251
180.006,Received an expired out of sequence packet ,119081,119251
180.006,Received an expired out of sequence packet ,119082,119251
180.006,Received an expired out of sequence packet ,119083,119251
180.006,Received an expired out of sequence packet ,119084,119251
180.006,Received an expired out of sequence packet ,119085,119251
180.006,Received an expired out of sequence packet ,119086,119251
180.008,Received an expired out of sequence packet ,119087,119251
180.008,Received an expired out of sequence packet ,119088,119251
180.008,Received an expired out of sequence packet ,119089,119251
180.008,Received an expired out of sequence packet ,119090,119251
180.01,Received an expired out of sequence packet ,119091,119251
180.01,Received an expired out of sequence packet ,119092,119251
180.01,Received an expired out of sequence packet ,119093,119251
180.014,Received an expired out of sequence packet ,119094,119251
180.014,Received an expired out of sequence packet ,119095,119251
180.015,Received an expired out of sequence packet ,119096,119251
180.015,Received an expired out of sequence packet ,119097,119251
180.015,Received an expired out of sequence packet ,119098,119251
180.016,Received an expired out of sequence packet ,119099,119251
180.016,Received an expired out of sequence packet ,119100,119251
180.016,Received an expired out of sequence packet ,119101,119251
180.021,Received an expired out of sequence packet ,119102,119251
180.021,Received an expired out of sequence packet ,119103,119251
180.021,Received an expired out of sequence packet ,119104,119251
180.037,Received an expired out of sequence packet ,119105,119251
180.037,Received an expired out of sequence packet ,119106,119251
180.037,Received an expired out of sequence packet ,119107,119251
180.037,Received an expired out of sequence packet ,119108,119251
180.039,Received an expired out of sequence packet ,119109,119251
180.045,Received an expired out of sequence packet ,119110,119251
180.045,Received an expired out of sequence packet ,119111,119251
180.045,Received an expired out of sequence packet ,119112,119251
180.045,Received an expired out of sequence packet ,119113,119251
180.045,Received an expired out of sequence packet ,119114,119251
180.045,Received an expired out of sequence packet ,119115,119251
180.048,Received an expired out of sequence packet ,119116,119251
180.048,Received an expired out of sequence packet ,119117,119251
180.048,Received an expired out of sequence packet ,119118,119251
180.048,Received an expired out of sequence packet ,119119,119251
180.048,Received an expired out of sequence packet ,119120,119251
180.048,Received an expired out of sequence packet ,119121,119251
180.048,Received an expired out of sequence packet ,119122,119251
180.048,Received an expired out of sequence packet ,119123,119251
180.051,Received an expired out of sequence packet ,119124,119251
180.051,Received an expired out of sequence packet ,119125,119251
180.051,Received an expired out of sequence packet ,119126,119251
180.055,Received an expired out of sequence packet ,119127,119251
180.055,Received an expired out of sequence packet ,119128,119251
180.055,Received an expired out of sequence packet ,119129,119251
180.057,Received an expired out of sequence packet ,119130,119251
180.057,Received an expired out of sequence packet ,119131,119251
180.057,Received an expired out of sequence packet ,119132,119251
180.057,Received an expired out of sequence packet ,119133,119251
180.059,Received an expired out of sequence packet ,119134,119251
180.064,Received an expired out of sequence packet ,119135,119251
180.064,Received an expired out of sequence packet ,119136,119251
180.067,Received an expired out of sequence packet ,119137,119251
180.067,Received an expired out of sequence packet ,119138,119251
180.067,Received an expired out of sequence packet ,119139,119251
180.07,Received an expired out of sequence packet ,119140,119251
180.07,Received an expired out of sequence packet ,119141,119251
180.07,Received an expired out of sequence packet ,119142,119251
180.074,Received an expired out of sequence packet ,119143,119251
180.074,Received an expired out of sequence packet ,119144,119251
180.078,Received an expired out of sequence packet ,119145,119251
180.078,Received an expired out of sequence packet ,119146,119251
180.078,Received an expired out of sequence packet ,119147,119251
180.081,Received an expired out of sequence packet ,119148,119251
180.081,Received an expired out of sequence packet ,119149,119251
180.081,Received an expired out of sequence packet ,119150,119251
180.084,Received an expired out of sequence packet ,119151,119251
180.084,Received an expired out of sequence packet ,119152,119251
180.084,Received an expired out of sequence packet ,119153,119251
180.087,Received an expired out of sequence packet ,119154,119251
180.09,Received an expired out of sequence packet ,119155,119251
180.09,Received an expired out of sequence packet ,119156,119251
180.09,Received an expired out of sequence packet ,119157,119251
180.09,Received an expired out of sequence packet ,119158,119251
180.09,Received an expired out of sequence packet ,119159,119251
180.095,Received an expired out of sequence packet ,119160,119251
180.098,Received an expired out of sequence packet ,119161,119251
180.098,Received an expired out of sequence packet ,119162,119251
180.098,Received an expired out of sequence packet ,119163,119251
180.101,Received an expired out of sequence packet ,119164,119251
180.101,Received an expired out of sequence packet ,119165,119251
180.101,Received an expired out of sequence packet ,119166,119251
180.103,Received an expired out of sequence packet ,119167,119251
180.103,Received an expired out of sequence packet ,119168,119251
180.103,Received an expired out of sequence packet ,119169,119251
180.108,Received an expired out of sequence packet ,119170,119251
180.112,Received an expired out of sequence packet ,119171,119251
180.112,Received an expired out of sequence packet ,119172,119251
180.112,Received an expired out of sequence packet ,119173,119251
180.112,Received an expired out of sequence packet ,119174,119251
180.112,Received an expired out of sequence packet ,119175,119251
180.115,Received an expired out of sequence packet ,119176,119251
180.115,Received an expired out of sequence packet ,119177,119251
180.117,Received an expired out of sequence packet ,119178,119251
180.12,Received an expired out of sequence packet ,119179,119251
180.123,Received an expired out of sequence packet ,119180,119251
180.123,Received an expired out of sequence packet ,119181,119251
180.125,Received an expired out of sequence packet ,119182,119251
180.128,Received an expired out of sequence packet ,119183,119251
180.128,Received an expired out of sequence packet ,119184,119251
180.128,Received an expired out of sequence packet ,119185,119251
180.128,Received an expired out of sequence packet ,119186,119251
180.13,Received an expired out of sequence packet ,119187,119251
180.135,Received an expired out of sequence packet ,119188,119251
180.135,Received an expired out of sequence packet ,119189,119251
180.138,Received an expired out of sequence packet ,119190,119251
180.138,Received an expired out of sequence packet ,119191,119251
180.138,Received an expired out of sequence packet ,119192,119251
180.138,Received an expired out of sequence packet ,119193,119251
180.141,Received an expired out of sequence packet ,119194,119251
180.141,Received an expired out of sequence packet ,119195,119251
180.141,Received an expired out of sequence packet ,119196,119251
180.144,Received an expired out of sequence packet ,119197,119251
180.144,Received an expired out of sequence packet ,119198,119251
180.144,Received an expired out of sequence packet ,119199,119251
180.144,Received an expired out of sequence packet ,119200,119251
180.146,Received an expired out of sequence packet ,119201,119251
180.148,Received an expired out of sequence packet ,119202,119251
180.148,Received an expired out of sequence packet ,119203,119251
180.151,Received an expired out of sequence packet ,119204,119251
180.153,Received an expired out of sequence packet ,119205,119251
180.153,Received an expired out of sequence packet ,119206,119251
180.169,Received an expired out of sequence packet ,119207,119251
180.169,Received an expired out of sequence packet ,119208,119251
180.169,Received an expired out of sequence packet ,119209,119251
180.171,Received an expired out of sequence packet ,119210,119251
180.171,Received an expired out of sequence packet ,119211,119251
180.176,Received an expired out of sequence packet ,119212,119251
180.176,Received an expired out of sequence packet ,119213,119251
180.176,Received an expired out of sequence packet ,119214,119251
180.191,Received an expired out of sequence packet ,119215,119251
180.191,Received an expired out of sequence packet ,119216,119251
180.191,Received an expired out of sequence packet ,119217,119251
180.191,Received an expired out of sequence packet ,119218,119251
180.191,Received an expired out of sequence packet ,119219,119251
180.191,Received an expired out of sequence packet ,119220,119251
180.191,Received an expired out of sequence packet ,119221,119251
180.191,Received an expired out of sequence packet ,119222,119251
180.193,Received an expired out of sequence packet ,119223,119251
180.193,Received an expired out of sequence packet ,119224,119251
180.193,Received an expired out of sequence packet ,119225,119251
180.193,Received an expired out of sequence packet ,119226,119251
180.205,Received an expired out of sequence packet ,119227,119251
180.205,Received an expired out of sequence packet ,119228,119251
180.205,Received an expired out of sequence packet ,119229,119251
180.205,Received an expired out of sequence packet ,119230,119251
180.205,Received an expired out of sequence packet ,119231,119251
180.205,Received an expired out of sequence packet ,119232,119251
180.205,Received an expired out of sequence packet ,119233,119251
180.206,Received an expired out of sequence packet ,119234,119251
180.209,Received an expired out of sequence packet ,119235,119251
180.209,Received an expired out of sequence packet ,119236,119251
180.211,Received an expired out of sequence packet ,119237,119251
180.211,Received an expired out of sequence packet ,119238,119251
180.214,Received an expired out of sequence packet ,119239,119251
180.214,Received an expired out of sequence packet ,119240,119251
180.214,Received an expired out of sequence packet ,119241,119251
180.214,Received an expired out of sequence packet ,119242,119251
180.214,Received an expired out of sequence packet ,119243,119251
180.217,Received an expired out of sequence packet ,119244,119251
180.217,Received an expired out of sequence packet ,119245,119251
180.217,Received an expired out of sequence packet ,119246,119251
180.231