1.15212,Exit slow start,exceeding SS_EXIT_THRESHOLD
12.9172,Timeout
12.9172,clearing sending list because of timeout
12.9183,Received an expired out of sequence packet ,5645,5766
13.9183,Timeout
13.9184,clearing sending list because of timeout
13.9296,Received an expired out of sequence packet ,5646,5771
13.9296,Received an expired out of sequence packet ,5647,5771
14.9172,Received an expired out of sequence packet ,5648,5771
14.9791,Received an expired out of sequence packet ,5649,5771
14.9832,Received an expired out of sequence packet ,5650,5771
14.9864,Received an expired out of sequence packet ,5651,5771
14.9906,Received an expired out of sequence packet ,5652,5771
14.9949,Received an expired out of sequence packet ,5653,5771
14.997,Received an expired out of sequence packet ,5654,5771
15.0002,Received an expired out of sequence packet ,5655,5771
15.0053,Received an expired out of sequence packet ,5656,5771
15.0084,Received an expired out of sequence packet ,5657,5771
15.0116,Received an expired out of sequence packet ,5658,5771
15.014,Received an expired out of sequence packet ,5659,5771
15.0335,Received an expired out of sequence packet ,5660,5771
15.0335,Received an expired out of sequence packet ,5661,5771
15.0356,Received an expired out of sequence packet ,5662,5771
15.0356,Received an expired out of sequence packet ,5663,5771
15.0397,Received an expired out of sequence packet ,5664,5771
15.0595,Received an expired out of sequence packet ,5665,5771
15.0616,Received an expired out of sequence packet ,5666,5771
15.0616,Received an expired out of sequence packet ,5667,5771
15.0647,Received an expired out of sequence packet ,5668,5771
15.0709,Received an expired out of sequence packet ,5669,5771
15.072,Received an expired out of sequence packet ,5670,5771
15.0758,Received an expired out of sequence packet ,5671,5771
15.0809,Received an expired out of sequence packet ,5672,5771
15.0942,Received an expired out of sequence packet ,5673,5771
15.1105,Received an expired out of sequence packet ,5674,5771
15.1106,Received an expired out of sequence packet ,5675,5771
15.1106,Received an expired out of sequence packet ,5676,5771
15.1127,Received an expired out of sequence packet ,5677,5771
15.1159,Received an expired out of sequence packet ,5678,5771
15.1218,Received an expired out of sequence packet ,5679,5771
15.1239,Received an expired out of sequence packet ,5680,5771
15.1322,Received an expired out of sequence packet ,5681,5771
15.1417,Received an expired out of sequence packet ,5682,5771
15.1459,Received an expired out of sequence packet ,5683,5771
15.15,Received an expired out of sequence packet ,5684,5771
15.1521,Received an expired out of sequence packet ,5685,5771
15.1557,Received an expired out of sequence packet ,5686,5771
15.16,Received an expired out of sequence packet ,5687,5771
15.1764,Received an expired out of sequence packet ,5688,5771
15.1786,Received an expired out of sequence packet ,5689,5771
15.1817,Received an expired out of sequence packet ,5690,5771
15.1877,Received an expired out of sequence packet ,5691,5771
15.1916,Received an expired out of sequence packet ,5692,5771
15.1967,Received an expired out of sequence packet ,5693,5771
15.2124,Received an expired out of sequence packet ,5694,5771
15.2206,Received an expired out of sequence packet ,5695,5771
15.2206,Received an expired out of sequence packet ,5696,5771
15.2217,Received an expired out of sequence packet ,5697,5771
15.2268,Received an expired out of sequence packet ,5698,5771
15.2299,Received an expired out of sequence packet ,5699,5771
15.2349,Received an expired out of sequence packet ,5700,5771
15.2411,Received an expired out of sequence packet ,5701,5771
15.2522,Received an expired out of sequence packet ,5702,5771
15.2522,Received an expired out of sequence packet ,5703,5771
15.2564,Received an expired out of sequence packet ,5704,5771
15.2564,Received an expired out of sequence packet ,5705,5771
15.2718,Received an expired out of sequence packet ,5706,5771
15.2729,Received an expired out of sequence packet ,5707,5771
15.2729,Received an expired out of sequence packet ,5708,5771
15.273,Received an expired out of sequence packet ,5709,5771
15.2809,Received an expired out of sequence packet ,5710,5771
15.2821,Received an expired out of sequence packet ,5711,5771
15.2821,Received an expired out of sequence packet ,5712,5771
15.2862,Received an expired out of sequence packet ,5713,5771
15.3003,Received an expired out of sequence packet ,5714,5771
15.3003,Received an expired out of sequence packet ,5715,5771
15.3015,Received an expired out of sequence packet ,5716,5771
15.3015,Received an expired out of sequence packet ,5717,5771
15.3146,Received an expired out of sequence packet ,5718,5771
15.3198,Received an expired out of sequence packet ,5719,5771
15.3231,Received an expired out of sequence packet ,5720,5771
15.3367,Received an expired out of sequence packet ,5721,5771
15.3398,Received an expired out of sequence packet ,5722,5771
15.3409,Received an expired out of sequence packet ,5723,5771
15.345,Received an expired out of sequence packet ,5724,5771
15.3512,Received an expired out of sequence packet ,5725,5771
15.3533,Received an expired out of sequence packet ,5726,5771
15.3565,Received an expired out of sequence packet ,5727,5771
15.3595,Received an expired out of sequence packet ,5728,5771
15.3638,Received an expired out of sequence packet ,5729,5771
15.3679,Received an expired out of sequence packet ,5730,5771
15.371,Received an expired out of sequence packet ,5731,5771
15.374,Received an expired out of sequence packet ,5732,5771
15.3801,Received an expired out of sequence packet ,5733,5771
15.3822,Received an expired out of sequence packet ,5734,5771
15.3863,Received an expired out of sequence packet ,5735,5771
15.3936,Received an expired out of sequence packet ,5736,5771
15.404,Received an expired out of sequence packet ,5737,5771
15.4062,Received an expired out of sequence packet ,5738,5771
15.4063,Received an expired out of sequence packet ,5739,5771
15.4102,Received an expired out of sequence packet ,5740,5771
15.4103,Received an expired out of sequence packet ,5741,5771
15.4135,Received an expired out of sequence packet ,5742,5771
15.4187,Received an expired out of sequence packet ,5743,5771
15.4218,Received an expired out of sequence packet ,5744,5771
15.4238,Received an expired out of sequence packet ,5745,5771
15.43,Received an expired out of sequence packet ,5746,5771
15.432,Received an expired out of sequence packet ,5747,5771
15.4363,Received an expired out of sequence packet ,5748,5771
15.4405,Received an expired out of sequence packet ,5749,5771
15.4436,Received an expired out of sequence packet ,5750,5771
15.4518,Received an expired out of sequence packet ,5751,5771
15.4538,Received an expired out of sequence packet ,5752,5771
15.4538,Received an expired out of sequence packet ,5753,5771
15.4579,Received an expired out of sequence packet ,5754,5771
15.463,Received an expired out of sequence packet ,5755,5771
15.4701,Received an expired out of sequence packet ,5756,5771
15.4741,Received an expired out of sequence packet ,5757,5771
15.4915,Received an expired out of sequence packet ,5758,5771
15.4956,Received an expired out of sequence packet ,5759,5771
15.4956,Received an expired out of sequence packet ,5760,5771
15.5049,Received an expired out of sequence packet ,5761,5771
15.51,Received an expired out of sequence packet ,5762,5771
15.5131,Received an expired out of sequence packet ,5763,5771
15.5161,Received an expired out of sequence packet ,5764,5771
15.5214,Received an expired out of sequence packet ,5765,5771
15.5225,Received an expired out of sequence packet ,5766,5771
15.5266,Received an expired out of sequence packet ,5767,5771
15.5344,Received an expired out of sequence packet ,5768,5771
15.5355,Received an expired out of sequence packet ,5769,5771
15.5375,Received an expired out of sequence packet ,5770,5771
17.7644,Timeout
17.7644,clearing sending list because of timeout
17.8069,Received an expired out of sequence packet ,6169,6196
17.8069,Received an expired out of sequence packet ,6170,6196
17.807,Received an expired out of sequence packet ,6171,6196
17.807,Received an expired out of sequence packet ,6172,6196
17.807,Received an expired out of sequence packet ,6173,6196
17.8071,Received an expired out of sequence packet ,6174,6196
17.8071,Received an expired out of sequence packet ,6175,6196
17.8081,Received an expired out of sequence packet ,6176,6196
17.8081,Received an expired out of sequence packet ,6177,6196
17.8081,Received an expired out of sequence packet ,6178,6196
17.8081,Received an expired out of sequence packet ,6179,6196
17.8082,Received an expired out of sequence packet ,6180,6196
17.8082,Received an expired out of sequence packet ,6181,6196
17.8082,Received an expired out of sequence packet ,6182,6196
17.8092,Received an expired out of sequence packet ,6183,6196
17.8093,Received an expired out of sequence packet ,6184,6196
17.8093,Received an expired out of sequence packet ,6185,6196
17.8114,Received an expired out of sequence packet ,6186,6196
17.8114,Received an expired out of sequence packet ,6187,6196
17.8125,Received an expired out of sequence packet ,6188,6196
17.8125,Received an expired out of sequence packet ,6189,6196
17.8126,Received an expired out of sequence packet ,6190,6196
17.8126,Received an expired out of sequence packet ,6191,6196
17.8126,Received an expired out of sequence packet ,6192,6196
17.8126,Received an expired out of sequence packet ,6193,6196
17.8126,Received an expired out of sequence packet ,6194,6196
17.8127,Received an expired out of sequence packet ,6195,6196
45.2118,Timeout
45.2118,clearing sending list because of timeout
45.4359,Timeout
45.4359,clearing sending list because of timeout
45.66,Timeout
45.66,clearing sending list because of timeout
45.7475,Received an expired out of sequence packet ,17664,17706
45.7475,Received an expired out of sequence packet ,17665,17706
45.7475,Received an expired out of sequence packet ,17666,17706
45.7475,Received an expired out of sequence packet ,17667,17706
45.7476,Received an expired out of sequence packet ,17668,17706
45.7476,Received an expired out of sequence packet ,17669,17706
45.7476,Received an expired out of sequence packet ,17670,17706
45.7476,Received an expired out of sequence packet ,17671,17706
45.7476,Received an expired out of sequence packet ,17672,17706
45.7486,Received an expired out of sequence packet ,17673,17706
45.7486,Received an expired out of sequence packet ,17674,17706
45.7486,Received an expired out of sequence packet ,17675,17706
45.7486,Received an expired out of sequence packet ,17676,17706
45.7487,Received an expired out of sequence packet ,17677,17706
45.7487,Received an expired out of sequence packet ,17678,17706
45.7487,Received an expired out of sequence packet ,17679,17706
45.7487,Received an expired out of sequence packet ,17680,17706
45.7488,Received an expired out of sequence packet ,17681,17706
45.7488,Received an expired out of sequence packet ,17682,17706
45.7488,Received an expired out of sequence packet ,17683,17706
45.7842,Received an expired out of sequence packet ,17684,17706
45.7843,Received an expired out of sequence packet ,17685,17706
45.7843,Received an expired out of sequence packet ,17686,17706
45.7933,Received an expired out of sequence packet ,17687,17706
45.7933,Received an expired out of sequence packet ,17688,17706
45.7954,Received an expired out of sequence packet ,17689,17706
45.7954,Received an expired out of sequence packet ,17690,17706
45.7954,Received an expired out of sequence packet ,17691,17706
45.7954,Received an expired out of sequence packet ,17692,17706
45.7955,Received an expired out of sequence packet ,17693,17706
45.7985,Received an expired out of sequence packet ,17694,17706
45.7985,Received an expired out of sequence packet ,17695,17706
45.7985,Received an expired out of sequence packet ,17696,17706
45.7985,Received an expired out of sequence packet ,17697,17706
45.7986,Received an expired out of sequence packet ,17698,17706
45.7986,Received an expired out of sequence packet ,17699,17706
45.7986,Received an expired out of sequence packet ,17700,17706
45.7986,Received an expired out of sequence packet ,17701,17706
45.7986,Received an expired out of sequence packet ,17702,17706
45.7986,Received an expired out of sequence packet ,17703,17706
45.7987,Received an expired out of sequence packet ,17704,17706
45.7987,Received an expired out of sequence packet ,17705,17706
91.2476,Restart,can't map delay on delay curve
93.2018,Exit slow start,exceeding SS_EXIT_THRESHOLD
103.368,Timeout
103.368,clearing sending list because of timeout
103.379,Received an expired out of sequence packet ,10878,11149
104.368,Received an expired out of sequence packet ,10879,11149
104.979,Received an expired out of sequence packet ,10880,11149
104.98,Received an expired out of sequence packet ,10881,11149
104.98,Received an expired out of sequence packet ,10882,11149
104.98,Received an expired out of sequence packet ,10883,11149
104.981,Received an expired out of sequence packet ,10884,11149
104.981,Received an expired out of sequence packet ,10885,11149
104.981,Received an expired out of sequence packet ,10886,11149
104.981,Received an expired out of sequence packet ,10887,11149
104.981,Received an expired out of sequence packet ,10888,11149
104.983,Received an expired out of sequence packet ,10889,11149
104.983,Received an expired out of sequence packet ,10890,11149
104.986,Received an expired out of sequence packet ,10891,11149
104.986,Received an expired out of sequence packet ,10892,11149
104.988,Received an expired out of sequence packet ,10893,11149
104.988,Received an expired out of sequence packet ,10894,11149
104.99,Received an expired out of sequence packet ,10895,11149
104.991,Received an expired out of sequence packet ,10896,11149
104.994,Received an expired out of sequence packet ,10897,11149
104.996,Received an expired out of sequence packet ,10898,11149
104.996,Received an expired out of sequence packet ,10899,11149
104.998,Received an expired out of sequence packet ,10900,11149
104.999,Received an expired out of sequence packet ,10901,11149
105.001,Received an expired out of sequence packet ,10902,11149
105.001,Received an expired out of sequence packet ,10903,11149
105.004,Received an expired out of sequence packet ,10904,11149
105.018,Received an expired out of sequence packet ,10905,11149
105.019,Received an expired out of sequence packet ,10906,11149
105.021,Received an expired out of sequence packet ,10907,11149
105.024,Received an expired out of sequence packet ,10908,11149
105.024,Received an expired out of sequence packet ,10909,11149
105.024,Received an expired out of sequence packet ,10910,11149
105.024,Received an expired out of sequence packet ,10911,11149
105.024,Received an expired out of sequence packet ,10912,11149
105.024,Received an expired out of sequence packet ,10913,11149
105.024,Received an expired out of sequence packet ,10914,11149
105.025,Received an expired out of sequence packet ,10915,11149
105.025,Received an expired out of sequence packet ,10916,11149
105.028,Received an expired out of sequence packet ,10917,11149
105.031,Received an expired out of sequence packet ,10918,11149
105.033,Received an expired out of sequence packet ,10919,11149
105.033,Received an expired out of sequence packet ,10920,11149
105.034,Received an expired out of sequence packet ,10921,11149
105.036,Received an expired out of sequence packet ,10922,11149
105.036,Received an expired out of sequence packet ,10923,11149
105.036,Received an expired out of sequence packet ,10924,11149
105.04,Received an expired out of sequence packet ,10925,11149
105.041,Received an expired out of sequence packet ,10926,11149
105.041,Received an expired out of sequence packet ,10927,11149
105.044,Received an expired out of sequence packet ,10928,11149
105.047,Received an expired out of sequence packet ,10929,11149
105.051,Received an expired out of sequence packet ,10930,11149
105.051,Received an expired out of sequence packet ,10931,11149
105.051,Received an expired out of sequence packet ,10932,11149
105.051,Received an expired out of sequence packet ,10933,11149
105.052,Received an expired out of sequence packet ,10934,11149
105.052,Received an expired out of sequence packet ,10935,11149
105.055,Received an expired out of sequence packet ,10936,11149
105.055,Received an expired out of sequence packet ,10937,11149
105.056,Received an expired out of sequence packet ,10938,11149
105.06,Received an expired out of sequence packet ,10939,11149
105.06,Received an expired out of sequence packet ,10940,11149
105.063,Received an expired out of sequence packet ,10941,11149
105.063,Received an expired out of sequence packet ,10942,11149
105.063,Received an expired out of sequence packet ,10943,11149
105.065,Received an expired out of sequence packet ,10944,11149
105.067,Received an expired out of sequence packet ,10945,11149
105.067,Received an expired out of sequence packet ,10946,11149
105.071,Received an expired out of sequence packet ,10947,11149
105.073,Received an expired out of sequence packet ,10948,11149
105.073,Received an expired out of sequence packet ,10949,11149
105.074,Received an expired out of sequence packet ,10950,11149
105.075,Received an expired out of sequence packet ,10951,11149
105.078,Received an expired out of sequence packet ,10952,11149
105.078,Received an expired out of sequence packet ,10953,11149
105.081,Received an expired out of sequence packet ,10954,11149
105.081,Received an expired out of sequence packet ,10955,11149
105.083,Received an expired out of sequence packet ,10956,11149
105.084,Received an expired out of sequence packet ,10957,11149
105.087,Received an expired out of sequence packet ,10958,11149
105.089,Received an expired out of sequence packet ,10959,11149
105.089,Received an expired out of sequence packet ,10960,11149
105.093,Received an expired out of sequence packet ,10961,11149
105.095,Received an expired out of sequence packet ,10962,11149
105.095,Received an expired out of sequence packet ,10963,11149
105.095,Received an expired out of sequence packet ,10964,11149
105.095,Received an expired out of sequence packet ,10965,11149
105.099,Received an expired out of sequence packet ,10966,11149
105.1,Received an expired out of sequence packet ,10967,11149
105.104,Received an expired out of sequence packet ,10968,11149
105.104,Received an expired out of sequence packet ,10969,11149
105.104,Received an expired out of sequence packet ,10970,11149
105.105,Received an expired out of sequence packet ,10971,11149
105.12,Received an expired out of sequence packet ,10972,11149
105.12,Received an expired out of sequence packet ,10973,11149
105.12,Received an expired out of sequence packet ,10974,11149
105.128,Received an expired out of sequence packet ,10975,11149
105.128,Received an expired out of sequence packet ,10976,11149
105.128,Received an expired out of sequence packet ,10977,11149
105.128,Received an expired out of sequence packet ,10978,11149
105.128,Received an expired out of sequence packet ,10979,11149
105.129,Received an expired out of sequence packet ,10980,11149
105.129,Received an expired out of sequence packet ,10981,11149
105.134,Received an expired out of sequence packet ,10982,11149
105.134,Received an expired out of sequence packet ,10983,11149
105.134,Received an expired out of sequence packet ,10984,11149
105.134,Received an expired out of sequence packet ,10985,11149
105.136,Received an expired out of sequence packet ,10986,11149
105.136,Received an expired out of sequence packet ,10987,11149
105.136,Received an expired out of sequence packet ,10988,11149
105.136,Received an expired out of sequence packet ,10989,11149
105.136,Received an expired out of sequence packet ,10990,11149
105.138,Received an expired out of sequence packet ,10991,11149
105.138,Received an expired out of sequence packet ,10992,11149
105.142,Received an expired out of sequence packet ,10993,11149
105.142,Received an expired out of sequence packet ,10994,11149
105.143,Received an expired out of sequence packet ,10995,11149
105.145,Received an expired out of sequence packet ,10996,11149
105.145,Received an expired out of sequence packet ,10997,11149
105.147,Received an expired out of sequence packet ,10998,11149
105.15,Received an expired out of sequence packet ,10999,11149
105.15,Received an expired out of sequence packet ,11000,11149
105.164,Received an expired out of sequence packet ,11001,11149
105.164,Received an expired out of sequence packet ,11002,11149
105.166,Received an expired out of sequence packet ,11003,11149
105.166,Received an expired out of sequence packet ,11004,11149
105.166,Received an expired out of sequence packet ,11005,11149
105.168,Received an expired out of sequence packet ,11006,11149
105.173,Received an expired out of sequence packet ,11007,11149
105.174,Received an expired out of sequence packet ,11008,11149
105.174,Received an expired out of sequence packet ,11009,11149
105.174,Received an expired out of sequence packet ,11010,11149
105.177,Received an expired out of sequence packet ,11011,11149
105.177,Received an expired out of sequence packet ,11012,11149
105.18,Received an expired out of sequence packet ,11013,11149
105.181,Received an expired out of sequence packet ,11014,11149
105.181,Received an expired out of sequence packet ,11015,11149
105.181,Received an expired out of sequence packet ,11016,11149
105.184,Received an expired out of sequence packet ,11017,11149
105.185,Received an expired out of sequence packet ,11018,11149
105.188,Received an expired out of sequence packet ,11019,11149
105.191,Received an expired out of sequence packet ,11020,11149
105.194,Received an expired out of sequence packet ,11021,11149
105.194,Received an expired out of sequence packet ,11022,11149
105.196,Received an expired out of sequence packet ,11023,11149
105.196,Received an expired out of sequence packet ,11024,11149
105.198,Received an expired out of sequence packet ,11025,11149
105.2,Received an expired out of sequence packet ,11026,11149
105.203,Received an expired out of sequence packet ,11027,11149
105.203,Received an expired out of sequence packet ,11028,11149
105.203,Received an expired out of sequence packet ,11029,11149
105.207,Received an expired out of sequence packet ,11030,11149
105.207,Received an expired out of sequence packet ,11031,11149
105.209,Received an expired out of sequence packet ,11032,11149
105.215,Received an expired out of sequence packet ,11033,11149
105.217,Received an expired out of sequence packet ,11034,11149
105.217,Received an expired out of sequence packet ,11035,11149
105.217,Received an expired out of sequence packet ,11036,11149
105.217,Received an expired out of sequence packet ,11037,11149
105.219,Received an expired out of sequence packet ,11038,11149
105.219,Received an expired out of sequence packet ,11039,11149
105.22,Received an expired out of sequence packet ,11040,11149
105.22,Received an expired out of sequence packet ,11041,11149
105.221,Received an expired out of sequence packet ,11042,11149
105.224,Received an expired out of sequence packet ,11043,11149
105.226,Received an expired out of sequence packet ,11044,11149
105.226,Received an expired out of sequence packet ,11045,11149
105.226,Received an expired out of sequence packet ,11046,11149
105.226,Received an expired out of sequence packet ,11047,11149
105.226,Received an expired out of sequence packet ,11048,11149
105.228,Received an expired out of sequence packet ,11049,11149
105.231,Received an expired out of sequence packet ,11050,11149
105.233,Received an expired out of sequence packet ,11051,11149
105.233,Received an expired out of sequence packet ,11052,11149
105.234,Received an expired out of sequence packet ,11053,11149
105.236,Received an expired out of sequence packet ,11054,11149
105.238,Received an expired out of sequence packet ,11055,11149
105.238,Received an expired out of sequence packet ,11056,11149
105.24,Received an expired out of sequence packet ,11057,11149
105.24,Received an expired out of sequence packet ,11058,11149
105.244,Received an expired out of sequence packet ,11059,11149
105.244,Received an expired out of sequence packet ,11060,11149
105.247,Received an expired out of sequence packet ,11061,11149
105.248,Received an expired out of sequence packet ,11062,11149
105.253,Received an expired out of sequence packet ,11063,11149
105.253,Received an expired out of sequence packet ,11064,11149
105.254,Received an expired out of sequence packet ,11065,11149
105.266,Received an expired out of sequence packet ,11066,11149
105.267,Received an expired out of sequence packet ,11067,11149
105.267,Received an expired out of sequence packet ,11068,11149
105.273,Received an expired out of sequence packet ,11069,11149
105.273,Received an expired out of sequence packet ,11070,11149
105.273,Received an expired out of sequence packet ,11071,11149
105.287,Received an expired out of sequence packet ,11072,11149
105.287,Received an expired out of sequence packet ,11073,11149
105.287,Received an expired out of sequence packet ,11074,11149
105.287,Received an expired out of sequence packet ,11075,11149
105.287,Received an expired out of sequence packet ,11076,11149
105.288,Received an expired out of sequence packet ,11077,11149
105.289,Received an expired out of sequence packet ,11078,11149
105.289,Received an expired out of sequence packet ,11079,11149
105.29,Received an expired out of sequence packet ,11080,11149
105.29,Received an expired out of sequence packet ,11081,11149
105.29,Received an expired out of sequence packet ,11082,11149
105.29,Received an expired out of sequence packet ,11083,11149
105.291,Received an expired out of sequence packet ,11084,11149
105.294,Received an expired out of sequence packet ,11085,11149
105.294,Received an expired out of sequence packet ,11086,11149
105.294,Received an expired out of sequence packet ,11087,11149
105.294,Received an expired out of sequence packet ,11088,11149
105.296,Received an expired out of sequence packet ,11089,11149
105.296,Received an expired out of sequence packet ,11090,11149
105.3,Received an expired out of sequence packet ,11091,11149
105.3,Received an expired out of sequence packet ,11092,11149
105.3,Received an expired out of sequence packet ,11093,11149
105.301,Received an expired out of sequence packet ,11094,11149
105.301,Received an expired out of sequence packet ,11095,11149
105.303,Received an expired out of sequence packet ,11096,11149
105.305,Received an expired out of sequence packet ,11097,11149
105.305,Received an expired out of sequence packet ,11098,11149
105.308,Received an expired out of sequence packet ,11099,11149
105.314,Received an expired out of sequence packet ,11100,11149
105.314,Received an expired out of sequence packet ,11101,11149
105.316,Received an expired out of sequence packet ,11102,11149
105.316,Received an expired out of sequence packet ,11103,11149
105.316,Received an expired out of sequence packet ,11104,11149
105.316,Received an expired out of sequence packet ,11105,11149
105.318,Received an expired out of sequence packet ,11106,11149
105.32,Received an expired out of sequence packet ,11107,11149
105.32,Received an expired out of sequence packet ,11108,11149
105.32,Received an expired out of sequence packet ,11109,11149
105.324,Received an expired out of sequence packet ,11110,11149
105.326,Received an expired out of sequence packet ,11111,11149
105.326,Received an expired out of sequence packet ,11112,11149
105.333,Received an expired out of sequence packet ,11113,11149
105.333,Received an expired out of sequence packet ,11114,11149
105.334,Received an expired out of sequence packet ,11115,11149
105.334,Received an expired out of sequence packet ,11116,11149
105.335,Received an expired out of sequence packet ,11117,11149
105.335,Received an expired out of sequence packet ,11118,11149
105.336,Received an expired out of sequence packet ,11119,11149
105.338,Received an expired out of sequence packet ,11120,11149
105.354,Received an expired out of sequence packet ,11121,11149
105.354,Received an expired out of sequence packet ,11122,11149
105.354,Received an expired out of sequence packet ,11123,11149
105.354,Received an expired out of sequence packet ,11124,11149
105.354,Received an expired out of sequence packet ,11125,11149
105.354,Received an expired out of sequence packet ,11126,11149
105.354,Received an expired out of sequence packet ,11127,11149
105.357,Received an expired out of sequence packet ,11128,11149
105.357,Received an expired out of sequence packet ,11129,11149
105.357,Received an expired out of sequence packet ,11130,11149
105.357,Received an expired out of sequence packet ,11131,11149
105.357,Received an expired out of sequence packet ,11132,11149
105.358,Received an expired out of sequence packet ,11133,11149
105.373,Received an expired out of sequence packet ,11134,11149
105.373,Received an expired out of sequence packet ,11135,11149
105.375,Received an expired out of sequence packet ,11136,11149
105.375,Received an expired out of sequence packet ,11137,11149
105.375,Received an expired out of sequence packet ,11138,11149
105.376,Received an expired out of sequence packet ,11139,11149
105.38,Received an expired out of sequence packet ,11140,11149
105.38,Received an expired out of sequence packet ,11141,11149
105.38,Received an expired out of sequence packet ,11142,11149
105.38,Received an expired out of sequence packet ,11143,11149
105.38,Received an expired out of sequence packet ,11144,11149
105.38,Received an expired out of sequence packet ,11145,11149
105.38,Received an expired out of sequence packet ,11146,11149
105.38,Received an expired out of sequence packet ,11147,11149
105.381,Received an expired out of sequence packet ,11148,11149
119.344,Timeout
119.344,clearing sending list because of timeout
119.386,Received an expired out of sequence packet ,17828,18013
119.387,Received an expired out of sequence packet ,17829,18013
119.506,Received an expired out of sequence packet ,17830,18013
119.509,Received an expired out of sequence packet ,17831,18013
119.51,Received an expired out of sequence packet ,17832,18013
119.513,Received an expired out of sequence packet ,17833,18013
119.513,Received an expired out of sequence packet ,17834,18013
119.517,Received an expired out of sequence packet ,17835,18013
119.517,Received an expired out of sequence packet ,17836,18013
119.517,Received an expired out of sequence packet ,17837,18013
119.519,Received an expired out of sequence packet ,17838,18013
119.519,Received an expired out of sequence packet ,17839,18013
119.522,Received an expired out of sequence packet ,17840,18013
119.526,Received an expired out of sequence packet ,17841,18013
119.526,Received an expired out of sequence packet ,17842,18013
119.526,Received an expired out of sequence packet ,17843,18013
119.528,Received an expired out of sequence packet ,17844,18013
119.529,Received an expired out of sequence packet ,17845,18013
119.529,Received an expired out of sequence packet ,17846,18013
119.565,Received an expired out of sequence packet ,17847,18013
119.574,Received an expired out of sequence packet ,17848,18013
119.574,Received an expired out of sequence packet ,17849,18013
119.577,Received an expired out of sequence packet ,17850,18013
119.581,Received an expired out of sequence packet ,17851,18013
119.581,Received an expired out of sequence packet ,17852,18013
119.581,Received an expired out of sequence packet ,17853,18013
119.581,Received an expired out of sequence packet ,17854,18013
119.583,Received an expired out of sequence packet ,17855,18013
119.585,Received an expired out of sequence packet ,17856,18013
119.589,Received an expired out of sequence packet ,17857,18013
119.589,Received an expired out of sequence packet ,17858,18013
119.591,Received an expired out of sequence packet ,17859,18013
119.591,Received an expired out of sequence packet ,17860,18013
119.591,Received an expired out of sequence packet ,17861,18013
119.594,Received an expired out of sequence packet ,17862,18013
119.594,Received an expired out of sequence packet ,17863,18013
119.597,Received an expired out of sequence packet ,17864,18013
119.597,Received an expired out of sequence packet ,17865,18013
119.597,Received an expired out of sequence packet ,17866,18013
119.601,Received an expired out of sequence packet ,17867,18013
119.601,Received an expired out of sequence packet ,17868,18013
119.745,Received an expired out of sequence packet ,17869,18013
119.752,Received an expired out of sequence packet ,17870,18013
119.755,Received an expired out of sequence packet ,17871,18013
119.758,Received an expired out of sequence packet ,17872,18013
119.758,Received an expired out of sequence packet ,17873,18013
119.76,Received an expired out of sequence packet ,17874,18013
119.762,Received an expired out of sequence packet ,17875,18013
119.762,Received an expired out of sequence packet ,17876,18013
119.762,Received an expired out of sequence packet ,17877,18013
119.765,Received an expired out of sequence packet ,17878,18013
119.765,Received an expired out of sequence packet ,17879,18013
119.765,Received an expired out of sequence packet ,17880,18013
119.769,Received an expired out of sequence packet ,17881,18013
119.769,Received an expired out of sequence packet ,17882,18013
119.772,Received an expired out of sequence packet ,17883,18013
119.772,Received an expired out of sequence packet ,17884,18013
119.772,Received an expired out of sequence packet ,17885,18013
119.772,Received an expired out of sequence packet ,17886,18013
119.776,Received an expired out of sequence packet ,17887,18013
119.776,Received an expired out of sequence packet ,17888,18013
119.776,Received an expired out of sequence packet ,17889,18013
119.778,Received an expired out of sequence packet ,17890,18013
119.778,Received an expired out of sequence packet ,17891,18013
119.778,Received an expired out of sequence packet ,17892,18013
119.783,Received an expired out of sequence packet ,17893,18013
119.783,Received an expired out of sequence packet ,17894,18013
119.783,Received an expired out of sequence packet ,17895,18013
119.783,Received an expired out of sequence packet ,17896,18013
119.785,Received an expired out of sequence packet ,17897,18013
119.785,Received an expired out of sequence packet ,17898,18013
119.785,Received an expired out of sequence packet ,17899,18013
119.789,Received an expired out of sequence packet ,17900,18013
119.789,Received an expired out of sequence packet ,17901,18013
119.789,Received an expired out of sequence packet ,17902,18013
119.79,Received an expired out of sequence packet ,17903,18013
119.791,Received an expired out of sequence packet ,17904,18013
119.791,Received an expired out of sequence packet ,17905,18013
119.791,Received an expired out of sequence packet ,17906,18013
119.791,Received an expired out of sequence packet ,17907,18013
119.794,Received an expired out of sequence packet ,17908,18013
119.794,Received an expired out of sequence packet ,17909,18013
119.795,Received an expired out of sequence packet ,17910,18013
119.795,Received an expired out of sequence packet ,17911,18013
119.795,Received an expired out of sequence packet ,17912,18013
119.797,Received an expired out of sequence packet ,17913,18013
119.8,Received an expired out of sequence packet ,17914,18013
119.8,Received an expired out of sequence packet ,17915,18013
119.804,Received an expired out of sequence packet ,17916,18013
119.804,Received an expired out of sequence packet ,17917,18013
119.804,Received an expired out of sequence packet ,17918,18013
119.804,Received an expired out of sequence packet ,17919,18013
119.804,Received an expired out of sequence packet ,17920,18013
119.861,Received an expired out of sequence packet ,17921,18013
119.873,Received an expired out of sequence packet ,17922,18013
119.873,Received an expired out of sequence packet ,17923,18013
119.875,Received an expired out of sequence packet ,17924,18013
119.875,Received an expired out of sequence packet ,17925,18013
119.882,Received an expired out of sequence packet ,17926,18013
119.882,Received an expired out of sequence packet ,17927,18013
119.882,Received an expired out of sequence packet ,17928,18013
119.882,Received an expired out of sequence packet ,17929,18013
119.882,Received an expired out of sequence packet ,17930,18013
119.882,Received an expired out of sequence packet ,17931,18013
119.885,Received an expired out of sequence packet ,17932,18013
119.887,Received an expired out of sequence packet ,17933,18013
119.887,Received an expired out of sequence packet ,17934,18013
119.891,Received an expired out of sequence packet ,17935,18013
119.891,Received an expired out of sequence packet ,17936,18013
119.891,Received an expired out of sequence packet ,17937,18013
119.891,Received an expired out of sequence packet ,17938,18013
119.894,Received an expired out of sequence packet ,17939,18013
119.894,Received an expired out of sequence packet ,17940,18013
119.894,Received an expired out of sequence packet ,17941,18013
119.897,Received an expired out of sequence packet ,17942,18013
119.897,Received an expired out of sequence packet ,17943,18013
119.897,Received an expired out of sequence packet ,17944,18013
119.897,Received an expired out of sequence packet ,17945,18013
119.901,Received an expired out of sequence packet ,17946,18013
119.902,Received an expired out of sequence packet ,17947,18013
119.902,Received an expired out of sequence packet ,17948,18013
119.904,Received an expired out of sequence packet ,17949,18013
119.904,Received an expired out of sequence packet ,17950,18013
119.911,Received an expired out of sequence packet ,17951,18013
119.915,Received an expired out of sequence packet ,17952,18013
119.915,Received an expired out of sequence packet ,17953,18013
119.915,Received an expired out of sequence packet ,17954,18013
119.915,Received an expired out of sequence packet ,17955,18013
119.915,Received an expired out of sequence packet ,17956,18013
119.915,Received an expired out of sequence packet ,17957,18013
119.917,Received an expired out of sequence packet ,17958,18013
119.917,Received an expired out of sequence packet ,17959,18013
119.919,Received an expired out of sequence packet ,17960,18013
119.926,Received an expired out of sequence packet ,17961,18013
119.929,Received an expired out of sequence packet ,17962,18013
119.933,Received an expired out of sequence packet ,17963,18013
119.936,Received an expired out of sequence packet ,17964,18013
119.94,Received an expired out of sequence packet ,17965,18013
119.941,Received an expired out of sequence packet ,17966,18013
119.942,Received an expired out of sequence packet ,17967,18013
119.942,Received an expired out of sequence packet ,17968,18013
119.942,Received an expired out of sequence packet ,17969,18013
119.942,Received an expired out of sequence packet ,17970,18013
119.945,Received an expired out of sequence packet ,17971,18013
119.945,Received an expired out of sequence packet ,17972,18013
119.949,Received an expired out of sequence packet ,17973,18013
119.949,Received an expired out of sequence packet ,17974,18013
119.949,Received an expired out of sequence packet ,17975,18013
119.951,Received an expired out of sequence packet ,17976,18013
119.951,Received an expired out of sequence packet ,17977,18013
119.951,Received an expired out of sequence packet ,17978,18013
119.954,Received an expired out of sequence packet ,17979,18013
119.954,Received an expired out of sequence packet ,17980,18013
119.954,Received an expired out of sequence packet ,17981,18013
119.955,Received an expired out of sequence packet ,17982,18013
119.99,Received an expired out of sequence packet ,17983,18013
120.046,Received an expired out of sequence packet ,17984,18013
120.046,Received an expired out of sequence packet ,17985,18013
120.052,Received an expired out of sequence packet ,17986,18013
120.052,Received an expired out of sequence packet ,17987,18013
120.052,Received an expired out of sequence packet ,17988,18013
120.052,Received an expired out of sequence packet ,17989,18013
120.052,Received an expired out of sequence packet ,17990,18013
120.057,Received an expired out of sequence packet ,17991,18013
120.057,Received an expired out of sequence packet ,17992,18013
120.067,Received an expired out of sequence packet ,17993,18013
120.067,Received an expired out of sequence packet ,17994,18013
120.067,Received an expired out of sequence packet ,17995,18013
120.067,Received an expired out of sequence packet ,17996,18013
120.067,Received an expired out of sequence packet ,17997,18013
120.067,Received an expired out of sequence packet ,17998,18013
120.068,Received an expired out of sequence packet ,17999,18013
120.068,Received an expired out of sequence packet ,18000,18013
120.068,Received an expired out of sequence packet ,18001,18013
120.068,Received an expired out of sequence packet ,18002,18013
120.069,Received an expired out of sequence packet ,18003,18013
120.069,Received an expired out of sequence packet ,18004,18013
120.069,Received an expired out of sequence packet ,18005,18013
120.069,Received an expired out of sequence packet ,18006,18013
120.069,Received an expired out of sequence packet ,18007,18013
120.069,Received an expired out of sequence packet ,18008,18013
120.07,Received an expired out of sequence packet ,18009,18013
120.07,Received an expired out of sequence packet ,18010,18013
120.07,Received an expired out of sequence packet ,18011,18013
120.07,Received an expired out of sequence packet ,18012,18013
123.33,Missing packet expired,21958
135.387,Missing packet expired,30236
139.064,Missing packet expired,32224
147.007,Missing packet expired,36350
147.82,Timeout
147.82,clearing sending list because of timeout
148.171,Timeout
148.171,clearing sending list because of timeout
148.246,Received an expired out of sequence packet ,36878,36981
148.246,Received an expired out of sequence packet ,36879,36981
148.246,Received an expired out of sequence packet ,36880,36981
148.246,Received an expired out of sequence packet ,36881,36981
148.246,Received an expired out of sequence packet ,36882,36981
148.246,Received an expired out of sequence packet ,36883,36981
148.246,Received an expired out of sequence packet ,36884,36981
148.246,Received an expired out of sequence packet ,36885,36981
148.246,Received an expired out of sequence packet ,36886,36981
148.246,Received an expired out of sequence packet ,36887,36981
148.246,Received an expired out of sequence packet ,36888,36981
148.246,Received an expired out of sequence packet ,36889,36981
148.246,Received an expired out of sequence packet ,36890,36981
148.246,Received an expired out of sequence packet ,36891,36981
148.246,Received an expired out of sequence packet ,36892,36981
148.246,Received an expired out of sequence packet ,36893,36981
148.246,Received an expired out of sequence packet ,36894,36981
148.247,Received an expired out of sequence packet ,36895,36981
148.247,Received an expired out of sequence packet ,36896,36981
148.247,Received an expired out of sequence packet ,36897,36981
148.247,Received an expired out of sequence packet ,36898,36981
148.277,Received an expired out of sequence packet ,36899,36981
148.287,Received an expired out of sequence packet ,36900,36981
148.287,Received an expired out of sequence packet ,36901,36981
148.291,Received an expired out of sequence packet ,36902,36981
148.291,Received an expired out of sequence packet ,36903,36981
148.292,Received an expired out of sequence packet ,36904,36981
148.293,Received an expired out of sequence packet ,36905,36981
148.293,Received an expired out of sequence packet ,36906,36981
148.293,Received an expired out of sequence packet ,36907,36981
148.293,Received an expired out of sequence packet ,36908,36981
148.293,Received an expired out of sequence packet ,36909,36981
148.293,Received an expired out of sequence packet ,36910,36981
148.298,Received an expired out of sequence packet ,36911,36981
148.298,Received an expired out of sequence packet ,36912,36981
148.298,Received an expired out of sequence packet ,36913,36981
148.298,Received an expired out of sequence packet ,36914,36981
148.316,Received an expired out of sequence packet ,36915,36981
148.316,Received an expired out of sequence packet ,36916,36981
148.316,Received an expired out of sequence packet ,36917,36981
148.316,Received an expired out of sequence packet ,36918,36981
148.316,Received an expired out of sequence packet ,36919,36981
148.316,Received an expired out of sequence packet ,36920,36981
148.317,Received an expired out of sequence packet ,36921,36981
148.327,Received an expired out of sequence packet ,36922,36981
148.327,Received an expired out of sequence packet ,36923,36981
148.327,Received an expired out of sequence packet ,36924,36981
148.331,Received an expired out of sequence packet ,36925,36981
148.335,Received an expired out of sequence packet ,36926,36981
148.335,Received an expired out of sequence packet ,36927,36981
148.335,Received an expired out of sequence packet ,36928,36981
148.336,Received an expired out of sequence packet ,36929,36981
148.347,Received an expired out of sequence packet ,36930,36981
148.347,Received an expired out of sequence packet ,36931,36981
148.347,Received an expired out of sequence packet ,36932,36981
148.352,Received an expired out of sequence packet ,36933,36981
148.353,Received an expired out of sequence packet ,36934,36981
148.353,Received an expired out of sequence packet ,36935,36981
148.357,Received an expired out of sequence packet ,36936,36981
148.357,Received an expired out of sequence packet ,36937,36981
148.357,Received an expired out of sequence packet ,36938,36981
148.357,Received an expired out of sequence packet ,36939,36981
148.357,Received an expired out of sequence packet ,36940,36981
148.358,Received an expired out of sequence packet ,36941,36981
148.358,Received an expired out of sequence packet ,36942,36981
148.363,Received an expired out of sequence packet ,36943,36981
148.363,Received an expired out of sequence packet ,36944,36981
148.363,Received an expired out of sequence packet ,36945,36981
148.363,Received an expired out of sequence packet ,36946,36981
148.363,Received an expired out of sequence packet ,36947,36981
148.363,Received an expired out of sequence packet ,36948,36981
148.367,Received an expired out of sequence packet ,36949,36981
148.367,Received an expired out of sequence packet ,36950,36981
148.367,Received an expired out of sequence packet ,36951,36981
148.367,Received an expired out of sequence packet ,36952,36981
148.372,Received an expired out of sequence packet ,36953,36981
148.372,Received an expired out of sequence packet ,36954,36981
148.372,Received an expired out of sequence packet ,36955,36981
148.372,Received an expired out of sequence packet ,36956,36981
148.372,Received an expired out of sequence packet ,36957,36981
148.373,Received an expired out of sequence packet ,36958,36981
148.373,Received an expired out of sequence packet ,36959,36981
148.373,Received an expired out of sequence packet ,36960,36981
148.373,Received an expired out of sequence packet ,36961,36981
148.373,Received an expired out of sequence packet ,36962,36981
148.376,Received an expired out of sequence packet ,36963,36981
148.376,Received an expired out of sequence packet ,36964,36981
148.376,Received an expired out of sequence packet ,36965,36981
148.377,Received an expired out of sequence packet ,36966,36981
148.377,Received an expired out of sequence packet ,36967,36981
148.378,Received an expired out of sequence packet ,36968,36981
148.378,Received an expired out of sequence packet ,36969,36981
148.379,Received an expired out of sequence packet ,36970,36981
148.379,Received an expired out of sequence packet ,36971,36981
148.379,Received an expired out of sequence packet ,36972,36981
148.386,Received an expired out of sequence packet ,36973,36981
148.386,Received an expired out of sequence packet ,36974,36981
148.386,Received an expired out of sequence packet ,36975,36981
148.387,Received an expired out of sequence packet ,36976,36981
148.387,Received an expired out of sequence packet ,36977,36981
148.387,Received an expired out of sequence packet ,36978,36981
148.387,Received an expired out of sequence packet ,36979,36981
148.395,Received an expired out of sequence packet ,36980,36981
151.549,Missing packet expired,40756
155.409,Missing packet expired,44436
189.344,Timeout
189.344,clearing sending list because of timeout
189.385,Received an expired out of sequence packet ,75729,75775
189.385,Received an expired out of sequence packet ,75730,75775
189.506,Received an expired out of sequence packet ,75731,75775
189.506,Received an expired out of sequence packet ,75732,75775
189.511,Received an expired out of sequence packet ,75733,75775
189.511,Received an expired out of sequence packet ,75734,75775
189.513,Received an expired out of sequence packet ,75735,75775
189.513,Received an expired out of sequence packet ,75736,75775
189.517,Received an expired out of sequence packet ,75737,75775
189.517,Received an expired out of sequence packet ,75738,75775
189.519,Received an expired out of sequence packet ,75739,75775
189.519,Received an expired out of sequence packet ,75740,75775
189.522,Received an expired out of sequence packet ,75741,75775
189.526,Received an expired out of sequence packet ,75742,75775
189.526,Received an expired out of sequence packet ,75743,75775
189.526,Received an expired out of sequence packet ,75744,75775
189.528,Received an expired out of sequence packet ,75745,75775
189.528,Received an expired out of sequence packet ,75746,75775
189.529,Received an expired out of sequence packet ,75747,75775
189.565,Received an expired out of sequence packet ,75748,75775
189.574,Received an expired out of sequence packet ,75749,75775
189.574,Received an expired out of sequence packet ,75750,75775
189.577,Received an expired out of sequence packet ,75751,75775
189.58,Received an expired out of sequence packet ,75752,75775
189.58,Received an expired out of sequence packet ,75753,75775
189.581,Received an expired out of sequence packet ,75754,75775
189.581,Received an expired out of sequence packet ,75755,75775
189.582,Received an expired out of sequence packet ,75756,75775
189.586,Received an expired out of sequence packet ,75757,75775
189.589,Received an expired out of sequence packet ,75758,75775
189.589,Received an expired out of sequence packet ,75759,75775
189.591,Received an expired out of sequence packet ,75760,75775
189.591,Received an expired out of sequence packet ,75761,75775
189.591,Received an expired out of sequence packet ,75762,75775
189.594,Received an expired out of sequence packet ,75763,75775
189.594,Received an expired out of sequence packet ,75764,75775
189.597,Received an expired out of sequence packet ,75765,75775
189.597,Received an expired out of sequence packet ,75766,75775
189.597,Received an expired out of sequence packet ,75767,75775
189.601,Received an expired out of sequence packet ,75768,75775
189.601,Received an expired out of sequence packet ,75769,75775
189.744,Received an expired out of sequence packet ,75770,75775
189.752,Received an expired out of sequence packet ,75771,75775
189.755,Received an expired out of sequence packet ,75772,75775
189.758,Received an expired out of sequence packet ,75773,75775
189.758,Received an expired out of sequence packet ,75774,75775
195.124,Timeout
195.124,clearing sending list because of timeout
195.346,Received an expired out of sequence packet ,76124,76139
195.387,Received an expired out of sequence packet ,76125,76139
195.391,Received an expired out of sequence packet ,76126,76139
195.392,Received an expired out of sequence packet ,76127,76139
195.393,Received an expired out of sequence packet ,76128,76139
195.393,Received an expired out of sequence packet ,76129,76139
195.393,Received an expired out of sequence packet ,76130,76139
195.393,Received an expired out of sequence packet ,76131,76139
195.393,Received an expired out of sequence packet ,76132,76139
195.397,Received an expired out of sequence packet ,76133,76139
195.397,Received an expired out of sequence packet ,76134,76139
195.399,Received an expired out of sequence packet ,76135,76139
195.399,Received an expired out of sequence packet ,76136,76139
195.399,Received an expired out of sequence packet ,76137,76139
195.399,Received an expired out of sequence packet ,76138,76139
197.349,Missing packet expired,77347
253.574,Timeout
253.574,clearing sending list because of timeout
253.581,Received an expired out of sequence packet ,111319,111485
254.581,Timeout
254.581,clearing sending list because of timeout
254.595,Received an expired out of sequence packet ,111320,111489
255.031,Received an expired out of sequence packet ,111321,111489
255.034,Received an expired out of sequence packet ,111322,111489
255.034,Received an expired out of sequence packet ,111323,111489
255.034,Received an expired out of sequence packet ,111324,111489
255.034,Received an expired out of sequence packet ,111325,111489
255.034,Received an expired out of sequence packet ,111326,111489
255.035,Received an expired out of sequence packet ,111327,111489
255.035,Received an expired out of sequence packet ,111328,111489
255.035,Received an expired out of sequence packet ,111329,111489
255.035,Received an expired out of sequence packet ,111330,111489
255.035,Received an expired out of sequence packet ,111331,111489
255.038,Received an expired out of sequence packet ,111332,111489
255.038,Received an expired out of sequence packet ,111333,111489
255.039,Received an expired out of sequence packet ,111334,111489
255.039,Received an expired out of sequence packet ,111335,111489
255.065,Received an expired out of sequence packet ,111336,111489
255.069,Received an expired out of sequence packet ,111337,111489
255.069,Received an expired out of sequence packet ,111338,111489
255.069,Received an expired out of sequence packet ,111339,111489
255.069,Received an expired out of sequence packet ,111340,111489
255.069,Received an expired out of sequence packet ,111341,111489
255.069,Received an expired out of sequence packet ,111342,111489
255.07,Received an expired out of sequence packet ,111343,111489
255.07,Received an expired out of sequence packet ,111344,111489
255.07,Received an expired out of sequence packet ,111345,111489
255.084,Received an expired out of sequence packet ,111346,111489
255.085,Received an expired out of sequence packet ,111347,111489
255.085,Received an expired out of sequence packet ,111348,111489
255.085,Received an expired out of sequence packet ,111349,111489
255.085,Received an expired out of sequence packet ,111350,111489
255.099,Received an expired out of sequence packet ,111351,111489
255.099,Received an expired out of sequence packet ,111352,111489
255.099,Received an expired out of sequence packet ,111353,111489
255.099,Received an expired out of sequence packet ,111354,111489
255.1,Received an expired out of sequence packet ,111355,111489
255.1,Received an expired out of sequence packet ,111356,111489
255.1,Received an expired out of sequence packet ,111357,111489
255.101,Received an expired out of sequence packet ,111358,111489
255.107,Received an expired out of sequence packet ,111359,111489
255.111,Received an expired out of sequence packet ,111360,111489
255.111,Received an expired out of sequence packet ,111361,111489
255.111,Received an expired out of sequence packet ,111362,111489
255.111,Received an expired out of sequence packet ,111363,111489
255.111,Received an expired out of sequence packet ,111364,111489
255.111,Received an expired out of sequence packet ,111365,111489
255.111,Received an expired out of sequence packet ,111366,111489
255.114,Received an expired out of sequence packet ,111367,111489
255.114,Received an expired out of sequence packet ,111368,111489
255.114,Received an expired out of sequence packet ,111369,111489
255.115,Received an expired out of sequence packet ,111370,111489
255.115,Received an expired out of sequence packet ,111371,111489
255.115,Received an expired out of sequence packet ,111372,111489
255.12,Received an expired out of sequence packet ,111373,111489
255.123,Received an expired out of sequence packet ,111374,111489
255.123,Received an expired out of sequence packet ,111375,111489
255.123,Received an expired out of sequence packet ,111376,111489
255.123,Received an expired out of sequence packet ,111377,111489
255.123,Received an expired out of sequence packet ,111378,111489
255.125,Received an expired out of sequence packet ,111379,111489
255.126,Received an expired out of sequence packet ,111380,111489
255.127,Received an expired out of sequence packet ,111381,111489
255.136,Received an expired out of sequence packet ,111382,111489
255.137,Received an expired out of sequence packet ,111383,111489
255.137,Received an expired out of sequence packet ,111384,111489
255.137,Received an expired out of sequence packet 