2.48352,Exit slow start,exceeding SS_EXIT_THRESHOLD
7.49793,Restart,can't map delay on delay curve
8.69905,Exit slow start,exceeding SS_EXIT_THRESHOLD
56.0038,Timeout
56.0038,clearing sending list because of timeout
56.49,Received an expired out of sequence packet ,20666,20686
56.4941,Received an expired out of sequence packet ,20667,20686
56.4941,Received an expired out of sequence packet ,20668,20686
56.4941,Received an expired out of sequence packet ,20669,20686
56.4941,Received an expired out of sequence packet ,20670,20686
56.4942,Received an expired out of sequence packet ,20671,20686
56.4942,Received an expired out of sequence packet ,20672,20686
56.4952,Received an expired out of sequence packet ,20673,20686
56.4963,Received an expired out of sequence packet ,20674,20686
56.4963,Received an expired out of sequence packet ,20675,20686
56.4963,Received an expired out of sequence packet ,20676,20686
56.4963,Received an expired out of sequence packet ,20677,20686
56.4963,Received an expired out of sequence packet ,20678,20686
56.4964,Received an expired out of sequence packet ,20679,20686
56.4964,Received an expired out of sequence packet ,20680,20686
56.4964,Received an expired out of sequence packet ,20681,20686
56.6594,Received an expired out of sequence packet ,20682,20686
56.6594,Received an expired out of sequence packet ,20683,20686
56.6595,Received an expired out of sequence packet ,20684,20686
56.6595,Received an expired out of sequence packet ,20685,20686
135.805,Timeout
135.805,clearing sending list because of timeout
136.006,Received an expired out of sequence packet ,60084,60136
136.006,Received an expired out of sequence packet ,60085,60136
136.006,Received an expired out of sequence packet ,60086,60136
136.006,Received an expired out of sequence packet ,60087,60136
136.006,Received an expired out of sequence packet ,60088,60136
136.006,Received an expired out of sequence packet ,60089,60136
137.006,Timeout
137.006,clearing sending list because of timeout
137.019,Received an expired out of sequence packet ,60090,60139
138.019,Timeout
138.019,clearing sending list because of timeout
138.022,Received an expired out of sequence packet ,60091,60142
139.018,Received an expired out of sequence packet ,60092,60142
139.903,Received an expired out of sequence packet ,60093,60142
139.909,Received an expired out of sequence packet ,60094,60142
139.922,Received an expired out of sequence packet ,60095,60142
139.924,Received an expired out of sequence packet ,60096,60142
139.927,Received an expired out of sequence packet ,60097,60142
139.931,Received an expired out of sequence packet ,60098,60142
139.937,Received an expired out of sequence packet ,60099,60142
139.941,Received an expired out of sequence packet ,60100,60142
139.957,Received an expired out of sequence packet ,60101,60142
139.959,Received an expired out of sequence packet ,60102,60142
139.959,Received an expired out of sequence packet ,60103,60142
139.964,Received an expired out of sequence packet ,60104,60142
139.97,Received an expired out of sequence packet ,60105,60142
139.973,Received an expired out of sequence packet ,60106,60142
139.978,Received an expired out of sequence packet ,60107,60142
139.985,Received an expired out of sequence packet ,60108,60142
139.99,Received an expired out of sequence packet ,60109,60142
139.993,Received an expired out of sequence packet ,60110,60142
140,Received an expired out of sequence packet ,60111,60142
140.006,Received an expired out of sequence packet ,60112,60142
140.013,Received an expired out of sequence packet ,60113,60142
140.021,Received an expired out of sequence packet ,60114,60142
140.024,Received an expired out of sequence packet ,60115,60142
140.032,Received an expired out of sequence packet ,60116,60142
140.035,Received an expired out of sequence packet ,60117,60142
140.037,Received an expired out of sequence packet ,60118,60142
140.049,Received an expired out of sequence packet ,60119,60142
140.055,Received an expired out of sequence packet ,60120,60142
140.061,Received an expired out of sequence packet ,60121,60142
140.064,Received an expired out of sequence packet ,60122,60142
140.069,Received an expired out of sequence packet ,60123,60142
140.069,Received an expired out of sequence packet ,60124,60142
140.086,Received an expired out of sequence packet ,60125,60142
140.088,Received an expired out of sequence packet ,60126,60142
140.091,Received an expired out of sequence packet ,60127,60142
140.101,Received an expired out of sequence packet ,60128,60142
140.103,Received an expired out of sequence packet ,60129,60142
140.107,Received an expired out of sequence packet ,60130,60142
140.121,Received an expired out of sequence packet ,60131,60142
140.129,Received an expired out of sequence packet ,60132,60142
140.129,Received an expired out of sequence packet ,60133,60142
140.143,Received an expired out of sequence packet ,60134,60142
140.145,Received an expired out of sequence packet ,60135,60142
140.153,Received an expired out of sequence packet ,60136,60142
140.162,Received an expired out of sequence packet ,60137,60142
140.171,Received an expired out of sequence packet ,60138,60142
140.179,Received an expired out of sequence packet ,60139,60142
140.183,Received an expired out of sequence packet ,60140,60142
140.188,Received an expired out of sequence packet ,60141,60142
194.27,Timeout
194.27,clearing sending list because of timeout
194.313,Received an expired out of sequence packet ,98502,98584
194.313,Received an expired out of sequence packet ,98503,98584
194.313,Received an expired out of sequence packet ,98504,98584
194.433,Received an expired out of sequence packet ,98505,98584
194.437,Received an expired out of sequence packet ,98506,98584
194.437,Received an expired out of sequence packet ,98507,98584
194.44,Received an expired out of sequence packet ,98508,98584
194.44,Received an expired out of sequence packet ,98509,98584
194.444,Received an expired out of sequence packet ,98510,98584
194.444,Received an expired out of sequence packet ,98511,98584
194.446,Received an expired out of sequence packet ,98512,98584
194.446,Received an expired out of sequence packet ,98513,98584
194.449,Received an expired out of sequence packet ,98514,98584
194.452,Received an expired out of sequence packet ,98515,98584
194.452,Received an expired out of sequence packet ,98516,98584
194.452,Received an expired out of sequence packet ,98517,98584
194.454,Received an expired out of sequence packet ,98518,98584
194.454,Received an expired out of sequence packet ,98519,98584
194.456,Received an expired out of sequence packet ,98520,98584
194.491,Received an expired out of sequence packet ,98521,98584
194.501,Received an expired out of sequence packet ,98522,98584
194.501,Received an expired out of sequence packet ,98523,98584
194.504,Received an expired out of sequence packet ,98524,98584
194.508,Received an expired out of sequence packet ,98525,98584
194.508,Received an expired out of sequence packet ,98526,98584
194.508,Received an expired out of sequence packet ,98527,98584
194.508,Received an expired out of sequence packet ,98528,98584
194.51,Received an expired out of sequence packet ,98529,98584
194.512,Received an expired out of sequence packet ,98530,98584
194.516,Received an expired out of sequence packet ,98531,98584
194.516,Received an expired out of sequence packet ,98532,98584
194.518,Received an expired out of sequence packet ,98533,98584
194.518,Received an expired out of sequence packet ,98534,98584
194.518,Received an expired out of sequence packet ,98535,98584
194.521,Received an expired out of sequence packet ,98536,98584
194.521,Received an expired out of sequence packet ,98537,98584
194.523,Received an expired out of sequence packet ,98538,98584
194.523,Received an expired out of sequence packet ,98539,98584
194.523,Received an expired out of sequence packet ,98540,98584
194.527,Received an expired out of sequence packet ,98541,98584
194.527,Received an expired out of sequence packet ,98542,98584
194.671,Received an expired out of sequence packet ,98543,98584
194.679,Received an expired out of sequence packet ,98544,98584
194.682,Received an expired out of sequence packet ,98545,98584
194.685,Received an expired out of sequence packet ,98546,98584
194.686,Received an expired out of sequence packet ,98547,98584
194.687,Received an expired out of sequence packet ,98548,98584
194.689,Received an expired out of sequence packet ,98549,98584
194.689,Received an expired out of sequence packet ,98550,98584
194.689,Received an expired out of sequence packet ,98551,98584
194.692,Received an expired out of sequence packet ,98552,98584
194.692,Received an expired out of sequence packet ,98553,98584
194.692,Received an expired out of sequence packet ,98554,98584
194.696,Received an expired out of sequence packet ,98555,98584
194.696,Received an expired out of sequence packet ,98556,98584
194.698,Received an expired out of sequence packet ,98557,98584
194.698,Received an expired out of sequence packet ,98558,98584
194.698,Received an expired out of sequence packet ,98559,98584
194.698,Received an expired out of sequence packet ,98560,98584
194.702,Received an expired out of sequence packet ,98561,98584
194.702,Received an expired out of sequence packet ,98562,98584
194.702,Received an expired out of sequence packet ,98563,98584
194.705,Received an expired out of sequence packet ,98564,98584
194.705,Received an expired out of sequence packet ,98565,98584
194.705,Received an expired out of sequence packet ,98566,98584
194.709,Received an expired out of sequence packet ,98567,98584
194.709,Received an expired out of sequence packet ,98568,98584
194.709,Received an expired out of sequence packet ,98569,98584
194.709,Received an expired out of sequence packet ,98570,98584
194.709,Received an expired out of sequence packet ,98571,98584
194.712,Received an expired out of sequence packet ,98572,98584
194.712,Received an expired out of sequence packet ,98573,98584
194.712,Received an expired out of sequence packet ,98574,98584
194.716,Received an expired out of sequence packet ,98575,98584
194.716,Received an expired out of sequence packet ,98576,98584
194.716,Received an expired out of sequence packet ,98577,98584
194.716,Received an expired out of sequence packet ,98578,98584
194.719,Received an expired out of sequence packet ,98579,98584
194.719,Received an expired out of sequence packet ,98580,98584
194.719,Received an expired out of sequence packet ,98581,98584
194.721,Received an expired out of sequence packet ,98582,98584
194.721,Received an expired out of sequence packet ,98583,98584
204.348,Timeout
204.348,clearing sending list because of timeout
204.352,Received an expired out of sequence packet ,104316,104410
204.902,Received an expired out of sequence packet ,104317,104410
204.905,Received an expired out of sequence packet ,104318,104410
204.905,Received an expired out of sequence packet ,104319,104410
204.906,Received an expired out of sequence packet ,104320,104410
204.925,Received an expired out of sequence packet ,104321,104410
204.925,Received an expired out of sequence packet ,104322,104410
204.925,Received an expired out of sequence packet ,104323,104410
204.925,Received an expired out of sequence packet ,104324,104410
204.932,Received an expired out of sequence packet ,104325,104410
204.932,Received an expired out of sequence packet ,104326,104410
204.932,Received an expired out of sequence packet ,104327,104410
204.932,Received an expired out of sequence packet ,104328,104410
204.932,Received an expired out of sequence packet ,104329,104410
204.932,Received an expired out of sequence packet ,104330,104410
204.932,Received an expired out of sequence packet ,104331,104410
204.933,Received an expired out of sequence packet ,104332,104410
204.933,Received an expired out of sequence packet ,104333,104410
204.935,Received an expired out of sequence packet ,104334,104410
204.935,Received an expired out of sequence packet ,104335,104410
204.935,Received an expired out of sequence packet ,104336,104410
204.935,Received an expired out of sequence packet ,104337,104410
204.941,Received an expired out of sequence packet ,104338,104410
204.941,Received an expired out of sequence packet ,104339,104410
204.941,Received an expired out of sequence packet ,104340,104410
204.941,Received an expired out of sequence packet ,104341,104410
204.941,Received an expired out of sequence packet ,104342,104410
204.942,Received an expired out of sequence packet ,104343,104410
204.942,Received an expired out of sequence packet ,104344,104410
204.942,Received an expired out of sequence packet ,104345,104410
204.943,Received an expired out of sequence packet ,104346,104410
204.947,Received an expired out of sequence packet ,104347,104410
204.947,Received an expired out of sequence packet ,104348,104410
204.963,Received an expired out of sequence packet ,104349,104410
204.963,Received an expired out of sequence packet ,104350,104410
204.963,Received an expired out of sequence packet ,104351,104410
204.963,Received an expired out of sequence packet ,104352,104410
204.964,Received an expired out of sequence packet ,104353,104410
204.965,Received an expired out of sequence packet ,104354,104410
204.965,Received an expired out of sequence packet ,104355,104410
204.965,Received an expired out of sequence packet ,104356,104410
204.965,Received an expired out of sequence packet ,104357,104410
204.965,Received an expired out of sequence packet ,104358,104410
204.971,Received an expired out of sequence packet ,104359,104410
204.974,Received an expired out of sequence packet ,104360,104410
204.974,Received an expired out of sequence packet ,104361,104410
204.974,Received an expired out of sequence packet ,104362,104410
204.974,Received an expired out of sequence packet ,104363,104410
204.974,Received an expired out of sequence packet ,104364,104410
204.974,Received an expired out of sequence packet ,104365,104410
204.974,Received an expired out of sequence packet ,104366,104410
204.974,Received an expired out of sequence packet ,104367,104410
204.976,Received an expired out of sequence packet ,104368,104410
204.976,Received an expired out of sequence packet ,104369,104410
204.976,Received an expired out of sequence packet ,104370,104410
204.977,Received an expired out of sequence packet ,104371,104410
204.981,Received an expired out of sequence packet ,104372,104410
204.981,Received an expired out of sequence packet ,104373,104410
204.982,Received an expired out of sequence packet ,104374,104410
204.982,Received an expired out of sequence packet ,104375,104410
204.983,Received an expired out of sequence packet ,104376,104410
204.983,Received an expired out of sequence packet ,104377,104410
204.985,Received an expired out of sequence packet ,104378,104410
204.99,Received an expired out of sequence packet ,104379,104410
204.99,Received an expired out of sequence packet ,104380,104410
204.99,Received an expired out of sequence packet ,104381,104410
204.993,Received an expired out of sequence packet ,104382,104410
204.993,Received an expired out of sequence packet ,104383,104410
204.994,Received an expired out of sequence packet ,104384,104410
204.994,Received an expired out of sequence packet ,104385,104410
204.996,Received an expired out of sequence packet ,104386,104410
205,Received an expired out of sequence packet ,104387,104410
205,Received an expired out of sequence packet ,104388,104410
205.004,Received an expired out of sequence packet ,104389,104410
205.004,Received an expired out of sequence packet ,104390,104410
205.004,Received an expired out of sequence packet ,104391,104410
205.004,Received an expired out of sequence packet ,104392,104410
205.007,Received an expired out of sequence packet ,104393,104410
205.007,Received an expired out of sequence packet ,104394,104410
205.01,Received an expired out of sequence packet ,104395,104410
205.01,Received an expired out of sequence packet ,104396,104410
205.01,Received an expired out of sequence packet ,104397,104410
205.013,Received an expired out of sequence packet ,104398,104410
205.014,Received an expired out of sequence packet ,104399,104410
205.014,Received an expired out of sequence packet ,104400,104410
205.016,Received an expired out of sequence packet ,104401,104410
205.016,Received an expired out of sequence packet ,104402,104410
205.02,Received an expired out of sequence packet ,104403,104410
205.02,Received an expired out of sequence packet ,104404,104410
205.022,Received an expired out of sequence packet ,104405,104410
205.022,Received an expired out of sequence packet ,104406,104410
205.022,Received an expired out of sequence packet ,104407,104410
205.024,Received an expired out of sequence packet ,104408,104410
205.024,Received an expired out of sequence packet ,104409,104410
231.35,Timeout
231.35,clearing sending list because of timeout
231.351,Received an expired out of sequence packet ,122971,123041
232.351,Timeout
232.351,clearing sending list because of timeout
232.362,Received an expired out of sequence packet ,122972,123043
232.656,Received an expired out of sequence packet ,122973,123043
232.67,Received an expired out of sequence packet ,122974,123043
232.672,Received an expired out of sequence packet ,122975,123043
232.682,Received an expired out of sequence packet ,122976,123043
232.685,Received an expired out of sequence packet ,122977,123043
232.7,Received an expired out of sequence packet ,122978,123043
232.7,Received an expired out of sequence packet ,122979,123043
232.706,Received an expired out of sequence packet ,122980,123043
232.709,Received an expired out of sequence packet ,122981,123043
232.726,Received an expired out of sequence packet ,122982,123043
232.728,Received an expired out of sequence packet ,122983,123043
232.73,Received an expired out of sequence packet ,122984,123043
232.735,Received an expired out of sequence packet ,122985,123043
232.748,Received an expired out of sequence packet ,122986,123043
232.75,Received an expired out of sequence packet ,122987,123043
232.752,Received an expired out of sequence packet ,122988,123043
232.759,Received an expired out of sequence packet ,122989,123043
232.764,Received an expired out of sequence packet ,122990,123043
232.766,Received an expired out of sequence packet ,122991,123043
232.776,Received an expired out of sequence packet ,122992,123043
232.777,Received an expired out of sequence packet ,122993,123043
232.788,Received an expired out of sequence packet ,122994,123043
232.797,Received an expired out of sequence packet ,122995,123043
232.799,Received an expired out of sequence packet ,122996,123043
232.805,Received an expired out of sequence packet ,122997,123043
232.819,Received an expired out of sequence packet ,122998,123043
232.822,Received an expired out of sequence packet ,122999,123043
232.822,Received an expired out of sequence packet ,123000,123043
232.822,Received an expired out of sequence packet ,123001,123043
232.826,Received an expired out of sequence packet ,123002,123043
232.832,Received an expired out of sequence packet ,123003,123043
232.836,Received an expired out of sequence packet ,123004,123043
232.838,Received an expired out of sequence packet ,123005,123043
232.84,Received an expired out of sequence packet ,123006,123043
232.842,Received an expired out of sequence packet ,123007,123043
232.844,Received an expired out of sequence packet ,123008,123043
232.845,Received an expired out of sequence packet ,123009,123043
232.846,Received an expired out of sequence packet ,123010,123043
232.856,Received an expired out of sequence packet ,123011,123043
232.856,Received an expired out of sequence packet ,123012,123043
232.856,Received an expired out of sequence packet ,123013,123043
232.858,Received an expired out of sequence packet ,123014,123043
232.858,Received an expired out of sequence packet ,123015,123043
232.858,Received an expired out of sequence packet ,123016,123043
232.859,Received an expired out of sequence packet ,123017,123043
232.862,Received an expired out of sequence packet ,123018,123043
232.868,Received an expired out of sequence packet ,123019,123043
232.869,Received an expired out of sequence packet ,123020,123043
232.87,Received an expired out of sequence packet ,123021,123043
232.87,Received an expired out of sequence packet ,123022,123043
232.87,Received an expired out of sequence packet ,123023,123043
232.875,Received an expired out of sequence packet ,123024,123043
232.876,Received an expired out of sequence packet ,123025,123043
232.876,Received an expired out of sequence packet ,123026,123043
232.879,Received an expired out of sequence packet ,123027,123043
232.891,Received an expired out of sequence packet ,123028,123043
232.907,Received an expired out of sequence packet ,123029,123043
232.907,Received an expired out of sequence packet ,123030,123043
232.908,Received an expired out of sequence packet ,123031,123043
232.911,Received an expired out of sequence packet ,123032,123043
232.913,Received an expired out of sequence packet ,123033,123043
232.918,Received an expired out of sequence packet ,123034,123043
232.918,Received an expired out of sequence packet ,123035,123043
232.921,Received an expired out of sequence packet ,123036,123043
232.927,Received an expired out of sequence packet ,123037,123043
232.932,Received an expired out of sequence packet ,123038,123043
232.934,Received an expired out of sequence packet ,123039,123043
232.939,Received an expired out of sequence packet ,123040,123043
232.942,Received an expired out of sequence packet ,123041,123043
232.945,Received an expired out of sequence packet ,123042,123043
265.699,Timeout
265.699,clearing sending list because of timeout
265.731,Received an expired out of sequence packet ,136686,136687
272.007,Timeout
272.007,clearing sending list because of timeout
272.02,Received an expired out of sequence packet ,138295,138607
273.02,Timeout
273.02,clearing sending list because of timeout
273.022,Received an expired out of sequence packet ,138296,138609
274.018,Received an expired out of sequence packet ,138297,138609
274.018,Received an expired out of sequence packet ,138298,138609
274.905,Received an expired out of sequence packet ,138299,138609
274.911,Received an expired out of sequence packet ,138300,138609
274.911,Received an expired out of sequence packet ,138301,138609
274.911,Received an expired out of sequence packet ,138302,138609
274.911,Received an expired out of sequence packet ,138303,138609
274.911,Received an expired out of sequence packet ,138304,138609
274.911,Received an expired out of sequence packet ,138305,138609
274.911,Received an expired out of sequence packet ,138306,138609
274.911,Received an expired out of sequence packet ,138307,138609
274.911,Received an expired out of sequence packet ,138308,138609
274.911,Received an expired out of sequence packet ,138309,138609
274.911,Received an expired out of sequence packet ,138310,138609
274.911,Received an expired out of sequence packet ,138311,138609
274.911,Received an expired out of sequence packet ,138312,138609
274.912,Received an expired out of sequence packet ,138313,138609
274.914,Received an expired out of sequence packet ,138314,138609
274.914,Received an expired out of sequence packet ,138315,138609
274.914,Received an expired out of sequence packet ,138316,138609
274.917,Received an expired out of sequence packet ,138317,138609
274.917,Received an expired out of sequence packet ,138318,138609
274.917,Received an expired out of sequence packet ,138319,138609
274.917,Received an expired out of sequence packet ,138320,138609
274.917,Received an expired out of sequence packet ,138321,138609
274.918,Received an expired out of sequence packet ,138322,138609
274.918,Received an expired out of sequence packet ,138323,138609
274.918,Received an expired out of sequence packet ,138324,138609
274.918,Received an expired out of sequence packet ,138325,138609
274.918,Received an expired out of sequence packet ,138326,138609
274.918,Received an expired out of sequence packet ,138327,138609
274.918,Received an expired out of sequence packet ,138328,138609
274.918,Received an expired out of sequence packet ,138329,138609
274.921,Received an expired out of sequence packet ,138330,138609
274.921,Received an expired out of sequence packet ,138331,138609
274.921,Received an expired out of sequence packet ,138332,138609
274.921,Received an expired out of sequence packet ,138333,138609
274.922,Received an expired out of sequence packet ,138334,138609
274.922,Received an expired out of sequence packet ,138335,138609
274.922,Received an expired out of sequence packet ,138336,138609
274.922,Received an expired out of sequence packet ,138337,138609
274.922,Received an expired out of sequence packet ,138338,138609
274.922,Received an expired out of sequence packet ,138339,138609
274.922,Received an expired out of sequence packet ,138340,138609
274.923,Received an expired out of sequence packet ,138341,138609
274.923,Received an expired out of sequence packet ,138342,138609
274.923,Received an expired out of sequence packet ,138343,138609
274.923,Received an expired out of sequence packet ,138344,138609
274.924,Received an expired out of sequence packet ,138345,138609
274.924,Received an expired out of sequence packet ,138346,138609
274.924,Received an expired out of sequence packet ,138347,138609
274.924,Received an expired out of sequence packet ,138348,138609
274.926,Received an expired out of sequence packet ,138349,138609
274.926,Received an expired out of sequence packet ,138350,138609
274.926,Received an expired out of sequence packet ,138351,138609
274.926,Received an expired out of sequence packet ,138352,138609
274.937,Received an expired out of sequence packet ,138353,138609
274.937,Received an expired out of sequence packet ,138354,138609
274.937,Received an expired out of sequence packet ,138355,138609
274.938,Received an expired out of sequence packet ,138356,138609
274.938,Received an expired out of sequence packet ,138357,138609
274.938,Received an expired out of sequence packet ,138358,138609
274.939,Received an expired out of sequence packet ,138359,138609
274.939,Received an expired out of sequence packet ,138360,138609
274.939,Received an expired out of sequence packet ,138361,138609
274.939,Received an expired out of sequence packet ,138362,138609
274.939,Received an expired out of sequence packet ,138363,138609
274.94,Received an expired out of sequence packet ,138364,138609
274.941,Received an expired out of sequence packet ,138365,138609
274.941,Received an expired out of sequence packet ,138366,138609
274.941,Received an expired out of sequence packet ,138367,138609
274.941,Received an expired out of sequence packet ,138368,138609
274.945,Received an expired out of sequence packet ,138369,138609
274.945,Received an expired out of sequence packet ,138370,138609
274.945,Received an expired out of sequence packet ,138371,138609
274.945,Received an expired out of sequence packet ,138372,138609
274.945,Received an expired out of sequence packet ,138373,138609
274.945,Received an expired out of sequence packet ,138374,138609
274.945,Received an expired out of sequence packet ,138375,138609
274.956,Received an expired out of sequence packet ,138376,138609
274.956,Received an expired out of sequence packet ,138377,138609
274.956,Received an expired out of sequence packet ,138378,138609
274.956,Received an expired out of sequence packet ,138379,138609
274.956,Received an expired out of sequence packet ,138380,138609
274.956,Received an expired out of sequence packet ,138381,138609
274.956,Received an expired out of sequence packet ,138382,138609
274.956,Received an expired out of sequence packet ,138383,138609
274.956,Received an expired out of sequence packet ,138384,138609
274.956,Received an expired out of sequence packet ,138385,138609
274.957,Received an expired out of sequence packet ,138386,138609
274.957,Received an expired out of sequence packet ,138387,138609
274.957,Received an expired out of sequence packet ,138388,138609
274.957,Received an expired out of sequence packet ,138389,138609
274.957,Received an expired out of sequence packet ,138390,138609
274.957,Received an expired out of sequence packet ,138391,138609
274.957,Received an expired out of sequence packet ,138392,138609
274.957,Received an expired out of sequence packet ,138393,138609
274.957,Received an expired out of sequence packet ,138394,138609
274.96,Received an expired out of sequence packet ,138395,138609
274.96,Received an expired out of sequence packet ,138396,138609
274.96,Received an expired out of sequence packet ,138397,138609
274.96,Received an expired out of sequence packet ,138398,138609
274.96,Received an expired out of sequence packet ,138399,138609
274.961,Received an expired out of sequence packet ,138400,138609
274.966,Received an expired out of sequence packet ,138401,138609
274.969,Received an expired out of sequence packet ,138402,138609
274.971,Received an expired out of sequence packet ,138403,138609
274.971,Received an expired out of sequence packet ,138404,138609
274.971,Received an expired out of sequence packet ,138405,138609
274.971,Received an expired out of sequence packet ,138406,138609
274.971,Received an expired out of sequence packet ,138407,138609
274.971,Received an expired out of sequence packet ,138408,138609
274.971,Received an expired out of sequence packet ,138409,138609
274.971,Received an expired out of sequence packet ,138410,138609
274.971,Received an expired out of sequence packet ,138411,138609
274.971,Received an expired out of sequence packet ,138412,138609
274.973,Received an expired out of sequence packet ,138413,138609
274.973,Received an expired out of sequence packet ,138414,138609
274.973,Received an expired out of sequence packet ,138415,138609
274.973,Received an expired out of sequence packet ,138416,138609
274.973,Received an expired out of sequence packet ,138417,138609
274.973,Received an expired out of sequence packet ,138418,138609
274.976,Received an expired out of sequence packet ,138419,138609
274.976,Received an expired out of sequence packet ,138420,138609
274.977,Received an expired out of sequence packet ,138421,138609
274.977,Received an expired out of sequence packet ,138422,138609
274.979,Received an expired out of sequence packet ,138423,138609
274.979,Received an expired out of sequence packet ,138424,138609
274.979,Received an expired out of sequence packet ,138425,138609
274.979,Received an expired out of sequence packet ,138426,138609
274.979,Received an expired out of sequence packet ,138427,138609
274.984,Received an expired out of sequence packet ,138428,138609
274.984,Received an expired out of sequence packet ,138429,138609
274.984,Received an expired out of sequence packet ,138430,138609
274.984,Received an expired out of sequence packet ,138431,138609
274.986,Received an expired out of sequence packet ,138432,138609
274.986,Received an expired out of sequence packet ,138433,138609
274.986,Received an expired out of sequence packet ,138434,138609
274.986,Received an expired out of sequence packet ,138435,138609
274.986,Received an expired out of sequence packet ,138436,138609
274.986,Received an expired out of sequence packet ,138437,138609
274.986,Received an expired out of sequence packet ,138438,138609
274.989,Received an expired out of sequence packet ,138439,138609
274.989,Received an expired out of sequence packet ,138440,138609
274.989,Received an expired out of sequence packet ,138441,138609
274.989,Received an expired out of sequence packet ,138442,138609
274.989,Received an expired out of sequence packet ,138443,138609
274.991,Received an expired out of sequence packet ,138444,138609
274.992,Received an expired out of sequence packet ,138445,138609
274.992,Received an expired out of sequence packet ,138446,138609
274.992,Received an expired out of sequence packet ,138447,138609
274.992,Received an expired out of sequence packet ,138448,138609
274.995,Received an expired out of sequence packet ,138449,138609
274.995,Received an expired out of sequence packet ,138450,138609
274.995,Received an expired out of sequence packet ,138451,138609
274.995,Received an expired out of sequence packet ,138452,138609
274.995,Received an expired out of sequence packet ,138453,138609
275.004,Received an expired out of sequence packet ,138454,138609
275.004,Received an expired out of sequence packet ,138455,138609
275.004,Received an expired out of sequence packet ,138456,138609
275.009,Received an expired out of sequence packet ,138457,138609
275.009,Received an expired out of sequence packet ,138458,138609
275.009,Received an expired out of sequence packet ,138459,138609
275.009,Received an expired out of sequence packet ,138460,138609
275.009,Received an expired out of sequence packet ,138461,138609
275.009,Received an expired out of sequence packet ,138462,138609
275.009,Received an expired out of sequence packet ,138463,138609
275.009,Received an expired out of sequence packet ,138464,138609
275.009,Received an expired out of sequence packet ,138465,138609
275.009,Received an expired out of sequence packet ,138466,138609
275.009,Received an expired out of sequence packet ,138467,138609
275.009,Received an expired out of sequence packet ,138468,138609
275.009,Received an expired out of sequence packet ,138469,138609
275.009,Received an expired out of sequence packet ,138470,138609
275.009,Received an expired out of sequence packet ,138471,138609
275.009,Received an expired out of sequence packet ,138472,138609
275.01,Received an expired out of sequence packet ,138473,138609
275.01,Received an expired out of sequence packet ,138474,138609
275.01,Received an expired out of sequence packet ,138475,138609
275.011,Received an expired out of sequence packet ,138476,138609
275.011,Received an expired out of sequence packet ,138477,138609
275.011,Received an expired out of sequence packet ,138478,138609
275.011,Received an expired out of sequence packet ,138479,138609
275.011,Received an expired out of sequence packet ,138480,138609
275.011,Received an expired out of sequence packet ,138481,138609
275.011,Received an expired out of sequence packet ,138482,138609
275.011,Received an expired out of sequence packet ,138483,138609
275.014,Received an expired out of sequence packet ,138484,138609
275.014,Received an expired out of sequence packet ,138485,138609
275.014,Received an expired out of sequence packet ,138486,138609
275.014,Received an expired out of sequence packet ,138487,138609
275.014,Received an expired out of sequence packet ,138488,138609
275.019,Received an expired out of sequence packet ,138489,138609
275.019,Received an expired out of sequence packet ,138490,138609
275.019,Received an expired out of sequence packet ,138491,138609
275.019,Received an expired out of sequence packet ,138492,138609
275.019,Received an expired out of sequence packet ,138493,138609
275.019,Received an expired out of sequence packet ,138494,138609
275.019,Received an expired out of sequence packet ,138495,138609
275.024,Received an expired out of sequence packet ,138496,138609
275.024,Received an expired out of sequence packet ,138497,138609
275.024,Received an expired out of sequence packet ,138498,138609
275.024,Received an expired out of sequence packet ,138499,138609
275.024,Received an expired out of sequence packet ,138500,138609
275.024,Received an expired out of sequence packet ,138501,138609
275.024,Received an expired out of sequence packet ,138502,138609
275.024,Received an expired out of sequence packet ,138503,138609
275.024,Received an expired out of sequence packet ,138504,138609
275.024,Received an expired out of sequence packet ,138505,138609
275.024,Received an expired out of sequence packet ,138506,138609
275.03,Received an expired out of sequence packet ,138507,138609
275.03,Received an expired out of sequence packet ,138508,138609
275.03,Received an expired out of sequence packet ,138509,138609
275.034,Received an expired out of sequence packet ,138510,138609
275.042,Received an expired out of sequence packet ,138511,138609
275.042,Received an expired out of sequence packet ,138512,138609
275.042,Received an expired out of sequence packet ,138513,138609
275.042,Received an expired out of sequence packet ,138514,138609
275.042,Received an expired out of sequence packet ,138515,138609
275.042,Received an expired out of sequence packet ,138516,138609
275.042,Received an expired out of sequence packet ,138517,138609
275.042,Received an expired out of sequence packet ,138518,138609
275.042,Received an expired out of sequence packet ,138519,138609
275.042,Received an expired out of sequence packet ,138520,138609
275.042,Received an expired out of sequence packet ,138521,138609
275.042,Received an expired out of sequence packet ,138522,138609
275.049,Received an expired out of sequence packet ,138523,138609
275.049,Received an expired out of sequence packet ,138524,138609
275.05,Received an expired out of sequence packet ,138525,138609
275.05,Received an expired out of sequence packet ,138526,138609
275.05,Received an expired out of sequence packet ,138527,138609
275.05,Received an expired out of sequence packet ,138528,138609
275.05,Received an expired out of sequence packet ,138529,138609
275.05,Received an expired out of sequence packet ,138530,138609
275.05,Received an expired out of sequence packet ,138531,138609
275.05,Received an expired out of sequence packet ,138532,138609
275.05,Received an expired out of sequence packet ,138533,138609
275.05,Received an expired out of sequence packet ,138534,138609
275.05,Received an expired out of sequence packet ,138535,138609
275.05,Received an expired out of sequence packet ,138536,138609
275.05,Received an expired out of sequence packet ,138537,138609
275.05,Received an expired out of sequence packet ,138538,138609
275.05,Received an expired out of sequence packet ,138539,138609
275.05,Received an expired out of sequence packet ,138540,138609
275.05,Received an expired out of sequence packet ,138541,138609
275.05,Received an expired out of sequence packet ,138542,138609
275.05,Received an expired out of sequence packet ,138543,138609
275.05,Received an expired out of sequence packet ,138544,138609
275.05,Received an expired out of sequence packet ,138545,138609
275.05,Received an expired out of sequence packet ,138546,138609
275.051,Received an expired out of sequence packet ,138547,138609
275.051,Received an expired out of sequence packet ,138548,138609
275.051,Received an expired out of sequence packet ,138549,138609
275.051,Received an expired out of sequence packet ,138550,138609
275.051,Received an expired out of sequence packet ,138551,138609
275.058,Received an expired out of sequence packet ,138552,138609
275.058,Received an expired out of sequence packet ,138553,138609
275.058,Received an expired out of sequence packet ,138554,138609
275.058,Received an expired out of sequence packet ,138555,138609
275.058,Received an expired out of sequence packet ,138556,138609
275.058,Received an expired out of sequence packet ,138557,138609
275.062,Received an expired out of sequence packet ,138558,138609
275.062,Received an expired out of sequence packet ,138559,138609
275.062,Received an expired out of sequence packet ,138560,138609
275.062,Received an expired out of sequence packet ,138561,138609
275.062,Received an expired out of sequence packet ,138562,138609
275.062,Received an expired out of sequence packet ,138563,138609
275.062,Received an expired out of sequence packet ,138564,138609
275.062,Received an expired out of sequence packet ,138565,138609
275.071,Received an expired out of sequence packet ,138566,138609
275.071,Received an expired out of sequence packet ,138567,138609
275.071,Received an expired out of sequence packet ,138568,138609
275.073,Received an expired out of sequence packet ,138569,138609
275.073,Received an expired out of sequence packet ,138570,138609
275.073,Received an expired out of sequence packet ,138571,138609
275.073,Received an expired out of sequence packet ,138572,138609
275.073,Received an expired out of sequence packet ,138573,138609
275.073,Received an expired out of sequence packet ,138574,138609
275.073,Received an expired out of sequence packet ,138575,138609
275.073,Received an expired out of sequence packet ,138576,138609
275.073,Received an expired out of sequence packet ,138577,138609
275.073,Received an expired out of sequence packet ,138578,138609
275.073,Received an expired out of sequence packet ,138579,138609
275.073,Received an expired out of sequence packet ,138580,138609
275.074,Received an expired out of sequence packet ,138581,138609
275.074,Received an expired out of sequence packet ,138582,138609
275.074,Received an expired out of sequence packet ,138583,138609
275.074,Received an expired out of sequence packet ,138584,138609
275.074,Received an expired out of sequence packet ,138585,138609
275.074,Received an expired out of sequence packet ,138586,138609
275.074,Received an expired out of sequence packet ,138587,138609
275.079,Received an expired out of sequence packet ,138588,138609
275.08,Received an expired out of sequence packet ,138589,138609
275.08,Received an expired out of sequence packet ,138590,138609
275.08,Received an expired out of sequence packet ,138591,138609
275.08,Received an expired out of sequence packet ,138592,138609
275.08,Received an expired out of sequence packet ,138593,138609
275.082,Received an expired out of sequence packet ,138594,138609
275.082,Received an expired out of sequence packet ,138595,138609
275.082,Received an expired out of sequence packet ,138596,138609
275.082,Received an expired out of sequence packet ,138597,138609
275.083,Received an expired out of sequence packet ,138598,138609
275.085,Received an expired out of sequence packet ,138599,138609
275.085,Received an expired out of sequence packet ,138600,138609
275.086,Received an expired out of sequence packet ,138601,138609
275.087,Received an expired out of sequence packet ,138602,138609
275.088,Received an expired out of sequence packet ,138603,138609
275.093,Received an expired out of sequence packet ,138604,138609
275.093,Received an expired out of sequence packet ,138605,138609
275.093,Received an expired out of sequence packet ,138606,138609
275.094,Received an expired out of sequence packet ,138607,138609
275.094,Received an expired out of sequence packet ,138608,138609
287.883,Timeout
287.883,clearing sending list because of timeout
288.272,Timeout
288.272,clearing sending list because of timeout
288.555,Received an expired out of sequence packet ,151720,151849
288.558,Received an expired out of sequence packet ,151721,151849
288.631,Received an expired out of sequence packet ,151722,151849
288.631,Received an expired out of sequence packet ,151723,151849
288.631,Received an expired out of sequence packet ,151724,151849
288.631,Received an expired out of sequence packet ,151725,151849
288.631,Received an expired out of sequence packet ,151726,151849
288.631,Received an expired out of sequence packet ,151727,151849
288.631,Received an expired out of sequence packet ,151728,151849
288.631,Received an expired out of sequence packet ,151729,151849
288.631,Received an expired out of sequence packet ,151730,151849
288.631,Received an expired out of sequence packet ,151731,151849
288.631,Received an expired out of sequence packet ,151732,151849
288.634,Received an expired out of sequence packet ,151733,151849
288.663,Received an expired out of sequence packet ,151734,151849
288.663,Received an expired out of sequence packet ,151735,151849
288.663,Received an expired out of sequence packet ,151736,151849
288.663,Received an expired out of sequence packet ,151737,151849
288.663,Received an expired out of sequence packet ,151738,151849
288.663,Received an expired out of sequence packet ,151739,151849
288.663,Received an expired out of sequence packet ,151740,151849
288.663,Received an expired out of sequence packet ,151741,151849
288.663,Received an expired out of sequence packet ,151742,151849
288.665,Received an expired out of sequence packet ,151743,151849
288.665,Received an expired out of sequence packet ,151744,151849
288.665,Received an expired out of sequence packet ,151745,151849
288.665,Received an expired out of sequence packet ,151746,151849
288.679,Received an expired out of sequence packet ,151747,151849
288.679,Received an expired out of sequence packet ,151748,151849
288.679,Received an expired out of sequence packet ,151749,151849
288.679,Received an expired out of sequence packet ,151750,151849
288.679,Received an expired out of sequence packet ,151751,151849
288.679,Received an expired out of sequence packet ,151752,151849
288.679,Received an expired out of sequence packet ,151753,151849
288.679,Received an expired out of sequence packet ,151754,151849
288.679,Received an expired out of sequence packet ,151755,151849
288.679,Received an expired out of sequence packet ,151756,151849
288.687,Received an expired out of sequence packet ,151757,151849
288.687,Received an expired out of sequence packet ,151758,151849
288.687,Received an expired out of sequence packet ,151759,151849
288.687,Received an expired out of sequence packet ,151760,151849
288.695,Received an expired out of sequence packet ,151761,151849
288.695,Received an expired out of sequence packet ,151762,151849
288.698,Received an expired out of sequence packet ,151763,151849
288.698,Received an expired out of sequence packet ,151764,151849
288.698,Received an expired out of sequence packet ,151765,151849
288.698,Received an expired out of sequence packet ,151766,151849
288.698,Received an expired out of sequence packet ,151767,151849
288.698,Received an expired out of sequence packet ,151768,151849
288.698,Received an expired out of sequence packet ,151769,151849
288.698,Received an expired out of sequence packet ,151770,151849
288.74,Received an expired out of sequence packet ,151771,151849
288.74,Received an expired out of sequence packet ,151772,151849
288.74,Received an expired out of sequence packet ,151773,151849
288.74,Received an expired out of sequence packet ,151774,151849
288.74,Received an expired out of sequence packet ,151775,151849
288.74,Received an expired out of sequence packet ,151776,151849
288.827,Received an expired out of sequence packet ,151777,151849
288.827,Received an expired out of sequence packet ,151778,151849
288.827,Received an expired out of sequence packet ,151779,151849
288.827,Received an expired out of sequence packet ,151780,151849
288.832,Received an expired out of sequence packet ,151781,151849
288.832,Received an expired out of sequence packet ,151782,151849
288.832,Received an expired out of sequence packet ,151783,151849
288.832,Received an expired out of sequence packet ,151784,151849
288.833,Received an expired out of sequence packet ,151785,151849
288.833,Received an expired out of sequence packet ,151786,151849
288.833,Received an expired out of sequence packet ,151787,151849
288.833,Received an expired out of sequence packet ,151788,151849
288.833,Received an expired out of sequence packet ,151789,151849
288.833,Received an expired out of sequence packet ,151790,151849
288.833,Received an expired out of sequence packet ,151791,151849
288.833,Received an expired out of sequence packet ,151792,151849
288.833,Received an expired out of sequence packet ,151793,151849
288.833,Received an expired out of sequence packet ,151794,151849
288.833,Received an expired out of sequence packet ,151795,151849
288.833,Received an expired out of sequence packet ,151796,151849
288.833,Received an expired out of sequence packet ,151797,151849
288.833,Received an expired out of sequence packet ,151798,151849
288.833,Received an expired out of sequence packet ,151799,151849
288.833,Received an expired out of sequence packet ,151800,151849
288.833,Received an expired out of sequence packet ,151801,151849
288.834,Received an expired out of sequence packet ,151802,151849
288.834,Received an expired out of sequence packet ,151803,151849
288.834,Received an expired out of sequence packet ,151804,151849
288.834,Received an expired out of sequence packet ,151805,151849
288.834,Received an expired out of sequence packet ,151806,151849
288.834,Received an expired out of sequence packet ,151807,151849
288.834,Received an expired out of sequence packet ,151808,151849
288.834,Received an expired out of sequence packet ,151809,151849
288.834,Received an expired out of sequence packet ,151810,151849
288.835,Received an expired out of sequence packet ,151811,151849
288.835,Received an expired out of sequence packet ,151812,151849
288.836,Received an expired out of sequence packet ,151813,151849
288.836,Received an expired out of sequence packet ,151814,151849
288.836,Received an expired out of sequence packet ,151815,151849
288.836