1.43927,Exit slow start,exceeding SS_EXIT_THRESHOLD
8.71326,Missing packet expired,3639
10.2625,Timeout
10.2625,clearing sending list because of timeout
10.3416,Received an expired out of sequence packet ,4906,4963
10.3416,Received an expired out of sequence packet ,4907,4963
10.3416,Received an expired out of sequence packet ,4908,4963
10.3567,Received an expired out of sequence packet ,4909,4963
10.3588,Received an expired out of sequence packet ,4910,4963
10.3598,Received an expired out of sequence packet ,4911,4963
10.3598,Received an expired out of sequence packet ,4912,4963
10.3639,Received an expired out of sequence packet ,4913,4963
10.378,Received an expired out of sequence packet ,4914,4963
10.378,Received an expired out of sequence packet ,4915,4963
10.378,Received an expired out of sequence packet ,4916,4963
10.378,Received an expired out of sequence packet ,4917,4963
10.38,Received an expired out of sequence packet ,4918,4963
10.3853,Received an expired out of sequence packet ,4919,4963
10.3853,Received an expired out of sequence packet ,4920,4963
10.3853,Received an expired out of sequence packet ,4921,4963
10.3983,Received an expired out of sequence packet ,4922,4963
10.4005,Received an expired out of sequence packet ,4923,4963
10.4005,Received an expired out of sequence packet ,4924,4963
10.4034,Received an expired out of sequence packet ,4925,4963
10.4034,Received an expired out of sequence packet ,4926,4963
10.4095,Received an expired out of sequence packet ,4927,4963
10.4096,Received an expired out of sequence packet ,4928,4963
10.4216,Received an expired out of sequence packet ,4929,4963
10.4216,Received an expired out of sequence packet ,4930,4963
10.4247,Received an expired out of sequence packet ,4931,4963
10.4389,Received an expired out of sequence packet ,4932,4963
10.4389,Received an expired out of sequence packet ,4933,4963
10.4399,Received an expired out of sequence packet ,4934,4963
10.4522,Received an expired out of sequence packet ,4935,4963
10.4554,Received an expired out of sequence packet ,4936,4963
10.4575,Received an expired out of sequence packet ,4937,4963
10.4575,Received an expired out of sequence packet ,4938,4963
10.4575,Received an expired out of sequence packet ,4939,4963
10.4575,Received an expired out of sequence packet ,4940,4963
10.4576,Received an expired out of sequence packet ,4941,4963
10.4576,Received an expired out of sequence packet ,4942,4963
10.4576,Received an expired out of sequence packet ,4943,4963
10.4576,Received an expired out of sequence packet ,4944,4963
10.4576,Received an expired out of sequence packet ,4945,4963
10.4576,Received an expired out of sequence packet ,4946,4963
10.4586,Received an expired out of sequence packet ,4947,4963
10.4587,Received an expired out of sequence packet ,4948,4963
10.4587,Received an expired out of sequence packet ,4949,4963
10.4587,Received an expired out of sequence packet ,4950,4963
10.4601,Received an expired out of sequence packet ,4951,4963
10.4602,Received an expired out of sequence packet ,4952,4963
10.4623,Received an expired out of sequence packet ,4953,4963
10.4623,Received an expired out of sequence packet ,4954,4963
10.4655,Received an expired out of sequence packet ,4955,4963
10.4656,Received an expired out of sequence packet ,4956,4963
10.4787,Received an expired out of sequence packet ,4957,4963
10.4787,Received an expired out of sequence packet ,4958,4963
10.4798,Received an expired out of sequence packet ,4959,4963
10.4799,Received an expired out of sequence packet ,4960,4963
10.481,Received an expired out of sequence packet ,4961,4963
10.4831,Received an expired out of sequence packet ,4962,4963
14.4059,Timeout
14.4059,clearing sending list because of timeout
14.4082,Received an expired out of sequence packet ,6241,6346
15.0188,Received an expired out of sequence packet ,6242,6346
15.0219,Received an expired out of sequence packet ,6243,6346
15.041,Received an expired out of sequence packet ,6244,6346
15.041,Received an expired out of sequence packet ,6245,6346
15.0441,Received an expired out of sequence packet ,6246,6346
15.0441,Received an expired out of sequence packet ,6247,6346
15.052,Received an expired out of sequence packet ,6248,6346
15.0521,Received an expired out of sequence packet ,6249,6346
15.0521,Received an expired out of sequence packet ,6250,6346
15.0562,Received an expired out of sequence packet ,6251,6346
15.0562,Received an expired out of sequence packet ,6252,6346
15.0562,Received an expired out of sequence packet ,6253,6346
15.0583,Received an expired out of sequence packet ,6254,6346
15.0594,Received an expired out of sequence packet ,6255,6346
15.0594,Received an expired out of sequence packet ,6256,6346
15.0594,Received an expired out of sequence packet ,6257,6346
15.0594,Received an expired out of sequence packet ,6258,6346
15.0594,Received an expired out of sequence packet ,6259,6346
15.0595,Received an expired out of sequence packet ,6260,6346
15.0595,Received an expired out of sequence packet ,6261,6346
15.0595,Received an expired out of sequence packet ,6262,6346
15.0595,Received an expired out of sequence packet ,6263,6346
15.0595,Received an expired out of sequence packet ,6264,6346
15.0596,Received an expired out of sequence packet ,6265,6346
15.0596,Received an expired out of sequence packet ,6266,6346
15.0596,Received an expired out of sequence packet ,6267,6346
15.0596,Received an expired out of sequence packet ,6268,6346
15.0596,Received an expired out of sequence packet ,6269,6346
15.0597,Received an expired out of sequence packet ,6270,6346
15.0597,Received an expired out of sequence packet ,6271,6346
15.0597,Received an expired out of sequence packet ,6272,6346
15.0597,Received an expired out of sequence packet ,6273,6346
15.0597,Received an expired out of sequence packet ,6274,6346
15.0597,Received an expired out of sequence packet ,6275,6346
15.0692,Received an expired out of sequence packet ,6276,6346
15.0853,Received an expired out of sequence packet ,6277,6346
15.0853,Received an expired out of sequence packet ,6278,6346
15.0895,Received an expired out of sequence packet ,6279,6346
15.0895,Received an expired out of sequence packet ,6280,6346
15.1067,Received an expired out of sequence packet ,6281,6346
15.1067,Received an expired out of sequence packet ,6282,6346
15.1067,Received an expired out of sequence packet ,6283,6346
15.1068,Received an expired out of sequence packet ,6284,6346
15.1068,Received an expired out of sequence packet ,6285,6346
15.1098,Received an expired out of sequence packet ,6286,6346
15.1098,Received an expired out of sequence packet ,6287,6346
15.118,Received an expired out of sequence packet ,6288,6346
15.118,Received an expired out of sequence packet ,6289,6346
15.118,Received an expired out of sequence packet ,6290,6346
15.1191,Received an expired out of sequence packet ,6291,6346
15.1191,Received an expired out of sequence packet ,6292,6346
15.1191,Received an expired out of sequence packet ,6293,6346
15.1222,Received an expired out of sequence packet ,6294,6346
15.1222,Received an expired out of sequence packet ,6295,6346
15.1223,Received an expired out of sequence packet ,6296,6346
15.1223,Received an expired out of sequence packet ,6297,6346
15.1223,Received an expired out of sequence packet ,6298,6346
15.1244,Received an expired out of sequence packet ,6299,6346
15.1244,Received an expired out of sequence packet ,6300,6346
15.1244,Received an expired out of sequence packet ,6301,6346
15.1244,Received an expired out of sequence packet ,6302,6346
15.1244,Received an expired out of sequence packet ,6303,6346
15.1245,Received an expired out of sequence packet ,6304,6346
15.1245,Received an expired out of sequence packet ,6305,6346
15.1245,Received an expired out of sequence packet ,6306,6346
15.1245,Received an expired out of sequence packet ,6307,6346
15.1245,Received an expired out of sequence packet ,6308,6346
15.1245,Received an expired out of sequence packet ,6309,6346
15.1246,Received an expired out of sequence packet ,6310,6346
15.1246,Received an expired out of sequence packet ,6311,6346
15.1661,Received an expired out of sequence packet ,6312,6346
15.1662,Received an expired out of sequence packet ,6313,6346
15.1662,Received an expired out of sequence packet ,6314,6346
15.1662,Received an expired out of sequence packet ,6315,6346
15.1662,Received an expired out of sequence packet ,6316,6346
15.1662,Received an expired out of sequence packet ,6317,6346
15.1663,Received an expired out of sequence packet ,6318,6346
15.1663,Received an expired out of sequence packet ,6319,6346
15.1663,Received an expired out of sequence packet ,6320,6346
15.1663,Received an expired out of sequence packet ,6321,6346
15.1663,Received an expired out of sequence packet ,6322,6346
15.1663,Received an expired out of sequence packet ,6323,6346
15.1664,Received an expired out of sequence packet ,6324,6346
15.1664,Received an expired out of sequence packet ,6325,6346
15.1664,Received an expired out of sequence packet ,6326,6346
15.1664,Received an expired out of sequence packet ,6327,6346
15.1664,Received an expired out of sequence packet ,6328,6346
15.1664,Received an expired out of sequence packet ,6329,6346
15.1665,Received an expired out of sequence packet ,6330,6346
15.1665,Received an expired out of sequence packet ,6331,6346
15.1665,Received an expired out of sequence packet ,6332,6346
15.1674,Received an expired out of sequence packet ,6333,6346
15.1674,Received an expired out of sequence packet ,6334,6346
15.1674,Received an expired out of sequence packet ,6335,6346
15.1674,Received an expired out of sequence packet ,6336,6346
15.1674,Received an expired out of sequence packet ,6337,6346
15.2024,Received an expired out of sequence packet ,6338,6346
15.2024,Received an expired out of sequence packet ,6339,6346
15.2025,Received an expired out of sequence packet ,6340,6346
15.2025,Received an expired out of sequence packet ,6341,6346
15.2025,Received an expired out of sequence packet ,6342,6346
15.2025,Received an expired out of sequence packet ,6343,6346
15.2801,Received an expired out of sequence packet ,6344,6346
15.2801,Received an expired out of sequence packet ,6345,6346
119.53,Timeout
119.53,clearing sending list because of timeout
119.692,Received an expired out of sequence packet ,83047,83414
119.692,Received an expired out of sequence packet ,83048,83414
119.692,Received an expired out of sequence packet ,83049,83414
119.692,Received an expired out of sequence packet ,83050,83414
119.692,Received an expired out of sequence packet ,83051,83414
119.727,Received an expired out of sequence packet ,83052,83414
119.728,Received an expired out of sequence packet ,83053,83414
119.73,Received an expired out of sequence packet ,83054,83414
119.732,Received an expired out of sequence packet ,83055,83414
119.732,Received an expired out of sequence packet ,83056,83414
119.732,Received an expired out of sequence packet ,83057,83414
119.734,Received an expired out of sequence packet ,83058,83414
119.734,Received an expired out of sequence packet ,83059,83414
119.734,Received an expired out of sequence packet ,83060,83414
119.734,Received an expired out of sequence packet ,83061,83414
119.734,Received an expired out of sequence packet ,83062,83414
119.734,Received an expired out of sequence packet ,83063,83414
119.759,Received an expired out of sequence packet ,83064,83414
119.759,Received an expired out of sequence packet ,83065,83414
119.759,Received an expired out of sequence packet ,83066,83414
119.759,Received an expired out of sequence packet ,83067,83414
119.759,Received an expired out of sequence packet ,83068,83414
119.759,Received an expired out of sequence packet ,83069,83414
119.759,Received an expired out of sequence packet ,83070,83414
119.759,Received an expired out of sequence packet ,83071,83414
119.759,Received an expired out of sequence packet ,83072,83414
119.759,Received an expired out of sequence packet ,83073,83414
119.759,Received an expired out of sequence packet ,83074,83414
119.76,Received an expired out of sequence packet ,83075,83414
119.764,Received an expired out of sequence packet ,83076,83414
119.764,Received an expired out of sequence packet ,83077,83414
119.764,Received an expired out of sequence packet ,83078,83414
119.777,Received an expired out of sequence packet ,83079,83414
119.777,Received an expired out of sequence packet ,83080,83414
119.785,Received an expired out of sequence packet ,83081,83414
119.785,Received an expired out of sequence packet ,83082,83414
119.785,Received an expired out of sequence packet ,83083,83414
119.785,Received an expired out of sequence packet ,83084,83414
119.785,Received an expired out of sequence packet ,83085,83414
119.785,Received an expired out of sequence packet ,83086,83414
119.785,Received an expired out of sequence packet ,83087,83414
119.785,Received an expired out of sequence packet ,83088,83414
119.787,Received an expired out of sequence packet ,83089,83414
119.787,Received an expired out of sequence packet ,83090,83414
119.787,Received an expired out of sequence packet ,83091,83414
119.787,Received an expired out of sequence packet ,83092,83414
119.787,Received an expired out of sequence packet ,83093,83414
119.787,Received an expired out of sequence packet ,83094,83414
119.787,Received an expired out of sequence packet ,83095,83414
119.787,Received an expired out of sequence packet ,83096,83414
119.787,Received an expired out of sequence packet ,83097,83414
119.787,Received an expired out of sequence packet ,83098,83414
119.787,Received an expired out of sequence packet ,83099,83414
119.787,Received an expired out of sequence packet ,83100,83414
119.787,Received an expired out of sequence packet ,83101,83414
119.787,Received an expired out of sequence packet ,83102,83414
119.787,Received an expired out of sequence packet ,83103,83414
119.791,Received an expired out of sequence packet ,83104,83414
119.791,Received an expired out of sequence packet ,83105,83414
119.791,Received an expired out of sequence packet ,83106,83414
119.791,Received an expired out of sequence packet ,83107,83414
119.791,Received an expired out of sequence packet ,83108,83414
119.791,Received an expired out of sequence packet ,83109,83414
119.791,Received an expired out of sequence packet ,83110,83414
119.791,Received an expired out of sequence packet ,83111,83414
119.796,Received an expired out of sequence packet ,83112,83414
119.796,Received an expired out of sequence packet ,83113,83414
119.796,Received an expired out of sequence packet ,83114,83414
119.796,Received an expired out of sequence packet ,83115,83414
119.796,Received an expired out of sequence packet ,83116,83414
119.796,Received an expired out of sequence packet ,83117,83414
119.796,Received an expired out of sequence packet ,83118,83414
119.799,Received an expired out of sequence packet ,83119,83414
119.799,Received an expired out of sequence packet ,83120,83414
119.801,Received an expired out of sequence packet ,83121,83414
119.801,Received an expired out of sequence packet ,83122,83414
119.801,Received an expired out of sequence packet ,83123,83414
119.801,Received an expired out of sequence packet ,83124,83414
119.806,Received an expired out of sequence packet ,83125,83414
119.806,Received an expired out of sequence packet ,83126,83414
119.806,Received an expired out of sequence packet ,83127,83414
119.806,Received an expired out of sequence packet ,83128,83414
119.806,Received an expired out of sequence packet ,83129,83414
119.81,Received an expired out of sequence packet ,83130,83414
119.818,Received an expired out of sequence packet ,83131,83414
119.822,Received an expired out of sequence packet ,83132,83414
119.822,Received an expired out of sequence packet ,83133,83414
119.822,Received an expired out of sequence packet ,83134,83414
119.826,Received an expired out of sequence packet ,83135,83414
119.829,Received an expired out of sequence packet ,83136,83414
119.829,Received an expired out of sequence packet ,83137,83414
119.83,Received an expired out of sequence packet ,83138,83414
119.83,Received an expired out of sequence packet ,83139,83414
119.832,Received an expired out of sequence packet ,83140,83414
119.832,Received an expired out of sequence packet ,83141,83414
119.832,Received an expired out of sequence packet ,83142,83414
119.832,Received an expired out of sequence packet ,83143,83414
119.832,Received an expired out of sequence packet ,83144,83414
119.836,Received an expired out of sequence packet ,83145,83414
119.836,Received an expired out of sequence packet ,83146,83414
119.836,Received an expired out of sequence packet ,83147,83414
119.839,Received an expired out of sequence packet ,83148,83414
119.839,Received an expired out of sequence packet ,83149,83414
119.839,Received an expired out of sequence packet ,83150,83414
119.839,Received an expired out of sequence packet ,83151,83414
119.839,Received an expired out of sequence packet ,83152,83414
119.839,Received an expired out of sequence packet ,83153,83414
119.842,Received an expired out of sequence packet ,83154,83414
119.842,Received an expired out of sequence packet ,83155,83414
119.842,Received an expired out of sequence packet ,83156,83414
119.842,Received an expired out of sequence packet ,83157,83414
119.842,Received an expired out of sequence packet ,83158,83414
119.842,Received an expired out of sequence packet ,83159,83414
119.842,Received an expired out of sequence packet ,83160,83414
119.845,Received an expired out of sequence packet ,83161,83414
119.845,Received an expired out of sequence packet ,83162,83414
119.845,Received an expired out of sequence packet ,83163,83414
119.845,Received an expired out of sequence packet ,83164,83414
119.845,Received an expired out of sequence packet ,83165,83414
119.846,Received an expired out of sequence packet ,83166,83414
119.846,Received an expired out of sequence packet ,83167,83414
119.846,Received an expired out of sequence packet ,83168,83414
119.846,Received an expired out of sequence packet ,83169,83414
119.847,Received an expired out of sequence packet ,83170,83414
119.849,Received an expired out of sequence packet ,83171,83414
119.849,Received an expired out of sequence packet ,83172,83414
119.849,Received an expired out of sequence packet ,83173,83414
119.849,Received an expired out of sequence packet ,83174,83414
119.849,Received an expired out of sequence packet ,83175,83414
119.849,Received an expired out of sequence packet ,83176,83414
119.853,Received an expired out of sequence packet ,83177,83414
119.853,Received an expired out of sequence packet ,83178,83414
119.853,Received an expired out of sequence packet ,83179,83414
119.853,Received an expired out of sequence packet ,83180,83414
119.853,Received an expired out of sequence packet ,83181,83414
119.853,Received an expired out of sequence packet ,83182,83414
119.853,Received an expired out of sequence packet ,83183,83414
119.853,Received an expired out of sequence packet ,83184,83414
119.854,Received an expired out of sequence packet ,83185,83414
119.856,Received an expired out of sequence packet ,83186,83414
119.856,Received an expired out of sequence packet ,83187,83414
119.856,Received an expired out of sequence packet ,83188,83414
119.856,Received an expired out of sequence packet ,83189,83414
119.856,Received an expired out of sequence packet ,83190,83414
119.856,Received an expired out of sequence packet ,83191,83414
119.856,Received an expired out of sequence packet ,83192,83414
119.859,Received an expired out of sequence packet ,83193,83414
119.859,Received an expired out of sequence packet ,83194,83414
119.859,Received an expired out of sequence packet ,83195,83414
119.859,Received an expired out of sequence packet ,83196,83414
119.859,Received an expired out of sequence packet ,83197,83414
119.859,Received an expired out of sequence packet ,83198,83414
119.859,Received an expired out of sequence packet ,83199,83414
119.859,Received an expired out of sequence packet ,83200,83414
119.859,Received an expired out of sequence packet ,83201,83414
119.862,Received an expired out of sequence packet ,83202,83414
119.862,Received an expired out of sequence packet ,83203,83414
119.862,Received an expired out of sequence packet ,83204,83414
119.862,Received an expired out of sequence packet ,83205,83414
119.862,Received an expired out of sequence packet ,83206,83414
119.862,Received an expired out of sequence packet ,83207,83414
119.862,Received an expired out of sequence packet ,83208,83414
119.862,Received an expired out of sequence packet ,83209,83414
119.865,Received an expired out of sequence packet ,83210,83414
119.865,Received an expired out of sequence packet ,83211,83414
119.866,Received an expired out of sequence packet ,83212,83414
119.866,Received an expired out of sequence packet ,83213,83414
119.866,Received an expired out of sequence packet ,83214,83414
119.866,Received an expired out of sequence packet ,83215,83414
119.866,Received an expired out of sequence packet ,83216,83414
119.866,Received an expired out of sequence packet ,83217,83414
119.866,Received an expired out of sequence packet ,83218,83414
119.866,Received an expired out of sequence packet ,83219,83414
119.869,Received an expired out of sequence packet ,83220,83414
119.869,Received an expired out of sequence packet ,83221,83414
119.869,Received an expired out of sequence packet ,83222,83414
119.869,Received an expired out of sequence packet ,83223,83414
119.869,Received an expired out of sequence packet ,83224,83414
119.869,Received an expired out of sequence packet ,83225,83414
119.869,Received an expired out of sequence packet ,83226,83414
119.869,Received an expired out of sequence packet ,83227,83414
119.869,Received an expired out of sequence packet ,83228,83414
119.885,Received an expired out of sequence packet ,83229,83414
119.885,Received an expired out of sequence packet ,83230,83414
119.885,Received an expired out of sequence packet ,83231,83414
119.885,Received an expired out of sequence packet ,83232,83414
119.886,Received an expired out of sequence packet ,83233,83414
119.886,Received an expired out of sequence packet ,83234,83414
119.886,Received an expired out of sequence packet ,83235,83414
119.886,Received an expired out of sequence packet ,83236,83414
119.886,Received an expired out of sequence packet ,83237,83414
119.886,Received an expired out of sequence packet ,83238,83414
119.886,Received an expired out of sequence packet ,83239,83414
119.886,Received an expired out of sequence packet ,83240,83414
119.886,Received an expired out of sequence packet ,83241,83414
119.886,Received an expired out of sequence packet ,83242,83414
119.886,Received an expired out of sequence packet ,83243,83414
119.886,Received an expired out of sequence packet ,83244,83414
119.886,Received an expired out of sequence packet ,83245,83414
119.886,Received an expired out of sequence packet ,83246,83414
119.886,Received an expired out of sequence packet ,83247,83414
119.886,Received an expired out of sequence packet ,83248,83414
119.886,Received an expired out of sequence packet ,83249,83414
119.888,Received an expired out of sequence packet ,83250,83414
119.888,Received an expired out of sequence packet ,83251,83414
119.888,Received an expired out of sequence packet ,83252,83414
119.888,Received an expired out of sequence packet ,83253,83414
119.89,Received an expired out of sequence packet ,83254,83414
119.89,Received an expired out of sequence packet ,83255,83414
119.89,Received an expired out of sequence packet ,83256,83414
119.89,Received an expired out of sequence packet ,83257,83414
119.89,Received an expired out of sequence packet ,83258,83414
119.892,Received an expired out of sequence packet ,83259,83414
119.892,Received an expired out of sequence packet ,83260,83414
119.892,Received an expired out of sequence packet ,83261,83414
119.892,Received an expired out of sequence packet ,83262,83414
119.892,Received an expired out of sequence packet ,83263,83414
119.892,Received an expired out of sequence packet ,83264,83414
119.892,Received an expired out of sequence packet ,83265,83414
119.894,Received an expired out of sequence packet ,83266,83414
119.894,Received an expired out of sequence packet ,83267,83414
119.894,Received an expired out of sequence packet ,83268,83414
119.894,Received an expired out of sequence packet ,83269,83414
119.894,Received an expired out of sequence packet ,83270,83414
119.894,Received an expired out of sequence packet ,83271,83414
119.894,Received an expired out of sequence packet ,83272,83414
119.894,Received an expired out of sequence packet ,83273,83414
119.895,Received an expired out of sequence packet ,83274,83414
119.898,Received an expired out of sequence packet ,83275,83414
119.898,Received an expired out of sequence packet ,83276,83414
119.898,Received an expired out of sequence packet ,83277,83414
119.898,Received an expired out of sequence packet ,83278,83414
119.898,Received an expired out of sequence packet ,83279,83414
119.898,Received an expired out of sequence packet ,83280,83414
119.899,Received an expired out of sequence packet ,83281,83414
119.899,Received an expired out of sequence packet ,83282,83414
119.902,Received an expired out of sequence packet ,83283,83414
119.902,Received an expired out of sequence packet ,83284,83414
119.902,Received an expired out of sequence packet ,83285,83414
119.902,Received an expired out of sequence packet ,83286,83414
119.902,Received an expired out of sequence packet ,83287,83414
119.902,Received an expired out of sequence packet ,83288,83414
119.902,Received an expired out of sequence packet ,83289,83414
119.902,Received an expired out of sequence packet ,83290,83414
119.902,Received an expired out of sequence packet ,83291,83414
119.902,Received an expired out of sequence packet ,83292,83414
119.902,Received an expired out of sequence packet ,83293,83414
119.902,Received an expired out of sequence packet ,83294,83414
119.927,Received an expired out of sequence packet ,83295,83414
119.927,Received an expired out of sequence packet ,83296,83414
119.929,Received an expired out of sequence packet ,83297,83414
119.929,Received an expired out of sequence packet ,83298,83414
119.929,Received an expired out of sequence packet ,83299,83414
119.929,Received an expired out of sequence packet ,83300,83414
119.929,Received an expired out of sequence packet ,83301,83414
119.929,Received an expired out of sequence packet ,83302,83414
119.929,Received an expired out of sequence packet ,83303,83414
119.929,Received an expired out of sequence packet ,83304,83414
119.929,Received an expired out of sequence packet ,83305,83414
119.929,Received an expired out of sequence packet ,83306,83414
119.929,Received an expired out of sequence packet ,83307,83414
119.929,Received an expired out of sequence packet ,83308,83414
119.929,Received an expired out of sequence packet ,83309,83414
119.929,Received an expired out of sequence packet ,83310,83414
119.929,Received an expired out of sequence packet ,83311,83414
119.929,Received an expired out of sequence packet ,83312,83414
119.929,Received an expired out of sequence packet ,83313,83414
119.929,Received an expired out of sequence packet ,83314,83414
119.932,Received an expired out of sequence packet ,83315,83414
119.932,Received an expired out of sequence packet ,83316,83414
119.932,Received an expired out of sequence packet ,83317,83414
119.932,Received an expired out of sequence packet ,83318,83414
119.932,Received an expired out of sequence packet ,83319,83414
119.932,Received an expired out of sequence packet ,83320,83414
119.932,Received an expired out of sequence packet ,83321,83414
119.932,Received an expired out of sequence packet ,83322,83414
119.932,Received an expired out of sequence packet ,83323,83414
119.939,Received an expired out of sequence packet ,83324,83414
119.944,Received an expired out of sequence packet ,83325,83414
119.944,Received an expired out of sequence packet ,83326,83414
119.944,Received an expired out of sequence packet ,83327,83414
119.944,Received an expired out of sequence packet ,83328,83414
119.946,Received an expired out of sequence packet ,83329,83414
119.946,Received an expired out of sequence packet ,83330,83414
119.946,Received an expired out of sequence packet ,83331,83414
119.946,Received an expired out of sequence packet ,83332,83414
119.947,Received an expired out of sequence packet ,83333,83414
119.947,Received an expired out of sequence packet ,83334,83414
119.947,Received an expired out of sequence packet ,83335,83414
119.947,Received an expired out of sequence packet ,83336,83414
119.947,Received an expired out of sequence packet ,83337,83414
119.947,Received an expired out of sequence packet ,83338,83414
119.947,Received an expired out of sequence packet ,83339,83414
119.947,Received an expired out of sequence packet ,83340,83414
119.947,Received an expired out of sequence packet ,83341,83414
119.947,Received an expired out of sequence packet ,83342,83414
119.947,Received an expired out of sequence packet ,83343,83414
119.95,Received an expired out of sequence packet ,83344,83414
119.95,Received an expired out of sequence packet ,83345,83414
119.95,Received an expired out of sequence packet ,83346,83414
119.95,Received an expired out of sequence packet ,83347,83414
119.953,Received an expired out of sequence packet ,83348,83414
119.953,Received an expired out of sequence packet ,83349,83414
119.953,Received an expired out of sequence packet ,83350,83414
119.953,Received an expired out of sequence packet ,83351,83414
119.953,Received an expired out of sequence packet ,83352,83414
119.957,Received an expired out of sequence packet ,83353,83414
119.957,Received an expired out of sequence packet ,83354,83414
119.957,Received an expired out of sequence packet ,83355,83414
119.957,Received an expired out of sequence packet ,83356,83414
119.957,Received an expired out of sequence packet ,83357,83414
119.957,Received an expired out of sequence packet ,83358,83414
119.957,Received an expired out of sequence packet ,83359,83414
119.957,Received an expired out of sequence packet ,83360,83414
119.957,Received an expired out of sequence packet ,83361,83414
119.962,Received an expired out of sequence packet ,83362,83414
119.962,Received an expired out of sequence packet ,83363,83414
119.962,Received an expired out of sequence packet ,83364,83414
119.962,Received an expired out of sequence packet ,83365,83414
119.967,Received an expired out of sequence packet ,83366,83414
119.967,Received an expired out of sequence packet ,83367,83414
119.967,Received an expired out of sequence packet ,83368,83414
119.968,Received an expired out of sequence packet ,83369,83414
119.968,Received an expired out of sequence packet ,83370,83414
119.968,Received an expired out of sequence packet ,83371,83414
119.968,Received an expired out of sequence packet ,83372,83414
119.97,Received an expired out of sequence packet ,83373,83414
119.97,Received an expired out of sequence packet ,83374,83414
119.97,Received an expired out of sequence packet ,83375,83414
119.97,Received an expired out of sequence packet ,83376,83414
119.97,Received an expired out of sequence packet ,83377,83414
119.97,Received an expired out of sequence packet ,83378,83414
119.97,Received an expired out of sequence packet ,83379,83414
119.97,Received an expired out of sequence packet ,83380,83414
119.97,Received an expired out of sequence packet ,83381,83414
119.97,Received an expired out of sequence packet ,83382,83414
119.97,Received an expired out of sequence packet ,83383,83414
119.97,Received an expired out of sequence packet ,83384,83414
119.97,Received an expired out of sequence packet ,83385,83414
119.97,Received an expired out of sequence packet ,83386,83414
119.97,Received an expired out of sequence packet ,83387,83414
119.971,Received an expired out of sequence packet ,83388,83414
119.975,Received an expired out of sequence packet ,83389,83414
119.975,Received an expired out of sequence packet ,83390,83414
119.975,Received an expired out of sequence packet ,83391,83414
119.975,Received an expired out of sequence packet ,83392,83414
119.975,Received an expired out of sequence packet ,83393,83414
119.978,Received an expired out of sequence packet ,83394,83414
119.979,Received an expired out of sequence packet ,83395,83414
119.979,Received an expired out of sequence packet ,83396,83414
119.979,Received an expired out of sequence packet ,83397,83414
119.98,Received an expired out of sequence packet ,83398,83414
119.98,Received an expired out of sequence packet ,83399,83414
119.98,Received an expired out of sequence packet ,83400,83414
119.98,Received an expired out of sequence packet ,83401,83414
119.98,Received an expired out of sequence packet ,83402,83414
119.986,Received an expired out of sequence packet ,83403,83414
119.986,Received an expired out of sequence packet ,83404,83414
119.986,Received an expired out of sequence packet ,83405,83414
119.987,Received an expired out of sequence packet ,83406,83414
119.987,Received an expired out of sequence packet ,83407,83414
119.987,Received an expired out of sequence packet ,83408,83414
119.987,Received an expired out of sequence packet ,83409,83414
119.987,Received an expired out of sequence packet ,83410,83414
119.988,Received an expired out of sequence packet ,83411,83414
119.988,Received an expired out of sequence packet ,83412,83414
119.988,Received an expired out of sequence packet ,83413,83414
188.137,Timeout
188.137,clearing sending list because of timeout
188.145,Received an expired out of sequence packet ,133835,133977
188.145,Received an expired out of sequence packet ,133836,133977
188.148,Received an expired out of sequence packet ,133837,133977
188.148,Received an expired out of sequence packet ,133838,133977
188.148,Received an expired out of sequence packet ,133839,133977
188.148,Received an expired out of sequence packet ,133840,133977
188.151,Received an expired out of sequence packet ,133841,133977
188.151,Received an expired out of sequence packet ,133842,133977
188.153,Received an expired out of sequence packet ,133843,133977
188.155,Received an expired out of sequence packet ,133844,133977
188.155,Received an expired out of sequence packet ,133845,133977
188.155,Received an expired out of sequence packet ,133846,133977
188.155,Received an expired out of sequence packet ,133847,133977
188.155,Received an expired out of sequence packet ,133848,133977
188.155,Received an expired out of sequence packet ,133849,133977
188.177,Received an expired out of sequence packet ,133850,133977
188.177,Received an expired out of sequence packet ,133851,133977
188.177,Received an expired out of sequence packet ,133852,133977
188.177,Received an expired out of sequence packet ,133853,133977
188.177,Received an expired out of sequence packet ,133854,133977
188.177,Received an expired out of sequence packet ,133855,133977
188.178,Received an expired out of sequence packet ,133856,133977
188.178,Received an expired out of sequence packet ,133857,133977
188.178,Received an expired out of sequence packet ,133858,133977
188.178,Received an expired out of sequence packet ,133859,133977
188.178,Received an expired out of sequence packet ,133860,133977
188.178,Received an expired out of sequence packet ,133861,133977
188.192,Received an expired out of sequence packet ,133862,133977
188.192,Received an expired out of sequence packet ,133863,133977
188.194,Received an expired out of sequence packet ,133864,133977
188.195,Received an expired out of sequence packet ,133865,133977
188.195,Received an expired out of sequence packet ,133866,133977
188.195,Received an expired out of sequence packet ,133867,133977
188.196,Received an expired out of sequence packet ,133868,133977
188.196,Received an expired out of sequence packet ,133869,133977
188.196,Received an expired out of sequence packet ,133870,133977
188.196,Received an expired out of sequence packet ,133871,133977
188.204,Received an expired out of sequence packet ,133872,133977
188.204,Received an expired out of sequence packet ,133873,133977
188.204,Received an expired out of sequence packet ,133874,133977
188.209,Received an expired out of sequence packet ,133875,133977
188.209,Received an expired out of sequence packet ,133876,133977
188.209,Received an expired out of sequence packet ,133877,133977
188.209,Received an expired out of sequence packet ,133878,133977
188.209,Received an expired out of sequence packet ,133879,133977
188.209,Received an expired out of sequence packet ,133880,133977
188.209,Received an expired out of sequence packet ,133881,133977
188.209,Received an expired out of sequence packet ,133882,133977
188.209,Received an expired out of sequence packet ,133883,133977
188.209,Received an expired out of sequence packet ,133884,133977
188.209,Received an expired out of sequence packet ,133885,133977
188.209,Received an expired out of sequence packet ,133886,133977
188.209,Received an expired out of sequence packet ,133887,133977
188.209,Received an expired out of sequence packet ,133888,133977
188.209,Received an expired out of sequence packet ,133889,133977
188.209,Received an expired out of sequence packet ,133890,133977
188.209,Received an expired out of sequence packet ,133891,133977
188.209,Received an expired out of sequence packet ,133892,133977
188.209,Received an expired out of sequence packet ,133893,133977
188.209,Received an expired out of sequence packet ,133894,133977
188.209,Received an expired out of sequence packet ,133895,133977
188.209,Received an expired out of sequence packet ,133896,133977
188.209,Received an expired out of sequence packet ,133897,133977
188.209,Received an expired out of sequence packet ,133898,133977
188.209,Received an expired out of sequence packet ,133899,133977
188.211,Received an expired out of sequence packet ,133900,133977
188.211,Received an expired out of sequence packet ,133901,133977
188.211,Received an expired out of sequence packet ,133902,133977
188.211,Received an expired out of sequence packet ,133903,133977
188.211,Received an expired out of sequence packet ,133904,133977
188.211,Received an expired out of sequence packet ,133905,133977
188.211,Received an expired out of sequence packet ,133906,133977
188.211,Received an expired out of sequence packet ,133907,133977
188.213,Received an expired out of sequence packet ,133908,133977
188.215,Received an expired out of sequence packet ,133909,133977
188.215,Received an expired out of sequence packet ,133910,133977
188.215,Received an expired out of sequence packet ,133911,133977
188.215,Received an expired out of sequence packet ,133912,133977
188.215,Received an expired out of sequence packet ,133913,133977
188.217,Received an expired out of sequence packet ,133914,133977
188.217,Received an expired out of sequence packet ,133915,133977
188.218,Received an expired out of sequence packet ,133916,133977
188.218,Received an expired out of sequence packet ,133917,133977
188.218,Received an expired out of sequence packet ,133918,133977
188.218,Received an expired out of sequence packet ,133919,133977
188.218,Received an expired out of sequence packet ,133920,133977
188.218,Received an expired out of sequence packet ,133921,133977
188.218,Received an expired out of sequence packet ,133922,133977
188.218,Received an expired out of sequence packet ,133923,133977
188.218,Received an expired out of sequence packet ,133924,133977
188.218,Received an expired out of sequence packet ,133925,133977
188.218,Received an expired out of sequence packet ,133926,133977
188.433,Received an expired out of sequence packet ,133927,133977
188.46,Received an expired out of sequence packet ,133928,133977
188.46,Received an expired out of sequence packet ,133929,133977
188.465,Received an expired out of sequence packet ,133930,133977
188.466,Received an expired out of sequence packet ,133931,133977
188.466,Received an expired out of sequence packet ,133932,133977
188.466,Received an expired out of sequence packet ,133933,133977
188.466,Received an expired out of sequence packet ,133934,133977
188.466,Received an expired out of sequence packet ,133935,133977
188.466,Received an expired out of sequence packet ,133936,133977
188.471,Received an expired out of sequence packet ,133937,133977
188.471,Received an expired out of sequence packet ,133938,133977
188.471,Received an expired out of sequence packet ,133939,133977
188.471,Received an expired out of sequence packet ,133940,133977
188.471,Received an expired out of sequence packet ,133941,133977
188.474,Received an expired out of sequence packet ,133942,133977
188.474,Received an expired out of sequence packet ,133943,133977
188.474,Received an expired out of sequence packet ,133944,133977
188.474,Received an expired out of sequence packet ,133945,133977
188.474,Received an expired out of sequence packet ,133946,133977
188.474,Received an expired out of sequence packet ,133947,133977
188.474,Received an expired out of sequence packet ,133948,133977
188.474,Received an expired out of sequence packet ,133949,133977
188.476,Received an expired out of sequence packet ,133950,133977
188.476,Received an expired out of sequence packet ,133951,133977
188.476,Received an expired out of sequence packet ,133952,133977
188.476,Received an expired out of sequence packet ,133953,133977
188.476,Received an expired out of sequence packet ,133954,133977
188.476,Received an expired out of sequence packet ,133955,133977
188.476,Received an expired out of sequence packet ,133956,133977
188.476,Received an expired out of sequence packet ,133957,133977
188.476,Received an expired out of sequence packet ,133958,133977
188.479,Received an expired out of sequence packet ,133959,133977
188.479,Received an expired out of sequence packet ,133960,133977
188.479,Received an expired out of sequence packet ,133961,133977
188.479,Received an expired out of sequence packet ,133962,133977
188.482,Received an expired out of sequence packet ,133963,133977
188.482,Received an expired out of sequence packet ,133964,133977
188.482,Received an expired out of sequence packet ,133965,133977
188.483,Received an expired out of sequence packet ,133966,133977
188.483,Received an expired out of sequence packet ,133967,133977
188.483,Received an expired out of sequence packet ,133968,133977
188.487,Received an expired out of sequence packet ,133969,133977
188.487,Received an expired out of sequence packet ,133970,133977
188.487,Received an expired out of sequence packet ,133971,133977
188.487,Received an expired out of sequence packet ,133972,133977
188.487,Received an expired out of sequence packet ,133973,133977
188.487,Received an expired out of sequence packet ,133974,133977
188.487,Received an expired out of sequence packet ,133975,133977
188.487,Received an expired out of sequence packet ,133976,133977
189.539,Timeout
189.539,clearing sending list because of timeout
189.782,Timeout
189.782,clearing sending list because of timeout
189.962,Received an expired out of sequence packet ,134035,134139
189.962,Received an expired out of sequence packet ,134036,134139
189.962,Received an expired out of sequence packet ,134037,134139
189.962,Received an expired out of sequence packet ,134038,134139
189.964,Received an expired out of sequence packet ,134039,134139
189.964,Received an expired out of sequence packet ,134040,134139
189.964,Received an expired out of sequence packet ,134041,134139
189.964,Received an expired out of sequence packet ,134042,134139
189.965,Received an expired out of sequence packet ,134043,134139
189.965,Received an expired out of sequence packet ,134044,134139
189.965,Received an expired out of sequence packet ,134045,134139
189.965,Received an expired out of sequence packet ,134046,134139
189.967,Received an expired out of sequence packet ,134047,134139
189.968,Received an expired out of sequence packet ,134048,134139
189.968,Received an expired out of sequence packet ,134049,134139
189.968,Received an expired out of sequence packet ,134050,134139
189.968,Received an expired out of sequence packet ,134051,134139
189.97,Received an expired out of sequence packet ,134052,134139
189.97,Received an expired out of sequence packet ,134053,134139
189.97,Received an expired out of sequence packet ,134054,134139
189.97,Received an expired out of sequence packet ,134055,134139
189.97,Received an expired out of sequence packet ,134056,134139
189.97,Received an expired out of sequence packet ,134057,134139
189.97,Received an expired out of sequence packet ,134058,134139
189.97,Received an expired out of sequence packet ,134059,134139
189.977,Received an expired out of sequence packet ,134060,134139
189.979,Received an expired out of sequence packet ,134061,134139
189.979,Received an expired out of sequence packet ,134062,134139
189.979,Received an expired out of sequence packet ,134063,134139
189.979,Received an expired out of sequence packet ,134064,134139
189.979,Received an expired out of sequence packet ,134065,134139
189.979,Received an expired out of sequence packet ,134066,134139
189.979,Received an expired out of sequence packet ,134067,134139
189.979,Received an expired out of sequence packet ,134068,134139
189.979,Received an expired out of sequence packet ,134069,134139
189.979,Received an expired out of sequence packet ,134070,134139
189.979,Received an expired out of sequence packet ,134071,134139
189.979,Received an expired out of sequence packet ,134072,134139
189.979,Received an expired out of sequence packet ,134073,134139
189.979,Received an expired out of sequence packet ,134074,134139
189.979,Received an expired out of sequence packet ,134075,134139
189.979,Received an expired out of sequence packet ,134076,134139
189.979,Received an expired out of sequence packet ,134077,134139
189.979,Received an expired out of sequence packet ,134078,134139
189.979,Received an expired out of sequence packet ,134079,134139
189.979,Received an expired out of sequence packet ,134080,134139
189.98,Received an expired out of sequence packet ,134081,134139
189.98,Received an expired out of sequence packet ,134082,134139
189.987,Received an expired out of sequence packet ,134083,134139
189.987,Received an expired out of sequence packet ,134084,134139
189.987,Received an expired out of sequence packet ,134085,134139
189.99,Received an expired out of sequence packet ,134086,134139
189.99,Received an expired out of sequence packet ,134087,134139
189.99,Received an expired out of sequence packet ,134088,134139
189.99,Received an expired out of sequence packet ,134089,134139
189.99,Received an expired out of sequence packet ,134090,134139
189.99,Received an expired out of sequence packet ,134091,134139
189.99,Received an expired out of sequence packet ,134092,134139
189.99,Received an expired out of sequence packet ,134093,134139
189.99,Received an expired out of sequence packet ,134094,134139
189.99,Received an expired out of sequence packet ,134095,134139
189.991,Received an expired out of sequence packet ,134096,134139
189.991,Received an expired out of sequence packet ,134097,134139
189.991,Received an expired out of sequence packet ,134098,134139
189.991,Received an expired out of sequence packet ,134099,134139
189.991,Received an expired out of sequence packet ,134100,134139
189.998,Received an expired out of sequence packet ,134101,134139
189.998,Received an expired out of sequence packet ,134102,134139
189.998,Received an expired out of sequence packet ,134103,134139
190.002,Received an expired out of sequence packet ,134104,134139
190.002,Received an expired out of sequence packet ,134105,134139
190.002,Received an expired out of sequence packet ,134106,134139
190.006,Received an expired out of sequence packet ,134107,134139
190.006,Received an expired out of sequence packet ,134108,134139
190.006,Received an expired out of sequence packet ,134109,134139
190.006,Received an expired out of sequence packet ,134110,134139
190.006,Received an expired out of sequence packet ,134111,134139
190.006,Received an expired out of sequence packet ,134112,134139
190.006,Received an expired out of sequence packet ,134113,134139
190.006,Received an expired out of sequence packet ,134114,134139
190.006,Received an expired out of sequence packet ,134115,134139
190.006,Received an expired out of sequence packet ,134116,134139
190.006,Received an expired out of sequence packet ,134117,134139
190.006,Received an expired out of sequence packet ,134118,134139
190.007,Received an expired out of sequence packet ,134119,134139
190.011,Received an expired out of sequence packet ,134120,134139
190.011,Received an expired out of sequence packet ,134121,134139
190.011,Received an expired out of sequence packet ,134122,134139
190.011,Received an expired out of sequence packet ,134123,134139
190.011,Received an expired out of sequence packet ,134124,134139
190.011,Received an expired out of sequence packet ,134125,134139
190.011,Received an expired out of sequence packet ,134126,134139
190.011,Received an expired out of sequence packet ,134127,134139
190.012,Received an expired out of sequence packet ,134128,134139
190.013,Received an expired out of sequence packet ,134129,134139
190.013,Received an expired out of sequence packet ,134130,134139
190.013,Received an expired out of sequence packet ,134131,134139
190.013,Received an expired out of sequence packet ,134132,134139
190.014,Received an expired out of sequence packet ,134133,134139
190.014,Received an expired out of sequence packet ,134134,134139
190.014,Received an expired out of sequence packet ,134135,134139
190.014,Received an expired out of sequence packet ,134136,134139
190.027,Received an expired out of sequence packet ,134137,134139
190.027,Received an expired out of sequence packet ,134138,134139
247.408,Timeout
247.408,clearing sending list because of timeout
247.421,Received an expired out of sequence packet ,186029,186154
247.714,Received an expired out of sequence packet ,186030,186154
247.729,Received an expired out of sequence packet ,186031,186154
247.73,Received an expired out of sequence packet ,186032,186154
247.74,Received an expired out of sequence packet ,186033,186154
247.743,Received an expired out of sequence packet ,186034,186154
247.758,Received an expired out of sequence packet ,186035,186154
247.758,Received an expired out of sequence packet ,186036,186154
247.765,Received an expired out of sequence packet ,186037,186154
247.768,Received an expired out of sequence packet ,186038,186154
247.783,Received an expired out of sequence packet ,186039,186154
247.786,Received an expired out of sequence packet ,186040,186154
247.788,Received an expired out of sequence packet ,186041,186154
247.793,Received an expired out of sequence packet ,186042,186154
247.806,Received an expired out of sequence packet ,186043,186154
247.809,Received an expired out of sequence packet ,186044,186154
247.81,Received an expired out of sequence packet ,186045,186154
247.816,Received an expired out of sequence packet ,186046,186154
247.822,Received an expired out of sequence packet ,186047,186154
247.825,Received an expired out of sequence packet ,186048,186154
247.834,Received an expired out of sequence packet ,186049,186154
247.837,Received an expired out of sequence packet ,186050,186154
247.846,Received an expired out of sequence packet ,186051,186154
247.854,Received an expired out of sequence packet ,186052,186154
247.857,Received an expired out of sequence packet ,186053,186154
247.863,Received an expired out of sequence packet ,186054,186154
247.877,Received an expired out of sequence packet ,186055,186154
247.88,Received an expired out of sequence packet ,186056,186154
247.88,Received an expired out of sequence packet ,186057,186154
247.88,Received an expired out of sequence packet ,186058,186154
247.886,Received an expired out of sequence packet ,186059,186154
247.889,Received an expired out of sequence packet ,186060,186154
247.894,Received an expired out of sequence packet ,186061,186154
247.896,Received an expired out of sequence packet ,186062,186154
247.898,Received an expired out of sequence packet ,186063,186154
247.9,Received an expired out of sequence packet ,186064,186154
247.902,Received an expired out of sequence packet ,186065,186154
247.903,Received an expired out of sequence packet ,186066,186154
247.905,Received an expired out of sequence packet ,186067,186154
247.907,Received an expired out of sequence packet ,186068,186154
247.914,Received an expired out of sequence packet ,186069,186154
247.914,Received an expired out of sequence packet ,186070,186154
247.915,Received an expired out of sequence packet ,186071,186154
247.915,Received an expired out of sequence packet ,186072,186154
247.915,Received an expired out of sequence packet ,186073,186154
247.92,Received an expired out of sequence packet ,186074,186154
247.92,Received an expired out of sequence packet ,186075,186154
247.926,Received an expired out of sequence packet ,186076,186154
247.927,Received an expired out of sequence packet ,186077,186154
247.927,Received an expired out of sequence packet ,186078,186154
247.927,Received an expired out of sequence packet ,186079,186154
247.929,Received an expired out of sequence packet ,186080,186154
247.933,Received an expired out of sequence packet ,186081,186154
247.934,Received an expired out of sequence packet ,186082,186154
247.934,Received an expired out of sequence packet ,186083,186154
247.939,Received an expired out of sequence packet ,186084,186154
247.95,Received an expired out of sequence packet ,186085,186154
247.964,Received an expired out of sequence packet ,186086,186154
247.964,Received an expired out of sequence packet ,186087,186154
247.966,Received an expired out of sequence packet ,186088,186154
247.97,Received an expired out of sequence packet ,186089,186154
247.972,Received an expired out of sequence packet ,186090,186154
247.976,Received an expired out of sequence packet ,186091,186154
247.976,Received an expired out of sequence packet ,186092,186154
247.98,Received an expired out of sequence packet ,186093,186154
247.985,Received an expired out of sequence packet ,186094,186154
247.988,Received an expired out of sequence packet ,186095,186154
247.992,Received an expired out of sequence packet ,186096,186154
247.998,Received an expired out of sequence packet ,186097,186154
248,Received an expired out of sequence packet ,186098,186154
248.003,Received an expired out of sequence packet ,186099,186154
248.009,Received an expired out of sequence packet ,186100,186154
248.015,Received an expired out of sequence packet ,186101,186154
248.019,Received an expired out of sequence packet ,186102,186154
248.019,Received an expired out of sequence packet ,186103,186154
248.019,Received an expired out of sequence packet ,186104,186154
248.024,Received an expired out of sequence packet ,186105,186154
248.029,Received an expired out of sequence packet ,186106,186154
248.03,Received an expired out of sequence packet ,186107,186154
248.036,Received an expired out of sequence packet ,186108,186154
248.038,Received an expired out of sequence packet ,186109,186154
248.038,Received an expired out of sequence packet ,186110,186154
248.038,Received an expired out of sequence packet ,186111,186154
248.039,Received an expired out of sequence packet ,186112,186154
248.041,Received an expired out of sequence packet ,186113,186154
248.056,Received an expired out of sequence packet ,186114,186154
248.058,Received an expired out of sequence packet ,186115,186154
248.06,Received an expired out of sequence packet ,186116,186154
248.06,Received an expired out of sequence packet ,186117,186154
248.062,Received an expired out of sequence packet ,186118,186154
248.062,Received an expired out of sequence packet ,186119,186154
248.062,Received an expired out of sequence packet ,186120,186154
248.062,Received an expired out of sequence packet ,186121,186154
248.066,Received an expired out of sequence packet ,186122,186154
248.08,Received an expired out of sequence packet ,186123,186154
248.085,Received an expired out of sequence packet ,186124,186154
248.085,Received an expired out of sequence packet ,186125,186154
248.085,Received an expired out of sequence packet ,186126,186154
248.086,Received an expired out of sequence packet ,186127,186154
248.094,Received an expired out of sequence packet ,186128,186154
248.094,Received an expired out of sequence packet ,186129,186154
248.094,Received an expired out of sequence packet ,186130,186154
248.098,Received an expired out of sequence packet ,186131,186154
248.098,Received an expired out of sequence packet ,186132,186154
248.1,Received an expired out of sequence packet ,186133,186154
248.104,Received an expired out of sequence packet ,186134,186154
248.106,Received an expired out of sequence packet ,186135,186154
248.108,Received an expired out of sequence packet ,186136,186154
248.113,Received an expired out of sequence packet ,186137,186154
248.115,Received an expired out of sequence packet 