1.26007,Exit slow start,exceeding SS_EXIT_THRESHOLD
46.3261,Restart,can't map delay on delay curve
47.8711,Exit slow start,exceeding SS_EXIT_THRESHOLD
87.8537,Timeout
87.8537,clearing sending list because of timeout
87.8634,Received an expired out of sequence packet ,34423,34488
87.8634,Received an expired out of sequence packet ,34424,34488
87.8686,Received an expired out of sequence packet ,34425,34488
87.8686,Received an expired out of sequence packet ,34426,34488
87.8686,Received an expired out of sequence packet ,34427,34488
87.8697,Received an expired out of sequence packet ,34428,34488
87.8697,Received an expired out of sequence packet ,34429,34488
87.8697,Received an expired out of sequence packet ,34430,34488
87.8697,Received an expired out of sequence packet ,34431,34488
87.8697,Received an expired out of sequence packet ,34432,34488
87.8698,Received an expired out of sequence packet ,34433,34488
87.8698,Received an expired out of sequence packet ,34434,34488
87.8698,Received an expired out of sequence packet ,34435,34488
87.8698,Received an expired out of sequence packet ,34436,34488
87.8698,Received an expired out of sequence packet ,34437,34488
87.8698,Received an expired out of sequence packet ,34438,34488
87.8699,Received an expired out of sequence packet ,34439,34488
87.8699,Received an expired out of sequence packet ,34440,34488
87.8699,Received an expired out of sequence packet ,34441,34488
87.8699,Received an expired out of sequence packet ,34442,34488
87.8699,Received an expired out of sequence packet ,34443,34488
87.8752,Received an expired out of sequence packet ,34444,34488
87.8753,Received an expired out of sequence packet ,34445,34488
87.8753,Received an expired out of sequence packet ,34446,34488
87.8753,Received an expired out of sequence packet ,34447,34488
87.8753,Received an expired out of sequence packet ,34448,34488
87.8753,Received an expired out of sequence packet ,34449,34488
87.8754,Received an expired out of sequence packet ,34450,34488
87.8754,Received an expired out of sequence packet ,34451,34488
87.8754,Received an expired out of sequence packet ,34452,34488
87.8754,Received an expired out of sequence packet ,34453,34488
87.8754,Received an expired out of sequence packet ,34454,34488
87.8853,Received an expired out of sequence packet ,34455,34488
87.8853,Received an expired out of sequence packet ,34456,34488
87.8894,Received an expired out of sequence packet ,34457,34488
87.8895,Received an expired out of sequence packet ,34458,34488
87.8895,Received an expired out of sequence packet ,34459,34488
87.8895,Received an expired out of sequence packet ,34460,34488
87.8895,Received an expired out of sequence packet ,34461,34488
87.8895,Received an expired out of sequence packet ,34462,34488
87.8925,Received an expired out of sequence packet ,34463,34488
87.8925,Received an expired out of sequence packet ,34464,34488
87.8925,Received an expired out of sequence packet ,34465,34488
87.8925,Received an expired out of sequence packet ,34466,34488
87.8925,Received an expired out of sequence packet ,34467,34488
87.8925,Received an expired out of sequence packet ,34468,34488
87.8926,Received an expired out of sequence packet ,34469,34488
87.8926,Received an expired out of sequence packet ,34470,34488
87.8926,Received an expired out of sequence packet ,34471,34488
87.8926,Received an expired out of sequence packet ,34472,34488
87.8926,Received an expired out of sequence packet ,34473,34488
87.8926,Received an expired out of sequence packet ,34474,34488
87.8927,Received an expired out of sequence packet ,34475,34488
87.8927,Received an expired out of sequence packet ,34476,34488
87.8957,Received an expired out of sequence packet ,34477,34488
87.8969,Received an expired out of sequence packet ,34478,34488
87.8969,Received an expired out of sequence packet ,34479,34488
87.9019,Received an expired out of sequence packet ,34480,34488
87.9019,Received an expired out of sequence packet ,34481,34488
87.9019,Received an expired out of sequence packet ,34482,34488
87.903,Received an expired out of sequence packet ,34483,34488
87.903,Received an expired out of sequence packet ,34484,34488
87.903,Received an expired out of sequence packet ,34485,34488
87.9101,Received an expired out of sequence packet ,34486,34488
87.9101,Received an expired out of sequence packet ,34487,34488
89.1591,Timeout
89.1591,clearing sending list because of timeout
89.4311,Timeout
89.4311,clearing sending list because of timeout
89.6573,Received an expired out of sequence packet ,34703,34800
89.6573,Received an expired out of sequence packet ,34704,34800
89.6574,Received an expired out of sequence packet ,34705,34800
89.6574,Received an expired out of sequence packet ,34706,34800
89.6574,Received an expired out of sequence packet ,34707,34800
89.6574,Received an expired out of sequence packet ,34708,34800
89.6574,Received an expired out of sequence packet ,34709,34800
89.6574,Received an expired out of sequence packet ,34710,34800
89.6575,Received an expired out of sequence packet ,34711,34800
89.6575,Received an expired out of sequence packet ,34712,34800
89.6575,Received an expired out of sequence packet ,34713,34800
89.6575,Received an expired out of sequence packet ,34714,34800
89.6575,Received an expired out of sequence packet ,34715,34800
89.6576,Received an expired out of sequence packet ,34716,34800
89.6576,Received an expired out of sequence packet ,34717,34800
89.6576,Received an expired out of sequence packet ,34718,34800
89.6576,Received an expired out of sequence packet ,34719,34800
89.6576,Received an expired out of sequence packet ,34720,34800
89.6576,Received an expired out of sequence packet ,34721,34800
89.6576,Received an expired out of sequence packet ,34722,34800
89.6577,Received an expired out of sequence packet ,34723,34800
89.6577,Received an expired out of sequence packet ,34724,34800
89.7109,Received an expired out of sequence packet ,34725,34800
89.7109,Received an expired out of sequence packet ,34726,34800
89.7109,Received an expired out of sequence packet ,34727,34800
89.7109,Received an expired out of sequence packet ,34728,34800
89.7109,Received an expired out of sequence packet ,34729,34800
89.7109,Received an expired out of sequence packet ,34730,34800
89.711,Received an expired out of sequence packet ,34731,34800
89.711,Received an expired out of sequence packet ,34732,34800
89.713,Received an expired out of sequence packet ,34733,34800
89.713,Received an expired out of sequence packet ,34734,34800
89.7151,Received an expired out of sequence packet ,34735,34800
89.7151,Received an expired out of sequence packet ,34736,34800
89.7151,Received an expired out of sequence packet ,34737,34800
89.7151,Received an expired out of sequence packet ,34738,34800
89.7151,Received an expired out of sequence packet ,34739,34800
89.7151,Received an expired out of sequence packet ,34740,34800
89.7152,Received an expired out of sequence packet ,34741,34800
89.7152,Received an expired out of sequence packet ,34742,34800
89.8746,Received an expired out of sequence packet ,34743,34800
89.8746,Received an expired out of sequence packet ,34744,34800
89.8746,Received an expired out of sequence packet ,34745,34800
89.8746,Received an expired out of sequence packet ,34746,34800
89.8746,Received an expired out of sequence packet ,34747,34800
89.8746,Received an expired out of sequence packet ,34748,34800
89.8747,Received an expired out of sequence packet ,34749,34800
89.8747,Received an expired out of sequence packet ,34750,34800
89.8747,Received an expired out of sequence packet ,34751,34800
89.8747,Received an expired out of sequence packet ,34752,34800
89.8747,Received an expired out of sequence packet ,34753,34800
89.8747,Received an expired out of sequence packet ,34754,34800
89.8767,Received an expired out of sequence packet ,34755,34800
89.8767,Received an expired out of sequence packet ,34756,34800
89.8777,Received an expired out of sequence packet ,34757,34800
89.8818,Received an expired out of sequence packet ,34758,34800
89.8819,Received an expired out of sequence packet ,34759,34800
89.9234,Received an expired out of sequence packet 