1.36816,Exit slow start,exceeding SS_EXIT_THRESHOLD
112.706,Timeout
112.706,clearing sending list because of timeout
112.938,Timeout
112.938,clearing sending list because of timeout
113.17,Timeout
113.171,clearing sending list because of timeout
113.403,Timeout
113.403,clearing sending list because of timeout
113.486,Received an expired out of sequence packet ,98685,98771
113.521,Received an expired out of sequence packet ,98686,98771
113.524,Received an expired out of sequence packet ,98687,98771
113.597,Received an expired out of sequence packet ,98688,98771
113.597,Received an expired out of sequence packet ,98689,98771
113.597,Received an expired out of sequence packet ,98690,98771
113.597,Received an expired out of sequence packet ,98691,98771
113.597,Received an expired out of sequence packet ,98692,98771
113.597,Received an expired out of sequence packet ,98693,98771
113.597,Received an expired out of sequence packet ,98694,98771
113.597,Received an expired out of sequence packet ,98695,98771
113.597,Received an expired out of sequence packet ,98696,98771
113.597,Received an expired out of sequence packet ,98697,98771
113.597,Received an expired out of sequence packet ,98698,98771
113.6,Received an expired out of sequence packet ,98699,98771
113.629,Received an expired out of sequence packet ,98700,98771
113.629,Received an expired out of sequence packet ,98701,98771
113.629,Received an expired out of sequence packet ,98702,98771
113.629,Received an expired out of sequence packet ,98703,98771
113.629,Received an expired out of sequence packet ,98704,98771
113.629,Received an expired out of sequence packet ,98705,98771
113.629,Received an expired out of sequence packet ,98706,98771
113.629,Received an expired out of sequence packet ,98707,98771
113.629,Received an expired out of sequence packet ,98708,98771
113.632,Received an expired out of sequence packet ,98709,98771
113.632,Received an expired out of sequence packet ,98710,98771
113.632,Received an expired out of sequence packet ,98711,98771
113.632,Received an expired out of sequence packet ,98712,98771
113.644,Received an expired out of sequence packet ,98713,98771
113.644,Received an expired out of sequence packet ,98714,98771
113.644,Received an expired out of sequence packet ,98715,98771
113.644,Received an expired out of sequence packet ,98716,98771
113.644,Received an expired out of sequence packet ,98717,98771
113.644,Received an expired out of sequence packet ,98718,98771
113.644,Received an expired out of sequence packet ,98719,98771
113.644,Received an expired out of sequence packet ,98720,98771
113.644,Received an expired out of sequence packet ,98721,98771
113.644,Received an expired out of sequence packet ,98722,98771
113.653,Received an expired out of sequence packet ,98723,98771
113.653,Received an expired out of sequence packet ,98724,98771
113.653,Received an expired out of sequence packet ,98725,98771
113.653,Received an expired out of sequence packet ,98726,98771
113.661,Received an expired out of sequence packet ,98727,98771
113.661,Received an expired out of sequence packet ,98728,98771
113.663,Received an expired out of sequence packet ,98729,98771
113.663,Received an expired out of sequence packet ,98730,98771
113.663,Received an expired out of sequence packet ,98731,98771
113.663,Received an expired out of sequence packet ,98732,98771
113.663,Received an expired out of sequence packet ,98733,98771
113.663,Received an expired out of sequence packet ,98734,98771
113.663,Received an expired out of sequence packet ,98735,98771
113.663,Received an expired out of sequence packet ,98736,98771
113.706,Received an expired out of sequence packet ,98737,98771
113.706,Received an expired out of sequence packet ,98738,98771
113.706,Received an expired out of sequence packet ,98739,98771
113.706,Received an expired out of sequence packet ,98740,98771
113.706,Received an expired out of sequence packet ,98741,98771
113.706,Received an expired out of sequence packet ,98742,98771
113.794,Received an expired out of sequence packet ,98743,98771
113.794,Received an expired out of sequence packet ,98744,98771
113.794,Received an expired out of sequence packet ,98745,98771
113.794,Received an expired out of sequence packet ,98746,98771
113.797,Received an expired out of sequence packet ,98747,98771
113.797,Received an expired out of sequence packet ,98748,98771
113.797,Received an expired out of sequence packet ,98749,98771
113.797,Received an expired out of sequence packet ,98750,98771
113.799,Received an expired out of sequence packet ,98751,98771
113.799,Received an expired out of sequence packet ,98752,98771
113.799,Received an expired out of sequence packet ,98753,98771
113.799,Received an expired out of sequence packet ,98754,98771
113.799,Received an expired out of sequence packet ,98755,98771
113.799,Received an expired out of sequence packet ,98756,98771
113.799,Received an expired out of sequence packet ,98757,98771
113.799,Received an expired out of sequence packet ,98758,98771
113.799,Received an expired out of sequence packet ,98759,98771
113.799,Received an expired out of sequence packet ,98760,98771
113.799,Received an expired out of sequence packet ,98761,98771
113.799,Received an expired out of sequence packet ,98762,98771
113.799,Received an expired out of sequence packet ,98763,98771
113.799,Received an expired out of sequence packet ,98764,98771
113.799,Received an expired out of sequence packet ,98765,98771
113.799,Received an expired out of sequence packet ,98766,98771
113.799,Received an expired out of sequence packet ,98767,98771
113.799,Received an expired out of sequence packet ,98768,98771
113.799,Received an expired out of sequence packet ,98769,98771
113.799,Received an expired out of sequence packet ,98770,98771
116.614,Timeout
116.614,clearing sending list because of timeout
116.712,Received an expired out of sequence packet ,100272,100760
116.712,Received an expired out of sequence packet ,100273,100760
116.712,Received an expired out of sequence packet ,100274,100760
116.712,Received an expired out of sequence packet ,100275,100760
116.712,Received an expired out of sequence packet ,100276,100760
116.712,Received an expired out of sequence packet ,100277,100760
116.712,Received an expired out of sequence packet ,100278,100760
116.712,Received an expired out of sequence packet ,100279,100760
116.712,Received an expired out of sequence packet ,100280,100760
116.76,Received an expired out of sequence packet ,100281,100760
116.765,Received an expired out of sequence packet ,100282,100760
116.765,Received an expired out of sequence packet ,100283,100760
116.765,Received an expired out of sequence packet ,100284,100760
116.765,Received an expired out of sequence packet ,100285,100760
116.765,Received an expired out of sequence packet ,100286,100760
116.767,Received an expired out of sequence packet ,100287,100760
116.767,Received an expired out of sequence packet ,100288,100760
116.767,Received an expired out of sequence packet ,100289,100760
116.767,Received an expired out of sequence packet ,100290,100760
116.767,Received an expired out of sequence packet ,100291,100760
116.767,Received an expired out of sequence packet ,100292,100760
116.767,Received an expired out of sequence packet ,100293,100760
116.767,Received an expired out of sequence packet ,100294,100760
116.767,Received an expired out of sequence packet ,100295,100760
116.769,Received an expired out of sequence packet ,100296,100760
116.769,Received an expired out of sequence packet ,100297,100760
116.769,Received an expired out of sequence packet ,100298,100760
116.769,Received an expired out of sequence packet ,100299,100760
116.769,Received an expired out of sequence packet ,100300,100760
116.769,Received an expired out of sequence packet ,100301,100760
116.8,Received an expired out of sequence packet ,100302,100760
116.802,Received an expired out of sequence packet ,100303,100760
116.806,Received an expired out of sequence packet ,100304,100760
116.807,Received an expired out of sequence packet ,100305,100760
116.807,Received an expired out of sequence packet ,100306,100760
116.811,Received an expired out of sequence packet ,100307,100760
116.811,Received an expired out of sequence packet ,100308,100760
116.811,Received an expired out of sequence packet ,100309,100760
116.811,Received an expired out of sequence packet ,100310,100760
116.812,Received an expired out of sequence packet ,100311,100760
116.82,Received an expired out of sequence packet ,100312,100760
116.82,Received an expired out of sequence packet ,100313,100760
116.82,Received an expired out of sequence packet ,100314,100760
116.82,Received an expired out of sequence packet ,100315,100760
116.82,Received an expired out of sequence packet ,100316,100760
116.82,Received an expired out of sequence packet ,100317,100760
116.82,Received an expired out of sequence packet ,100318,100760
116.82,Received an expired out of sequence packet ,100319,100760
116.82,Received an expired out of sequence packet ,100320,100760
116.822,Received an expired out of sequence packet ,100321,100760
116.822,Received an expired out of sequence packet ,100322,100760
116.835,Received an expired out of sequence packet ,100323,100760
116.835,Received an expired out of sequence packet ,100324,100760
116.835,Received an expired out of sequence packet ,100325,100760
116.835,Received an expired out of sequence packet ,100326,100760
116.835,Received an expired out of sequence packet ,100327,100760
116.835,Received an expired out of sequence packet ,100328,100760
116.835,Received an expired out of sequence packet ,100329,100760
116.835,Received an expired out of sequence packet ,100330,100760
116.835,Received an expired out of sequence packet ,100331,100760
116.835,Received an expired out of sequence packet ,100332,100760
116.835,Received an expired out of sequence packet ,100333,100760
116.835,Received an expired out of sequence packet ,100334,100760
116.835,Received an expired out of sequence packet ,100335,100760
116.836,Received an expired out of sequence packet ,100336,100760
116.836,Received an expired out of sequence packet ,100337,100760
116.836,Received an expired out of sequence packet ,100338,100760
116.836,Received an expired out of sequence packet ,100339,100760
116.836,Received an expired out of sequence packet ,100340,100760
116.836,Received an expired out of sequence packet ,100341,100760
116.836,Received an expired out of sequence packet ,100342,100760
116.836,Received an expired out of sequence packet ,100343,100760
116.836,Received an expired out of sequence packet ,100344,100760
116.836,Received an expired out of sequence packet ,100345,100760
116.845,Received an expired out of sequence packet ,100346,100760
116.845,Received an expired out of sequence packet ,100347,100760
116.845,Received an expired out of sequence packet ,100348,100760
116.845,Received an expired out of sequence packet ,100349,100760
116.846,Received an expired out of sequence packet ,100350,100760
116.846,Received an expired out of sequence packet ,100351,100760
116.846,Received an expired out of sequence packet ,100352,100760
116.847,Received an expired out of sequence packet ,100353,100760
116.847,Received an expired out of sequence packet ,100354,100760
116.847,Received an expired out of sequence packet ,100355,100760
116.847,Received an expired out of sequence packet ,100356,100760
116.847,Received an expired out of sequence packet ,100357,100760
116.854,Received an expired out of sequence packet ,100358,100760
116.854,Received an expired out of sequence packet ,100359,100760
116.854,Received an expired out of sequence packet ,100360,100760
116.854,Received an expired out of sequence packet ,100361,100760
116.854,Received an expired out of sequence packet ,100362,100760
116.854,Received an expired out of sequence packet ,100363,100760
116.854,Received an expired out of sequence packet ,100364,100760
116.854,Received an expired out of sequence packet ,100365,100760
116.855,Received an expired out of sequence packet ,100366,100760
116.855,Received an expired out of sequence packet ,100367,100760
116.859,Received an expired out of sequence packet ,100368,100760
116.859,Received an expired out of sequence packet ,100369,100760
116.859,Received an expired out of sequence packet ,100370,100760
116.859,Received an expired out of sequence packet ,100371,100760
116.859,Received an expired out of sequence packet ,100372,100760
116.859,Received an expired out of sequence packet ,100373,100760
116.859,Received an expired out of sequence packet ,100374,100760
116.859,Received an expired out of sequence packet ,100375,100760
116.859,Received an expired out of sequence packet ,100376,100760
116.859,Received an expired out of sequence packet ,100377,100760
116.859,Received an expired out of sequence packet ,100378,100760
116.859,Received an expired out of sequence packet ,100379,100760
116.859,Received an expired out of sequence packet ,100380,100760
116.859,Received an expired out of sequence packet ,100381,100760
116.86,Received an expired out of sequence packet ,100382,100760
116.86,Received an expired out of sequence packet ,100383,100760
116.86,Received an expired out of sequence packet ,100384,100760
116.86,Received an expired out of sequence packet ,100385,100760
116.862,Received an expired out of sequence packet ,100386,100760
116.865,Received an expired out of sequence packet ,100387,100760
116.865,Received an expired out of sequence packet ,100388,100760
116.865,Received an expired out of sequence packet ,100389,100760
116.865,Received an expired out of sequence packet ,100390,100760
116.865,Received an expired out of sequence packet ,100391,100760
116.868,Received an expired out of sequence packet ,100392,100760
116.868,Received an expired out of sequence packet ,100393,100760
116.868,Received an expired out of sequence packet ,100394,100760
116.868,Received an expired out of sequence packet ,100395,100760
116.869,Received an expired out of sequence packet ,100396,100760
116.869,Received an expired out of sequence packet ,100397,100760
116.869,Received an expired out of sequence packet ,100398,100760
116.869,Received an expired out of sequence packet ,100399,100760
116.869,Received an expired out of sequence packet ,100400,100760
116.869,Received an expired out of sequence packet ,100401,100760
116.869,Received an expired out of sequence packet ,100402,100760
116.869,Received an expired out of sequence packet ,100403,100760
116.869,Received an expired out of sequence packet ,100404,100760
116.869,Received an expired out of sequence packet ,100405,100760
116.87,Received an expired out of sequence packet ,100406,100760
116.87,Received an expired out of sequence packet ,100407,100760
116.87,Received an expired out of sequence packet ,100408,100760
116.87,Received an expired out of sequence packet ,100409,100760
116.87,Received an expired out of sequence packet ,100410,100760
116.87,Received an expired out of sequence packet ,100411,100760
116.87,Received an expired out of sequence packet ,100412,100760
116.87,Received an expired out of sequence packet ,100413,100760
116.87,Received an expired out of sequence packet ,100414,100760
116.87,Received an expired out of sequence packet ,100415,100760
116.876,Received an expired out of sequence packet ,100416,100760
116.876,Received an expired out of sequence packet ,100417,100760
116.876,Received an expired out of sequence packet ,100418,100760
116.876,Received an expired out of sequence packet ,100419,100760
116.883,Received an expired out of sequence packet ,100420,100760
116.883,Received an expired out of sequence packet ,100421,100760
116.883,Received an expired out of sequence packet ,100422,100760
116.883,Received an expired out of sequence packet ,100423,100760
116.883,Received an expired out of sequence packet ,100424,100760
116.883,Received an expired out of sequence packet ,100425,100760
116.883,Received an expired out of sequence packet ,100426,100760
116.883,Received an expired out of sequence packet ,100427,100760
116.883,Received an expired out of sequence packet ,100428,100760
116.883,Received an expired out of sequence packet ,100429,100760
116.883,Received an expired out of sequence packet ,100430,100760
116.883,Received an expired out of sequence packet ,100431,100760
116.884,Received an expired out of sequence packet ,100432,100760
116.884,Received an expired out of sequence packet ,100433,100760
116.884,Received an expired out of sequence packet ,100434,100760
116.887,Received an expired out of sequence packet ,100435,100760
116.892,Received an expired out of sequence packet ,100436,100760
116.892,Received an expired out of sequence packet ,100437,100760
116.892,Received an expired out of sequence packet ,100438,100760
116.893,Received an expired out of sequence packet ,100439,100760
116.893,Received an expired out of sequence packet ,100440,100760
116.893,Received an expired out of sequence packet ,100441,100760
116.894,Received an expired out of sequence packet ,100442,100760
116.894,Received an expired out of sequence packet ,100443,100760
116.899,Received an expired out of sequence packet ,100444,100760
116.899,Received an expired out of sequence packet ,100445,100760
116.899,Received an expired out of sequence packet ,100446,100760
116.899,Received an expired out of sequence packet ,100447,100760
116.899,Received an expired out of sequence packet ,100448,100760
116.899,Received an expired out of sequence packet ,100449,100760
116.901,Received an expired out of sequence packet ,100450,100760
116.901,Received an expired out of sequence packet ,100451,100760
116.901,Received an expired out of sequence packet ,100452,100760
116.901,Received an expired out of sequence packet ,100453,100760
116.902,Received an expired out of sequence packet ,100454,100760
116.902,Received an expired out of sequence packet ,100455,100760
116.902,Received an expired out of sequence packet ,100456,100760
116.902,Received an expired out of sequence packet ,100457,100760
116.903,Received an expired out of sequence packet ,100458,100760
116.903,Received an expired out of sequence packet ,100459,100760
116.903,Received an expired out of sequence packet ,100460,100760
116.903,Received an expired out of sequence packet ,100461,100760
116.903,Received an expired out of sequence packet ,100462,100760
116.903,Received an expired out of sequence packet ,100463,100760
116.903,Received an expired out of sequence packet ,100464,100760
116.903,Received an expired out of sequence packet ,100465,100760
116.903,Received an expired out of sequence packet ,100466,100760
116.903,Received an expired out of sequence packet ,100467,100760
116.903,Received an expired out of sequence packet ,100468,100760
116.903,Received an expired out of sequence packet ,100469,100760
116.903,Received an expired out of sequence packet ,100470,100760
116.903,Received an expired out of sequence packet ,100471,100760
116.903,Received an expired out of sequence packet ,100472,100760
116.903,Received an expired out of sequence packet ,100473,100760
116.903,Received an expired out of sequence packet ,100474,100760
116.903,Received an expired out of sequence packet ,100475,100760
116.903,Received an expired out of sequence packet ,100476,100760
116.908,Received an expired out of sequence packet ,100477,100760
116.908,Received an expired out of sequence packet ,100478,100760
116.908,Received an expired out of sequence packet ,100479,100760
116.915,Received an expired out of sequence packet ,100480,100760
116.915,Received an expired out of sequence packet ,100481,100760
116.915,Received an expired out of sequence packet ,100482,100760
116.915,Received an expired out of sequence packet ,100483,100760
116.915,Received an expired out of sequence packet ,100484,100760
116.918,Received an expired out of sequence packet ,100485,100760
116.918,Received an expired out of sequence packet ,100486,100760
116.918,Received an expired out of sequence packet ,100487,100760
116.918,Received an expired out of sequence packet ,100488,100760
116.918,Received an expired out of sequence packet ,100489,100760
116.918,Received an expired out of sequence packet ,100490,100760
116.918,Received an expired out of sequence packet ,100491,100760
116.918,Received an expired out of sequence packet ,100492,100760
116.918,Received an expired out of sequence packet ,100493,100760
116.918,Received an expired out of sequence packet ,100494,100760
116.918,Received an expired out of sequence packet ,100495,100760
116.918,Received an expired out of sequence packet ,100496,100760
116.918,Received an expired out of sequence packet ,100497,100760
116.918,Received an expired out of sequence packet ,100498,100760
116.918,Received an expired out of sequence packet ,100499,100760
116.918,Received an expired out of sequence packet ,100500,100760
116.918,Received an expired out of sequence packet ,100501,100760
116.918,Received an expired out of sequence packet ,100502,100760
116.919,Received an expired out of sequence packet ,100503,100760
116.919,Received an expired out of sequence packet ,100504,100760
116.919,Received an expired out of sequence packet ,100505,100760
116.919,Received an expired out of sequence packet ,100506,100760
116.919,Received an expired out of sequence packet ,100507,100760
116.919,Received an expired out of sequence packet ,100508,100760
116.919,Received an expired out of sequence packet ,100509,100760
116.919,Received an expired out of sequence packet ,100510,100760
116.921,Received an expired out of sequence packet ,100511,100760
116.921,Received an expired out of sequence packet ,100512,100760
116.921,Received an expired out of sequence packet ,100513,100760
116.921,Received an expired out of sequence packet ,100514,100760
116.921,Received an expired out of sequence packet ,100515,100760
116.921,Received an expired out of sequence packet ,100516,100760
116.921,Received an expired out of sequence packet ,100517,100760
116.921,Received an expired out of sequence packet ,100518,100760
116.921,Received an expired out of sequence packet ,100519,100760
116.921,Received an expired out of sequence packet ,100520,100760
116.921,Received an expired out of sequence packet ,100521,100760
116.921,Received an expired out of sequence packet ,100522,100760
116.921,Received an expired out of sequence packet ,100523,100760
116.921,Received an expired out of sequence packet ,100524,100760
116.921,Received an expired out of sequence packet ,100525,100760
116.921,Received an expired out of sequence packet ,100526,100760
116.921,Received an expired out of sequence packet ,100527,100760
116.921,Received an expired out of sequence packet ,100528,100760
116.921,Received an expired out of sequence packet ,100529,100760
116.921,Received an expired out of sequence packet ,100530,100760
116.921,Received an expired out of sequence packet ,100531,100760
116.921,Received an expired out of sequence packet ,100532,100760
116.921,Received an expired out of sequence packet ,100533,100760
116.928,Received an expired out of sequence packet ,100534,100760
116.928,Received an expired out of sequence packet ,100535,100760
116.928,Received an expired out of sequence packet ,100536,100760
116.928,Received an expired out of sequence packet ,100537,100760
116.939,Received an expired out of sequence packet ,100538,100760
116.939,Received an expired out of sequence packet ,100539,100760
116.939,Received an expired out of sequence packet ,100540,100760
116.939,Received an expired out of sequence packet ,100541,100760
116.939,Received an expired out of sequence packet ,100542,100760
116.939,Received an expired out of sequence packet ,100543,100760
116.941,Received an expired out of sequence packet ,100544,100760
116.941,Received an expired out of sequence packet ,100545,100760
116.941,Received an expired out of sequence packet ,100546,100760
116.941,Received an expired out of sequence packet ,100547,100760
116.941,Received an expired out of sequence packet ,100548,100760
116.941,Received an expired out of sequence packet ,100549,100760
116.941,Received an expired out of sequence packet ,100550,100760
116.941,Received an expired out of sequence packet ,100551,100760
116.941,Received an expired out of sequence packet ,100552,100760
116.941,Received an expired out of sequence packet ,100553,100760
116.941,Received an expired out of sequence packet ,100554,100760
116.941,Received an expired out of sequence packet ,100555,100760
116.941,Received an expired out of sequence packet ,100556,100760
116.941,Received an expired out of sequence packet ,100557,100760
116.941,Received an expired out of sequence packet ,100558,100760
116.941,Received an expired out of sequence packet ,100559,100760
116.941,Received an expired out of sequence packet ,100560,100760
116.941,Received an expired out of sequence packet ,100561,100760
116.941,Received an expired out of sequence packet ,100562,100760
116.941,Received an expired out of sequence packet ,100563,100760
116.941,Received an expired out of sequence packet ,100564,100760
116.941,Received an expired out of sequence packet ,100565,100760
116.941,Received an expired out of sequence packet ,100566,100760
116.941,Received an expired out of sequence packet ,100567,100760
116.941,Received an expired out of sequence packet ,100568,100760
116.941,Received an expired out of sequence packet ,100569,100760
116.941,Received an expired out of sequence packet ,100570,100760
116.941,Received an expired out of sequence packet ,100571,100760
116.941,Received an expired out of sequence packet ,100572,100760
116.941,Received an expired out of sequence packet ,100573,100760
116.941,Received an expired out of sequence packet ,100574,100760
116.941,Received an expired out of sequence packet ,100575,100760
116.943,Received an expired out of sequence packet ,100576,100760
116.943,Received an expired out of sequence packet ,100577,100760
116.943,Received an expired out of sequence packet ,100578,100760
116.943,Received an expired out of sequence packet ,100579,100760
116.943,Received an expired out of sequence packet ,100580,100760
116.943,Received an expired out of sequence packet ,100581,100760
116.943,Received an expired out of sequence packet ,100582,100760
116.943,Received an expired out of sequence packet ,100583,100760
116.943,Received an expired out of sequence packet ,100584,100760
116.943,Received an expired out of sequence packet ,100585,100760
116.943,Received an expired out of sequence packet ,100586,100760
116.943,Received an expired out of sequence packet ,100587,100760
116.943,Received an expired out of sequence packet ,100588,100760
116.945,Received an expired out of sequence packet ,100589,100760
116.945,Received an expired out of sequence packet ,100590,100760
116.945,Received an expired out of sequence packet ,100591,100760
116.945,Received an expired out of sequence packet ,100592,100760
116.945,Received an expired out of sequence packet ,100593,100760
116.945,Received an expired out of sequence packet ,100594,100760
116.945,Received an expired out of sequence packet ,100595,100760
116.945,Received an expired out of sequence packet ,100596,100760
116.945,Received an expired out of sequence packet ,100597,100760
116.945,Received an expired out of sequence packet ,100598,100760
116.945,Received an expired out of sequence packet ,100599,100760
116.945,Received an expired out of sequence packet ,100600,100760
116.945,Received an expired out of sequence packet ,100601,100760
116.945,Received an expired out of sequence packet ,100602,100760
116.945,Received an expired out of sequence packet ,100603,100760
116.945,Received an expired out of sequence packet ,100604,100760
116.945,Received an expired out of sequence packet ,100605,100760
116.945,Received an expired out of sequence packet ,100606,100760
116.945,Received an expired out of sequence packet ,100607,100760
116.945,Received an expired out of sequence packet ,100608,100760
116.945,Received an expired out of sequence packet ,100609,100760
116.945,Received an expired out of sequence packet ,100610,100760
116.945,Received an expired out of sequence packet ,100611,100760
116.946,Received an expired out of sequence packet ,100612,100760
116.946,Received an expired out of sequence packet ,100613,100760
116.95,Received an expired out of sequence packet ,100614,100760
116.95,Received an expired out of sequence packet ,100615,100760
116.95,Received an expired out of sequence packet ,100616,100760
116.95,Received an expired out of sequence packet ,100617,100760
116.95,Received an expired out of sequence packet ,100618,100760
116.95,Received an expired out of sequence packet ,100619,100760
116.95,Received an expired out of sequence packet ,100620,100760
116.95,Received an expired out of sequence packet ,100621,100760
116.95,Received an expired out of sequence packet ,100622,100760
116.95,Received an expired out of sequence packet ,100623,100760
116.95,Received an expired out of sequence packet ,100624,100760
116.95,Received an expired out of sequence packet ,100625,100760
116.95,Received an expired out of sequence packet ,100626,100760
116.951,Received an expired out of sequence packet ,100627,100760
116.951,Received an expired out of sequence packet ,100628,100760
116.952,Received an expired out of sequence packet ,100629,100760
116.952,Received an expired out of sequence packet ,100630,100760
116.952,Received an expired out of sequence packet ,100631,100760
116.952,Received an expired out of sequence packet ,100632,100760
116.952,Received an expired out of sequence packet ,100633,100760
116.952,Received an expired out of sequence packet ,100634,100760
116.953,Received an expired out of sequence packet ,100635,100760
116.955,Received an expired out of sequence packet ,100636,100760
116.956,Received an expired out of sequence packet ,100637,100760
116.956,Received an expired out of sequence packet ,100638,100760
116.957,Received an expired out of sequence packet ,100639,100760
116.957,Received an expired out of sequence packet ,100640,100760
116.957,Received an expired out of sequence packet ,100641,100760
116.957,Received an expired out of sequence packet ,100642,100760
116.957,Received an expired out of sequence packet ,100643,100760
116.957,Received an expired out of sequence packet ,100644,100760
116.961,Received an expired out of sequence packet ,100645,100760
116.961,Received an expired out of sequence packet ,100646,100760
116.961,Received an expired out of sequence packet ,100647,100760
116.961,Received an expired out of sequence packet ,100648,100760
116.961,Received an expired out of sequence packet ,100649,100760
116.961,Received an expired out of sequence packet ,100650,100760
116.961,Received an expired out of sequence packet ,100651,100760
116.962,Received an expired out of sequence packet ,100652,100760
116.965,Received an expired out of sequence packet ,100653,100760
116.965,Received an expired out of sequence packet ,100654,100760
116.965,Received an expired out of sequence packet ,100655,100760
116.965,Received an expired out of sequence packet ,100656,100760
116.966,Received an expired out of sequence packet ,100657,100760
116.967,Received an expired out of sequence packet ,100658,100760
116.967,Received an expired out of sequence packet ,100659,100760
116.967,Received an expired out of sequence packet ,100660,100760
116.967,Received an expired out of sequence packet ,100661,100760
116.967,Received an expired out of sequence packet ,100662,100760
116.967,Received an expired out of sequence packet ,100663,100760
116.967,Received an expired out of sequence packet ,100664,100760
116.967,Received an expired out of sequence packet ,100665,100760
116.967,Received an expired out of sequence packet ,100666,100760
116.967,Received an expired out of sequence packet ,100667,100760
116.967,Received an expired out of sequence packet ,100668,100760
116.967,Received an expired out of sequence packet ,100669,100760
116.968,Received an expired out of sequence packet ,100670,100760
116.968,Received an expired out of sequence packet ,100671,100760
116.968,Received an expired out of sequence packet ,100672,100760
116.968,Received an expired out of sequence packet ,100673,100760
116.968,Received an expired out of sequence packet ,100674,100760
116.97,Received an expired out of sequence packet ,100675,100760
116.97,Received an expired out of sequence packet ,100676,100760
116.97,Received an expired out of sequence packet ,100677,100760
116.97,Received an expired out of sequence packet ,100678,100760
116.97,Received an expired out of sequence packet ,100679,100760
116.97,Received an expired out of sequence packet ,100680,100760
116.97,Received an expired out of sequence packet ,100681,100760
116.97,Received an expired out of sequence packet ,100682,100760
116.97,Received an expired out of sequence packet ,100683,100760
116.97,Received an expired out of sequence packet ,100684,100760
116.97,Received an expired out of sequence packet ,100685,100760
116.97,Received an expired out of sequence packet ,100686,100760
116.97,Received an expired out of sequence packet ,100687,100760
116.97,Received an expired out of sequence packet ,100688,100760
116.97,Received an expired out of sequence packet ,100689,100760
116.97,Received an expired out of sequence packet ,100690,100760
116.97,Received an expired out of sequence packet ,100691,100760
116.971,Received an expired out of sequence packet ,100692,100760
116.971,Received an expired out of sequence packet ,100693,100760
116.971,Received an expired out of sequence packet ,100694,100760
116.971,Received an expired out of sequence packet ,100695,100760
116.971,Received an expired out of sequence packet ,100696,100760
116.971,Received an expired out of sequence packet ,100697,100760
116.972,Received an expired out of sequence packet ,100698,100760
116.972,Received an expired out of sequence packet ,100699,100760
116.972,Received an expired out of sequence packet ,100700,100760
116.972,Received an expired out of sequence packet ,100701,100760
116.972,Received an expired out of sequence packet ,100702,100760
116.972,Received an expired out of sequence packet ,100703,100760
116.972,Received an expired out of sequence packet ,100704,100760
116.974,Received an expired out of sequence packet ,100705,100760
116.981,Received an expired out of sequence packet ,100706,100760
116.981,Received an expired out of sequence packet ,100707,100760
116.981,Received an expired out of sequence packet ,100708,100760
116.985,Received an expired out of sequence packet ,100709,100760
116.985,Received an expired out of sequence packet ,100710,100760
116.985,Received an expired out of sequence packet ,100711,100760
116.985,Received an expired out of sequence packet ,100712,100760
116.985,Received an expired out of sequence packet ,100713,100760
116.985,Received an expired out of sequence packet ,100714,100760
116.985,Received an expired out of sequence packet ,100715,100760
116.985,Received an expired out of sequence packet ,100716,100760
116.985,Received an expired out of sequence packet ,100717,100760
116.986,Received an expired out of sequence packet ,100718,100760
116.986,Received an expired out of sequence packet ,100719,100760
116.986,Received an expired out of sequence packet ,100720,100760
116.986,Received an expired out of sequence packet ,100721,100760
116.986,Received an expired out of sequence packet ,100722,100760
116.986,Received an expired out of sequence packet ,100723,100760
116.986,Received an expired out of sequence packet ,100724,100760
116.986,Received an expired out of sequence packet ,100725,100760
116.986,Received an expired out of sequence packet ,100726,100760
116.986,Received an expired out of sequence packet ,100727,100760
116.986,Received an expired out of sequence packet ,100728,100760
116.986,Received an expired out of sequence packet ,100729,100760
116.986,Received an expired out of sequence packet ,100730,100760
116.986,Received an expired out of sequence packet ,100731,100760
116.986,Received an expired out of sequence packet ,100732,100760
116.986,Received an expired out of sequence packet ,100733,100760
116.986,Received an expired out of sequence packet ,100734,100760
116.986,Received an expired out of sequence packet ,100735,100760
116.986,Received an expired out of sequence packet ,100736,100760
116.986,Received an expired out of sequence packet ,100737,100760
116.986,Received an expired out of sequence packet ,100738,100760
116.986,Received an expired out of sequence packet ,100739,100760
116.986,Received an expired out of sequence packet ,100740,100760
116.986,Received an expired out of sequence packet ,100741,100760
116.986,Received an expired out of sequence packet ,100742,100760
116.986,Received an expired out of sequence packet ,100743,100760
116.988,Received an expired out of sequence packet ,100744,100760
116.988,Received an expired out of sequence packet ,100745,100760
116.989,Received an expired out of sequence packet ,100746,100760
116.989,Received an expired out of sequence packet ,100747,100760
116.989,Received an expired out of sequence packet ,100748,100760
116.989,Received an expired out of sequence packet ,100749,100760
116.989,Received an expired out of sequence packet ,100750,100760
116.989,Received an expired out of sequence packet ,100751,100760
116.989,Received an expired out of sequence packet ,100752,100760
116.989,Received an expired out of sequence packet ,100753,100760
116.989,Received an expired out of sequence packet ,100754,100760
116.99,Received an expired out of sequence packet ,100755,100760
116.99,Received an expired out of sequence packet ,100756,100760
116.99,Received an expired out of sequence packet ,100757,100760
116.99,Received an expired out of sequence packet ,100758,100760
116.99,Received an expired out of sequence packet ,100759,100760
177.618,Timeout
177.618,clearing sending list because of timeout
177.86,Received an expired out of sequence packet ,137461,137541
177.86,Received an expired out of sequence packet ,137462,137541
177.86,Received an expired out of sequence packet ,137463,137541
177.86,Received an expired out of sequence packet ,137464,137541
177.86,Received an expired out of sequence packet ,137465,137541
177.86,Received an expired out of sequence packet ,137466,137541
177.86,Received an expired out of sequence packet ,137467,137541
177.86,Received an expired out of sequence packet ,137468,137541
177.86,Received an expired out of sequence packet ,137469,137541
177.86,Received an expired out of sequence packet ,137470,137541
177.861,Received an expired out of sequence packet ,137471,137541
177.861,Received an expired out of sequence packet ,137472,137541
177.861,Received an expired out of sequence packet ,137473,137541
177.895,Received an expired out of sequence packet ,137474,137541
177.899,Received an expired out of sequence packet ,137475,137541
177.899,Received an expired out of sequence packet ,137476,137541
177.899,Received an expired out of sequence packet ,137477,137541
177.901,Received an expired out of sequence packet ,137478,137541
177.901,Received an expired out of sequence packet ,137479,137541
177.901,Received an expired out of sequence packet ,137480,137541
177.901,Received an expired out of sequence packet ,137481,137541
177.901,Received an expired out of sequence packet ,137482,137541
177.901,Received an expired out of sequence packet ,137483,137541
177.901,Received an expired out of sequence packet ,137484,137541
177.901,Received an expired out of sequence packet ,137485,137541
177.901,Received an expired out of sequence packet ,137486,137541
177.901,Received an expired out of sequence packet ,137487,137541
177.901,Received an expired out of sequence packet ,137488,137541
177.904,Received an expired out of sequence packet ,137489,137541
177.904,Received an expired out of sequence packet ,137490,137541
177.904,Received an expired out of sequence packet ,137491,137541
177.904,Received an expired out of sequence packet ,137492,137541
177.904,Received an expired out of sequence packet ,137493,137541
177.904,Received an expired out of sequence packet ,137494,137541
177.904,Received an expired out of sequence packet ,137495,137541
177.905,Received an expired out of sequence packet ,137496,137541
177.905,Received an expired out of sequence packet ,137497,137541
177.905,Received an expired out of sequence packet ,137498,137541
177.905,Received an expired out of sequence packet ,137499,137541
177.905,Received an expired out of sequence packet ,137500,137541
177.905,Received an expired out of sequence packet ,137501,137541
177.977,Received an expired out of sequence packet ,137502,137541
177.977,Received an expired out of sequence packet ,137503,137541
177.978,Received an expired out of sequence packet ,137504,137541
177.979,Received an expired out of sequence packet ,137505,137541
177.981,Received an expired out of sequence packet ,137506,137541
177.985,Received an expired out of sequence packet ,137507,137541
177.985,Received an expired out of sequence packet ,137508,137541
177.985,Received an expired out of sequence packet ,137509,137541
177.985,Received an expired out of sequence packet ,137510,137541
177.985,Received an expired out of sequence packet ,137511,137541
177.989,Received an expired out of sequence packet ,137512,137541
177.989,Received an expired out of sequence packet ,137513,137541
177.989,Received an expired out of sequence packet ,137514,137541
177.989,Received an expired out of sequence packet ,137515,137541
177.989,Received an expired out of sequence packet ,137516,137541
177.989,Received an expired out of sequence packet ,137517,137541
177.989,Received an expired out of sequence packet ,137518,137541
177.989,Received an expired out of sequence packet ,137519,137541
177.989,Received an expired out of sequence packet ,137520,137541
177.989,Received an expired out of sequence packet ,137521,137541
177.989,Received an expired out of sequence packet ,137522,137541
177.989,Received an expired out of sequence packet ,137523,137541
177.992,Received an expired out of sequence packet ,137524,137541
177.992,Received an expired out of sequence packet ,137525,137541
177.992,Received an expired out of sequence packet ,137526,137541
177.992,Received an expired out of sequence packet ,137527,137541
177.992,Received an expired out of sequence packet ,137528,137541
177.992,Received an expired out of sequence packet ,137529,137541
177.992,Received an expired out of sequence packet ,137530,137541
177.993,Received an expired out of sequence packet ,137531,137541
177.993,Received an expired out of sequence packet ,137532,137541
177.993,Received an expired out of sequence packet ,137533,137541
177.993,Received an expired out of sequence packet ,137534,137541
177.993,Received an expired out of sequence packet ,137535,137541
177.993,Received an expired out of sequence packet ,137536,137541
177.993,Received an expired out of sequence packet ,137537,137541
177.993,Received an expired out of sequence packet ,137538,137541
177.993,Received an expired out of sequence packet ,137539,137541
177.993,Received an expired out of sequence packet ,137540,137541
193.811,Timeout
193.811,clearing sending list because of timeout
193.812,Received an expired out of sequence packet ,149508,149625
194.81,Received an expired out of sequence packet ,149509,149625
194.87,Received an expired out of sequence packet ,149510,149625
194.871,Received an expired out of sequence packet ,149511,149625
194.871,Received an expired out of sequence packet ,149512,149625
194.871,Received an expired out of sequence packet ,149513,149625
194.871,Received an expired out of sequence packet ,149514,149625
194.871,Received an expired out of sequence packet ,149515,149625
194.928,Received an expired out of sequence packet ,149516,149625
194.928,Received an expired out of sequence packet ,149517,149625
194.928,Received an expired out of sequence packet ,149518,149625
194.928,Received an expired out of sequence packet ,149519,149625
194.939,Received an expired out of sequence packet ,149520,149625
194.939,Received an expired out of sequence packet ,149521,149625
194.941,Received an expired out of sequence packet ,149522,149625
194.941,Received an expired out of sequence packet ,149523,149625
194.944,Received an expired out of sequence packet ,149524,149625
194.944,Received an expired out of sequence packet ,149525,149625
194.944,Received an expired out of sequence packet ,149526,149625
194.944,Received an expired out of sequence packet ,149527,149625
194.944,Received an expired out of sequence packet ,149528,149625
194.944,Received an expired out of sequence packet ,149529,149625
194.946,Received an expired out of sequence packet ,149530,149625
194.946,Received an expired out of sequence packet ,149531,149625
194.946,Received an expired out of sequence packet ,149532,149625
194.946,Received an expired out of sequence packet ,149533,149625
194.95,Received an expired out of sequence packet ,149534,149625
194.95,Received an expired out of sequence packet ,149535,149625
194.953,Received an expired out of sequence packet ,149536,149625
194.953,Received an expired out of sequence packet ,149537,149625
194.954,Received an expired out of sequence packet ,149538,149625
194.954,Received an expired out of sequence packet ,149539,149625
194.954,Received an expired out of sequence packet ,149540,149625
194.954,Received an expired out of sequence packet ,149541,149625
194.955,Received an expired out of sequence packet ,149542,149625
194.957,Received an expired out of sequence packet ,149543,149625
194.957,Received an expired out of sequence packet ,149544,149625
194.957,Received an expired out of sequence packet ,149545,149625
194.957,Received an expired out of sequence packet ,149546,149625
194.959,Received an expired out of sequence packet ,149547,149625
194.959,Received an expired out of sequence packet ,149548,149625
194.959,Received an expired out of sequence packet ,149549,149625
194.96,Received an expired out of sequence packet ,149550,149625
194.96,Received an expired out of sequence packet ,149551,149625
194.96,Received an expired out of sequence packet ,149552,149625
194.965,Received an expired out of sequence packet ,149553,149625
194.967,Received an expired out of sequence packet ,149554,149625
194.967,Received an expired out of sequence packet ,149555,149625
194.967,Received an expired out of sequence packet ,149556,149625
194.969,Received an expired out of sequence packet ,149557,149625
194.97,Received an expired out of sequence packet ,149558,149625
194.97,Received an expired out of sequence packet ,149559,149625
194.971,Received an expired out of sequence packet ,149560,149625
194.971,Received an expired out of sequence packet ,149561,149625
194.974,Received an expired out of sequence packet ,149562,149625
194.974,Received an expired out of sequence packet ,149563,149625
194.975,Received an expired out of sequence packet ,149564,149625
194.975,Received an expired out of sequence packet ,149565,149625
194.977,Received an expired out of sequence packet ,149566,149625
194.977,Received an expired out of sequence packet ,149567,149625
194.977,Received an expired out of sequence packet ,149568,149625
194.978,Received an expired out of sequence packet ,149569,149625
194.981,Received an expired out of sequence packet ,149570,149625
194.981,Received an expired out of sequence packet ,149571,149625
194.981,Received an expired out of sequence packet ,149572,149625
194.986,Received an expired out of sequence packet ,149573,149625
194.987,Received an expired out of sequence packet ,149574,149625
194.99,Received an expired out of sequence packet ,149575,149625
194.991,Received an expired out of sequence packet ,149576,149625
194.991,Received an expired out of sequence packet ,149577,149625
194.991,Received an expired out of sequence packet ,149578,149625
195.036,Received an expired out of sequence packet ,149579,149625
195.038,Received an expired out of sequence packet ,149580,149625
195.038,Received an expired out of sequence packet ,149581,149625
195.04,Received an expired out of sequence packet ,149582,149625
195.04,Received an expired out of sequence packet ,149583,149625
195.04,Received an expired out of sequence packet ,149584,149625
195.04,Received an expired out of sequence packet ,149585,149625
195.041,Received an expired out of sequence packet ,149586,149625
195.042,Received an expired out of sequence packet ,149587,149625
195.042,Received an expired out of sequence packet ,149588,149625
195.042,Received an expired out of sequence packet ,149589,149625
195.042,Received an expired out of sequence packet ,149590,149625
195.042,Received an expired out of sequence packet ,149591,149625
195.042,Received an expired out of sequence packet ,149592,149625
195.046,Received an expired out of sequence packet ,149593,149625
195.046,Received an expired out of sequence packet ,149594,149625
195.046,Received an expired out of sequence packet ,149595,149625
195.047,Received an expired out of sequence packet ,149596,149625
195.049,Received an expired out of sequence packet ,149597,149625
195.049,Received an expired out of sequence packet ,149598,149625
195.049,Received an expired out of sequence packet ,149599,149625
195.05,Received an expired out of sequence packet ,149600,149625
195.05,Received an expired out of sequence packet ,149601,149625
195.05,Received an expired out of sequence packet ,149602,149625
195.052,Received an expired out of sequence packet ,149603,149625
195.052,Received an expired out of sequence packet ,149604,149625
195.054,Received an expired out of sequence packet ,149605,149625
195.055,Received an expired out of sequence packet ,149606,149625
195.055,Received an expired out of sequence packet ,149607,149625
195.055,Received an expired out of sequence packet ,149608,149625
195.057,Received an expired out of sequence packet ,149609,149625
195.06,Received an expired out of sequence packet ,149610,149625
195.06,Received an expired out of sequence packet ,149611,149625
195.06,Received an expired out of sequence packet ,149612,149625
195.065,Received an expired out of sequence packet ,149613,149625
195.067,Received an expired out of sequence packet ,149614,149625
195.07,Received an expired out of sequence packet ,149615,149625
195.085,Received an expired out of sequence packet ,149616,149625
195.085,Received an expired out of sequence packet ,149617,149625
195.085,Received an expired out of sequence packet ,149618,149625
195.085,Received an expired out of sequence packet ,149619,149625
195.085,Received an expired out of sequence packet ,149620,149625
195.085,Received an expired out of sequence packet ,149621,149625
195.085,Received an expired out of sequence packet ,149622,149625
195.087,Received an expired out of sequence packet ,149623,149625
195.087,Received an expired out of sequence packet ,149624,149625
230.969,Timeout
230.969,clearing sending list because of timeout
230.986,Received an expired out of sequence packet ,173261,173332
230.989,Received an expired out of sequence packet ,173262,173332
230.992,Received an expired out of sequence packet ,173263,173332
230.992,Received an expired out of sequence packet ,173264,173332
230.992,Received an expired out of sequence packet ,173265,173332
230.992,Received an expired out of sequence packet ,173266,173332
230.992,Received an expired out of sequence packet ,173267,173332
230.992,Received an expired out of sequence packet ,173268,173332
230.992,Received an expired out of sequence packet ,173269,173332
230.992,Received an expired out of sequence packet ,173270,173332
231.022,Received an expired out of sequence packet ,173271,173332
231.022,Received an expired out of sequence packet ,173272,173332
231.022,Received an expired out of sequence packet ,173273,173332
231.022,Received an expired out of sequence packet ,173274,173332
231.022,Received an expired out of sequence packet ,173275,173332
231.022,Received an expired out of sequence packet ,173276,173332
231.022,Received an expired out of sequence packet ,173277,173332
231.022,Received an expired out of sequence packet ,173278,173332
231.025,Received an expired out of sequence packet ,173279,173332
231.026,Received an expired out of sequence packet ,173280,173332
231.026,Received an expired out of sequence packet ,173281,173332
231.026,Received an expired out of sequence packet ,173282,173332
231.026,Received an expired out of sequence packet ,173283,173332
231.026,Received an expired out of sequence packet ,173284,173332
231.026,Received an expired out of sequence packet ,173285,173332
231.026,Received an expired out of sequence packet ,173286,173332
231.026,Received an expired out of sequence packet ,173287,173332
231.026,Received an expired out of sequence packet ,173288,173332
231.026,Received an expired out of sequence packet ,173289,173332
231.026,Received an expired out of sequence packet ,173290,173332
231.028,Received an expired out of sequence packet ,173291,173332
231.028,Received an expired out of sequence packet ,173292,173332
231.028,Received an expired out of sequence packet ,173293,173332
231.028,Received an expired out of sequence packet ,173294,173332
231.028,Received an expired out of sequence packet ,173295,173332
231.028,Received an expired out of sequence packet ,173296,173332
231.028,Received an expired out of sequence packet ,173297,173332
231.028,Received an expired out of sequence packet ,173298,173332
231.028,Received an expired out of sequence packet ,173299,173332
231.028,Received an expired out of sequence packet ,173300,173332
231.028,Received an expired out of sequence packet ,173301,173332
231.028,Received an expired out of sequence packet ,173302,173332
231.028,Received an expired out of sequence packet ,173303,173332
231.028,Received an expired out of sequence packet ,173304,173332
231.049,Received an expired out of sequence packet ,173305,173332
231.049,Received an expired out of sequence packet ,173306,173332
231.049,Received an expired out of sequence packet ,173307,173332
231.049,Received an expired out of sequence packet ,173308,173332
231.049,Received an expired out of sequence packet ,173309,173332
231.049,Received an expired out of sequence packet ,173310,173332
231.049,Received an expired out of sequence packet ,173311,173332
231.049,Received an expired out of sequence packet ,173312,173332
231.052,Received an expired out of sequence packet ,173313,173332
231.059,Received an expired out of sequence packet ,173314,173332
231.064,Received an expired out of sequence packet ,173315,173332
231.064,Received an expired out of sequence packet ,173316,173332
231.064,Received an expired out of sequence packet ,173317,173332
231.064,Received an expired out of sequence packet ,173318,173332
231.064,Received an expired out of sequence packet ,173319,173332
231.064,Received an expired out of sequence packet ,173320,173332
231.064,Received an expired out of sequence packet ,173321,173332
231.066,Received an expired out of sequence packet ,173322,173332
231.066,Received an expired out of sequence packet ,173323,173332
231.066,Received an expired out of sequence packet ,173324,173332
231.066,Received an expired out of sequence packet ,173325,173332
231.066,Received an expired out of sequence packet ,173326,173332
231.066,Received an expired out of sequence packet ,173327,173332
231.066,Received an expired out of sequence packet ,173328,173332
231.066,Received an expired out of sequence packet ,173329,173332
231.066,Received an expired out of sequence packet ,173330,173332
231.066,Received an expired out of sequence packet ,173331,173332
242.674,Timeout
242.674,clearing sending list because of timeout
242.698,Received an expired out of sequence packet ,178712,178753
242.698,Received an expired out of sequence packet ,178713,178753
242.7,Received an expired out of sequence packet ,178714,178753
242.7,Received an expired out of sequence packet ,178715,178753
242.7,Received an expired out of sequence packet ,178716,178753
242.7,Received an expired out of sequence packet ,178717,178753
242.7,Received an expired out of sequence packet ,178718,178753
242.701,Received an expired out of sequence packet ,178719,178753
242.701,Received an expired out of sequence packet ,178720,178753
242.701,Received an expired out of sequence packet ,178721,178753
242.701,Received an expired out of sequence packet ,178722,178753
242.701,Received an expired out of sequence packet ,178723,178753
242.701,Received an expired out of sequence packet ,178724,178753
242.701,Received an expired out of sequence packet ,178725,178753
242.702,Received an expired out of sequence packet ,178726,178753
242.702,Received an expired out of sequence packet ,178727,178753
242.702,Received an expired out of sequence packet ,178728,178753
242.703,Received an expired out of sequence packet ,178729,178753
242.703,Received an expired out of sequence packet ,178730,178753
242.704,Received an expired out of sequence packet ,178731,178753
242.704,Received an expired out of sequence packet ,178732,178753
242.704,Received an expired out of sequence packet ,178733,178753
242.704,Received an expired out of sequence packet ,178734,178753
242.704,Received an expired out of sequence packet ,178735,178753
242.704,Received an expired out of sequence packet ,178736,178753
242.705,Received an expired out of sequence packet ,178737,178753
242.705,Received an expired out of sequence packet ,178738,178753
242.705,Received an expired out of sequence packet ,178739,178753
242.705,Received an expired out of sequence packet ,178740,178753
242.705,Received an expired out of sequence packet ,178741,178753
242.705,Received an expired out of sequence packet ,178742,178753
242.705,Received an expired out of sequence packet ,178743,178753
242.706,Received an expired out of sequence packet ,178744,178753
242.708,Received an expired out of sequence packet ,178745,178753
242.708,Received an expired out of sequence packet ,178746,178753
242.709,Received an expired out of sequence packet ,178747,178753
242.709,Received an expired out of sequence packet ,178748,178753
242.709,Received an expired out of sequence packet ,178749,178753
242.709,Received an expired out of sequence packet ,178750,178753
242.709,Received an expired out of sequence packet ,178751,178753
242.709,Received an expired out of sequence packet ,178752,178753
261.27,Timeout
261.27,clearing sending list because of timeout
261.27,Received an expired out of sequence packet ,198236,198433
262.26,Received an expired out of sequence packet ,198237,198433
263.26,Timeout
263.26,clearing sending list because of timeout
263.27,Received an expired out of sequence packet ,198238,198435
264.261,Received an expired out of sequence packet ,198239,198435
264.877,Received an expired out of sequence packet ,198240,198435
264.888,Received an expired out of sequence packet ,198241,198435
264.888,Received an expired out of sequence packet ,198242,198435
264.89,Received an expired out of sequence packet ,198243,198435
264.909,Received an expired out of sequence packet ,198244,198435
264.909,Received an expired out of sequence packet ,198245,198435
264.911,Received an expired out of sequence packet ,198246,198435
264.914,Received an expired out of sequence packet ,198247,198435
264.92,Received an expired out of sequence packet ,198248,198435
264.93,Received an expired out of sequence packet ,198249,198435
264.933,Received an expired out of sequence packet ,198250,198435
264.936,Received an expired out of sequence packet ,198251,198435
264.941,Received an expired out of sequence packet ,198252,198435
264.966,Received an expired out of sequence packet ,198253,198435
264.968,Received an expired out of sequence packet ,198254,198435
264.968,Received an expired out of sequence packet ,198255,198435
264.968,Received an expired out of sequence packet ,198256,198435
264.985,Received an expired out of sequence packet ,198257,198435
264.988,Received an expired out of sequence packet ,198258,198435
265.012,Received an expired out of sequence packet ,198259,198435
265.025,Received an expired out of sequence packet ,198260,198435
265.025,Received an expired out of sequence packet ,198261,198435
265.025,Received an expired out of sequence packet ,198262,198435
265.025,Received an expired out of sequence packet ,198263,198435
265.032,Received an expired out of sequence packet ,198264,198435
265.032,Received an expired out of sequence packet ,198265,198435
265.039,Received an expired out of sequence packet ,198266,198435
265.039,Received an expired out of sequence packet ,198267,198435
265.047,Received an expired out of sequence packet ,198268,198435
265.05,Received an expired out of sequence packet ,198269,198435
265.054,Received an expired out of sequence packet ,198270,198435
265.058,Received an expired out of sequence packet ,198271,198435
265.064,Received an expired out of sequence packet ,198272,198435
265.068,Received an expired out of sequence packet ,198273,198435
265.079,Received an expired out of sequence packet ,198274,198435
265.089,Received an expired out of sequence packet ,198275,198435
265.092,Received an expired out of sequence packet ,198276,198435
265.092,Received an expired out of sequence packet ,198277,198435
265.092,Received an expired out of sequence packet ,198278,198435
265.092,Received an expired out of sequence packet ,198279,198435
265.096,Received an expired out of sequence packet ,198280,198435
265.1,Received an expired out of sequence packet ,198281,198435
265.103,Received an expired out of sequence packet ,198282,198435
265.115,Received an expired out of sequence packet ,198283,198435
265.117,Received an expired out of sequence packet ,198284,198435
265.121,Received an expired out of sequence packet ,198285,198435
265.144,Received an expired out of sequence packet ,198286,198435
265.151,Received an expired out of sequence packet ,198287,198435
265.152,Received an expired out of sequence packet ,198288,198435
265.165,Received an expired out of sequence packet ,198289,198435
265.166,Received an expired out of sequence packet ,198290,198435
265.171,Received an expired out of sequence packet ,198291,198435
265.171,Received an expired out of sequence packet ,198292,198435
265.171,Received an expired out of sequence packet ,198293,198435
265.172,Received an expired out of sequence packet ,198294,198435
265.176,Received an expired out of sequence packet ,198295,198435
265.2,Received an expired out of sequence packet ,198296,198435
265.232,Received an expired out of sequence packet ,198297,198435
265.238,Received an expired out of sequence packet ,198298,198435
265.244,Received an expired out of sequence packet ,198299,198435
265.25,Received an expired out of sequence packet ,198300,198435
265.256,Received an expired out of sequence packet ,198301,198435
265.258,Received an expired out of sequence packet ,198302,198435
265.26,Received an expired out of sequence packet ,198303,198435
265.275,Received an expired out of sequence packet ,198304,198435
265.277,Received an expired out of sequence packet ,198305,198435
265.287,Received an expired out of sequence packet ,198306,198435
265.287,Received an expired out of sequence packet ,198307,198435
265.287,Received an expired out of sequence packet ,198308,198435
265.29,Received an expired out of sequence packet ,198309,198435
265.292,Received an expired out of sequence packet ,198310,198435
265.295,Received an expired out of sequence packet ,198311,198435
265.299,Received an expired out of sequence packet ,198312,198435
265.308,Received an expired out of sequence packet ,198313,198435
265.309,Received an expired out of sequence packet ,198314,198435
265.309,Received an expired out of sequence packet ,198315,198435
265.313,Received an expired out of sequence packet ,198316,198435
265.316,Received an expired out of sequence packet ,198317,198435
265.318,Received an expired out of sequence packet ,198318,198435
265.331,Received an expired out of sequence packet ,198319,198435
265.333,Received an expired out of sequence packet ,198320,198435
265.339,Received an expired out of sequence packet ,198321,198435
265.339,Received an expired out of sequence packet ,198322,198435
265.341,Received an expired out of sequence packet ,198323,198435
265.345,Received an expired out of sequence packet ,198324,198435
265.349,Received an expired out of sequence packet ,198325,198435
265.352,Received an expired out of sequence packet ,198326,198435
265.36,Received an expired out of sequence packet ,198327,198435
265.374,Received an expired out of sequence packet ,198328,198435
265.378,Received an expired out of sequence packet ,198329,198435
265.378,Received an expired out of sequence packet ,198330,198435
265.387,Received an expired out of sequence packet ,198331,198435
265.402,Received an expired out of sequence packet ,198332,198435
265.403,Received an expired out of sequence packet ,198333,198435
265.408,Received an expired out of sequence packet ,198334,198435
265.408,Received an expired out of sequence packet ,198335,198435
265.416,Received an expired out of sequence packet ,198336,198435
265.417,Received an expired out of sequence packet ,198337,198435
265.422,Received an expired out of sequence packet ,198338,198435
265.43,Received an expired out of sequence packet ,198339,198435
265.433,Received an expired out of sequence packet ,198340,198435
265.438,Received an expired out of sequence packet ,198341,198435
265.441,Received an expired out of sequence packet ,198342,198435
265.446,Received an expired out of sequence packet ,198343,198435
265.449,Received an expired out of sequence packet ,198344,198435
265.453,Received an expired out of sequence packet ,198345,198435
265.474,Received an expired out of sequence packet ,198346,198435
265.474,Received an expired out of sequence packet ,198347,198435
265.48,Received an expired out of sequence packet ,198348,198435
265.48,Received an expired out of sequence packet ,198349,198435
265.489,Received an expired out of sequence packet ,198350,198435
265.489,Received an expired out of sequence packet ,198351,198435
265.489,Received an expired out of sequence packet ,198352,198435
265.491,Received an expired out of sequence packet ,198353,198435
265.491,Received an expired out of sequence packet ,198354,198435
265.495,Received an expired out of sequence packet ,198355,198435
265.498,Received an expired out of sequence packet ,198356,198435
265.514,Received an expired out of sequence packet ,198357,198435
265.521,Received an expired out of sequence packet ,198358,198435
265.521,Received an expired out of sequence packet ,198359,198435
265.524,Received an expired out of sequence packet ,198360,198435
265.524,Received an expired out of sequence packet ,198361,198435
265.524,Received an expired out of sequence packet ,198362,198435
265.531,Received an expired out of sequence packet ,198363,198435
265.534,Received an expired out of sequence packet ,198364,198435
265.538,Received an expired out of sequence packet ,198365,198435
265.552,Received an expired out of sequence packet ,198366,198435
265.554,Received an expired out of sequence packet ,198367,198435
265.554,Received an expired out of sequence packet ,198368,198435
265.554,Received an expired out of sequence packet ,198369,198435
265.561,Received an expired out of sequence packet ,198370,198435
265.564,Received an expired out of sequence packet ,198371,198435
265.569,Received an expired out of sequence packet ,198372,198435
265.575,Received an expired out of sequence packet ,198373,198435
265.575,Received an expired out of sequence packet ,198374,198435
265.581,Received an expired out of sequence packet ,198375,198435
265.59,Received an expired out of sequence packet ,198376,198435
265.594,Received an expired out of sequence packet ,198377,198435
265.594,Received an expired out of sequence packet ,198378,198435
265.607,Received an expired out of sequence packet ,198379,198435
265.609,Received an expired out of sequence packet ,198380,198435
265.609,Received an expired out of sequence packet ,198381,198435
265.609,Received an expired out of sequence packet ,198382,198435
265.615,Received an expired out of sequence packet ,198383,198435
265.618,Received an expired out of sequence packet ,198384,198435
265.622,Received an expired out of sequence packet ,198385,198435
265.627,Received an expired out of sequence packet ,198386,198435
265.629,Received an expired out of sequence packet ,198387,198435
265.632,Received an expired out of sequence packet ,198388,198435
265.634,Received an expired out of sequence packet ,198389,198435
265.638,Received an expired out of sequence packet ,198390,198435
265.643,Received an expired out of sequence packet ,198391,198435
265.648,Received an expired out of sequence packet ,198392,198435
265.649,Received an expired out of sequence packet ,198393,198435
265.649,Received an expired out of sequence packet ,198394,198435
265.652,Received an expired out of sequence packet ,198395,198435
265.658,Received an expired out of sequence packet ,198396,198435
265.658,Received an expired out of sequence packet ,198397,198435
265.66,Received an expired out of sequence packet ,198398,198435
265.67,Received an expired out of sequence packet ,198399,198435
265.672,Received an expired out of sequence packet ,198400,198435
265.674,Received an expired out of sequence packet ,198401,198435
265.674,Received an expired out of sequence packet ,198402,198435
265.677,Received an expired out of sequence packet ,198403,198435
265.677,Received an expired out of sequence packet ,198404,198435
265.681,Received an expired out of sequence packet ,198405,198435
265.686,Received an expired out of sequence packet ,198406,198435
265.699,Received an expired out of sequence packet ,198407,198435
265.703,Received an expired out of sequence packet ,198408,198435
265.708,Received an expired out of sequence packet ,198409,198435
265.708,Received an expired out of sequence packet ,198410,198435
265.708,Received an expired out of sequence packet ,198411,198435
265.708,Received an expired out of sequence packet ,198412,198435
265.723,Received an expired out of sequence packet ,198413,198435
265.732,Received an expired out of sequence packet ,198414,198435
265.732,Received an expired out of sequence packet ,198415,198435
265.736,Received an expired out of sequence packet ,198416,198435
265.736,Received an expired out of sequence packet ,198417,198435
265.736,Received an expired out of sequence packet ,198418,198435
265.736,Received an expired out of sequence packet ,198419,198435
265.738,Received an expired out of sequence packet ,198420,198435
265.741,Received an expired out of sequence packet ,198421,198435
265.744,Received an expired out of sequence packet ,198422,198435
265.744,Received an expired out of sequence packet ,198423,198435
265.761,Received an expired out of sequence packet ,198424,198435
265.762,Received an expired out of sequence packet ,198425,198435
265.763,Received an expired out of sequence packet ,198426,198435
265.769,Received an expired out of sequence packet ,198427,198435
265.77,Received an expired out of sequence packet ,198428,198435
265.772,Received an expired out of sequence packet ,198429,198435
265.772,Received an expired out of sequence packet ,198430,198435
265.774,Received an expired out of sequence packet ,198431,198435
265.774,Received an expired out of sequence packet ,198432,198435
265.774,Received an expired out of sequence packet ,198433,198435
265.779,Received an expired out of sequence packet ,198434,198435
292.658,Timeout
292.658,clearing sending list because of timeout
292.86,Received an expired out of sequence packet ,225967,226071
292.86,Received an expired out of sequence packet ,225968,226071
292.86,Received an expired out of sequence packet ,225969,226071
292.86,Received an expired out of sequence packet ,225970,226071
292.86,Received an expired out of sequence packet ,225971,226071
292.86,Received an expired out of sequence packet ,225972,226071
292.86,Received an expired out of sequence packet ,225973,226071
292.86,Received an expired out of sequence packet ,225974,226071
292.86,Received an expired out of sequence packet ,225975,226071
292.86,Received an expired out of sequence packet ,225976,226071
292.86,Received an expired out of sequence packet ,225977,226071
292.86,Received an expired out of sequence packet ,225978,226071
292.86,Received an expired out of sequence packet ,225979,226071
292.896,Received an expired out of sequence packet ,225980,226071
292.898,Received an expired out of sequence packet ,225981,226071
292.898,Received an expired out of sequence packet ,225982,226071
292.898,Received an expired out of sequence packet ,225983,226071
292.901,Received an expired out of sequence packet ,225984,226071
292.901,Received an expired out of sequence packet ,225985,226071
292.901,Received an expired out of sequence packet ,225986,226071
292.901,Received an expired out of sequence packet ,225987,226071
292.901,Received an expired out of sequence packet ,225988,226071
292.901,Received an expired out of sequence packet ,225989,226071
292.901,Received an expired out of sequence packet ,225990,226071
292.901,Received an expired out of sequence packet ,225991,226071
292.901,Received an expired out of sequence packet ,225992,226071
292.901,Received an expired out of sequence packet ,225993,226071
292.901,Received an expired out of sequence packet ,225994,226071
292.904,Received an expired out of sequence packet ,225995,226071
292.904,Received an expired out of sequence packet 