1.08326,Exit slow start,exceeding SS_EXIT_THRESHOLD
21.3801,Restart,can't map delay on delay curve
22.7461,Exit slow start,exceeding SS_EXIT_THRESHOLD
47.3732,Timeout
47.3733,clearing sending list because of timeout
47.3733,Received an expired out of sequence packet ,31284,32013
48.3725,Received an expired out of sequence packet ,31285,32013
48.3725,Received an expired out of sequence packet ,31286,32013
49.3639,Received an expired out of sequence packet ,31287,32013
50.3639,Timeout
50.3639,clearing sending list because of timeout
50.4209,Received an expired out of sequence packet ,31288,32024
51.421,Timeout
51.421,clearing sending list because of timeout
51.4211,Received an expired out of sequence packet ,31289,32043
52.4211,Timeout
52.4211,clearing sending list because of timeout
52.4328,Received an expired out of sequence packet ,31290,32069
52.7271,Received an expired out of sequence packet ,31291,32069
52.7404,Received an expired out of sequence packet ,31292,32069
52.7425,Received an expired out of sequence packet ,31293,32069
52.7527,Received an expired out of sequence packet ,31294,32069
52.7558,Received an expired out of sequence packet ,31295,32069
52.77,Received an expired out of sequence packet ,31296,32069
52.77,Received an expired out of sequence packet ,31297,32069
52.7772,Received an expired out of sequence packet ,31298,32069
52.7803,Received an expired out of sequence packet ,31299,32069
52.7957,Received an expired out of sequence packet ,31300,32069
52.7987,Received an expired out of sequence packet ,31301,32069
52.8008,Received an expired out of sequence packet ,31302,32069
52.8051,Received an expired out of sequence packet ,31303,32069
52.8186,Received an expired out of sequence packet ,31304,32069
52.8217,Received an expired out of sequence packet ,31305,32069
52.8227,Received an expired out of sequence packet ,31306,32069
52.8288,Received an expired out of sequence packet ,31307,32069
52.8339,Received an expired out of sequence packet ,31308,32069
52.837,Received an expired out of sequence packet ,31309,32069
52.8461,Received an expired out of sequence packet ,31310,32069
52.8492,Received an expired out of sequence packet ,31311,32069
52.8585,Received an expired out of sequence packet ,31312,32069
52.8666,Received an expired out of sequence packet ,31313,32069
52.8696,Received an expired out of sequence packet ,31314,32069
52.8759,Received an expired out of sequence packet ,31315,32069
52.8895,Received an expired out of sequence packet ,31316,32069
52.8926,Received an expired out of sequence packet ,31317,32069
52.8926,Received an expired out of sequence packet ,31318,32069
52.8926,Received an expired out of sequence packet ,31319,32069
52.8982,Received an expired out of sequence packet ,31320,32069
52.9024,Received an expired out of sequence packet ,31321,32069
52.9065,Received an expired out of sequence packet ,31322,32069
52.9086,Received an expired out of sequence packet ,31323,32069
52.9099,Received an expired out of sequence packet ,31324,32069
52.912,Received an expired out of sequence packet ,31325,32069
52.9152,Received an expired out of sequence packet ,31326,32069
52.9152,Received an expired out of sequence packet ,31327,32069
52.9173,Received an expired out of sequence packet ,31328,32069
52.9181,Received an expired out of sequence packet ,31329,32069
52.9267,Received an expired out of sequence packet ,31330,32069
52.9268,Received an expired out of sequence packet ,31331,32069
52.928,Received an expired out of sequence packet ,31332,32069
52.928,Received an expired out of sequence packet ,31333,32069
52.928,Received an expired out of sequence packet ,31334,32069
52.93,Received an expired out of sequence packet ,31335,32069
52.9322,Received an expired out of sequence packet ,31336,32069
52.9383,Received an expired out of sequence packet ,31337,32069
52.9395,Received an expired out of sequence packet ,31338,32069
52.9395,Received an expired out of sequence packet ,31339,32069
52.9416,Received an expired out of sequence packet ,31340,32069
52.9452,Received an expired out of sequence packet ,31341,32069
52.9473,Received an expired out of sequence packet ,31342,32069
52.9474,Received an expired out of sequence packet ,31343,32069
52.9505,Received an expired out of sequence packet ,31344,32069
52.9625,Received an expired out of sequence packet ,31345,32069
52.9763,Received an expired out of sequence packet ,31346,32069
52.9763,Received an expired out of sequence packet ,31347,32069
52.9783,Received an expired out of sequence packet ,31348,32069
52.9825,Received an expired out of sequence packet ,31349,32069
52.9846,Received an expired out of sequence packet ,31350,32069
52.9896,Received an expired out of sequence packet ,31351,32069
52.9896,Received an expired out of sequence packet ,31352,32069
52.9918,Received an expired out of sequence packet ,31353,32069
52.9918,Received an expired out of sequence packet ,31354,32069
52.9971,Received an expired out of sequence packet ,31355,32069
53.0012,Received an expired out of sequence packet ,31356,32069
53.0054,Received an expired out of sequence packet ,31357,32069
53.0103,Received an expired out of sequence packet ,31358,32069
53.0126,Received an expired out of sequence packet ,31359,32069
53.0166,Received an expired out of sequence packet ,31360,32069
53.0207,Received an expired out of sequence packet ,31361,32069
53.0281,Received an expired out of sequence packet ,31362,32069
53.0314,Received an expired out of sequence packet ,31363,32069
53.0314,Received an expired out of sequence packet ,31364,32069
53.0314,Received an expired out of sequence packet ,31365,32069
53.0367,Received an expired out of sequence packet ,31366,32069
53.0418,Received an expired out of sequence packet ,31367,32069
53.0439,Received an expired out of sequence packet ,31368,32069
53.0471,Received an expired out of sequence packet ,31369,32069
53.0507,Received an expired out of sequence packet ,31370,32069
53.0508,Received an expired out of sequence packet ,31371,32069
53.0508,Received an expired out of sequence packet ,31372,32069
53.052,Received an expired out of sequence packet ,31373,32069
53.0541,Received an expired out of sequence packet ,31374,32069
53.0684,Received an expired out of sequence packet ,31375,32069
53.0716,Received an expired out of sequence packet ,31376,32069
53.0716,Received an expired out of sequence packet ,31377,32069
53.0724,Received an expired out of sequence packet ,31378,32069
53.0745,Received an expired out of sequence packet ,31379,32069
53.0746,Received an expired out of sequence packet ,31380,32069
53.0746,Received an expired out of sequence packet ,31381,32069
53.0746,Received an expired out of sequence packet ,31382,32069
53.0787,Received an expired out of sequence packet ,31383,32069
53.0923,Received an expired out of sequence packet ,31384,32069
53.0975,Received an expired out of sequence packet ,31385,32069
53.0975,Received an expired out of sequence packet ,31386,32069
53.0975,Received an expired out of sequence packet ,31387,32069
53.0985,Received an expired out of sequence packet ,31388,32069
53.1059,Received an expired out of sequence packet ,31389,32069
53.1059,Received an expired out of sequence packet ,31390,32069
53.1059,Received an expired out of sequence packet ,31391,32069
53.1102,Received an expired out of sequence packet ,31392,32069
53.1102,Received an expired out of sequence packet ,31393,32069
53.1123,Received an expired out of sequence packet ,31394,32069
53.1166,Received an expired out of sequence packet ,31395,32069
53.1178,Received an expired out of sequence packet ,31396,32069
53.1199,Received an expired out of sequence packet ,31397,32069
53.1261,Received an expired out of sequence packet ,31398,32069
53.1283,Received an expired out of sequence packet ,31399,32069
53.1283,Received an expired out of sequence packet ,31400,32069
53.1304,Received an expired out of sequence packet ,31401,32069
53.1325,Received an expired out of sequence packet ,31402,32069
53.1355,Received an expired out of sequence packet ,31403,32069
53.1366,Received an expired out of sequence packet ,31404,32069
53.1386,Received an expired out of sequence packet ,31405,32069
53.1444,Received an expired out of sequence packet ,31406,32069
53.1467,Received an expired out of sequence packet ,31407,32069
53.1468,Received an expired out of sequence packet ,31408,32069
53.1489,Received an expired out of sequence packet ,31409,32069
53.1647,Received an expired out of sequence packet ,31410,32069
53.1658,Received an expired out of sequence packet ,31411,32069
53.1668,Received an expired out of sequence packet ,31412,32069
53.1668,Received an expired out of sequence packet ,31413,32069
53.1691,Received an expired out of sequence packet ,31414,32069
53.1691,Received an expired out of sequence packet ,31415,32069
53.1722,Received an expired out of sequence packet ,31416,32069
53.1722,Received an expired out of sequence packet ,31417,32069
53.1744,Received an expired out of sequence packet ,31418,32069
53.1787,Received an expired out of sequence packet ,31419,32069
53.1821,Received an expired out of sequence packet ,31420,32069
53.1872,Received an expired out of sequence packet ,31421,32069
53.1884,Received an expired out of sequence packet ,31422,32069
53.1884,Received an expired out of sequence packet ,31423,32069
53.1904,Received an expired out of sequence packet ,31424,32069
53.1905,Received an expired out of sequence packet ,31425,32069
53.1928,Received an expired out of sequence packet ,31426,32069
53.1948,Received an expired out of sequence packet ,31427,32069
53.1959,Received an expired out of sequence packet ,31428,32069
53.199,Received an expired out of sequence packet ,31429,32069
53.2001,Received an expired out of sequence packet ,31430,32069
53.2064,Received an expired out of sequence packet ,31431,32069
53.2075,Received an expired out of sequence packet ,31432,32069
53.2076,Received an expired out of sequence packet ,31433,32069
53.2076,Received an expired out of sequence packet ,31434,32069
53.2098,Received an expired out of sequence packet ,31435,32069
53.2109,Received an expired out of sequence packet ,31436,32069
53.2109,Received an expired out of sequence packet ,31437,32069
53.215,Received an expired out of sequence packet ,31438,32069
53.2182,Received an expired out of sequence packet ,31439,32069
53.2204,Received an expired out of sequence packet ,31440,32069
53.2204,Received an expired out of sequence packet ,31441,32069
53.2224,Received an expired out of sequence packet ,31442,32069
53.2265,Received an expired out of sequence packet ,31443,32069
53.2275,Received an expired out of sequence packet ,31444,32069
53.2299,Received an expired out of sequence packet ,31445,32069
53.2341,Received an expired out of sequence packet ,31446,32069
53.2342,Received an expired out of sequence packet ,31447,32069
53.2363,Received an expired out of sequence packet ,31448,32069
53.2363,Received an expired out of sequence packet ,31449,32069
53.2385,Received an expired out of sequence packet ,31450,32069
53.2385,Received an expired out of sequence packet ,31451,32069
53.2385,Received an expired out of sequence packet ,31452,32069
53.2428,Received an expired out of sequence packet ,31453,32069
53.2479,Received an expired out of sequence packet ,31454,32069
53.2479,Received an expired out of sequence packet ,31455,32069
53.25,Received an expired out of sequence packet ,31456,32069
53.25,Received an expired out of sequence packet ,31457,32069
53.25,Received an expired out of sequence packet ,31458,32069
53.2521,Received an expired out of sequence packet ,31459,32069
53.2521,Received an expired out of sequence packet ,31460,32069
53.2521,Received an expired out of sequence packet ,31461,32069
53.2541,Received an expired out of sequence packet ,31462,32069
53.2562,Received an expired out of sequence packet ,31463,32069
53.2562,Received an expired out of sequence packet ,31464,32069
53.2583,Received an expired out of sequence packet ,31465,32069
53.2604,Received an expired out of sequence packet ,31466,32069
53.2654,Received an expired out of sequence packet ,31467,32069
53.2864,Received an expired out of sequence packet ,31468,32069
53.2865,Received an expired out of sequence packet ,31469,32069
53.2887,Received an expired out of sequence packet ,31470,32069
53.2908,Received an expired out of sequence packet ,31471,32069
53.2919,Received an expired out of sequence packet ,31472,32069
53.3064,Received an expired out of sequence packet ,31473,32069
53.3076,Received an expired out of sequence packet ,31474,32069
53.3087,Received an expired out of sequence packet ,31475,32069
53.3087,Received an expired out of sequence packet ,31476,32069
53.3131,Received an expired out of sequence packet ,31477,32069
53.3131,Received an expired out of sequence packet ,31478,32069
53.3132,Received an expired out of sequence packet ,31479,32069
53.3132,Received an expired out of sequence packet ,31480,32069
53.3151,Received an expired out of sequence packet ,31481,32069
53.3182,Received an expired out of sequence packet ,31482,32069
53.3182,Received an expired out of sequence packet ,31483,32069
53.3202,Received an expired out of sequence packet ,31484,32069
53.3263,Received an expired out of sequence packet ,31485,32069
53.3284,Received an expired out of sequence packet ,31486,32069
53.3284,Received an expired out of sequence packet ,31487,32069
53.3284,Received an expired out of sequence packet ,31488,32069
53.3315,Received an expired out of sequence packet ,31489,32069
53.3326,Received an expired out of sequence packet ,31490,32069
53.3326,Received an expired out of sequence packet ,31491,32069
53.3349,Received an expired out of sequence packet ,31492,32069
53.3498,Received an expired out of sequence packet ,31493,32069
53.3508,Received an expired out of sequence packet ,31494,32069
53.3508,Received an expired out of sequence packet ,31495,32069
53.3509,Received an expired out of sequence packet ,31496,32069
53.3509,Received an expired out of sequence packet ,31497,32069
53.3509,Received an expired out of sequence packet ,31498,32069
53.352,Received an expired out of sequence packet ,31499,32069
53.352,Received an expired out of sequence packet ,31500,32069
53.3561,Received an expired out of sequence packet ,31501,32069
53.3583,Received an expired out of sequence packet ,31502,32069
53.3583,Received an expired out of sequence packet ,31503,32069
53.3616,Received an expired out of sequence packet ,31504,32069
53.3626,Received an expired out of sequence packet ,31505,32069
53.3678,Received an expired out of sequence packet ,31506,32069
53.371,Received an expired out of sequence packet ,31507,32069
53.3711,Received an expired out of sequence packet ,31508,32069
53.3711,Received an expired out of sequence packet ,31509,32069
53.3723,Received an expired out of sequence packet ,31510,32069
53.3766,Received an expired out of sequence packet ,31511,32069
53.3789,Received an expired out of sequence packet ,31512,32069
53.3789,Received an expired out of sequence packet ,31513,32069
53.38,Received an expired out of sequence packet ,31514,32069
53.3821,Received an expired out of sequence packet ,31515,32069
53.3852,Received an expired out of sequence packet ,31516,32069
53.3884,Received an expired out of sequence packet ,31517,32069
53.3916,Received an expired out of sequence packet ,31518,32069
53.3916,Received an expired out of sequence packet ,31519,32069
53.3917,Received an expired out of sequence packet ,31520,32069
53.3928,Received an expired out of sequence packet ,31521,32069
53.3949,Received an expired out of sequence packet ,31522,32069
53.3959,Received an expired out of sequence packet ,31523,32069
53.396,Received an expired out of sequence packet ,31524,32069
53.3992,Received an expired out of sequence packet ,31525,32069
53.4013,Received an expired out of sequence packet ,31526,32069
53.4013,Received an expired out of sequence packet ,31527,32069
53.4067,Received an expired out of sequence packet ,31528,32069
53.4078,Received an expired out of sequence packet ,31529,32069
53.4078,Received an expired out of sequence packet ,31530,32069
53.4088,Received an expired out of sequence packet ,31531,32069
53.411,Received an expired out of sequence packet ,31532,32069
53.412,Received an expired out of sequence packet ,31533,32069
53.4121,Received an expired out of sequence packet ,31534,32069
53.4165,Received an expired out of sequence packet ,31535,32069
53.4186,Received an expired out of sequence packet ,31536,32069
53.4186,Received an expired out of sequence packet ,31537,32069
53.4217,Received an expired out of sequence packet ,31538,32069
53.4247,Received an expired out of sequence packet ,31539,32069
53.4258,Received an expired out of sequence packet ,31540,32069
53.4279,Received an expired out of sequence packet ,31541,32069
53.4311,Received an expired out of sequence packet ,31542,32069
53.4343,Received an expired out of sequence packet ,31543,32069
53.4343,Received an expired out of sequence packet ,31544,32069
53.4353,Received an expired out of sequence packet ,31545,32069
53.4405,Received an expired out of sequence packet ,31546,32069
53.4466,Received an expired out of sequence packet ,31547,32069
53.4466,Received an expired out of sequence packet ,31548,32069
53.4486,Received an expired out of sequence packet ,31549,32069
53.4486,Received an expired out of sequence packet ,31550,32069
53.4497,Received an expired out of sequence packet ,31551,32069
53.4509,Received an expired out of sequence packet ,31552,32069
53.455,Received an expired out of sequence packet ,31553,32069
53.455,Received an expired out of sequence packet ,31554,32069
53.4685,Received an expired out of sequence packet ,31555,32069
53.4697,Received an expired out of sequence packet ,31556,32069
53.4697,Received an expired out of sequence packet ,31557,32069
53.4698,Received an expired out of sequence packet ,31558,32069
53.4698,Received an expired out of sequence packet ,31559,32069
53.4718,Received an expired out of sequence packet ,31560,32069
53.4781,Received an expired out of sequence packet ,31561,32069
53.4863,Received an expired out of sequence packet ,31562,32069
53.4876,Received an expired out of sequence packet ,31563,32069
53.4876,Received an expired out of sequence packet ,31564,32069
53.4886,Received an expired out of sequence packet ,31565,32069
53.4886,Received an expired out of sequence packet ,31566,32069
53.4886,Received an expired out of sequence packet ,31567,32069
53.4928,Received an expired out of sequence packet ,31568,32069
53.494,Received an expired out of sequence packet ,31569,32069
53.4961,Received an expired out of sequence packet ,31570,32069
53.4993,Received an expired out of sequence packet ,31571,32069
53.5058,Received an expired out of sequence packet ,31572,32069
53.5069,Received an expired out of sequence packet ,31573,32069
53.5079,Received an expired out of sequence packet ,31574,32069
53.511,Received an expired out of sequence packet ,31575,32069
53.513,Received an expired out of sequence packet ,31576,32069
53.5162,Received an expired out of sequence packet ,31577,32069
53.5183,Received an expired out of sequence packet ,31578,32069
53.5216,Received an expired out of sequence packet ,31579,32069
53.5226,Received an expired out of sequence packet ,31580,32069
53.5247,Received an expired out of sequence packet ,31581,32069
53.5289,Received an expired out of sequence packet ,31582,32069
53.5289,Received an expired out of sequence packet ,31583,32069
53.5343,Received an expired out of sequence packet ,31584,32069
53.5385,Received an expired out of sequence packet ,31585,32069
53.5407,Received an expired out of sequence packet ,31586,32069
53.5426,Received an expired out of sequence packet ,31587,32069
53.5457,Received an expired out of sequence packet ,31588,32069
53.5498,Received an expired out of sequence packet ,31589,32069
53.5529,Received an expired out of sequence packet ,31590,32069
53.5529,Received an expired out of sequence packet ,31591,32069
53.556,Received an expired out of sequence packet ,31592,32069
53.5572,Received an expired out of sequence packet ,31593,32069
53.5623,Received an expired out of sequence packet ,31594,32069
53.5683,Received an expired out of sequence packet ,31595,32069
53.5734,Received an expired out of sequence packet ,31596,32069
53.5734,Received an expired out of sequence packet ,31597,32069
53.5763,Received an expired out of sequence packet ,31598,32069
53.5835,Received an expired out of sequence packet ,31599,32069
53.5967,Received an expired out of sequence packet ,31600,32069
53.5988,Received an expired out of sequence packet ,31601,32069
53.6071,Received an expired out of sequence packet ,31602,32069
53.6221,Received an expired out of sequence packet ,31603,32069
53.6221,Received an expired out of sequence packet ,31604,32069
53.6221,Received an expired out of sequence packet ,31605,32069
53.6221,Received an expired out of sequence packet ,31606,32069
53.6221,Received an expired out of sequence packet ,31607,32069
53.6263,Received an expired out of sequence packet ,31608,32069
53.6263,Received an expired out of sequence packet ,31609,32069
53.6284,Received an expired out of sequence packet ,31610,32069
53.6284,Received an expired out of sequence packet ,31611,32069
53.6284,Received an expired out of sequence packet ,31612,32069
53.6285,Received an expired out of sequence packet ,31613,32069
53.6326,Received an expired out of sequence packet ,31614,32069
53.6347,Received an expired out of sequence packet ,31615,32069
53.6347,Received an expired out of sequence packet ,31616,32069
53.6368,Received an expired out of sequence packet ,31617,32069
53.6399,Received an expired out of sequence packet ,31618,32069
53.6409,Received an expired out of sequence packet ,31619,32069
53.645,Received an expired out of sequence packet ,31620,32069
53.6471,Received an expired out of sequence packet ,31621,32069
53.6471,Received an expired out of sequence packet ,31622,32069
53.6482,Received an expired out of sequence packet ,31623,32069
53.65,Received an expired out of sequence packet ,31624,32069
53.6544,Received an expired out of sequence packet ,31625,32069
53.6697,Received an expired out of sequence packet ,31626,32069
53.6708,Received an expired out of sequence packet ,31627,32069
53.6708,Received an expired out of sequence packet ,31628,32069
53.672,Received an expired out of sequence packet ,31629,32069
53.672,Received an expired out of sequence packet ,31630,32069
53.672,Received an expired out of sequence packet ,31631,32069
53.672,Received an expired out of sequence packet ,31632,32069
53.6863,Received an expired out of sequence packet ,31633,32069
53.6885,Received an expired out of sequence packet ,31634,32069
53.6979,Received an expired out of sequence packet ,31635,32069
53.6979,Received an expired out of sequence packet ,31636,32069
53.6979,Received an expired out of sequence packet ,31637,32069
53.6991,Received an expired out of sequence packet ,31638,32069
53.6991,Received an expired out of sequence packet ,31639,32069
53.7011,Received an expired out of sequence packet ,31640,32069
53.7053,Received an expired out of sequence packet ,31641,32069
53.7065,Received an expired out of sequence packet ,31642,32069
53.7097,Received an expired out of sequence packet ,31643,32069
53.7128,Received an expired out of sequence packet ,31644,32069
53.7149,Received an expired out of sequence packet ,31645,32069
53.7182,Received an expired out of sequence packet ,31646,32069
53.7212,Received an expired out of sequence packet ,31647,32069
53.7224,Received an expired out of sequence packet ,31648,32069
53.7275,Received an expired out of sequence packet ,31649,32069
53.7285,Received an expired out of sequence packet ,31650,32069
53.7297,Received an expired out of sequence packet ,31651,32069
53.7348,Received an expired out of sequence packet ,31652,32069
53.736,Received an expired out of sequence packet ,31653,32069
53.7412,Received an expired out of sequence packet ,31654,32069
53.7444,Received an expired out of sequence packet ,31655,32069
53.7486,Received an expired out of sequence packet ,31656,32069
53.7486,Received an expired out of sequence packet ,31657,32069
53.7527,Received an expired out of sequence packet ,31658,32069
53.7558,Received an expired out of sequence packet ,31659,32069
53.7559,Received an expired out of sequence packet ,31660,32069
53.758,Received an expired out of sequence packet ,31661,32069
53.7607,Received an expired out of sequence packet ,31662,32069
53.7629,Received an expired out of sequence packet ,31663,32069
53.7671,Received an expired out of sequence packet ,31664,32069
53.7796,Received an expired out of sequence packet ,31665,32069
53.7806,Received an expired out of sequence packet ,31666,32069
53.7858,Received an expired out of sequence packet ,31667,32069
53.7879,Received an expired out of sequence packet ,31668,32069
53.7879,Received an expired out of sequence packet ,31669,32069
53.788,Received an expired out of sequence packet ,31670,32069
53.788,Received an expired out of sequence packet ,31671,32069
53.7922,Received an expired out of sequence packet ,31672,32069
53.7952,Received an expired out of sequence packet ,31673,32069
53.8004,Received an expired out of sequence packet ,31674,32069
53.8065,Received an expired out of sequence packet ,31675,32069
53.8097,Received an expired out of sequence packet ,31676,32069
53.8097,Received an expired out of sequence packet ,31677,32069
53.8108,Received an expired out of sequence packet ,31678,32069
53.8157,Received an expired out of sequence packet ,31679,32069
53.8313,Received an expired out of sequence packet ,31680,32069
53.8314,Received an expired out of sequence packet ,31681,32069
53.8324,Received an expired out of sequence packet ,31682,32069
53.8375,Received an expired out of sequence packet ,31683,32069
53.8397,Received an expired out of sequence packet ,31684,32069
53.8408,Received an expired out of sequence packet ,31685,32069
53.8477,Received an expired out of sequence packet ,31686,32069
53.8558,Received an expired out of sequence packet ,31687,32069
53.8653,Received an expired out of sequence packet ,31688,32069
53.8716,Received an expired out of sequence packet ,31689,32069
53.8758,Received an expired out of sequence packet ,31690,32069
53.8809,Received an expired out of sequence packet ,31691,32069
53.883,Received an expired out of sequence packet ,31692,32069
53.8862,Received an expired out of sequence packet ,31693,32069
53.8898,Received an expired out of sequence packet ,31694,32069
53.9083,Received an expired out of sequence packet ,31695,32069
53.9083,Received an expired out of sequence packet ,31696,32069
53.9094,Received an expired out of sequence packet ,31697,32069
53.9094,Received an expired out of sequence packet ,31698,32069
53.9154,Received an expired out of sequence packet ,31699,32069
53.9154,Received an expired out of sequence packet ,31700,32069
53.9177,Received an expired out of sequence packet ,31701,32069
53.9322,Received an expired out of sequence packet ,31702,32069
53.9353,Received an expired out of sequence packet ,31703,32069
53.9364,Received an expired out of sequence packet ,31704,32069
53.9427,Received an expired out of sequence packet ,31705,32069
53.9438,Received an expired out of sequence packet ,31706,32069
53.9438,Received an expired out of sequence packet ,31707,32069
53.9459,Received an expired out of sequence packet ,31708,32069
53.9521,Received an expired out of sequence packet ,31709,32069
53.956,Received an expired out of sequence packet ,31710,32069
53.956,Received an expired out of sequence packet ,31711,32069
53.9582,Received an expired out of sequence packet ,31712,32069
53.9726,Received an expired out of sequence packet ,31713,32069
53.9758,Received an expired out of sequence packet ,31714,32069
53.9758,Received an expired out of sequence packet ,31715,32069
53.9758,Received an expired out of sequence packet ,31716,32069
53.9768,Received an expired out of sequence packet ,31717,32069
53.9768,Received an expired out of sequence packet ,31718,32069
53.9811,Received an expired out of sequence packet ,31719,32069
53.9842,Received an expired out of sequence packet ,31720,32069
53.9883,Received an expired out of sequence packet ,31721,32069
53.9925,Received an expired out of sequence packet ,31722,32069
53.9964,Received an expired out of sequence packet ,31723,32069
53.9996,Received an expired out of sequence packet ,31724,32069
54.0149,Received an expired out of sequence packet ,31725,32069
54.0149,Received an expired out of sequence packet ,31726,32069
54.016,Received an expired out of sequence packet ,31727,32069
54.0161,Received an expired out of sequence packet ,31728,32069
54.0253,Received an expired out of sequence packet ,31729,32069
54.0327,Received an expired out of sequence packet ,31730,32069
54.0357,Received an expired out of sequence packet ,31731,32069
54.0379,Received an expired out of sequence packet ,31732,32069
54.0401,Received an expired out of sequence packet ,31733,32069
54.0484,Received an expired out of sequence packet ,31734,32069
54.0505,Received an expired out of sequence packet ,31735,32069
54.0505,Received an expired out of sequence packet ,31736,32069
54.0558,Received an expired out of sequence packet ,31737,32069
54.0568,Received an expired out of sequence packet ,31738,32069
54.0579,Received an expired out of sequence packet ,31739,32069
54.0622,Received an expired out of sequence packet ,31740,32069
54.0643,Received an expired out of sequence packet ,31741,32069
54.0703,Received an expired out of sequence packet ,31742,32069
54.0714,Received an expired out of sequence packet ,31743,32069
54.0775,Received an expired out of sequence packet ,31744,32069
54.0786,Received an expired out of sequence packet ,31745,32069
54.0815,Received an expired out of sequence packet ,31746,32069
54.0887,Received an expired out of sequence packet ,31747,32069
54.1011,Received an expired out of sequence packet ,31748,32069
54.1011,Received an expired out of sequence packet ,31749,32069
54.1011,Received an expired out of sequence packet ,31750,32069
54.1022,Received an expired out of sequence packet ,31751,32069
54.1102,Received an expired out of sequence packet ,31752,32069
54.1114,Received an expired out of sequence packet ,31753,32069
54.1293,Received an expired out of sequence packet ,31754,32069
54.1293,Received an expired out of sequence packet ,31755,32069
54.1304,Received an expired out of sequence packet ,31756,32069
54.1314,Received an expired out of sequence packet ,31757,32069
54.1315,Received an expired out of sequence packet ,31758,32069
54.1325,Received an expired out of sequence packet ,31759,32069
54.1325,Received an expired out of sequence packet ,31760,32069
54.1336,Received an expired out of sequence packet ,31761,32069
54.1377,Received an expired out of sequence packet ,31762,32069
54.1397,Received an expired out of sequence packet ,31763,32069
54.1398,Received an expired out of sequence packet ,31764,32069
54.1448,Received an expired out of sequence packet ,31765,32069
54.1671,Received an expired out of sequence packet ,31766,32069
54.1702,Received an expired out of sequence packet ,31767,32069
54.1703,Received an expired out of sequence packet ,31768,32069
54.1723,Received an expired out of sequence packet ,31769,32069
54.1797,Received an expired out of sequence packet ,31770,32069
54.1838,Received an expired out of sequence packet ,31771,32069
54.1888,Received an expired out of sequence packet ,31772,32069
54.1919,Received an expired out of sequence packet ,31773,32069
54.194,Received an expired out of sequence packet ,31774,32069
54.1961,Received an expired out of sequence packet ,31775,32069
54.2105,Received an expired out of sequence packet ,31776,32069
54.2126,Received an expired out of sequence packet ,31777,32069
54.2126,Received an expired out of sequence packet ,31778,32069
54.2187,Received an expired out of sequence packet ,31779,32069
54.2226,Received an expired out of sequence packet ,31780,32069
54.2257,Received an expired out of sequence packet ,31781,32069
54.2288,Received an expired out of sequence packet ,31782,32069
54.2423,Received an expired out of sequence packet ,31783,32069
54.2455,Received an expired out of sequence packet ,31784,32069
54.2455,Received an expired out of sequence packet ,31785,32069
54.2496,Received an expired out of sequence packet ,31786,32069
54.2558,Received an expired out of sequence packet ,31787,32069
54.2558,Received an expired out of sequence packet ,31788,32069
54.2575,Received an expired out of sequence packet ,31789,32069
54.2575,Received an expired out of sequence packet ,31790,32069
54.2616,Received an expired out of sequence packet ,31791,32069
54.2761,Received an expired out of sequence packet ,31792,32069
54.2783,Received an expired out of sequence packet ,31793,32069
54.2824,Received an expired out of sequence packet ,31794,32069
54.2902,Received an expired out of sequence packet ,31795,32069
54.2902,Received an expired out of sequence packet ,31796,32069
54.2944,Received an expired out of sequence packet ,31797,32069
54.2944,Received an expired out of sequence packet ,31798,32069
54.3055,Received an expired out of sequence packet ,31799,32069
54.3179,Received an expired out of sequence packet ,31800,32069
54.3325,Received an expired out of sequence packet ,31801,32069
54.3325,Received an expired out of sequence packet ,31802,32069
54.3325,Received an expired out of sequence packet ,31803,32069
54.3358,Received an expired out of sequence packet ,31804,32069
54.3358,Received an expired out of sequence packet ,31805,32069
54.3379,Received an expired out of sequence packet ,31806,32069
54.34,Received an expired out of sequence packet ,31807,32069
54.3451,Received an expired out of sequence packet ,31808,32069
54.3473,Received an expired out of sequence packet ,31809,32069
54.352,Received an expired out of sequence packet ,31810,32069
54.3541,Received an expired out of sequence packet ,31811,32069
54.3716,Received an expired out of sequence packet ,31812,32069
54.3758,Received an expired out of sequence packet ,31813,32069
54.3758,Received an expired out of sequence packet ,31814,32069
54.378,Received an expired out of sequence packet ,31815,32069
54.3881,Received an expired out of sequence packet ,31816,32069
54.3911,Received an expired out of sequence packet ,31817,32069
54.3994,Received an expired out of sequence packet ,31818,32069
54.4116,Received an expired out of sequence packet ,31819,32069
54.4155,Received an expired out of sequence packet ,31820,32069
54.4308,Received an expired out of sequence packet ,31821,32069
54.4349,Received an expired out of sequence packet ,31822,32069
54.4481,Received an expired out of sequence packet ,31823,32069
54.4503,Received an expired out of sequence packet ,31824,32069
54.4585,Received an expired out of sequence packet ,31825,32069
54.4679,Received an expired out of sequence packet ,31826,32069
54.4721,Received an expired out of sequence packet ,31827,32069
54.4752,Received an expired out of sequence packet ,31828,32069
54.4784,Received an expired out of sequence packet ,31829,32069
54.4822,Received an expired out of sequence packet ,31830,32069
54.4883,Received an expired out of sequence packet ,31831,32069
54.5017,Received an expired out of sequence packet ,31832,32069
54.5017,Received an expired out of sequence packet ,31833,32069
54.5058,Received an expired out of sequence packet ,31834,32069
54.51,Received an expired out of sequence packet ,31835,32069
54.51,Received an expired out of sequence packet ,31836,32069
54.5161,Received an expired out of sequence packet ,31837,32069
54.5271,Received an expired out of sequence packet ,31838,32069
54.5292,Received an expired out of sequence packet ,31839,32069
54.5465,Received an expired out of sequence packet ,31840,32069
54.5587,Received an expired out of sequence packet ,31841,32069
54.5587,Received an expired out of sequence packet ,31842,32069
54.5648,Received an expired out of sequence packet ,31843,32069
54.57,Received an expired out of sequence packet ,31844,32069
54.5802,Received an expired out of sequence packet ,31845,32069
54.5873,Received an expired out of sequence packet ,31846,32069
54.5934,Received an expired out of sequence packet ,31847,32069
54.5997,Received an expired out of sequence packet ,31848,32069
54.6078,Received an expired out of sequence packet ,31849,32069
54.6132,Received an expired out of sequence packet ,31850,32069
54.6132,Received an expired out of sequence packet ,31851,32069
54.6164,Received an expired out of sequence packet ,31852,32069
54.6205,Received an expired out of sequence packet ,31853,32069
54.6289,Received an expired out of sequence packet ,31854,32069
54.63,Received an expired out of sequence packet ,31855,32069
54.63,Received an expired out of sequence packet ,31856,32069
54.6331,Received an expired out of sequence packet ,31857,32069
54.6382,Received an expired out of sequence packet ,31858,32069
54.6459,Received an expired out of sequence packet ,31859,32069
54.647,Received an expired out of sequence packet ,31860,32069
54.6471,Received an expired out of sequence packet ,31861,32069
54.6666,Received an expired out of sequence packet ,31862,32069
54.672,Received an expired out of sequence packet ,31863,32069
54.672,Received an expired out of sequence packet ,31864,32069
54.672,Received an expired out of sequence packet ,31865,32069
54.6741,Received an expired out of sequence packet ,31866,32069
54.6753,Received an expired out of sequence packet ,31867,32069
54.6804,Received an expired out of sequence packet ,31868,32069
54.688,Received an expired out of sequence packet ,31869,32069
54.6912,Received an expired out of sequence packet ,31870,32069
54.6912,Received an expired out of sequence packet ,31871,32069
54.6912,Received an expired out of sequence packet ,31872,32069
54.7087,Received an expired out of sequence packet ,31873,32069
54.7109,Received an expired out of sequence packet ,31874,32069
54.7253,Received an expired out of sequence packet ,31875,32069
54.7253,Received an expired out of sequence packet ,31876,32069
54.7254,Received an expired out of sequence packet ,31877,32069
54.7264,Received an expired out of sequence packet ,31878,32069
54.7275,Received an expired out of sequence packet ,31879,32069
54.7287,Received an expired out of sequence packet ,31880,32069
54.7328,Received an expired out of sequence packet ,31881,32069
54.7366,Received an expired out of sequence packet ,31882,32069
54.7408,Received an expired out of sequence packet ,31883,32069
54.7459,Received an expired out of sequence packet ,31884,32069
54.7541,Received an expired out of sequence packet ,31885,32069
54.7573,Received an expired out of sequence packet ,31886,32069
54.7626,Received an expired out of sequence packet ,31887,32069
54.7668,Received an expired out of sequence packet ,31888,32069
54.7742,Received an expired out of sequence packet ,31889,32069
54.7783,Received an expired out of sequence packet ,31890,32069
54.7815,Received an expired out of sequence packet ,31891,32069
54.7847,Received an expired out of sequence packet ,31892,32069
54.7889,Received an expired out of sequence packet ,31893,32069
54.7889,Received an expired out of sequence packet ,31894,32069
54.791,Received an expired out of sequence packet ,31895,32069
54.7921,Received an expired out of sequence packet ,31896,32069
54.7963,Received an expired out of sequence packet ,31897,32069
54.8004,Received an expired out of sequence packet ,31898,32069
54.8025,Received an expired out of sequence packet ,31899,32069
54.807,Received an expired out of sequence packet ,31900,32069
54.8071,Received an expired out of sequence packet ,31901,32069
54.8257,Received an expired out of sequence packet ,31902,32069
54.8257,Received an expired out of sequence packet ,31903,32069
54.8298,Received an expired out of sequence packet ,31904,32069
54.8298,Received an expired out of sequence packet ,31905,32069
54.8299,Received an expired out of sequence packet ,31906,32069
54.8349,Received an expired out of sequence packet ,31907,32069
54.8381,Received an expired out of sequence packet ,31908,32069
54.8462,Received an expired out of sequence packet ,31909,32069
54.8615,Received an expired out of sequence packet ,31910,32069
54.8616,Received an expired out of sequence packet ,31911,32069
54.8657,Received an expired out of sequence packet ,31912,32069
54.8788,Received an expired out of sequence packet ,31913,32069
54.8788,Received an expired out of sequence packet ,31914,32069
54.8799,Received an expired out of sequence packet ,31915,32069
54.88,Received an expired out of sequence packet ,31916,32069
54.88,Received an expired out of sequence packet ,31917,32069
54.8861,Received an expired out of sequence packet ,31918,32069
54.8899,Received an expired out of sequence packet ,31919,32069
54.9098,Received an expired out of sequence packet ,31920,32069
54.9108,Received an expired out of sequence packet ,31921,32069
54.9108,Received an expired out of sequence packet ,31922,32069
54.9151,Received an expired out of sequence packet ,31923,32069
54.9212,Received an expired out of sequence packet ,31924,32069
54.9213,Received an expired out of sequence packet ,31925,32069
54.9213,Received an expired out of sequence packet ,31926,32069
54.9213,Received an expired out of sequence packet ,31927,32069
54.9274,Received an expired out of sequence packet ,31928,32069
54.9285,Received an expired out of sequence packet ,31929,32069
54.9285,Received an expired out of sequence packet ,31930,32069
54.9316,Received an expired out of sequence packet ,31931,32069
54.9333,Received an expired out of sequence packet ,31932,32069
54.9521,Received an expired out of sequence packet ,31933,32069
54.9584,Received an expired out of sequence packet ,31934,32069
54.9584,Received an expired out of sequence packet ,31935,32069
54.9585,Received an expired out of sequence packet ,31936,32069
54.9605,Received an expired out of sequence packet ,31937,32069
54.9617,Received an expired out of sequence packet ,31938,32069
54.9628,Received an expired out of sequence packet ,31939,32069
54.9689,Received an expired out of sequence packet ,31940,32069
54.9721,Received an expired out of sequence packet ,31941,32069
54.9768,Received an expired out of sequence packet ,31942,32069
54.9768,Received an expired out of sequence packet ,31943,32069
54.9768,Received an expired out of sequence packet ,31944,32069
54.98,Received an expired out of sequence packet ,31945,32069
54.9801,Received an expired out of sequence packet ,31946,32069
54.9801,Received an expired out of sequence packet ,31947,32069
54.9949,Received an expired out of sequence packet ,31948,32069
54.9982,Received an expired out of sequence packet ,31949,32069
54.9982,Received an expired out of sequence packet ,31950,32069
54.9983,Received an expired out of sequence packet ,31951,32069
54.9983,Received an expired out of sequence packet ,31952,32069
55.0002,Received an expired out of sequence packet ,31953,32069
55.0003,Received an expired out of sequence packet ,31954,32069
55.0024,Received an expired out of sequence packet ,31955,32069
55.0065,Received an expired out of sequence packet ,31956,32069
55.0065,Received an expired out of sequence packet ,31957,32069
55.0065,Received an expired out of sequence packet ,31958,32069
55.0065,Received an expired out of sequence packet ,31959,32069
55.0066,Received an expired out of sequence packet ,31960,32069
55.0066,Received an expired out of sequence packet ,31961,32069
55.0066,Received an expired out of sequence packet ,31962,32069
55.0076,Received an expired out of sequence packet ,31963,32069
55.0107,Received an expired out of sequence packet ,31964,32069
55.0158,Received an expired out of sequence packet ,31965,32069
55.0159,Received an expired out of sequence packet ,31966,32069
55.017,Received an expired out of sequence packet ,31967,32069
55.0202,Received an expired out of sequence packet ,31968,32069
55.0202,Received an expired out of sequence packet ,31969,32069
55.0202,Received an expired out of sequence packet ,31970,32069
55.0202,Received an expired out of sequence packet ,31971,32069
55.0269,Received an expired out of sequence packet ,31972,32069
55.0433,Received an expired out of sequence packet ,31973,32069
55.0433,Received an expired out of sequence packet ,31974,32069
55.0433,Received an expired out of sequence packet ,31975,32069
55.0433,Received an expired out of sequence packet ,31976,32069
55.0434,Received an expired out of sequence packet ,31977,32069
55.0444,Received an expired out of sequence packet ,31978,32069
55.0475,Received an expired out of sequence packet ,31979,32069
55.0475,Received an expired out of sequence packet ,31980,32069
55.0475,Received an expired out of sequence packet ,31981,32069
55.0507,Received an expired out of sequence packet ,31982,32069
55.0507,Received an expired out of sequence packet ,31983,32069
55.0508,Received an expired out of sequence packet ,31984,32069
55.0508,Received an expired out of sequence packet ,31985,32069
55.0528,Received an expired out of sequence packet ,31986,32069
55.0528,Received an expired out of sequence packet ,31987,32069
55.0528,Received an expired out of sequence packet ,31988,32069
55.0528,Received an expired out of sequence packet ,31989,32069
55.054,Received an expired out of sequence packet ,31990,32069
55.054,Received an expired out of sequence packet ,31991,32069
55.054,Received an expired out of sequence packet ,31992,32069
55.0561,Received an expired out of sequence packet ,31993,32069
55.0561,Received an expired out of sequence packet ,31994,32069
55.0583,Received an expired out of sequence packet ,31995,32069
55.0583,Received an expired out of sequence packet ,31996,32069
55.0616,Received an expired out of sequence packet ,31997,32069
55.0659,Received an expired out of sequence packet ,31998,32069
55.0659,Received an expired out of sequence packet ,31999,32069
55.066,Received an expired out of sequence packet ,32000,32069
55.0691,Received an expired out of sequence packet ,32001,32069
55.0691,Received an expired out of sequence packet ,32002,32069
55.0691,Received an expired out of sequence packet ,32003,32069
55.0712,Received an expired out of sequence packet ,32004,32069
55.0734,Received an expired out of sequence packet ,32005,32069
55.0734,Received an expired out of sequence packet ,32006,32069
55.0734,Received an expired out of sequence packet ,32007,32069
55.0746,Received an expired out of sequence packet ,32008,32069
55.0767,Received an expired out of sequence packet ,32009,32069
55.0767,Received an expired out of sequence packet ,32010,32069
55.0788,Received an expired out of sequence packet ,32011,32069
55.0789,Received an expired out of sequence packet ,32012,32069
55.08,Received an expired out of sequence packet ,32013,32069
55.0811,Received an expired out of sequence packet ,32014,32069
55.0842,Received an expired out of sequence packet ,32015,32069
55.0853,Received an expired out of sequence packet ,32016,32069
55.0865,Received an expired out of sequence packet ,32017,32069
55.0909,Received an expired out of sequence packet ,32018,32069
55.092,Received an expired out of sequence packet ,32019,32069
55.092,Received an expired out of sequence packet ,32020,32069
55.0921,Received an expired out of sequence packet ,32021,32069
55.0921,Received an expired out of sequence packet ,32022,32069
55.0932,Received an expired out of sequence packet ,32023,32069
55.1082,Received an expired out of sequence packet ,32024,32069
55.1094,Received an expired out of sequence packet ,32025,32069
55.1113,Received an expired out of sequence packet ,32026,32069
55.1114,Received an expired out of sequence packet ,32027,32069
55.1114,Received an expired out of sequence packet ,32028,32069
55.1137,Received an expired out of sequence packet ,32029,32069
55.1137,Received an expired out of sequence packet ,32030,32069
55.1137,Received an expired out of sequence packet ,32031,32069
55.1137,Received an expired out of sequence packet ,32032,32069
55.1138,Received an expired out of sequence packet ,32033,32069
55.1138,Received an expired out of sequence packet ,32034,32069
55.1168,Received an expired out of sequence packet ,32035,32069
55.1168,Received an expired out of sequence packet ,32036,32069
55.1168,Received an expired out of sequence packet ,32037,32069
55.1169,Received an expired out of sequence packet ,32038,32069
55.1169,Received an expired out of sequence packet ,32039,32069
55.1169,Received an expired out of sequence packet ,32040,32069
55.1213,Received an expired out of sequence packet ,32041,32069
55.1222,Received an expired out of sequence packet ,32042,32069
55.1243,Received an expired out of sequence packet ,32043,32069
55.1243,Received an expired out of sequence packet ,32044,32069
55.1308,Received an expired out of sequence packet ,32045,32069
55.1309,Received an expired out of sequence packet ,32046,32069
55.1309,Received an expired out of sequence packet ,32047,32069
55.132,Received an expired out of sequence packet ,32048,32069
55.1321,Received an expired out of sequence packet ,32049,32069
55.133,Received an expired out of sequence packet ,32050,32069
55.133,Received an expired out of sequence packet ,32051,32069
55.1363,Received an expired out of sequence packet ,32052,32069
55.1384,Received an expired out of sequence packet ,32053,32069
55.1385,Received an expired out of sequence packet ,32054,32069
55.1406,Received an expired out of sequence packet ,32055,32069
55.1406,Received an expired out of sequence packet ,32056,32069
55.1427,Received an expired out of sequence packet ,32057,32069
55.1449,Received an expired out of sequence packet ,32058,32069
55.1449,Received an expired out of sequence packet ,32059,32069
55.146,Received an expired out of sequence packet ,32060,32069
55.1482,Received an expired out of sequence packet ,32061,32069
55.1482,Received an expired out of sequence packet ,32062,32069
55.1514,Received an expired out of sequence packet ,32063,32069
55.1536,Received an expired out of sequence packet ,32064,32069
55.1536,Received an expired out of sequence packet ,32065,32069
55.1546,Received an expired out of sequence packet ,32066,32069
55.1546,Received an expired out of sequence packet ,32067,32069
55.1568,Received an expired out of sequence packet ,32068,32069
174.418,Timeout
174.418,clearing sending list because of timeout
174.421,Received an expired out of sequence packet ,114393,114542
174.978,Received an expired out of sequence packet ,114394,114542
174.979,Received an expired out of sequence packet ,114395,114542
174.985,Received an expired out of sequence packet ,114396,114542
175.02,Received an expired out of sequence packet ,114397,114542
175.03,Received an expired out of sequence packet ,114398,114542
175.097,Received an expired out of sequence packet ,114399,114542
175.113,Received an expired out of sequence packet ,114400,114542
175.116,Received an expired out of sequence packet ,114401,114542
175.118,Received an expired out of sequence packet ,114402,114542
175.118,Received an expired out of sequence packet ,114403,114542
175.118,Received an expired out of sequence packet ,114404,114542
175.119,Received an expired out of sequence packet ,114405,114542
175.119,Received an expired out of sequence packet ,114406,114542
175.119,Received an expired out of sequence packet ,114407,114542
175.119,Received an expired out of sequence packet ,114408,114542
175.12,Received an expired out of sequence packet ,114409,114542
175.12,Received an expired out of sequence packet ,114410,114542
175.121,Received an expired out of sequence packet ,114411,114542
175.121,Received an expired out of sequence packet ,114412,114542
175.121,Received an expired out of sequence packet ,114413,114542
175.121,Received an expired out of sequence packet ,114414,114542
175.121,Received an expired out of sequence packet ,114415,114542
175.121,Received an expired out of sequence packet ,114416,114542
175.122,Received an expired out of sequence packet ,114417,114542
175.122,Received an expired out of sequence packet ,114418,114542
175.122,Received an expired out of sequence packet ,114419,114542
175.122,Received an expired out of sequence packet ,114420,114542
175.122,Received an expired out of sequence packet ,114421,114542
175.122,Received an expired out of sequence packet ,114422,114542
175.122,Received an expired out of sequence packet ,114423,114542
175.122,Received an expired out of sequence packet ,114424,114542
175.148,Received an expired out of sequence packet ,114425,114542
175.148,Received an expired out of sequence packet ,114426,114542
175.171,Received an expired out of sequence packet ,114427,114542
175.277,Received an expired out of sequence packet ,114428,114542
175.281,Received an expired out of sequence packet ,114429,114542
175.284,Received an expired out of sequence packet ,114430,114542
175.29,Received an expired out of sequence packet ,114431,114542
175.296,Received an expired out of sequence packet ,114432,114542
175.302,Received an expired out of sequence packet ,114433,114542
175.308,Received an expired out of sequence packet ,114434,114542
175.313,Received an expired out of sequence packet ,114435,114542
175.316,Received an expired out of sequence packet ,114436,114542
175.32,Received an expired out of sequence packet ,114437,114542
175.324,Received an expired out of sequence packet ,114438,114542
175.332,Received an expired out of sequence packet ,114439,114542
175.334,Received an expired out of sequence packet ,114440,114542
175.352,Received an expired out of sequence packet ,114441,114542
175.371,Received an expired out of sequence packet ,114442,114542
175.382,Received an expired out of sequence packet ,114443,114542
175.399,Received an expired out of sequence packet ,114444,114542
175.406,Received an expired out of sequence packet ,114445,114542
175.419,Received an expired out of sequence packet ,114446,114542
175.428,Received an expired out of sequence packet ,114447,114542
175.451,Received an expired out of sequence packet ,114448,114542
175.459,Received an expired out of sequence packet ,114449,114542
175.459,Received an expired out of sequence packet ,114450,114542
175.467,Received an expired out of sequence packet ,114451,114542
175.479,Received an expired out of sequence packet ,114452,114542
175.496,Received an expired out of sequence packet ,114453,114542
175.504,Received an expired out of sequence packet ,114454,114542
175.517,Received an expired out of sequence packet ,114455,114542
175.537,Received an expired out of sequence packet ,114456,114542
175.544,Received an expired out of sequence packet ,114457,114542
175.559,Received an expired out of sequence packet ,114458,114542
175.563,Received an expired out of sequence packet ,114459,114542
175.58,Received an expired out of sequence packet ,114460,114542
175.581,Received an expired out of sequence packet ,114461,114542
175.605,Received an expired out of sequence packet ,114462,114542
175.609,Received an expired out of sequence packet ,114463,114542
175.624,Received an expired out of sequence packet ,114464,114542
175.646,Received an expired out of sequence packet ,114465,114542
175.646,Received an expired out of sequence packet ,114466,114542
175.661,Received an expired out of sequence packet ,114467,114542
175.671,Received an expired out of sequence packet ,114468,114542
175.673,Received an expired out of sequence packet ,114469,114542
175.679,Received an expired out of sequence packet ,114470,114542
175.698,Received an expired out of sequence packet ,114471,114542
175.7,Received an expired out of sequence packet ,114472,114542
175.711,Received an expired out of sequence packet ,114473,114542
175.716,Received an expired out of sequence packet ,114474,114542
175.737,Received an expired out of sequence packet ,114475,114542
175.755,Received an expired out of sequence packet ,114476,114542
175.759,Received an expired out of sequence packet ,114477,114542
175.77,Received an expired out of sequence packet ,114478,114542
175.781,Received an expired out of sequence packet ,114479,114542
175.821,Received an expired out of sequence packet ,114480,114542
175.827,Received an expired out of sequence packet ,114481,114542
175.827,Received an expired out of sequence packet ,114482,114542
175.827,Received an expired out of sequence packet ,114483,114542
175.827,Received an expired out of sequence packet ,114484,114542
175.84,Received an expired out of sequence packet ,114485,114542
175.858,Received an expired out of sequence packet ,114486,114542
175.869,Received an expired out of sequence packet ,114487,114542
175.876,Received an expired out of sequence packet ,114488,114542
175.899,Received an expired out of sequence packet ,114489,114542
175.899,Received an expired out of sequence packet ,114490,114542
175.9,Received an expired out of sequence packet ,114491,114542
175.908,Received an expired out of sequence packet ,114492,114542
175.918,Received an expired out of sequence packet ,114493,114542
175.935,Received an expired out of sequence packet ,114494,114542
175.951,Received an expired out of sequence packet ,114495,114542
