1.20314,Exit slow start,exceeding SS_EXIT_THRESHOLD
15.2327,Restart,can't map delay on delay curve
16.6734,Exit slow start,exceeding SS_EXIT_THRESHOLD
53.374,Timeout
53.374,clearing sending list because of timeout
53.3841,Received an expired out of sequence packet ,32671,32768
54.373,Received an expired out of sequence packet ,32672,32768
55.0589,Received an expired out of sequence packet ,32673,32768
55.061,Received an expired out of sequence packet ,32674,32768
55.0621,Received an expired out of sequence packet ,32675,32768
55.0641,Received an expired out of sequence packet ,32676,32768
55.0652,Received an expired out of sequence packet ,32677,32768
55.0652,Received an expired out of sequence packet ,32678,32768
55.0675,Received an expired out of sequence packet ,32679,32768
55.0715,Received an expired out of sequence packet ,32680,32768
55.0758,Received an expired out of sequence packet ,32681,32768
55.0779,Received an expired out of sequence packet ,32682,32768
55.08,Received an expired out of sequence packet ,32683,32768
55.0821,Received an expired out of sequence packet ,32684,32768
55.0843,Received an expired out of sequence packet ,32685,32768
55.0864,Received an expired out of sequence packet ,32686,32768
55.0915,Received an expired out of sequence packet ,32687,32768
55.0927,Received an expired out of sequence packet ,32688,32768
55.0958,Received an expired out of sequence packet ,32689,32768
55.1385,Received an expired out of sequence packet ,32690,32768
55.1385,Received an expired out of sequence packet ,32691,32768
55.1476,Received an expired out of sequence packet ,32692,32768
55.1507,Received an expired out of sequence packet ,32693,32768
55.1507,Received an expired out of sequence packet ,32694,32768
55.1518,Received an expired out of sequence packet ,32695,32768
55.2275,Received an expired out of sequence packet ,32696,32768
55.2306,Received an expired out of sequence packet ,32697,32768
55.2337,Received an expired out of sequence packet ,32698,32768
55.2389,Received an expired out of sequence packet ,32699,32768
55.241,Received an expired out of sequence packet ,32700,32768
55.2461,Received an expired out of sequence packet ,32701,32768
55.2482,Received an expired out of sequence packet ,32702,32768
55.2524,Received an expired out of sequence packet ,32703,32768
55.2535,Received an expired out of sequence packet ,32704,32768
55.2586,Received an expired out of sequence packet ,32705,32768
55.2608,Received an expired out of sequence packet ,32706,32768
55.2647,Received an expired out of sequence packet ,32707,32768
55.2658,Received an expired out of sequence packet ,32708,32768
55.2698,Received an expired out of sequence packet ,32709,32768
55.2729,Received an expired out of sequence packet ,32710,32768
55.2749,Received an expired out of sequence packet ,32711,32768
55.277,Received an expired out of sequence packet ,32712,32768
55.2843,Received an expired out of sequence packet ,32713,32768
55.2894,Received an expired out of sequence packet ,32714,32768
55.2915,Received an expired out of sequence packet ,32715,32768
55.2944,Received an expired out of sequence packet ,32716,32768
55.2986,Received an expired out of sequence packet ,32717,32768
55.2997,Received an expired out of sequence packet ,32718,32768
55.3028,Received an expired out of sequence packet ,32719,32768
55.307,Received an expired out of sequence packet ,32720,32768
55.3081,Received an expired out of sequence packet ,32721,32768
55.3154,Received an expired out of sequence packet ,32722,32768
55.3154,Received an expired out of sequence packet ,32723,32768
55.3199,Received an expired out of sequence packet ,32724,32768
55.3242,Received an expired out of sequence packet ,32725,32768
55.3273,Received an expired out of sequence packet ,32726,32768
55.3307,Received an expired out of sequence packet ,32727,32768
55.3328,Received an expired out of sequence packet ,32728,32768
55.3373,Received an expired out of sequence packet ,32729,32768
55.3384,Received an expired out of sequence packet ,32730,32768
55.3385,Received an expired out of sequence packet ,32731,32768
55.3408,Received an expired out of sequence packet ,32732,32768
55.3428,Received an expired out of sequence packet ,32733,32768
55.3462,Received an expired out of sequence packet ,32734,32768
55.3494,Received an expired out of sequence packet ,32735,32768
55.3494,Received an expired out of sequence packet ,32736,32768
55.3505,Received an expired out of sequence packet ,32737,32768
55.3528,Received an expired out of sequence packet ,32738,32768
55.354,Received an expired out of sequence packet ,32739,32768
55.3552,Received an expired out of sequence packet ,32740,32768
55.3572,Received an expired out of sequence packet ,32741,32768
55.3585,Received an expired out of sequence packet ,32742,32768
55.3596,Received an expired out of sequence packet ,32743,32768
55.3597,Received an expired out of sequence packet ,32744,32768
55.3628,Received an expired out of sequence packet ,32745,32768
55.3639,Received an expired out of sequence packet ,32746,32768
55.3651,Received an expired out of sequence packet ,32747,32768
55.3651,Received an expired out of sequence packet ,32748,32768
55.3672,Received an expired out of sequence packet ,32749,32768
55.3699,Received an expired out of sequence packet ,32750,32768
55.371,Received an expired out of sequence packet ,32751,32768
55.371,Received an expired out of sequence packet ,32752,32768
55.3722,Received an expired out of sequence packet ,32753,32768
55.3734,Received an expired out of sequence packet ,32754,32768
55.3734,Received an expired out of sequence packet ,32755,32768
55.3734,Received an expired out of sequence packet ,32756,32768
55.3765,Received an expired out of sequence packet ,32757,32768
55.3786,Received an expired out of sequence packet ,32758,32768
55.3787,Received an expired out of sequence packet ,32759,32768
55.3787,Received an expired out of sequence packet ,32760,32768
55.3798,Received an expired out of sequence packet ,32761,32768
55.3798,Received an expired out of sequence packet ,32762,32768
55.3798,Received an expired out of sequence packet ,32763,32768
55.3899,Received an expired out of sequence packet ,32764,32768
55.3911,Received an expired out of sequence packet ,32765,32768
55.3911,Received an expired out of sequence packet ,32766,32768
55.3911,Received an expired out of sequence packet ,32767,32768
57.8248,Timeout
57.8248,clearing sending list because of timeout
57.8939,Received an expired out of sequence packet ,33134,33166
57.8979,Received an expired out of sequence packet ,33135,33166
57.901,Received an expired out of sequence packet ,33136,33166
57.9273,Received an expired out of sequence packet ,33137,33166
57.9314,Received an expired out of sequence packet ,33138,33166
57.9346,Received an expired out of sequence packet ,33139,33166
57.9367,Received an expired out of sequence packet ,33140,33166
57.9388,Received an expired out of sequence packet ,33141,33166
57.9408,Received an expired out of sequence packet ,33142,33166
57.9429,Received an expired out of sequence packet ,33143,33166
57.946,Received an expired out of sequence packet ,33144,33166
57.9496,Received an expired out of sequence packet ,33145,33166
57.9496,Received an expired out of sequence packet ,33146,33166
57.9517,Received an expired out of sequence packet ,33147,33166
57.9689,Received an expired out of sequence packet ,33148,33166
57.971,Received an expired out of sequence packet ,33149,33166
57.9721,Received an expired out of sequence packet ,33150,33166
57.9763,Received an expired out of sequence packet ,33151,33166
57.9854,Received an expired out of sequence packet ,33152,33166
57.9895,Received an expired out of sequence packet ,33153,33166
57.9907,Received an expired out of sequence packet ,33154,33166
57.9918,Received an expired out of sequence packet ,33155,33166
57.9949,Received an expired out of sequence packet ,33156,33166
58.1427,Received an expired out of sequence packet ,33157,33166
58.1427,Received an expired out of sequence packet ,33158,33166
58.1507,Received an expired out of sequence packet ,33159,33166
58.1558,Received an expired out of sequence packet ,33160,33166
58.1559,Received an expired out of sequence packet ,33161,33166
58.17,Received an expired out of sequence packet ,33162,33166
58.2021,Received an expired out of sequence packet ,33163,33166
58.2021,Received an expired out of sequence packet ,33164,33166
58.2021,Received an expired out of sequence packet ,33165,33166
58.4866,Timeout
58.4866,clearing sending list because of timeout
58.6129,Received an expired out of sequence packet ,33174,33188
58.6231,Received an expired out of sequence packet ,33175,33188
58.6242,Received an expired out of sequence packet ,33176,33188
58.6263,Received an expired out of sequence packet ,33177,33188
58.6292,Received an expired out of sequence packet ,33178,33188
58.6323,Received an expired out of sequence packet ,33179,33188
58.6334,Received an expired out of sequence packet ,33180,33188
58.6344,Received an expired out of sequence packet ,33181,33188
58.6365,Received an expired out of sequence packet ,33182,33188
58.6376,Received an expired out of sequence packet ,33183,33188
58.6477,Received an expired out of sequence packet ,33184,33188
58.7015,Received an expired out of sequence packet ,33185,33188
58.7046,Received an expired out of sequence packet ,33186,33188
58.7046,Received an expired out of sequence packet ,33187,33188
138.374,Timeout
138.374,clearing sending list because of timeout
138.383,Received an expired out of sequence packet ,87329,87539
139.373,Received an expired out of sequence packet ,87330,87539
139.994,Received an expired out of sequence packet ,87331,87539
140.005,Received an expired out of sequence packet ,87332,87539
140.007,Received an expired out of sequence packet ,87333,87539
140.01,Received an expired out of sequence packet ,87334,87539
140.014,Received an expired out of sequence packet ,87335,87539
140.016,Received an expired out of sequence packet ,87336,87539
140.023,Received an expired out of sequence packet ,87337,87539
140.023,Received an expired out of sequence packet ,87338,87539
140.024,Received an expired out of sequence packet ,87339,87539
140.027,Received an expired out of sequence packet ,87340,87539
140.027,Received an expired out of sequence packet ,87341,87539
140.031,Received an expired out of sequence packet ,87342,87539
140.036,Received an expired out of sequence packet ,87343,87539
140.039,Received an expired out of sequence packet ,87344,87539
140.039,Received an expired out of sequence packet ,87345,87539
140.049,Received an expired out of sequence packet ,87346,87539
140.056,Received an expired out of sequence packet ,87347,87539
140.069,Received an expired out of sequence packet ,87348,87539
140.083,Received an expired out of sequence packet ,87349,87539
140.084,Received an expired out of sequence packet ,87350,87539
140.084,Received an expired out of sequence packet ,87351,87539
140.091,Received an expired out of sequence packet ,87352,87539
140.093,Received an expired out of sequence packet ,87353,87539
140.095,Received an expired out of sequence packet ,87354,87539
140.097,Received an expired out of sequence packet ,87355,87539
140.1,Received an expired out of sequence packet ,87356,87539
140.1,Received an expired out of sequence packet ,87357,87539
140.107,Received an expired out of sequence packet ,87358,87539
140.108,Received an expired out of sequence packet ,87359,87539
140.11,Received an expired out of sequence packet ,87360,87539
140.121,Received an expired out of sequence packet ,87361,87539
140.124,Received an expired out of sequence packet ,87362,87539
140.13,Received an expired out of sequence packet ,87363,87539
140.137,Received an expired out of sequence packet ,87364,87539
140.145,Received an expired out of sequence packet ,87365,87539
140.147,Received an expired out of sequence packet ,87366,87539
140.151,Received an expired out of sequence packet ,87367,87539
140.161,Received an expired out of sequence packet ,87368,87539
140.164,Received an expired out of sequence packet ,87369,87539
140.17,Received an expired out of sequence packet ,87370,87539
140.176,Received an expired out of sequence packet ,87371,87539
140.179,Received an expired out of sequence packet ,87372,87539
140.185,Received an expired out of sequence packet ,87373,87539
140.19,Received an expired out of sequence packet ,87374,87539
140.199,Received an expired out of sequence packet ,87375,87539
140.204,Received an expired out of sequence packet ,87376,87539
140.206,Received an expired out of sequence packet ,87377,87539
140.227,Received an expired out of sequence packet ,87378,87539
140.228,Received an expired out of sequence packet ,87379,87539
140.228,Received an expired out of sequence packet ,87380,87539
140.229,Received an expired out of sequence packet ,87381,87539
140.234,Received an expired out of sequence packet ,87382,87539
140.234,Received an expired out of sequence packet ,87383,87539
140.241,Received an expired out of sequence packet ,87384,87539
140.247,Received an expired out of sequence packet ,87385,87539
140.25,Received an expired out of sequence packet ,87386,87539
140.258,Received an expired out of sequence packet ,87387,87539
140.261,Received an expired out of sequence packet ,87388,87539
140.269,Received an expired out of sequence packet ,87389,87539
140.279,Received an expired out of sequence packet ,87390,87539
140.287,Received an expired out of sequence packet ,87391,87539
140.29,Received an expired out of sequence packet ,87392,87539
140.296,Received an expired out of sequence packet ,87393,87539
140.297,Received an expired out of sequence packet ,87394,87539
140.301,Received an expired out of sequence packet ,87395,87539
140.324,Received an expired out of sequence packet ,87396,87539
140.329,Received an expired out of sequence packet ,87397,87539
140.329,Received an expired out of sequence packet ,87398,87539
140.329,Received an expired out of sequence packet ,87399,87539
140.335,Received an expired out of sequence packet ,87400,87539
140.335,Received an expired out of sequence packet ,87401,87539
140.339,Received an expired out of sequence packet ,87402,87539
140.362,Received an expired out of sequence packet ,87403,87539
140.367,Received an expired out of sequence packet ,87404,87539
140.37,Received an expired out of sequence packet ,87405,87539
140.375,Received an expired out of sequence packet ,87406,87539
140.387,Received an expired out of sequence packet ,87407,87539
140.388,Received an expired out of sequence packet ,87408,87539
140.388,Received an expired out of sequence packet ,87409,87539
140.388,Received an expired out of sequence packet ,87410,87539
140.404,Received an expired out of sequence packet ,87411,87539
140.41,Received an expired out of sequence packet ,87412,87539
140.415,Received an expired out of sequence packet ,87413,87539
140.418,Received an expired out of sequence packet ,87414,87539
140.418,Received an expired out of sequence packet ,87415,87539
140.42,Received an expired out of sequence packet ,87416,87539
140.421,Received an expired out of sequence packet ,87417,87539
140.429,Received an expired out of sequence packet ,87418,87539
140.433,Received an expired out of sequence packet ,87419,87539
140.447,Received an expired out of sequence packet ,87420,87539
140.45,Received an expired out of sequence packet ,87421,87539
140.455,Received an expired out of sequence packet ,87422,87539
140.456,Received an expired out of sequence packet ,87423,87539
140.458,Received an expired out of sequence packet ,87424,87539
140.467,Received an expired out of sequence packet ,87425,87539
140.475,Received an expired out of sequence packet ,87426,87539
140.484,Received an expired out of sequence packet ,87427,87539
140.485,Received an expired out of sequence packet ,87428,87539
140.496,Received an expired out of sequence packet ,87429,87539
140.499,Received an expired out of sequence packet ,87430,87539
140.499,Received an expired out of sequence packet ,87431,87539
140.51,Received an expired out of sequence packet ,87432,87539
140.52,Received an expired out of sequence packet ,87433,87539
140.524,Received an expired out of sequence packet ,87434,87539
140.524,Received an expired out of sequence packet ,87435,87539
140.534,Received an expired out of sequence packet 