1.20024,Exit slow start,exceeding SS_EXIT_THRESHOLD
60.6896,Timeout
60.6896,clearing sending list because of timeout
60.92,Received an expired out of sequence packet ,36702,37294
60.92,Received an expired out of sequence packet ,36703,37294
60.92,Received an expired out of sequence packet ,36704,37294
60.92,Received an expired out of sequence packet ,36705,37294
60.92,Received an expired out of sequence packet ,36706,37294
60.92,Received an expired out of sequence packet ,36707,37294
60.92,Received an expired out of sequence packet ,36708,37294
60.92,Received an expired out of sequence packet ,36709,37294
60.92,Received an expired out of sequence packet ,36710,37294
60.92,Received an expired out of sequence packet ,36711,37294
60.92,Received an expired out of sequence packet ,36712,37294
60.9201,Received an expired out of sequence packet ,36713,37294
60.9201,Received an expired out of sequence packet ,36714,37294
60.9201,Received an expired out of sequence packet ,36715,37294
60.9201,Received an expired out of sequence packet ,36716,37294
60.9201,Received an expired out of sequence packet ,36717,37294
60.9201,Received an expired out of sequence packet ,36718,37294
60.9201,Received an expired out of sequence packet ,36719,37294
60.9201,Received an expired out of sequence packet ,36720,37294
60.9201,Received an expired out of sequence packet ,36721,37294
60.9201,Received an expired out of sequence packet ,36722,37294
60.9201,Received an expired out of sequence packet ,36723,37294
61.9201,Timeout
61.9201,clearing sending list because of timeout
61.9202,Received an expired out of sequence packet ,36724,37296
61.9203,Received an expired out of sequence packet ,36725,37296
61.9203,Received an expired out of sequence packet ,36726,37296
61.9203,Received an expired out of sequence packet ,36727,37296
61.9203,Received an expired out of sequence packet ,36728,37296
61.9203,Received an expired out of sequence packet ,36729,37296
61.9203,Received an expired out of sequence packet ,36730,37296
61.9203,Received an expired out of sequence packet ,36731,37296
61.9203,Received an expired out of sequence packet ,36732,37296
61.9203,Received an expired out of sequence packet ,36733,37296
61.9203,Received an expired out of sequence packet ,36734,37296
61.9203,Received an expired out of sequence packet ,36735,37296
62.9195,Received an expired out of sequence packet ,36736,37296
63.9195,Timeout
63.9195,clearing sending list because of timeout
63.9326,Received an expired out of sequence packet ,36737,37304
64.9207,Received an expired out of sequence packet ,36738,37304
64.9787,Received an expired out of sequence packet ,36739,37304
64.9841,Received an expired out of sequence packet ,36740,37304
64.9842,Received an expired out of sequence packet ,36741,37304
64.9842,Received an expired out of sequence packet ,36742,37304
64.9872,Received an expired out of sequence packet ,36743,37304
64.9872,Received an expired out of sequence packet ,36744,37304
64.9872,Received an expired out of sequence packet ,36745,37304
64.9896,Received an expired out of sequence packet ,36746,37304
64.9897,Received an expired out of sequence packet ,36747,37304
64.9897,Received an expired out of sequence packet ,36748,37304
64.9897,Received an expired out of sequence packet ,36749,37304
64.9897,Received an expired out of sequence packet ,36750,37304
64.9897,Received an expired out of sequence packet ,36751,37304
64.9897,Received an expired out of sequence packet ,36752,37304
64.9897,Received an expired out of sequence packet ,36753,37304
64.9897,Received an expired out of sequence packet ,36754,37304
64.9897,Received an expired out of sequence packet ,36755,37304
64.9897,Received an expired out of sequence packet ,36756,37304
64.9897,Received an expired out of sequence packet ,36757,37304
64.9897,Received an expired out of sequence packet ,36758,37304
64.9898,Received an expired out of sequence packet ,36759,37304
64.9898,Received an expired out of sequence packet ,36760,37304
64.9919,Received an expired out of sequence packet ,36761,37304
64.9919,Received an expired out of sequence packet ,36762,37304
64.9919,Received an expired out of sequence packet ,36763,37304
64.9919,Received an expired out of sequence packet ,36764,37304
64.9919,Received an expired out of sequence packet ,36765,37304
64.9937,Received an expired out of sequence packet ,36766,37304
64.9937,Received an expired out of sequence packet ,36767,37304
64.997,Received an expired out of sequence packet ,36768,37304
64.997,Received an expired out of sequence packet ,36769,37304
64.9992,Received an expired out of sequence packet ,36770,37304
64.9992,Received an expired out of sequence packet ,36771,37304
64.9992,Received an expired out of sequence packet ,36772,37304
65.0003,Received an expired out of sequence packet ,36773,37304
65.0003,Received an expired out of sequence packet ,36774,37304
65.0003,Received an expired out of sequence packet ,36775,37304
65.0003,Received an expired out of sequence packet ,36776,37304
65.0003,Received an expired out of sequence packet ,36777,37304
65.0071,Received an expired out of sequence packet ,36778,37304
65.0071,Received an expired out of sequence packet ,36779,37304
65.0071,Received an expired out of sequence packet ,36780,37304
65.0071,Received an expired out of sequence packet ,36781,37304
65.0071,Received an expired out of sequence packet ,36782,37304
65.0071,Received an expired out of sequence packet ,36783,37304
65.0071,Received an expired out of sequence packet ,36784,37304
65.0072,Received an expired out of sequence packet ,36785,37304
65.0083,Received an expired out of sequence packet ,36786,37304
65.0083,Received an expired out of sequence packet ,36787,37304
65.0083,Received an expired out of sequence packet ,36788,37304
65.0083,Received an expired out of sequence packet ,36789,37304
65.0083,Received an expired out of sequence packet ,36790,37304
65.0122,Received an expired out of sequence packet ,36791,37304
65.0122,Received an expired out of sequence packet ,36792,37304
65.0122,Received an expired out of sequence packet ,36793,37304
65.0122,Received an expired out of sequence packet ,36794,37304
65.0122,Received an expired out of sequence packet ,36795,37304
65.0122,Received an expired out of sequence packet ,36796,37304
65.0122,Received an expired out of sequence packet ,36797,37304
65.0146,Received an expired out of sequence packet ,36798,37304
65.0146,Received an expired out of sequence packet ,36799,37304
65.0157,Received an expired out of sequence packet ,36800,37304
65.0157,Received an expired out of sequence packet ,36801,37304
65.0157,Received an expired out of sequence packet ,36802,37304
65.0209,Received an expired out of sequence packet ,36803,37304
65.0209,Received an expired out of sequence packet ,36804,37304
65.0223,Received an expired out of sequence packet ,36805,37304
65.0245,Received an expired out of sequence packet ,36806,37304
65.0245,Received an expired out of sequence packet ,36807,37304
65.0245,Received an expired out of sequence packet ,36808,37304
65.0245,Received an expired out of sequence packet ,36809,37304
65.0245,Received an expired out of sequence packet ,36810,37304
65.0245,Received an expired out of sequence packet ,36811,37304
65.0245,Received an expired out of sequence packet ,36812,37304
65.0245,Received an expired out of sequence packet ,36813,37304
65.0246,Received an expired out of sequence packet ,36814,37304
65.0246,Received an expired out of sequence packet ,36815,37304
65.0246,Received an expired out of sequence packet ,36816,37304
65.0246,Received an expired out of sequence packet ,36817,37304
65.0246,Received an expired out of sequence packet ,36818,37304
65.0246,Received an expired out of sequence packet ,36819,37304
65.0246,Received an expired out of sequence packet ,36820,37304
65.0267,Received an expired out of sequence packet ,36821,37304
65.0322,Received an expired out of sequence packet ,36822,37304
65.0322,Received an expired out of sequence packet ,36823,37304
65.0322,Received an expired out of sequence packet ,36824,37304
65.0322,Received an expired out of sequence packet ,36825,37304
65.0322,Received an expired out of sequence packet ,36826,37304
65.0323,Received an expired out of sequence packet ,36827,37304
65.0323,Received an expired out of sequence packet ,36828,37304
65.0334,Received an expired out of sequence packet ,36829,37304
65.0334,Received an expired out of sequence packet ,36830,37304
65.0334,Received an expired out of sequence packet ,36831,37304
65.0334,Received an expired out of sequence packet ,36832,37304
65.0395,Received an expired out of sequence packet ,36833,37304
65.0395,Received an expired out of sequence packet ,36834,37304
65.0395,Received an expired out of sequence packet ,36835,37304
65.0395,Received an expired out of sequence packet ,36836,37304
65.0395,Received an expired out of sequence packet ,36837,37304
65.0396,Received an expired out of sequence packet ,36838,37304
65.0396,Received an expired out of sequence packet ,36839,37304
65.0396,Received an expired out of sequence packet ,36840,37304
65.0396,Received an expired out of sequence packet ,36841,37304
65.0396,Received an expired out of sequence packet ,36842,37304
65.0396,Received an expired out of sequence packet ,36843,37304
65.0396,Received an expired out of sequence packet ,36844,37304
65.0417,Received an expired out of sequence packet ,36845,37304
65.0417,Received an expired out of sequence packet ,36846,37304
65.0417,Received an expired out of sequence packet ,36847,37304
65.0417,Received an expired out of sequence packet ,36848,37304
65.0417,Received an expired out of sequence packet ,36849,37304
65.0418,Received an expired out of sequence packet ,36850,37304
65.0418,Received an expired out of sequence packet ,36851,37304
65.0418,Received an expired out of sequence packet ,36852,37304
65.0418,Received an expired out of sequence packet ,36853,37304
65.0418,Received an expired out of sequence packet ,36854,37304
65.0418,Received an expired out of sequence packet ,36855,37304
65.0429,Received an expired out of sequence packet ,36856,37304
65.0429,Received an expired out of sequence packet ,36857,37304
65.044,Received an expired out of sequence packet ,36858,37304
65.044,Received an expired out of sequence packet ,36859,37304
65.0441,Received an expired out of sequence packet ,36860,37304
65.0441,Received an expired out of sequence packet ,36861,37304
65.0441,Received an expired out of sequence packet ,36862,37304
65.0481,Received an expired out of sequence packet ,36863,37304
65.0517,Received an expired out of sequence packet ,36864,37304
65.0517,Received an expired out of sequence packet ,36865,37304
65.0517,Received an expired out of sequence packet ,36866,37304
65.0517,Received an expired out of sequence packet ,36867,37304
65.0517,Received an expired out of sequence packet ,36868,37304
65.0517,Received an expired out of sequence packet ,36869,37304
65.0517,Received an expired out of sequence packet ,36870,37304
65.0517,Received an expired out of sequence packet ,36871,37304
65.0538,Received an expired out of sequence packet ,36872,37304
65.0539,Received an expired out of sequence packet ,36873,37304
65.0539,Received an expired out of sequence packet ,36874,37304
65.0539,Received an expired out of sequence packet ,36875,37304
65.0539,Received an expired out of sequence packet ,36876,37304
65.0539,Received an expired out of sequence packet ,36877,37304
65.055,Received an expired out of sequence packet ,36878,37304
65.055,Received an expired out of sequence packet ,36879,37304
65.0638,Received an expired out of sequence packet ,36880,37304
65.0638,Received an expired out of sequence packet ,36881,37304
65.0638,Received an expired out of sequence packet ,36882,37304
65.0638,Received an expired out of sequence packet ,36883,37304
65.065,Received an expired out of sequence packet ,36884,37304
65.065,Received an expired out of sequence packet ,36885,37304
65.065,Received an expired out of sequence packet ,36886,37304
65.066,Received an expired out of sequence packet ,36887,37304
65.0702,Received an expired out of sequence packet ,36888,37304
65.0702,Received an expired out of sequence packet ,36889,37304
65.0702,Received an expired out of sequence packet ,36890,37304
65.0702,Received an expired out of sequence packet ,36891,37304
65.0702,Received an expired out of sequence packet ,36892,37304
65.0703,Received an expired out of sequence packet ,36893,37304
65.0703,Received an expired out of sequence packet ,36894,37304
65.0703,Received an expired out of sequence packet ,36895,37304
65.0703,Received an expired out of sequence packet ,36896,37304
65.0703,Received an expired out of sequence packet ,36897,37304
65.0703,Received an expired out of sequence packet ,36898,37304
65.0703,Received an expired out of sequence packet ,36899,37304
65.0703,Received an expired out of sequence packet ,36900,37304
65.0703,Received an expired out of sequence packet ,36901,37304
65.0703,Received an expired out of sequence packet ,36902,37304
65.0703,Received an expired out of sequence packet ,36903,37304
65.0704,Received an expired out of sequence packet ,36904,37304
65.0704,Received an expired out of sequence packet ,36905,37304
65.0704,Received an expired out of sequence packet ,36906,37304
65.0704,Received an expired out of sequence packet ,36907,37304
65.0704,Received an expired out of sequence packet ,36908,37304
65.0704,Received an expired out of sequence packet ,36909,37304
65.0755,Received an expired out of sequence packet ,36910,37304
65.0774,Received an expired out of sequence packet ,36911,37304
65.0774,Received an expired out of sequence packet ,36912,37304
65.0774,Received an expired out of sequence packet ,36913,37304
65.0774,Received an expired out of sequence packet ,36914,37304
65.0774,Received an expired out of sequence packet ,36915,37304
65.0786,Received an expired out of sequence packet ,36916,37304
65.0786,Received an expired out of sequence packet ,36917,37304
65.0786,Received an expired out of sequence packet ,36918,37304
65.0786,Received an expired out of sequence packet ,36919,37304
65.0786,Received an expired out of sequence packet ,36920,37304
65.0786,Received an expired out of sequence packet ,36921,37304
65.0795,Received an expired out of sequence packet ,36922,37304
65.0795,Received an expired out of sequence packet ,36923,37304
65.0795,Received an expired out of sequence packet ,36924,37304
65.0795,Received an expired out of sequence packet ,36925,37304
65.0795,Received an expired out of sequence packet ,36926,37304
65.0795,Received an expired out of sequence packet ,36927,37304
65.0795,Received an expired out of sequence packet ,36928,37304
65.0796,Received an expired out of sequence packet ,36929,37304
65.0796,Received an expired out of sequence packet ,36930,37304
65.0796,Received an expired out of sequence packet ,36931,37304
65.0796,Received an expired out of sequence packet ,36932,37304
65.0796,Received an expired out of sequence packet ,36933,37304
65.0807,Received an expired out of sequence packet ,36934,37304
65.0807,Received an expired out of sequence packet ,36935,37304
65.0807,Received an expired out of sequence packet ,36936,37304
65.0807,Received an expired out of sequence packet ,36937,37304
65.0807,Received an expired out of sequence packet ,36938,37304
65.0807,Received an expired out of sequence packet ,36939,37304
65.0808,Received an expired out of sequence packet ,36940,37304
65.0808,Received an expired out of sequence packet ,36941,37304
65.0808,Received an expired out of sequence packet ,36942,37304
65.0808,Received an expired out of sequence packet ,36943,37304
65.0808,Received an expired out of sequence packet ,36944,37304
65.0808,Received an expired out of sequence packet ,36945,37304
65.0861,Received an expired out of sequence packet ,36946,37304
65.0861,Received an expired out of sequence packet ,36947,37304
65.0861,Received an expired out of sequence packet ,36948,37304
65.0861,Received an expired out of sequence packet ,36949,37304
65.0861,Received an expired out of sequence packet ,36950,37304
65.0861,Received an expired out of sequence packet ,36951,37304
65.0861,Received an expired out of sequence packet ,36952,37304
65.0892,Received an expired out of sequence packet ,36953,37304
65.0892,Received an expired out of sequence packet ,36954,37304
65.0892,Received an expired out of sequence packet ,36955,37304
65.0892,Received an expired out of sequence packet ,36956,37304
65.0892,Received an expired out of sequence packet ,36957,37304
65.0892,Received an expired out of sequence packet ,36958,37304
65.0892,Received an expired out of sequence packet ,36959,37304
65.0958,Received an expired out of sequence packet ,36960,37304
65.0958,Received an expired out of sequence packet ,36961,37304
65.0958,Received an expired out of sequence packet ,36962,37304
65.0958,Received an expired out of sequence packet ,36963,37304
65.0958,Received an expired out of sequence packet ,36964,37304
65.0958,Received an expired out of sequence packet ,36965,37304
65.0958,Received an expired out of sequence packet ,36966,37304
65.0958,Received an expired out of sequence packet ,36967,37304
65.0989,Received an expired out of sequence packet ,36968,37304
65.0989,Received an expired out of sequence packet ,36969,37304
65.0989,Received an expired out of sequence packet ,36970,37304
65.1031,Received an expired out of sequence packet ,36971,37304
65.1031,Received an expired out of sequence packet ,36972,37304
65.1031,Received an expired out of sequence packet ,36973,37304
65.1031,Received an expired out of sequence packet ,36974,37304
65.1031,Received an expired out of sequence packet ,36975,37304
65.1031,Received an expired out of sequence packet ,36976,37304
65.1031,Received an expired out of sequence packet ,36977,37304
65.1031,Received an expired out of sequence packet ,36978,37304
65.1042,Received an expired out of sequence packet ,36979,37304
65.1042,Received an expired out of sequence packet ,36980,37304
65.1042,Received an expired out of sequence packet ,36981,37304
65.1042,Received an expired out of sequence packet ,36982,37304
65.1086,Received an expired out of sequence packet ,36983,37304
65.1087,Received an expired out of sequence packet ,36984,37304
65.1087,Received an expired out of sequence packet ,36985,37304
65.1087,Received an expired out of sequence packet ,36986,37304
65.1087,Received an expired out of sequence packet ,36987,37304
65.1087,Received an expired out of sequence packet ,36988,37304
65.1087,Received an expired out of sequence packet ,36989,37304
65.1087,Received an expired out of sequence packet ,36990,37304
65.1087,Received an expired out of sequence packet ,36991,37304
65.1087,Received an expired out of sequence packet ,36992,37304
65.1087,Received an expired out of sequence packet ,36993,37304
65.1087,Received an expired out of sequence packet ,36994,37304
65.1087,Received an expired out of sequence packet ,36995,37304
65.1088,Received an expired out of sequence packet ,36996,37304
65.1128,Received an expired out of sequence packet ,36997,37304
65.1128,Received an expired out of sequence packet ,36998,37304
65.1128,Received an expired out of sequence packet ,36999,37304
65.1128,Received an expired out of sequence packet ,37000,37304
65.1128,Received an expired out of sequence packet ,37001,37304
65.1128,Received an expired out of sequence packet ,37002,37304
65.1129,Received an expired out of sequence packet ,37003,37304
65.115,Received an expired out of sequence packet ,37004,37304
65.115,Received an expired out of sequence packet ,37005,37304
65.115,Received an expired out of sequence packet ,37006,37304
65.115,Received an expired out of sequence packet ,37007,37304
65.1227,Received an expired out of sequence packet ,37008,37304
65.1227,Received an expired out of sequence packet ,37009,37304
65.1227,Received an expired out of sequence packet ,37010,37304
65.1227,Received an expired out of sequence packet ,37011,37304
65.1227,Received an expired out of sequence packet ,37012,37304
65.1227,Received an expired out of sequence packet ,37013,37304
65.1227,Received an expired out of sequence packet ,37014,37304
65.1258,Received an expired out of sequence packet ,37015,37304
65.1258,Received an expired out of sequence packet ,37016,37304
65.1258,Received an expired out of sequence packet ,37017,37304
65.1258,Received an expired out of sequence packet ,37018,37304
65.1258,Received an expired out of sequence packet ,37019,37304
65.1269,Received an expired out of sequence packet ,37020,37304
65.128,Received an expired out of sequence packet ,37021,37304
65.128,Received an expired out of sequence packet ,37022,37304
65.128,Received an expired out of sequence packet ,37023,37304
65.128,Received an expired out of sequence packet ,37024,37304
65.128,Received an expired out of sequence packet ,37025,37304
65.128,Received an expired out of sequence packet ,37026,37304
65.128,Received an expired out of sequence packet ,37027,37304
65.128,Received an expired out of sequence packet ,37028,37304
65.1291,Received an expired out of sequence packet ,37029,37304
65.1291,Received an expired out of sequence packet ,37030,37304
65.1291,Received an expired out of sequence packet ,37031,37304
65.1291,Received an expired out of sequence packet ,37032,37304
65.1332,Received an expired out of sequence packet ,37033,37304
65.1332,Received an expired out of sequence packet ,37034,37304
65.1332,Received an expired out of sequence packet ,37035,37304
65.1332,Received an expired out of sequence packet ,37036,37304
65.1333,Received an expired out of sequence packet ,37037,37304
65.1333,Received an expired out of sequence packet ,37038,37304
65.1376,Received an expired out of sequence packet ,37039,37304
65.1377,Received an expired out of sequence packet ,37040,37304
65.1388,Received an expired out of sequence packet ,37041,37304
65.1388,Received an expired out of sequence packet ,37042,37304
65.1388,Received an expired out of sequence packet ,37043,37304
65.1388,Received an expired out of sequence packet ,37044,37304
65.1388,Received an expired out of sequence packet ,37045,37304
65.1388,Received an expired out of sequence packet ,37046,37304
65.1388,Received an expired out of sequence packet ,37047,37304
65.1388,Received an expired out of sequence packet ,37048,37304
65.1388,Received an expired out of sequence packet ,37049,37304
65.1388,Received an expired out of sequence packet ,37050,37304
65.1389,Received an expired out of sequence packet ,37051,37304
65.1389,Received an expired out of sequence packet ,37052,37304
65.1389,Received an expired out of sequence packet ,37053,37304
65.1389,Received an expired out of sequence packet ,37054,37304
65.1389,Received an expired out of sequence packet ,37055,37304
65.1389,Received an expired out of sequence packet ,37056,37304
65.1389,Received an expired out of sequence packet ,37057,37304
65.1399,Received an expired out of sequence packet ,37058,37304
65.14,Received an expired out of sequence packet ,37059,37304
65.14,Received an expired out of sequence packet ,37060,37304
65.141,Received an expired out of sequence packet ,37061,37304
65.141,Received an expired out of sequence packet ,37062,37304
65.141,Received an expired out of sequence packet ,37063,37304
65.141,Received an expired out of sequence packet ,37064,37304
65.1411,Received an expired out of sequence packet ,37065,37304
65.1451,Received an expired out of sequence packet ,37066,37304
65.15,Received an expired out of sequence packet ,37067,37304
65.15,Received an expired out of sequence packet ,37068,37304
65.15,Received an expired out of sequence packet ,37069,37304
65.1501,Received an expired out of sequence packet ,37070,37304
65.1501,Received an expired out of sequence packet ,37071,37304
65.1501,Received an expired out of sequence packet ,37072,37304
65.1552,Received an expired out of sequence packet ,37073,37304
65.1552,Received an expired out of sequence packet ,37074,37304
65.1552,Received an expired out of sequence packet ,37075,37304
65.1552,Received an expired out of sequence packet ,37076,37304
65.1562,Received an expired out of sequence packet ,37077,37304
65.1563,Received an expired out of sequence packet ,37078,37304
65.1583,Received an expired out of sequence packet ,37079,37304
65.1583,Received an expired out of sequence packet ,37080,37304
65.1583,Received an expired out of sequence packet ,37081,37304
65.1664,Received an expired out of sequence packet ,37082,37304
65.1664,Received an expired out of sequence packet ,37083,37304
65.1665,Received an expired out of sequence packet ,37084,37304
65.1665,Received an expired out of sequence packet ,37085,37304
65.2292,Received an expired out of sequence packet ,37086,37304
65.2293,Received an expired out of sequence packet ,37087,37304
65.2324,Received an expired out of sequence packet ,37088,37304
65.2324,Received an expired out of sequence packet ,37089,37304
65.2337,Received an expired out of sequence packet ,37090,37304
65.2337,Received an expired out of sequence packet ,37091,37304
65.2337,Received an expired out of sequence packet ,37092,37304
65.2337,Received an expired out of sequence packet ,37093,37304
65.2337,Received an expired out of sequence packet ,37094,37304
65.2337,Received an expired out of sequence packet ,37095,37304
65.2337,Received an expired out of sequence packet ,37096,37304
65.2337,Received an expired out of sequence packet ,37097,37304
65.2367,Received an expired out of sequence packet ,37098,37304
65.2367,Received an expired out of sequence packet ,37099,37304
65.2367,Received an expired out of sequence packet ,37100,37304
65.2368,Received an expired out of sequence packet ,37101,37304
65.2368,Received an expired out of sequence packet ,37102,37304
65.2368,Received an expired out of sequence packet ,37103,37304
65.2368,Received an expired out of sequence packet ,37104,37304
65.2368,Received an expired out of sequence packet ,37105,37304
65.2368,Received an expired out of sequence packet ,37106,37304
65.2368,Received an expired out of sequence packet ,37107,37304
65.2368,Received an expired out of sequence packet ,37108,37304
65.2368,Received an expired out of sequence packet ,37109,37304
65.2368,Received an expired out of sequence packet ,37110,37304
65.2379,Received an expired out of sequence packet ,37111,37304
65.2389,Received an expired out of sequence packet ,37112,37304
65.2389,Received an expired out of sequence packet ,37113,37304
65.239,Received an expired out of sequence packet ,37114,37304
65.239,Received an expired out of sequence packet ,37115,37304
65.239,Received an expired out of sequence packet ,37116,37304
65.239,Received an expired out of sequence packet ,37117,37304
65.239,Received an expired out of sequence packet ,37118,37304
65.239,Received an expired out of sequence packet ,37119,37304
65.239,Received an expired out of sequence packet ,37120,37304
65.239,Received an expired out of sequence packet ,37121,37304
65.2401,Received an expired out of sequence packet ,37122,37304
65.2401,Received an expired out of sequence packet ,37123,37304
65.2401,Received an expired out of sequence packet ,37124,37304
65.2401,Received an expired out of sequence packet ,37125,37304
65.2401,Received an expired out of sequence packet ,37126,37304
65.2401,Received an expired out of sequence packet ,37127,37304
65.2401,Received an expired out of sequence packet ,37128,37304
65.2401,Received an expired out of sequence packet ,37129,37304
65.2402,Received an expired out of sequence packet ,37130,37304
65.2402,Received an expired out of sequence packet ,37131,37304
65.2402,Received an expired out of sequence packet ,37132,37304
65.2402,Received an expired out of sequence packet ,37133,37304
65.2402,Received an expired out of sequence packet ,37134,37304
65.2402,Received an expired out of sequence packet ,37135,37304
65.2402,Received an expired out of sequence packet ,37136,37304
65.2402,Received an expired out of sequence packet ,37137,37304
65.2402,Received an expired out of sequence packet ,37138,37304
65.2412,Received an expired out of sequence packet ,37139,37304
65.2412,Received an expired out of sequence packet ,37140,37304
65.2413,Received an expired out of sequence packet ,37141,37304
65.2413,Received an expired out of sequence packet ,37142,37304
65.2413,Received an expired out of sequence packet ,37143,37304
65.2413,Received an expired out of sequence packet ,37144,37304
65.2413,Received an expired out of sequence packet ,37145,37304
65.2413,Received an expired out of sequence packet ,37146,37304
65.2413,Received an expired out of sequence packet ,37147,37304
65.2413,Received an expired out of sequence packet ,37148,37304
65.2413,Received an expired out of sequence packet ,37149,37304
65.2413,Received an expired out of sequence packet ,37150,37304
65.2413,Received an expired out of sequence packet ,37151,37304
65.2414,Received an expired out of sequence packet ,37152,37304
65.2414,Received an expired out of sequence packet ,37153,37304
65.2414,Received an expired out of sequence packet ,37154,37304
65.2414,Received an expired out of sequence packet ,37155,37304
65.2414,Received an expired out of sequence packet ,37156,37304
65.2414,Received an expired out of sequence packet ,37157,37304
65.2414,Received an expired out of sequence packet ,37158,37304
65.2414,Received an expired out of sequence packet ,37159,37304
65.2414,Received an expired out of sequence packet ,37160,37304
65.2414,Received an expired out of sequence packet ,37161,37304
65.2414,Received an expired out of sequence packet ,37162,37304
65.2415,Received an expired out of sequence packet ,37163,37304
65.2415,Received an expired out of sequence packet ,37164,37304
65.2415,Received an expired out of sequence packet ,37165,37304
65.2415,Received an expired out of sequence packet ,37166,37304
65.2415,Received an expired out of sequence packet ,37167,37304
65.2415,Received an expired out of sequence packet ,37168,37304
65.2415,Received an expired out of sequence packet ,37169,37304
65.2415,Received an expired out of sequence packet ,37170,37304
65.2415,Received an expired out of sequence packet ,37171,37304
65.2415,Received an expired out of sequence packet ,37172,37304
65.2415,Received an expired out of sequence packet ,37173,37304
65.2416,Received an expired out of sequence packet ,37174,37304
65.2416,Received an expired out of sequence packet ,37175,37304
65.2416,Received an expired out of sequence packet ,37176,37304
65.2416,Received an expired out of sequence packet ,37177,37304
65.2425,Received an expired out of sequence packet ,37178,37304
65.2425,Received an expired out of sequence packet ,37179,37304
65.2425,Received an expired out of sequence packet ,37180,37304
65.2425,Received an expired out of sequence packet ,37181,37304
65.2426,Received an expired out of sequence packet ,37182,37304
65.2426,Received an expired out of sequence packet ,37183,37304
65.2426,Received an expired out of sequence packet ,37184,37304
65.2426,Received an expired out of sequence packet ,37185,37304
65.2426,Received an expired out of sequence packet ,37186,37304
65.2426,Received an expired out of sequence packet ,37187,37304
65.2426,Received an expired out of sequence packet ,37188,37304
65.2426,Received an expired out of sequence packet ,37189,37304
65.2426,Received an expired out of sequence packet ,37190,37304
65.2426,Received an expired out of sequence packet ,37191,37304
65.2452,Received an expired out of sequence packet ,37192,37304
65.2452,Received an expired out of sequence packet ,37193,37304
65.2452,Received an expired out of sequence packet ,37194,37304
65.2452,Received an expired out of sequence packet ,37195,37304
65.2452,Received an expired out of sequence packet ,37196,37304
65.2453,Received an expired out of sequence packet ,37197,37304
65.2453,Received an expired out of sequence packet ,37198,37304
65.2453,Received an expired out of sequence packet ,37199,37304
65.2453,Received an expired out of sequence packet ,37200,37304
65.2453,Received an expired out of sequence packet ,37201,37304
65.2463,Received an expired out of sequence packet ,37202,37304
65.2463,Received an expired out of sequence packet ,37203,37304
65.2514,Received an expired out of sequence packet ,37204,37304
65.2525,Received an expired out of sequence packet ,37205,37304
65.2525,Received an expired out of sequence packet ,37206,37304
65.2525,Received an expired out of sequence packet ,37207,37304
65.2576,Received an expired out of sequence packet ,37208,37304
65.2576,Received an expired out of sequence packet ,37209,37304
65.2576,Received an expired out of sequence packet ,37210,37304
65.2597,Received an expired out of sequence packet ,37211,37304
65.2597,Received an expired out of sequence packet ,37212,37304
65.2597,Received an expired out of sequence packet ,37213,37304
65.2637,Received an expired out of sequence packet ,37214,37304
65.2637,Received an expired out of sequence packet ,37215,37304
65.2637,Received an expired out of sequence packet ,37216,37304
65.2637,Received an expired out of sequence packet ,37217,37304
65.2637,Received an expired out of sequence packet ,37218,37304
65.2638,Received an expired out of sequence packet ,37219,37304
65.2688,Received an expired out of sequence packet ,37220,37304
65.2688,Received an expired out of sequence packet ,37221,37304
65.2689,Received an expired out of sequence packet ,37222,37304
65.2689,Received an expired out of sequence packet ,37223,37304
65.2689,Received an expired out of sequence packet ,37224,37304
65.2689,Received an expired out of sequence packet ,37225,37304
65.275,Received an expired out of sequence packet ,37226,37304
65.275,Received an expired out of sequence packet ,37227,37304
65.275,Received an expired out of sequence packet ,37228,37304
65.275,Received an expired out of sequence packet ,37229,37304
65.275,Received an expired out of sequence packet ,37230,37304
65.275,Received an expired out of sequence packet ,37231,37304
65.275,Received an expired out of sequence packet ,37232,37304
65.275,Received an expired out of sequence packet ,37233,37304
65.275,Received an expired out of sequence packet ,37234,37304
65.275,Received an expired out of sequence packet ,37235,37304
65.275,Received an expired out of sequence packet ,37236,37304
65.2761,Received an expired out of sequence packet ,37237,37304
65.2809,Received an expired out of sequence packet ,37238,37304
65.2819,Received an expired out of sequence packet ,37239,37304
65.2819,Received an expired out of sequence packet ,37240,37304
65.2819,Received an expired out of sequence packet ,37241,37304
65.2989,Received an expired out of sequence packet ,37242,37304
65.3022,Received an expired out of sequence packet ,37243,37304
65.3062,Received an expired out of sequence packet ,37244,37304
65.3062,Received an expired out of sequence packet ,37245,37304
65.3062,Received an expired out of sequence packet ,37246,37304
65.3062,Received an expired out of sequence packet ,37247,37304
65.3094,Received an expired out of sequence packet ,37248,37304
65.3094,Received an expired out of sequence packet ,37249,37304
65.3094,Received an expired out of sequence packet ,37250,37304
65.3094,Received an expired out of sequence packet ,37251,37304
65.3094,Received an expired out of sequence packet ,37252,37304
65.3137,Received an expired out of sequence packet ,37253,37304
65.3137,Received an expired out of sequence packet ,37254,37304
65.3137,Received an expired out of sequence packet ,37255,37304
65.3137,Received an expired out of sequence packet ,37256,37304
65.3137,Received an expired out of sequence packet ,37257,37304
65.3182,Received an expired out of sequence packet ,37258,37304
65.3182,Received an expired out of sequence packet ,37259,37304
65.3182,Received an expired out of sequence packet ,37260,37304
65.3203,Received an expired out of sequence packet ,37261,37304
65.3203,Received an expired out of sequence packet ,37262,37304
65.3203,Received an expired out of sequence packet ,37263,37304
65.3203,Received an expired out of sequence packet ,37264,37304
65.3204,Received an expired out of sequence packet ,37265,37304
65.3256,Received an expired out of sequence packet ,37266,37304
65.3256,Received an expired out of sequence packet ,37267,37304
65.3256,Received an expired out of sequence packet ,37268,37304
65.3257,Received an expired out of sequence packet ,37269,37304
65.3288,Received an expired out of sequence packet ,37270,37304
65.3288,Received an expired out of sequence packet ,37271,37304
65.3288,Received an expired out of sequence packet ,37272,37304
65.3289,Received an expired out of sequence packet ,37273,37304
65.3289,Received an expired out of sequence packet ,37274,37304
65.33,Received an expired out of sequence packet ,37275,37304
65.3341,Received an expired out of sequence packet ,37276,37304
65.3341,Received an expired out of sequence packet ,37277,37304
65.3341,Received an expired out of sequence packet ,37278,37304
65.3363,Received an expired out of sequence packet ,37279,37304
65.3363,Received an expired out of sequence packet ,37280,37304
65.3375,Received an expired out of sequence packet ,37281,37304
65.3427,Received an expired out of sequence packet ,37282,37304
65.3427,Received an expired out of sequence packet ,37283,37304
65.3427,Received an expired out of sequence packet ,37284,37304
65.346,Received an expired out of sequence packet ,37285,37304
65.346,Received an expired out of sequence packet ,37286,37304
65.346,Received an expired out of sequence packet ,37287,37304
65.346,Received an expired out of sequence packet ,37288,37304
65.346,Received an expired out of sequence packet ,37289,37304
65.3501,Received an expired out of sequence packet ,37290,37304
65.3501,Received an expired out of sequence packet ,37291,37304
65.3502,Received an expired out of sequence packet ,37292,37304
65.3502,Received an expired out of sequence packet ,37293,37304
65.3547,Received an expired out of sequence packet ,37294,37304
65.3547,Received an expired out of sequence packet ,37295,37304
65.3547,Received an expired out of sequence packet ,37296,37304
65.3558,Received an expired out of sequence packet ,37297,37304
65.3558,Received an expired out of sequence packet ,37298,37304
65.3558,Received an expired out of sequence packet ,37299,37304
65.3558,Received an expired out of sequence packet ,37300,37304
65.3589,Received an expired out of sequence packet ,37301,37304
65.3589,Received an expired out of sequence packet ,37302,37304
65.3589,Received an expired out of sequence packet ,37303,37304
76.5115,Timeout
76.5115,clearing sending list because of timeout
76.5241,Received an expired out of sequence packet ,44271,44283
76.5283,Received an expired out of sequence packet ,44272,44283
76.5325,Received an expired out of sequence packet ,44273,44283
76.5347,Received an expired out of sequence packet ,44274,44283
76.5347,Received an expired out of sequence packet ,44275,44283
76.5347,Received an expired out of sequence packet ,44276,44283
76.5378,Received an expired out of sequence packet ,44277,44283
76.5399,Received an expired out of sequence packet ,44278,44283
76.5399,Received an expired out of sequence packet ,44279,44283
76.5442,Received an expired out of sequence packet ,44280,44283
76.5483,Received an expired out of sequence packet ,44281,44283
76.5483,Received an expired out of sequence packet ,44282,44283
121.646,Timeout
121.646,clearing sending list because of timeout
121.743,Received an expired out of sequence packet ,81723,81840
121.743,Received an expired out of sequence packet ,81724,81840
121.751,Received an expired out of sequence packet ,81725,81840
121.751,Received an expired out of sequence packet ,81726,81840
121.754,Received an expired out of sequence packet ,81727,81840
121.754,Received an expired out of sequence packet ,81728,81840
121.754,Received an expired out of sequence packet ,81729,81840
121.8,Received an expired out of sequence packet ,81730,81840
121.8,Received an expired out of sequence packet ,81731,81840
121.804,Received an expired out of sequence packet ,81732,81840
121.804,Received an expired out of sequence packet ,81733,81840
121.804,Received an expired out of sequence packet ,81734,81840
121.811,Received an expired out of sequence packet ,81735,81840
121.811,Received an expired out of sequence packet ,81736,81840
121.814,Received an expired out of sequence packet ,81737,81840
121.814,Received an expired out of sequence packet ,81738,81840
121.854,Received an expired out of sequence packet ,81739,81840
121.854,Received an expired out of sequence packet ,81740,81840
121.854,Received an expired out of sequence packet ,81741,81840
121.854,Received an expired out of sequence packet ,81742,81840
121.854,Received an expired out of sequence packet ,81743,81840
121.854,Received an expired out of sequence packet ,81744,81840
121.854,Received an expired out of sequence packet ,81745,81840
121.854,Received an expired out of sequence packet ,81746,81840
121.854,Received an expired out of sequence packet ,81747,81840
121.854,Received an expired out of sequence packet ,81748,81840
121.854,Received an expired out of sequence packet ,81749,81840
121.854,Received an expired out of sequence packet ,81750,81840
121.856,Received an expired out of sequence packet ,81751,81840
121.856,Received an expired out of sequence packet ,81752,81840
121.856,Received an expired out of sequence packet ,81753,81840
121.862,Received an expired out of sequence packet ,81754,81840
122.047,Received an expired out of sequence packet ,81755,81840
122.047,Received an expired out of sequence packet ,81756,81840
122.047,Received an expired out of sequence packet ,81757,81840
122.055,Received an expired out of sequence packet ,81758,81840
122.055,Received an expired out of sequence packet ,81759,81840
122.057,Received an expired out of sequence packet ,81760,81840
122.057,Received an expired out of sequence packet ,81761,81840
122.057,Received an expired out of sequence packet ,81762,81840
122.057,Received an expired out of sequence packet ,81763,81840
122.07,Received an expired out of sequence packet ,81764,81840
122.073,Received an expired out of sequence packet ,81765,81840
122.073,Received an expired out of sequence packet ,81766,81840
122.073,Received an expired out of sequence packet ,81767,81840
122.073,Received an expired out of sequence packet ,81768,81840
122.073,Received an expired out of sequence packet ,81769,81840
122.073,Received an expired out of sequence packet ,81770,81840
122.081,Received an expired out of sequence packet ,81771,81840
122.081,Received an expired out of sequence packet ,81772,81840
122.083,Received an expired out of sequence packet ,81773,81840
122.083,Received an expired out of sequence packet ,81774,81840
122.083,Received an expired out of sequence packet ,81775,81840
122.084,Received an expired out of sequence packet ,81776,81840
122.084,Received an expired out of sequence packet ,81777,81840
122.084,Received an expired out of sequence packet ,81778,81840
122.086,Received an expired out of sequence packet ,81779,81840
122.086,Received an expired out of sequence packet ,81780,81840
122.086,Received an expired out of sequence packet ,81781,81840
122.086,Received an expired out of sequence packet ,81782,81840
122.086,Received an expired out of sequence packet ,81783,81840
122.087,Received an expired out of sequence packet ,81784,81840
122.096,Received an expired out of sequence packet ,81785,81840
122.096,Received an expired out of sequence packet ,81786,81840
122.096,Received an expired out of sequence packet ,81787,81840
122.096,Received an expired out of sequence packet ,81788,81840
122.153,Received an expired out of sequence packet ,81789,81840
122.153,Received an expired out of sequence packet ,81790,81840
122.161,Received an expired out of sequence packet ,81791,81840
122.161,Received an expired out of sequence packet ,81792,81840
122.161,Received an expired out of sequence packet ,81793,81840
122.369,Received an expired out of sequence packet ,81794,81840
122.369,Received an expired out of sequence packet ,81795,81840
122.369,Received an expired out of sequence packet ,81796,81840
122.369,Received an expired out of sequence packet ,81797,81840
122.376,Received an expired out of sequence packet ,81798,81840
122.376,Received an expired out of sequence packet ,81799,81840
122.38,Received an expired out of sequence packet ,81800,81840
122.38,Received an expired out of sequence packet ,81801,81840
122.38,Received an expired out of sequence packet ,81802,81840
122.402,Received an expired out of sequence packet ,81803,81840
122.402,Received an expired out of sequence packet ,81804,81840
122.408,Received an expired out of sequence packet ,81805,81840
122.408,Received an expired out of sequence packet ,81806,81840
122.412,Received an expired out of sequence packet ,81807,81840
122.412,Received an expired out of sequence packet ,81808,81840
122.412,Received an expired out of sequence packet ,81809,81840
122.413,Received an expired out of sequence packet ,81810,81840
122.413,Received an expired out of sequence packet ,81811,81840
122.413,Received an expired out of sequence packet ,81812,81840
122.413,Received an expired out of sequence packet ,81813,81840
122.416,Received an expired out of sequence packet ,81814,81840
122.416,Received an expired out of sequence packet ,81815,81840
122.416,Received an expired out of sequence packet ,81816,81840
122.419,Received an expired out of sequence packet ,81817,81840
122.419,Received an expired out of sequence packet ,81818,81840
122.419,Received an expired out of sequence packet ,81819,81840
122.419,Received an expired out of sequence packet ,81820,81840
122.419,Received an expired out of sequence packet ,81821,81840
122.419,Received an expired out of sequence packet ,81822,81840
122.422,Received an expired out of sequence packet ,81823,81840
122.422,Received an expired out of sequence packet ,81824,81840
122.422,Received an expired out of sequence packet ,81825,81840
122.422,Received an expired out of sequence packet ,81826,81840
122.422,Received an expired out of sequence packet ,81827,81840
122.422,Received an expired out of sequence packet ,81828,81840
122.422,Received an expired out of sequence packet ,81829,81840
122.422,Received an expired out of sequence packet ,81830,81840
122.424,Received an expired out of sequence packet ,81831,81840
122.424,Received an expired out of sequence packet ,81832,81840
122.424,Received an expired out of sequence packet ,81833,81840
122.424,Received an expired out of sequence packet ,81834,81840
122.424,Received an expired out of sequence packet ,81835,81840
122.424,Received an expired out of sequence packet ,81836,81840
122.517,Received an expired out of sequence packet ,81837,81840
122.517,Received an expired out of sequence packet ,81838,81840
122.521,Received an expired out of sequence packet ,81839,81840
136.38,Timeout
136.38,clearing sending list because of timeout
136.381,Received an expired out of sequence packet ,90698,90774
136.381,Received an expired out of sequence packet ,90699,90774
136.381,Received an expired out of sequence packet ,90700,90774
136.381,Received an expired out of sequence packet ,90701,90774
137.369,Received an expired out of sequence packet ,90702,90774
138.369,Timeout
138.369,clearing sending list because of timeout
138.381,Received an expired out of sequence packet ,90703,90776
139.37,Received an expired out of sequence packet ,90704,90776
139.988,Received an expired out of sequence packet ,90705,90776
139.99,Received an expired out of sequence packet ,90706,90776
139.991,Received an expired out of sequence packet ,90707,90776
139.991,Received an expired out of sequence packet ,90708,90776
139.991,Received an expired out of sequence packet ,90709,90776
139.991,Received an expired out of sequence packet ,90710,90776
139.994,Received an expired out of sequence packet ,90711,90776
140,Received an expired out of sequence packet ,90712,90776
140,Received an expired out of sequence packet ,90713,90776
140.006,Received an expired out of sequence packet ,90714,90776
140.013,Received an expired out of sequence packet ,90715,90776
140.013,Received an expired out of sequence packet ,90716,90776
140.013,Received an expired out of sequence packet ,90717,90776
140.013,Received an expired out of sequence packet ,90718,90776
140.039,Received an expired out of sequence packet ,90719,90776
140.039,Received an expired out of sequence packet ,90720,90776
140.041,Received an expired out of sequence packet ,90721,90776
140.041,Received an expired out of sequence packet ,90722,90776
140.045,Received an expired out of sequence packet ,90723,90776
140.045,Received an expired out of sequence packet ,90724,90776
140.049,Received an expired out of sequence packet ,90725,90776
140.049,Received an expired out of sequence packet ,90726,90776
140.065,Received an expired out of sequence packet ,90727,90776
140.066,Received an expired out of sequence packet ,90728,90776
140.066,Received an expired out of sequence packet ,90729,90776
140.073,Received an expired out of sequence packet ,90730,90776
140.073,Received an expired out of sequence packet ,90731,90776
140.073,Received an expired out of sequence packet ,90732,90776
140.074,Received an expired out of sequence packet ,90733,90776
140.079,Received an expired out of sequence packet ,90734,90776
140.079,Received an expired out of sequence packet ,90735,90776
140.083,Received an expired out of sequence packet ,90736,90776
140.088,Received an expired out of sequence packet ,90737,90776
140.088,Received an expired out of sequence packet ,90738,90776
140.089,Received an expired out of sequence packet ,90739,90776
140.089,Received an expired out of sequence packet ,90740,90776
140.089,Received an expired out of sequence packet ,90741,90776
140.096,Received an expired out of sequence packet ,90742,90776
140.099,Received an expired out of sequence packet ,90743,90776
140.099,Received an expired out of sequence packet ,90744,90776
140.104,Received an expired out of sequence packet ,90745,90776
140.104,Received an expired out of sequence packet ,90746,90776
140.109,Received an expired out of sequence packet ,90747,90776
140.114,Received an expired out of sequence packet ,90748,90776
140.116,Received an expired out of sequence packet ,90749,90776
140.116,Received an expired out of sequence packet ,90750,90776
140.12,Received an expired out of sequence packet ,90751,90776
140.12,Received an expired out of sequence packet ,90752,90776
140.12,Received an expired out of sequence packet ,90753,90776
140.12,Received an expired out of sequence packet ,90754,90776
140.126,Received an expired out of sequence packet ,90755,90776
140.128,Received an expired out of sequence packet ,90756,90776
140.137,Received an expired out of sequence packet ,90757,90776
140.143,Received an expired out of sequence packet ,90758,90776
140.147,Received an expired out of sequence packet ,90759,90776
140.147,Received an expired out of sequence packet ,90760,90776
140.149,Received an expired out of sequence packet ,90761,90776
140.149,Received an expired out of sequence packet ,90762,90776
140.152,Received an expired out of sequence packet ,90763,90776
140.152,Received an expired out of sequence packet ,90764,90776
140.153,Received an expired out of sequence packet ,90765,90776
140.153,Received an expired out of sequence packet ,90766,90776
140.155,Received an expired out of sequence packet ,90767,90776
140.158,Received an expired out of sequence packet ,90768,90776
140.158,Received an expired out of sequence packet ,90769,90776
140.159,Received an expired out of sequence packet ,90770,90776
140.165,Received an expired out of sequence packet ,90771,90776
140.165,Received an expired out of sequence packet ,90772,90776
140.167,Received an expired out of sequence packet ,90773,90776
140.167,Received an expired out of sequence packet ,90774,90776
140.169,Received an expired out of sequence packet ,90775,90776
172.379,Timeout
172.379,clearing sending list because of timeout
172.38,Received an expired out of sequence packet ,107161,107331
173.378,Received an expired out of sequence packet ,107162,107331
174.368,Received an expired out of sequence packet ,107163,107331
175.086,Received an expired out of sequence packet ,107164,107331
175.098,Received an expired out of sequence packet ,107165,107331
175.101,Received an expired out of sequence packet ,107166,107331
175.103,Received an expired out of sequence packet ,107167,107331
175.107,Received an expired out of sequence packet ,107168,107331
175.11,Received an expired out of sequence packet ,107169,107331
175.111,Received an expired out of sequence packet ,107170,107331
175.12,Received an expired out of sequence packet ,107171,107331
175.122,Received an expired out of sequence packet ,107172,107331
175.125,Received an expired out of sequence packet ,107173,107331
175.131,Received an expired out of sequence packet ,107174,107331
175.167,Received an expired out of sequence packet ,107175,107331
175.174,Received an expired out of sequence packet ,107176,107331
175.175,Received an expired out of sequence packet ,107177,107331
175.189,Received an expired out of sequence packet ,107178,107331
175.195,Received an expired out of sequence packet ,107179,107331
175.236,Received an expired out of sequence packet ,107180,107331
175.248,Received an expired out of sequence packet ,107181,107331
175.252,Received an expired out of sequence packet ,107182,107331
175.255,Received an expired out of sequence packet ,107183,107331
175.258,Received an expired out of sequence packet ,107184,107331
175.262,Received an expired out of sequence packet ,107185,107331
175.263,Received an expired out of sequence packet ,107186,107331
175.263,Received an expired out of sequence packet ,107187,107331
175.266,Received an expired out of sequence packet ,107188,107331
175.268,Received an expired out of sequence packet ,107189,107331
175.268,Received an expired out of sequence packet ,107190,107331
175.269,Received an expired out of sequence packet ,107191,107331
175.27,Received an expired out of sequence packet ,107192,107331
175.281,Received an expired out of sequence packet ,107193,107331
175.282,Received an expired out of sequence packet ,107194,107331
175.282,Received an expired out of sequence packet ,107195,107331
175.282,Received an expired out of sequence packet ,107196,107331
175.282,Received an expired out of sequence packet ,107197,107331
175.284,Received an expired out of sequence packet ,107198,107331
175.284,Received an expired out of sequence packet ,107199,107331
175.284,Received an expired out of sequence packet ,107200,107331
175.294,Received an expired out of sequence packet ,107201,107331
175.294,Received an expired out of sequence packet ,107202,107331
175.297,Received an expired out of sequence packet ,107203,107331
175.297,Received an expired out of sequence packet ,107204,107331
175.297,Received an expired out of sequence packet ,107205,107331
175.297,Received an expired out of sequence packet ,107206,107331
175.297,Received an expired out of sequence packet ,107207,107331
175.297,Received an expired out of sequence packet ,107208,107331
175.315,Received an expired out of sequence packet ,107209,107331
175.317,Received an expired out of sequence packet ,107210,107331
175.32,Received an expired out of sequence packet ,107211,107331
175.321,Received an expired out of sequence packet ,107212,107331
175.418,Received an expired out of sequence packet ,107213,107331
175.431,Received an expired out of sequence packet ,107214,107331
175.431,Received an expired out of sequence packet ,107215,107331
175.431,Received an expired out of sequence packet ,107216,107331
175.431,Received an expired out of sequence packet ,107217,107331
175.431,Received an expired out of sequence packet ,107218,107331
175.436,Received an expired out of sequence packet ,107219,107331
175.437,Received an expired out of sequence packet ,107220,107331
175.44,Received an expired out of sequence packet ,107221,107331
175.443,Received an expired out of sequence packet ,107222,107331
175.445,Received an expired out of sequence packet ,107223,107331
175.446,Received an expired out of sequence packet ,107224,107331
175.448,Received an expired out of sequence packet ,107225,107331
175.463,Received an expired out of sequence packet ,107226,107331
175.467,Received an expired out of sequence packet ,107227,107331
175.467,Received an expired out of sequence packet ,107228,107331
175.469,Received an expired out of sequence packet ,107229,107331
175.47,Received an expired out of sequence packet ,107230,107331
175.472,Received an expired out of sequence packet ,107231,107331
175.474,Received an expired out of sequence packet ,107232,107331
175.477,Received an expired out of sequence packet ,107233,107331
175.5,Received an expired out of sequence packet ,107234,107331
175.502,Received an expired out of sequence packet ,107235,107331
175.502,Received an expired out of sequence packet ,107236,107331
175.511,Received an expired out of sequence packet ,107237,107331
175.514,Received an expired out of sequence packet ,107238,107331
175.517,Received an expired out of sequence packet ,107239,107331
175.531,Received an expired out of sequence packet ,107240,107331
175.533,Received an expired out of sequence packet ,107241,107331
175.536,Received an expired out of sequence packet ,107242,107331
175.54,Received an expired out of sequence packet ,107243,107331
175.545,Received an expired out of sequence packet ,107244,107331
175.547,Received an expired out of sequence packet ,107245,107331
175.551,Received an expired out of sequence packet ,107246,107331
175.566,Received an expired out of sequence packet ,107247,107331
175.575,Received an expired out of sequence packet ,107248,107331
175.575,Received an expired out of sequence packet ,107249,107331
175.575,Received an expired out of sequence packet ,107250,107331
175.577,Received an expired out of sequence packet ,107251,107331
175.577,Received an expired out of sequence packet ,107252,107331
175.588,Received an expired out of sequence packet ,107253,107331
175.619,Received an expired out of sequence packet ,107254,107331
175.619,Received an expired out of sequence packet ,107255,107331
175.627,Received an expired out of sequence packet ,107256,107331
175.629,Received an expired out of sequence packet ,107257,107331
175.633,Received an expired out of sequence packet ,107258,107331
175.635,Received an expired out of sequence packet ,107259,107331
175.687,Received an expired out of sequence packet ,107260,107331
175.69,Received an expired out of sequence packet ,107261,107331
175.694,Received an expired out of sequence packet ,107262,107331
175.696,Received an expired out of sequence packet ,107263,107331
175.698,Received an expired out of sequence packet ,107264,107331
175.7,Received an expired out of sequence packet ,107265,107331
175.703,Received an expired out of sequence packet ,107266,107331
175.706,Received an expired out of sequence packet ,107267,107331
175.71,Received an expired out of sequence packet ,107268,107331
175.711,Received an expired out of sequence packet ,107269,107331
175.715,Received an expired out of sequence packet ,107270,107331
175.725,Received an expired out of sequence packet ,107271,107331
175.766,Received an expired out of sequence packet ,107272,107331
175.766,Received an expired out of sequence packet ,107273,107331
175.779,Received an expired out of sequence packet ,107274,107331
175.789,Received an expired out of sequence packet ,107275,107331
175.795,Received an expired out of sequence packet ,107276,107331
175.797,Received an expired out of sequence packet ,107277,107331
175.818,Received an expired out of sequence packet ,107278,107331
175.82,Received an expired out of sequence packet ,107279,107331
175.821,Received an expired out of sequence packet ,107280,107331
175.826,Received an expired out of sequence packet ,107281,107331
175.826,Received an expired out of sequence packet ,107282,107331
175.878,Received an expired out of sequence packet ,107283,107331
175.879,Received an expired out of sequence packet ,107284,107331
175.891,Received an expired out of sequence packet ,107285,107331
175.908,Received an expired out of sequence packet ,107286,107331
175.918,Received an expired out of sequence packet ,107287,107331
175.922,Received an expired out of sequence packet ,107288,107331
175.94,Received an expired out of sequence packet ,107289,107331
175.951,Received an expired out of sequence packet ,107290,107331
175.954,Received an expired out of sequence packet ,107291,107331
175.954,Received an expired out of sequence packet ,107292,107331
175.978,Received an expired out of sequence packet ,107293,107331
175.98,Received an expired out of sequence packet ,107294,107331
175.988,Received an expired out of sequence packet ,107295,107331
175.989,Received an expired out of sequence packet ,107296,107331
175.999,Received an expired out of sequence packet ,107297,107331
176.005,Received an expired out of sequence packet ,107298,107331
176.005,Received an expired out of sequence packet ,107299,107331
176.006,Received an expired out of sequence packet ,107300,107331
176.006,Received an expired out of sequence packet ,107301,107331
176.009,Received an expired out of sequence packet ,107302,107331
176.013,Received an expired out of sequence packet ,107303,107331
176.015,Received an expired out of sequence packet ,107304,107331
176.017,Received an expired out of sequence packet ,107305,107331
176.02,Received an expired out of sequence packet ,107306,107331
176.023,Received an expired out of sequence packet ,107307,107331
176.025,Received an expired out of sequence packet ,107308,107331
176.027,Received an expired out of sequence packet ,107309,107331
176.477,Received an expired out of sequence packet ,107310,107331
176.498,Received an expired out of sequence packet ,107311,107331
176.499,Received an expired out of sequence packet ,107312,107331
176.641,Received an expired out of sequence packet ,107313,107331
176.669,Received an expired out of sequence packet ,107314,107331
176.675,Received an expired out of sequence packet ,107315,107331
176.7,Received an expired out of sequence packet ,107316,107331
176.704,Received an expired out of sequence packet ,107317,107331
176.708,Received an expired out of sequence packet ,107318,107331
176.712,Received an expired out of sequence packet ,107319,107331
176.718,Received an expired out of sequence packet ,107320,107331
176.721,Received an expired out of sequence packet ,107321,107331
176.732,Received an expired out of sequence packet ,107322,107331
176.741,Received an expired out of sequence packet ,107323,107331
176.741,Received an expired out of sequence packet ,107324,107331
176.741,Received an expired out of sequence packet ,107325,107331
176.745,Received an expired out of sequence packet ,107326,107331
176.745,Received an expired out of sequence packet ,107327,107331
176.745,Received an expired out of sequence packet ,107328,107331
176.75,Received an expired out of sequence packet ,107329,107331
176.762,Received an expired out of sequence packet ,107330,107331
179.369,Timeout
179.369,clearing sending list because of timeout
179.54,Received an expired out of sequence packet ,107513,107543
179.545,Received an expired out of sequence packet ,107514,107543
179.55,Received an expired out of sequence packet ,107515,107543
179.553,Received an expired out of sequence packet ,107516,107543
179.556,Received an expired out of sequence packet ,107517,107543
179.562,Received an expired out of sequence packet ,107518,107543
179.566,Received an expired out of sequence packet ,107519,107543
179.571,Received an expired out of sequence packet ,107520,107543
179.573,Received an expired out of sequence packet ,107521,107543
179.576,Received an expired out of sequence packet ,107522,107543
179.577,Received an expired out of sequence packet ,107523,107543
179.58,Received an expired out of sequence packet ,107524,107543
179.584,Received an expired out of sequence packet ,107525,107543
179.585,Received an expired out of sequence packet ,107526,107543
179.589,Received an expired out of sequence packet ,107527,107543
179.59,Received an expired out of sequence packet ,107528,107543
179.593,Received an expired out of sequence packet ,107529,107543
179.593,Received an expired out of sequence packet ,107530,107543
179.597,Received an expired out of sequence packet ,107531,107543
179.6,Received an expired out of sequence packet ,107532,107543
179.601,Received an expired out of sequence packet ,107533,107543
179.605,Received an expired out of sequence packet ,107534,107543
179.608,Received an expired out of sequence packet ,107535,107543
179.61,Received an expired out of sequence packet ,107536,107543
179.613,Received an expired out of sequence packet ,107537,107543
179.614,Received an expired out of sequence packet ,107538,107543
179.618,Received an expired out of sequence packet ,107539,107543
179.62,Received an expired out of sequence packet ,107540,107543
179.622,Received an expired out of sequence packet ,107541,107543
179.634,Received an expired out of sequence packet ,107542,107543
273.284,Missing packet expired,172907
279.202,Restart,can't map delay on delay curve
280.264,Timeout
280.264,Exit slow start,timeout
280.807,Restart