1.26241,Exit slow start,exceeding SS_EXIT_THRESHOLD
25.7613,Timeout
25.7613,clearing sending list because of timeout
25.9843,Timeout
25.9843,clearing sending list because of timeout
26.2073,Timeout
26.2073,clearing sending list because of timeout
26.4304,Timeout
26.4304,clearing sending list because of timeout
26.5649,Received an expired out of sequence packet ,12186,12236
26.569,Received an expired out of sequence packet ,12187,12236
26.569,Received an expired out of sequence packet ,12188,12236
26.569,Received an expired out of sequence packet ,12189,12236
26.569,Received an expired out of sequence packet ,12190,12236
26.569,Received an expired out of sequence packet ,12191,12236
26.5691,Received an expired out of sequence packet ,12192,12236
26.5701,Received an expired out of sequence packet ,12193,12236
26.5711,Received an expired out of sequence packet ,12194,12236
26.7336,Received an expired out of sequence packet ,12195,12236
26.7336,Received an expired out of sequence packet ,12196,12236
26.7336,Received an expired out of sequence packet ,12197,12236
26.7337,Received an expired out of sequence packet ,12198,12236
26.7337,Received an expired out of sequence packet ,12199,12236
26.7337,Received an expired out of sequence packet ,12200,12236
26.7337,Received an expired out of sequence packet ,12201,12236
26.7337,Received an expired out of sequence packet ,12202,12236
26.7338,Received an expired out of sequence packet ,12203,12236
26.7338,Received an expired out of sequence packet ,12204,12236
26.7338,Received an expired out of sequence packet ,12205,12236
26.7338,Received an expired out of sequence packet ,12206,12236
26.7338,Received an expired out of sequence packet ,12207,12236
26.7338,Received an expired out of sequence packet ,12208,12236
26.7339,Received an expired out of sequence packet ,12209,12236
26.7347,Received an expired out of sequence packet ,12210,12236
26.7348,Received an expired out of sequence packet ,12211,12236
26.7435,Received an expired out of sequence packet ,12212,12236
26.7436,Received an expired out of sequence packet ,12213,12236
26.7537,Received an expired out of sequence packet ,12214,12236
26.7537,Received an expired out of sequence packet ,12215,12236
26.7548,Received an expired out of sequence packet ,12216,12236
26.7548,Received an expired out of sequence packet ,12217,12236
26.7549,Received an expired out of sequence packet ,12218,12236
26.7549,Received an expired out of sequence packet ,12219,12236
26.7549,Received an expired out of sequence packet ,12220,12236
26.7549,Received an expired out of sequence packet ,12221,12236
26.7549,Received an expired out of sequence packet ,12222,12236
26.7549,Received an expired out of sequence packet ,12223,12236
26.755,Received an expired out of sequence packet ,12224,12236
26.755,Received an expired out of sequence packet ,12225,12236
26.755,Received an expired out of sequence packet ,12226,12236
26.755,Received an expired out of sequence packet ,12227,12236
26.755,Received an expired out of sequence packet ,12228,12236
26.756,Received an expired out of sequence packet ,12229,12236
26.7561,Received an expired out of sequence packet ,12230,12236
26.7561,Received an expired out of sequence packet ,12231,12236
26.7561,Received an expired out of sequence packet ,12232,12236
26.7561,Received an expired out of sequence packet ,12233,12236
26.7592,Received an expired out of sequence packet ,12234,12236
26.7592,Received an expired out of sequence packet ,12235,12236
70.2235,Timeout
70.2235,clearing sending list because of timeout
70.3885,Received an expired out of sequence packet ,40045,40120
70.3926,Received an expired out of sequence packet ,40046,40120
70.3938,Received an expired out of sequence packet ,40047,40120
70.3949,Received an expired out of sequence packet ,40048,40120
70.3949,Received an expired out of sequence packet ,40049,40120
70.3949,Received an expired out of sequence packet ,40050,40120
70.3949,Received an expired out of sequence packet ,40051,40120
70.395,Received an expired out of sequence packet ,40052,40120
70.3991,Received an expired out of sequence packet ,40053,40120
70.3991,Received an expired out of sequence packet ,40054,40120
70.4002,Received an expired out of sequence packet ,40055,40120
70.4002,Received an expired out of sequence packet ,40056,40120
70.4002,Received an expired out of sequence packet ,40057,40120
70.4002,Received an expired out of sequence packet ,40058,40120
70.4013,Received an expired out of sequence packet ,40059,40120
70.4299,Received an expired out of sequence packet ,40060,40120
70.4371,Received an expired out of sequence packet ,40061,40120
70.4371,Received an expired out of sequence packet ,40062,40120
70.4391,Received an expired out of sequence packet ,40063,40120
70.4391,Received an expired out of sequence packet ,40064,40120
70.4473,Received an expired out of sequence packet ,40065,40120
70.4474,Received an expired out of sequence packet ,40066,40120
70.4474,Received an expired out of sequence packet ,40067,40120
70.4474,Received an expired out of sequence packet ,40068,40120
70.4485,Received an expired out of sequence packet ,40069,40120
70.4485,Received an expired out of sequence packet ,40070,40120
70.4485,Received an expired out of sequence packet ,40071,40120
70.4494,Received an expired out of sequence packet ,40072,40120
70.4505,Received an expired out of sequence packet ,40073,40120
70.4506,Received an expired out of sequence packet ,40074,40120
70.4586,Received an expired out of sequence packet ,40075,40120
70.4598,Received an expired out of sequence packet ,40076,40120
70.4598,Received an expired out of sequence packet ,40077,40120
70.4598,Received an expired out of sequence packet ,40078,40120
70.4598,Received an expired out of sequence packet ,40079,40120
70.4598,Received an expired out of sequence packet ,40080,40120
70.4609,Received an expired out of sequence packet ,40081,40120
70.4609,Received an expired out of sequence packet ,40082,40120
70.4609,Received an expired out of sequence packet ,40083,40120
70.461,Received an expired out of sequence packet ,40084,40120
70.461,Received an expired out of sequence packet ,40085,40120
70.4647,Received an expired out of sequence packet ,40086,40120
70.4688,Received an expired out of sequence packet ,40087,40120
70.4688,Received an expired out of sequence packet ,40088,40120
70.47,Received an expired out of sequence packet ,40089,40120
70.4701,Received an expired out of sequence packet ,40090,40120
70.4742,Received an expired out of sequence packet ,40091,40120
70.4749,Received an expired out of sequence packet ,40092,40120
70.4781,Received an expired out of sequence packet ,40093,40120
70.4781,Received an expired out of sequence packet ,40094,40120
70.4834,Received an expired out of sequence packet ,40095,40120
70.4834,Received an expired out of sequence packet ,40096,40120
70.4895,Received an expired out of sequence packet ,40097,40120
70.4895,Received an expired out of sequence packet ,40098,40120
70.4896,Received an expired out of sequence packet ,40099,40120
70.4896,Received an expired out of sequence packet ,40100,40120
70.4896,Received an expired out of sequence packet ,40101,40120
70.4896,Received an expired out of sequence packet ,40102,40120
70.4896,Received an expired out of sequence packet ,40103,40120
70.4896,Received an expired out of sequence packet ,40104,40120
70.4946,Received an expired out of sequence packet ,40105,40120
70.4947,Received an expired out of sequence packet ,40106,40120
70.4947,Received an expired out of sequence packet ,40107,40120
70.4947,Received an expired out of sequence packet ,40108,40120
70.4957,Received an expired out of sequence packet ,40109,40120
70.4968,Received an expired out of sequence packet ,40110,40120
70.4968,Received an expired out of sequence packet ,40111,40120
70.4969,Received an expired out of sequence packet ,40112,40120
70.4969,Received an expired out of sequence packet ,40113,40120
70.4969,Received an expired out of sequence packet ,40114,40120
70.4969,Received an expired out of sequence packet ,40115,40120
70.4969,Received an expired out of sequence packet ,40116,40120
70.4979,Received an expired out of sequence packet ,40117,40120
70.498,Received an expired out of sequence packet ,40118,40120
70.498,Received an expired out of sequence packet ,40119,40120
89.417,Restart,can't map delay on delay curve
90.5733,Exit slow start,exceeding SS_EXIT_THRESHOLD
97.3882,Timeout
97.3882,clearing sending list because of timeout
97.6704,Received an expired out of sequence packet ,7625,7947
97.6704,Received an expired out of sequence packet ,7626,7947
97.6704,Received an expired out of sequence packet ,7627,7947
97.6704,Received an expired out of sequence packet ,7628,7947
97.8593,Received an expired out of sequence packet ,7629,7947
97.8614,Received an expired out of sequence packet ,7630,7947
97.8614,Received an expired out of sequence packet ,7631,7947
97.8665,Received an expired out of sequence packet ,7632,7947
97.8665,Received an expired out of sequence packet ,7633,7947
97.8665,Received an expired out of sequence packet ,7634,7947
97.8665,Received an expired out of sequence packet ,7635,7947
97.8666,Received an expired out of sequence packet ,7636,7947
97.8675,Received an expired out of sequence packet ,7637,7947
97.8676,Received an expired out of sequence packet ,7638,7947
97.8676,Received an expired out of sequence packet ,7639,7947
97.8676,Received an expired out of sequence packet ,7640,7947
97.875,Received an expired out of sequence packet ,7641,7947
97.875,Received an expired out of sequence packet ,7642,7947
97.875,Received an expired out of sequence packet ,7643,7947
97.875,Received an expired out of sequence packet ,7644,7947
97.884,Received an expired out of sequence packet ,7645,7947
97.8881,Received an expired out of sequence packet ,7646,7947
97.8881,Received an expired out of sequence packet ,7647,7947
97.8881,Received an expired out of sequence packet ,7648,7947
97.8912,Received an expired out of sequence packet ,7649,7947
97.8912,Received an expired out of sequence packet ,7650,7947
97.8912,Received an expired out of sequence packet ,7651,7947
97.8912,Received an expired out of sequence packet ,7652,7947
97.8912,Received an expired out of sequence packet ,7653,7947
97.8912,Received an expired out of sequence packet ,7654,7947
97.8913,Received an expired out of sequence packet ,7655,7947
97.9576,Received an expired out of sequence packet ,7656,7947
97.9576,Received an expired out of sequence packet ,7657,7947
97.9576,Received an expired out of sequence packet ,7658,7947
97.9606,Received an expired out of sequence packet ,7659,7947
97.9648,Received an expired out of sequence packet ,7660,7947
97.9679,Received an expired out of sequence packet ,7661,7947
97.9679,Received an expired out of sequence packet ,7662,7947
97.9761,Received an expired out of sequence packet ,7663,7947
97.9782,Received an expired out of sequence packet ,7664,7947
97.9782,Received an expired out of sequence packet ,7665,7947
97.9782,Received an expired out of sequence packet ,7666,7947
97.9813,Received an expired out of sequence packet ,7667,7947
97.9813,Received an expired out of sequence packet ,7668,7947
97.9813,Received an expired out of sequence packet ,7669,7947
97.9813,Received an expired out of sequence packet ,7670,7947
97.9813,Received an expired out of sequence packet ,7671,7947
97.9823,Received an expired out of sequence packet ,7672,7947
97.9824,Received an expired out of sequence packet ,7673,7947
97.9824,Received an expired out of sequence packet ,7674,7947
97.9903,Received an expired out of sequence packet ,7675,7947
97.9934,Received an expired out of sequence packet ,7676,7947
97.9934,Received an expired out of sequence packet ,7677,7947
98.0056,Received an expired out of sequence packet ,7678,7947
98.0057,Received an expired out of sequence packet ,7679,7947
98.0057,Received an expired out of sequence packet ,7680,7947
98.0057,Received an expired out of sequence packet ,7681,7947
98.0087,Received an expired out of sequence packet ,7682,7947
98.0128,Received an expired out of sequence packet ,7683,7947
98.0128,Received an expired out of sequence packet ,7684,7947
98.0129,Received an expired out of sequence packet ,7685,7947
98.0129,Received an expired out of sequence packet ,7686,7947
98.0221,Received an expired out of sequence packet ,7687,7947
98.0222,Received an expired out of sequence packet ,7688,7947
98.0222,Received an expired out of sequence packet ,7689,7947
98.0232,Received an expired out of sequence packet ,7690,7947
98.0263,Received an expired out of sequence packet ,7691,7947
98.0264,Received an expired out of sequence packet ,7692,7947
98.0264,Received an expired out of sequence packet ,7693,7947
98.0284,Received an expired out of sequence packet ,7694,7947
98.0284,Received an expired out of sequence packet ,7695,7947
98.0285,Received an expired out of sequence packet ,7696,7947
98.0285,Received an expired out of sequence packet ,7697,7947
98.0285,Received an expired out of sequence packet ,7698,7947
98.0327,Received an expired out of sequence packet ,7699,7947
98.0327,Received an expired out of sequence packet ,7700,7947
98.0366,Received an expired out of sequence packet ,7701,7947
98.0366,Received an expired out of sequence packet ,7702,7947
98.0408,Received an expired out of sequence packet ,7703,7947
98.0408,Received an expired out of sequence packet ,7704,7947
98.0408,Received an expired out of sequence packet ,7705,7947
98.0439,Received an expired out of sequence packet ,7706,7947
98.0439,Received an expired out of sequence packet ,7707,7947
98.0449,Received an expired out of sequence packet ,7708,7947
98.045,Received an expired out of sequence packet ,7709,7947
98.045,Received an expired out of sequence packet ,7710,7947
98.0479,Received an expired out of sequence packet ,7711,7947
98.048,Received an expired out of sequence packet ,7712,7947
98.048,Received an expired out of sequence packet ,7713,7947
98.049,Received an expired out of sequence packet ,7714,7947
98.0521,Received an expired out of sequence packet ,7715,7947
98.0521,Received an expired out of sequence packet ,7716,7947
98.0521,Received an expired out of sequence packet ,7717,7947
98.056,Received an expired out of sequence packet ,7718,7947
98.0581,Received an expired out of sequence packet ,7719,7947
98.0581,Received an expired out of sequence packet ,7720,7947
98.0581,Received an expired out of sequence packet ,7721,7947
98.0623,Received an expired out of sequence packet ,7722,7947
98.0624,Received an expired out of sequence packet ,7723,7947
98.0624,Received an expired out of sequence packet ,7724,7947
98.0624,Received an expired out of sequence packet ,7725,7947
98.0664,Received an expired out of sequence packet ,7726,7947
98.0664,Received an expired out of sequence packet ,7727,7947
98.0726,Received an expired out of sequence packet ,7728,7947
98.0726,Received an expired out of sequence packet ,7729,7947
98.0777,Received an expired out of sequence packet ,7730,7947
98.0778,Received an expired out of sequence packet ,7731,7947
98.0778,Received an expired out of sequence packet ,7732,7947
98.0778,Received an expired out of sequence packet ,7733,7947
98.0778,Received an expired out of sequence packet ,7734,7947
98.0779,Received an expired out of sequence packet ,7735,7947
98.0789,Received an expired out of sequence packet ,7736,7947
98.0789,Received an expired out of sequence packet ,7737,7947
98.0789,Received an expired out of sequence packet ,7738,7947
98.0789,Received an expired out of sequence packet ,7739,7947
98.079,Received an expired out of sequence packet ,7740,7947
98.079,Received an expired out of sequence packet ,7741,7947
98.08,Received an expired out of sequence packet ,7742,7947
98.086,Received an expired out of sequence packet ,7743,7947
98.0879,Received an expired out of sequence packet ,7744,7947
98.0879,Received an expired out of sequence packet ,7745,7947
98.0879,Received an expired out of sequence packet ,7746,7947
98.0931,Received an expired out of sequence packet ,7747,7947
98.0932,Received an expired out of sequence packet ,7748,7947
98.0984,Received an expired out of sequence packet ,7749,7947
98.0984,Received an expired out of sequence packet ,7750,7947
98.0984,Received an expired out of sequence packet ,7751,7947
98.0985,Received an expired out of sequence packet ,7752,7947
98.0985,Received an expired out of sequence packet ,7753,7947
98.0986,Received an expired out of sequence packet ,7754,7947
98.0986,Received an expired out of sequence packet ,7755,7947
98.0986,Received an expired out of sequence packet ,7756,7947
98.1077,Received an expired out of sequence packet ,7757,7947
98.1077,Received an expired out of sequence packet ,7758,7947
98.1077,Received an expired out of sequence packet ,7759,7947
98.1087,Received an expired out of sequence packet ,7760,7947
98.1088,Received an expired out of sequence packet ,7761,7947
98.1088,Received an expired out of sequence packet ,7762,7947
98.1088,Received an expired out of sequence packet ,7763,7947
98.1088,Received an expired out of sequence packet ,7764,7947
98.1088,Received an expired out of sequence packet ,7765,7947
98.1088,Received an expired out of sequence packet ,7766,7947
98.1089,Received an expired out of sequence packet ,7767,7947
98.1151,Received an expired out of sequence packet ,7768,7947
98.1151,Received an expired out of sequence packet ,7769,7947
98.1151,Received an expired out of sequence packet ,7770,7947
98.1192,Received an expired out of sequence packet ,7771,7947
98.1193,Received an expired out of sequence packet ,7772,7947
98.1193,Received an expired out of sequence packet ,7773,7947
98.1193,Received an expired out of sequence packet ,7774,7947
98.1193,Received an expired out of sequence packet ,7775,7947
98.1193,Received an expired out of sequence packet ,7776,7947
98.1194,Received an expired out of sequence packet ,7777,7947
98.1194,Received an expired out of sequence packet ,7778,7947
98.1194,Received an expired out of sequence packet ,7779,7947
98.1275,Received an expired out of sequence packet ,7780,7947
98.1276,Received an expired out of sequence packet ,7781,7947
98.1276,Received an expired out of sequence packet ,7782,7947
98.1317,Received an expired out of sequence packet ,7783,7947
98.1318,Received an expired out of sequence packet ,7784,7947
98.1318,Received an expired out of sequence packet ,7785,7947
98.1318,Received an expired out of sequence packet ,7786,7947
98.1328,Received an expired out of sequence packet ,7787,7947
98.1329,Received an expired out of sequence packet ,7788,7947
98.1329,Received an expired out of sequence packet ,7789,7947
98.1381,Received an expired out of sequence packet ,7790,7947
98.1381,Received an expired out of sequence packet ,7791,7947
98.1381,Received an expired out of sequence packet ,7792,7947
98.1381,Received an expired out of sequence packet ,7793,7947
98.1382,Received an expired out of sequence packet ,7794,7947
98.1382,Received an expired out of sequence packet ,7795,7947
98.1392,Received an expired out of sequence packet ,7796,7947
98.1392,Received an expired out of sequence packet ,7797,7947
98.1422,Received an expired out of sequence packet ,7798,7947
98.1441,Received an expired out of sequence packet ,7799,7947
98.1441,Received an expired out of sequence packet ,7800,7947
98.1481,Received an expired out of sequence packet ,7801,7947
98.1482,Received an expired out of sequence packet ,7802,7947
98.1523,Received an expired out of sequence packet ,7803,7947
98.1524,Received an expired out of sequence packet ,7804,7947
98.1555,Received an expired out of sequence packet ,7805,7947
98.1556,Received an expired out of sequence packet ,7806,7947
98.1556,Received an expired out of sequence packet ,7807,7947
98.1556,Received an expired out of sequence packet ,7808,7947
98.1556,Received an expired out of sequence packet ,7809,7947
98.1556,Received an expired out of sequence packet ,7810,7947
98.1556,Received an expired out of sequence packet ,7811,7947
98.1641,Received an expired out of sequence packet ,7812,7947
98.1683,Received an expired out of sequence packet ,7813,7947
98.1727,Received an expired out of sequence packet ,7814,7947
98.1738,Received an expired out of sequence packet ,7815,7947
98.1738,Received an expired out of sequence packet ,7816,7947
98.1738,Received an expired out of sequence packet ,7817,7947
98.177,Received an expired out of sequence packet ,7818,7947
98.177,Received an expired out of sequence packet ,7819,7947
98.177,Received an expired out of sequence packet ,7820,7947
98.177,Received an expired out of sequence packet ,7821,7947
98.1821,Received an expired out of sequence packet ,7822,7947
98.1821,Received an expired out of sequence packet ,7823,7947
98.1821,Received an expired out of sequence packet ,7824,7947
98.1821,Received an expired out of sequence packet ,7825,7947
98.1821,Received an expired out of sequence packet ,7826,7947
98.1831,Received an expired out of sequence packet ,7827,7947
98.1842,Received an expired out of sequence packet ,7828,7947
98.1883,Received an expired out of sequence packet ,7829,7947
98.1894,Received an expired out of sequence packet ,7830,7947
98.1894,Received an expired out of sequence packet ,7831,7947
98.1894,Received an expired out of sequence packet ,7832,7947
98.1925,Received an expired out of sequence packet ,7833,7947
98.1925,Received an expired out of sequence packet ,7834,7947
98.1955,Received an expired out of sequence packet ,7835,7947
98.1956,Received an expired out of sequence packet ,7836,7947
98.1956,Received an expired out of sequence packet ,7837,7947
98.1956,Received an expired out of sequence packet ,7838,7947
98.1956,Received an expired out of sequence packet ,7839,7947
98.2046,Received an expired out of sequence packet ,7840,7947
98.2046,Received an expired out of sequence packet ,7841,7947
98.2057,Received an expired out of sequence packet ,7842,7947
98.2057,Received an expired out of sequence packet ,7843,7947
98.2057,Received an expired out of sequence packet ,7844,7947
98.2057,Received an expired out of sequence packet ,7845,7947
98.2057,Received an expired out of sequence packet ,7846,7947
98.2057,Received an expired out of sequence packet ,7847,7947
98.2504,Received an expired out of sequence packet ,7848,7947
98.2504,Received an expired out of sequence packet ,7849,7947
98.2505,Received an expired out of sequence packet ,7850,7947
98.2505,Received an expired out of sequence packet ,7851,7947
98.2505,Received an expired out of sequence packet ,7852,7947
98.2505,Received an expired out of sequence packet ,7853,7947
98.2505,Received an expired out of sequence packet ,7854,7947
98.2505,Received an expired out of sequence packet ,7855,7947
98.2505,Received an expired out of sequence packet ,7856,7947
98.2615,Received an expired out of sequence packet ,7857,7947
98.2615,Received an expired out of sequence packet ,7858,7947
98.2615,Received an expired out of sequence packet ,7859,7947
98.2616,Received an expired out of sequence packet ,7860,7947
98.2616,Received an expired out of sequence packet ,7861,7947
98.2636,Received an expired out of sequence packet ,7862,7947
98.2646,Received an expired out of sequence packet ,7863,7947
98.2647,Received an expired out of sequence packet ,7864,7947
98.2667,Received an expired out of sequence packet ,7865,7947
98.2667,Received an expired out of sequence packet ,7866,7947
98.2667,Received an expired out of sequence packet ,7867,7947
98.2901,Received an expired out of sequence packet ,7868,7947
98.2902,Received an expired out of sequence packet ,7869,7947
98.2902,Received an expired out of sequence packet ,7870,7947
98.2932,Received an expired out of sequence packet ,7871,7947
98.2953,Received an expired out of sequence packet ,7872,7947
98.2984,Received an expired out of sequence packet ,7873,7947
98.3005,Received an expired out of sequence packet ,7874,7947
98.3078,Received an expired out of sequence packet ,7875,7947
98.3129,Received an expired out of sequence packet ,7876,7947
98.3182,Received an expired out of sequence packet ,7877,7947
98.3214,Received an expired out of sequence packet ,7878,7947
98.3266,Received an expired out of sequence packet ,7879,7947
98.3287,Received an expired out of sequence packet ,7880,7947
98.334,Received an expired out of sequence packet ,7881,7947
98.3361,Received an expired out of sequence packet ,7882,7947
98.3392,Received an expired out of sequence packet ,7883,7947
98.3443,Received an expired out of sequence packet ,7884,7947
98.3474,Received an expired out of sequence packet ,7885,7947
98.3495,Received an expired out of sequence packet ,7886,7947
98.3525,Received an expired out of sequence packet ,7887,7947
98.3549,Received an expired out of sequence packet ,7888,7947
98.3589,Received an expired out of sequence packet ,7889,7947
98.3707,Received an expired out of sequence packet ,7890,7947
98.3707,Received an expired out of sequence packet ,7891,7947
98.3728,Received an expired out of sequence packet ,7892,7947
98.3728,Received an expired out of sequence packet ,7893,7947
98.3792,Received an expired out of sequence packet ,7894,7947
98.3803,Received an expired out of sequence packet ,7895,7947
98.3803,Received an expired out of sequence packet ,7896,7947
98.3803,Received an expired out of sequence packet ,7897,7947
98.3803,Received an expired out of sequence packet ,7898,7947
98.3803,Received an expired out of sequence packet ,7899,7947
98.3804,Received an expired out of sequence packet ,7900,7947
98.3845,Received an expired out of sequence packet ,7901,7947
98.3845,Received an expired out of sequence packet ,7902,7947
98.3876,Received an expired out of sequence packet ,7903,7947
98.3876,Received an expired out of sequence packet ,7904,7947
98.3886,Received an expired out of sequence packet ,7905,7947
98.393,Received an expired out of sequence packet ,7906,7947
98.393,Received an expired out of sequence packet ,7907,7947
98.393,Received an expired out of sequence packet ,7908,7947
98.3931,Received an expired out of sequence packet ,7909,7947
98.3941,Received an expired out of sequence packet ,7910,7947
98.3942,Received an expired out of sequence packet ,7911,7947
98.3973,Received an expired out of sequence packet ,7912,7947
98.3973,Received an expired out of sequence packet ,7913,7947
98.4014,Received an expired out of sequence packet ,7914,7947
98.4014,Received an expired out of sequence packet ,7915,7947
98.4014,Received an expired out of sequence packet ,7916,7947
98.4025,Received an expired out of sequence packet ,7917,7947
98.4025,Received an expired out of sequence packet ,7918,7947
98.4065,Received an expired out of sequence packet ,7919,7947
98.4086,Received an expired out of sequence packet ,7920,7947
98.4086,Received an expired out of sequence packet ,7921,7947
98.4086,Received an expired out of sequence packet ,7922,7947
98.4117,Received an expired out of sequence packet ,7923,7947
98.4118,Received an expired out of sequence packet ,7924,7947
98.4118,Received an expired out of sequence packet ,7925,7947
98.4118,Received an expired out of sequence packet ,7926,7947
98.413,Received an expired out of sequence packet ,7927,7947
98.4161,Received an expired out of sequence packet ,7928,7947
98.4161,Received an expired out of sequence packet ,7929,7947
98.4161,Received an expired out of sequence packet ,7930,7947
98.4192,Received an expired out of sequence packet ,7931,7947
98.4303,Received an expired out of sequence packet ,7932,7947
98.4303,Received an expired out of sequence packet ,7933,7947
98.4303,Received an expired out of sequence packet ,7934,7947
98.4313,Received an expired out of sequence packet ,7935,7947
98.4313,Received an expired out of sequence packet ,7936,7947
98.4324,Received an expired out of sequence packet ,7937,7947
98.4324,Received an expired out of sequence packet ,7938,7947
98.4325,Received an expired out of sequence packet ,7939,7947
98.4325,Received an expired out of sequence packet ,7940,7947
98.4365,Received an expired out of sequence packet ,7941,7947
98.4366,Received an expired out of sequence packet ,7942,7947
98.4366,Received an expired out of sequence packet ,7943,7947
98.4366,Received an expired out of sequence packet ,7944,7947
98.4512,Received an expired out of sequence packet ,7945,7947
98.4512,Received an expired out of sequence packet ,7946,7947
103.269,Timeout
103.269,clearing sending list because of timeout
103.327,Received an expired out of sequence packet ,10177,10275
103.327,Received an expired out of sequence packet ,10178,10275
103.327,Received an expired out of sequence packet ,10179,10275
103.327,Received an expired out of sequence packet ,10180,10275
103.327,Received an expired out of sequence packet ,10181,10275
103.327,Received an expired out of sequence packet ,10182,10275
103.327,Received an expired out of sequence packet ,10183,10275
103.327,Received an expired out of sequence packet ,10184,10275
103.327,Received an expired out of sequence packet ,10185,10275
103.327,Received an expired out of sequence packet ,10186,10275
103.327,Received an expired out of sequence packet ,10187,10275
103.327,Received an expired out of sequence packet ,10188,10275
103.329,Received an expired out of sequence packet ,10189,10275
103.335,Received an expired out of sequence packet ,10190,10275
103.364,Received an expired out of sequence packet ,10191,10275
103.364,Received an expired out of sequence packet ,10192,10275
103.364,Received an expired out of sequence packet ,10193,10275
103.368,Received an expired out of sequence packet ,10194,10275
103.385,Received an expired out of sequence packet ,10195,10275
103.385,Received an expired out of sequence packet ,10196,10275
103.386,Received an expired out of sequence packet ,10197,10275
103.398,Received an expired out of sequence packet ,10198,10275
103.398,Received an expired out of sequence packet ,10199,10275
103.398,Received an expired out of sequence packet ,10200,10275
103.398,Received an expired out of sequence packet ,10201,10275
103.398,Received an expired out of sequence packet ,10202,10275
103.398,Received an expired out of sequence packet ,10203,10275
103.398,Received an expired out of sequence packet ,10204,10275
103.398,Received an expired out of sequence packet ,10205,10275
103.398,Received an expired out of sequence packet ,10206,10275
103.398,Received an expired out of sequence packet ,10207,10275
103.398,Received an expired out of sequence packet ,10208,10275
103.398,Received an expired out of sequence packet ,10209,10275
103.398,Received an expired out of sequence packet ,10210,10275
103.398,Received an expired out of sequence packet ,10211,10275
103.398,Received an expired out of sequence packet ,10212,10275
103.398,Received an expired out of sequence packet ,10213,10275
103.398,Received an expired out of sequence packet ,10214,10275
103.398,Received an expired out of sequence packet ,10215,10275
103.398,Received an expired out of sequence packet ,10216,10275
103.398,Received an expired out of sequence packet ,10217,10275
103.398,Received an expired out of sequence packet ,10218,10275
103.398,Received an expired out of sequence packet ,10219,10275
103.398,Received an expired out of sequence packet ,10220,10275
103.438,Received an expired out of sequence packet ,10221,10275
103.438,Received an expired out of sequence packet ,10222,10275
103.44,Received an expired out of sequence packet ,10223,10275
103.44,Received an expired out of sequence packet ,10224,10275
103.44,Received an expired out of sequence packet ,10225,10275
103.443,Received an expired out of sequence packet ,10226,10275
103.443,Received an expired out of sequence packet ,10227,10275
103.443,Received an expired out of sequence packet ,10228,10275
103.445,Received an expired out of sequence packet ,10229,10275
103.445,Received an expired out of sequence packet ,10230,10275
103.445,Received an expired out of sequence packet ,10231,10275
103.445,Received an expired out of sequence packet ,10232,10275
103.445,Received an expired out of sequence packet ,10233,10275
103.445,Received an expired out of sequence packet ,10234,10275
103.445,Received an expired out of sequence packet ,10235,10275
103.445,Received an expired out of sequence packet ,10236,10275
103.445,Received an expired out of sequence packet ,10237,10275
103.445,Received an expired out of sequence packet ,10238,10275
103.445,Received an expired out of sequence packet ,10239,10275
103.445,Received an expired out of sequence packet ,10240,10275
103.445,Received an expired out of sequence packet ,10241,10275
103.445,Received an expired out of sequence packet ,10242,10275
103.445,Received an expired out of sequence packet ,10243,10275
103.445,Received an expired out of sequence packet ,10244,10275
103.445,Received an expired out of sequence packet ,10245,10275
103.445,Received an expired out of sequence packet ,10246,10275
103.445,Received an expired out of sequence packet ,10247,10275
103.445,Received an expired out of sequence packet ,10248,10275
103.451,Received an expired out of sequence packet ,10249,10275
103.451,Received an expired out of sequence packet ,10250,10275
103.451,Received an expired out of sequence packet ,10251,10275
103.451,Received an expired out of sequence packet ,10252,10275
103.451,Received an expired out of sequence packet ,10253,10275
103.451,Received an expired out of sequence packet ,10254,10275
103.517,Received an expired out of sequence packet ,10255,10275
103.517,Received an expired out of sequence packet ,10256,10275
103.517,Received an expired out of sequence packet ,10257,10275
103.58,Received an expired out of sequence packet ,10258,10275
103.581,Received an expired out of sequence packet ,10259,10275
103.582,Received an expired out of sequence packet ,10260,10275
103.582,Received an expired out of sequence packet ,10261,10275
103.587,Received an expired out of sequence packet ,10262,10275
103.587,Received an expired out of sequence packet ,10263,10275
103.587,Received an expired out of sequence packet ,10264,10275
103.587,Received an expired out of sequence packet ,10265,10275
103.587,Received an expired out of sequence packet ,10266,10275
103.587,Received an expired out of sequence packet ,10267,10275
103.587,Received an expired out of sequence packet ,10268,10275
103.588,Received an expired out of sequence packet ,10269,10275
103.588,Received an expired out of sequence packet ,10270,10275
103.588,Received an expired out of sequence packet ,10271,10275
103.588,Received an expired out of sequence packet ,10272,10275
103.588,Received an expired out of sequence packet ,10273,10275
103.588,Received an expired out of sequence packet ,10274,10275
104.525,Timeout
104.525,clearing sending list because of timeout
104.776,Received an expired out of sequence packet ,10428,10569
104.776,Received an expired out of sequence packet ,10429,10569
104.777,Received an expired out of sequence packet ,10430,10569
104.777,Received an expired out of sequence packet ,10431,10569
104.777,Received an expired out of sequence packet ,10432,10569
104.777,Received an expired out of sequence packet ,10433,10569
104.777,Received an expired out of sequence packet ,10434,10569
104.777,Received an expired out of sequence packet ,10435,10569
104.777,Received an expired out of sequence packet ,10436,10569
104.777,Received an expired out of sequence packet ,10437,10569
104.777,Received an expired out of sequence packet ,10438,10569
104.777,Received an expired out of sequence packet ,10439,10569
104.777,Received an expired out of sequence packet ,10440,10569
104.777,Received an expired out of sequence packet ,10441,10569
104.777,Received an expired out of sequence packet ,10442,10569
104.777,Received an expired out of sequence packet ,10443,10569
104.777,Received an expired out of sequence packet ,10444,10569
104.777,Received an expired out of sequence packet ,10445,10569
104.777,Received an expired out of sequence packet ,10446,10569
104.777,Received an expired out of sequence packet ,10447,10569
104.777,Received an expired out of sequence packet ,10448,10569
104.777,Received an expired out of sequence packet ,10449,10569
104.83,Received an expired out of sequence packet ,10450,10569
104.83,Received an expired out of sequence packet ,10451,10569
104.83,Received an expired out of sequence packet ,10452,10569
104.83,Received an expired out of sequence packet ,10453,10569
104.83,Received an expired out of sequence packet ,10454,10569
104.83,Received an expired out of sequence packet ,10455,10569
104.83,Received an expired out of sequence packet ,10456,10569
104.832,Received an expired out of sequence packet ,10457,10569
104.832,Received an expired out of sequence packet ,10458,10569
104.834,Received an expired out of sequence packet ,10459,10569
104.834,Received an expired out of sequence packet ,10460,10569
104.834,Received an expired out of sequence packet ,10461,10569
104.834,Received an expired out of sequence packet ,10462,10569
104.834,Received an expired out of sequence packet ,10463,10569
104.834,Received an expired out of sequence packet ,10464,10569
104.834,Received an expired out of sequence packet ,10465,10569
104.834,Received an expired out of sequence packet ,10466,10569
104.984,Received an expired out of sequence packet ,10467,10569
104.984,Received an expired out of sequence packet ,10468,10569
104.984,Received an expired out of sequence packet ,10469,10569
104.984,Received an expired out of sequence packet ,10470,10569
104.984,Received an expired out of sequence packet ,10471,10569
104.984,Received an expired out of sequence packet ,10472,10569
104.984,Received an expired out of sequence packet ,10473,10569
104.984,Received an expired out of sequence packet ,10474,10569
104.984,Received an expired out of sequence packet ,10475,10569
104.984,Received an expired out of sequence packet ,10476,10569
104.984,Received an expired out of sequence packet ,10477,10569
104.984,Received an expired out of sequence packet ,10478,10569
104.998,Received an expired out of sequence packet ,10479,10569
104.998,Received an expired out of sequence packet ,10480,10569
105.001,Received an expired out of sequence packet ,10481,10569
105.003,Received an expired out of sequence packet ,10482,10569
105.003,Received an expired out of sequence packet ,10483,10569
105.003,Received an expired out of sequence packet ,10484,10569
105.003,Received an expired out of sequence packet ,10485,10569
105.003,Received an expired out of sequence packet ,10486,10569
105.006,Received an expired out of sequence packet ,10487,10569
105.006,Received an expired out of sequence packet ,10488,10569
105.006,Received an expired out of sequence packet ,10489,10569
105.006,Received an expired out of sequence packet ,10490,10569
105.006,Received an expired out of sequence packet ,10491,10569
105.006,Received an expired out of sequence packet ,10492,10569
105.006,Received an expired out of sequence packet ,10493,10569
105.008,Received an expired out of sequence packet ,10494,10569
105.009,Received an expired out of sequence packet ,10495,10569
105.011,Received an expired out of sequence packet ,10496,10569
105.018,Received an expired out of sequence packet ,10497,10569
105.019,Received an expired out of sequence packet ,10498,10569
105.021,Received an expired out of sequence packet ,10499,10569
105.021,Received an expired out of sequence packet ,10500,10569
105.021,Received an expired out of sequence packet ,10501,10569
105.021,Received an expired out of sequence packet ,10502,10569
105.021,Received an expired out of sequence packet ,10503,10569
105.021,Received an expired out of sequence packet ,10504,10569
105.035,Received an expired out of sequence packet ,10505,10569
105.035,Received an expired out of sequence packet ,10506,10569
105.036,Received an expired out of sequence packet ,10507,10569
105.036,Received an expired out of sequence packet ,10508,10569
105.036,Received an expired out of sequence packet ,10509,10569
105.044,Received an expired out of sequence packet ,10510,10569
105.047,Received an expired out of sequence packet ,10511,10569
105.047,Received an expired out of sequence packet ,10512,10569
105.048,Received an expired out of sequence packet ,10513,10569
105.048,Received an expired out of sequence packet ,10514,10569
105.055,Received an expired out of sequence packet ,10515,10569
105.057,Received an expired out of sequence packet ,10516,10569
105.057,Received an expired out of sequence packet ,10517,10569
105.057,Received an expired out of sequence packet ,10518,10569
105.059,Received an expired out of sequence packet ,10519,10569
105.059,Received an expired out of sequence packet ,10520,10569
105.059,Received an expired out of sequence packet ,10521,10569
105.063,Received an expired out of sequence packet ,10522,10569
105.067,Received an expired out of sequence packet ,10523,10569
105.067,Received an expired out of sequence packet ,10524,10569
105.069,Received an expired out of sequence packet ,10525,10569
105.072,Received an expired out of sequence packet ,10526,10569
105.072,Received an expired out of sequence packet ,10527,10569
105.073,Received an expired out of sequence packet ,10528,10569
105.074,Received an expired out of sequence packet ,10529,10569
105.074,Received an expired out of sequence packet ,10530,10569
105.074,Received an expired out of sequence packet ,10531,10569
105.08,Received an expired out of sequence packet ,10532,10569
105.081,Received an expired out of sequence packet ,10533,10569
105.083,Received an expired out of sequence packet ,10534,10569
105.083,Received an expired out of sequence packet ,10535,10569
105.096,Received an expired out of sequence packet ,10536,10569
105.099,Received an expired out of sequence packet ,10537,10569
105.099,Received an expired out of sequence packet ,10538,10569
105.099,Received an expired out of sequence packet ,10539,10569
105.099,Received an expired out of sequence packet ,10540,10569
105.101,Received an expired out of sequence packet ,10541,10569
105.103,Received an expired out of sequence packet ,10542,10569
105.103,Received an expired out of sequence packet ,10543,10569
105.103,Received an expired out of sequence packet ,10544,10569
105.107,Received an expired out of sequence packet ,10545,10569
105.109,Received an expired out of sequence packet ,10546,10569
105.109,Received an expired out of sequence packet ,10547,10569
105.113,Received an expired out of sequence packet ,10548,10569
105.113,Received an expired out of sequence packet ,10549,10569
105.113,Received an expired out of sequence packet ,10550,10569
105.114,Received an expired out of sequence packet ,10551,10569
105.116,Received an expired out of sequence packet ,10552,10569
105.116,Received an expired out of sequence packet ,10553,10569
105.119,Received an expired out of sequence packet ,10554,10569
105.119,Received an expired out of sequence packet ,10555,10569
105.123,Received an expired out of sequence packet ,10556,10569
105.123,Received an expired out of sequence packet ,10557,10569
105.123,Received an expired out of sequence packet ,10558,10569
105.124,Received an expired out of sequence packet ,10559,10569
105.124,Received an expired out of sequence packet ,10560,10569
105.124,Received an expired out of sequence packet ,10561,10569
105.126,Received an expired out of sequence packet ,10562,10569
105.129,Received an expired out of sequence packet ,10563,10569
105.129,Received an expired out of sequence packet ,10564,10569
105.131,Received an expired out of sequence packet ,10565,10569
105.134,Received an expired out of sequence packet ,10566,10569
105.134,Received an expired out of sequence packet ,10567,10569
105.136,Received an expired out of sequence packet ,10568,10569
145.29,Timeout
145.29,clearing sending list because of timeout
145.51,Received an expired out of sequence packet ,25689,25839
145.51,Received an expired out of sequence packet ,25690,25839
145.559,Received an expired out of sequence packet ,25691,25839
145.564,Received an expired out of sequence packet ,25692,25839
145.566,Received an expired out of sequence packet ,25693,25839
145.567,Received an expired out of sequence packet ,25694,25839
145.568,Received an expired out of sequence packet ,25695,25839
145.568,Received an expired out of sequence packet ,25696,25839
145.568,Received an expired out of sequence packet ,25697,25839
145.568,Received an expired out of sequence packet ,25698,25839
145.568,Received an expired out of sequence packet ,25699,25839
145.572,Received an expired out of sequence packet ,25700,25839
145.587,Received an expired out of sequence packet ,25701,25839
145.587,Received an expired out of sequence packet ,25702,25839
145.587,Received an expired out of sequence packet ,25703,25839
145.589,Received an expired out of sequence packet ,25704,25839
145.589,Received an expired out of sequence packet ,25705,25839
145.589,Received an expired out of sequence packet ,25706,25839
145.589,Received an expired out of sequence packet ,25707,25839
145.63,Received an expired out of sequence packet ,25708,25839
145.647,Received an expired out of sequence packet ,25709,25839
145.647,Received an expired out of sequence packet ,25710,25839
145.647,Received an expired out of sequence packet ,25711,25839
145.647,Received an expired out of sequence packet ,25712,25839
145.647,Received an expired out of sequence packet ,25713,25839
145.649,Received an expired out of sequence packet ,25714,25839
145.649,Received an expired out of sequence packet ,25715,25839
145.652,Received an expired out of sequence packet ,25716,25839
145.652,Received an expired out of sequence packet ,25717,25839
145.652,Received an expired out of sequence packet ,25718,25839
145.654,Received an expired out of sequence packet ,25719,25839
145.654,Received an expired out of sequence packet ,25720,25839
145.655,Received an expired out of sequence packet ,25721,25839
145.655,Received an expired out of sequence packet ,25722,25839
145.659,Received an expired out of sequence packet ,25723,25839
145.659,Received an expired out of sequence packet ,25724,25839
145.727,Received an expired out of sequence packet ,25725,25839
145.727,Received an expired out of sequence packet ,25726,25839
145.734,Received an expired out of sequence packet ,25727,25839
145.734,Received an expired out of sequence packet ,25728,25839
145.737,Received an expired out of sequence packet ,25729,25839
145.742,Received an expired out of sequence packet ,25730,25839
145.742,Received an expired out of sequence packet ,25731,25839
145.742,Received an expired out of sequence packet ,25732,25839
145.742,Received an expired out of sequence packet ,25733,25839
145.745,Received an expired out of sequence packet ,25734,25839
145.745,Received an expired out of sequence packet ,25735,25839
145.748,Received an expired out of sequence packet ,25736,25839
145.748,Received an expired out of sequence packet ,25737,25839
145.748,Received an expired out of sequence packet ,25738,25839
145.748,Received an expired out of sequence packet ,25739,25839
145.75,Received an expired out of sequence packet ,25740,25839
145.758,Received an expired out of sequence packet ,25741,25839
145.758,Received an expired out of sequence packet ,25742,25839
145.762,Received an expired out of sequence packet ,25743,25839
145.762,Received an expired out of sequence packet ,25744,25839
145.765,Received an expired out of sequence packet ,25745,25839
145.765,Received an expired out of sequence packet ,25746,25839
145.767,Received an expired out of sequence packet ,25747,25839
145.767,Received an expired out of sequence packet ,25748,25839
145.767,Received an expired out of sequence packet ,25749,25839
145.767,Received an expired out of sequence packet ,25750,25839
145.767,Received an expired out of sequence packet ,25751,25839
145.772,Received an expired out of sequence packet ,25752,25839
145.774,Received an expired out of sequence packet ,25753,25839
145.774,Received an expired out of sequence packet ,25754,25839
145.777,Received an expired out of sequence packet ,25755,25839
145.777,Received an expired out of sequence packet ,25756,25839
145.778,Received an expired out of sequence packet ,25757,25839
145.778,Received an expired out of sequence packet ,25758,25839
145.779,Received an expired out of sequence packet ,25759,25839
145.779,Received an expired out of sequence packet ,25760,25839
145.779,Received an expired out of sequence packet ,25761,25839
145.782,Received an expired out of sequence packet ,25762,25839
145.782,Received an expired out of sequence packet ,25763,25839
145.787,Received an expired out of sequence packet ,25764,25839
145.787,Received an expired out of sequence packet ,25765,25839
145.787,Received an expired out of sequence packet ,25766,25839
145.788,Received an expired out of sequence packet ,25767,25839
145.788,Received an expired out of sequence packet ,25768,25839
145.788,Received an expired out of sequence packet ,25769,25839
145.788,Received an expired out of sequence packet ,25770,25839
145.788,Received an expired out of sequence packet ,25771,25839
145.793,Received an expired out of sequence packet ,25772,25839
145.793,Received an expired out of sequence packet ,25773,25839
145.793,Received an expired out of sequence packet ,25774,25839
145.793,Received an expired out of sequence packet ,25775,25839
145.798,Received an expired out of sequence packet ,25776,25839
145.798,Received an expired out of sequence packet ,25777,25839
145.799,Received an expired out of sequence packet ,25778,25839
145.799,Received an expired out of sequence packet ,25779,25839
145.803,Received an expired out of sequence packet ,25780,25839
145.803,Received an expired out of sequence packet ,25781,25839
145.803,Received an expired out of sequence packet ,25782,25839
145.808,Received an expired out of sequence packet ,25783,25839
145.808,Received an expired out of sequence packet ,25784,25839
145.808,Received an expired out of sequence packet ,25785,25839
145.808,Received an expired out of sequence packet ,25786,25839
145.808,Received an expired out of sequence packet ,25787,25839
145.808,Received an expired out of sequence packet ,25788,25839
145.808,Received an expired out of sequence packet ,25789,25839
145.813,Received an expired out of sequence packet ,25790,25839
145.82,Received an expired out of sequence packet ,25791,25839
145.82,Received an expired out of sequence packet ,25792,25839
145.82,Received an expired out of sequence packet ,25793,25839
145.82,Received an expired out of sequence packet ,25794,25839
145.82,Received an expired out of sequence packet ,25795,25839
145.82,Received an expired out of sequence packet ,25796,25839
145.82,Received an expired out of sequence packet ,25797,25839
145.82,Received an expired out of sequence packet ,25798,25839
145.82,Received an expired out of sequence packet ,25799,25839
145.82,Received an expired out of sequence packet ,25800,25839
145.82,Received an expired out of sequence packet ,25801,25839
145.82,Received an expired out of sequence packet ,25802,25839
145.82,Received an expired out of sequence packet ,25803,25839
145.824,Received an expired out of sequence packet ,25804,25839
145.827,Received an expired out of sequence packet ,25805,25839
145.827,Received an expired out of sequence packet ,25806,25839
145.827,Received an expired out of sequence packet ,25807,25839
145.83,Received an expired out of sequence packet ,25808,25839
145.83,Received an expired out of sequence packet ,25809,25839
145.83,Received an expired out of sequence packet ,25810,25839
145.838,Received an expired out of sequence packet ,25811,25839
145.838,Received an expired out of sequence packet ,25812,25839
145.838,Received an expired out of sequence packet ,25813,25839
145.842,Received an expired out of sequence packet ,25814,25839
145.842,Received an expired out of sequence packet ,25815,25839
145.845,Received an expired out of sequence packet ,25816,25839
145.924,Received an expired out of sequence packet ,25817,25839
145.928,Received an expired out of sequence packet ,25818,25839
145.928,Received an expired out of sequence packet ,25819,25839
145.929,Received an expired out of sequence packet ,25820,25839
145.935,Received an expired out of sequence packet ,25821,25839
145.937,Received an expired out of sequence packet ,25822,25839
145.939,Received an expired out of sequence packet ,25823,25839
145.944,Received an expired out of sequence packet ,25824,25839
145.944,Received an expired out of sequence packet ,25825,25839
145.944,Received an expired out of sequence packet ,25826,25839
145.947,Received an expired out of sequence packet ,25827,25839
145.947,Received an expired out of sequence packet ,25828,25839
145.948,Received an expired out of sequence packet ,25829,25839
145.948,Received an expired out of sequence packet ,25830,25839
145.948,Received an expired out of sequence packet ,25831,25839
145.949,Received an expired out of sequence packet ,25832,25839
145.949,Received an expired out of sequence packet ,25833,25839
145.952,Received an expired out of sequence packet ,25834,25839
145.958,Received an expired out of sequence packet ,25835,25839
145.958,Received an expired out of sequence packet ,25836,25839
145.958,Received an expired out of sequence packet ,25837,25839
145.958,Received an expired out of sequence packet ,25838,25839
167.377,Timeout
167.377,clearing sending list because of timeout
167.378,Received an expired out of sequence packet ,36110,36286
168.378,Received an expired out of sequence packet ,36111,36286
169.368,Received an expired out of sequence packet ,36112,36286
169.979,Received an expired out of sequence packet ,36113,36286
169.981,Received an expired out of sequence packet ,36114,36286
169.984,Received an expired out of sequence packet ,36115,36286
169.986,Received an expired out of sequence packet ,36116,36286
169.99,Received an expired out of sequence packet ,36117,36286
169.993,Received an expired out of sequence packet ,36118,36286
169.996,Received an expired out of sequence packet ,36119,36286
169.999,Received an expired out of sequence packet ,36120,36286
170.016,Received an expired out of sequence packet ,36121,36286
170.017,Received an expired out of sequence packet ,36122,36286
170.017,Received an expired out of sequence packet ,36123,36286
170.031,Received an expired out of sequence packet ,36124,36286
170.031,Received an expired out of sequence packet ,36125,36286
170.034,Received an expired out of sequence packet ,36126,36286
170.036,Received an expired out of sequence packet ,36127,36286
170.038,Received an expired out of sequence packet ,36128,36286
170.041,Received an expired out of sequence packet ,36129,36286
170.043,Received an expired out of sequence packet ,36130,36286
170.047,Received an expired out of sequence packet ,36131,36286
170.05,Received an expired out of sequence packet ,36132,36286
170.056,Received an expired out of sequence packet ,36133,36286
170.058,Received an expired out of sequence packet ,36134,36286
170.064,Received an expired out of sequence packet ,36135,36286
170.064,Received an expired out of sequence packet ,36136,36286
170.064,Received an expired out of sequence packet ,36137,36286
170.069,Received an expired out of sequence packet ,36138,36286
170.069,Received an expired out of sequence packet ,36139,36286
170.073,Received an expired out of sequence packet ,36140,36286
170.073,Received an expired out of sequence packet ,36141,36286
170.076,Received an expired out of sequence packet ,36142,36286
170.079,Received an expired out of sequence packet ,36143,36286
170.082,Received an expired out of sequence packet ,36144,36286
170.086,Received an expired out of sequence packet ,36145,36286
170.094,Received an expired out of sequence packet ,36146,36286
170.096,Received an expired out of sequence packet ,36147,36286
170.1,Received an expired out of sequence packet ,36148,36286
170.104,Received an expired out of sequence packet ,36149,36286
170.104,Received an expired out of sequence packet ,36150,36286
170.108,Received an expired out of sequence packet ,36151,36286
170.124,Received an expired out of sequence packet ,36152,36286
170.128,Received an expired out of sequence packet ,36153,36286
170.134,Received an expired out of sequence packet ,36154,36286
170.134,Received an expired out of sequence packet ,36155,36286
170.136,Received an expired out of sequence packet ,36156,36286
170.136,Received an expired out of sequence packet ,36157,36286
170.151,Received an expired out of sequence packet ,36158,36286
170.153,Received an expired out of sequence packet ,36159,36286
170.154,Received an expired out of sequence packet ,36160,36286
170.154,Received an expired out of sequence packet ,36161,36286
170.154,Received an expired out of sequence packet ,36162,36286
170.156,Received an expired out of sequence packet ,36163,36286
170.16,Received an expired out of sequence packet ,36164,36286
170.162,Received an expired out of sequence packet ,36165,36286
170.167,Received an expired out of sequence packet ,36166,36286
170.181,Received an expired out of sequence packet ,36167,36286
170.185,Received an expired out of sequence packet ,36168,36286
170.186,Received an expired out of sequence packet ,36169,36286
170.196,Received an expired out of sequence packet 