1.3333,Exit slow start,exceeding SS_EXIT_THRESHOLD
22.3617,Restart,can't map delay on delay curve
23.8463,Exit slow start,exceeding SS_EXIT_THRESHOLD
181.814,Timeout
181.814,clearing sending list because of timeout
182.048,Timeout
182.048,clearing sending list because of timeout
182.282,Timeout
182.282,clearing sending list because of timeout
182.517,Timeout
182.517,clearing sending list because of timeout
182.751,Timeout
182.751,clearing sending list because of timeout
182.845,Received an expired out of sequence packet ,111801,111856
182.848,Received an expired out of sequence packet ,111802,111856
182.848,Received an expired out of sequence packet ,111803,111856
182.853,Received an expired out of sequence packet ,111804,111856
182.853,Received an expired out of sequence packet ,111805,111856
182.853,Received an expired out of sequence packet ,111806,111856
182.853,Received an expired out of sequence packet ,111807,111856
182.853,Received an expired out of sequence packet ,111808,111856
182.855,Received an expired out of sequence packet ,111809,111856
182.855,Received an expired out of sequence packet ,111810,111856
182.855,Received an expired out of sequence packet ,111811,111856
182.855,Received an expired out of sequence packet ,111812,111856
182.862,Received an expired out of sequence packet ,111813,111856
182.862,Received an expired out of sequence packet ,111814,111856
182.862,Received an expired out of sequence packet ,111815,111856
182.862,Received an expired out of sequence packet ,111816,111856
182.871,Received an expired out of sequence packet ,111817,111856
182.875,Received an expired out of sequence packet ,111818,111856
182.875,Received an expired out of sequence packet ,111819,111856
182.875,Received an expired out of sequence packet ,111820,111856
182.877,Received an expired out of sequence packet ,111821,111856
182.877,Received an expired out of sequence packet ,111822,111856
182.878,Received an expired out of sequence packet ,111823,111856
182.878,Received an expired out of sequence packet ,111824,111856
182.878,Received an expired out of sequence packet ,111825,111856
182.878,Received an expired out of sequence packet ,111826,111856
182.878,Received an expired out of sequence packet ,111827,111856
182.945,Received an expired out of sequence packet ,111828,111856
182.945,Received an expired out of sequence packet ,111829,111856
182.945,Received an expired out of sequence packet ,111830,111856
182.948,Received an expired out of sequence packet ,111831,111856
182.952,Received an expired out of sequence packet ,111832,111856
182.955,Received an expired out of sequence packet ,111833,111856
182.955,Received an expired out of sequence packet ,111834,111856
182.963,Received an expired out of sequence packet ,111835,111856
182.965,Received an expired out of sequence packet ,111836,111856
182.965,Received an expired out of sequence packet ,111837,111856
182.968,Received an expired out of sequence packet ,111838,111856
182.968,Received an expired out of sequence packet ,111839,111856
182.968,Received an expired out of sequence packet ,111840,111856
182.968,Received an expired out of sequence packet ,111841,111856
182.968,Received an expired out of sequence packet ,111842,111856
182.969,Received an expired out of sequence packet ,111843,111856
182.969,Received an expired out of sequence packet ,111844,111856
182.969,Received an expired out of sequence packet ,111845,111856
182.976,Received an expired out of sequence packet ,111846,111856
182.98,Received an expired out of sequence packet ,111847,111856
182.98,Received an expired out of sequence packet ,111848,111856
182.993,Received an expired out of sequence packet ,111849,111856
182.993,Received an expired out of sequence packet ,111850,111856
182.993,Received an expired out of sequence packet ,111851,111856
182.993,Received an expired out of sequence packet ,111852,111856
182.997,Received an expired out of sequence packet ,111853,111856
183,Received an expired out of sequence packet ,111854,111856
183,Received an expired out of sequence packet ,111855,111856
214.227,Timeout
214.227,clearing sending list because of timeout
214.412,Received an expired out of sequence packet ,150467,150545
214.975,Received an expired out of sequence packet ,150468,150545
214.976,Received an expired out of sequence packet ,150469,150545
214.976,Received an expired out of sequence packet ,150470,150545
214.976,Received an expired out of sequence packet ,150471,150545
215.01,Received an expired out of sequence packet ,150472,150545
215.01,Received an expired out of sequence packet ,150473,150545
215.01,Received an expired out of sequence packet ,150474,150545
215.01,Received an expired out of sequence packet ,150475,150545
215.01,Received an expired out of sequence packet ,150476,150545
215.01,Received an expired out of sequence packet ,150477,150545
215.01,Received an expired out of sequence packet ,150478,150545
215.01,Received an expired out of sequence packet ,150479,150545
215.01,Received an expired out of sequence packet ,150480,150545
215.011,Received an expired out of sequence packet ,150481,150545
215.011,Received an expired out of sequence packet ,150482,150545
215.011,Received an expired out of sequence packet ,150483,150545
215.011,Received an expired out of sequence packet ,150484,150545
215.012,Received an expired out of sequence packet ,150485,150545
215.012,Received an expired out of sequence packet ,150486,150545
215.012,Received an expired out of sequence packet ,150487,150545
215.012,Received an expired out of sequence packet ,150488,150545
215.012,Received an expired out of sequence packet ,150489,150545
215.012,Received an expired out of sequence packet ,150490,150545
215.012,Received an expired out of sequence packet ,150491,150545
215.014,Received an expired out of sequence packet ,150492,150545
215.014,Received an expired out of sequence packet ,150493,150545
215.016,Received an expired out of sequence packet ,150494,150545
215.016,Received an expired out of sequence packet ,150495,150545
215.016,Received an expired out of sequence packet ,150496,150545
215.016,Received an expired out of sequence packet ,150497,150545
215.016,Received an expired out of sequence packet ,150498,150545
215.019,Received an expired out of sequence packet ,150499,150545
215.019,Received an expired out of sequence packet ,150500,150545
215.022,Received an expired out of sequence packet ,150501,150545
215.024,Received an expired out of sequence packet ,150502,150545
215.026,Received an expired out of sequence packet ,150503,150545
215.026,Received an expired out of sequence packet ,150504,150545
215.026,Received an expired out of sequence packet ,150505,150545
215.032,Received an expired out of sequence packet ,150506,150545
215.036,Received an expired out of sequence packet ,150507,150545
215.036,Received an expired out of sequence packet ,150508,150545
215.036,Received an expired out of sequence packet ,150509,150545
215.036,Received an expired out of sequence packet ,150510,150545
215.036,Received an expired out of sequence packet ,150511,150545
215.039,Received an expired out of sequence packet ,150512,150545
215.039,Received an expired out of sequence packet ,150513,150545
215.044,Received an expired out of sequence packet ,150514,150545
215.046,Received an expired out of sequence packet ,150515,150545
215.046,Received an expired out of sequence packet ,150516,150545
215.046,Received an expired out of sequence packet ,150517,150545
215.047,Received an expired out of sequence packet ,150518,150545
215.047,Received an expired out of sequence packet ,150519,150545
215.05,Received an expired out of sequence packet ,150520,150545
215.052,Received an expired out of sequence packet ,150521,150545
215.052,Received an expired out of sequence packet ,150522,150545
215.052,Received an expired out of sequence packet ,150523,150545
215.053,Received an expired out of sequence packet ,150524,150545
215.056,Received an expired out of sequence packet ,150525,150545
215.057,Received an expired out of sequence packet ,150526,150545
215.058,Received an expired out of sequence packet ,150527,150545
215.058,Received an expired out of sequence packet ,150528,150545
215.06,Received an expired out of sequence packet ,150529,150545
215.064,Received an expired out of sequence packet ,150530,150545
215.064,Received an expired out of sequence packet ,150531,150545
215.064,Received an expired out of sequence packet ,150532,150545
215.064,Received an expired out of sequence packet ,150533,150545
215.068,Received an expired out of sequence packet ,150534,150545
215.068,Received an expired out of sequence packet ,150535,150545
215.068,Received an expired out of sequence packet ,150536,150545
215.071,Received an expired out of sequence packet ,150537,150545
215.071,Received an expired out of sequence packet ,150538,150545
215.071,Received an expired out of sequence packet ,150539,150545
215.085,Received an expired out of sequence packet ,150540,150545
215.085,Received an expired out of sequence packet ,150541,150545
215.088,Received an expired out of sequence packet ,150542,150545
215.088,Received an expired out of sequence packet ,150543,150545
215.09,Received an expired out of sequence packet ,150544,150545
237.492,Timeout
237.492,clearing sending list because of timeout
237.643,Received an expired out of sequence packet ,167911,167913
237.669,Received an expired out of sequence packet ,167912,167913
271.906,Timeout
271.906,clearing sending list because of timeout
271.921,Received an expired out of sequence packet ,197567,198355
271.921,Received an expired out of sequence packet ,197568,198355
271.921,Received an expired out of sequence packet ,197569,198355
271.921,Received an expired out of sequence packet ,197570,198355
272.056,Received an expired out of sequence packet ,197571,198355
272.059,Received an expired out of sequence packet ,197572,198355
272.059,Received an expired out of sequence packet ,197573,198355
272.059,Received an expired out of sequence packet ,197574,198355
272.059,Received an expired out of sequence packet ,197575,198355
272.059,Received an expired out of sequence packet ,197576,198355
272.06,Received an expired out of sequence packet ,197577,198355
272.06,Received an expired out of sequence packet ,197578,198355
272.063,Received an expired out of sequence packet ,197579,198355
272.063,Received an expired out of sequence packet ,197580,198355
272.063,Received an expired out of sequence packet ,197581,198355
272.063,Received an expired out of sequence packet ,197582,198355
272.064,Received an expired out of sequence packet ,197583,198355
272.064,Received an expired out of sequence packet ,197584,198355
272.064,Received an expired out of sequence packet ,197585,198355
272.064,Received an expired out of sequence packet ,197586,198355
272.064,Received an expired out of sequence packet ,197587,198355
272.064,Received an expired out of sequence packet ,197588,198355
272.064,Received an expired out of sequence packet ,197589,198355
272.064,Received an expired out of sequence packet ,197590,198355
272.094,Received an expired out of sequence packet ,197591,198355
272.094,Received an expired out of sequence packet ,197592,198355
272.094,Received an expired out of sequence packet ,197593,198355
272.103,Received an expired out of sequence packet ,197594,198355
272.103,Received an expired out of sequence packet ,197595,198355
272.103,Received an expired out of sequence packet ,197596,198355
272.103,Received an expired out of sequence packet ,197597,198355
272.103,Received an expired out of sequence packet ,197598,198355
272.106,Received an expired out of sequence packet ,197599,198355
272.106,Received an expired out of sequence packet ,197600,198355
272.106,Received an expired out of sequence packet ,197601,198355
272.107,Received an expired out of sequence packet ,197602,198355
272.107,Received an expired out of sequence packet ,197603,198355
272.138,Received an expired out of sequence packet ,197604,198355
272.14,Received an expired out of sequence packet ,197605,198355
272.14,Received an expired out of sequence packet ,197606,198355
272.14,Received an expired out of sequence packet ,197607,198355
272.151,Received an expired out of sequence packet ,197608,198355
272.153,Received an expired out of sequence packet ,197609,198355
272.153,Received an expired out of sequence packet ,197610,198355
272.155,Received an expired out of sequence packet ,197611,198355
272.155,Received an expired out of sequence packet ,197612,198355
272.156,Received an expired out of sequence packet ,197613,198355
272.156,Received an expired out of sequence packet ,197614,198355
272.156,Received an expired out of sequence packet ,197615,198355
272.156,Received an expired out of sequence packet ,197616,198355
272.156,Received an expired out of sequence packet ,197617,198355
272.156,Received an expired out of sequence packet ,197618,198355
272.156,Received an expired out of sequence packet ,197619,198355
272.156,Received an expired out of sequence packet ,197620,198355
272.156,Received an expired out of sequence packet ,197621,198355
272.157,Received an expired out of sequence packet ,197622,198355
272.157,Received an expired out of sequence packet ,197623,198355
272.157,Received an expired out of sequence packet ,197624,198355
272.157,Received an expired out of sequence packet ,197625,198355
272.157,Received an expired out of sequence packet ,197626,198355
272.157,Received an expired out of sequence packet ,197627,198355
272.157,Received an expired out of sequence packet ,197628,198355
272.157,Received an expired out of sequence packet ,197629,198355
272.16,Received an expired out of sequence packet ,197630,198355
272.16,Received an expired out of sequence packet ,197631,198355
272.16,Received an expired out of sequence packet ,197632,198355
272.16,Received an expired out of sequence packet ,197633,198355
272.16,Received an expired out of sequence packet ,197634,198355
272.16,Received an expired out of sequence packet ,197635,198355
272.16,Received an expired out of sequence packet ,197636,198355
272.16,Received an expired out of sequence packet ,197637,198355
272.16,Received an expired out of sequence packet ,197638,198355
272.16,Received an expired out of sequence packet ,197639,198355
272.16,Received an expired out of sequence packet ,197640,198355
272.16,Received an expired out of sequence packet ,197641,198355
272.16,Received an expired out of sequence packet ,197642,198355
272.16,Received an expired out of sequence packet ,197643,198355
272.16,Received an expired out of sequence packet ,197644,198355
272.16,Received an expired out of sequence packet ,197645,198355
272.16,Received an expired out of sequence packet ,197646,198355
272.16,Received an expired out of sequence packet ,197647,198355
272.16,Received an expired out of sequence packet ,197648,198355
272.168,Received an expired out of sequence packet ,197649,198355
272.168,Received an expired out of sequence packet ,197650,198355
272.168,Received an expired out of sequence packet ,197651,198355
272.168,Received an expired out of sequence packet ,197652,198355
272.332,Received an expired out of sequence packet ,197653,198355
272.332,Received an expired out of sequence packet ,197654,198355
272.35,Received an expired out of sequence packet ,197655,198355
272.35,Received an expired out of sequence packet ,197656,198355
272.353,Received an expired out of sequence packet ,197657,198355
272.353,Received an expired out of sequence packet ,197658,198355
272.354,Received an expired out of sequence packet ,197659,198355
272.354,Received an expired out of sequence packet ,197660,198355
272.356,Received an expired out of sequence packet ,197661,198355
272.356,Received an expired out of sequence packet ,197662,198355
272.357,Received an expired out of sequence packet ,197663,198355
272.357,Received an expired out of sequence packet ,197664,198355
272.357,Received an expired out of sequence packet ,197665,198355
272.357,Received an expired out of sequence packet ,197666,198355
272.357,Received an expired out of sequence packet ,197667,198355
272.357,Received an expired out of sequence packet ,197668,198355
272.357,Received an expired out of sequence packet ,197669,198355
272.357,Received an expired out of sequence packet ,197670,198355
272.357,Received an expired out of sequence packet ,197671,198355
272.357,Received an expired out of sequence packet ,197672,198355
272.357,Received an expired out of sequence packet ,197673,198355
272.362,Received an expired out of sequence packet ,197674,198355
272.362,Received an expired out of sequence packet ,197675,198355
272.362,Received an expired out of sequence packet ,197676,198355
272.362,Received an expired out of sequence packet ,197677,198355
272.366,Received an expired out of sequence packet ,197678,198355
272.366,Received an expired out of sequence packet ,197679,198355
272.366,Received an expired out of sequence packet ,197680,198355
272.366,Received an expired out of sequence packet ,197681,198355
272.366,Received an expired out of sequence packet ,197682,198355
272.369,Received an expired out of sequence packet ,197683,198355
272.369,Received an expired out of sequence packet ,197684,198355
272.369,Received an expired out of sequence packet ,197685,198355
272.369,Received an expired out of sequence packet ,197686,198355
272.369,Received an expired out of sequence packet ,197687,198355
272.369,Received an expired out of sequence packet ,197688,198355
272.369,Received an expired out of sequence packet ,197689,198355
272.369,Received an expired out of sequence packet ,197690,198355
272.369,Received an expired out of sequence packet ,197691,198355
272.369,Received an expired out of sequence packet ,197692,198355
272.369,Received an expired out of sequence packet ,197693,198355
272.369,Received an expired out of sequence packet ,197694,198355
272.369,Received an expired out of sequence packet ,197695,198355
272.369,Received an expired out of sequence packet ,197696,198355
272.369,Received an expired out of sequence packet ,197697,198355
272.369,Received an expired out of sequence packet ,197698,198355
272.37,Received an expired out of sequence packet ,197699,198355
272.37,Received an expired out of sequence packet ,197700,198355
272.37,Received an expired out of sequence packet ,197701,198355
272.37,Received an expired out of sequence packet ,197702,198355
272.37,Received an expired out of sequence packet ,197703,198355
272.37,Received an expired out of sequence packet ,197704,198355
272.37,Received an expired out of sequence packet ,197705,198355
272.37,Received an expired out of sequence packet ,197706,198355
272.37,Received an expired out of sequence packet ,197707,198355
272.37,Received an expired out of sequence packet ,197708,198355
272.375,Received an expired out of sequence packet ,197709,198355
272.378,Received an expired out of sequence packet ,197710,198355
272.378,Received an expired out of sequence packet ,197711,198355
272.416,Received an expired out of sequence packet ,197712,198355
272.416,Received an expired out of sequence packet ,197713,198355
272.427,Received an expired out of sequence packet ,197714,198355
272.427,Received an expired out of sequence packet ,197715,198355
272.427,Received an expired out of sequence packet ,197716,198355
272.427,Received an expired out of sequence packet ,197717,198355
272.429,Received an expired out of sequence packet ,197718,198355
272.429,Received an expired out of sequence packet ,197719,198355
272.429,Received an expired out of sequence packet ,197720,198355
272.429,Received an expired out of sequence packet ,197721,198355
272.43,Received an expired out of sequence packet ,197722,198355
272.43,Received an expired out of sequence packet ,197723,198355
272.433,Received an expired out of sequence packet ,197724,198355
272.433,Received an expired out of sequence packet ,197725,198355
272.433,Received an expired out of sequence packet ,197726,198355
272.433,Received an expired out of sequence packet ,197727,198355
272.433,Received an expired out of sequence packet ,197728,198355
272.433,Received an expired out of sequence packet ,197729,198355
272.433,Received an expired out of sequence packet ,197730,198355
272.433,Received an expired out of sequence packet ,197731,198355
272.433,Received an expired out of sequence packet ,197732,198355
272.433,Received an expired out of sequence packet ,197733,198355
272.433,Received an expired out of sequence packet ,197734,198355
272.433,Received an expired out of sequence packet ,197735,198355
272.433,Received an expired out of sequence packet ,197736,198355
272.433,Received an expired out of sequence packet ,197737,198355
272.433,Received an expired out of sequence packet ,197738,198355
272.433,Received an expired out of sequence packet ,197739,198355
272.433,Received an expired out of sequence packet ,197740,198355
272.438,Received an expired out of sequence packet ,197741,198355
272.438,Received an expired out of sequence packet ,197742,198355
272.438,Received an expired out of sequence packet ,197743,198355
272.438,Received an expired out of sequence packet ,197744,198355
272.438,Received an expired out of sequence packet ,197745,198355
272.438,Received an expired out of sequence packet ,197746,198355
272.438,Received an expired out of sequence packet ,197747,198355
272.438,Received an expired out of sequence packet ,197748,198355
272.438,Received an expired out of sequence packet ,197749,198355
272.438,Received an expired out of sequence packet ,197750,198355
272.438,Received an expired out of sequence packet ,197751,198355
272.438,Received an expired out of sequence packet ,197752,198355
272.438,Received an expired out of sequence packet ,197753,198355
272.438,Received an expired out of sequence packet ,197754,198355
272.438,Received an expired out of sequence packet ,197755,198355
272.439,Received an expired out of sequence packet ,197756,198355
272.439,Received an expired out of sequence packet ,197757,198355
272.439,Received an expired out of sequence packet ,197758,198355
272.439,Received an expired out of sequence packet ,197759,198355
272.439,Received an expired out of sequence packet ,197760,198355
272.46,Received an expired out of sequence packet ,197761,198355
272.46,Received an expired out of sequence packet ,197762,198355
272.46,Received an expired out of sequence packet ,197763,198355
272.46,Received an expired out of sequence packet ,197764,198355
272.462,Received an expired out of sequence packet ,197765,198355
272.462,Received an expired out of sequence packet ,197766,198355
272.462,Received an expired out of sequence packet ,197767,198355
272.462,Received an expired out of sequence packet ,197768,198355
272.462,Received an expired out of sequence packet ,197769,198355
272.462,Received an expired out of sequence packet ,197770,198355
272.621,Received an expired out of sequence packet ,197771,198355
272.621,Received an expired out of sequence packet ,197772,198355
272.621,Received an expired out of sequence packet ,197773,198355
272.621,Received an expired out of sequence packet ,197774,198355
272.621,Received an expired out of sequence packet ,197775,198355
272.63,Received an expired out of sequence packet ,197776,198355
272.63,Received an expired out of sequence packet ,197777,198355
272.634,Received an expired out of sequence packet ,197778,198355
272.634,Received an expired out of sequence packet ,197779,198355
272.635,Received an expired out of sequence packet ,197780,198355
272.635,Received an expired out of sequence packet ,197781,198355
272.635,Received an expired out of sequence packet ,197782,198355
272.637,Received an expired out of sequence packet ,197783,198355
272.637,Received an expired out of sequence packet ,197784,198355
272.637,Received an expired out of sequence packet ,197785,198355
272.637,Received an expired out of sequence packet ,197786,198355
272.637,Received an expired out of sequence packet ,197787,198355
272.637,Received an expired out of sequence packet ,197788,198355
272.637,Received an expired out of sequence packet ,197789,198355
272.637,Received an expired out of sequence packet ,197790,198355
272.637,Received an expired out of sequence packet ,197791,198355
272.637,Received an expired out of sequence packet ,197792,198355
272.637,Received an expired out of sequence packet ,197793,198355
272.637,Received an expired out of sequence packet ,197794,198355
272.637,Received an expired out of sequence packet ,197795,198355
272.637,Received an expired out of sequence packet ,197796,198355
272.637,Received an expired out of sequence packet ,197797,198355
272.64,Received an expired out of sequence packet ,197798,198355
272.64,Received an expired out of sequence packet ,197799,198355
272.64,Received an expired out of sequence packet ,197800,198355
272.64,Received an expired out of sequence packet ,197801,198355
272.64,Received an expired out of sequence packet ,197802,198355
272.64,Received an expired out of sequence packet ,197803,198355
272.64,Received an expired out of sequence packet ,197804,198355
272.64,Received an expired out of sequence packet ,197805,198355
272.64,Received an expired out of sequence packet ,197806,198355
272.64,Received an expired out of sequence packet ,197807,198355
272.65,Received an expired out of sequence packet ,197808,198355
272.65,Received an expired out of sequence packet ,197809,198355
272.65,Received an expired out of sequence packet ,197810,198355
272.65,Received an expired out of sequence packet ,197811,198355
272.65,Received an expired out of sequence packet ,197812,198355
272.671,Received an expired out of sequence packet ,197813,198355
272.671,Received an expired out of sequence packet ,197814,198355
272.674,Received an expired out of sequence packet ,197815,198355
272.674,Received an expired out of sequence packet ,197816,198355
272.674,Received an expired out of sequence packet ,197817,198355
272.674,Received an expired out of sequence packet ,197818,198355
272.677,Received an expired out of sequence packet ,197819,198355
272.677,Received an expired out of sequence packet ,197820,198355
272.677,Received an expired out of sequence packet ,197821,198355
272.677,Received an expired out of sequence packet ,197822,198355
272.677,Received an expired out of sequence packet ,197823,198355
272.677,Received an expired out of sequence packet ,197824,198355
272.677,Received an expired out of sequence packet ,197825,198355
272.677,Received an expired out of sequence packet ,197826,198355
272.677,Received an expired out of sequence packet ,197827,198355
272.677,Received an expired out of sequence packet ,197828,198355
272.677,Received an expired out of sequence packet ,197829,198355
272.681,Received an expired out of sequence packet ,197830,198355
272.681,Received an expired out of sequence packet ,197831,198355
272.681,Received an expired out of sequence packet ,197832,198355
272.681,Received an expired out of sequence packet ,197833,198355
272.681,Received an expired out of sequence packet ,197834,198355
272.681,Received an expired out of sequence packet ,197835,198355
272.681,Received an expired out of sequence packet ,197836,198355
272.681,Received an expired out of sequence packet ,197837,198355
272.681,Received an expired out of sequence packet ,197838,198355
272.681,Received an expired out of sequence packet ,197839,198355
272.681,Received an expired out of sequence packet ,197840,198355
272.681,Received an expired out of sequence packet ,197841,198355
272.681,Received an expired out of sequence packet ,197842,198355
272.681,Received an expired out of sequence packet ,197843,198355
272.695,Received an expired out of sequence packet ,197844,198355
272.695,Received an expired out of sequence packet ,197845,198355
272.695,Received an expired out of sequence packet ,197846,198355
272.695,Received an expired out of sequence packet ,197847,198355
272.695,Received an expired out of sequence packet ,197848,198355
272.695,Received an expired out of sequence packet ,197849,198355
272.695,Received an expired out of sequence packet ,197850,198355
272.695,Received an expired out of sequence packet ,197851,198355
272.695,Received an expired out of sequence packet ,197852,198355
272.695,Received an expired out of sequence packet ,197853,198355
272.695,Received an expired out of sequence packet ,197854,198355
272.695,Received an expired out of sequence packet ,197855,198355
272.699,Received an expired out of sequence packet ,197856,198355
272.699,Received an expired out of sequence packet ,197857,198355
272.699,Received an expired out of sequence packet ,197858,198355
272.699,Received an expired out of sequence packet ,197859,198355
272.752,Received an expired out of sequence packet ,197860,198355
272.752,Received an expired out of sequence packet ,197861,198355
272.752,Received an expired out of sequence packet ,197862,198355
272.752,Received an expired out of sequence packet ,197863,198355
272.755,Received an expired out of sequence packet ,197864,198355
272.755,Received an expired out of sequence packet ,197865,198355
272.755,Received an expired out of sequence packet ,197866,198355
272.764,Received an expired out of sequence packet ,197867,198355
272.764,Received an expired out of sequence packet ,197868,198355
272.768,Received an expired out of sequence packet ,197869,198355
272.768,Received an expired out of sequence packet ,197870,198355
272.768,Received an expired out of sequence packet ,197871,198355
272.928,Received an expired out of sequence packet ,197872,198355
272.928,Received an expired out of sequence packet ,197873,198355
272.928,Received an expired out of sequence packet ,197874,198355
272.928,Received an expired out of sequence packet ,197875,198355
272.928,Received an expired out of sequence packet ,197876,198355
272.931,Received an expired out of sequence packet ,197877,198355
272.931,Received an expired out of sequence packet ,197878,198355
272.931,Received an expired out of sequence packet ,197879,198355
272.932,Received an expired out of sequence packet ,197880,198355
272.935,Received an expired out of sequence packet ,197881,198355
272.935,Received an expired out of sequence packet ,197882,198355
272.935,Received an expired out of sequence packet ,197883,198355
272.935,Received an expired out of sequence packet ,197884,198355
272.935,Received an expired out of sequence packet ,197885,198355
272.935,Received an expired out of sequence packet ,197886,198355
272.935,Received an expired out of sequence packet ,197887,198355
272.935,Received an expired out of sequence packet ,197888,198355
272.938,Received an expired out of sequence packet ,197889,198355
272.938,Received an expired out of sequence packet ,197890,198355
272.938,Received an expired out of sequence packet ,197891,198355
272.94,Received an expired out of sequence packet ,197892,198355
272.94,Received an expired out of sequence packet ,197893,198355
272.94,Received an expired out of sequence packet ,197894,198355
272.94,Received an expired out of sequence packet ,197895,198355
272.94,Received an expired out of sequence packet ,197896,198355
272.94,Received an expired out of sequence packet ,197897,198355
272.94,Received an expired out of sequence packet ,197898,198355
272.941,Received an expired out of sequence packet ,197899,198355
272.941,Received an expired out of sequence packet ,197900,198355
272.941,Received an expired out of sequence packet ,197901,198355
272.941,Received an expired out of sequence packet ,197902,198355
272.941,Received an expired out of sequence packet ,197903,198355
272.941,Received an expired out of sequence packet ,197904,198355
272.946,Received an expired out of sequence packet ,197905,198355
272.946,Received an expired out of sequence packet ,197906,198355
272.946,Received an expired out of sequence packet ,197907,198355
272.946,Received an expired out of sequence packet ,197908,198355
272.946,Received an expired out of sequence packet ,197909,198355
272.946,Received an expired out of sequence packet ,197910,198355
272.946,Received an expired out of sequence packet ,197911,198355
272.946,Received an expired out of sequence packet ,197912,198355
272.946,Received an expired out of sequence packet ,197913,198355
272.946,Received an expired out of sequence packet ,197914,198355
272.946,Received an expired out of sequence packet ,197915,198355
272.946,Received an expired out of sequence packet ,197916,198355
272.972,Received an expired out of sequence packet ,197917,198355
272.972,Received an expired out of sequence packet ,197918,198355
272.972,Received an expired out of sequence packet ,197919,198355
272.972,Received an expired out of sequence packet ,197920,198355
272.972,Received an expired out of sequence packet ,197921,198355
272.972,Received an expired out of sequence packet ,197922,198355
272.975,Received an expired out of sequence packet ,197923,198355
272.975,Received an expired out of sequence packet ,197924,198355
272.975,Received an expired out of sequence packet ,197925,198355
272.975,Received an expired out of sequence packet ,197926,198355
272.976,Received an expired out of sequence packet ,197927,198355
272.977,Received an expired out of sequence packet ,197928,198355
272.977,Received an expired out of sequence packet ,197929,198355
272.977,Received an expired out of sequence packet ,197930,198355
272.977,Received an expired out of sequence packet ,197931,198355
272.977,Received an expired out of sequence packet ,197932,198355
272.977,Received an expired out of sequence packet ,197933,198355
272.978,Received an expired out of sequence packet ,197934,198355
272.978,Received an expired out of sequence packet ,197935,198355
272.978,Received an expired out of sequence packet ,197936,198355
272.978,Received an expired out of sequence packet ,197937,198355
272.978,Received an expired out of sequence packet ,197938,198355
272.978,Received an expired out of sequence packet ,197939,198355
272.978,Received an expired out of sequence packet ,197940,198355
272.978,Received an expired out of sequence packet ,197941,198355
272.978,Received an expired out of sequence packet ,197942,198355
272.981,Received an expired out of sequence packet ,197943,198355
272.981,Received an expired out of sequence packet ,197944,198355
272.981,Received an expired out of sequence packet ,197945,198355
272.981,Received an expired out of sequence packet ,197946,198355
272.981,Received an expired out of sequence packet ,197947,198355
272.981,Received an expired out of sequence packet ,197948,198355
272.981,Received an expired out of sequence packet ,197949,198355
272.981,Received an expired out of sequence packet ,197950,198355
272.981,Received an expired out of sequence packet ,197951,198355
272.981,Received an expired out of sequence packet ,197952,198355
272.981,Received an expired out of sequence packet ,197953,198355
272.981,Received an expired out of sequence packet ,197954,198355
272.981,Received an expired out of sequence packet ,197955,198355
273.127,Received an expired out of sequence packet ,197956,198355
273.127,Received an expired out of sequence packet ,197957,198355
273.127,Received an expired out of sequence packet ,197958,198355
273.127,Received an expired out of sequence packet ,197959,198355
273.127,Received an expired out of sequence packet ,197960,198355
273.127,Received an expired out of sequence packet ,197961,198355
273.129,Received an expired out of sequence packet ,197962,198355
273.129,Received an expired out of sequence packet ,197963,198355
273.129,Received an expired out of sequence packet ,197964,198355
273.213,Received an expired out of sequence packet ,197965,198355
273.213,Received an expired out of sequence packet ,197966,198355
273.213,Received an expired out of sequence packet ,197967,198355
273.213,Received an expired out of sequence packet ,197968,198355
273.213,Received an expired out of sequence packet ,197969,198355
273.213,Received an expired out of sequence packet ,197970,198355
273.213,Received an expired out of sequence packet ,197971,198355
273.213,Received an expired out of sequence packet ,197972,198355
273.213,Received an expired out of sequence packet ,197973,198355
273.216,Received an expired out of sequence packet ,197974,198355
273.216,Received an expired out of sequence packet ,197975,198355
273.22,Received an expired out of sequence packet ,197976,198355
273.22,Received an expired out of sequence packet ,197977,198355
273.22,Received an expired out of sequence packet ,197978,198355
273.22,Received an expired out of sequence packet ,197979,198355
273.22,Received an expired out of sequence packet ,197980,198355
273.22,Received an expired out of sequence packet ,197981,198355
273.22,Received an expired out of sequence packet ,197982,198355
273.22,Received an expired out of sequence packet ,197983,198355
273.22,Received an expired out of sequence packet ,197984,198355
273.22,Received an expired out of sequence packet ,197985,198355
273.22,Received an expired out of sequence packet ,197986,198355
273.22,Received an expired out of sequence packet ,197987,198355
273.22,Received an expired out of sequence packet ,197988,198355
273.22,Received an expired out of sequence packet ,197989,198355
273.22,Received an expired out of sequence packet ,197990,198355
273.222,Received an expired out of sequence packet ,197991,198355
273.222,Received an expired out of sequence packet ,197992,198355
273.222,Received an expired out of sequence packet ,197993,198355
273.222,Received an expired out of sequence packet ,197994,198355
273.222,Received an expired out of sequence packet ,197995,198355
273.222,Received an expired out of sequence packet ,197996,198355
273.222,Received an expired out of sequence packet ,197997,198355
273.222,Received an expired out of sequence packet ,197998,198355
273.222,Received an expired out of sequence packet ,197999,198355
273.222,Received an expired out of sequence packet ,198000,198355
273.222,Received an expired out of sequence packet ,198001,198355
273.223,Received an expired out of sequence packet ,198002,198355
273.223,Received an expired out of sequence packet ,198003,198355
273.223,Received an expired out of sequence packet ,198004,198355
273.223,Received an expired out of sequence packet ,198005,198355
273.223,Received an expired out of sequence packet ,198006,198355
273.223,Received an expired out of sequence packet ,198007,198355
273.237,Received an expired out of sequence packet ,198008,198355
273.237,Received an expired out of sequence packet ,198009,198355
273.237,Received an expired out of sequence packet ,198010,198355
273.237,Received an expired out of sequence packet ,198011,198355
273.237,Received an expired out of sequence packet ,198012,198355
273.237,Received an expired out of sequence packet ,198013,198355
273.238,Received an expired out of sequence packet ,198014,198355
273.238,Received an expired out of sequence packet ,198015,198355
273.248,Received an expired out of sequence packet ,198016,198355
273.252,Received an expired out of sequence packet ,198017,198355
273.252,Received an expired out of sequence packet ,198018,198355
273.252,Received an expired out of sequence packet ,198019,198355
273.252,Received an expired out of sequence packet ,198020,198355
273.252,Received an expired out of sequence packet ,198021,198355
273.258,Received an expired out of sequence packet ,198022,198355
273.259,Received an expired out of sequence packet ,198023,198355
273.259,Received an expired out of sequence packet ,198024,198355
273.259,Received an expired out of sequence packet ,198025,198355
273.259,Received an expired out of sequence packet ,198026,198355
273.259,Received an expired out of sequence packet ,198027,198355
273.259,Received an expired out of sequence packet ,198028,198355
273.261,Received an expired out of sequence packet ,198029,198355
273.261,Received an expired out of sequence packet ,198030,198355
273.261,Received an expired out of sequence packet ,198031,198355
273.261,Received an expired out of sequence packet ,198032,198355
273.263,Received an expired out of sequence packet ,198033,198355
273.263,Received an expired out of sequence packet ,198034,198355
273.263,Received an expired out of sequence packet ,198035,198355
273.268,Received an expired out of sequence packet ,198036,198355
273.268,Received an expired out of sequence packet ,198037,198355
273.268,Received an expired out of sequence packet ,198038,198355
273.268,Received an expired out of sequence packet ,198039,198355
273.268,Received an expired out of sequence packet ,198040,198355
273.268,Received an expired out of sequence packet ,198041,198355
273.268,Received an expired out of sequence packet ,198042,198355
273.268,Received an expired out of sequence packet ,198043,198355
273.268,Received an expired out of sequence packet ,198044,198355
273.271,Received an expired out of sequence packet ,198045,198355
273.271,Received an expired out of sequence packet ,198046,198355
273.272,Received an expired out of sequence packet ,198047,198355
273.272,Received an expired out of sequence packet ,198048,198355
273.272,Received an expired out of sequence packet ,198049,198355
273.272,Received an expired out of sequence packet ,198050,198355
273.272,Received an expired out of sequence packet ,198051,198355
273.274,Received an expired out of sequence packet ,198052,198355
273.274,Received an expired out of sequence packet ,198053,198355
273.274,Received an expired out of sequence packet ,198054,198355
273.274,Received an expired out of sequence packet ,198055,198355
273.274,Received an expired out of sequence packet ,198056,198355
273.274,Received an expired out of sequence packet ,198057,198355
273.274,Received an expired out of sequence packet ,198058,198355
273.274,Received an expired out of sequence packet ,198059,198355
273.344,Received an expired out of sequence packet ,198060,198355
273.344,Received an expired out of sequence packet ,198061,198355
273.347,Received an expired out of sequence packet ,198062,198355
273.347,Received an expired out of sequence packet ,198063,198355
273.347,Received an expired out of sequence packet ,198064,198355
273.361,Received an expired out of sequence packet ,198065,198355
273.363,Received an expired out of sequence packet ,198066,198355
273.363,Received an expired out of sequence packet ,198067,198355
273.363,Received an expired out of sequence packet ,198068,198355
273.363,Received an expired out of sequence packet ,198069,198355
273.502,Received an expired out of sequence packet ,198070,198355
273.502,Received an expired out of sequence packet ,198071,198355
273.502,Received an expired out of sequence packet ,198072,198355
273.502,Received an expired out of sequence packet ,198073,198355
273.502,Received an expired out of sequence packet ,198074,198355
273.507,Received an expired out of sequence packet ,198075,198355
273.512,Received an expired out of sequence packet ,198076,198355
273.514,Received an expired out of sequence packet ,198077,198355
273.514,Received an expired out of sequence packet ,198078,198355
273.514,Received an expired out of sequence packet ,198079,198355
273.514,Received an expired out of sequence packet ,198080,198355
273.514,Received an expired out of sequence packet ,198081,198355
273.516,Received an expired out of sequence packet ,198082,198355
273.516,Received an expired out of sequence packet ,198083,198355
273.516,Received an expired out of sequence packet ,198084,198355
273.517,Received an expired out of sequence packet ,198085,198355
273.517,Received an expired out of sequence packet ,198086,198355
273.517,Received an expired out of sequence packet ,198087,198355
273.517,Received an expired out of sequence packet ,198088,198355
273.517,Received an expired out of sequence packet ,198089,198355
273.517,Received an expired out of sequence packet ,198090,198355
273.52,Received an expired out of sequence packet ,198091,198355
273.52,Received an expired out of sequence packet ,198092,198355
273.52,Received an expired out of sequence packet ,198093,198355
273.52,Received an expired out of sequence packet ,198094,198355
273.52,Received an expired out of sequence packet ,198095,198355
273.52,Received an expired out of sequence packet ,198096,198355
273.52,Received an expired out of sequence packet ,198097,198355
273.52,Received an expired out of sequence packet ,198098,198355
273.52,Received an expired out of sequence packet ,198099,198355
273.52,Received an expired out of sequence packet ,198100,198355
273.52,Received an expired out of sequence packet ,198101,198355
273.52,Received an expired out of sequence packet ,198102,198355
273.52,Received an expired out of sequence packet ,198103,198355
273.543,Received an expired out of sequence packet ,198104,198355
273.543,Received an expired out of sequence packet ,198105,198355
273.543,Received an expired out of sequence packet ,198106,198355
273.543,Received an expired out of sequence packet ,198107,198355
273.543,Received an expired out of sequence packet ,198108,198355
273.543,Received an expired out of sequence packet ,198109,198355
273.543,Received an expired out of sequence packet ,198110,198355
273.543,Received an expired out of sequence packet ,198111,198355
273.543,Received an expired out of sequence packet ,198112,198355
273.543,Received an expired out of sequence packet ,198113,198355
273.543,Received an expired out of sequence packet ,198114,198355
273.543,Received an expired out of sequence packet ,198115,198355
273.547,Received an expired out of sequence packet ,198116,198355
273.555,Received an expired out of sequence packet ,198117,198355
273.555,Received an expired out of sequence packet ,198118,198355
273.555,Received an expired out of sequence packet ,198119,198355
273.555,Received an expired out of sequence packet ,198120,198355
273.555,Received an expired out of sequence packet ,198121,198355
273.558,Received an expired out of sequence packet ,198122,198355
273.558,Received an expired out of sequence packet ,198123,198355
273.561,Received an expired out of sequence packet ,198124,198355
273.561,Received an expired out of sequence packet ,198125,198355
273.565,Received an expired out of sequence packet ,198126,198355
273.565,Received an expired out of sequence packet ,198127,198355
273.565,Received an expired out of sequence packet ,198128,198355
273.565,Received an expired out of sequence packet ,198129,198355
273.565,Received an expired out of sequence packet ,198130,198355
273.569,Received an expired out of sequence packet ,198131,198355
273.569,Received an expired out of sequence packet ,198132,198355
273.569,Received an expired out of sequence packet ,198133,198355
273.569,Received an expired out of sequence packet ,198134,198355
273.569,Received an expired out of sequence packet ,198135,198355
273.569,Received an expired out of sequence packet ,198136,198355
273.571,Received an expired out of sequence packet ,198137,198355
273.571,Received an expired out of sequence packet ,198138,198355
273.571,Received an expired out of sequence packet ,198139,198355
273.572,Received an expired out of sequence packet ,198140,198355
273.572,Received an expired out of sequence packet ,198141,198355
273.572,Received an expired out of sequence packet ,198142,198355
273.572,Received an expired out of sequence packet ,198143,198355
273.572,Received an expired out of sequence packet ,198144,198355
273.572,Received an expired out of sequence packet ,198145,198355
273.572,Received an expired out of sequence packet ,198146,198355
273.572,Received an expired out of sequence packet ,198147,198355
273.573,Received an expired out of sequence packet ,198148,198355
273.573,Received an expired out of sequence packet ,198149,198355
273.573,Received an expired out of sequence packet ,198150,198355
273.573,Received an expired out of sequence packet ,198151,198355
273.573,Received an expired out of sequence packet ,198152,198355
273.573,Received an expired out of sequence packet ,198153,198355
273.574,Received an expired out of sequence packet ,198154,198355
273.577,Received an expired out of sequence packet ,198155,198355
273.577,Received an expired out of sequence packet ,198156,198355
273.577,Received an expired out of sequence packet ,198157,198355
273.577,Received an expired out of sequence packet ,198158,198355
273.577,Received an expired out of sequence packet ,198159,198355
273.577,Received an expired out of sequence packet ,198160,198355
273.66,Received an expired out of sequence packet ,198161,198355
273.66,Received an expired out of sequence packet ,198162,198355
273.662,Received an expired out of sequence packet ,198163,198355
273.662,Received an expired out of sequence packet ,198164,198355
273.667,Received an expired out of sequence packet ,198165,198355
273.667,Received an expired out of sequence packet ,198166,198355
273.677,Received an expired out of sequence packet ,198167,198355
273.677,Received an expired out of sequence packet ,198168,198355
273.677,Received an expired out of sequence packet ,198169,198355
273.677,Received an expired out of sequence packet ,198170,198355
273.677,Received an expired out of sequence packet ,198171,198355
273.796,Received an expired out of sequence packet ,198172,198355
273.796,Received an expired out of sequence packet ,198173,198355
273.796,Received an expired out of sequence packet ,198174,198355
273.804,Received an expired out of sequence packet ,198175,198355
273.804,Received an expired out of sequence packet ,198176,198355
273.827,Received an expired out of sequence packet ,198177,198355
273.827,Received an expired out of sequence packet ,198178,198355
273.827,Received an expired out of sequence packet ,198179,198355
273.83,Received an expired out of sequence packet ,198180,198355
273.83,Received an expired out of sequence packet ,198181,198355
273.832,Received an expired out of sequence packet ,198182,198355
273.832,Received an expired out of sequence packet ,198183,198355
273.832,Received an expired out of sequence packet ,198184,198355
273.832,Received an expired out of sequence packet ,198185,198355
273.832,Received an expired out of sequence packet ,198186,198355
273.835,Received an expired out of sequence packet ,198187,198355
273.835,Received an expired out of sequence packet ,198188,198355
273.837,Received an expired out of sequence packet ,198189,198355
273.837,Received an expired out of sequence packet ,198190,198355
273.837,Received an expired out of sequence packet ,198191,198355
273.837,Received an expired out of sequence packet ,198192,198355
273.838,Received an expired out of sequence packet ,198193,198355
273.838,Received an expired out of sequence packet ,198194,198355
273.838,Received an expired out of sequence packet ,198195,198355
273.841,Received an expired out of sequence packet ,198196,198355
273.841,Received an expired out of sequence packet ,198197,198355
273.841,Received an expired out of sequence packet ,198198,198355
273.841,Received an expired out of sequence packet ,198199,198355
273.841,Received an expired out of sequence packet ,198200,198355
273.841,Received an expired out of sequence packet ,198201,198355
273.841,Received an expired out of sequence packet ,198202,198355
273.841,Received an expired out of sequence packet ,198203,198355
273.841,Received an expired out of sequence packet ,198204,198355
273.843,Received an expired out of sequence packet ,198205,198355
273.843,Received an expired out of sequence packet ,198206,198355
273.843,Received an expired out of sequence packet ,198207,198355
273.843,Received an expired out of sequence packet ,198208,198355
273.843,Received an expired out of sequence packet ,198209,198355
273.843,Received an expired out of sequence packet ,198210,198355
273.843,Received an expired out of sequence packet ,198211,198355
273.843,Received an expired out of sequence packet ,198212,198355
273.843,Received an expired out of sequence packet ,198213,198355
273.843,Received an expired out of sequence packet ,198214,198355
273.846,Received an expired out of sequence packet ,198215,198355
273.846,Received an expired out of sequence packet ,198216,198355
273.846,Received an expired out of sequence packet ,198217,198355
273.846,Received an expired out of sequence packet ,198218,198355
273.856,Received an expired out of sequence packet ,198219,198355
273.856,Received an expired out of sequence packet ,198220,198355
273.863,Received an expired out of sequence packet ,198221,198355
273.863,Received an expired out of sequence packet ,198222,198355
273.863,Received an expired out of sequence packet ,198223,198355
273.864,Received an expired out of sequence packet ,198224,198355
273.864,Received an expired out of sequence packet ,198225,198355
273.864,Received an expired out of sequence packet ,198226,198355
273.864,Received an expired out of sequence packet ,198227,198355
273.869,Received an expired out of sequence packet ,198228,198355
273.869,Received an expired out of sequence packet ,198229,198355
273.869,Received an expired out of sequence packet ,198230,198355
273.869,Received an expired out of sequence packet ,198231,198355
273.869,Received an expired out of sequence packet ,198232,198355
273.869,Received an expired out of sequence packet ,198233,198355
273.869,Received an expired out of sequence packet ,198234,198355
273.869,Received an expired out of sequence packet ,198235,198355
273.869,Received an expired out of sequence packet ,198236,198355
273.869,Received an expired out of sequence packet ,198237,198355
273.871,Received an expired out of sequence packet ,198238,198355
273.871,Received an expired out of sequence packet ,198239,198355
273.871,Received an expired out of sequence packet ,198240,198355
273.871,Received an expired out of sequence packet ,198241,198355
273.871,Received an expired out of sequence packet ,198242,198355
273.871,Received an expired out of sequence packet ,198243,198355
273.871,Received an expired out of sequence packet ,198244,198355
273.871,Received an expired out of sequence packet ,198245,198355
273.871,Received an expired out of sequence packet ,198246,198355
273.871,Received an expired out of sequence packet ,198247,198355
273.871,Received an expired out of sequence packet ,198248,198355
273.871,Received an expired out of sequence packet ,198249,198355
273.88,Received an expired out of sequence packet ,198250,198355
273.88,Received an expired out of sequence packet ,198251,198355
273.88,Received an expired out of sequence packet ,198252,198355
273.88,Received an expired out of sequence packet ,198253,198355
273.88,Received an expired out of sequence packet ,198254,198355
273.881,Received an expired out of sequence packet ,198255,198355
273.881,Received an expired out of sequence packet ,198256,198355
273.884,Received an expired out of sequence packet ,198257,198355
274,Received an expired out of sequence packet ,198258,198355
274,Received an expired out of sequence packet ,198259,198355
274,Received an expired out of sequence packet ,198260,198355
274,Received an expired out of sequence packet ,198261,198355
274,Received an expired out of sequence packet ,198262,198355
274.003,Received an expired out of sequence packet ,198263,198355
274.003,Received an expired out of sequence packet ,198264,198355
274.08,Received an expired out of sequence packet ,198265,198355
274.08,Received an expired out of sequence packet ,198266,198355
274.08,Received an expired out of sequence packet ,198267,198355
274.08,Received an expired out of sequence packet ,198268,198355
274.08,Received an expired out of sequence packet ,198269,198355
274.08,Received an expired out of sequence packet ,198270,198355
274.08,Received an expired out of sequence packet ,198271,198355
274.08,Received an expired out of sequence packet ,198272,198355
274.08,Received an expired out of sequence packet ,198273,198355
274.08,Received an expired out of sequence packet ,198274,198355
274.089,Received an expired out of sequence packet ,198275,198355
274.089,Received an expired out of sequence packet ,198276,198355
274.115,Received an expired out of sequence packet ,198277,198355
274.115,Received an expired out of sequence packet ,198278,198355
274.115,Received an expired out of sequence packet ,198279,198355
274.115,Received an expired out of sequence packet ,198280,198355
274.123,Received an expired out of sequence packet ,198281,198355
274.126,Received an expired out of sequence packet ,198282,198355
274.126,Received an expired out of sequence packet ,198283,198355
274.126,Received an expired out of sequence packet ,198284,198355
274.128,Received an expired out of sequence packet ,198285,198355
274.128,Received an expired out of sequence packet ,198286,198355
274.134,Received an expired out of sequence packet ,198287,198355
274.134,Received an expired out of sequence packet ,198288,198355
274.134,Received an expired out of sequence packet ,198289,198355
274.134,Received an expired out of sequence packet ,198290,198355
274.134,Received an expired out of sequence packet ,198291,198355
274.137,Received an expired out of sequence packet ,198292,198355
274.137,Received an expired out of sequence packet ,198293,198355
274.137,Received an expired out of sequence packet ,198294,198355
274.137,Received an expired out of sequence packet 