1.10494,Exit slow start,exceeding SS_EXIT_THRESHOLD
23.7946,Restart,can't map delay on delay curve
25.1746,Exit slow start,exceeding SS_EXIT_THRESHOLD
44.424,Timeout
44.4241,clearing sending list because of timeout
44.427,Received an expired out of sequence packet ,16142,16236
44.9774,Received an expired out of sequence packet ,16143,16236
44.9821,Received an expired out of sequence packet ,16144,16236
44.9821,Received an expired out of sequence packet ,16145,16236
44.9821,Received an expired out of sequence packet ,16146,16236
44.9821,Received an expired out of sequence packet ,16147,16236
44.9821,Received an expired out of sequence packet ,16148,16236
44.9822,Received an expired out of sequence packet ,16149,16236
44.9822,Received an expired out of sequence packet ,16150,16236
44.9895,Received an expired out of sequence packet ,16151,16236
44.9905,Received an expired out of sequence packet ,16152,16236
44.9906,Received an expired out of sequence packet ,16153,16236
44.9929,Received an expired out of sequence packet ,16154,16236
44.9929,Received an expired out of sequence packet ,16155,16236
44.9929,Received an expired out of sequence packet ,16156,16236
44.9929,Received an expired out of sequence packet ,16157,16236
44.9929,Received an expired out of sequence packet ,16158,16236
44.993,Received an expired out of sequence packet ,16159,16236
44.993,Received an expired out of sequence packet ,16160,16236
44.993,Received an expired out of sequence packet ,16161,16236
44.993,Received an expired out of sequence packet ,16162,16236
44.993,Received an expired out of sequence packet ,16163,16236
44.993,Received an expired out of sequence packet ,16164,16236
44.9931,Received an expired out of sequence packet ,16165,16236
45.0021,Received an expired out of sequence packet ,16166,16236
45.0085,Received an expired out of sequence packet ,16167,16236
45.0085,Received an expired out of sequence packet ,16168,16236
45.0085,Received an expired out of sequence packet ,16169,16236
45.0086,Received an expired out of sequence packet ,16170,16236
45.0086,Received an expired out of sequence packet ,16171,16236
45.0086,Received an expired out of sequence packet ,16172,16236
45.0086,Received an expired out of sequence packet ,16173,16236
45.0086,Received an expired out of sequence packet ,16174,16236
45.0086,Received an expired out of sequence packet ,16175,16236
45.0087,Received an expired out of sequence packet ,16176,16236
45.0107,Received an expired out of sequence packet ,16177,16236
45.0107,Received an expired out of sequence packet ,16178,16236
45.0118,Received an expired out of sequence packet ,16179,16236
45.0118,Received an expired out of sequence packet ,16180,16236
45.0119,Received an expired out of sequence packet ,16181,16236
45.0119,Received an expired out of sequence packet ,16182,16236
45.0119,Received an expired out of sequence packet ,16183,16236
45.0119,Received an expired out of sequence packet ,16184,16236
45.0119,Received an expired out of sequence packet ,16185,16236
45.0119,Received an expired out of sequence packet ,16186,16236
45.012,Received an expired out of sequence packet ,16187,16236
45.012,Received an expired out of sequence packet ,16188,16236
45.015,Received an expired out of sequence packet ,16189,16236
45.0171,Received an expired out of sequence packet ,16190,16236
45.0172,Received an expired out of sequence packet ,16191,16236
45.0172,Received an expired out of sequence packet ,16192,16236
45.0172,Received an expired out of sequence packet ,16193,16236
45.0253,Received an expired out of sequence packet ,16194,16236
45.0253,Received an expired out of sequence packet ,16195,16236
45.0253,Received an expired out of sequence packet ,16196,16236
45.0253,Received an expired out of sequence packet ,16197,16236
45.0254,Received an expired out of sequence packet ,16198,16236
45.0254,Received an expired out of sequence packet ,16199,16236
45.0254,Received an expired out of sequence packet ,16200,16236
45.0254,Received an expired out of sequence packet ,16201,16236
45.0579,Received an expired out of sequence packet ,16202,16236
45.0579,Received an expired out of sequence packet ,16203,16236
45.058,Received an expired out of sequence packet ,16204,16236
45.058,Received an expired out of sequence packet ,16205,16236
45.058,Received an expired out of sequence packet ,16206,16236
45.058,Received an expired out of sequence packet ,16207,16236
45.058,Received an expired out of sequence packet ,16208,16236
45.058,Received an expired out of sequence packet ,16209,16236
45.0629,Received an expired out of sequence packet ,16210,16236
45.0629,Received an expired out of sequence packet ,16211,16236
45.063,Received an expired out of sequence packet ,16212,16236
45.063,Received an expired out of sequence packet ,16213,16236
45.063,Received an expired out of sequence packet ,16214,16236
45.063,Received an expired out of sequence packet ,16215,16236
45.0742,Received an expired out of sequence packet ,16216,16236
45.0743,Received an expired out of sequence packet ,16217,16236
45.0743,Received an expired out of sequence packet ,16218,16236
45.0743,Received an expired out of sequence packet ,16219,16236
45.0803,Received an expired out of sequence packet ,16220,16236
45.0845,Received an expired out of sequence packet ,16221,16236
45.0885,Received an expired out of sequence packet ,16222,16236
45.0929,Received an expired out of sequence packet ,16223,16236
45.0971,Received an expired out of sequence packet ,16224,16236
45.0971,Received an expired out of sequence packet ,16225,16236
45.0971,Received an expired out of sequence packet ,16226,16236
45.1072,Received an expired out of sequence packet ,16227,16236
45.1083,Received an expired out of sequence packet ,16228,16236
45.1083,Received an expired out of sequence packet ,16229,16236
45.1084,Received an expired out of sequence packet ,16230,16236
45.1084,Received an expired out of sequence packet ,16231,16236
45.1084,Received an expired out of sequence packet ,16232,16236
45.1115,Received an expired out of sequence packet ,16233,16236
45.1115,Received an expired out of sequence packet ,16234,16236
45.1115,Received an expired out of sequence packet ,16235,16236
49.6299,Timeout
49.6299,clearing sending list because of timeout
49.6894,Received an expired out of sequence packet ,19074,19177
49.6894,Received an expired out of sequence packet ,19075,19177
49.6894,Received an expired out of sequence packet ,19076,19177
49.6894,Received an expired out of sequence packet ,19077,19177
49.7238,Received an expired out of sequence packet ,19078,19177
49.7269,Received an expired out of sequence packet ,19079,19177
49.7281,Received an expired out of sequence packet ,19080,19177
49.7281,Received an expired out of sequence packet ,19081,19177
49.7281,Received an expired out of sequence packet ,19082,19177
49.7281,Received an expired out of sequence packet ,19083,19177
49.7282,Received an expired out of sequence packet ,19084,19177
49.7322,Received an expired out of sequence packet ,19085,19177
49.7322,Received an expired out of sequence packet ,19086,19177
49.7322,Received an expired out of sequence packet ,19087,19177
49.7699,Received an expired out of sequence packet ,19088,19177
49.7699,Received an expired out of sequence packet ,19089,19177
49.7699,Received an expired out of sequence packet ,19090,19177
49.7699,Received an expired out of sequence packet ,19091,19177
49.77,Received an expired out of sequence packet ,19092,19177
49.7729,Received an expired out of sequence packet ,19093,19177
49.773,Received an expired out of sequence packet ,19094,19177
49.7785,Received an expired out of sequence packet ,19095,19177
49.7796,Received an expired out of sequence packet ,19096,19177
49.7796,Received an expired out of sequence packet ,19097,19177
49.7796,Received an expired out of sequence packet ,19098,19177
49.7797,Received an expired out of sequence packet ,19099,19177
49.7887,Received an expired out of sequence packet ,19100,19177
49.7887,Received an expired out of sequence packet ,19101,19177
49.7887,Received an expired out of sequence packet ,19102,19177
49.7969,Received an expired out of sequence packet ,19103,19177
49.7969,Received an expired out of sequence packet ,19104,19177
49.7969,Received an expired out of sequence packet ,19105,19177
49.7969,Received an expired out of sequence packet ,19106,19177
49.797,Received an expired out of sequence packet ,19107,19177
49.797,Received an expired out of sequence packet ,19108,19177
49.797,Received an expired out of sequence packet ,19109,19177
49.797,Received an expired out of sequence packet ,19110,19177
49.797,Received an expired out of sequence packet ,19111,19177
49.797,Received an expired out of sequence packet ,19112,19177
49.7971,Received an expired out of sequence packet ,19113,19177
49.7971,Received an expired out of sequence packet ,19114,19177
49.7971,Received an expired out of sequence packet ,19115,19177
49.7971,Received an expired out of sequence packet ,19116,19177
49.7971,Received an expired out of sequence packet ,19117,19177
49.7971,Received an expired out of sequence packet ,19118,19177
49.8063,Received an expired out of sequence packet ,19119,19177
49.8063,Received an expired out of sequence packet ,19120,19177
49.8063,Received an expired out of sequence packet ,19121,19177
49.8076,Received an expired out of sequence packet ,19122,19177
49.8181,Received an expired out of sequence packet ,19123,19177
49.8213,Received an expired out of sequence packet ,19124,19177
49.8223,Received an expired out of sequence packet ,19125,19177
49.8223,Received an expired out of sequence packet ,19126,19177
49.8223,Received an expired out of sequence packet ,19127,19177
49.8223,Received an expired out of sequence packet ,19128,19177
49.8223,Received an expired out of sequence packet ,19129,19177
49.8234,Received an expired out of sequence packet ,19130,19177
49.8266,Received an expired out of sequence packet ,19131,19177
49.8266,Received an expired out of sequence packet ,19132,19177
49.8266,Received an expired out of sequence packet ,19133,19177
49.8266,Received an expired out of sequence packet ,19134,19177
49.8298,Received an expired out of sequence packet ,19135,19177
49.8298,Received an expired out of sequence packet ,19136,19177
49.8298,Received an expired out of sequence packet ,19137,19177
49.8298,Received an expired out of sequence packet ,19138,19177
49.8309,Received an expired out of sequence packet ,19139,19177
49.832,Received an expired out of sequence packet ,19140,19177
49.8321,Received an expired out of sequence packet ,19141,19177
49.8321,Received an expired out of sequence packet ,19142,19177
49.8321,Received an expired out of sequence packet ,19143,19177
49.8321,Received an expired out of sequence packet ,19144,19177
49.8321,Received an expired out of sequence packet ,19145,19177
49.84,Received an expired out of sequence packet ,19146,19177
49.8401,Received an expired out of sequence packet ,19147,19177
49.8401,Received an expired out of sequence packet ,19148,19177
49.8401,Received an expired out of sequence packet ,19149,19177
49.8424,Received an expired out of sequence packet ,19150,19177
49.8436,Received an expired out of sequence packet ,19151,19177
49.8436,Received an expired out of sequence packet ,19152,19177
49.8436,Received an expired out of sequence packet ,19153,19177
49.8436,Received an expired out of sequence packet ,19154,19177
49.8487,Received an expired out of sequence packet ,19155,19177
49.8487,Received an expired out of sequence packet ,19156,19177
49.8558,Received an expired out of sequence packet ,19157,19177
49.8559,Received an expired out of sequence packet ,19158,19177
49.8559,Received an expired out of sequence packet ,19159,19177
49.8559,Received an expired out of sequence packet ,19160,19177
49.8559,Received an expired out of sequence packet ,19161,19177
49.8599,Received an expired out of sequence packet ,19162,19177
49.86,Received an expired out of sequence packet ,19163,19177
49.86,Received an expired out of sequence packet ,19164,19177
49.86,Received an expired out of sequence packet ,19165,19177
49.86,Received an expired out of sequence packet ,19166,19177
49.86,Received an expired out of sequence packet ,19167,19177
49.86,Received an expired out of sequence packet ,19168,19177
49.8601,Received an expired out of sequence packet ,19169,19177
49.8601,Received an expired out of sequence packet ,19170,19177
49.8601,Received an expired out of sequence packet ,19171,19177
49.8601,Received an expired out of sequence packet ,19172,19177
49.8601,Received an expired out of sequence packet ,19173,19177
49.8601,Received an expired out of sequence packet ,19174,19177
49.8602,Received an expired out of sequence packet ,19175,19177
49.8622,Received an expired out of sequence packet ,19176,19177
163.734,Timeout
163.734,clearing sending list because of timeout
163.763,Received an expired out of sequence packet ,120950,121043
163.768,Received an expired out of sequence packet ,120951,121043
163.768,Received an expired out of sequence packet ,120952,121043
163.768,Received an expired out of sequence packet ,120953,121043
163.769,Received an expired out of sequence packet ,120954,121043
163.769,Received an expired out of sequence packet ,120955,121043
163.769,Received an expired out of sequence packet ,120956,121043
163.769,Received an expired out of sequence packet ,120957,121043
163.769,Received an expired out of sequence packet ,120958,121043
163.769,Received an expired out of sequence packet ,120959,121043
163.769,Received an expired out of sequence packet ,120960,121043
163.769,Received an expired out of sequence packet ,120961,121043
163.771,Received an expired out of sequence packet ,120962,121043
163.771,Received an expired out of sequence packet ,120963,121043
163.774,Received an expired out of sequence packet ,120964,121043
163.774,Received an expired out of sequence packet ,120965,121043
163.774,Received an expired out of sequence packet ,120966,121043
163.774,Received an expired out of sequence packet ,120967,121043
163.774,Received an expired out of sequence packet ,120968,121043
163.774,Received an expired out of sequence packet ,120969,121043
163.774,Received an expired out of sequence packet ,120970,121043
163.774,Received an expired out of sequence packet ,120971,121043
163.774,Received an expired out of sequence packet ,120972,121043
163.774,Received an expired out of sequence packet ,120973,121043
163.774,Received an expired out of sequence packet ,120974,121043
163.774,Received an expired out of sequence packet ,120975,121043
163.774,Received an expired out of sequence packet ,120976,121043
163.78,Received an expired out of sequence packet ,120977,121043
163.78,Received an expired out of sequence packet ,120978,121043
163.78,Received an expired out of sequence packet ,120979,121043
163.78,Received an expired out of sequence packet ,120980,121043
163.78,Received an expired out of sequence packet ,120981,121043
163.78,Received an expired out of sequence packet ,120982,121043
163.78,Received an expired out of sequence packet ,120983,121043
163.78,Received an expired out of sequence packet ,120984,121043
163.783,Received an expired out of sequence packet ,120985,121043
163.783,Received an expired out of sequence packet ,120986,121043
163.787,Received an expired out of sequence packet ,120987,121043
163.787,Received an expired out of sequence packet ,120988,121043
163.787,Received an expired out of sequence packet ,120989,121043
163.787,Received an expired out of sequence packet ,120990,121043
163.787,Received an expired out of sequence packet ,120991,121043
163.787,Received an expired out of sequence packet ,120992,121043
163.787,Received an expired out of sequence packet ,120993,121043
163.787,Received an expired out of sequence packet ,120994,121043
163.788,Received an expired out of sequence packet ,120995,121043
163.788,Received an expired out of sequence packet ,120996,121043
163.788,Received an expired out of sequence packet ,120997,121043
163.788,Received an expired out of sequence packet ,120998,121043
163.788,Received an expired out of sequence packet ,120999,121043
163.788,Received an expired out of sequence packet ,121000,121043
163.788,Received an expired out of sequence packet ,121001,121043
163.788,Received an expired out of sequence packet ,121002,121043
163.788,Received an expired out of sequence packet ,121003,121043
163.788,Received an expired out of sequence packet ,121004,121043
163.788,Received an expired out of sequence packet ,121005,121043
163.788,Received an expired out of sequence packet ,121006,121043
163.788,Received an expired out of sequence packet ,121007,121043
163.797,Received an expired out of sequence packet ,121008,121043
163.797,Received an expired out of sequence packet ,121009,121043
163.797,Received an expired out of sequence packet ,121010,121043
163.797,Received an expired out of sequence packet ,121011,121043
163.803,Received an expired out of sequence packet ,121012,121043
163.803,Received an expired out of sequence packet ,121013,121043
163.813,Received an expired out of sequence packet ,121014,121043
163.813,Received an expired out of sequence packet ,121015,121043
163.814,Received an expired out of sequence packet ,121016,121043
163.814,Received an expired out of sequence packet ,121017,121043
163.814,Received an expired out of sequence packet ,121018,121043
163.818,Received an expired out of sequence packet ,121019,121043
163.818,Received an expired out of sequence packet ,121020,121043
163.818,Received an expired out of sequence packet ,121021,121043
163.818,Received an expired out of sequence packet ,121022,121043
163.818,Received an expired out of sequence packet ,121023,121043
164.025,Received an expired out of sequence packet ,121024,121043
164.025,Received an expired out of sequence packet ,121025,121043
164.025,Received an expired out of sequence packet ,121026,121043
164.025,Received an expired out of sequence packet ,121027,121043
164.025,Received an expired out of sequence packet ,121028,121043
164.025,Received an expired out of sequence packet ,121029,121043
164.025,Received an expired out of sequence packet ,121030,121043
164.025,Received an expired out of sequence packet ,121031,121043
164.025,Received an expired out of sequence packet ,121032,121043
164.025,Received an expired out of sequence packet ,121033,121043
164.043,Received an expired out of sequence packet ,121034,121043
164.043,Received an expired out of sequence packet ,121035,121043
164.051,Received an expired out of sequence packet ,121036,121043
164.055,Received an expired out of sequence packet ,121037,121043
164.055,Received an expired out of sequence packet ,121038,121043
164.055,Received an expired out of sequence packet ,121039,121043
164.055,Received an expired out of sequence packet ,121040,121043
164.055,Received an expired out of sequence packet ,121041,121043
164.056,Received an expired out of sequence packet ,121042,121043
164.788,Timeout
164.788,clearing sending list because of timeout
164.984,Received an expired out of sequence packet ,121079,121160
165.006,Received an expired out of sequence packet ,121080,121160
165.014,Received an expired out of sequence packet ,121081,121160
165.014,Received an expired out of sequence packet ,121082,121160
165.016,Received an expired out of sequence packet ,121083,121160
165.029,Received an expired out of sequence packet ,121084,121160
165.029,Received an expired out of sequence packet ,121085,121160
165.033,Received an expired out of sequence packet ,121086,121160
165.035,Received an expired out of sequence packet ,121087,121160
165.053,Received an expired out of sequence packet ,121088,121160
165.053,Received an expired out of sequence packet ,121089,121160
165.053,Received an expired out of sequence packet ,121090,121160
165.054,Received an expired out of sequence packet ,121091,121160
165.058,Received an expired out of sequence packet ,121092,121160
165.063,Received an expired out of sequence packet ,121093,121160
165.065,Received an expired out of sequence packet ,121094,121160
165.081,Received an expired out of sequence packet ,121095,121160
165.084,Received an expired out of sequence packet ,121096,121160
165.087,Received an expired out of sequence packet ,121097,121160
165.087,Received an expired out of sequence packet ,121098,121160
165.095,Received an expired out of sequence packet ,121099,121160
165.098,Received an expired out of sequence packet ,121100,121160
165.104,Received an expired out of sequence packet ,121101,121160
165.112,Received an expired out of sequence packet ,121102,121160
165.115,Received an expired out of sequence packet ,121103,121160
165.119,Received an expired out of sequence packet ,121104,121160
165.135,Received an expired out of sequence packet ,121105,121160
165.139,Received an expired out of sequence packet ,121106,121160
165.139,Received an expired out of sequence packet ,121107,121160
165.139,Received an expired out of sequence packet ,121108,121160
165.142,Received an expired out of sequence packet ,121109,121160
165.143,Received an expired out of sequence packet ,121110,121160
165.144,Received an expired out of sequence packet ,121111,121160
165.149,Received an expired out of sequence packet ,121112,121160
165.155,Received an expired out of sequence packet ,121113,121160
165.157,Received an expired out of sequence packet ,121114,121160
165.157,Received an expired out of sequence packet ,121115,121160
165.159,Received an expired out of sequence packet ,121116,121160
165.164,Received an expired out of sequence packet ,121117,121160
165.168,Received an expired out of sequence packet ,121118,121160
165.176,Received an expired out of sequence packet ,121119,121160
165.187,Received an expired out of sequence packet ,121120,121160
165.187,Received an expired out of sequence packet ,121121,121160
165.189,Received an expired out of sequence packet ,121122,121160
165.192,Received an expired out of sequence packet ,121123,121160
165.194,Received an expired out of sequence packet ,121124,121160
165.201,Received an expired out of sequence packet ,121125,121160
165.219,Received an expired out of sequence packet ,121126,121160
165.225,Received an expired out of sequence packet ,121127,121160
165.225,Received an expired out of sequence packet ,121128,121160
165.225,Received an expired out of sequence packet ,121129,121160
165.23,Received an expired out of sequence packet ,121130,121160
165.233,Received an expired out of sequence packet ,121131,121160
165.233,Received an expired out of sequence packet ,121132,121160
165.236,Received an expired out of sequence packet ,121133,121160
165.246,Received an expired out of sequence packet ,121134,121160
165.248,Received an expired out of sequence packet ,121135,121160
165.256,Received an expired out of sequence packet ,121136,121160
165.276,Received an expired out of sequence packet ,121137,121160
165.276,Received an expired out of sequence packet ,121138,121160
165.281,Received an expired out of sequence packet ,121139,121160
165.289,Received an expired out of sequence packet ,121140,121160
165.29,Received an expired out of sequence packet ,121141,121160
165.29,Received an expired out of sequence packet ,121142,121160
165.294,Received an expired out of sequence packet ,121143,121160
165.297,Received an expired out of sequence packet ,121144,121160
165.302,Received an expired out of sequence packet ,121145,121160
165.303,Received an expired out of sequence packet ,121146,121160
165.303,Received an expired out of sequence packet ,121147,121160
165.306,Received an expired out of sequence packet ,121148,121160
165.313,Received an expired out of sequence packet ,121149,121160
165.324,Received an expired out of sequence packet ,121150,121160
165.326,Received an expired out of sequence packet ,121151,121160
165.33,Received an expired out of sequence packet ,121152,121160
165.337,Received an expired out of sequence packet ,121153,121160
165.346,Received an expired out of sequence packet ,121154,121160
165.349,Received an expired out of sequence packet ,121155,121160
165.349,Received an expired out of sequence packet ,121156,121160
165.351,Received an expired out of sequence packet ,121157,121160
165.357,Received an expired out of sequence packet ,121158,121160
165.363,Received an expired out of sequence packet ,121159,121160
205.834,Timeout
205.834,clearing sending list because of timeout
206.131,Timeout
206.131,clearing sending list because of timeout
206.428,Timeout
206.428,clearing sending list because of timeout
206.535,Received an expired out of sequence packet ,147095,147193
206.535,Received an expired out of sequence packet ,147096,147193
206.535,Received an expired out of sequence packet ,147097,147193
206.535,Received an expired out of sequence packet ,147098,147193
206.535,Received an expired out of sequence packet ,147099,147193
206.535,Received an expired out of sequence packet ,147100,147193
206.535,Received an expired out of sequence packet ,147101,147193
206.565,Received an expired out of sequence packet ,147102,147193
206.568,Received an expired out of sequence packet ,147103,147193
206.568,Received an expired out of sequence packet ,147104,147193
206.568,Received an expired out of sequence packet ,147105,147193
206.568,Received an expired out of sequence packet ,147106,147193
206.568,Received an expired out of sequence packet ,147107,147193
206.569,Received an expired out of sequence packet ,147108,147193
206.569,Received an expired out of sequence packet ,147109,147193
206.57,Received an expired out of sequence packet ,147110,147193
206.572,Received an expired out of sequence packet ,147111,147193
206.573,Received an expired out of sequence packet ,147112,147193
206.573,Received an expired out of sequence packet ,147113,147193
206.573,Received an expired out of sequence packet ,147114,147193
206.573,Received an expired out of sequence packet ,147115,147193
206.573,Received an expired out of sequence packet ,147116,147193
206.573,Received an expired out of sequence packet ,147117,147193
206.734,Received an expired out of sequence packet ,147118,147193
206.734,Received an expired out of sequence packet ,147119,147193
206.734,Received an expired out of sequence packet ,147120,147193
206.734,Received an expired out of sequence packet ,147121,147193
206.734,Received an expired out of sequence packet ,147122,147193
206.734,Received an expired out of sequence packet ,147123,147193
206.734,Received an expired out of sequence packet ,147124,147193
206.734,Received an expired out of sequence packet ,147125,147193
206.735,Received an expired out of sequence packet ,147126,147193
206.735,Received an expired out of sequence packet ,147127,147193
206.743,Received an expired out of sequence packet ,147128,147193
206.743,Received an expired out of sequence packet ,147129,147193
206.754,Received an expired out of sequence packet ,147130,147193
206.754,Received an expired out of sequence packet ,147131,147193
206.755,Received an expired out of sequence packet ,147132,147193
206.755,Received an expired out of sequence packet ,147133,147193
206.755,Received an expired out of sequence packet ,147134,147193
206.755,Received an expired out of sequence packet ,147135,147193
206.755,Received an expired out of sequence packet ,147136,147193
206.755,Received an expired out of sequence packet ,147137,147193
206.755,Received an expired out of sequence packet ,147138,147193
206.755,Received an expired out of sequence packet ,147139,147193
206.755,Received an expired out of sequence packet ,147140,147193
206.755,Received an expired out of sequence packet ,147141,147193
206.755,Received an expired out of sequence packet ,147142,147193
206.755,Received an expired out of sequence packet ,147143,147193
206.755,Received an expired out of sequence packet ,147144,147193
206.755,Received an expired out of sequence packet ,147145,147193
206.755,Received an expired out of sequence packet ,147146,147193
206.756,Received an expired out of sequence packet ,147147,147193
206.756,Received an expired out of sequence packet ,147148,147193
206.756,Received an expired out of sequence packet ,147149,147193
206.76,Received an expired out of sequence packet ,147150,147193
206.76,Received an expired out of sequence packet ,147151,147193
206.76,Received an expired out of sequence packet ,147152,147193
206.76,Received an expired out of sequence packet ,147153,147193
206.76,Received an expired out of sequence packet ,147154,147193
206.76,Received an expired out of sequence packet ,147155,147193
206.76,Received an expired out of sequence packet ,147156,147193
206.761,Received an expired out of sequence packet ,147157,147193
206.761,Received an expired out of sequence packet ,147158,147193
206.761,Received an expired out of sequence packet ,147159,147193
206.761,Received an expired out of sequence packet ,147160,147193
206.776,Received an expired out of sequence packet ,147161,147193
206.776,Received an expired out of sequence packet ,147162,147193
206.776,Received an expired out of sequence packet ,147163,147193
206.776,Received an expired out of sequence packet ,147164,147193
206.776,Received an expired out of sequence packet ,147165,147193
206.776,Received an expired out of sequence packet ,147166,147193
206.776,Received an expired out of sequence packet ,147167,147193
206.776,Received an expired out of sequence packet ,147168,147193
206.776,Received an expired out of sequence packet ,147169,147193
206.776,Received an expired out of sequence packet ,147170,147193
206.776,Received an expired out of sequence packet ,147171,147193
206.776,Received an expired out of sequence packet ,147172,147193
206.779,Received an expired out of sequence packet ,147173,147193
206.779,Received an expired out of sequence packet ,147174,147193
206.779,Received an expired out of sequence packet ,147175,147193
206.779,Received an expired out of sequence packet ,147176,147193
206.78,Received an expired out of sequence packet ,147177,147193
206.78,Received an expired out of sequence packet ,147178,147193
206.793,Received an expired out of sequence packet ,147179,147193
206.793,Received an expired out of sequence packet ,147180,147193
206.793,Received an expired out of sequence packet ,147181,147193
206.793,Received an expired out of sequence packet ,147182,147193
206.793,Received an expired out of sequence packet ,147183,147193
206.793,Received an expired out of sequence packet ,147184,147193
206.794,Received an expired out of sequence packet ,147185,147193
206.794,Received an expired out of sequence packet ,147186,147193
206.794,Received an expired out of sequence packet ,147187,147193
206.794,Received an expired out of sequence packet ,147188,147193
206.803,Received an expired out of sequence packet ,147189,147193
206.803,Received an expired out of sequence packet ,147190,147193
206.803,Received an expired out of sequence packet ,147191,147193
206.803,Received an expired out of sequence packet ,147192,147193
237.514,Timeout
237.514,clearing sending list because of timeout
237.638,Received an expired out of sequence packet ,169765,169850
237.657,Received an expired out of sequence packet ,169766,169850
237.682,Received an expired out of sequence packet ,169767,169850
237.701,Received an expired out of sequence packet ,169768,169850
237.709,Received an expired out of sequence packet ,169769,169850
237.718,Received an expired out of sequence packet ,169770,169850
237.735,Received an expired out of sequence packet ,169771,169850
237.743,Received an expired out of sequence packet ,169772,169850
237.76,Received an expired out of sequence packet ,169773,169850
237.775,Received an expired out of sequence packet ,169774,169850
237.783,Received an expired out of sequence packet ,169775,169850
237.799,Received an expired out of sequence packet ,169776,169850
237.807,Received an expired out of sequence packet ,169777,169850
237.823,Received an expired out of sequence packet ,169778,169850
237.839,Received an expired out of sequence packet ,169779,169850
237.845,Received an expired out of sequence packet ,169780,169850
237.857,Received an expired out of sequence packet ,169781,169850
237.876,Received an expired out of sequence packet ,169782,169850
237.89,Received an expired out of sequence packet ,169783,169850
237.901,Received an expired out of sequence packet ,169784,169850
237.918,Received an expired out of sequence packet ,169785,169850
237.935,Received an expired out of sequence packet ,169786,169850
237.949,Received an expired out of sequence packet ,169787,169850
237.961,Received an expired out of sequence packet ,169788,169850
237.994,Received an expired out of sequence packet ,169789,169850
238.02,Received an expired out of sequence packet ,169790,169850
238.035,Received an expired out of sequence packet ,169791,169850
238.063,Received an expired out of sequence packet ,169792,169850
238.08,Received an expired out of sequence packet ,169793,169850
238.105,Received an expired out of sequence packet ,169794,169850
238.125,Received an expired out of sequence packet ,169795,169850
238.154,Received an expired out of sequence packet ,169796,169850
238.173,Received an expired out of sequence packet ,169797,169850
238.199,Received an expired out of sequence packet ,169798,169850
238.221,Received an expired out of sequence packet ,169799,169850
238.242,Received an expired out of sequence packet ,169800,169850
238.276,Received an expired out of sequence packet ,169801,169850
238.307,Received an expired out of sequence packet ,169802,169850
238.315,Received an expired out of sequence packet ,169803,169850
238.339,Received an expired out of sequence packet ,169804,169850
238.358,Received an expired out of sequence packet ,169805,169850
238.378,Received an expired out of sequence packet ,169806,169850
238.398,Received an expired out of sequence packet ,169807,169850
238.417,Received an expired out of sequence packet ,169808,169850
238.433,Received an expired out of sequence packet ,169809,169850
238.446,Received an expired out of sequence packet ,169810,169850
238.455,Received an expired out of sequence packet ,169811,169850
238.47,Received an expired out of sequence packet ,169812,169850
238.481,Received an expired out of sequence packet ,169813,169850
238.493,Received an expired out of sequence packet ,169814,169850
238.507,Received an expired out of sequence packet ,169815,169850
238.52,Received an expired out of sequence packet ,169816,169850
238.541,Received an expired out of sequence packet ,169817,169850
238.551,Received an expired out of sequence packet ,169818,169850
238.574,Received an expired out of sequence packet ,169819,169850
238.602,Received an expired out of sequence packet ,169820,169850
238.602,Received an expired out of sequence packet ,169821,169850
238.617,Received an expired out of sequence packet ,169822,169850
238.639,Received an expired out of sequence packet ,169823,169850
238.654,Received an expired out of sequence packet ,169824,169850
238.666,Received an expired out of sequence packet ,169825,169850
238.689,Received an expired out of sequence packet ,169826,169850
238.7,Received an expired out of sequence packet ,169827,169850
238.715,Received an expired out of sequence packet ,169828,169850
238.732,Received an expired out of sequence packet ,169829,169850
238.759,Received an expired out of sequence packet ,169830,169850
238.774,Received an expired out of sequence packet ,169831,169850
238.8,Received an expired out of sequence packet ,169832,169850
238.811,Received an expired out of sequence packet ,169833,169850
238.833,Received an expired out of sequence packet ,169834,169850
238.845,Received an expired out of sequence packet ,169835,169850
238.857,Received an expired out of sequence packet ,169836,169850
238.87,Received an expired out of sequence packet ,169837,169850
238.875,Received an expired out of sequence packet ,169838,169850
238.88,Received an expired out of sequence packet ,169839,169850
238.892,Received an expired out of sequence packet ,169840,169850
238.899,Received an expired out of sequence packet ,169841,169850
238.905,Received an expired out of sequence packet ,169842,169850
238.919,Received an expired out of sequence packet ,169843,169850
238.927,Received an expired out of sequence packet ,169844,169850
238.938,Received an expired out of sequence packet ,169845,169850
238.947,Received an expired out of sequence packet ,169846,169850
238.961,Received an expired out of sequence packet ,169847,169850
238.968,Received an expired out of sequence packet ,169848,169850
238.98,Received an expired out of sequence packet ,169849,169850
246.921,Timeout
246.921,clearing sending list because of timeout
246.939,Received an expired out of sequence packet ,175968,176034
246.939,Received an expired out of sequence packet ,175969,176034
247.119,Received an expired out of sequence packet ,175970,176034
247.126,Received an expired out of sequence packet ,175971,176034
247.126,Received an expired out of sequence packet ,175972,176034
247.129,Received an expired out of sequence packet ,175973,176034
247.129,Received an expired out of sequence packet ,175974,176034
247.13,Received an expired out of sequence packet ,175975,176034
247.134,Received an expired out of sequence packet ,175976,176034
247.134,Received an expired out of sequence packet ,175977,176034
247.134,Received an expired out of sequence packet ,175978,176034
247.134,Received an expired out of sequence packet ,175979,176034
247.134,Received an expired out of sequence packet ,175980,176034
247.134,Received an expired out of sequence packet ,175981,176034
247.135,Received an expired out of sequence packet ,175982,176034
247.135,Received an expired out of sequence packet ,175983,176034
247.135,Received an expired out of sequence packet ,175984,176034
247.135,Received an expired out of sequence packet ,175985,176034
247.135,Received an expired out of sequence packet ,175986,176034
247.135,Received an expired out of sequence packet ,175987,176034
247.135,Received an expired out of sequence packet ,175988,176034
247.136,Received an expired out of sequence packet ,175989,176034
247.136,Received an expired out of sequence packet ,175990,176034
247.136,Received an expired out of sequence packet ,175991,176034
247.136,Received an expired out of sequence packet ,175992,176034
247.136,Received an expired out of sequence packet ,175993,176034
247.136,Received an expired out of sequence packet ,175994,176034
247.136,Received an expired out of sequence packet ,175995,176034
247.136,Received an expired out of sequence packet ,175996,176034
247.136,Received an expired out of sequence packet ,175997,176034
247.136,Received an expired out of sequence packet ,175998,176034
247.136,Received an expired out of sequence packet ,175999,176034
247.136,Received an expired out of sequence packet ,176000,176034
247.136,Received an expired out of sequence packet ,176001,176034
247.136,Received an expired out of sequence packet ,176002,176034
247.136,Received an expired out of sequence packet ,176003,176034
247.156,Received an expired out of sequence packet ,176004,176034
247.156,Received an expired out of sequence packet ,176005,176034
247.156,Received an expired out of sequence packet ,176006,176034
247.156,Received an expired out of sequence packet ,176007,176034
247.156,Received an expired out of sequence packet ,176008,176034
247.156,Received an expired out of sequence packet ,176009,176034
247.156,Received an expired out of sequence packet ,176010,176034
247.165,Received an expired out of sequence packet ,176011,176034
247.165,Received an expired out of sequence packet ,176012,176034
247.17,Received an expired out of sequence packet ,176013,176034
247.17,Received an expired out of sequence packet ,176014,176034
247.17,Received an expired out of sequence packet ,176015,176034
247.17,Received an expired out of sequence packet ,176016,176034
247.173,Received an expired out of sequence packet ,176017,176034
247.173,Received an expired out of sequence packet ,176018,176034
247.173,Received an expired out of sequence packet ,176019,176034
247.176,Received an expired out of sequence packet ,176020,176034
247.181,Received an expired out of sequence packet ,176021,176034
247.181,Received an expired out of sequence packet ,176022,176034
247.185,Received an expired out of sequence packet ,176023,176034
247.189,Received an expired out of sequence packet ,176024,176034
247.189,Received an expired out of sequence packet ,176025,176034
247.189,Received an expired out of sequence packet ,176026,176034
247.193,Received an expired out of sequence packet ,176027,176034
247.193,Received an expired out of sequence packet ,176028,176034
247.194,Received an expired out of sequence packet ,176029,176034
247.195,Received an expired out of sequence packet ,176030,176034
247.195,Received an expired out of sequence packet 