1.22167,Exit slow start,exceeding SS_EXIT_THRESHOLD
19.2719,Restart,can't map delay on delay curve
20.484,Exit slow start,exceeding SS_EXIT_THRESHOLD
41.0102,Restart,can't map delay on delay curve
42.3087,Exit slow start,exceeding SS_EXIT_THRESHOLD
52.0861,Timeout
52.0861,clearing sending list because of timeout
52.0992,Received an expired out of sequence packet ,7868,7938
53.0992,Timeout
53.0992,clearing sending list because of timeout
53.1021,Received an expired out of sequence packet ,7869,7940
54.0989,Received an expired out of sequence packet ,7870,7940
54.9828,Received an expired out of sequence packet ,7871,7940
54.9879,Received an expired out of sequence packet ,7872,7940
54.992,Received an expired out of sequence packet ,7873,7940
54.992,Received an expired out of sequence packet ,7874,7940
54.9931,Received an expired out of sequence packet ,7875,7940
54.9931,Received an expired out of sequence packet ,7876,7940
54.9959,Received an expired out of sequence packet ,7877,7940
55.0012,Received an expired out of sequence packet ,7878,7940
55.0013,Received an expired out of sequence packet ,7879,7940
55.0033,Received an expired out of sequence packet ,7880,7940
55.0054,Received an expired out of sequence packet ,7881,7940
55.0083,Received an expired out of sequence packet ,7882,7940
55.0083,Received an expired out of sequence packet ,7883,7940
55.0104,Received an expired out of sequence packet ,7884,7940
55.0166,Received an expired out of sequence packet ,7885,7940
55.0166,Received an expired out of sequence packet ,7886,7940
55.0176,Received an expired out of sequence packet ,7887,7940
55.0207,Received an expired out of sequence packet ,7888,7940
55.0247,Received an expired out of sequence packet ,7889,7940
55.0247,Received an expired out of sequence packet ,7890,7940
55.0288,Received an expired out of sequence packet ,7891,7940
55.0288,Received an expired out of sequence packet ,7892,7940
55.0319,Received an expired out of sequence packet ,7893,7940
55.0319,Received an expired out of sequence packet ,7894,7940
55.0319,Received an expired out of sequence packet ,7895,7940
55.035,Received an expired out of sequence packet ,7896,7940
55.035,Received an expired out of sequence packet ,7897,7940
55.041,Received an expired out of sequence packet ,7898,7940
55.0432,Received an expired out of sequence packet ,7899,7940
55.0432,Received an expired out of sequence packet ,7900,7940
55.0453,Received an expired out of sequence packet ,7901,7940
55.0453,Received an expired out of sequence packet ,7902,7940
55.0453,Received an expired out of sequence packet ,7903,7940
55.0493,Received an expired out of sequence packet ,7904,7940
55.0524,Received an expired out of sequence packet ,7905,7940
55.0524,Received an expired out of sequence packet ,7906,7940
55.0525,Received an expired out of sequence packet ,7907,7940
55.0584,Received an expired out of sequence packet ,7908,7940
55.0585,Received an expired out of sequence packet ,7909,7940
55.0585,Received an expired out of sequence packet ,7910,7940
55.0626,Received an expired out of sequence packet ,7911,7940
55.0627,Received an expired out of sequence packet ,7912,7940
55.0678,Received an expired out of sequence packet ,7913,7940
55.0678,Received an expired out of sequence packet ,7914,7940
55.0678,Received an expired out of sequence packet ,7915,7940
55.0678,Received an expired out of sequence packet ,7916,7940
55.0678,Received an expired out of sequence packet ,7917,7940
55.0719,Received an expired out of sequence packet ,7918,7940
55.072,Received an expired out of sequence packet ,7919,7940
55.074,Received an expired out of sequence packet ,7920,7940
55.074,Received an expired out of sequence packet ,7921,7940
55.074,Received an expired out of sequence packet ,7922,7940
55.074,Received an expired out of sequence packet ,7923,7940
55.077,Received an expired out of sequence packet ,7924,7940
55.0781,Received an expired out of sequence packet ,7925,7940
55.0802,Received an expired out of sequence packet ,7926,7940
55.0802,Received an expired out of sequence packet ,7927,7940
55.0832,Received an expired out of sequence packet ,7928,7940
55.0833,Received an expired out of sequence packet ,7929,7940
55.0844,Received an expired out of sequence packet ,7930,7940
55.0884,Received an expired out of sequence packet ,7931,7940
55.0884,Received an expired out of sequence packet ,7932,7940
55.0895,Received an expired out of sequence packet ,7933,7940
55.0895,Received an expired out of sequence packet ,7934,7940
55.0926,Received an expired out of sequence packet ,7935,7940
55.0926,Received an expired out of sequence packet ,7936,7940
55.0976,Received an expired out of sequence packet ,7937,7940
55.0977,Received an expired out of sequence packet ,7938,7940
55.0977,Received an expired out of sequence packet ,7939,7940
60.3469,Restart,can't map delay on delay curve
61.1806,Exit slow start,exceeding SS_EXIT_THRESHOLD
61.1808,Restart,Alglib M<4!
62.5763,Exit slow start,exceeding SS_EXIT_THRESHOLD
64.7433,Timeout
64.7433,clearing sending list because of timeout
64.9823,Timeout
64.9823,clearing sending list because of timeout
64.9878,Received an expired out of sequence packet ,1438,1529
64.9878,Received an expired out of sequence packet ,1439,1529
64.9889,Received an expired out of sequence packet ,1440,1529
64.9889,Received an expired out of sequence packet ,1441,1529
64.9889,Received an expired out of sequence packet ,1442,1529
64.9901,Received an expired out of sequence packet ,1443,1529
64.9901,Received an expired out of sequence packet ,1444,1529
64.9901,Received an expired out of sequence packet ,1445,1529
64.9901,Received an expired out of sequence packet ,1446,1529
64.9901,Received an expired out of sequence packet ,1447,1529
64.9901,Received an expired out of sequence packet ,1448,1529
64.9901,Received an expired out of sequence packet ,1449,1529
64.9901,Received an expired out of sequence packet ,1450,1529
64.9902,Received an expired out of sequence packet ,1451,1529
64.9902,Received an expired out of sequence packet ,1452,1529
64.9902,Received an expired out of sequence packet ,1453,1529
64.9902,Received an expired out of sequence packet ,1454,1529
64.9902,Received an expired out of sequence packet ,1455,1529
64.9902,Received an expired out of sequence packet ,1456,1529
64.9912,Received an expired out of sequence packet ,1457,1529
64.9913,Received an expired out of sequence packet ,1458,1529
64.9913,Received an expired out of sequence packet ,1459,1529
64.9913,Received an expired out of sequence packet ,1460,1529
64.9913,Received an expired out of sequence packet ,1461,1529
64.9913,Received an expired out of sequence packet ,1462,1529
64.9913,Received an expired out of sequence packet ,1463,1529
64.9983,Received an expired out of sequence packet ,1464,1529
64.9983,Received an expired out of sequence packet ,1465,1529
65.0004,Received an expired out of sequence packet ,1466,1529
65.0004,Received an expired out of sequence packet ,1467,1529
65.0004,Received an expired out of sequence packet ,1468,1529
65.0004,Received an expired out of sequence packet ,1469,1529
65.0004,Received an expired out of sequence packet ,1470,1529
65.0004,Received an expired out of sequence packet ,1471,1529
65.0004,Received an expired out of sequence packet ,1472,1529
65.0004,Received an expired out of sequence packet ,1473,1529
65.0025,Received an expired out of sequence packet ,1474,1529
65.0025,Received an expired out of sequence packet ,1475,1529
65.0025,Received an expired out of sequence packet ,1476,1529
65.0025,Received an expired out of sequence packet ,1477,1529
65.0025,Received an expired out of sequence packet ,1478,1529
65.0025,Received an expired out of sequence packet ,1479,1529
65.0026,Received an expired out of sequence packet ,1480,1529
65.0026,Received an expired out of sequence packet ,1481,1529
65.0026,Received an expired out of sequence packet ,1482,1529
65.0026,Received an expired out of sequence packet ,1483,1529
65.0026,Received an expired out of sequence packet ,1484,1529
65.0026,Received an expired out of sequence packet ,1485,1529
65.0036,Received an expired out of sequence packet ,1486,1529
65.0036,Received an expired out of sequence packet ,1487,1529
65.0036,Received an expired out of sequence packet ,1488,1529
65.0047,Received an expired out of sequence packet ,1489,1529
65.0047,Received an expired out of sequence packet ,1490,1529
65.0047,Received an expired out of sequence packet ,1491,1529
65.0057,Received an expired out of sequence packet ,1492,1529
65.0058,Received an expired out of sequence packet ,1493,1529
65.0058,Received an expired out of sequence packet ,1494,1529
65.0058,Received an expired out of sequence packet ,1495,1529
65.0058,Received an expired out of sequence packet ,1496,1529
65.0078,Received an expired out of sequence packet ,1497,1529
65.0079,Received an expired out of sequence packet ,1498,1529
65.0097,Received an expired out of sequence packet ,1499,1529
65.0097,Received an expired out of sequence packet ,1500,1529
65.0097,Received an expired out of sequence packet ,1501,1529
65.0097,Received an expired out of sequence packet ,1502,1529
65.0097,Received an expired out of sequence packet ,1503,1529
65.0097,Received an expired out of sequence packet ,1504,1529
65.0097,Received an expired out of sequence packet ,1505,1529
65.0097,Received an expired out of sequence packet ,1506,1529
65.0133,Received an expired out of sequence packet ,1507,1529
65.0133,Received an expired out of sequence packet ,1508,1529
65.0133,Received an expired out of sequence packet ,1509,1529
65.0133,Received an expired out of sequence packet ,1510,1529
65.0133,Received an expired out of sequence packet ,1511,1529
65.0133,Received an expired out of sequence packet ,1512,1529
65.0133,Received an expired out of sequence packet ,1513,1529
65.0133,Received an expired out of sequence packet ,1514,1529
65.0134,Received an expired out of sequence packet ,1515,1529
65.0134,Received an expired out of sequence packet ,1516,1529
65.0134,Received an expired out of sequence packet ,1517,1529
65.0204,Received an expired out of sequence packet ,1518,1529
65.0204,Received an expired out of sequence packet ,1519,1529
65.0204,Received an expired out of sequence packet ,1520,1529
65.0235,Received an expired out of sequence packet ,1521,1529
65.0235,Received an expired out of sequence packet ,1522,1529
65.0235,Received an expired out of sequence packet ,1523,1529
65.0235,Received an expired out of sequence packet ,1524,1529
65.0235,Received an expired out of sequence packet ,1525,1529
65.0296,Received an expired out of sequence packet ,1526,1529
65.0296,Received an expired out of sequence packet ,1527,1529
65.0317,Received an expired out of sequence packet ,1528,1529
73.5793,Timeout
73.5793,clearing sending list because of timeout
73.589,Received an expired out of sequence packet ,9979,10138
74.589,Timeout
74.589,clearing sending list because of timeout
74.6022,Received an expired out of sequence packet ,9980,10140
75.0939,Received an expired out of sequence packet ,9981,10140
75.096,Received an expired out of sequence packet ,9982,10140
75.096,Received an expired out of sequence packet ,9983,10140
75.096,Received an expired out of sequence packet ,9984,10140
75.096,Received an expired out of sequence packet ,9985,10140
75.0961,Received an expired out of sequence packet ,9986,10140
75.0961,Received an expired out of sequence packet ,9987,10140
75.0961,Received an expired out of sequence packet ,9988,10140
75.0961,Received an expired out of sequence packet ,9989,10140
75.0961,Received an expired out of sequence packet ,9990,10140
75.0962,Received an expired out of sequence packet ,9991,10140
75.0962,Received an expired out of sequence packet ,9992,10140
75.0962,Received an expired out of sequence packet ,9993,10140
75.0962,Received an expired out of sequence packet ,9994,10140
75.0962,Received an expired out of sequence packet ,9995,10140
75.1061,Received an expired out of sequence packet ,9996,10140
75.1163,Received an expired out of sequence packet ,9997,10140
75.1196,Received an expired out of sequence packet ,9998,10140
75.1353,Received an expired out of sequence packet ,9999,10140
75.1364,Received an expired out of sequence packet ,10000,10140
75.1365,Received an expired out of sequence packet ,10001,10140
75.1365,Received an expired out of sequence packet ,10002,10140
75.1365,Received an expired out of sequence packet ,10003,10140
75.1365,Received an expired out of sequence packet ,10004,10140
75.1365,Received an expired out of sequence packet ,10005,10140
75.1365,Received an expired out of sequence packet ,10006,10140
75.1366,Received an expired out of sequence packet ,10007,10140
75.1366,Received an expired out of sequence packet ,10008,10140
75.1366,Received an expired out of sequence packet ,10009,10140
75.1366,Received an expired out of sequence packet ,10010,10140
75.1406,Received an expired out of sequence packet ,10011,10140
75.1407,Received an expired out of sequence packet ,10012,10140
75.1407,Received an expired out of sequence packet ,10013,10140
75.1407,Received an expired out of sequence packet ,10014,10140
75.1407,Received an expired out of sequence packet ,10015,10140
75.1407,Received an expired out of sequence packet ,10016,10140
75.1407,Received an expired out of sequence packet ,10017,10140
75.1408,Received an expired out of sequence packet ,10018,10140
75.1408,Received an expired out of sequence packet ,10019,10140
75.1408,Received an expired out of sequence packet ,10020,10140
75.1408,Received an expired out of sequence packet ,10021,10140
75.1408,Received an expired out of sequence packet ,10022,10140
75.1408,Received an expired out of sequence packet ,10023,10140
75.1408,Received an expired out of sequence packet ,10024,10140
75.1409,Received an expired out of sequence packet ,10025,10140
75.1409,Received an expired out of sequence packet ,10026,10140
75.1409,Received an expired out of sequence packet ,10027,10140
75.1409,Received an expired out of sequence packet ,10028,10140
75.1409,Received an expired out of sequence packet ,10029,10140
75.1409,Received an expired out of sequence packet ,10030,10140
75.141,Received an expired out of sequence packet ,10031,10140
75.1856,Received an expired out of sequence packet ,10032,10140
75.1868,Received an expired out of sequence packet ,10033,10140
75.1868,Received an expired out of sequence packet ,10034,10140
75.1868,Received an expired out of sequence packet ,10035,10140
75.1868,Received an expired out of sequence packet ,10036,10140
75.1868,Received an expired out of sequence packet ,10037,10140
75.1868,Received an expired out of sequence packet ,10038,10140
75.1869,Received an expired out of sequence packet ,10039,10140
75.1869,Received an expired out of sequence packet ,10040,10140
75.1869,Received an expired out of sequence packet ,10041,10140
75.1869,Received an expired out of sequence packet ,10042,10140
75.1869,Received an expired out of sequence packet ,10043,10140
75.1869,Received an expired out of sequence packet ,10044,10140
75.187,Received an expired out of sequence packet ,10045,10140
75.2168,Received an expired out of sequence packet ,10046,10140
75.2168,Received an expired out of sequence packet ,10047,10140
75.2169,Received an expired out of sequence packet ,10048,10140
75.2169,Received an expired out of sequence packet ,10049,10140
75.2169,Received an expired out of sequence packet ,10050,10140
75.2169,Received an expired out of sequence packet ,10051,10140
75.2169,Received an expired out of sequence packet ,10052,10140
75.2169,Received an expired out of sequence packet ,10053,10140
75.217,Received an expired out of sequence packet ,10054,10140
75.217,Received an expired out of sequence packet ,10055,10140
75.221,Received an expired out of sequence packet ,10056,10140
75.2261,Received an expired out of sequence packet ,10057,10140
75.2261,Received an expired out of sequence packet ,10058,10140
75.2273,Received an expired out of sequence packet ,10059,10140
75.2273,Received an expired out of sequence packet ,10060,10140
75.2273,Received an expired out of sequence packet ,10061,10140
75.2273,Received an expired out of sequence packet ,10062,10140
75.2273,Received an expired out of sequence packet ,10063,10140
75.2284,Received an expired out of sequence packet ,10064,10140
75.2285,Received an expired out of sequence packet ,10065,10140
75.2285,Received an expired out of sequence packet ,10066,10140
75.2299,Received an expired out of sequence packet ,10067,10140
75.23,Received an expired out of sequence packet ,10068,10140
75.23,Received an expired out of sequence packet ,10069,10140
75.23,Received an expired out of sequence packet ,10070,10140
75.23,Received an expired out of sequence packet ,10071,10140
75.23,Received an expired out of sequence packet ,10072,10140
75.2481,Received an expired out of sequence packet ,10073,10140
75.2481,Received an expired out of sequence packet ,10074,10140
75.2482,Received an expired out of sequence packet ,10075,10140
75.2482,Received an expired out of sequence packet ,10076,10140
75.2482,Received an expired out of sequence packet ,10077,10140
75.2512,Received an expired out of sequence packet ,10078,10140
75.2604,Received an expired out of sequence packet ,10079,10140
75.3507,Received an expired out of sequence packet ,10080,10140
75.3507,Received an expired out of sequence packet ,10081,10140
75.3508,Received an expired out of sequence packet ,10082,10140
75.359,Received an expired out of sequence packet ,10083,10140
75.359,Received an expired out of sequence packet ,10084,10140
75.3621,Received an expired out of sequence packet ,10085,10140
75.3621,Received an expired out of sequence packet ,10086,10140
75.3621,Received an expired out of sequence packet ,10087,10140
75.3622,Received an expired out of sequence packet ,10088,10140
75.3622,Received an expired out of sequence packet ,10089,10140
75.3633,Received an expired out of sequence packet ,10090,10140
75.3633,Received an expired out of sequence packet ,10091,10140
75.3633,Received an expired out of sequence packet ,10092,10140
75.3633,Received an expired out of sequence packet ,10093,10140
75.3711,Received an expired out of sequence packet ,10094,10140
75.3712,Received an expired out of sequence packet ,10095,10140
75.3712,Received an expired out of sequence packet ,10096,10140
75.3712,Received an expired out of sequence packet ,10097,10140
75.3745,Received an expired out of sequence packet ,10098,10140
75.3895,Received an expired out of sequence packet ,10099,10140
75.3916,Received an expired out of sequence packet ,10100,10140
75.3917,Received an expired out of sequence packet ,10101,10140
75.3917,Received an expired out of sequence packet ,10102,10140
75.3917,Received an expired out of sequence packet ,10103,10140
75.3918,Received an expired out of sequence packet ,10104,10140
75.3928,Received an expired out of sequence packet ,10105,10140
75.4109,Received an expired out of sequence packet ,10106,10140
75.4109,Received an expired out of sequence packet ,10107,10140
75.4109,Received an expired out of sequence packet ,10108,10140
75.4109,Received an expired out of sequence packet ,10109,10140
75.412,Received an expired out of sequence packet ,10110,10140
75.4989,Received an expired out of sequence packet ,10111,10140
75.4989,Received an expired out of sequence packet ,10112,10140
75.4989,Received an expired out of sequence packet ,10113,10140
75.4989,Received an expired out of sequence packet ,10114,10140
75.499,Received an expired out of sequence packet ,10115,10140
75.499,Received an expired out of sequence packet ,10116,10140
75.499,Received an expired out of sequence packet ,10117,10140
75.499,Received an expired out of sequence packet ,10118,10140
75.499,Received an expired out of sequence packet ,10119,10140
75.499,Received an expired out of sequence packet ,10120,10140
75.4991,Received an expired out of sequence packet ,10121,10140
75.4991,Received an expired out of sequence packet ,10122,10140
75.4991,Received an expired out of sequence packet ,10123,10140
75.4991,Received an expired out of sequence packet ,10124,10140
75.4991,Received an expired out of sequence packet ,10125,10140
75.4991,Received an expired out of sequence packet ,10126,10140
75.4992,Received an expired out of sequence packet ,10127,10140
75.4992,Received an expired out of sequence packet ,10128,10140
75.4992,Received an expired out of sequence packet ,10129,10140
75.4992,Received an expired out of sequence packet ,10130,10140
75.4992,Received an expired out of sequence packet ,10131,10140
75.4992,Received an expired out of sequence packet ,10132,10140
75.5021,Received an expired out of sequence packet ,10133,10140
75.5021,Received an expired out of sequence packet ,10134,10140
75.5021,Received an expired out of sequence packet ,10135,10140
75.5032,Received an expired out of sequence packet ,10136,10140
75.5032,Received an expired out of sequence packet ,10137,10140
75.5032,Received an expired out of sequence packet ,10138,10140
75.5032,Received an expired out of sequence packet ,10139,10140
78.5887,Timeout
78.5887,clearing sending list because of timeout
78.6005,Received an expired out of sequence packet ,10916,11103
78.6344,Received an expired out of sequence packet ,10917,11103
78.6386,Received an expired out of sequence packet ,10918,11103
78.7103,Received an expired out of sequence packet ,10919,11103
78.7103,Received an expired out of sequence packet ,10920,11103
78.7104,Received an expired out of sequence packet ,10921,11103
78.7104,Received an expired out of sequence packet ,10922,11103
78.7104,Received an expired out of sequence packet ,10923,11103
78.7104,Received an expired out of sequence packet ,10924,11103
78.7104,Received an expired out of sequence packet ,10925,11103
78.7104,Received an expired out of sequence packet ,10926,11103
78.7104,Received an expired out of sequence packet ,10927,11103
78.7105,Received an expired out of sequence packet ,10928,11103
78.7105,Received an expired out of sequence packet ,10929,11103
78.7105,Received an expired out of sequence packet ,10930,11103
78.7135,Received an expired out of sequence packet ,10931,11103
78.7429,Received an expired out of sequence packet ,10932,11103
78.743,Received an expired out of sequence packet ,10933,11103
78.743,Received an expired out of sequence packet ,10934,11103
78.743,Received an expired out of sequence packet ,10935,11103
78.743,Received an expired out of sequence packet ,10936,11103
78.743,Received an expired out of sequence packet ,10937,11103
78.7431,Received an expired out of sequence packet ,10938,11103
78.7431,Received an expired out of sequence packet ,10939,11103
78.7431,Received an expired out of sequence packet ,10940,11103
78.7441,Received an expired out of sequence packet ,10941,11103
78.7441,Received an expired out of sequence packet ,10942,11103
78.7442,Received an expired out of sequence packet ,10943,11103
78.7442,Received an expired out of sequence packet ,10944,11103
78.7571,Received an expired out of sequence packet ,10945,11103
78.7571,Received an expired out of sequence packet ,10946,11103
78.7572,Received an expired out of sequence packet ,10947,11103
78.7572,Received an expired out of sequence packet ,10948,11103
78.7572,Received an expired out of sequence packet ,10949,11103
78.7572,Received an expired out of sequence packet ,10950,11103
78.7572,Received an expired out of sequence packet ,10951,11103
78.7573,Received an expired out of sequence packet ,10952,11103
78.7573,Received an expired out of sequence packet ,10953,11103
78.7573,Received an expired out of sequence packet ,10954,11103
78.7664,Received an expired out of sequence packet ,10955,11103
78.7664,Received an expired out of sequence packet ,10956,11103
78.7664,Received an expired out of sequence packet ,10957,11103
78.7664,Received an expired out of sequence packet ,10958,11103
78.7755,Received an expired out of sequence packet ,10959,11103
78.7755,Received an expired out of sequence packet ,10960,11103
78.7776,Received an expired out of sequence packet ,10961,11103
78.7777,Received an expired out of sequence packet ,10962,11103
78.7777,Received an expired out of sequence packet ,10963,11103
78.7777,Received an expired out of sequence packet ,10964,11103
78.7777,Received an expired out of sequence packet ,10965,11103
78.7777,Received an expired out of sequence packet ,10966,11103
78.7778,Received an expired out of sequence packet ,10967,11103
78.7778,Received an expired out of sequence packet ,10968,11103
78.8195,Received an expired out of sequence packet ,10969,11103
78.8196,Received an expired out of sequence packet ,10970,11103
78.8196,Received an expired out of sequence packet ,10971,11103
78.8196,Received an expired out of sequence packet ,10972,11103
78.8196,Received an expired out of sequence packet ,10973,11103
78.8196,Received an expired out of sequence packet ,10974,11103
78.9062,Received an expired out of sequence packet ,10975,11103
78.9062,Received an expired out of sequence packet ,10976,11103
78.9063,Received an expired out of sequence packet ,10977,11103
78.9063,Received an expired out of sequence packet ,10978,11103
78.9104,Received an expired out of sequence packet ,10979,11103
78.9104,Received an expired out of sequence packet ,10980,11103
78.9104,Received an expired out of sequence packet ,10981,11103
78.9104,Received an expired out of sequence packet ,10982,11103
78.9126,Received an expired out of sequence packet ,10983,11103
78.9126,Received an expired out of sequence packet ,10984,11103
78.9126,Received an expired out of sequence packet ,10985,11103
78.9126,Received an expired out of sequence packet ,10986,11103
78.9127,Received an expired out of sequence packet ,10987,11103
78.9127,Received an expired out of sequence packet ,10988,11103
78.9127,Received an expired out of sequence packet ,10989,11103
78.9127,Received an expired out of sequence packet ,10990,11103
78.9127,Received an expired out of sequence packet ,10991,11103
78.9127,Received an expired out of sequence packet ,10992,11103
78.9128,Received an expired out of sequence packet ,10993,11103
78.9128,Received an expired out of sequence packet ,10994,11103
78.9128,Received an expired out of sequence packet ,10995,11103
78.9128,Received an expired out of sequence packet ,10996,11103
78.9128,Received an expired out of sequence packet ,10997,11103
78.9128,Received an expired out of sequence packet ,10998,11103
78.9129,Received an expired out of sequence packet ,10999,11103
78.9158,Received an expired out of sequence packet ,11000,11103
78.9159,Received an expired out of sequence packet ,11001,11103
78.9159,Received an expired out of sequence packet ,11002,11103
78.9159,Received an expired out of sequence packet ,11003,11103
78.9159,Received an expired out of sequence packet ,11004,11103
78.916,Received an expired out of sequence packet ,11005,11103
78.916,Received an expired out of sequence packet ,11006,11103
78.916,Received an expired out of sequence packet ,11007,11103
78.916,Received an expired out of sequence packet ,11008,11103
78.916,Received an expired out of sequence packet ,11009,11103
78.916,Received an expired out of sequence packet ,11010,11103
78.917,Received an expired out of sequence packet ,11011,11103
78.9171,Received an expired out of sequence packet ,11012,11103
78.9171,Received an expired out of sequence packet ,11013,11103
78.9171,Received an expired out of sequence packet ,11014,11103
78.9171,Received an expired out of sequence packet ,11015,11103
78.9171,Received an expired out of sequence packet ,11016,11103
78.9171,Received an expired out of sequence packet ,11017,11103
78.9172,Received an expired out of sequence packet ,11018,11103
78.9172,Received an expired out of sequence packet ,11019,11103
78.9172,Received an expired out of sequence packet ,11020,11103
78.9182,Received an expired out of sequence packet ,11021,11103
78.9183,Received an expired out of sequence packet ,11022,11103
78.9183,Received an expired out of sequence packet ,11023,11103
78.9183,Received an expired out of sequence packet ,11024,11103
78.9183,Received an expired out of sequence packet ,11025,11103
78.9184,Received an expired out of sequence packet ,11026,11103
78.9184,Received an expired out of sequence packet ,11027,11103
78.9184,Received an expired out of sequence packet ,11028,11103
78.9184,Received an expired out of sequence packet ,11029,11103
78.9184,Received an expired out of sequence packet ,11030,11103
78.9184,Received an expired out of sequence packet ,11031,11103
78.9185,Received an expired out of sequence packet ,11032,11103
78.9185,Received an expired out of sequence packet ,11033,11103
78.9185,Received an expired out of sequence packet ,11034,11103
78.9185,Received an expired out of sequence packet ,11035,11103
78.9185,Received an expired out of sequence packet ,11036,11103
78.9185,Received an expired out of sequence packet ,11037,11103
78.9225,Received an expired out of sequence packet ,11038,11103
78.9225,Received an expired out of sequence packet ,11039,11103
78.9225,Received an expired out of sequence packet ,11040,11103
78.9225,Received an expired out of sequence packet ,11041,11103
78.9226,Received an expired out of sequence packet ,11042,11103
78.9567,Received an expired out of sequence packet ,11043,11103
78.9568,Received an expired out of sequence packet ,11044,11103
78.9568,Received an expired out of sequence packet ,11045,11103
78.9568,Received an expired out of sequence packet ,11046,11103
78.9568,Received an expired out of sequence packet ,11047,11103
78.9568,Received an expired out of sequence packet ,11048,11103
78.9568,Received an expired out of sequence packet ,11049,11103
78.9569,Received an expired out of sequence packet ,11050,11103
78.9569,Received an expired out of sequence packet ,11051,11103
78.9649,Received an expired out of sequence packet ,11052,11103
78.9649,Received an expired out of sequence packet ,11053,11103
78.965,Received an expired out of sequence packet ,11054,11103
78.965,Received an expired out of sequence packet ,11055,11103
78.965,Received an expired out of sequence packet ,11056,11103
78.965,Received an expired out of sequence packet ,11057,11103
78.965,Received an expired out of sequence packet ,11058,11103
78.9671,Received an expired out of sequence packet ,11059,11103
78.9671,Received an expired out of sequence packet ,11060,11103
78.9892,Received an expired out of sequence packet ,11061,11103
78.9892,Received an expired out of sequence packet ,11062,11103
78.9993,Received an expired out of sequence packet ,11063,11103
78.9993,Received an expired out of sequence packet ,11064,11103
78.9994,Received an expired out of sequence packet ,11065,11103
78.9994,Received an expired out of sequence packet ,11066,11103
79.0034,Received an expired out of sequence packet ,11067,11103
79.0035,Received an expired out of sequence packet ,11068,11103
79.0035,Received an expired out of sequence packet ,11069,11103
79.0035,Received an expired out of sequence packet ,11070,11103
79.0036,Received an expired out of sequence packet ,11071,11103
79.0036,Received an expired out of sequence packet ,11072,11103
79.0238,Received an expired out of sequence packet ,11073,11103
79.0238,Received an expired out of sequence packet ,11074,11103
79.0239,Received an expired out of sequence packet ,11075,11103
79.0239,Received an expired out of sequence packet ,11076,11103
79.0239,Received an expired out of sequence packet ,11077,11103
79.0239,Received an expired out of sequence packet ,11078,11103
79.0239,Received an expired out of sequence packet ,11079,11103
79.024,Received an expired out of sequence packet ,11080,11103
79.024,Received an expired out of sequence packet ,11081,11103
79.024,Received an expired out of sequence packet ,11082,11103
79.024,Received an expired out of sequence packet ,11083,11103
79.024,Received an expired out of sequence packet ,11084,11103
79.024,Received an expired out of sequence packet ,11085,11103
79.0241,Received an expired out of sequence packet ,11086,11103
79.0241,Received an expired out of sequence packet ,11087,11103
79.0241,Received an expired out of sequence packet ,11088,11103
79.0241,Received an expired out of sequence packet ,11089,11103
79.0241,Received an expired out of sequence packet ,11090,11103
79.0241,Received an expired out of sequence packet ,11091,11103
79.0242,Received an expired out of sequence packet ,11092,11103
79.0321,Received an expired out of sequence packet ,11093,11103
79.0321,Received an expired out of sequence packet ,11094,11103
79.0321,Received an expired out of sequence packet ,11095,11103
79.0321,Received an expired out of sequence packet ,11096,11103
79.0352,Received an expired out of sequence packet ,11097,11103
79.0353,Received an expired out of sequence packet ,11098,11103
79.0869,Received an expired out of sequence packet ,11099,11103
79.0869,Received an expired out of sequence packet ,11100,11103
79.087,Received an expired out of sequence packet ,11101,11103
79.087,Received an expired out of sequence packet ,11102,11103
139.016,Restart,can't map delay on delay curve
140.18,Exit slow start,exceeding SS_EXIT_THRESHOLD
161.247,Restart,can't map delay on delay curve
162.243,Exit slow start,exceeding SS_EXIT_THRESHOLD
162.243,Restart,Alglib M<4!
163.602,Exit slow start,exceeding SS_EXIT_THRESHOLD
202.96,Restart,can't map delay on delay curve
204.444,Exit slow start,exceeding SS_EXIT_THRESHOLD
215.807,Timeout
215.807,clearing sending list because of timeout
215.811,Received an expired out of sequence packet ,9507,9556
215.934,Received an expired out of sequence packet ,9508,9556
216.029,Received an expired out of sequence packet ,9509,9556
216.029,Received an expired out of sequence packet ,9510,9556
216.114,Received an expired out of sequence packet ,9511,9556
216.115,Received an expired out of sequence packet ,9512,9556
216.117,Received an expired out of sequence packet ,9513,9556
216.117,Received an expired out of sequence packet ,9514,9556
216.119,Received an expired out of sequence packet ,9515,9556
216.124,Received an expired out of sequence packet ,9516,9556
216.124,Received an expired out of sequence packet ,9517,9556
216.128,Received an expired out of sequence packet ,9518,9556
216.129,Received an expired out of sequence packet ,9519,9556
216.129,Received an expired out of sequence packet ,9520,9556
216.132,Received an expired out of sequence packet ,9521,9556
216.138,Received an expired out of sequence packet ,9522,9556
216.138,Received an expired out of sequence packet ,9523,9556
216.138,Received an expired out of sequence packet ,9524,9556
216.145,Received an expired out of sequence packet ,9525,9556
216.145,Received an expired out of sequence packet ,9526,9556
216.146,Received an expired out of sequence packet ,9527,9556
216.146,Received an expired out of sequence packet ,9528,9556
216.146,Received an expired out of sequence packet ,9529,9556
216.146,Received an expired out of sequence packet ,9530,9556
216.148,Received an expired out of sequence packet ,9531,9556
216.148,Received an expired out of sequence packet ,9532,9556
216.148,Received an expired out of sequence packet ,9533,9556
216.148,Received an expired out of sequence packet ,9534,9556
216.15,Received an expired out of sequence packet ,9535,9556
216.15,Received an expired out of sequence packet ,9536,9556
216.152,Received an expired out of sequence packet ,9537,9556
216.155,Received an expired out of sequence packet ,9538,9556
216.155,Received an expired out of sequence packet ,9539,9556
216.155,Received an expired out of sequence packet ,9540,9556
216.156,Received an expired out of sequence packet ,9541,9556
216.159,Received an expired out of sequence packet ,9542,9556
216.159,Received an expired out of sequence packet ,9543,9556
216.161,Received an expired out of sequence packet ,9544,9556
216.162,Received an expired out of sequence packet ,9545,9556
216.163,Received an expired out of sequence packet ,9546,9556
216.258,Received an expired out of sequence packet ,9547,9556
216.292,Received an expired out of sequence packet ,9548,9556
216.297,Received an expired out of sequence packet ,9549,9556
216.299,Received an expired out of sequence packet ,9550,9556
216.299,Received an expired out of sequence packet ,9551,9556
216.301,Received an expired out of sequence packet ,9552,9556
216.301,Received an expired out of sequence packet ,9553,9556
216.304,Received an expired out of sequence packet ,9554,9556
216.304,Received an expired out of sequence packet ,9555,9556
268.759,Timeout
268.759,clearing sending list because of timeout
269.169,Timeout
269.169,clearing sending list because of timeout
269.392,Received an expired out of sequence packet ,46880,46967
269.392,Received an expired out of sequence packet ,46881,46967
269.512,Received an expired out of sequence packet ,46882,46967
269.517,Received an expired out of sequence packet ,46883,46967
269.517,Received an expired out of sequence packet ,46884,46967
269.521,Received an expired out of sequence packet ,46885,46967
269.521,Received an expired out of sequence packet ,46886,46967
269.525,Received an expired out of sequence packet ,46887,46967
269.525,Received an expired out of sequence packet ,46888,46967
269.525,Received an expired out of sequence packet ,46889,46967
269.525,Received an expired out of sequence packet ,46890,46967
269.528,Received an expired out of sequence packet ,46891,46967
269.532,Received an expired out of sequence packet ,46892,46967
269.532,Received an expired out of sequence packet ,46893,46967
269.532,Received an expired out of sequence packet ,46894,46967
269.534,Received an expired out of sequence packet ,46895,46967
269.534,Received an expired out of sequence packet ,46896,46967
269.535,Received an expired out of sequence packet ,46897,46967
269.571,Received an expired out of sequence packet ,46898,46967
269.581,Received an expired out of sequence packet ,46899,46967
269.581,Received an expired out of sequence packet ,46900,46967
269.584,Received an expired out of sequence packet ,46901,46967
269.588,Received an expired out of sequence packet ,46902,46967
269.588,Received an expired out of sequence packet ,46903,46967
269.589,Received an expired out of sequence packet ,46904,46967
269.589,Received an expired out of sequence packet ,46905,46967
269.592,Received an expired out of sequence packet ,46906,46967
269.592,Received an expired out of sequence packet ,46907,46967
269.595,Received an expired out of sequence packet ,46908,46967
269.595,Received an expired out of sequence packet ,46909,46967
269.597,Received an expired out of sequence packet ,46910,46967
269.597,Received an expired out of sequence packet ,46911,46967
269.597,Received an expired out of sequence packet ,46912,46967
269.6,Received an expired out of sequence packet ,46913,46967
269.6,Received an expired out of sequence packet ,46914,46967
269.604,Received an expired out of sequence packet ,46915,46967
269.604,Received an expired out of sequence packet ,46916,46967
269.604,Received an expired out of sequence packet ,46917,46967
269.608,Received an expired out of sequence packet ,46918,46967
269.608,Received an expired out of sequence packet ,46919,46967
269.751,Received an expired out of sequence packet ,46920,46967
269.76,Received an expired out of sequence packet ,46921,46967
269.761,Received an expired out of sequence packet ,46922,46967
269.764,Received an expired out of sequence packet ,46923,46967
269.764,Received an expired out of sequence packet ,46924,46967
269.765,Received an expired out of sequence packet ,46925,46967
269.768,Received an expired out of sequence packet ,46926,46967
269.768,Received an expired out of sequence packet ,46927,46967
269.768,Received an expired out of sequence packet ,46928,46967
269.771,Received an expired out of sequence packet ,46929,46967
269.771,Received an expired out of sequence packet ,46930,46967
269.771,Received an expired out of sequence packet ,46931,46967
269.771,Received an expired out of sequence packet ,46932,46967
269.775,Received an expired out of sequence packet ,46933,46967
269.775,Received an expired out of sequence packet ,46934,46967
269.779,Received an expired out of sequence packet ,46935,46967
269.779,Received an expired out of sequence packet ,46936,46967
269.779,Received an expired out of sequence packet ,46937,46967
269.779,Received an expired out of sequence packet ,46938,46967
269.784,Received an expired out of sequence packet ,46939,46967
269.784,Received an expired out of sequence packet ,46940,46967
269.784,Received an expired out of sequence packet ,46941,46967
269.784,Received an expired out of sequence packet ,46942,46967
269.784,Received an expired out of sequence packet ,46943,46967
269.784,Received an expired out of sequence packet ,46944,46967
269.788,Received an expired out of sequence packet ,46945,46967
269.788,Received an expired out of sequence packet ,46946,46967
269.788,Received an expired out of sequence packet ,46947,46967
269.788,Received an expired out of sequence packet ,46948,46967
269.791,Received an expired out of sequence packet ,46949,46967
269.791,Received an expired out of sequence packet ,46950,46967
269.791,Received an expired out of sequence packet ,46951,46967
269.795,Received an expired out of sequence packet ,46952,46967
269.795,Received an expired out of sequence packet ,46953,46967
269.796,Received an expired out of sequence packet ,46954,46967
269.796,Received an expired out of sequence packet ,46955,46967
269.798,Received an expired out of sequence packet ,46956,46967
269.798,Received an expired out of sequence packet ,46957,46967
269.798,Received an expired out of sequence packet ,46958,46967
269.801,Received an expired out of sequence packet ,46959,46967
269.801,Received an expired out of sequence packet ,46960,46967
269.802,Received an expired out of sequence packet ,46961,46967
269.802,Received an expired out of sequence packet ,46962,46967
269.802,Received an expired out of sequence packet ,46963,46967
269.805,Received an expired out of sequence packet ,46964,46967
269.807,Received an expired out of sequence packet ,46965,46967
269.807,Received an expired out of sequence packet ,46966,46967
291.405,Timeout
291.405,clearing sending list because of timeout
291.826,Received an expired out of sequence packet ,59269,59469
291.826,Received an expired out of sequence packet ,59270,59469
291.826,Received an expired out of sequence packet ,59271,59469
291.826,Received an expired out of sequence packet ,59272,59469
291.826,Received an expired out of sequence packet ,59273,59469
291.826,Received an expired out of sequence packet ,59274,59469
291.826,Received an expired out of sequence packet ,59275,59469
291.826,Received an expired out of sequence packet ,59276,59469
291.826,Received an expired out of sequence packet ,59277,59469
291.826,Received an expired out of sequence packet ,59278,59469
291.826,Received an expired out of sequence packet ,59279,59469
291.874,Received an expired out of sequence packet ,59280,59469
291.878,Received an expired out of sequence packet ,59281,59469
291.878,Received an expired out of sequence packet ,59282,59469
291.878,Received an expired out of sequence packet ,59283,59469
291.878,Received an expired out of sequence packet ,59284,59469
291.878,Received an expired out of sequence packet ,59285,59469
291.879,Received an expired out of sequence packet ,59286,59469
291.879,Received an expired out of sequence packet ,59287,59469
291.879,Received an expired out of sequence packet ,59288,59469
291.879,Received an expired out of sequence packet ,59289,59469
291.879,Received an expired out of sequence packet ,59290,59469
291.879,Received an expired out of sequence packet ,59291,59469
291.879,Received an expired out of sequence packet ,59292,59469
291.879,Received an expired out of sequence packet ,59293,59469
291.879,Received an expired out of sequence packet ,59294,59469
291.882,Received an expired out of sequence packet ,59295,59469
291.883,Received an expired out of sequence packet ,59296,59469
291.883,Received an expired out of sequence packet ,59297,59469
291.883,Received an expired out of sequence packet ,59298,59469
291.883,Received an expired out of sequence packet ,59299,59469
291.883,Received an expired out of sequence packet ,59300,59469
291.913,Received an expired out of sequence packet ,59301,59469
291.916,Received an expired out of sequence packet ,59302,59469
291.92,Received an expired out of sequence packet ,59303,59469
291.921,Received an expired out of sequence packet ,59304,59469
291.921,Received an expired out of sequence packet ,59305,59469
291.925,Received an expired out of sequence packet ,59306,59469
291.926,Received an expired out of sequence packet ,59307,59469
291.926,Received an expired out of sequence packet ,59308,59469
291.926,Received an expired out of sequence packet ,59309,59469
291.926,Received an expired out of sequence packet ,59310,59469
291.926,Received an expired out of sequence packet ,59311,59469
291.933,Received an expired out of sequence packet ,59312,59469
291.933,Received an expired out of sequence packet ,59313,59469
291.933,Received an expired out of sequence packet ,59314,59469
291.933,Received an expired out of sequence packet ,59315,59469
291.933,Received an expired out of sequence packet ,59316,59469
291.933,Received an expired out of sequence packet ,59317,59469
291.933,Received an expired out of sequence packet ,59318,59469
291.933,Received an expired out of sequence packet ,59319,59469
291.935,Received an expired out of sequence packet ,59320,59469
291.95,Received an expired out of sequence packet ,59321,59469
291.95,Received an expired out of sequence packet ,59322,59469
291.95,Received an expired out of sequence packet ,59323,59469
291.95,Received an expired out of sequence packet ,59324,59469
291.95,Received an expired out of sequence packet ,59325,59469
291.95,Received an expired out of sequence packet ,59326,59469
291.95,Received an expired out of sequence packet ,59327,59469
291.95,Received an expired out of sequence packet ,59328,59469
291.95,Received an expired out of sequence packet ,59329,59469
291.95,Received an expired out of sequence packet ,59330,59469
291.95,Received an expired out of sequence packet ,59331,59469
291.95,Received an expired out of sequence packet ,59332,59469
291.95,Received an expired out of sequence packet ,59333,59469
291.95,Received an expired out of sequence packet ,59334,59469
291.95,Received an expired out of sequence packet ,59335,59469
291.95,Received an expired out of sequence packet ,59336,59469
291.95,Received an expired out of sequence packet ,59337,59469
291.95,Received an expired out of sequence packet ,59338,59469
291.95,Received an expired out of sequence packet ,59339,59469
291.95,Received an expired out of sequence packet ,59340,59469
291.95,Received an expired out of sequence packet ,59341,59469
291.95,Received an expired out of sequence packet ,59342,59469
291.95,Received an expired out of sequence packet ,59343,59469
291.95,Received an expired out of sequence packet ,59344,59469
291.96,Received an expired out of sequence packet ,59345,59469
291.96,Received an expired out of sequence packet ,59346,59469
291.96,Received an expired out of sequence packet ,59347,59469
291.96,Received an expired out of sequence packet ,59348,59469
291.961,Received an expired out of sequence packet ,59349,59469
291.961,Received an expired out of sequence packet ,59350,59469
291.961,Received an expired out of sequence packet ,59351,59469
291.967,Received an expired out of sequence packet ,59352,59469
291.967,Received an expired out of sequence packet ,59353,59469
291.967,Received an expired out of sequence packet ,59354,59469
291.967,Received an expired out of sequence packet ,59355,59469
291.967,Received an expired out of sequence packet ,59356,59469
291.967,Received an expired out of sequence packet ,59357,59469
291.967,Received an expired out of sequence packet ,59358,59469
291.967,Received an expired out of sequence packet ,59359,59469
291.967,Received an expired out of sequence packet ,59360,59469
291.967,Received an expired out of sequence packet ,59361,59469
291.967,Received an expired out of sequence packet ,59362,59469
291.967,Received an expired out of sequence packet ,59363,59469
291.967,Received an expired out of sequence packet ,59364,59469
291.968,Received an expired out of sequence packet ,59365,59469
291.968,Received an expired out of sequence packet ,59366,59469
291.971,Received an expired out of sequence packet ,59367,59469
291.971,Received an expired out of sequence packet ,59368,59469
291.971,Received an expired out of sequence packet ,59369,59469
291.971,Received an expired out of sequence packet ,59370,59469
291.971,Received an expired out of sequence packet ,59371,59469
291.971,Received an expired out of sequence packet ,59372,59469
291.971,Received an expired out of sequence packet ,59373,59469
291.971,Received an expired out of sequence packet ,59374,59469
291.971,Received an expired out of sequence packet ,59375,59469
291.971,Received an expired out of sequence packet 