1.49819,Exit slow start,exceeding SS_EXIT_THRESHOLD
21.4192,Missing packet expired,13154
23.1526,Missing packet expired,17644
29.1815,Timeout
29.1815,clearing sending list because of timeout
29.5732,Received an expired out of sequence packet ,28589,28852
29.5732,Received an expired out of sequence packet ,28590,28852
29.5732,Received an expired out of sequence packet ,28591,28852
29.5732,Received an expired out of sequence packet ,28592,28852
29.5733,Received an expired out of sequence packet ,28593,28852
29.5733,Received an expired out of sequence packet ,28594,28852
29.5733,Received an expired out of sequence packet ,28595,28852
29.5733,Received an expired out of sequence packet ,28596,28852
29.5733,Received an expired out of sequence packet ,28597,28852
29.6134,Received an expired out of sequence packet ,28598,28852
29.6195,Received an expired out of sequence packet ,28599,28852
29.6195,Received an expired out of sequence packet ,28600,28852
29.6216,Received an expired out of sequence packet ,28601,28852
29.6526,Received an expired out of sequence packet ,28602,28852
29.6526,Received an expired out of sequence packet ,28603,28852
29.6526,Received an expired out of sequence packet ,28604,28852
29.6526,Received an expired out of sequence packet ,28605,28852
29.6526,Received an expired out of sequence packet ,28606,28852
29.6527,Received an expired out of sequence packet ,28607,28852
29.6527,Received an expired out of sequence packet ,28608,28852
29.6527,Received an expired out of sequence packet ,28609,28852
29.6527,Received an expired out of sequence packet ,28610,28852
29.6527,Received an expired out of sequence packet ,28611,28852
29.6527,Received an expired out of sequence packet ,28612,28852
29.6527,Received an expired out of sequence packet ,28613,28852
29.6587,Received an expired out of sequence packet ,28614,28852
29.6587,Received an expired out of sequence packet ,28615,28852
29.6587,Received an expired out of sequence packet ,28616,28852
29.6773,Received an expired out of sequence packet ,28617,28852
29.6816,Received an expired out of sequence packet ,28618,28852
29.6816,Received an expired out of sequence packet ,28619,28852
29.6816,Received an expired out of sequence packet ,28620,28852
29.6827,Received an expired out of sequence packet ,28621,28852
29.6827,Received an expired out of sequence packet ,28622,28852
29.6827,Received an expired out of sequence packet ,28623,28852
29.6827,Received an expired out of sequence packet ,28624,28852
29.6827,Received an expired out of sequence packet ,28625,28852
29.6827,Received an expired out of sequence packet ,28626,28852
29.6838,Received an expired out of sequence packet ,28627,28852
29.6844,Received an expired out of sequence packet ,28628,28852
29.6844,Received an expired out of sequence packet ,28629,28852
29.6844,Received an expired out of sequence packet ,28630,28852
29.6844,Received an expired out of sequence packet ,28631,28852
29.6844,Received an expired out of sequence packet ,28632,28852
29.6926,Received an expired out of sequence packet ,28633,28852
29.6926,Received an expired out of sequence packet ,28634,28852
29.6937,Received an expired out of sequence packet ,28635,28852
29.6948,Received an expired out of sequence packet ,28636,28852
29.6999,Received an expired out of sequence packet ,28637,28852
29.6999,Received an expired out of sequence packet ,28638,28852
29.6999,Received an expired out of sequence packet ,28639,28852
29.6999,Received an expired out of sequence packet ,28640,28852
29.6999,Received an expired out of sequence packet ,28641,28852
29.6999,Received an expired out of sequence packet ,28642,28852
29.7,Received an expired out of sequence packet ,28643,28852
29.705,Received an expired out of sequence packet ,28644,28852
29.7069,Received an expired out of sequence packet ,28645,28852
29.712,Received an expired out of sequence packet ,28646,28852
29.712,Received an expired out of sequence packet ,28647,28852
29.713,Received an expired out of sequence packet ,28648,28852
29.7131,Received an expired out of sequence packet ,28649,28852
29.7131,Received an expired out of sequence packet ,28650,28852
29.7141,Received an expired out of sequence packet ,28651,28852
29.7142,Received an expired out of sequence packet ,28652,28852
29.7142,Received an expired out of sequence packet ,28653,28852
29.7172,Received an expired out of sequence packet ,28654,28852
29.7172,Received an expired out of sequence packet ,28655,28852
29.7183,Received an expired out of sequence packet ,28656,28852
29.7265,Received an expired out of sequence packet ,28657,28852
29.7265,Received an expired out of sequence packet ,28658,28852
29.7276,Received an expired out of sequence packet ,28659,28852
29.7327,Received an expired out of sequence packet ,28660,28852
29.7327,Received an expired out of sequence packet ,28661,28852
29.7357,Received an expired out of sequence packet ,28662,28852
29.7357,Received an expired out of sequence packet ,28663,28852
29.7358,Received an expired out of sequence packet ,28664,28852
29.7358,Received an expired out of sequence packet ,28665,28852
29.7368,Received an expired out of sequence packet ,28666,28852
29.7368,Received an expired out of sequence packet ,28667,28852
29.7379,Received an expired out of sequence packet ,28668,28852
29.7379,Received an expired out of sequence packet ,28669,28852
29.742,Received an expired out of sequence packet ,28670,28852
29.743,Received an expired out of sequence packet ,28671,28852
29.744,Received an expired out of sequence packet ,28672,28852
29.744,Received an expired out of sequence packet ,28673,28852
29.744,Received an expired out of sequence packet ,28674,28852
29.7441,Received an expired out of sequence packet ,28675,28852
29.7471,Received an expired out of sequence packet ,28676,28852
29.7472,Received an expired out of sequence packet ,28677,28852
29.7472,Received an expired out of sequence packet ,28678,28852
29.7472,Received an expired out of sequence packet ,28679,28852
29.7472,Received an expired out of sequence packet ,28680,28852
29.7472,Received an expired out of sequence packet ,28681,28852
29.7472,Received an expired out of sequence packet ,28682,28852
29.7483,Received an expired out of sequence packet ,28683,28852
29.7483,Received an expired out of sequence packet ,28684,28852
29.7483,Received an expired out of sequence packet ,28685,28852
29.7483,Received an expired out of sequence packet ,28686,28852
29.7535,Received an expired out of sequence packet ,28687,28852
29.7586,Received an expired out of sequence packet ,28688,28852
29.7597,Received an expired out of sequence packet ,28689,28852
29.7597,Received an expired out of sequence packet ,28690,28852
29.7597,Received an expired out of sequence packet ,28691,28852
29.7597,Received an expired out of sequence packet ,28692,28852
29.7597,Received an expired out of sequence packet ,28693,28852
29.7597,Received an expired out of sequence packet ,28694,28852
29.7597,Received an expired out of sequence packet ,28695,28852
29.7597,Received an expired out of sequence packet ,28696,28852
29.7597,Received an expired out of sequence packet ,28697,28852
29.7597,Received an expired out of sequence packet ,28698,28852
29.7624,Received an expired out of sequence packet ,28699,28852
29.7624,Received an expired out of sequence packet ,28700,28852
29.7635,Received an expired out of sequence packet ,28701,28852
29.7696,Received an expired out of sequence packet ,28702,28852
29.7707,Received an expired out of sequence packet ,28703,28852
29.7707,Received an expired out of sequence packet ,28704,28852
29.7707,Received an expired out of sequence packet ,28705,28852
29.7707,Received an expired out of sequence packet ,28706,28852
29.7707,Received an expired out of sequence packet ,28707,28852
29.7707,Received an expired out of sequence packet ,28708,28852
29.7726,Received an expired out of sequence packet ,28709,28852
29.7726,Received an expired out of sequence packet ,28710,28852
29.7726,Received an expired out of sequence packet ,28711,28852
29.7808,Received an expired out of sequence packet ,28712,28852
29.7889,Received an expired out of sequence packet ,28713,28852
29.7889,Received an expired out of sequence packet ,28714,28852
29.7921,Received an expired out of sequence packet ,28715,28852
29.7921,Received an expired out of sequence packet ,28716,28852
29.7951,Received an expired out of sequence packet ,28717,28852
29.7951,Received an expired out of sequence packet ,28718,28852
29.7961,Received an expired out of sequence packet ,28719,28852
29.7992,Received an expired out of sequence packet ,28720,28852
29.8023,Received an expired out of sequence packet ,28721,28852
29.8023,Received an expired out of sequence packet ,28722,28852
29.8043,Received an expired out of sequence packet ,28723,28852
29.8044,Received an expired out of sequence packet ,28724,28852
29.8083,Received an expired out of sequence packet ,28725,28852
29.8104,Received an expired out of sequence packet ,28726,28852
29.8156,Received an expired out of sequence packet ,28727,28852
29.8176,Received an expired out of sequence packet ,28728,28852
29.8206,Received an expired out of sequence packet ,28729,28852
29.8268,Received an expired out of sequence packet ,28730,28852
29.8268,Received an expired out of sequence packet ,28731,28852
29.8309,Received an expired out of sequence packet ,28732,28852
29.8309,Received an expired out of sequence packet ,28733,28852
29.835,Received an expired out of sequence packet ,28734,28852
29.8382,Received an expired out of sequence packet ,28735,28852
29.8412,Received an expired out of sequence packet ,28736,28852
29.8443,Received an expired out of sequence packet ,28737,28852
29.8472,Received an expired out of sequence packet ,28738,28852
29.8472,Received an expired out of sequence packet ,28739,28852
29.8535,Received an expired out of sequence packet ,28740,28852
29.8535,Received an expired out of sequence packet ,28741,28852
29.8555,Received an expired out of sequence packet ,28742,28852
29.8566,Received an expired out of sequence packet ,28743,28852
29.8567,Received an expired out of sequence packet ,28744,28852
29.8567,Received an expired out of sequence packet ,28745,28852
29.8627,Received an expired out of sequence packet ,28746,28852
29.8628,Received an expired out of sequence packet ,28747,28852
29.8628,Received an expired out of sequence packet ,28748,28852
29.8676,Received an expired out of sequence packet ,28749,28852
29.8676,Received an expired out of sequence packet ,28750,28852
29.8698,Received an expired out of sequence packet ,28751,28852
29.8698,Received an expired out of sequence packet ,28752,28852
29.8698,Received an expired out of sequence packet ,28753,28852
29.874,Received an expired out of sequence packet ,28754,28852
29.874,Received an expired out of sequence packet ,28755,28852
29.874,Received an expired out of sequence packet ,28756,28852
29.8761,Received an expired out of sequence packet ,28757,28852
29.8761,Received an expired out of sequence packet ,28758,28852
29.8761,Received an expired out of sequence packet ,28759,28852
29.8875,Received an expired out of sequence packet ,28760,28852
29.8876,Received an expired out of sequence packet ,28761,28852
29.8876,Received an expired out of sequence packet ,28762,28852
29.8876,Received an expired out of sequence packet ,28763,28852
29.8885,Received an expired out of sequence packet ,28764,28852
29.8896,Received an expired out of sequence packet ,28765,28852
29.8896,Received an expired out of sequence packet ,28766,28852
29.8896,Received an expired out of sequence packet ,28767,28852
29.8896,Received an expired out of sequence packet ,28768,28852
29.8896,Received an expired out of sequence packet ,28769,28852
29.8896,Received an expired out of sequence packet ,28770,28852
29.8896,Received an expired out of sequence packet ,28771,28852
29.8897,Received an expired out of sequence packet ,28772,28852
29.8897,Received an expired out of sequence packet ,28773,28852
29.8897,Received an expired out of sequence packet ,28774,28852
29.8907,Received an expired out of sequence packet ,28775,28852
29.8907,Received an expired out of sequence packet ,28776,28852
29.8968,Received an expired out of sequence packet ,28777,28852
29.8968,Received an expired out of sequence packet ,28778,28852
29.8968,Received an expired out of sequence packet ,28779,28852
29.8968,Received an expired out of sequence packet ,28780,28852
29.8968,Received an expired out of sequence packet ,28781,28852
29.8989,Received an expired out of sequence packet ,28782,28852
29.8989,Received an expired out of sequence packet ,28783,28852
29.8989,Received an expired out of sequence packet ,28784,28852
29.8989,Received an expired out of sequence packet ,28785,28852
29.8989,Received an expired out of sequence packet ,28786,28852
29.9,Received an expired out of sequence packet ,28787,28852
29.9021,Received an expired out of sequence packet ,28788,28852
29.9021,Received an expired out of sequence packet ,28789,28852
29.9021,Received an expired out of sequence packet ,28790,28852
29.9021,Received an expired out of sequence packet ,28791,28852
29.907,Received an expired out of sequence packet ,28792,28852
29.907,Received an expired out of sequence packet ,28793,28852
29.907,Received an expired out of sequence packet ,28794,28852
29.907,Received an expired out of sequence packet ,28795,28852
29.9092,Received an expired out of sequence packet ,28796,28852
29.9092,Received an expired out of sequence packet ,28797,28852
29.9092,Received an expired out of sequence packet ,28798,28852
29.9142,Received an expired out of sequence packet ,28799,28852
29.9142,Received an expired out of sequence packet ,28800,28852
29.9142,Received an expired out of sequence packet ,28801,28852
29.9142,Received an expired out of sequence packet ,28802,28852
29.9143,Received an expired out of sequence packet ,28803,28852
29.9143,Received an expired out of sequence packet ,28804,28852
29.9143,Received an expired out of sequence packet ,28805,28852
29.9163,Received an expired out of sequence packet ,28806,28852
29.9163,Received an expired out of sequence packet ,28807,28852
29.9163,Received an expired out of sequence packet ,28808,28852
29.9163,Received an expired out of sequence packet ,28809,28852
29.9163,Received an expired out of sequence packet ,28810,28852
29.9163,Received an expired out of sequence packet ,28811,28852
29.9266,Received an expired out of sequence packet ,28812,28852
29.9266,Received an expired out of sequence packet ,28813,28852
29.9266,Received an expired out of sequence packet ,28814,28852
29.9266,Received an expired out of sequence packet ,28815,28852
29.9266,Received an expired out of sequence packet ,28816,28852
29.9266,Received an expired out of sequence packet ,28817,28852
29.9277,Received an expired out of sequence packet ,28818,28852
29.9277,Received an expired out of sequence packet ,28819,28852
29.9277,Received an expired out of sequence packet ,28820,28852
29.9277,Received an expired out of sequence packet ,28821,28852
29.9277,Received an expired out of sequence packet ,28822,28852
29.9277,Received an expired out of sequence packet ,28823,28852
29.9277,Received an expired out of sequence packet ,28824,28852
29.9277,Received an expired out of sequence packet ,28825,28852
29.9278,Received an expired out of sequence packet ,28826,28852
29.9278,Received an expired out of sequence packet ,28827,28852
29.9317,Received an expired out of sequence packet ,28828,28852
29.9317,Received an expired out of sequence packet ,28829,28852
29.9318,Received an expired out of sequence packet ,28830,28852
29.9318,Received an expired out of sequence packet ,28831,28852
29.9318,Received an expired out of sequence packet ,28832,28852
29.9348,Received an expired out of sequence packet ,28833,28852
29.9348,Received an expired out of sequence packet ,28834,28852
29.9359,Received an expired out of sequence packet ,28835,28852
29.9377,Received an expired out of sequence packet ,28836,28852
29.9377,Received an expired out of sequence packet ,28837,28852
29.9377,Received an expired out of sequence packet ,28838,28852
29.9377,Received an expired out of sequence packet ,28839,28852
29.942,Received an expired out of sequence packet ,28840,28852
29.942,Received an expired out of sequence packet ,28841,28852
29.942,Received an expired out of sequence packet ,28842,28852
