1.25112,Exit slow start,exceeding SS_EXIT_THRESHOLD
15.2777,Restart,can't map delay on delay curve
16.2779,Timeout
16.278,Restart,lost first packet
17.2781,Timeout
17.2781,Restart,lost first packet
18.2783,Timeout
18.2783,Restart,lost first packet
19.2785,Timeout
19.2785,Restart,lost first packet
20.0837,Exit slow start,exceeding SS_EXIT_THRESHOLD
20.0839,Restart,Alglib M<4!
21.1097,Exit slow start,exceeding SS_EXIT_THRESHOLD
25.8169,Timeout
25.8169,clearing sending list because of timeout
25.8578,Received an expired out of sequence packet ,1064,1104
25.8578,Received an expired out of sequence packet ,1065,1104
25.8609,Received an expired out of sequence packet ,1066,1104
25.8609,Received an expired out of sequence packet ,1067,1104
25.862,Received an expired out of sequence packet ,1068,1104
25.8682,Received an expired out of sequence packet ,1069,1104
25.8682,Received an expired out of sequence packet ,1070,1104
25.8713,Received an expired out of sequence packet ,1071,1104
25.8713,Received an expired out of sequence packet ,1072,1104
25.8724,Received an expired out of sequence packet ,1073,1104
25.8724,Received an expired out of sequence packet ,1074,1104
25.8724,Received an expired out of sequence packet ,1075,1104
25.8724,Received an expired out of sequence packet ,1076,1104
25.8725,Received an expired out of sequence packet ,1077,1104
25.8931,Received an expired out of sequence packet ,1078,1104
25.8931,Received an expired out of sequence packet ,1079,1104
25.8931,Received an expired out of sequence packet ,1080,1104
25.8931,Received an expired out of sequence packet ,1081,1104
25.8931,Received an expired out of sequence packet ,1082,1104
25.8931,Received an expired out of sequence packet ,1083,1104
25.8931,Received an expired out of sequence packet ,1084,1104
25.9015,Received an expired out of sequence packet ,1085,1104
25.9015,Received an expired out of sequence packet ,1086,1104
25.9046,Received an expired out of sequence packet ,1087,1104
25.9046,Received an expired out of sequence packet ,1088,1104
25.9046,Received an expired out of sequence packet ,1089,1104
25.9046,Received an expired out of sequence packet ,1090,1104
25.9077,Received an expired out of sequence packet ,1091,1104
25.9077,Received an expired out of sequence packet ,1092,1104
25.9077,Received an expired out of sequence packet ,1093,1104
25.9077,Received an expired out of sequence packet ,1094,1104
25.9077,Received an expired out of sequence packet ,1095,1104
25.9077,Received an expired out of sequence packet ,1096,1104
25.9109,Received an expired out of sequence packet ,1097,1104
25.9109,Received an expired out of sequence packet ,1098,1104
25.9109,Received an expired out of sequence packet ,1099,1104
25.9109,Received an expired out of sequence packet ,1100,1104
25.9109,Received an expired out of sequence packet ,1101,1104
25.9109,Received an expired out of sequence packet ,1102,1104
25.9109,Received an expired out of sequence packet ,1103,1104
31.1201,Restart,can't map delay on delay curve
32.6243,Exit slow start,exceeding SS_EXIT_THRESHOLD
91.9132,Timeout
91.9132,clearing sending list because of timeout
91.9135,Received an expired out of sequence packet ,52999,53189
92.9135,Timeout
92.9135,clearing sending list because of timeout
92.914,Received an expired out of sequence packet ,53000,53203
93.914,Timeout
93.9141,clearing sending list because of timeout
93.9261,Received an expired out of sequence packet ,53001,53234
94.914,Received an expired out of sequence packet ,53002,53234
94.9835,Received an expired out of sequence packet ,53003,53234
94.9996,Received an expired out of sequence packet ,53004,53234
94.9996,Received an expired out of sequence packet ,53005,53234
94.9996,Received an expired out of sequence packet ,53006,53234
95.013,Received an expired out of sequence packet ,53007,53234
95.0224,Received an expired out of sequence packet ,53008,53234
95.0245,Received an expired out of sequence packet ,53009,53234
95.0245,Received an expired out of sequence packet ,53010,53234
95.0287,Received an expired out of sequence packet ,53011,53234
95.0347,Received an expired out of sequence packet ,53012,53234
95.0368,Received an expired out of sequence packet ,53013,53234
95.043,Received an expired out of sequence packet ,53014,53234
95.0508,Received an expired out of sequence packet ,53015,53234
95.0685,Received an expired out of sequence packet ,53016,53234
95.0685,Received an expired out of sequence packet ,53017,53234
95.0716,Received an expired out of sequence packet ,53018,53234
95.0716,Received an expired out of sequence packet ,53019,53234
95.0717,Received an expired out of sequence packet ,53020,53234
95.0717,Received an expired out of sequence packet ,53021,53234
95.0748,Received an expired out of sequence packet ,53022,53234
95.0777,Received an expired out of sequence packet ,53023,53234
95.0828,Received an expired out of sequence packet ,53024,53234
95.0901,Received an expired out of sequence packet ,53025,53234
95.0982,Received an expired out of sequence packet ,53026,53234
95.1044,Received an expired out of sequence packet ,53027,53234
95.1076,Received an expired out of sequence packet ,53028,53234
95.1217,Received an expired out of sequence packet ,53029,53234
95.1229,Received an expired out of sequence packet ,53030,53234
95.1229,Received an expired out of sequence packet ,53031,53234
95.1384,Received an expired out of sequence packet ,53032,53234
95.1415,Received an expired out of sequence packet ,53033,53234
95.1487,Received an expired out of sequence packet ,53034,53234
95.1498,Received an expired out of sequence packet ,53035,53234
95.1527,Received an expired out of sequence packet ,53036,53234
95.1527,Received an expired out of sequence packet ,53037,53234
95.1559,Received an expired out of sequence packet ,53038,53234
95.162,Received an expired out of sequence packet ,53039,53234
95.1651,Received an expired out of sequence packet ,53040,53234
95.1733,Received an expired out of sequence packet ,53041,53234
95.1774,Received an expired out of sequence packet ,53042,53234
95.1836,Received an expired out of sequence packet ,53043,53234
95.1907,Received an expired out of sequence packet ,53044,53234
95.1988,Received an expired out of sequence packet ,53045,53234
95.202,Received an expired out of sequence packet ,53046,53234
95.2111,Received an expired out of sequence packet ,53047,53234
95.2194,Received an expired out of sequence packet ,53048,53234
95.2194,Received an expired out of sequence packet ,53049,53234
95.2226,Received an expired out of sequence packet ,53050,53234
95.2349,Received an expired out of sequence packet ,53051,53234
95.237,Received an expired out of sequence packet ,53052,53234
95.237,Received an expired out of sequence packet ,53053,53234
95.241,Received an expired out of sequence packet ,53054,53234
95.2503,Received an expired out of sequence packet ,53055,53234
95.2514,Received an expired out of sequence packet ,53056,53234
95.2586,Received an expired out of sequence packet ,53057,53234
95.2607,Received an expired out of sequence packet ,53058,53234
95.2695,Received an expired out of sequence packet ,53059,53234
95.2828,Received an expired out of sequence packet ,53060,53234
95.2839,Received an expired out of sequence packet ,53061,53234
95.2839,Received an expired out of sequence packet ,53062,53234
95.289,Received an expired out of sequence packet ,53063,53234
95.2932,Received an expired out of sequence packet ,53064,53234
95.2992,Received an expired out of sequence packet ,53065,53234
95.3083,Received an expired out of sequence packet ,53066,53234
95.3113,Received an expired out of sequence packet ,53067,53234
95.3113,Received an expired out of sequence packet ,53068,53234
95.3309,Received an expired out of sequence packet ,53069,53234
95.333,Received an expired out of sequence packet ,53070,53234
95.333,Received an expired out of sequence packet ,53071,53234
95.333,Received an expired out of sequence packet ,53072,53234
95.3393,Received an expired out of sequence packet ,53073,53234
95.3485,Received an expired out of sequence packet ,53074,53234
95.3526,Received an expired out of sequence packet ,53075,53234
95.3526,Received an expired out of sequence packet ,53076,53234
95.3568,Received an expired out of sequence packet ,53077,53234
95.3568,Received an expired out of sequence packet ,53078,53234
95.365,Received an expired out of sequence packet ,53079,53234
95.3709,Received an expired out of sequence packet ,53080,53234
95.375,Received an expired out of sequence packet ,53081,53234
95.3771,Received an expired out of sequence packet ,53082,53234
95.3821,Received an expired out of sequence packet ,53083,53234
95.3912,Received an expired out of sequence packet ,53084,53234
95.3963,Received an expired out of sequence packet ,53085,53234
95.3974,Received an expired out of sequence packet ,53086,53234
95.4125,Received an expired out of sequence packet ,53087,53234
95.4156,Received an expired out of sequence packet ,53088,53234
95.4156,Received an expired out of sequence packet ,53089,53234
95.4177,Received an expired out of sequence packet ,53090,53234
95.4278,Received an expired out of sequence packet ,53091,53234
95.4299,Received an expired out of sequence packet ,53092,53234
95.4328,Received an expired out of sequence packet ,53093,53234
95.4522,Received an expired out of sequence packet ,53094,53234
95.4543,Received an expired out of sequence packet ,53095,53234
95.4543,Received an expired out of sequence packet ,53096,53234
95.4543,Received an expired out of sequence packet ,53097,53234
95.4575,Received an expired out of sequence packet ,53098,53234
95.4786,Received an expired out of sequence packet ,53099,53234
95.49,Received an expired out of sequence packet ,53100,53234
95.49,Received an expired out of sequence packet ,53101,53234
95.4962,Received an expired out of sequence packet ,53102,53234
95.4962,Received an expired out of sequence packet ,53103,53234
95.5003,Received an expired out of sequence packet ,53104,53234
95.5003,Received an expired out of sequence packet ,53105,53234
95.5011,Received an expired out of sequence packet ,53106,53234
95.5084,Received an expired out of sequence packet ,53107,53234
95.5209,Received an expired out of sequence packet ,53108,53234
95.5209,Received an expired out of sequence packet ,53109,53234
95.5219,Received an expired out of sequence packet ,53110,53234
95.528,Received an expired out of sequence packet ,53111,53234
95.5342,Received an expired out of sequence packet ,53112,53234
95.5363,Received an expired out of sequence packet ,53113,53234
95.5434,Received an expired out of sequence packet ,53114,53234
95.5455,Received an expired out of sequence packet ,53115,53234
95.5517,Received an expired out of sequence packet ,53116,53234
95.5611,Received an expired out of sequence packet ,53117,53234
95.5662,Received an expired out of sequence packet ,53118,53234
95.5723,Received an expired out of sequence packet ,53119,53234
95.5753,Received an expired out of sequence packet ,53120,53234
95.5774,Received an expired out of sequence packet ,53121,53234
95.5885,Received an expired out of sequence packet ,53122,53234
95.5966,Received an expired out of sequence packet ,53123,53234
95.5966,Received an expired out of sequence packet ,53124,53234
95.6098,Received an expired out of sequence packet ,53125,53234
95.6281,Received an expired out of sequence packet ,53126,53234
95.6281,Received an expired out of sequence packet ,53127,53234
95.6302,Received an expired out of sequence packet ,53128,53234
95.6302,Received an expired out of sequence packet ,53129,53234
95.6302,Received an expired out of sequence packet ,53130,53234
95.6302,Received an expired out of sequence packet ,53131,53234
95.6499,Received an expired out of sequence packet ,53132,53234
95.651,Received an expired out of sequence packet ,53133,53234
95.651,Received an expired out of sequence packet ,53134,53234
95.651,Received an expired out of sequence packet ,53135,53234
95.6572,Received an expired out of sequence packet ,53136,53234
95.6623,Received an expired out of sequence packet ,53137,53234
95.6685,Received an expired out of sequence packet ,53138,53234
95.6717,Received an expired out of sequence packet ,53139,53234
95.6757,Received an expired out of sequence packet ,53140,53234
95.6778,Received an expired out of sequence packet ,53141,53234
95.6828,Received an expired out of sequence packet ,53142,53234
95.6892,Received an expired out of sequence packet ,53143,53234
95.6994,Received an expired out of sequence packet ,53144,53234
95.7056,Received an expired out of sequence packet ,53145,53234
95.7077,Received an expired out of sequence packet ,53146,53234
95.7077,Received an expired out of sequence packet ,53147,53234
95.7107,Received an expired out of sequence packet ,53148,53234
95.7178,Received an expired out of sequence packet ,53149,53234
95.72,Received an expired out of sequence packet ,53150,53234
95.731,Received an expired out of sequence packet ,53151,53234
95.7381,Received an expired out of sequence packet ,53152,53234
95.7381,Received an expired out of sequence packet ,53153,53234
95.7629,Received an expired out of sequence packet ,53154,53234
95.763,Received an expired out of sequence packet ,53155,53234
95.766,Received an expired out of sequence packet ,53156,53234
95.7711,Received an expired out of sequence packet ,53157,53234
95.7722,Received an expired out of sequence packet ,53158,53234
95.7771,Received an expired out of sequence packet ,53159,53234
95.7771,Received an expired out of sequence packet ,53160,53234
95.7781,Received an expired out of sequence packet ,53161,53234
95.7955,Received an expired out of sequence packet ,53162,53234
95.7996,Received an expired out of sequence packet ,53163,53234
95.7997,Received an expired out of sequence packet ,53164,53234
95.8018,Received an expired out of sequence packet ,53165,53234
95.8119,Received an expired out of sequence packet ,53166,53234
95.8149,Received an expired out of sequence packet ,53167,53234
95.821,Received an expired out of sequence packet ,53168,53234
95.8343,Received an expired out of sequence packet ,53169,53234
95.8424,Received an expired out of sequence packet ,53170,53234
95.8424,Received an expired out of sequence packet ,53171,53234
95.8498,Received an expired out of sequence packet ,53172,53234
95.8539,Received an expired out of sequence packet ,53173,53234
95.8539,Received an expired out of sequence packet ,53174,53234
95.8642,Received an expired out of sequence packet ,53175,53234
95.8695,Received an expired out of sequence packet ,53176,53234
95.8695,Received an expired out of sequence packet ,53177,53234
95.8695,Received an expired out of sequence packet ,53178,53234
95.8716,Received an expired out of sequence packet ,53179,53234
95.8787,Received an expired out of sequence packet ,53180,53234
95.8827,Received an expired out of sequence packet ,53181,53234
95.8848,Received an expired out of sequence packet ,53182,53234
95.888,Received an expired out of sequence packet ,53183,53234
95.9011,Received an expired out of sequence packet ,53184,53234
95.9136,Received an expired out of sequence packet ,53185,53234
95.9147,Received an expired out of sequence packet ,53186,53234
95.9177,Received an expired out of sequence packet ,53187,53234
95.9209,Received an expired out of sequence packet ,53188,53234
95.9209,Received an expired out of sequence packet ,53189,53234
95.931,Received an expired out of sequence packet ,53190,53234
95.9321,Received an expired out of sequence packet ,53191,53234
95.9381,Received an expired out of sequence packet ,53192,53234
95.9402,Received an expired out of sequence packet ,53193,53234
95.9637,Received an expired out of sequence packet ,53194,53234
95.9658,Received an expired out of sequence packet ,53195,53234
95.971,Received an expired out of sequence packet ,53196,53234
95.9721,Received an expired out of sequence packet ,53197,53234
95.9721,Received an expired out of sequence packet ,53198,53234
95.977,Received an expired out of sequence packet ,53199,53234
95.9952,Received an expired out of sequence packet ,53200,53234
95.9952,Received an expired out of sequence packet ,53201,53234
95.9983,Received an expired out of sequence packet ,53202,53234
96.0201,Received an expired out of sequence packet ,53203,53234
96.0273,Received an expired out of sequence packet ,53204,53234
96.0273,Received an expired out of sequence packet ,53205,53234
96.0274,Received an expired out of sequence packet ,53206,53234
96.0274,Received an expired out of sequence packet ,53207,53234
96.0294,Received an expired out of sequence packet ,53208,53234
96.0294,Received an expired out of sequence packet ,53209,53234
96.0334,Received an expired out of sequence packet ,53210,53234
96.0366,Received an expired out of sequence packet ,53211,53234
96.0387,Received an expired out of sequence packet ,53212,53234
96.0429,Received an expired out of sequence packet ,53213,53234
96.0509,Received an expired out of sequence packet ,53214,53234
96.051,Received an expired out of sequence packet ,53215,53234
96.0551,Received an expired out of sequence packet ,53216,53234
96.0582,Received an expired out of sequence packet ,53217,53234
96.0683,Received an expired out of sequence packet ,53218,53234
96.0715,Received an expired out of sequence packet ,53219,53234
96.0921,Received an expired out of sequence packet ,53220,53234
96.0941,Received an expired out of sequence packet ,53221,53234
96.0941,Received an expired out of sequence packet ,53222,53234
96.0952,Received an expired out of sequence packet ,53223,53234
96.0984,Received an expired out of sequence packet ,53224,53234
96.1005,Received an expired out of sequence packet ,53225,53234
96.1106,Received an expired out of sequence packet ,53226,53234
96.1106,Received an expired out of sequence packet ,53227,53234
96.1144,Received an expired out of sequence packet ,53228,53234
96.1155,Received an expired out of sequence packet ,53229,53234
96.1309,Received an expired out of sequence packet ,53230,53234
96.1371,Received an expired out of sequence packet ,53231,53234
96.1371,Received an expired out of sequence packet ,53232,53234
96.1412,Received an expired out of sequence packet ,53233,53234
116.737,Timeout
116.737,clearing sending list because of timeout
116.815,Received an expired out of sequence packet ,68104,68520
116.864,Received an expired out of sequence packet ,68105,68520
116.868,Received an expired out of sequence packet ,68106,68520
116.868,Received an expired out of sequence packet ,68107,68520
116.868,Received an expired out of sequence packet ,68108,68520
116.868,Received an expired out of sequence packet ,68109,68520
116.868,Received an expired out of sequence packet ,68110,68520
116.87,Received an expired out of sequence packet ,68111,68520
116.87,Received an expired out of sequence packet ,68112,68520
116.87,Received an expired out of sequence packet ,68113,68520
116.87,Received an expired out of sequence packet ,68114,68520
116.87,Received an expired out of sequence packet ,68115,68520
116.87,Received an expired out of sequence packet ,68116,68520
116.87,Received an expired out of sequence packet ,68117,68520
116.87,Received an expired out of sequence packet ,68118,68520
116.87,Received an expired out of sequence packet ,68119,68520
116.872,Received an expired out of sequence packet ,68120,68520
116.872,Received an expired out of sequence packet ,68121,68520
116.872,Received an expired out of sequence packet ,68122,68520
116.872,Received an expired out of sequence packet ,68123,68520
116.872,Received an expired out of sequence packet ,68124,68520
116.872,Received an expired out of sequence packet ,68125,68520
116.903,Received an expired out of sequence packet ,68126,68520
116.906,Received an expired out of sequence packet ,68127,68520
116.91,Received an expired out of sequence packet ,68128,68520
116.911,Received an expired out of sequence packet ,68129,68520
116.911,Received an expired out of sequence packet ,68130,68520
116.915,Received an expired out of sequence packet ,68131,68520
116.915,Received an expired out of sequence packet ,68132,68520
116.915,Received an expired out of sequence packet ,68133,68520
116.915,Received an expired out of sequence packet ,68134,68520
116.916,Received an expired out of sequence packet ,68135,68520
116.924,Received an expired out of sequence packet ,68136,68520
116.924,Received an expired out of sequence packet ,68137,68520
116.924,Received an expired out of sequence packet ,68138,68520
116.924,Received an expired out of sequence packet ,68139,68520
116.924,Received an expired out of sequence packet ,68140,68520
116.924,Received an expired out of sequence packet ,68141,68520
116.924,Received an expired out of sequence packet ,68142,68520
116.924,Received an expired out of sequence packet ,68143,68520
116.924,Received an expired out of sequence packet ,68144,68520
116.925,Received an expired out of sequence packet ,68145,68520
116.939,Received an expired out of sequence packet ,68146,68520
116.939,Received an expired out of sequence packet ,68147,68520
116.939,Received an expired out of sequence packet ,68148,68520
116.939,Received an expired out of sequence packet ,68149,68520
116.939,Received an expired out of sequence packet ,68150,68520
116.939,Received an expired out of sequence packet ,68151,68520
116.939,Received an expired out of sequence packet ,68152,68520
116.939,Received an expired out of sequence packet ,68153,68520
116.939,Received an expired out of sequence packet ,68154,68520
116.939,Received an expired out of sequence packet ,68155,68520
116.939,Received an expired out of sequence packet ,68156,68520
116.939,Received an expired out of sequence packet ,68157,68520
116.939,Received an expired out of sequence packet ,68158,68520
116.939,Received an expired out of sequence packet ,68159,68520
116.939,Received an expired out of sequence packet ,68160,68520
116.939,Received an expired out of sequence packet ,68161,68520
116.939,Received an expired out of sequence packet ,68162,68520
116.939,Received an expired out of sequence packet ,68163,68520
116.939,Received an expired out of sequence packet ,68164,68520
116.939,Received an expired out of sequence packet ,68165,68520
116.939,Received an expired out of sequence packet ,68166,68520
116.939,Received an expired out of sequence packet ,68167,68520
116.939,Received an expired out of sequence packet ,68168,68520
116.939,Received an expired out of sequence packet ,68169,68520
116.949,Received an expired out of sequence packet ,68170,68520
116.949,Received an expired out of sequence packet ,68171,68520
116.949,Received an expired out of sequence packet ,68172,68520
116.949,Received an expired out of sequence packet ,68173,68520
116.95,Received an expired out of sequence packet ,68174,68520
116.95,Received an expired out of sequence packet ,68175,68520
116.95,Received an expired out of sequence packet ,68176,68520
116.951,Received an expired out of sequence packet ,68177,68520
116.951,Received an expired out of sequence packet ,68178,68520
116.951,Received an expired out of sequence packet ,68179,68520
116.951,Received an expired out of sequence packet ,68180,68520
116.957,Received an expired out of sequence packet ,68181,68520
116.957,Received an expired out of sequence packet ,68182,68520
116.957,Received an expired out of sequence packet ,68183,68520
116.957,Received an expired out of sequence packet ,68184,68520
116.957,Received an expired out of sequence packet ,68185,68520
116.957,Received an expired out of sequence packet ,68186,68520
116.957,Received an expired out of sequence packet ,68187,68520
116.958,Received an expired out of sequence packet ,68188,68520
116.958,Received an expired out of sequence packet ,68189,68520
116.96,Received an expired out of sequence packet ,68190,68520
116.96,Received an expired out of sequence packet ,68191,68520
116.96,Received an expired out of sequence packet ,68192,68520
116.96,Received an expired out of sequence packet ,68193,68520
116.96,Received an expired out of sequence packet ,68194,68520
116.96,Received an expired out of sequence packet ,68195,68520
116.96,Received an expired out of sequence packet ,68196,68520
116.96,Received an expired out of sequence packet ,68197,68520
116.96,Received an expired out of sequence packet ,68198,68520
116.96,Received an expired out of sequence packet ,68199,68520
116.96,Received an expired out of sequence packet ,68200,68520
116.96,Received an expired out of sequence packet ,68201,68520
116.96,Received an expired out of sequence packet ,68202,68520
116.963,Received an expired out of sequence packet ,68203,68520
116.963,Received an expired out of sequence packet ,68204,68520
116.963,Received an expired out of sequence packet ,68205,68520
116.964,Received an expired out of sequence packet ,68206,68520
116.964,Received an expired out of sequence packet ,68207,68520
116.964,Received an expired out of sequence packet ,68208,68520
116.964,Received an expired out of sequence packet ,68209,68520
116.966,Received an expired out of sequence packet ,68210,68520
116.968,Received an expired out of sequence packet ,68211,68520
116.968,Received an expired out of sequence packet ,68212,68520
116.968,Received an expired out of sequence packet ,68213,68520
116.968,Received an expired out of sequence packet ,68214,68520
116.968,Received an expired out of sequence packet ,68215,68520
116.972,Received an expired out of sequence packet ,68216,68520
116.972,Received an expired out of sequence packet ,68217,68520
116.972,Received an expired out of sequence packet ,68218,68520
116.972,Received an expired out of sequence packet ,68219,68520
116.972,Received an expired out of sequence packet ,68220,68520
116.972,Received an expired out of sequence packet ,68221,68520
116.972,Received an expired out of sequence packet ,68222,68520
116.972,Received an expired out of sequence packet ,68223,68520
116.972,Received an expired out of sequence packet ,68224,68520
116.972,Received an expired out of sequence packet ,68225,68520
116.972,Received an expired out of sequence packet ,68226,68520
116.972,Received an expired out of sequence packet ,68227,68520
116.972,Received an expired out of sequence packet ,68228,68520
116.972,Received an expired out of sequence packet ,68229,68520
116.973,Received an expired out of sequence packet ,68230,68520
116.973,Received an expired out of sequence packet ,68231,68520
116.973,Received an expired out of sequence packet ,68232,68520
116.973,Received an expired out of sequence packet ,68233,68520
116.973,Received an expired out of sequence packet ,68234,68520
116.973,Received an expired out of sequence packet ,68235,68520
116.973,Received an expired out of sequence packet ,68236,68520
116.973,Received an expired out of sequence packet ,68237,68520
116.973,Received an expired out of sequence packet ,68238,68520
116.973,Received an expired out of sequence packet ,68239,68520
116.978,Received an expired out of sequence packet ,68240,68520
116.978,Received an expired out of sequence packet ,68241,68520
116.978,Received an expired out of sequence packet ,68242,68520
116.978,Received an expired out of sequence packet ,68243,68520
116.987,Received an expired out of sequence packet ,68244,68520
116.987,Received an expired out of sequence packet ,68245,68520
116.987,Received an expired out of sequence packet ,68246,68520
116.987,Received an expired out of sequence packet ,68247,68520
116.987,Received an expired out of sequence packet ,68248,68520
116.987,Received an expired out of sequence packet ,68249,68520
116.987,Received an expired out of sequence packet ,68250,68520
116.987,Received an expired out of sequence packet ,68251,68520
116.987,Received an expired out of sequence packet ,68252,68520
116.987,Received an expired out of sequence packet ,68253,68520
116.987,Received an expired out of sequence packet ,68254,68520
116.987,Received an expired out of sequence packet ,68255,68520
116.987,Received an expired out of sequence packet ,68256,68520
116.987,Received an expired out of sequence packet ,68257,68520
116.987,Received an expired out of sequence packet ,68258,68520
116.992,Received an expired out of sequence packet ,68259,68520
116.996,Received an expired out of sequence packet ,68260,68520
116.996,Received an expired out of sequence packet ,68261,68520
116.996,Received an expired out of sequence packet ,68262,68520
116.996,Received an expired out of sequence packet ,68263,68520
116.996,Received an expired out of sequence packet ,68264,68520
116.996,Received an expired out of sequence packet ,68265,68520
117.002,Received an expired out of sequence packet ,68266,68520
117.002,Received an expired out of sequence packet ,68267,68520
117.002,Received an expired out of sequence packet ,68268,68520
117.003,Received an expired out of sequence packet ,68269,68520
117.003,Received an expired out of sequence packet ,68270,68520
117.003,Received an expired out of sequence packet ,68271,68520
117.003,Received an expired out of sequence packet ,68272,68520
117.003,Received an expired out of sequence packet ,68273,68520
117.004,Received an expired out of sequence packet ,68274,68520
117.004,Received an expired out of sequence packet ,68275,68520
117.004,Received an expired out of sequence packet ,68276,68520
117.004,Received an expired out of sequence packet ,68277,68520
117.004,Received an expired out of sequence packet ,68278,68520
117.004,Received an expired out of sequence packet ,68279,68520
117.004,Received an expired out of sequence packet ,68280,68520
117.004,Received an expired out of sequence packet ,68281,68520
117.004,Received an expired out of sequence packet ,68282,68520
117.004,Received an expired out of sequence packet ,68283,68520
117.005,Received an expired out of sequence packet ,68284,68520
117.005,Received an expired out of sequence packet ,68285,68520
117.005,Received an expired out of sequence packet ,68286,68520
117.005,Received an expired out of sequence packet ,68287,68520
117.005,Received an expired out of sequence packet ,68288,68520
117.005,Received an expired out of sequence packet ,68289,68520
117.012,Received an expired out of sequence packet ,68290,68520
117.012,Received an expired out of sequence packet ,68291,68520
117.012,Received an expired out of sequence packet ,68292,68520
117.012,Received an expired out of sequence packet ,68293,68520
117.012,Received an expired out of sequence packet ,68294,68520
117.012,Received an expired out of sequence packet ,68295,68520
117.012,Received an expired out of sequence packet ,68296,68520
117.012,Received an expired out of sequence packet ,68297,68520
117.012,Received an expired out of sequence packet ,68298,68520
117.012,Received an expired out of sequence packet ,68299,68520
117.012,Received an expired out of sequence packet ,68300,68520
117.012,Received an expired out of sequence packet ,68301,68520
117.012,Received an expired out of sequence packet ,68302,68520
117.013,Received an expired out of sequence packet ,68303,68520
117.018,Received an expired out of sequence packet ,68304,68520
117.018,Received an expired out of sequence packet ,68305,68520
117.018,Received an expired out of sequence packet ,68306,68520
117.018,Received an expired out of sequence packet ,68307,68520
117.018,Received an expired out of sequence packet ,68308,68520
117.019,Received an expired out of sequence packet ,68309,68520
117.019,Received an expired out of sequence packet ,68310,68520
117.019,Received an expired out of sequence packet ,68311,68520
117.019,Received an expired out of sequence packet ,68312,68520
117.019,Received an expired out of sequence packet ,68313,68520
117.019,Received an expired out of sequence packet ,68314,68520
117.019,Received an expired out of sequence packet ,68315,68520
117.019,Received an expired out of sequence packet ,68316,68520
117.019,Received an expired out of sequence packet ,68317,68520
117.019,Received an expired out of sequence packet ,68318,68520
117.019,Received an expired out of sequence packet ,68319,68520
117.019,Received an expired out of sequence packet ,68320,68520
117.019,Received an expired out of sequence packet ,68321,68520
117.019,Received an expired out of sequence packet ,68322,68520
117.019,Received an expired out of sequence packet ,68323,68520
117.021,Received an expired out of sequence packet ,68324,68520
117.021,Received an expired out of sequence packet ,68325,68520
117.021,Received an expired out of sequence packet ,68326,68520
117.022,Received an expired out of sequence packet ,68327,68520
117.022,Received an expired out of sequence packet ,68328,68520
117.022,Received an expired out of sequence packet ,68329,68520
117.022,Received an expired out of sequence packet ,68330,68520
117.022,Received an expired out of sequence packet ,68331,68520
117.022,Received an expired out of sequence packet ,68332,68520
117.023,Received an expired out of sequence packet ,68333,68520
117.023,Received an expired out of sequence packet ,68334,68520
117.023,Received an expired out of sequence packet ,68335,68520
117.023,Received an expired out of sequence packet ,68336,68520
117.023,Received an expired out of sequence packet ,68337,68520
117.023,Received an expired out of sequence packet ,68338,68520
117.024,Received an expired out of sequence packet ,68339,68520
117.024,Received an expired out of sequence packet ,68340,68520
117.024,Received an expired out of sequence packet ,68341,68520
117.024,Received an expired out of sequence packet ,68342,68520
117.025,Received an expired out of sequence packet ,68343,68520
117.025,Received an expired out of sequence packet ,68344,68520
117.025,Received an expired out of sequence packet ,68345,68520
117.025,Received an expired out of sequence packet ,68346,68520
117.025,Received an expired out of sequence packet ,68347,68520
117.025,Received an expired out of sequence packet ,68348,68520
117.025,Received an expired out of sequence packet ,68349,68520
117.025,Received an expired out of sequence packet ,68350,68520
117.025,Received an expired out of sequence packet ,68351,68520
117.025,Received an expired out of sequence packet ,68352,68520
117.025,Received an expired out of sequence packet ,68353,68520
117.025,Received an expired out of sequence packet ,68354,68520
117.025,Received an expired out of sequence packet ,68355,68520
117.025,Received an expired out of sequence packet ,68356,68520
117.026,Received an expired out of sequence packet ,68357,68520
117.032,Received an expired out of sequence packet ,68358,68520
117.032,Received an expired out of sequence packet ,68359,68520
117.032,Received an expired out of sequence packet ,68360,68520
117.032,Received an expired out of sequence packet ,68361,68520
117.042,Received an expired out of sequence packet ,68362,68520
117.042,Received an expired out of sequence packet ,68363,68520
117.042,Received an expired out of sequence packet ,68364,68520
117.042,Received an expired out of sequence packet ,68365,68520
117.042,Received an expired out of sequence packet ,68366,68520
117.043,Received an expired out of sequence packet ,68367,68520
117.043,Received an expired out of sequence packet ,68368,68520
117.043,Received an expired out of sequence packet ,68369,68520
117.044,Received an expired out of sequence packet ,68370,68520
117.044,Received an expired out of sequence packet ,68371,68520
117.044,Received an expired out of sequence packet ,68372,68520
117.044,Received an expired out of sequence packet ,68373,68520
117.044,Received an expired out of sequence packet ,68374,68520
117.044,Received an expired out of sequence packet ,68375,68520
117.044,Received an expired out of sequence packet ,68376,68520
117.044,Received an expired out of sequence packet ,68377,68520
117.047,Received an expired out of sequence packet ,68378,68520
117.047,Received an expired out of sequence packet ,68379,68520
117.047,Received an expired out of sequence packet ,68380,68520
117.047,Received an expired out of sequence packet ,68381,68520
117.047,Received an expired out of sequence packet ,68382,68520
117.047,Received an expired out of sequence packet ,68383,68520
117.047,Received an expired out of sequence packet ,68384,68520
117.047,Received an expired out of sequence packet ,68385,68520
117.047,Received an expired out of sequence packet ,68386,68520
117.047,Received an expired out of sequence packet ,68387,68520
117.047,Received an expired out of sequence packet ,68388,68520
117.047,Received an expired out of sequence packet ,68389,68520
117.047,Received an expired out of sequence packet ,68390,68520
117.047,Received an expired out of sequence packet ,68391,68520
117.047,Received an expired out of sequence packet ,68392,68520
117.047,Received an expired out of sequence packet ,68393,68520
117.047,Received an expired out of sequence packet ,68394,68520
117.047,Received an expired out of sequence packet ,68395,68520
117.047,Received an expired out of sequence packet ,68396,68520
117.047,Received an expired out of sequence packet ,68397,68520
117.047,Received an expired out of sequence packet ,68398,68520
117.047,Received an expired out of sequence packet ,68399,68520
117.047,Received an expired out of sequence packet ,68400,68520
117.047,Received an expired out of sequence packet ,68401,68520
117.047,Received an expired out of sequence packet ,68402,68520
117.047,Received an expired out of sequence packet ,68403,68520
117.047,Received an expired out of sequence packet ,68404,68520
117.047,Received an expired out of sequence packet ,68405,68520
117.047,Received an expired out of sequence packet ,68406,68520
117.047,Received an expired out of sequence packet ,68407,68520
117.047,Received an expired out of sequence packet ,68408,68520
117.047,Received an expired out of sequence packet ,68409,68520
117.047,Received an expired out of sequence packet ,68410,68520
117.047,Received an expired out of sequence packet ,68411,68520
117.047,Received an expired out of sequence packet ,68412,68520
117.048,Received an expired out of sequence packet ,68413,68520
117.048,Received an expired out of sequence packet ,68414,68520
117.048,Received an expired out of sequence packet ,68415,68520
117.048,Received an expired out of sequence packet ,68416,68520
117.048,Received an expired out of sequence packet ,68417,68520
117.048,Received an expired out of sequence packet ,68418,68520
117.048,Received an expired out of sequence packet ,68419,68520
117.048,Received an expired out of sequence packet ,68420,68520
117.048,Received an expired out of sequence packet ,68421,68520
117.048,Received an expired out of sequence packet ,68422,68520
117.048,Received an expired out of sequence packet ,68423,68520
117.048,Received an expired out of sequence packet ,68424,68520
117.048,Received an expired out of sequence packet ,68425,68520
117.048,Received an expired out of sequence packet ,68426,68520
117.048,Received an expired out of sequence packet ,68427,68520
117.048,Received an expired out of sequence packet ,68428,68520
117.053,Received an expired out of sequence packet ,68429,68520
117.053,Received an expired out of sequence packet ,68430,68520
117.053,Received an expired out of sequence packet ,68431,68520
117.053,Received an expired out of sequence packet ,68432,68520
117.053,Received an expired out of sequence packet ,68433,68520
117.053,Received an expired out of sequence packet ,68434,68520
117.053,Received an expired out of sequence packet ,68435,68520
117.053,Received an expired out of sequence packet ,68436,68520
117.053,Received an expired out of sequence packet ,68437,68520
117.053,Received an expired out of sequence packet ,68438,68520
117.053,Received an expired out of sequence packet ,68439,68520
117.053,Received an expired out of sequence packet ,68440,68520
117.053,Received an expired out of sequence packet ,68441,68520
117.053,Received an expired out of sequence packet ,68442,68520
117.053,Received an expired out of sequence packet ,68443,68520
117.053,Received an expired out of sequence packet ,68444,68520
117.053,Received an expired out of sequence packet ,68445,68520
117.054,Received an expired out of sequence packet ,68446,68520
117.054,Received an expired out of sequence packet ,68447,68520
117.054,Received an expired out of sequence packet ,68448,68520
117.054,Received an expired out of sequence packet ,68449,68520
117.054,Received an expired out of sequence packet ,68450,68520
117.054,Received an expired out of sequence packet ,68451,68520
117.054,Received an expired out of sequence packet ,68452,68520
117.055,Received an expired out of sequence packet ,68453,68520
117.055,Received an expired out of sequence packet ,68454,68520
117.055,Received an expired out of sequence packet ,68455,68520
117.055,Received an expired out of sequence packet ,68456,68520
117.055,Received an expired out of sequence packet ,68457,68520
117.057,Received an expired out of sequence packet ,68458,68520
117.059,Received an expired out of sequence packet ,68459,68520
117.059,Received an expired out of sequence packet ,68460,68520
117.06,Received an expired out of sequence packet ,68461,68520
117.06,Received an expired out of sequence packet ,68462,68520
117.061,Received an expired out of sequence packet ,68463,68520
117.061,Received an expired out of sequence packet ,68464,68520
117.061,Received an expired out of sequence packet ,68465,68520
117.063,Received an expired out of sequence packet ,68466,68520
117.063,Received an expired out of sequence packet ,68467,68520
117.063,Received an expired out of sequence packet ,68468,68520
117.063,Received an expired out of sequence packet ,68469,68520
117.063,Received an expired out of sequence packet ,68470,68520
117.063,Received an expired out of sequence packet ,68471,68520
117.063,Received an expired out of sequence packet ,68472,68520
117.063,Received an expired out of sequence packet ,68473,68520
117.063,Received an expired out of sequence packet ,68474,68520
117.066,Received an expired out of sequence packet ,68475,68520
117.066,Received an expired out of sequence packet ,68476,68520
117.069,Received an expired out of sequence packet ,68477,68520
117.069,Received an expired out of sequence packet ,68478,68520
117.069,Received an expired out of sequence packet ,68479,68520
117.069,Received an expired out of sequence packet ,68480,68520
117.069,Received an expired out of sequence packet ,68481,68520
117.071,Received an expired out of sequence packet ,68482,68520
117.071,Received an expired out of sequence packet ,68483,68520
117.071,Received an expired out of sequence packet ,68484,68520
117.071,Received an expired out of sequence packet ,68485,68520
117.071,Received an expired out of sequence packet ,68486,68520
117.071,Received an expired out of sequence packet ,68487,68520
117.071,Received an expired out of sequence packet ,68488,68520
117.071,Received an expired out of sequence packet ,68489,68520
117.071,Received an expired out of sequence packet ,68490,68520
117.071,Received an expired out of sequence packet ,68491,68520
117.071,Received an expired out of sequence packet ,68492,68520
117.071,Received an expired out of sequence packet ,68493,68520
117.071,Received an expired out of sequence packet ,68494,68520
117.071,Received an expired out of sequence packet ,68495,68520
117.071,Received an expired out of sequence packet ,68496,68520
117.071,Received an expired out of sequence packet ,68497,68520
117.071,Received an expired out of sequence packet ,68498,68520
117.072,Received an expired out of sequence packet ,68499,68520
117.072,Received an expired out of sequence packet ,68500,68520
117.072,Received an expired out of sequence packet ,68501,68520
117.072,Received an expired out of sequence packet ,68502,68520
117.072,Received an expired out of sequence packet ,68503,68520
117.072,Received an expired out of sequence packet ,68504,68520
117.072,Received an expired out of sequence packet ,68505,68520
117.073,Received an expired out of sequence packet ,68506,68520
117.073,Received an expired out of sequence packet ,68507,68520
117.073,Received an expired out of sequence packet ,68508,68520
117.073,Received an expired out of sequence packet ,68509,68520
117.073,Received an expired out of sequence packet ,68510,68520
117.073,Received an expired out of sequence packet ,68511,68520
117.073,Received an expired out of sequence packet ,68512,68520
117.073,Received an expired out of sequence packet ,68513,68520
117.076,Received an expired out of sequence packet ,68514,68520
117.076,Received an expired out of sequence packet ,68515,68520
117.076,Received an expired out of sequence packet ,68516,68520
117.076,Received an expired out of sequence packet ,68517,68520
117.076,Received an expired out of sequence packet ,68518,68520
117.076,Received an expired out of sequence packet ,68519,68520
213.914,Timeout
213.914,clearing sending list because of timeout
213.915,Received an expired out of sequence packet ,130838,131034
214.915,Received an expired out of sequence packet ,130839,131034
215.061,Received an expired out of sequence packet ,130840,131034
215.076,Received an expired out of sequence packet ,130841,131034
215.083,Received an expired out of sequence packet ,130842,131034
215.084,Received an expired out of sequence packet ,130843,131034
215.084,Received an expired out of sequence packet ,130844,131034
215.084,Received an expired out of sequence packet ,130845,131034
215.084,Received an expired out of sequence packet ,130846,131034
215.084,Received an expired out of sequence packet ,130847,131034
215.088,Received an expired out of sequence packet ,130848,131034
215.11,Received an expired out of sequence packet ,130849,131034
215.11,Received an expired out of sequence packet ,130850,131034
215.11,Received an expired out of sequence packet ,130851,131034
215.11,Received an expired out of sequence packet ,130852,131034
215.11,Received an expired out of sequence packet ,130853,131034
215.11,Received an expired out of sequence packet ,130854,131034
215.118,Received an expired out of sequence packet ,130855,131034
215.118,Received an expired out of sequence packet ,130856,131034
215.118,Received an expired out of sequence packet ,130857,131034
215.118,Received an expired out of sequence packet ,130858,131034
215.118,Received an expired out of sequence packet ,130859,131034
215.119,Received an expired out of sequence packet ,130860,131034
215.122,Received an expired out of sequence packet ,130861,131034
215.122,Received an expired out of sequence packet ,130862,131034
215.122,Received an expired out of sequence packet ,130863,131034
215.125,Received an expired out of sequence packet ,130864,131034
215.125,Received an expired out of sequence packet ,130865,131034
215.125,Received an expired out of sequence packet ,130866,131034
215.129,Received an expired out of sequence packet ,130867,131034
215.129,Received an expired out of sequence packet ,130868,131034
215.132,Received an expired out of sequence packet ,130869,131034
215.135,Received an expired out of sequence packet ,130870,131034
215.143,Received an expired out of sequence packet ,130871,131034
215.143,Received an expired out of sequence packet ,130872,131034
215.147,Received an expired out of sequence packet ,130873,131034
215.147,Received an expired out of sequence packet ,130874,131034
215.147,Received an expired out of sequence packet ,130875,131034
215.147,Received an expired out of sequence packet ,130876,131034
215.147,Received an expired out of sequence packet ,130877,131034
215.147,Received an expired out of sequence packet ,130878,131034
215.151,Received an expired out of sequence packet ,130879,131034
215.156,Received an expired out of sequence packet ,130880,131034
215.156,Received an expired out of sequence packet ,130881,131034
215.156,Received an expired out of sequence packet ,130882,131034
215.156,Received an expired out of sequence packet ,130883,131034
215.157,Received an expired out of sequence packet ,130884,131034
215.166,Received an expired out of sequence packet ,130885,131034
215.166,Received an expired out of sequence packet ,130886,131034
215.166,Received an expired out of sequence packet ,130887,131034
215.17,Received an expired out of sequence packet ,130888,131034
215.173,Received an expired out of sequence packet ,130889,131034
215.173,Received an expired out of sequence packet ,130890,131034
215.173,Received an expired out of sequence packet ,130891,131034
215.173,Received an expired out of sequence packet ,130892,131034
215.173,Received an expired out of sequence packet ,130893,131034
215.173,Received an expired out of sequence packet ,130894,131034
215.177,Received an expired out of sequence packet ,130895,131034
215.177,Received an expired out of sequence packet ,130896,131034
215.177,Received an expired out of sequence packet ,130897,131034
215.178,Received an expired out of sequence packet ,130898,131034
215.181,Received an expired out of sequence packet ,130899,131034
215.185,Received an expired out of sequence packet ,130900,131034
215.185,Received an expired out of sequence packet ,130901,131034
215.185,Received an expired out of sequence packet ,130902,131034
215.185,Received an expired out of sequence packet ,130903,131034
215.188,Received an expired out of sequence packet ,130904,131034
215.188,Received an expired out of sequence packet ,130905,131034
215.196,Received an expired out of sequence packet ,130906,131034
215.2,Received an expired out of sequence packet ,130907,131034
215.2,Received an expired out of sequence packet ,130908,131034
215.2,Received an expired out of sequence packet ,130909,131034
215.203,Received an expired out of sequence packet ,130910,131034
215.203,Received an expired out of sequence packet ,130911,131034
215.203,Received an expired out of sequence packet ,130912,131034
215.203,Received an expired out of sequence packet ,130913,131034
215.203,Received an expired out of sequence packet ,130914,131034
215.207,Received an expired out of sequence packet ,130915,131034
215.207,Received an expired out of sequence packet ,130916,131034
215.207,Received an expired out of sequence packet ,130917,131034
215.209,Received an expired out of sequence packet ,130918,131034
215.209,Received an expired out of sequence packet ,130919,131034
215.214,Received an expired out of sequence packet ,130920,131034
215.214,Received an expired out of sequence packet ,130921,131034
215.218,Received an expired out of sequence packet ,130922,131034
215.218,Received an expired out of sequence packet ,130923,131034
215.219,Received an expired out of sequence packet ,130924,131034
215.219,Received an expired out of sequence packet ,130925,131034
215.219,Received an expired out of sequence packet ,130926,131034
215.223,Received an expired out of sequence packet ,130927,131034
215.223,Received an expired out of sequence packet ,130928,131034
215.223,Received an expired out of sequence packet ,130929,131034
215.223,Received an expired out of sequence packet ,130930,131034
215.226,Received an expired out of sequence packet ,130931,131034
215.229,Received an expired out of sequence packet ,130932,131034
215.231,Received an expired out of sequence packet ,130933,131034
215.231,Received an expired out of sequence packet ,130934,131034
215.231,Received an expired out of sequence packet ,130935,131034
215.232,Received an expired out of sequence packet ,130936,131034
215.235,Received an expired out of sequence packet ,130937,131034
215.235,Received an expired out of sequence packet ,130938,131034
215.238,Received an expired out of sequence packet ,130939,131034
215.242,Received an expired out of sequence packet ,130940,131034
215.242,Received an expired out of sequence packet ,130941,131034
215.242,Received an expired out of sequence packet ,130942,131034
215.242,Received an expired out of sequence packet ,130943,131034
215.249,Received an expired out of sequence packet ,130944,131034
215.249,Received an expired out of sequence packet ,130945,131034
215.25,Received an expired out of sequence packet ,130946,131034
215.251,Received an expired out of sequence packet ,130947,131034
215.253,Received an expired out of sequence packet ,130948,131034
215.253,Received an expired out of sequence packet ,130949,131034
215.253,Received an expired out of sequence packet ,130950,131034
215.256,Received an expired out of sequence packet ,130951,131034
215.256,Received an expired out of sequence packet ,130952,131034
215.256,Received an expired out of sequence packet ,130953,131034
215.259,Received an expired out of sequence packet ,130954,131034
215.263,Received an expired out of sequence packet ,130955,131034
215.263,Received an expired out of sequence packet ,130956,131034
215.263,Received an expired out of sequence packet ,130957,131034
215.265,Received an expired out of sequence packet ,130958,131034
215.265,Received an expired out of sequence packet ,130959,131034
215.269,Received an expired out of sequence packet ,130960,131034
215.269,Received an expired out of sequence packet ,130961,131034
215.269,Received an expired out of sequence packet ,130962,131034
215.269,Received an expired out of sequence packet ,130963,131034
215.272,Received an expired out of sequence packet ,130964,131034
215.275,Received an expired out of sequence packet ,130965,131034
215.275,Received an expired out of sequence packet ,130966,131034
215.275,Received an expired out of sequence packet ,130967,131034
215.279,Received an expired out of sequence packet ,130968,131034
215.281,Received an expired out of sequence packet ,130969,131034
215.281,Received an expired out of sequence packet ,130970,131034
215.286,Received an expired out of sequence packet ,130971,131034
215.286,Received an expired out of sequence packet ,130972,131034
215.288,Received an expired out of sequence packet ,130973,131034
215.288,Received an expired out of sequence packet ,130974,131034
215.288,Received an expired out of sequence packet ,130975,131034
215.29,Received an expired out of sequence packet ,130976,131034
215.29,Received an expired out of sequence packet ,130977,131034
215.29,Received an expired out of sequence packet ,130978,131034
215.296,Received an expired out of sequence packet ,130979,131034
215.296,Received an expired out of sequence packet ,130980,131034
215.303,Received an expired out of sequence packet ,130981,131034
215.303,Received an expired out of sequence packet ,130982,131034
215.303,Received an expired out of sequence packet ,130983,131034
215.303,Received an expired out of sequence packet ,130984,131034
215.312,Received an expired out of sequence packet ,130985,131034
215.312,Received an expired out of sequence packet ,130986,131034
215.312,Received an expired out of sequence packet ,130987,131034
215.313,Received an expired out of sequence packet ,130988,131034
215.313,Received an expired out of sequence packet ,130989,131034
215.319,Received an expired out of sequence packet ,130990,131034
215.319,Received an expired out of sequence packet ,130991,131034
215.319,Received an expired out of sequence packet ,130992,131034
215.319,Received an expired out of sequence packet ,130993,131034
215.319,Received an expired out of sequence packet ,130994,131034
215.319,Received an expired out of sequence packet ,130995,131034
215.327,Received an expired out of sequence packet ,130996,131034
215.327,Received an expired out of sequence packet ,130997,131034
215.327,Received an expired out of sequence packet ,130998,131034
215.327,Received an expired out of sequence packet ,130999,131034
215.327,Received an expired out of sequence packet ,131000,131034
215.328,Received an expired out of sequence packet ,131001,131034
215.328,Received an expired out of sequence packet ,131002,131034
215.328,Received an expired out of sequence packet ,131003,131034
215.329,Received an expired out of sequence packet ,131004,131034
215.329,Received an expired out of sequence packet ,131005,131034
215.329,Received an expired out of sequence packet ,131006,131034
215.329,Received an expired out of sequence packet ,131007,131034
215.329,Received an expired out of sequence packet ,131008,131034
215.333,Received an expired out of sequence packet ,131009,131034
215.333,Received an expired out of sequence packet ,131010,131034
215.333,Received an expired out of sequence packet ,131011,131034
215.333,Received an expired out of sequence packet ,131012,131034
215.335,Received an expired out of sequence packet ,131013,131034
215.335,Received an expired out of sequence packet ,131014,131034
215.34,Received an expired out of sequence packet ,131015,131034
215.34,Received an expired out of sequence packet ,131016,131034
215.34,Received an expired out of sequence packet ,131017,131034
215.34,Received an expired out of sequence packet ,131018,131034
215.345,Received an expired out of sequence packet ,131019,131034
215.345,Received an expired out of sequence packet ,131020,131034
215.345,Received an expired out of sequence packet ,131021,131034
215.345,Received an expired out of sequence packet ,131022,131034
215.345,Received an expired out of sequence packet ,131023,131034
215.347,Received an expired out of sequence packet ,131024,131034
215.347,Received an expired out of sequence packet ,131025,131034
215.347,Received an expired out of sequence packet ,131026,131034
215.353,Received an expired out of sequence packet ,131027,131034
215.353,Received an expired out of sequence packet ,131028,131034
215.353,Received an expired out of sequence packet ,131029,131034
215.357,Received an expired out of sequence packet ,131030,131034
215.357,Received an expired out of sequence packet ,131031,131034
215.357,Received an expired out of sequence packet ,131032,131034
215.357,Received an expired out of sequence packet ,131033,131034
239.631,Restart,can't map delay on delay curve
241.077,Exit slow start,exceeding SS_EXIT_THRESHOLD
244.457,Timeout
244.457,clearing sending list because of timeout
244.57,Received an expired out of sequence packet ,5640,6228
244.57,Received an expired out of sequence packet ,5641,6228
244.57,Received an expired out of sequence packet ,5642,6228
244.57,Received an expired out of sequence packet ,5643,6228
244.57,Received an expired out of sequence packet ,5644,6228
244.57,Received an expired out of sequence packet ,5645,6228
244.57,Received an expired out of sequence packet ,5646,6228
244.57,Received an expired out of sequence packet ,5647,6228
244.57,Received an expired out of sequence packet ,5648,6228
244.61,Received an expired out of sequence packet ,5649,6228
244.616,Received an expired out of sequence packet ,5650,6228
244.616,Received an expired out of sequence packet ,5651,6228
244.617,Received an expired out of sequence packet ,5652,6228
244.649,Received an expired out of sequence packet ,5653,6228
244.649,Received an expired out of sequence packet ,5654,6228
244.649,Received an expired out of sequence packet ,5655,6228
244.649,Received an expired out of sequence packet ,5656,6228
244.649,Received an expired out of sequence packet ,5657,6228
244.649,Received an expired out of sequence packet ,5658,6228
244.649,Received an expired out of sequence packet ,5659,6228
244.649,Received an expired out of sequence packet ,5660,6228
244.649,Received an expired out of sequence packet ,5661,6228
244.649,Received an expired out of sequence packet ,5662,6228
244.649,Received an expired out of sequence packet ,5663,6228
244.649,Received an expired out of sequence packet ,5664,6228
244.65,Received an expired out of sequence packet ,5665,6228
244.656,Received an expired out of sequence packet ,5666,6228
244.656,Received an expired out of sequence packet ,5667,6228
244.673,Received an expired out of sequence packet ,5668,6228
244.678,Received an expired out of sequence packet ,5669,6228
244.678,Received an expired out of sequence packet ,5670,6228
244.678,Received an expired out of sequence packet ,5671,6228
244.679,Received an expired out of sequence packet ,5672,6228
244.679,Received an expired out of sequence packet ,5673,6228
244.68,Received an expired out of sequence packet ,5674,6228
244.68,Received an expired out of sequence packet ,5675,6228
244.68,Received an expired out of sequence packet ,5676,6228
244.681,Received an expired out of sequence packet ,5677,6228
244.683,Received an expired out of sequence packet ,5678,6228
244.683,Received an expired out of sequence packet ,5679,6228
244.683,Received an expired out of sequence packet ,5680,6228
244.683,Received an expired out of sequence packet ,5681,6228
244.683,Received an expired out of sequence packet ,5682,6228
244.689,Received an expired out of sequence packet ,5683,6228
244.689,Received an expired out of sequence packet ,5684,6228
244.691,Received an expired out of sequence packet ,5685,6228
244.691,Received an expired out of sequence packet ,5686,6228
244.696,Received an expired out of sequence packet ,5687,6228
244.696,Received an expired out of sequence packet ,5688,6228
244.696,Received an expired out of sequence packet ,5689,6228
244.696,Received an expired out of sequence packet ,5690,6228
244.696,Received an expired out of sequence packet ,5691,6228
244.696,Received an expired out of sequence packet ,5692,6228
244.697,Received an expired out of sequence packet ,5693,6228
244.702,Received an expired out of sequence packet ,5694,6228
244.703,Received an expired out of sequence packet ,5695,6228
244.709,Received an expired out of sequence packet ,5696,6228
244.709,Received an expired out of sequence packet ,5697,6228
244.71,Received an expired out of sequence packet ,5698,6228
244.71,Received an expired out of sequence packet ,5699,6228
244.71,Received an expired out of sequence packet ,5700,6228
244.71,Received an expired out of sequence packet ,5701,6228
244.71,Received an expired out of sequence packet ,5702,6228
244.71,Received an expired out of sequence packet ,5703,6228
244.714,Received an expired out of sequence packet ,5704,6228
244.714,Received an expired out of sequence packet ,5705,6228
244.715,Received an expired out of sequence packet ,5706,6228
244.715,Received an expired out of sequence packet ,5707,6228
244.723,Received an expired out of sequence packet ,5708,6228
244.723,Received an expired out of sequence packet ,5709,6228
244.724,Received an expired out of sequence packet ,5710,6228
244.729,Received an expired out of sequence packet ,5711,6228
244.729,Received an expired out of sequence packet ,5712,6228
244.732,Received an expired out of sequence packet ,5713,6228
244.732,Received an expired out of sequence packet ,5714,6228
244.732,Received an expired out of sequence packet ,5715,6228
244.732,Received an expired out of sequence packet ,5716,6228
244.733,Received an expired out of sequence packet ,5717,6228
244.733,Received an expired out of sequence packet ,5718,6228
244.733,Received an expired out of sequence packet ,5719,6228
244.733,Received an expired out of sequence packet ,5720,6228
244.739,Received an expired out of sequence packet ,5721,6228
244.739,Received an expired out of sequence packet ,5722,6228
244.739,Received an expired out of sequence packet ,5723,6228
244.739,Received an expired out of sequence packet ,5724,6228
244.74,Received an expired out of sequence packet ,5725,6228
244.74,Received an expired out of sequence packet ,5726,6228
244.74,Received an expired out of sequence packet ,5727,6228
244.74,Received an expired out of sequence packet ,5728,6228
244.743,Received an expired out of sequence packet ,5729,6228
244.743,Received an expired out of sequence packet ,5730,6228
244.743,Received an expired out of sequence packet ,5731,6228
244.743,Received an expired out of sequence packet ,5732,6228
244.743,Received an expired out of sequence packet ,5733,6228
244.75,Received an expired out of sequence packet ,5734,6228
244.75,Received an expired out of sequence packet ,5735,6228
244.75,Received an expired out of sequence packet ,5736,6228
244.75,Received an expired out of sequence packet ,5737,6228
244.75,Received an expired out of sequence packet ,5738,6228
244.755,Received an expired out of sequence packet ,5739,6228
244.756,Received an expired out of sequence packet ,5740,6228
244.756,Received an expired out of sequence packet ,5741,6228
244.756,Received an expired out of sequence packet ,5742,6228
244.756,Received an expired out of sequence packet ,5743,6228
244.756,Received an expired out of sequence packet ,5744,6228
244.756,Received an expired out of sequence packet ,5745,6228
244.757,Received an expired out of sequence packet ,5746,6228
244.757,Received an expired out of sequence packet ,5747,6228
244.757,Received an expired out of sequence packet ,5748,6228
244.761,Received an expired out of sequence packet ,5749,6228
244.761,Received an expired out of sequence packet ,5750,6228
244.767,Received an expired out of sequence packet ,5751,6228
244.767,Received an expired out of sequence packet ,5752,6228
244.767,Received an expired out of sequence packet ,5753,6228
244.767,Received an expired out of sequence packet ,5754,6228
244.767,Received an expired out of sequence packet ,5755,6228
244.767,Received an expired out of sequence packet ,5756,6228
244.767,Received an expired out of sequence packet ,5757,6228
244.767,Received an expired out of sequence packet ,5758,6228
244.769,Received an expired out of sequence packet ,5759,6228
244.769,Received an expired out of sequence packet ,5760,6228
244.769,Received an expired out of sequence packet ,5761,6228
244.776,Received an expired out of sequence packet ,5762,6228
244.786,Received an expired out of sequence packet ,5763,6228
244.786,Received an expired out of sequence packet ,5764,6228
244.789,Received an expired out of sequence packet ,5765,6228
244.789,Received an expired out of sequence packet ,5766,6228
244.791,Received an expired out of sequence packet ,5767,6228
244.791,Received an expired out of sequence packet ,5768,6228
244.792,Received an expired out of sequence packet ,5769,6228
244.795,Received an expired out of sequence packet ,5770,6228
244.799,Received an expired out of sequence packet ,5771,6228
244.799,Received an expired out of sequence packet ,5772,6228
244.802,Received an expired out of sequence packet ,5773,6228
244.802,Received an expired out of sequence packet ,5774,6228
244.802,Received an expired out of sequence packet ,5775,6228
244.806,Received an expired out of sequence packet ,5776,6228
244.807,Received an expired out of sequence packet ,5777,6228
244.812,Received an expired out of sequence packet ,5778,6228
244.814,Received an expired out of sequence packet ,5779,6228
244.817,Received an expired out of sequence packet ,5780,6228
244.823,Received an expired out of sequence packet ,5781,6228
244.824,Received an expired out of sequence packet ,5782,6228
244.827,Received an expired out of sequence packet ,5783,6228
244.827,Received an expired out of sequence packet ,5784,6228
244.831,Received an expired out of sequence packet ,5785,6228
244.834,Received an expired out of sequence packet ,5786,6228
244.838,Received an expired out of sequence packet ,5787,6228
244.841,Received an expired out of sequence packet ,5788,6228
244.844,Received an expired out of sequence packet ,5789,6228
244.844,Received an expired out of sequence packet ,5790,6228
244.85,Received an expired out of sequence packet ,5791,6228
244.85,Received an expired out of sequence packet ,5792,6228
244.852,Received an expired out of sequence packet ,5793,6228
244.853,Received an expired out of sequence packet ,5794,6228
244.853,Received an expired out of sequence packet ,5795,6228
244.853,Received an expired out of sequence packet ,5796,6228
244.86,Received an expired out of sequence packet ,5797,6228
244.86,Received an expired out of sequence packet ,5798,6228
244.86,Received an expired out of sequence packet ,5799,6228
244.865,Received an expired out of sequence packet ,5800,6228
244.865,Received an expired out of sequence packet ,5801,6228
244.866,Received an expired out of sequence packet ,5802,6228
244.866,Received an expired out of sequence packet ,5803,6228
244.866,Received an expired out of sequence packet ,5804,6228
244.87,Received an expired out of sequence packet ,5805,6228
244.87,Received an expired out of sequence packet ,5806,6228
244.87,Received an expired out of sequence packet ,5807,6228
244.872,Received an expired out of sequence packet ,5808,6228
244.873,Received an expired out of sequence packet ,5809,6228
244.884,Received an expired out of sequence packet ,5810,6228
244.884,Received an expired out of sequence packet ,5811,6228
244.884,Received an expired out of sequence packet ,5812,6228
244.884,Received an expired out of sequence packet ,5813,6228
244.887,Received an expired out of sequence packet ,5814,6228
244.888,Received an expired out of sequence packet ,5815,6228
244.888,Received an expired out of sequence packet ,5816,6228
244.888,Received an expired out of sequence packet ,5817,6228
244.888,Received an expired out of sequence packet ,5818,6228
244.888,Received an expired out of sequence packet ,5819,6228
244.888,Received an expired out of sequence packet ,5820,6228
244.888,Received an expired out of sequence packet ,5821,6228
244.888,Received an expired out of sequence packet ,5822,6228
244.888,Received an expired out of sequence packet ,5823,6228
244.888,Received an expired out of sequence packet ,5824,6228
244.888,Received an expired out of sequence packet ,5825,6228
244.888,Received an expired out of sequence packet ,5826,6228
244.894,Received an expired out of sequence packet ,5827,6228
244.894,Received an expired out of sequence packet ,5828,6228
244.894,Received an expired out of sequence packet ,5829,6228
244.894,Received an expired out of sequence packet ,5830,6228
244.894,Received an expired out of sequence packet ,5831,6228
244.895,Received an expired out of sequence packet ,5832,6228
244.895,Received an expired out of sequence packet ,5833,6228
244.895,Received an expired out of sequence packet ,5834,6228
244.895,Received an expired out of sequence packet ,5835,6228
244.895,Received an expired out of sequence packet ,5836,6228
244.896,Received an expired out of sequence packet ,5837,6228
244.898,Received an expired out of sequence packet ,5838,6228
244.898,Received an expired out of sequence packet ,5839,6228
244.903,Received an expired out of sequence packet ,5840,6228
244.903,Received an expired out of sequence packet ,5841,6228
244.903,Received an expired out of sequence packet ,5842,6228
244.903,Received an expired out of sequence packet ,5843,6228
244.903,Received an expired out of sequence packet ,5844,6228
244.903,Received an expired out of sequence packet ,5845,6228
244.903,Received an expired out of sequence packet ,5846,6228
244.904,Received an expired out of sequence packet ,5847,6228
244.904,Received an expired out of sequence packet ,5848,6228
244.904,Received an expired out of sequence packet ,5849,6228
244.906,Received an expired out of sequence packet ,5850,6228
244.906,Received an expired out of sequence packet ,5851,6228
244.906,Received an expired out of sequence packet ,5852,6228
244.906,Received an expired out of sequence packet ,5853,6228
244.906,Received an expired out of sequence packet ,5854,6228
244.906,Received an expired out of sequence packet ,5855,6228
244.911,Received an expired out of sequence packet ,5856,6228
244.914,Received an expired out of sequence packet ,5857,6228
244.914,Received an expired out of sequence packet ,5858,6228
244.914,Received an expired out of sequence packet ,5859,6228
244.914,Received an expired out of sequence packet ,5860,6228
244.914,Received an expired out of sequence packet ,5861,6228
244.914,Received an expired out of sequence packet ,5862,6228
244.923,Received an expired out of sequence packet ,5863,6228
244.923,Received an expired out of sequence packet ,5864,6228
244.923,Received an expired out of sequence packet ,5865,6228
244.923,Received an expired out of sequence packet ,5866,6228
244.923,Received an expired out of sequence packet ,5867,6228
244.923,Received an expired out of sequence packet ,5868,6228
244.925,Received an expired out of sequence packet ,5869,6228
244.925,Received an expired out of sequence packet ,5870,6228
244.925,Received an expired out of sequence packet ,5871,6228
244.925,Received an expired out of sequence packet ,5872,6228
244.925,Received an expired out of sequence packet ,5873,6228
244.925,Received an expired out of sequence packet ,5874,6228
244.925,Received an expired out of sequence packet ,5875,6228
244.925,Received an expired out of sequence packet ,5876,6228
244.925,Received an expired out of sequence packet ,5877,6228
244.929,Received an expired out of sequence packet ,5878,6228
244.929,Received an expired out of sequence packet ,5879,6228
244.929,Received an expired out of sequence packet ,5880,6228
244.929,Received an expired out of sequence packet ,5881,6228
244.929,Received an expired out of sequence packet ,5882,6228
244.932,Received an expired out of sequence packet ,5883,6228
244.932,Received an expired out of sequence packet ,5884,6228
244.932,Received an expired out of sequence packet ,5885,6228
244.934,Received an expired out of sequence packet ,5886,6228
244.934,Received an expired out of sequence packet ,5887,6228
244.934,Received an expired out of sequence packet ,5888,6228
244.934,Received an expired out of sequence packet ,5889,6228
244.939,Received an expired out of sequence packet ,5890,6228
244.939,Received an expired out of sequence packet ,5891,6228
244.939,Received an expired out of sequence packet ,5892,6228
244.939,Received an expired out of sequence packet ,5893,6228
244.939,Received an expired out of sequence packet ,5894,6228
244.94,Received an expired out of sequence packet ,5895,6228
244.94,Received an expired out of sequence packet ,5896,6228
244.94,Received an expired out of sequence packet ,5897,6228
244.94,Received an expired out of sequence packet ,5898,6228
244.94,Received an expired out of sequence packet ,5899,6228
244.943,Received an expired out of sequence packet ,5900,6228
244.943,Received an expired out of sequence packet ,5901,6228
244.946,Received an expired out of sequence packet ,5902,6228
244.946,Received an expired out of sequence packet ,5903,6228
244.955,Received an expired out of sequence packet ,5904,6228
244.955,Received an expired out of sequence packet ,5905,6228
244.957,Received an expired out of sequence packet ,5906,6228
244.957,Received an expired out of sequence packet ,5907,6228
244.957,Received an expired out of sequence packet ,5908,6228
244.957,Received an expired out of sequence packet ,5909,6228
244.957,Received an expired out of sequence packet ,5910,6228
244.958,Received an expired out of sequence packet ,5911,6228
244.958,Received an expired out of sequence packet ,5912,6228
244.958,Received an expired out of sequence packet ,5913,6228
244.958,Received an expired out of sequence packet ,5914,6228
244.958,Received an expired out of sequence packet ,5915,6228
244.958,Received an expired out of sequence packet ,5916,6228
244.958,Received an expired out of sequence packet ,5917,6228
244.958,Received an expired out of sequence packet ,5918,6228
244.958,Received an expired out of sequence packet ,5919,6228
244.958,Received an expired out of sequence packet ,5920,6228
244.958,Received an expired out of sequence packet ,5921,6228
244.958,Received an expired out of sequence packet ,5922,6228
244.958,Received an expired out of sequence packet ,5923,6228
244.958,Received an expired out of sequence packet ,5924,6228
244.958,Received an expired out of sequence packet ,5925,6228
244.958,Received an expired out of sequence packet ,5926,6228
244.958,Received an expired out of sequence packet ,5927,6228
244.958,Received an expired out of sequence packet ,5928,6228
244.958,Received an expired out of sequence packet ,5929,6228
244.961,Received an expired out of sequence packet ,5930,6228
244.961,Received an expired out of sequence packet ,5931,6228
244.961,Received an expired out of sequence packet ,5932,6228
244.961,Received an expired out of sequence packet ,5933,6228
244.963,Received an expired out of sequence packet ,5934,6228
244.963,Received an expired out of sequence packet ,5935,6228
244.963,Received an expired out of sequence packet ,5936,6228
244.963,Received an expired out of sequence packet ,5937,6228
244.964,Received an expired out of sequence packet ,5938,6228
244.964,Received an expired out of sequence packet ,5939,6228
244.964,Received an expired out of sequence packet ,5940,6228
244.968,Received an expired out of sequence packet ,5941,6228
244.968,Received an expired out of sequence packet ,5942,6228
244.968,Received an expired out of sequence packet ,5943,6228
244.968,Received an expired out of sequence packet ,5944,6228
244.968,Received an expired out of sequence packet ,5945,6228
244.976,Received an expired out of sequence packet ,5946,6228
244.976,Received an expired out of sequence packet ,5947,6228
244.976,Received an expired out of sequence packet ,5948,6228
244.976,Received an expired out of sequence packet ,5949,6228
244.976,Received an expired out of sequence packet ,5950,6228
244.976,Received an expired out of sequence packet ,5951,6228
244.977,Received an expired out of sequence packet ,5952,6228
244.978,Received an expired out of sequence packet ,5953,6228
244.979,Received an expired out of sequence packet ,5954,6228
244.981,Received an expired out of sequence packet ,5955,6228
244.983,Received an expired out of sequence packet ,5956,6228
244.983,Received an expired out of sequence packet ,5957,6228
244.985,Received an expired out of sequence packet ,5958,6228
244.985,Received an expired out of sequence packet ,5959,6228
244.985,Received an expired out of sequence packet ,5960,6228
244.985,Received an expired out of sequence packet ,5961,6228
244.986,Received an expired out of sequence packet ,5962,6228
244.986,Received an expired out of sequence packet ,5963,6228
244.986,Received an expired out of sequence packet ,5964,6228
244.986,Received an expired out of sequence packet ,5965,6228
244.986,Received an expired out of sequence packet ,5966,6228
244.99,Received an expired out of sequence packet ,5967,6228
244.993,Received an expired out of sequence packet ,5968,6228
244.993,Received an expired out of sequence packet ,5969,6228
244.993,Received an expired out of sequence packet ,5970,6228
244.993,Received an expired out of sequence packet ,5971,6228
244.993,Received an expired out of sequence packet ,5972,6228
244.993,Received an expired out of sequence packet ,5973,6228
244.995,Received an expired out of sequence packet ,5974,6228
244.995,Received an expired out of sequence packet ,5975,6228
244.996,Received an expired out of sequence packet ,5976,6228
244.996,Received an expired out of sequence packet ,5977,6228
244.997,Received an expired out of sequence packet ,5978,6228
244.999,Received an expired out of sequence packet ,5979,6228
244.999,Received an expired out of sequence packet ,5980,6228
245.001,Received an expired out of sequence packet ,5981,6228
245.004,Received an expired out of sequence packet ,5982,6228
245.005,Received an expired out of sequence packet ,5983,6228
245.005,Received an expired out of sequence packet ,5984,6228
245.005,Received an expired out of sequence packet ,5985,6228
245.006,Received an expired out of sequence packet ,5986,6228
245.006,Received an expired out of sequence packet ,5987,6228
245.007,Received an expired out of sequence packet ,5988,6228
245.007,Received an expired out of sequence packet ,5989,6228
245.011,Received an expired out of sequence packet ,5990,6228
245.015,Received an expired out of sequence packet ,5991,6228
245.015,Received an expired out of sequence packet ,5992,6228
245.025,Received an expired out of sequence packet ,5993,6228
245.025,Received an expired out of sequence packet ,5994,6228
245.027,Received an expired out of sequence packet ,5995,6228
245.027,Received an expired out of sequence packet ,5996,6228
245.028,Received an expired out of sequence packet ,5997,6228
245.028,Received an expired out of sequence packet ,5998,6228
245.028,Received an expired out of sequence packet ,5999,6228
245.031,Received an expired out of sequence packet ,6000,6228
245.031,Received an expired out of sequence packet ,6001,6228
245.034,Received an expired out of sequence packet ,6002,6228
245.034,Received an expired out of sequence packet ,6003,6228
245.035,Received an expired out of sequence packet ,6004,6228
245.035,Received an expired out of sequence packet ,6005,6228
245.035,Received an expired out of sequence packet ,6006,6228
245.036,Received an expired out of sequence packet ,6007,6228
245.036,Received an expired out of sequence packet ,6008,6228
245.036,Received an expired out of sequence packet ,6009,6228
245.036,Received an expired out of sequence packet ,6010,6228
245.037,Received an expired out of sequence packet ,6011,6228
245.037,Received an expired out of sequence packet ,6012,6228
245.038,Received an expired out of sequence packet ,6013,6228
245.038,Received an expired out of sequence packet ,6014,6228
245.041,Received an expired out of sequence packet ,6015,6228
245.041,Received an expired out of sequence packet ,6016,6228
245.044,Received an expired out of sequence packet ,6017,6228
245.044,Received an expired out of sequence packet ,6018,6228
245.046,Received an expired out of sequence packet ,6019,6228
245.046,Received an expired out of sequence packet ,6020,6228
245.049,Received an expired out of sequence packet ,6021,6228
245.049,Received an expired out of sequence packet ,6022,6228
245.049,Received an expired out of sequence packet ,6023,6228
245.05,Received an expired out of sequence packet ,6024,6228
245.05,Received an expired out of sequence packet ,6025,6228
245.05,Received an expired out of sequence packet ,6026,6228
245.05,Received an expired out of sequence packet ,6027,6228
245.051,Received an expired out of sequence packet ,6028,6228
245.065,Received an expired out of sequence packet ,6029,6228
245.065,Received an expired out of sequence packet ,6030,6228
245.069,Received an expired out of sequence packet ,6031,6228
245.069,Received an expired out of sequence packet ,6032,6228
245.069,Received an expired out of sequence packet ,6033,6228
245.069,Received an expired out of sequence packet ,6034,6228
245.069,Received an expired out of sequence packet ,6035,6228
245.072,Received an expired out of sequence packet ,6036,6228
245.072,Received an expired out of sequence packet ,6037,6228
245.072,Received an expired out of sequence packet ,6038,6228
245.073,Received an expired out of sequence packet ,6039,6228
245.073,Received an expired out of sequence packet ,6040,6228
245.074,Received an expired out of sequence packet ,6041,6228
245.074,Received an expired out of sequence packet ,6042,6228
245.09,Received an expired out of sequence packet ,6043,6228
245.09,Received an expired out of sequence packet ,6044,6228
245.09,Received an expired out of sequence packet ,6045,6228
245.092,Received an expired out of sequence packet ,6046,6228
245.093,Received an expired out of sequence packet ,6047,6228
245.093,Received an expired out of sequence packet ,6048,6228
245.093,Received an expired out of sequence packet ,6049,6228
245.093,Received an expired out of sequence packet ,6050,6228
245.093,Received an expired out of sequence packet ,6051,6228
245.093,Received an expired out of sequence packet ,6052,6228
245.094,Received an expired out of sequence packet ,6053,6228
245.094,Received an expired out of sequence packet ,6054,6228
245.094,Received an expired out of sequence packet ,6055,6228
245.094,Received an expired out of sequence packet ,6056,6228
245.094,Received an expired out of sequence packet ,6057,6228
245.094,Received an expired out of sequence packet ,6058,6228
245.099,Received an expired out of sequence packet ,6059,6228
245.099,Received an expired out of sequence packet ,6060,6228
245.099,Received an expired out of sequence packet ,6061,6228
245.101,Received an expired out of sequence packet ,6062,6228
245.101,Received an expired out of sequence packet ,6063,6228
245.101,Received an expired out of sequence packet ,6064,6228
245.103,Received an expired out of sequence packet ,6065,6228
245.103,Received an expired out of sequence packet ,6066,6228
245.104,Received an expired out of sequence packet ,6067,6228
245.113,Received an expired out of sequence packet ,6068,6228
245.113,Received an expired out of sequence packet ,6069,6228
245.113,Received an expired out of sequence packet ,6070,6228
245.114,Received an expired out of sequence packet ,6071,6228
245.114,Received an expired out of sequence packet ,6072,6228
245.114,Received an expired out of sequence packet ,6073,6228
245.114,Received an expired out of sequence packet ,6074,6228
245.114,Received an expired out of sequence packet ,6075,6228
245.114,Received an expired out of sequence packet ,6076,6228
245.126,Received an expired out of sequence packet ,6077,6228
245.126,Received an expired out of sequence packet ,6078,6228
245.127,Received an expired out of sequence packet ,6079,6228
245.129,Received an expired out of sequence packet ,6080,6228
245.135,Received an expired out of sequence packet ,6081,6228
245.136,Received an expired out of sequence packet ,6082,6228
245.136,Received an expired out of sequence packet ,6083,6228
245.137,Received an expired out of sequence packet ,6084,6228
245.137,Received an expired out of sequence packet ,6085,6228
245.138,Received an expired out of sequence packet ,6086,6228
245.138,Received an expired out of sequence packet ,6087,6228
245.138,Received an expired out of sequence packet ,6088,6228
245.138,Received an expired out of sequence packet ,6089,6228
245.138,Received an expired out of sequence packet ,6090,6228
245.141,Received an expired out of sequence packet ,6091,6228
245.141,Received an expired out of sequence packet ,6092,6228
245.142,Received an expired out of sequence packet ,6093,6228
245.146,Received an expired out of sequence packet ,6094,6228
245.146,Received an expired out of sequence packet ,6095,6228
245.149,Received an expired out of sequence packet ,6096,6228
245.149,Received an expired out of sequence packet ,6097,6228
245.149,Received an expired out of sequence packet ,6098,6228
245.149,Received an expired out of sequence packet ,6099,6228
245.15,Received an expired out of sequence packet ,6100,6228
245.153,Received an expired out of sequence packet ,6101,6228
245.153,Received an expired out of sequence packet ,6102,6228
245.156,Received an expired out of sequence packet ,6103,6228
245.156,Received an expired out of sequence packet ,6104,6228
245.158,Received an expired out of sequence packet ,6105,6228
245.159,Received an expired out of sequence packet ,6106,6228
245.159,Received an expired out of sequence packet ,6107,6228
245.161,Received an expired out of sequence packet ,6108,6228
245.163,Received an expired out of sequence packet ,6109,6228
245.163,Received an expired out of sequence packet ,6110,6228
245.165,Received an expired out of sequence packet ,6111,6228
245.165,Received an expired out of sequence packet ,6112,6228
245.166,Received an expired out of sequence packet ,6113,6228
245.168,Received an expired out of sequence packet ,6114,6228
245.181,Received an expired out of sequence packet ,6115,6228
245.183,Received an expired out of sequence packet ,6116,6228
245.183,Received an expired out of sequence packet ,6117,6228
245.184,Received an expired out of sequence packet ,6118,6228
245.184,Received an expired out of sequence packet ,6119,6228
245.185,Received an expired out of sequence packet ,6120,6228
245.185,Received an expired out of sequence packet ,6121,6228
245.185,Received an expired out of sequence packet ,6122,6228
245.186,Received an expired out of sequence packet ,6123,6228
245.186,Received an expired out of sequence packet ,6124,6228
245.186,Received an expired out of sequence packet ,6125,6228
245.188,Received an expired out of sequence packet ,6126,6228
245.188,Received an expired out of sequence packet ,6127,6228
245.191,Received an expired out of sequence packet ,6128,6228
245.191,Received an expired out of sequence packet ,6129,6228
245.192,Received an expired out of sequence packet ,6130,6228
245.193,Received an expired out of sequence packet ,6131,6228
245.196,Received an expired out of sequence packet ,6132,6228
245.196,Received an expired out of sequence packet ,6133,6228
245.196,Received an expired out of sequence packet ,6134,6228
245.199,Received an expired out of sequence packet ,6135,6228
245.199,Received an expired out of sequence packet ,6136,6228
245.201,Received an expired out of sequence packet ,6137,6228
245.203,Received an expired out of sequence packet ,6138,6228
245.203,Received an expired out of sequence packet ,6139,6228
245.204,Received an expired out of sequence packet ,6140,6228
245.204,Received an expired out of sequence packet ,6141,6228
245.209,Received an expired out of sequence packet ,6142,6228
245.209,Received an expired out of sequence packet ,6143,6228
245.211,Received an expired out of sequence packet ,6144,6228
245.211,Received an expired out of sequence packet ,6145,6228
245.211,Received an expired out of sequence packet ,6146,6228
245.212,Received an expired out of sequence packet ,6147,6228
245.216,Received an expired out of sequence packet ,6148,6228
245.216,Received an expired out of sequence packet ,6149,6228
245.219,Received an expired out of sequence packet ,6150,6228
245.22,Received an expired out of sequence packet ,6151,6228
245.22,Received an expired out of sequence packet ,6152,6228
245.22,Received an expired out of sequence packet ,6153,6228
245.232,Received an expired out of sequence packet ,6154,6228
245.233,Received an expired out of sequence packet ,6155,6228
245.234,Received an expired out of sequence packet ,6156,6228
245.235,Received an expired out of sequence packet ,6157,6228
245.237,Received an expired out of sequence packet ,6158,6228
245.239,Received an expired out of sequence packet ,6159,6228
245.239