1.33939,Exit slow start,exceeding SS_EXIT_THRESHOLD
10.7093,Timeout
10.7093,clearing sending list because of timeout
10.8061,Received an expired out of sequence packet ,5318,5357
10.8062,Received an expired out of sequence packet ,5319,5357
10.8073,Received an expired out of sequence packet ,5320,5357
10.8073,Received an expired out of sequence packet ,5321,5357
10.8073,Received an expired out of sequence packet ,5322,5357
10.8092,Received an expired out of sequence packet ,5323,5357
10.8092,Received an expired out of sequence packet ,5324,5357
10.8124,Received an expired out of sequence packet ,5325,5357
10.8124,Received an expired out of sequence packet ,5326,5357
10.8124,Received an expired out of sequence packet ,5327,5357
10.8124,Received an expired out of sequence packet ,5328,5357
10.8279,Received an expired out of sequence packet ,5329,5357
10.8313,Received an expired out of sequence packet ,5330,5357
10.8374,Received an expired out of sequence packet ,5331,5357
10.8425,Received an expired out of sequence packet ,5332,5357
10.8446,Received an expired out of sequence packet ,5333,5357
10.8447,Received an expired out of sequence packet ,5334,5357
10.8447,Received an expired out of sequence packet ,5335,5357
10.8497,Received an expired out of sequence packet ,5336,5357
10.8497,Received an expired out of sequence packet ,5337,5357
10.8497,Received an expired out of sequence packet ,5338,5357
10.8497,Received an expired out of sequence packet ,5339,5357
10.8497,Received an expired out of sequence packet ,5340,5357
10.8497,Received an expired out of sequence packet ,5341,5357
10.8498,Received an expired out of sequence packet ,5342,5357
10.8498,Received an expired out of sequence packet ,5343,5357
10.8518,Received an expired out of sequence packet ,5344,5357
10.8519,Received an expired out of sequence packet ,5345,5357
10.8519,Received an expired out of sequence packet ,5346,5357
10.8672,Received an expired out of sequence packet ,5347,5357
10.8672,Received an expired out of sequence packet ,5348,5357
10.8733,Received an expired out of sequence packet ,5349,5357
10.8733,Received an expired out of sequence packet ,5350,5357
10.8733,Received an expired out of sequence packet ,5351,5357
10.8733,Received an expired out of sequence packet ,5352,5357
10.8744,Received an expired out of sequence packet ,5353,5357
10.8745,Received an expired out of sequence packet ,5354,5357
10.8745,Received an expired out of sequence packet ,5355,5357
10.8745,Received an expired out of sequence packet ,5356,5357
26.842,Timeout
26.842,clearing sending list because of timeout
27.087,Timeout
27.087,clearing sending list because of timeout
27.332,Timeout
27.332,clearing sending list because of timeout
27.577,Timeout
27.577,clearing sending list because of timeout
27.822,Timeout
27.822,clearing sending list because of timeout
27.8621,Received an expired out of sequence packet ,17963,18036
27.8643,Received an expired out of sequence packet ,17964,18036
27.8643,Received an expired out of sequence packet ,17965,18036
27.8691,Received an expired out of sequence packet ,17966,18036
27.8691,Received an expired out of sequence packet ,17967,18036
27.8691,Received an expired out of sequence packet ,17968,18036
27.8691,Received an expired out of sequence packet ,17969,18036
27.8691,Received an expired out of sequence packet ,17970,18036
27.8723,Received an expired out of sequence packet ,17971,18036
27.8723,Received an expired out of sequence packet ,17972,18036
27.8723,Received an expired out of sequence packet ,17973,18036
27.8723,Received an expired out of sequence packet ,17974,18036
27.8777,Received an expired out of sequence packet ,17975,18036
27.8777,Received an expired out of sequence packet ,17976,18036
27.8777,Received an expired out of sequence packet ,17977,18036
27.8777,Received an expired out of sequence packet ,17978,18036
27.8868,Received an expired out of sequence packet ,17979,18036
27.8909,Received an expired out of sequence packet ,17980,18036
27.8909,Received an expired out of sequence packet ,17981,18036
27.8909,Received an expired out of sequence packet ,17982,18036
27.892,Received an expired out of sequence packet ,17983,18036
27.892,Received an expired out of sequence packet ,17984,18036
27.8951,Received an expired out of sequence packet ,17985,18036
27.8951,Received an expired out of sequence packet ,17986,18036
27.8951,Received an expired out of sequence packet ,17987,18036
27.8951,Received an expired out of sequence packet ,17988,18036
27.8951,Received an expired out of sequence packet ,17989,18036
27.9614,Received an expired out of sequence packet ,17990,18036
27.9614,Received an expired out of sequence packet ,17991,18036
27.9614,Received an expired out of sequence packet ,17992,18036
27.9638,Received an expired out of sequence packet ,17993,18036
27.968,Received an expired out of sequence packet ,17994,18036
27.9711,Received an expired out of sequence packet ,17995,18036
27.9711,Received an expired out of sequence packet ,17996,18036
27.9794,Received an expired out of sequence packet ,17997,18036
27.9814,Received an expired out of sequence packet ,17998,18036
27.9814,Received an expired out of sequence packet ,17999,18036
27.9835,Received an expired out of sequence packet ,18000,18036
27.9835,Received an expired out of sequence packet ,18001,18036
27.9835,Received an expired out of sequence packet ,18002,18036
27.9846,Received an expired out of sequence packet ,18003,18036
27.9846,Received an expired out of sequence packet ,18004,18036
27.9927,Received an expired out of sequence packet ,18005,18036
27.9927,Received an expired out of sequence packet ,18006,18036
27.9927,Received an expired out of sequence packet ,18007,18036
27.9927,Received an expired out of sequence packet ,18008,18036
27.9958,Received an expired out of sequence packet ,18009,18036
27.9958,Received an expired out of sequence packet ,18010,18036
28.0092,Received an expired out of sequence packet ,18011,18036
28.0092,Received an expired out of sequence packet ,18012,18036
28.0092,Received an expired out of sequence packet ,18013,18036
28.0092,Received an expired out of sequence packet ,18014,18036
28.0136,Received an expired out of sequence packet ,18015,18036
28.0157,Received an expired out of sequence packet ,18016,18036
28.0157,Received an expired out of sequence packet ,18017,18036
28.0158,Received an expired out of sequence packet ,18018,18036
28.0158,Received an expired out of sequence packet ,18019,18036
28.0239,Received an expired out of sequence packet ,18020,18036
28.0239,Received an expired out of sequence packet ,18021,18036
28.0239,Received an expired out of sequence packet ,18022,18036
28.026,Received an expired out of sequence packet ,18023,18036
28.0293,Received an expired out of sequence packet ,18024,18036
28.0293,Received an expired out of sequence packet ,18025,18036
28.0293,Received an expired out of sequence packet ,18026,18036
28.0325,Received an expired out of sequence packet ,18027,18036
28.0325,Received an expired out of sequence packet ,18028,18036
28.0325,Received an expired out of sequence packet ,18029,18036
28.0325,Received an expired out of sequence packet ,18030,18036
28.0325,Received an expired out of sequence packet ,18031,18036
28.0376,Received an expired out of sequence packet ,18032,18036
28.0376,Received an expired out of sequence packet ,18033,18036
28.0376,Received an expired out of sequence packet ,18034,18036
28.0407,Received an expired out of sequence packet ,18035,18036
70.512,Restart,can't map delay on delay curve
71.5122,Timeout
71.5122,Restart,lost first packet
72.5124,Timeout
72.5124,Restart,lost first packet
73.154,Exit slow start,exceeding SS_EXIT_THRESHOLD
73.1543,Restart,Alglib M<4!
74.251,Exit slow start,exceeding SS_EXIT_THRESHOLD
91.7197,Timeout
91.7197,clearing sending list because of timeout
91.8242,Received an expired out of sequence packet ,12014,12222
91.8242,Received an expired out of sequence packet ,12015,12222
91.8243,Received an expired out of sequence packet ,12016,12222
91.8243,Received an expired out of sequence packet ,12017,12222
91.8243,Received an expired out of sequence packet ,12018,12222
91.8243,Received an expired out of sequence packet ,12019,12222
91.8243,Received an expired out of sequence packet ,12020,12222
91.8243,Received an expired out of sequence packet ,12021,12222
91.8243,Received an expired out of sequence packet ,12022,12222
91.8243,Received an expired out of sequence packet ,12023,12222
91.8243,Received an expired out of sequence packet ,12024,12222
91.8243,Received an expired out of sequence packet ,12025,12222
91.873,Received an expired out of sequence packet ,12026,12222
91.8772,Received an expired out of sequence packet ,12027,12222
91.8772,Received an expired out of sequence packet ,12028,12222
91.8772,Received an expired out of sequence packet ,12029,12222
91.8772,Received an expired out of sequence packet ,12030,12222
91.8772,Received an expired out of sequence packet ,12031,12222
91.8783,Received an expired out of sequence packet ,12032,12222
91.8783,Received an expired out of sequence packet ,12033,12222
91.8783,Received an expired out of sequence packet ,12034,12222
91.8795,Received an expired out of sequence packet ,12035,12222
91.8795,Received an expired out of sequence packet ,12036,12222
91.8795,Received an expired out of sequence packet ,12037,12222
91.8795,Received an expired out of sequence packet ,12038,12222
91.8795,Received an expired out of sequence packet ,12039,12222
91.8795,Received an expired out of sequence packet ,12040,12222
91.8816,Received an expired out of sequence packet ,12041,12222
91.8816,Received an expired out of sequence packet ,12042,12222
91.8817,Received an expired out of sequence packet ,12043,12222
91.8817,Received an expired out of sequence packet ,12044,12222
91.8817,Received an expired out of sequence packet ,12045,12222
91.8817,Received an expired out of sequence packet ,12046,12222
91.9136,Received an expired out of sequence packet ,12047,12222
91.9149,Received an expired out of sequence packet ,12048,12222
91.919,Received an expired out of sequence packet ,12049,12222
91.9201,Received an expired out of sequence packet ,12050,12222
91.9201,Received an expired out of sequence packet ,12051,12222
91.9243,Received an expired out of sequence packet ,12052,12222
91.9243,Received an expired out of sequence packet ,12053,12222
91.9243,Received an expired out of sequence packet ,12054,12222
91.9243,Received an expired out of sequence packet ,12055,12222
91.9243,Received an expired out of sequence packet ,12056,12222
91.9324,Received an expired out of sequence packet ,12057,12222
91.9324,Received an expired out of sequence packet ,12058,12222
91.9324,Received an expired out of sequence packet ,12059,12222
91.9325,Received an expired out of sequence packet ,12060,12222
91.9325,Received an expired out of sequence packet ,12061,12222
91.9325,Received an expired out of sequence packet ,12062,12222
91.9325,Received an expired out of sequence packet ,12063,12222
91.9325,Received an expired out of sequence packet ,12064,12222
91.9346,Received an expired out of sequence packet ,12065,12222
91.9346,Received an expired out of sequence packet ,12066,12222
91.9479,Received an expired out of sequence packet ,12067,12222
91.9479,Received an expired out of sequence packet ,12068,12222
91.9479,Received an expired out of sequence packet ,12069,12222
91.9479,Received an expired out of sequence packet ,12070,12222
91.9479,Received an expired out of sequence packet ,12071,12222
91.9479,Received an expired out of sequence packet ,12072,12222
91.9479,Received an expired out of sequence packet ,12073,12222
91.9479,Received an expired out of sequence packet ,12074,12222
91.9479,Received an expired out of sequence packet ,12075,12222
91.9479,Received an expired out of sequence packet ,12076,12222
91.948,Received an expired out of sequence packet ,12077,12222
91.948,Received an expired out of sequence packet ,12078,12222
91.948,Received an expired out of sequence packet ,12079,12222
91.948,Received an expired out of sequence packet ,12080,12222
91.948,Received an expired out of sequence packet ,12081,12222
91.948,Received an expired out of sequence packet ,12082,12222
91.948,Received an expired out of sequence packet ,12083,12222
91.948,Received an expired out of sequence packet ,12084,12222
91.948,Received an expired out of sequence packet ,12085,12222
91.9481,Received an expired out of sequence packet ,12086,12222
91.9481,Received an expired out of sequence packet ,12087,12222
91.9481,Received an expired out of sequence packet ,12088,12222
91.9481,Received an expired out of sequence packet ,12089,12222
91.9481,Received an expired out of sequence packet ,12090,12222
91.9578,Received an expired out of sequence packet ,12091,12222
91.9578,Received an expired out of sequence packet ,12092,12222
91.9578,Received an expired out of sequence packet ,12093,12222
91.9579,Received an expired out of sequence packet ,12094,12222
91.959,Received an expired out of sequence packet ,12095,12222
91.959,Received an expired out of sequence packet ,12096,12222
91.959,Received an expired out of sequence packet ,12097,12222
91.9601,Received an expired out of sequence packet ,12098,12222
91.9601,Received an expired out of sequence packet ,12099,12222
91.9601,Received an expired out of sequence packet ,12100,12222
91.9601,Received an expired out of sequence packet ,12101,12222
91.9602,Received an expired out of sequence packet ,12102,12222
91.9659,Received an expired out of sequence packet ,12103,12222
91.9659,Received an expired out of sequence packet ,12104,12222
91.9659,Received an expired out of sequence packet ,12105,12222
91.966,Received an expired out of sequence packet ,12106,12222
91.966,Received an expired out of sequence packet ,12107,12222
91.966,Received an expired out of sequence packet ,12108,12222
91.966,Received an expired out of sequence packet ,12109,12222
91.966,Received an expired out of sequence packet ,12110,12222
91.9685,Received an expired out of sequence packet ,12111,12222
91.9685,Received an expired out of sequence packet ,12112,12222
91.9726,Received an expired out of sequence packet ,12113,12222
91.9726,Received an expired out of sequence packet ,12114,12222
91.9727,Received an expired out of sequence packet ,12115,12222
91.9727,Received an expired out of sequence packet ,12116,12222
91.9727,Received an expired out of sequence packet ,12117,12222
91.9727,Received an expired out of sequence packet ,12118,12222
91.9727,Received an expired out of sequence packet ,12119,12222
91.9727,Received an expired out of sequence packet ,12120,12222
91.9727,Received an expired out of sequence packet ,12121,12222
91.9727,Received an expired out of sequence packet ,12122,12222
91.9727,Received an expired out of sequence packet ,12123,12222
91.9727,Received an expired out of sequence packet ,12124,12222
91.9727,Received an expired out of sequence packet ,12125,12222
91.9728,Received an expired out of sequence packet ,12126,12222
91.9728,Received an expired out of sequence packet ,12127,12222
91.9728,Received an expired out of sequence packet ,12128,12222
91.9728,Received an expired out of sequence packet ,12129,12222
91.9748,Received an expired out of sequence packet ,12130,12222
91.976,Received an expired out of sequence packet ,12131,12222
91.976,Received an expired out of sequence packet ,12132,12222
91.976,Received an expired out of sequence packet ,12133,12222
91.976,Received an expired out of sequence packet ,12134,12222
91.976,Received an expired out of sequence packet ,12135,12222
91.9776,Received an expired out of sequence packet ,12136,12222
91.9776,Received an expired out of sequence packet ,12137,12222
91.9777,Received an expired out of sequence packet ,12138,12222
91.9777,Received an expired out of sequence packet ,12139,12222
91.9777,Received an expired out of sequence packet ,12140,12222
91.9777,Received an expired out of sequence packet ,12141,12222
91.9777,Received an expired out of sequence packet ,12142,12222
91.9777,Received an expired out of sequence packet ,12143,12222
91.9817,Received an expired out of sequence packet ,12144,12222
91.9817,Received an expired out of sequence packet ,12145,12222
91.9817,Received an expired out of sequence packet ,12146,12222
91.9818,Received an expired out of sequence packet ,12147,12222
91.9818,Received an expired out of sequence packet ,12148,12222
91.9818,Received an expired out of sequence packet ,12149,12222
91.987,Received an expired out of sequence packet ,12150,12222
91.987,Received an expired out of sequence packet ,12151,12222
91.987,Received an expired out of sequence packet ,12152,12222
91.987,Received an expired out of sequence packet ,12153,12222
91.987,Received an expired out of sequence packet ,12154,12222
91.987,Received an expired out of sequence packet ,12155,12222
91.987,Received an expired out of sequence packet ,12156,12222
91.987,Received an expired out of sequence packet ,12157,12222
91.9871,Received an expired out of sequence packet ,12158,12222
91.9871,Received an expired out of sequence packet ,12159,12222
91.9871,Received an expired out of sequence packet ,12160,12222
91.9871,Received an expired out of sequence packet ,12161,12222
91.9871,Received an expired out of sequence packet ,12162,12222
91.9871,Received an expired out of sequence packet ,12163,12222
91.9871,Received an expired out of sequence packet ,12164,12222
91.996,Received an expired out of sequence packet ,12165,12222
91.996,Received an expired out of sequence packet ,12166,12222
91.996,Received an expired out of sequence packet ,12167,12222
91.996,Received an expired out of sequence packet ,12168,12222
91.996,Received an expired out of sequence packet ,12169,12222
91.996,Received an expired out of sequence packet ,12170,12222
91.996,Received an expired out of sequence packet ,12171,12222
91.996,Received an expired out of sequence packet ,12172,12222
91.996,Received an expired out of sequence packet ,12173,12222
91.996,Received an expired out of sequence packet ,12174,12222
91.996,Received an expired out of sequence packet ,12175,12222
91.9961,Received an expired out of sequence packet ,12176,12222
91.9961,Received an expired out of sequence packet ,12177,12222
91.9961,Received an expired out of sequence packet ,12178,12222
91.9961,Received an expired out of sequence packet ,12179,12222
92.0013,Received an expired out of sequence packet ,12180,12222
92.0054,Received an expired out of sequence packet ,12181,12222
92.0054,Received an expired out of sequence packet ,12182,12222
92.0055,Received an expired out of sequence packet ,12183,12222
92.0055,Received an expired out of sequence packet ,12184,12222
92.0055,Received an expired out of sequence packet ,12185,12222
92.0055,Received an expired out of sequence packet ,12186,12222
92.0116,Received an expired out of sequence packet ,12187,12222
92.0116,Received an expired out of sequence packet ,12188,12222
92.0116,Received an expired out of sequence packet ,12189,12222
92.0116,Received an expired out of sequence packet ,12190,12222
92.0116,Received an expired out of sequence packet ,12191,12222
92.0116,Received an expired out of sequence packet ,12192,12222
92.0116,Received an expired out of sequence packet ,12193,12222
92.0117,Received an expired out of sequence packet ,12194,12222
92.0138,Received an expired out of sequence packet ,12195,12222
92.0138,Received an expired out of sequence packet ,12196,12222
92.0138,Received an expired out of sequence packet ,12197,12222
92.0138,Received an expired out of sequence packet ,12198,12222
92.0138,Received an expired out of sequence packet ,12199,12222
92.0138,Received an expired out of sequence packet ,12200,12222
92.0138,Received an expired out of sequence packet ,12201,12222
92.0138,Received an expired out of sequence packet ,12202,12222
92.0138,Received an expired out of sequence packet ,12203,12222
92.0138,Received an expired out of sequence packet ,12204,12222
92.0139,Received an expired out of sequence packet ,12205,12222
92.0139,Received an expired out of sequence packet ,12206,12222
92.0139,Received an expired out of sequence packet ,12207,12222
92.0139,Received an expired out of sequence packet ,12208,12222
92.02,Received an expired out of sequence packet ,12209,12222
92.02,Received an expired out of sequence packet ,12210,12222
92.02,Received an expired out of sequence packet ,12211,12222
92.02,Received an expired out of sequence packet ,12212,12222
92.02,Received an expired out of sequence packet ,12213,12222
92.02,Received an expired out of sequence packet ,12214,12222
92.02,Received an expired out of sequence packet ,12215,12222
92.02,Received an expired out of sequence packet ,12216,12222
92.02,Received an expired out of sequence packet ,12217,12222
92.02,Received an expired out of sequence packet ,12218,12222
92.02,Received an expired out of sequence packet ,12219,12222
92.0201,Received an expired out of sequence packet ,12220,12222
92.0201,Received an expired out of sequence packet ,12221,12222
121.745,Timeout
121.745,clearing sending list because of timeout
121.824,Received an expired out of sequence packet ,27728,27965
121.873,Received an expired out of sequence packet ,27729,27965
121.878,Received an expired out of sequence packet ,27730,27965
121.878,Received an expired out of sequence packet ,27731,27965
121.878,Received an expired out of sequence packet ,27732,27965
121.878,Received an expired out of sequence packet ,27733,27965
121.878,Received an expired out of sequence packet ,27734,27965
121.878,Received an expired out of sequence packet ,27735,27965
121.878,Received an expired out of sequence packet ,27736,27965
121.881,Received an expired out of sequence packet ,27737,27965
121.881,Received an expired out of sequence packet ,27738,27965
121.882,Received an expired out of sequence packet ,27739,27965
121.882,Received an expired out of sequence packet ,27740,27965
121.882,Received an expired out of sequence packet ,27741,27965
121.882,Received an expired out of sequence packet ,27742,27965
121.882,Received an expired out of sequence packet ,27743,27965
121.882,Received an expired out of sequence packet ,27744,27965
121.882,Received an expired out of sequence packet ,27745,27965
121.882,Received an expired out of sequence packet ,27746,27965
121.882,Received an expired out of sequence packet ,27747,27965
121.882,Received an expired out of sequence packet ,27748,27965
121.882,Received an expired out of sequence packet ,27749,27965
121.912,Received an expired out of sequence packet ,27750,27965
121.915,Received an expired out of sequence packet ,27751,27965
121.919,Received an expired out of sequence packet ,27752,27965
121.92,Received an expired out of sequence packet ,27753,27965
121.92,Received an expired out of sequence packet ,27754,27965
121.924,Received an expired out of sequence packet ,27755,27965
121.924,Received an expired out of sequence packet ,27756,27965
121.924,Received an expired out of sequence packet ,27757,27965
121.924,Received an expired out of sequence packet ,27758,27965
121.924,Received an expired out of sequence packet ,27759,27965
121.932,Received an expired out of sequence packet ,27760,27965
121.932,Received an expired out of sequence packet ,27761,27965
121.932,Received an expired out of sequence packet ,27762,27965
121.932,Received an expired out of sequence packet ,27763,27965
121.932,Received an expired out of sequence packet ,27764,27965
121.932,Received an expired out of sequence packet ,27765,27965
121.932,Received an expired out of sequence packet ,27766,27965
121.932,Received an expired out of sequence packet ,27767,27965
121.933,Received an expired out of sequence packet ,27768,27965
121.934,Received an expired out of sequence packet ,27769,27965
121.934,Received an expired out of sequence packet ,27770,27965
121.934,Received an expired out of sequence packet ,27771,27965
121.934,Received an expired out of sequence packet ,27772,27965
121.934,Received an expired out of sequence packet ,27773,27965
121.934,Received an expired out of sequence packet ,27774,27965
121.934,Received an expired out of sequence packet ,27775,27965
121.934,Received an expired out of sequence packet ,27776,27965
121.934,Received an expired out of sequence packet ,27777,27965
121.934,Received an expired out of sequence packet ,27778,27965
121.934,Received an expired out of sequence packet ,27779,27965
121.934,Received an expired out of sequence packet ,27780,27965
121.934,Received an expired out of sequence packet ,27781,27965
121.934,Received an expired out of sequence packet ,27782,27965
121.949,Received an expired out of sequence packet ,27783,27965
121.949,Received an expired out of sequence packet ,27784,27965
121.95,Received an expired out of sequence packet ,27785,27965
121.95,Received an expired out of sequence packet ,27786,27965
121.95,Received an expired out of sequence packet ,27787,27965
121.95,Received an expired out of sequence packet ,27788,27965
121.95,Received an expired out of sequence packet ,27789,27965
121.95,Received an expired out of sequence packet ,27790,27965
121.95,Received an expired out of sequence packet ,27791,27965
121.95,Received an expired out of sequence packet ,27792,27965
121.958,Received an expired out of sequence packet ,27793,27965
121.958,Received an expired out of sequence packet ,27794,27965
121.958,Received an expired out of sequence packet ,27795,27965
121.958,Received an expired out of sequence packet ,27796,27965
121.958,Received an expired out of sequence packet ,27797,27965
121.96,Received an expired out of sequence packet ,27798,27965
121.96,Received an expired out of sequence packet ,27799,27965
121.96,Received an expired out of sequence packet ,27800,27965
121.966,Received an expired out of sequence packet ,27801,27965
121.966,Received an expired out of sequence packet ,27802,27965
121.966,Received an expired out of sequence packet ,27803,27965
121.966,Received an expired out of sequence packet ,27804,27965
121.966,Received an expired out of sequence packet ,27805,27965
121.966,Received an expired out of sequence packet ,27806,27965
121.966,Received an expired out of sequence packet ,27807,27965
121.966,Received an expired out of sequence packet ,27808,27965
121.966,Received an expired out of sequence packet ,27809,27965
121.966,Received an expired out of sequence packet ,27810,27965
121.966,Received an expired out of sequence packet ,27811,27965
121.966,Received an expired out of sequence packet ,27812,27965
121.966,Received an expired out of sequence packet ,27813,27965
121.967,Received an expired out of sequence packet ,27814,27965
121.967,Received an expired out of sequence packet ,27815,27965
121.968,Received an expired out of sequence packet ,27816,27965
121.968,Received an expired out of sequence packet ,27817,27965
121.968,Received an expired out of sequence packet ,27818,27965
121.968,Received an expired out of sequence packet ,27819,27965
121.968,Received an expired out of sequence packet ,27820,27965
121.968,Received an expired out of sequence packet ,27821,27965
121.968,Received an expired out of sequence packet ,27822,27965
121.968,Received an expired out of sequence packet ,27823,27965
121.968,Received an expired out of sequence packet ,27824,27965
121.968,Received an expired out of sequence packet ,27825,27965
121.968,Received an expired out of sequence packet ,27826,27965
121.972,Received an expired out of sequence packet ,27827,27965
121.972,Received an expired out of sequence packet ,27828,27965
121.972,Received an expired out of sequence packet ,27829,27965
121.973,Received an expired out of sequence packet ,27830,27965
121.973,Received an expired out of sequence packet ,27831,27965
121.973,Received an expired out of sequence packet ,27832,27965
121.976,Received an expired out of sequence packet ,27833,27965
121.977,Received an expired out of sequence packet ,27834,27965
121.977,Received an expired out of sequence packet ,27835,27965
121.977,Received an expired out of sequence packet ,27836,27965
121.977,Received an expired out of sequence packet ,27837,27965
121.977,Received an expired out of sequence packet ,27838,27965
121.977,Received an expired out of sequence packet ,27839,27965
121.981,Received an expired out of sequence packet ,27840,27965
121.981,Received an expired out of sequence packet ,27841,27965
121.981,Received an expired out of sequence packet ,27842,27965
121.981,Received an expired out of sequence packet ,27843,27965
121.981,Received an expired out of sequence packet ,27844,27965
121.981,Received an expired out of sequence packet ,27845,27965
121.981,Received an expired out of sequence packet ,27846,27965
121.981,Received an expired out of sequence packet ,27847,27965
121.981,Received an expired out of sequence packet ,27848,27965
121.981,Received an expired out of sequence packet ,27849,27965
121.981,Received an expired out of sequence packet ,27850,27965
121.981,Received an expired out of sequence packet ,27851,27965
121.981,Received an expired out of sequence packet ,27852,27965
121.987,Received an expired out of sequence packet ,27853,27965
121.987,Received an expired out of sequence packet ,27854,27965
121.987,Received an expired out of sequence packet ,27855,27965
121.987,Received an expired out of sequence packet ,27856,27965
121.987,Received an expired out of sequence packet ,27857,27965
121.987,Received an expired out of sequence packet ,27858,27965
121.987,Received an expired out of sequence packet ,27859,27965
121.987,Received an expired out of sequence packet ,27860,27965
121.987,Received an expired out of sequence packet ,27861,27965
121.987,Received an expired out of sequence packet ,27862,27965
121.987,Received an expired out of sequence packet ,27863,27965
121.987,Received an expired out of sequence packet ,27864,27965
121.987,Received an expired out of sequence packet ,27865,27965
121.988,Received an expired out of sequence packet ,27866,27965
121.988,Received an expired out of sequence packet ,27867,27965
121.996,Received an expired out of sequence packet ,27868,27965
121.996,Received an expired out of sequence packet ,27869,27965
121.996,Received an expired out of sequence packet ,27870,27965
121.996,Received an expired out of sequence packet ,27871,27965
121.996,Received an expired out of sequence packet ,27872,27965
121.996,Received an expired out of sequence packet ,27873,27965
121.996,Received an expired out of sequence packet ,27874,27965
121.996,Received an expired out of sequence packet ,27875,27965
121.996,Received an expired out of sequence packet ,27876,27965
121.996,Received an expired out of sequence packet ,27877,27965
121.996,Received an expired out of sequence packet ,27878,27965
121.996,Received an expired out of sequence packet ,27879,27965
121.996,Received an expired out of sequence packet ,27880,27965
121.996,Received an expired out of sequence packet ,27881,27965
121.996,Received an expired out of sequence packet ,27882,27965
122,Received an expired out of sequence packet ,27883,27965
122.005,Received an expired out of sequence packet ,27884,27965
122.005,Received an expired out of sequence packet ,27885,27965
122.005,Received an expired out of sequence packet ,27886,27965
122.005,Received an expired out of sequence packet ,27887,27965
122.005,Received an expired out of sequence packet ,27888,27965
122.005,Received an expired out of sequence packet ,27889,27965
122.006,Received an expired out of sequence packet ,27890,27965
122.006,Received an expired out of sequence packet ,27891,27965
122.011,Received an expired out of sequence packet ,27892,27965
122.012,Received an expired out of sequence packet ,27893,27965
122.012,Received an expired out of sequence packet ,27894,27965
122.012,Received an expired out of sequence packet ,27895,27965
122.012,Received an expired out of sequence packet ,27896,27965
122.012,Received an expired out of sequence packet ,27897,27965
122.014,Received an expired out of sequence packet ,27898,27965
122.014,Received an expired out of sequence packet ,27899,27965
122.014,Received an expired out of sequence packet ,27900,27965
122.014,Received an expired out of sequence packet ,27901,27965
122.014,Received an expired out of sequence packet ,27902,27965
122.014,Received an expired out of sequence packet ,27903,27965
122.014,Received an expired out of sequence packet ,27904,27965
122.014,Received an expired out of sequence packet ,27905,27965
122.014,Received an expired out of sequence packet ,27906,27965
122.014,Received an expired out of sequence packet ,27907,27965
122.014,Received an expired out of sequence packet ,27908,27965
122.014,Received an expired out of sequence packet ,27909,27965
122.014,Received an expired out of sequence packet ,27910,27965
122.014,Received an expired out of sequence packet ,27911,27965
122.014,Received an expired out of sequence packet ,27912,27965
122.014,Received an expired out of sequence packet ,27913,27965
122.014,Received an expired out of sequence packet ,27914,27965
122.02,Received an expired out of sequence packet ,27915,27965
122.02,Received an expired out of sequence packet ,27916,27965
122.02,Received an expired out of sequence packet ,27917,27965
122.02,Received an expired out of sequence packet ,27918,27965
122.02,Received an expired out of sequence packet ,27919,27965
122.02,Received an expired out of sequence packet ,27920,27965
122.02,Received an expired out of sequence packet ,27921,27965
122.02,Received an expired out of sequence packet ,27922,27965
122.02,Received an expired out of sequence packet ,27923,27965
122.02,Received an expired out of sequence packet ,27924,27965
122.02,Received an expired out of sequence packet ,27925,27965
122.02,Received an expired out of sequence packet ,27926,27965
122.026,Received an expired out of sequence packet ,27927,27965
122.026,Received an expired out of sequence packet ,27928,27965
122.026,Received an expired out of sequence packet ,27929,27965
122.026,Received an expired out of sequence packet ,27930,27965
122.026,Received an expired out of sequence packet ,27931,27965
122.026,Received an expired out of sequence packet ,27932,27965
122.027,Received an expired out of sequence packet ,27933,27965
122.027,Received an expired out of sequence packet ,27934,27965
122.027,Received an expired out of sequence packet ,27935,27965
122.027,Received an expired out of sequence packet ,27936,27965
122.027,Received an expired out of sequence packet ,27937,27965
122.027,Received an expired out of sequence packet ,27938,27965
122.027,Received an expired out of sequence packet ,27939,27965
122.027,Received an expired out of sequence packet ,27940,27965
122.027,Received an expired out of sequence packet ,27941,27965
122.027,Received an expired out of sequence packet ,27942,27965
122.027,Received an expired out of sequence packet ,27943,27965
122.027,Received an expired out of sequence packet ,27944,27965
122.027,Received an expired out of sequence packet ,27945,27965
122.027,Received an expired out of sequence packet ,27946,27965
122.027,Received an expired out of sequence packet ,27947,27965
122.03,Received an expired out of sequence packet ,27948,27965
122.03,Received an expired out of sequence packet ,27949,27965
122.03,Received an expired out of sequence packet ,27950,27965
122.031,Received an expired out of sequence packet ,27951,27965
122.031,Received an expired out of sequence packet ,27952,27965
122.031,Received an expired out of sequence packet ,27953,27965
122.031,Received an expired out of sequence packet ,27954,27965
122.031,Received an expired out of sequence packet ,27955,27965
122.031,Received an expired out of sequence packet ,27956,27965
122.032,Received an expired out of sequence packet ,27957,27965
122.032,Received an expired out of sequence packet ,27958,27965
122.032,Received an expired out of sequence packet ,27959,27965
122.032,Received an expired out of sequence packet ,27960,27965
122.032,Received an expired out of sequence packet ,27961,27965
122.032,Received an expired out of sequence packet ,27962,27965
122.032,Received an expired out of sequence packet ,27963,27965
122.032,Received an expired out of sequence packet ,27964,27965
141.769,Timeout
141.769,clearing sending list because of timeout
141.797,Received an expired out of sequence packet ,42025,42084
141.801,Received an expired out of sequence packet ,42026,42084
141.801,Received an expired out of sequence packet ,42027,42084
141.802,Received an expired out of sequence packet ,42028,42084
141.802,Received an expired out of sequence packet ,42029,42084
141.803,Received an expired out of sequence packet ,42030,42084
141.803,Received an expired out of sequence packet ,42031,42084
141.803,Received an expired out of sequence packet ,42032,42084
141.803,Received an expired out of sequence packet ,42033,42084
141.806,Received an expired out of sequence packet ,42034,42084
141.806,Received an expired out of sequence packet ,42035,42084
141.806,Received an expired out of sequence packet ,42036,42084
141.806,Received an expired out of sequence packet ,42037,42084
141.807,Received an expired out of sequence packet ,42038,42084
141.807,Received an expired out of sequence packet ,42039,42084
141.807,Received an expired out of sequence packet ,42040,42084
141.81,Received an expired out of sequence packet ,42041,42084
141.83,Received an expired out of sequence packet ,42042,42084
141.83,Received an expired out of sequence packet ,42043,42084
141.833,Received an expired out of sequence packet ,42044,42084
141.841,Received an expired out of sequence packet ,42045,42084
141.841,Received an expired out of sequence packet ,42046,42084
141.841,Received an expired out of sequence packet ,42047,42084
141.843,Received an expired out of sequence packet ,42048,42084
141.846,Received an expired out of sequence packet ,42049,42084
141.846,Received an expired out of sequence packet ,42050,42084
141.846,Received an expired out of sequence packet ,42051,42084
141.846,Received an expired out of sequence packet ,42052,42084
141.846,Received an expired out of sequence packet ,42053,42084
141.849,Received an expired out of sequence packet ,42054,42084
141.849,Received an expired out of sequence packet ,42055,42084
141.849,Received an expired out of sequence packet ,42056,42084
141.85,Received an expired out of sequence packet ,42057,42084
141.857,Received an expired out of sequence packet ,42058,42084
141.857,Received an expired out of sequence packet ,42059,42084
141.857,Received an expired out of sequence packet ,42060,42084
141.861,Received an expired out of sequence packet ,42061,42084
141.861,Received an expired out of sequence packet ,42062,42084
141.861,Received an expired out of sequence packet ,42063,42084
141.861,Received an expired out of sequence packet ,42064,42084
141.861,Received an expired out of sequence packet ,42065,42084
141.861,Received an expired out of sequence packet ,42066,42084
141.861,Received an expired out of sequence packet ,42067,42084
141.89,Received an expired out of sequence packet ,42068,42084
141.89,Received an expired out of sequence packet ,42069,42084
141.89,Received an expired out of sequence packet ,42070,42084
141.89,Received an expired out of sequence packet ,42071,42084
141.9,Received an expired out of sequence packet ,42072,42084
141.9,Received an expired out of sequence packet ,42073,42084
141.901,Received an expired out of sequence packet ,42074,42084
141.904,Received an expired out of sequence packet ,42075,42084
141.904,Received an expired out of sequence packet ,42076,42084
141.904,Received an expired out of sequence packet ,42077,42084
141.911,Received an expired out of sequence packet ,42078,42084
141.912,Received an expired out of sequence packet ,42079,42084
141.912,Received an expired out of sequence packet ,42080,42084
141.931,Received an expired out of sequence packet ,42081,42084
141.931,Received an expired out of sequence packet ,42082,42084
141.931,Received an expired out of sequence packet ,42083,42084
157.438,Restart,can't map delay on delay curve
158.909,Exit slow start,exceeding SS_EXIT_THRESHOLD
179.37,Missing packet expired,17645
183.546,Missing packet expired,23271
192.705,Missing packet expired,29163
195.908,Missing packet expired,34019
199.465,Missing packet expired,38073
205.849,Missing packet expired,41831
207.654,Missing packet expired,44752
209.059,Missing packet expired,48975
211.862,Missing packet expired,52198
215.546,Missing packet expired,54606
216.899,Missing packet expired,56578
218.62,Missing packet expired,60506
265.414,Timeout
265.414,clearing sending list because of timeout
265.675,Timeout
265.675,clearing sending list because of timeout
265.936,Timeout
265.936,clearing sending list because of timeout
266.053,Received an expired out of sequence packet ,91971,91989
266.055,Received an expired out of sequence packet ,91972,91989
266.056,Received an expired out of sequence packet ,91973,91989
266.058,Received an expired out of sequence packet ,91974,91989
266.061,Received an expired out of sequence packet ,91975,91989
266.063,Received an expired out of sequence packet ,91976,91989
266.065,Received an expired out of sequence packet ,91977,91989
266.065,Received an expired out of sequence packet ,91978,91989
266.068,Received an expired out of sequence packet ,91979,91989
266.068,Received an expired out of sequence packet ,91980,91989
266.068,Received an expired out of sequence packet ,91981,91989
266.069,Received an expired out of sequence packet ,91982,91989
266.071,Received an expired out of sequence packet ,91983,91989
266.071,Received an expired out of sequence packet ,91984,91989
266.073,Received an expired out of sequence packet ,91985,91989
266.075,Received an expired out of sequence packet ,91986,91989
266.076,Received an expired out of sequence packet ,91987,91989
266.079,Received an expired out of sequence packet ,91988,91989
275.353,Timeout
275.353,clearing sending list because of timeout
275.473,Received an expired out of sequence packet ,98705,98851
275.473,Received an expired out of sequence packet ,98706,98851
275.473,Received an expired out of sequence packet ,98707,98851
275.473,Received an expired out of sequence packet ,98708,98851
275.473,Received an expired out of sequence packet ,98709,98851
275.473,Received an expired out of sequence packet ,98710,98851
275.473,Received an expired out of sequence packet ,98711,98851
275.473,Received an expired out of sequence packet ,98712,98851
275.473,Received an expired out of sequence packet ,98713,98851
275.618,Received an expired out of sequence packet ,98714,98851
275.618,Received an expired out of sequence packet ,98715,98851
275.618,Received an expired out of sequence packet ,98716,98851
275.618,Received an expired out of sequence packet ,98717,98851
275.618,Received an expired out of sequence packet ,98718,98851
275.618,Received an expired out of sequence packet ,98719,98851
275.618,Received an expired out of sequence packet ,98720,98851
275.618,Received an expired out of sequence packet ,98721,98851
275.619,Received an expired out of sequence packet ,98722,98851
275.619,Received an expired out of sequence packet ,98723,98851
275.619,Received an expired out of sequence packet ,98724,98851
275.619,Received an expired out of sequence packet ,98725,98851
275.619,Received an expired out of sequence packet ,98726,98851
275.619,Received an expired out of sequence packet ,98727,98851
275.62,Received an expired out of sequence packet ,98728,98851
275.621,Received an expired out of sequence packet ,98729,98851
275.669,Received an expired out of sequence packet ,98730,98851
275.669,Received an expired out of sequence packet ,98731,98851
275.67,Received an expired out of sequence packet ,98732,98851
275.67,Received an expired out of sequence packet ,98733,98851
275.67,Received an expired out of sequence packet ,98734,98851
275.673,Received an expired out of sequence packet ,98735,98851
275.728,Received an expired out of sequence packet ,98736,98851
275.728,Received an expired out of sequence packet ,98737,98851
275.728,Received an expired out of sequence packet ,98738,98851
275.728,Received an expired out of sequence packet ,98739,98851
275.728,Received an expired out of sequence packet ,98740,98851
275.728,Received an expired out of sequence packet ,98741,98851
275.735,Received an expired out of sequence packet ,98742,98851
275.74,Received an expired out of sequence packet ,98743,98851
275.74,Received an expired out of sequence packet ,98744,98851
275.74,Received an expired out of sequence packet ,98745,98851
275.746,Received an expired out of sequence packet ,98746,98851
275.746,Received an expired out of sequence packet ,98747,98851
275.746,Received an expired out of sequence packet ,98748,98851
275.746,Received an expired out of sequence packet ,98749,98851
275.746,Received an expired out of sequence packet ,98750,98851
275.746,Received an expired out of sequence packet ,98751,98851
275.746,Received an expired out of sequence packet ,98752,98851
275.746,Received an expired out of sequence packet ,98753,98851
275.746,Received an expired out of sequence packet ,98754,98851
275.746,Received an expired out of sequence packet ,98755,98851
275.746,Received an expired out of sequence packet ,98756,98851
275.751,Received an expired out of sequence packet ,98757,98851
275.751,Received an expired out of sequence packet ,98758,98851
275.751,Received an expired out of sequence packet ,98759,98851
275.751,Received an expired out of sequence packet ,98760,98851
275.751,Received an expired out of sequence packet ,98761,98851
275.784,Received an expired out of sequence packet ,98762,98851
275.784,Received an expired out of sequence packet ,98763,98851
275.784,Received an expired out of sequence packet ,98764,98851
275.784,Received an expired out of sequence packet ,98765,98851
275.784,Received an expired out of sequence packet ,98766,98851
275.784,Received an expired out of sequence packet ,98767,98851
275.784,Received an expired out of sequence packet ,98768,98851
275.784,Received an expired out of sequence packet ,98769,98851
275.784,Received an expired out of sequence packet ,98770,98851
275.784,Received an expired out of sequence packet ,98771,98851
275.784,Received an expired out of sequence packet ,98772,98851
275.784,Received an expired out of sequence packet ,98773,98851
275.784,Received an expired out of sequence packet ,98774,98851
275.788,Received an expired out of sequence packet ,98775,98851
275.908,Received an expired out of sequence packet ,98776,98851
275.936,Received an expired out of sequence packet ,98777,98851
275.936,Received an expired out of sequence packet ,98778,98851
275.936,Received an expired out of sequence packet ,98779,98851
275.936,Received an expired out of sequence packet ,98780,98851
275.949,Received an expired out of sequence packet ,98781,98851
275.949,Received an expired out of sequence packet ,98782,98851
275.949,Received an expired out of sequence packet ,98783,98851
275.95,Received an expired out of sequence packet ,98784,98851
275.953,Received an expired out of sequence packet ,98785,98851
275.953,Received an expired out of sequence packet ,98786,98851
275.979,Received an expired out of sequence packet ,98787,98851
275.979,Received an expired out of sequence packet ,98788,98851
275.979,Received an expired out of sequence packet ,98789,98851
275.979,Received an expired out of sequence packet ,98790,98851
275.983,Received an expired out of sequence packet ,98791,98851
275.988,Received an expired out of sequence packet ,98792,98851
276.001,Received an expired out of sequence packet ,98793,98851
276.001,Received an expired out of sequence packet ,98794,98851
276.012,Received an expired out of sequence packet ,98795,98851
276.012,Received an expired out of sequence packet ,98796,98851
276.014,Received an expired out of sequence packet ,98797,98851
276.014,Received an expired out of sequence packet ,98798,98851
276.014,Received an expired out of sequence packet ,98799,98851
276.014,Received an expired out of sequence packet ,98800,98851
276.014,Received an expired out of sequence packet ,98801,98851
276.014,Received an expired out of sequence packet ,98802,98851
276.022,Received an expired out of sequence packet ,98803,98851
276.026,Received an expired out of sequence packet ,98804,98851
276.029,Received an expired out of sequence packet ,98805,98851
276.029,Received an expired out of sequence packet ,98806,98851
276.029,Received an expired out of sequence packet ,98807,98851
276.029,Received an expired out of sequence packet ,98808,98851
276.029,Received an expired out of sequence packet ,98809,98851
276.029,Received an expired out of sequence packet ,98810,98851
276.029,Received an expired out of sequence packet ,98811,98851
276.029,Received an expired out of sequence packet ,98812,98851
276.029,Received an expired out of sequence packet ,98813,98851
276.029,Received an expired out of sequence packet ,98814,98851
276.029,Received an expired out of sequence packet ,98815,98851
276.029,Received an expired out of sequence packet ,98816,98851
276.029