1.40966,Exit slow start,exceeding SS_EXIT_THRESHOLD
29.5468,Timeout
29.5468,clearing sending list because of timeout
29.5627,Received an expired out of sequence packet ,15094,15095
49.1656,Missing packet expired,29137
92.6917,Missing packet expired,57452
128.054,Timeout
128.054,clearing sending list because of timeout
128.234,Received an expired out of sequence packet ,89592,89619
128.235,Received an expired out of sequence packet ,89593,89619
128.236,Received an expired out of sequence packet ,89594,89619
128.237,Received an expired out of sequence packet ,89595,89619
128.237,Received an expired out of sequence packet ,89596,89619
128.237,Received an expired out of sequence packet ,89597,89619
128.237,Received an expired out of sequence packet ,89598,89619
128.239,Received an expired out of sequence packet ,89599,89619
128.239,Received an expired out of sequence packet ,89600,89619
128.241,Received an expired out of sequence packet ,89601,89619
128.241,Received an expired out of sequence packet ,89602,89619
128.241,Received an expired out of sequence packet ,89603,89619
128.244,Received an expired out of sequence packet ,89604,89619
128.247,Received an expired out of sequence packet ,89605,89619
128.247,Received an expired out of sequence packet ,89606,89619
128.247,Received an expired out of sequence packet ,89607,89619
128.251,Received an expired out of sequence packet ,89608,89619
128.254,Received an expired out of sequence packet ,89609,89619
128.257,Received an expired out of sequence packet ,89610,89619
128.257,Received an expired out of sequence packet ,89611,89619
128.258,Received an expired out of sequence packet ,89612,89619
128.258,Received an expired out of sequence packet ,89613,89619
128.258,Received an expired out of sequence packet ,89614,89619
128.27,Received an expired out of sequence packet ,89615,89619
128.272,Received an expired out of sequence packet ,89616,89619
128.272,Received an expired out of sequence packet ,89617,89619
128.275,Received an expired out of sequence packet ,89618,89619
152.29,Missing packet expired,102020
174.42,Timeout
174.42,clearing sending list because of timeout
174.936,Received an expired out of sequence packet ,110964,110965
236.429,Timeout
236.429,clearing sending list because of timeout
236.43,Received an expired out of sequence packet ,149588,149773
237.43,Timeout
237.43,clearing sending list because of timeout
237.441,Received an expired out of sequence packet ,149589,149775
237.735,Received an expired out of sequence packet ,149590,149775
237.749,Received an expired out of sequence packet ,149591,149775
237.751,Received an expired out of sequence packet ,149592,149775
237.761,Received an expired out of sequence packet ,149593,149775
237.764,Received an expired out of sequence packet ,149594,149775
237.778,Received an expired out of sequence packet ,149595,149775
237.778,Received an expired out of sequence packet ,149596,149775
237.785,Received an expired out of sequence packet ,149597,149775
237.788,Received an expired out of sequence packet ,149598,149775
237.803,Received an expired out of sequence packet ,149599,149775
237.806,Received an expired out of sequence packet ,149600,149775
237.808,Received an expired out of sequence packet ,149601,149775
237.814,Received an expired out of sequence packet ,149602,149775
237.826,Received an expired out of sequence packet ,149603,149775
237.828,Received an expired out of sequence packet ,149604,149775
237.83,Received an expired out of sequence packet ,149605,149775
237.837,Received an expired out of sequence packet ,149606,149775
237.843,Received an expired out of sequence packet ,149607,149775
237.846,Received an expired out of sequence packet ,149608,149775
237.855,Received an expired out of sequence packet ,149609,149775
237.857,Received an expired out of sequence packet ,149610,149775
237.866,Received an expired out of sequence packet ,149611,149775
237.874,Received an expired out of sequence packet ,149612,149775
237.877,Received an expired out of sequence packet ,149613,149775
237.884,Received an expired out of sequence packet ,149614,149775
237.897,Received an expired out of sequence packet ,149615,149775
237.9,Received an expired out of sequence packet ,149616,149775
237.9,Received an expired out of sequence packet ,149617,149775
237.9,Received an expired out of sequence packet ,149618,149775
237.906,Received an expired out of sequence packet ,149619,149775
237.91,Received an expired out of sequence packet ,149620,149775
237.914,Received an expired out of sequence packet ,149621,149775
237.916,Received an expired out of sequence packet ,149622,149775
237.918,Received an expired out of sequence packet ,149623,149775
237.92,Received an expired out of sequence packet ,149624,149775
237.922,Received an expired out of sequence packet ,149625,149775
237.924,Received an expired out of sequence packet ,149626,149775
237.926,Received an expired out of sequence packet ,149627,149775
237.935,Received an expired out of sequence packet ,149628,149775
237.935,Received an expired out of sequence packet ,149629,149775
237.935,Received an expired out of sequence packet ,149630,149775
237.936,Received an expired out of sequence packet ,149631,149775
237.936,Received an expired out of sequence packet ,149632,149775
237.936,Received an expired out of sequence packet ,149633,149775
237.937,Received an expired out of sequence packet ,149634,149775
237.94,Received an expired out of sequence packet ,149635,149775
237.946,Received an expired out of sequence packet ,149636,149775
237.947,Received an expired out of sequence packet ,149637,149775
237.947,Received an expired out of sequence packet ,149638,149775
237.949,Received an expired out of sequence packet ,149639,149775
237.953,Received an expired out of sequence packet ,149640,149775
237.955,Received an expired out of sequence packet ,149641,149775
237.955,Received an expired out of sequence packet ,149642,149775
237.958,Received an expired out of sequence packet ,149643,149775
237.97,Received an expired out of sequence packet ,149644,149775
237.985,Received an expired out of sequence packet ,149645,149775
237.985,Received an expired out of sequence packet ,149646,149775
237.987,Received an expired out of sequence packet ,149647,149775
237.991,Received an expired out of sequence packet ,149648,149775
237.991,Received an expired out of sequence packet ,149649,149775
237.992,Received an expired out of sequence packet ,149650,149775
237.996,Received an expired out of sequence packet ,149651,149775
237.996,Received an expired out of sequence packet ,149652,149775
237.999,Received an expired out of sequence packet ,149653,149775
238.005,Received an expired out of sequence packet ,149654,149775
238.009,Received an expired out of sequence packet ,149655,149775
238.014,Received an expired out of sequence packet ,149656,149775
238.019,Received an expired out of sequence packet ,149657,149775
238.02,Received an expired out of sequence packet ,149658,149775
238.024,Received an expired out of sequence packet ,149659,149775
238.028,Received an expired out of sequence packet ,149660,149775
238.037,Received an expired out of sequence packet ,149661,149775
238.039,Received an expired out of sequence packet ,149662,149775
238.039,Received an expired out of sequence packet ,149663,149775
238.039,Received an expired out of sequence packet ,149664,149775
238.044,Received an expired out of sequence packet ,149665,149775
238.049,Received an expired out of sequence packet ,149666,149775
238.05,Received an expired out of sequence packet ,149667,149775
238.055,Received an expired out of sequence packet ,149668,149775
238.057,Received an expired out of sequence packet ,149669,149775
238.059,Received an expired out of sequence packet ,149670,149775
238.059,Received an expired out of sequence packet ,149671,149775
238.06,Received an expired out of sequence packet ,149672,149775
238.062,Received an expired out of sequence packet ,149673,149775
238.077,Received an expired out of sequence packet ,149674,149775
238.079,Received an expired out of sequence packet ,149675,149775
238.079,Received an expired out of sequence packet ,149676,149775
238.079,Received an expired out of sequence packet ,149677,149775
238.08,Received an expired out of sequence packet ,149678,149775
238.08,Received an expired out of sequence packet ,149679,149775
238.08,Received an expired out of sequence packet ,149680,149775
238.083,Received an expired out of sequence packet ,149681,149775
238.087,Received an expired out of sequence packet ,149682,149775
238.1,Received an expired out of sequence packet ,149683,149775
238.105,Received an expired out of sequence packet ,149684,149775
238.105,Received an expired out of sequence packet ,149685,149775
238.105,Received an expired out of sequence packet ,149686,149775
238.107,Received an expired out of sequence packet ,149687,149775
238.113,Received an expired out of sequence packet ,149688,149775
238.113,Received an expired out of sequence packet ,149689,149775
238.113,Received an expired out of sequence packet ,149690,149775
238.119,Received an expired out of sequence packet ,149691,149775
238.119,Received an expired out of sequence packet ,149692,149775
238.121,Received an expired out of sequence packet ,149693,149775
238.124,Received an expired out of sequence packet ,149694,149775
238.126,Received an expired out of sequence packet ,149695,149775
238.128,Received an expired out of sequence packet ,149696,149775
238.133,Received an expired out of sequence packet ,149697,149775
238.134,Received an expired out of sequence packet ,149698,149775
238.136,Received an expired out of sequence packet ,149699,149775
238.138,Received an expired out of sequence packet ,149700,149775
238.14,Received an expired out of sequence packet ,149701,149775
238.145,Received an expired out of sequence packet ,149702,149775
238.145,Received an expired out of sequence packet ,149703,149775
238.152,Received an expired out of sequence packet ,149704,149775
238.152,Received an expired out of sequence packet ,149705,149775
238.154,Received an expired out of sequence packet ,149706,149775
238.154,Received an expired out of sequence packet ,149707,149775
238.157,Received an expired out of sequence packet ,149708,149775
238.172,Received an expired out of sequence packet ,149709,149775
238.173,Received an expired out of sequence packet ,149710,149775
238.174,Received an expired out of sequence packet ,149711,149775
238.174,Received an expired out of sequence packet ,149712,149775
238.177,Received an expired out of sequence packet ,149713,149775
238.177,Received an expired out of sequence packet ,149714,149775
238.18,Received an expired out of sequence packet ,149715,149775
238.18,Received an expired out of sequence packet ,149716,149775
238.183,Received an expired out of sequence packet ,149717,149775
238.183,Received an expired out of sequence packet ,149718,149775
238.187,Received an expired out of sequence packet ,149719,149775
238.19,Received an expired out of sequence packet ,149720,149775
238.194,Received an expired out of sequence packet ,149721,149775
238.195,Received an expired out of sequence packet ,149722,149775
238.197,Received an expired out of sequence packet ,149723,149775
238.199,Received an expired out of sequence packet ,149724,149775
238.2,Received an expired out of sequence packet ,149725,149775
238.203,Received an expired out of sequence packet ,149726,149775
238.205,Received an expired out of sequence packet ,149727,149775
238.206,Received an expired out of sequence packet ,149728,149775
238.208,Received an expired out of sequence packet ,149729,149775
238.215,Received an expired out of sequence packet ,149730,149775
238.216,Received an expired out of sequence packet ,149731,149775
238.216,Received an expired out of sequence packet ,149732,149775
238.216,Received an expired out of sequence packet ,149733,149775
238.218,Received an expired out of sequence packet ,149734,149775
238.22,Received an expired out of sequence packet ,149735,149775
238.22,Received an expired out of sequence packet ,149736,149775
238.222,Received an expired out of sequence packet ,149737,149775
238.226,Received an expired out of sequence packet ,149738,149775
238.229,Received an expired out of sequence packet ,149739,149775
238.229,Received an expired out of sequence packet ,149740,149775
238.231,Received an expired out of sequence packet ,149741,149775
238.235,Received an expired out of sequence packet ,149742,149775
238.235,Received an expired out of sequence packet ,149743,149775
238.238,Received an expired out of sequence packet ,149744,149775
238.242,Received an expired out of sequence packet ,149745,149775
238.242,Received an expired out of sequence packet ,149746,149775
238.244,Received an expired out of sequence packet ,149747,149775
238.245,Received an expired out of sequence packet ,149748,149775
238.247,Received an expired out of sequence packet ,149749,149775
238.247,Received an expired out of sequence packet ,149750,149775
238.247,Received an expired out of sequence packet ,149751,149775
238.251,Received an expired out of sequence packet ,149752,149775
238.255,Received an expired out of sequence packet ,149753,149775
238.256,Received an expired out of sequence packet ,149754,149775
238.258,Received an expired out of sequence packet ,149755,149775
238.258,Received an expired out of sequence packet ,149756,149775
238.258,Received an expired out of sequence packet ,149757,149775
238.258,Received an expired out of sequence packet ,149758,149775
238.26,Received an expired out of sequence packet ,149759,149775
238.26,Received an expired out of sequence packet ,149760,149775
238.262,Received an expired out of sequence packet ,149761,149775
238.265,Received an expired out of sequence packet ,149762,149775
238.265,Received an expired out of sequence packet ,149763,149775
238.267,Received an expired out of sequence packet ,149764,149775
238.269,Received an expired out of sequence packet ,149765,149775
238.274,Received an expired out of sequence packet ,149766,149775
238.294,Received an expired out of sequence packet ,149767,149775
238.294,Received an expired out of sequence packet ,149768,149775
238.296,Received an expired out of sequence packet ,149769,149775
238.298,Received an expired out of sequence packet ,149770,149775
238.3,Received an expired out of sequence packet ,149771,149775
238.314,Received an expired out of sequence packet ,149772,149775
238.316,Received an expired out of sequence packet ,149773,149775
238.317,Received an expired out of sequence packet ,149774,149775
279.795,Timeout
279.795,clearing sending list because of timeout
279.994,Received an expired out of sequence packet ,184853,184904
279.994,Received an expired out of sequence packet ,184854,184904
279.994,Received an expired out of sequence packet ,184855,184904
279.995,Received an expired out of sequence packet ,184856,184904
279.995,Received an expired out of sequence packet ,184857,184904
279.996,Received an expired out of sequence packet ,184858,184904
280.003,Received an expired out of sequence packet ,184859,184904
280.004,Received an expired out of sequence packet ,184860,184904
280.007,Received an expired out of sequence packet ,184861,184904
280.007,Received an expired out of sequence packet ,184862,184904
280.014,Received an expired out of sequence packet ,184863,184904
280.014,Received an expired out of sequence packet ,184864,184904
280.018,Received an expired out of sequence packet ,184865,184904
280.018,Received an expired out of sequence packet ,184866,184904
280.018,Received an expired out of sequence packet ,184867,184904
280.022,Received an expired out of sequence packet ,184868,184904
280.022,Received an expired out of sequence packet ,184869,184904
280.039,Received an expired out of sequence packet ,184870,184904
280.041,Received an expired out of sequence packet ,184871,184904
280.049,Received an expired out of sequence packet ,184872,184904
280.049,Received an expired out of sequence packet ,184873,184904
280.05,Received an expired out of sequence packet ,184874,184904
280.053,Received an expired out of sequence packet ,184875,184904
280.066,Received an expired out of sequence packet ,184876,184904
280.07,Received an expired out of sequence packet ,184877,184904
280.07,Received an expired out of sequence packet 