1.29825,Exit slow start,exceeding SS_EXIT_THRESHOLD
29.2886,Timeout
29.2886,clearing sending list because of timeout
29.3286,Received an expired out of sequence packet ,10379,10479
29.3297,Received an expired out of sequence packet ,10380,10479
29.4501,Received an expired out of sequence packet ,10381,10479
29.4544,Received an expired out of sequence packet ,10382,10479
29.4544,Received an expired out of sequence packet ,10383,10479
29.4575,Received an expired out of sequence packet ,10384,10479
29.4575,Received an expired out of sequence packet ,10385,10479
29.4615,Received an expired out of sequence packet ,10386,10479
29.4616,Received an expired out of sequence packet ,10387,10479
29.4627,Received an expired out of sequence packet ,10388,10479
29.4627,Received an expired out of sequence packet ,10389,10479
29.4658,Received an expired out of sequence packet ,10390,10479
29.4698,Received an expired out of sequence packet ,10391,10479
29.4699,Received an expired out of sequence packet ,10392,10479
29.4699,Received an expired out of sequence packet ,10393,10479
29.4719,Received an expired out of sequence packet ,10394,10479
29.4719,Received an expired out of sequence packet ,10395,10479
29.473,Received an expired out of sequence packet ,10396,10479
29.5095,Received an expired out of sequence packet ,10397,10479
29.5179,Received an expired out of sequence packet ,10398,10479
29.5179,Received an expired out of sequence packet ,10399,10479
29.518,Received an expired out of sequence packet ,10400,10479
29.5211,Received an expired out of sequence packet ,10401,10479
29.5243,Received an expired out of sequence packet ,10402,10479
29.5243,Received an expired out of sequence packet ,10403,10479
29.5254,Received an expired out of sequence packet ,10404,10479
29.5254,Received an expired out of sequence packet ,10405,10479
29.5265,Received an expired out of sequence packet ,10406,10479
29.5296,Received an expired out of sequence packet ,10407,10479
29.5326,Received an expired out of sequence packet ,10408,10479
29.5327,Received an expired out of sequence packet ,10409,10479
29.5347,Received an expired out of sequence packet ,10410,10479
29.5347,Received an expired out of sequence packet ,10411,10479
29.5348,Received an expired out of sequence packet ,10412,10479
29.5378,Received an expired out of sequence packet ,10413,10479
29.5378,Received an expired out of sequence packet ,10414,10479
29.5409,Received an expired out of sequence packet ,10415,10479
29.5409,Received an expired out of sequence packet ,10416,10479
29.5409,Received an expired out of sequence packet ,10417,10479
29.545,Received an expired out of sequence packet ,10418,10479
29.545,Received an expired out of sequence packet ,10419,10479
29.6895,Received an expired out of sequence packet ,10420,10479
29.6958,Received an expired out of sequence packet ,10421,10479
29.699,Received an expired out of sequence packet ,10422,10479
29.7022,Received an expired out of sequence packet ,10423,10479
29.7023,Received an expired out of sequence packet ,10424,10479
29.7035,Received an expired out of sequence packet ,10425,10479
29.7055,Received an expired out of sequence packet ,10426,10479
29.7056,Received an expired out of sequence packet ,10427,10479
29.7056,Received an expired out of sequence packet ,10428,10479
29.71,Received an expired out of sequence packet ,10429,10479
29.71,Received an expired out of sequence packet ,10430,10479
29.71,Received an expired out of sequence packet ,10431,10479
29.7131,Received an expired out of sequence packet ,10432,10479
29.7131,Received an expired out of sequence packet ,10433,10479
29.7164,Received an expired out of sequence packet ,10434,10479
29.7164,Received an expired out of sequence packet ,10435,10479
29.7164,Received an expired out of sequence packet ,10436,10479
29.7164,Received an expired out of sequence packet ,10437,10479
29.7196,Received an expired out of sequence packet ,10438,10479
29.7196,Received an expired out of sequence packet ,10439,10479
29.7196,Received an expired out of sequence packet ,10440,10479
29.7218,Received an expired out of sequence packet ,10441,10479
29.7219,Received an expired out of sequence packet ,10442,10479
29.7219,Received an expired out of sequence packet ,10443,10479
29.727,Received an expired out of sequence packet ,10444,10479
29.7271,Received an expired out of sequence packet ,10445,10479
29.7271,Received an expired out of sequence packet ,10446,10479
29.7271,Received an expired out of sequence packet ,10447,10479
29.7293,Received an expired out of sequence packet ,10448,10479
29.7293,Received an expired out of sequence packet ,10449,10479
29.7293,Received an expired out of sequence packet ,10450,10479
29.7334,Received an expired out of sequence packet ,10451,10479
29.7335,Received an expired out of sequence packet ,10452,10479
29.7335,Received an expired out of sequence packet ,10453,10479
29.7335,Received an expired out of sequence packet ,10454,10479
29.7346,Received an expired out of sequence packet ,10455,10479
29.7346,Received an expired out of sequence packet ,10456,10479
29.7346,Received an expired out of sequence packet ,10457,10479
29.7377,Received an expired out of sequence packet ,10458,10479
29.7378,Received an expired out of sequence packet ,10459,10479
29.7399,Received an expired out of sequence packet ,10460,10479
29.7399,Received an expired out of sequence packet ,10461,10479
29.7399,Received an expired out of sequence packet ,10462,10479
29.741,Received an expired out of sequence packet ,10463,10479
29.7442,Received an expired out of sequence packet ,10464,10479
29.7442,Received an expired out of sequence packet ,10465,10479
29.7483,Received an expired out of sequence packet ,10466,10479
29.7483,Received an expired out of sequence packet ,10467,10479
29.7484,Received an expired out of sequence packet ,10468,10479
29.7484,Received an expired out of sequence packet ,10469,10479
29.7484,Received an expired out of sequence packet ,10470,10479
29.7484,Received an expired out of sequence packet ,10471,10479
29.806,Received an expired out of sequence packet ,10472,10479
29.8181,Received an expired out of sequence packet ,10473,10479
29.8182,Received an expired out of sequence packet ,10474,10479
29.8193,Received an expired out of sequence packet ,10475,10479
29.8193,Received an expired out of sequence packet ,10476,10479
29.8254,Received an expired out of sequence packet ,10477,10479
29.8255,Received an expired out of sequence packet ,10478,10479
74.289,Timeout
74.289,clearing sending list because of timeout
74.3297,Received an expired out of sequence packet ,38284,38430
74.3298,Received an expired out of sequence packet ,38285,38430
74.4497,Received an expired out of sequence packet ,38286,38430
74.4539,Received an expired out of sequence packet ,38287,38430
74.454,Received an expired out of sequence packet ,38288,38430
74.457,Received an expired out of sequence packet ,38289,38430
74.457,Received an expired out of sequence packet ,38290,38430
74.4621,Received an expired out of sequence packet ,38291,38430
74.4622,Received an expired out of sequence packet ,38292,38430
74.4633,Received an expired out of sequence packet ,38293,38430
74.4633,Received an expired out of sequence packet ,38294,38430
74.4664,Received an expired out of sequence packet ,38295,38430
74.4696,Received an expired out of sequence packet ,38296,38430
74.4696,Received an expired out of sequence packet ,38297,38430
74.4696,Received an expired out of sequence packet ,38298,38430
74.4717,Received an expired out of sequence packet ,38299,38430
74.4717,Received an expired out of sequence packet ,38300,38430
74.4729,Received an expired out of sequence packet ,38301,38430
74.5088,Received an expired out of sequence packet ,38302,38430
74.5183,Received an expired out of sequence packet ,38303,38430
74.5184,Received an expired out of sequence packet ,38304,38430
74.5207,Received an expired out of sequence packet ,38305,38430
74.5247,Received an expired out of sequence packet ,38306,38430
74.5248,Received an expired out of sequence packet ,38307,38430
74.5248,Received an expired out of sequence packet ,38308,38430
74.5259,Received an expired out of sequence packet ,38309,38430
74.5289,Received an expired out of sequence packet ,38310,38430
74.529,Received an expired out of sequence packet ,38311,38430
74.533,Received an expired out of sequence packet ,38312,38430
74.533,Received an expired out of sequence packet ,38313,38430
74.5351,Received an expired out of sequence packet ,38314,38430
74.5351,Received an expired out of sequence packet ,38315,38430
74.5351,Received an expired out of sequence packet ,38316,38430
74.5382,Received an expired out of sequence packet ,38317,38430
74.5382,Received an expired out of sequence packet ,38318,38430
74.5412,Received an expired out of sequence packet ,38319,38430
74.5413,Received an expired out of sequence packet ,38320,38430
74.5413,Received an expired out of sequence packet ,38321,38430
74.5453,Received an expired out of sequence packet ,38322,38430
74.5454,Received an expired out of sequence packet ,38323,38430
74.6879,Received an expired out of sequence packet ,38324,38430
74.6963,Received an expired out of sequence packet ,38325,38430
74.6995,Received an expired out of sequence packet ,38326,38430
74.7017,Received an expired out of sequence packet ,38327,38430
74.7017,Received an expired out of sequence packet ,38328,38430
74.7038,Received an expired out of sequence packet ,38329,38430
74.7059,Received an expired out of sequence packet ,38330,38430
74.7059,Received an expired out of sequence packet ,38331,38430
74.7059,Received an expired out of sequence packet ,38332,38430
74.709,Received an expired out of sequence packet ,38333,38430
74.7091,Received an expired out of sequence packet ,38334,38430
74.7091,Received an expired out of sequence packet ,38335,38430
74.7091,Received an expired out of sequence packet ,38336,38430
74.7132,Received an expired out of sequence packet ,38337,38430
74.7132,Received an expired out of sequence packet ,38338,38430
74.7165,Received an expired out of sequence packet ,38339,38430
74.7165,Received an expired out of sequence packet ,38340,38430
74.7166,Received an expired out of sequence packet ,38341,38430
74.7166,Received an expired out of sequence packet ,38342,38430
74.7197,Received an expired out of sequence packet ,38343,38430
74.7197,Received an expired out of sequence packet ,38344,38430
74.7198,Received an expired out of sequence packet ,38345,38430
74.722,Received an expired out of sequence packet ,38346,38430
74.722,Received an expired out of sequence packet ,38347,38430
74.722,Received an expired out of sequence packet ,38348,38430
74.7262,Received an expired out of sequence packet ,38349,38430
74.7262,Received an expired out of sequence packet ,38350,38430
74.7262,Received an expired out of sequence packet ,38351,38430
74.7262,Received an expired out of sequence packet ,38352,38430
74.7294,Received an expired out of sequence packet ,38353,38430
74.7294,Received an expired out of sequence packet ,38354,38430
74.7294,Received an expired out of sequence packet ,38355,38430
74.7335,Received an expired out of sequence packet ,38356,38430
74.7335,Received an expired out of sequence packet ,38357,38430
74.7335,Received an expired out of sequence packet ,38358,38430
74.7335,Received an expired out of sequence packet ,38359,38430
74.7346,Received an expired out of sequence packet ,38360,38430
74.7346,Received an expired out of sequence packet ,38361,38430
74.7346,Received an expired out of sequence packet ,38362,38430
74.7377,Received an expired out of sequence packet ,38363,38430
74.7377,Received an expired out of sequence packet ,38364,38430
74.7407,Received an expired out of sequence packet ,38365,38430
74.7408,Received an expired out of sequence packet ,38366,38430
74.7408,Received an expired out of sequence packet ,38367,38430
74.7408,Received an expired out of sequence packet ,38368,38430
74.7438,Received an expired out of sequence packet ,38369,38430
74.7438,Received an expired out of sequence packet ,38370,38430
74.748,Received an expired out of sequence packet ,38371,38430
74.748,Received an expired out of sequence packet ,38372,38430
74.748,Received an expired out of sequence packet ,38373,38430
74.748,Received an expired out of sequence packet ,38374,38430
74.748,Received an expired out of sequence packet ,38375,38430
74.8071,Received an expired out of sequence packet ,38376,38430
74.8168,Received an expired out of sequence packet ,38377,38430
74.8168,Received an expired out of sequence packet ,38378,38430
74.8189,Received an expired out of sequence packet ,38379,38430
74.8189,Received an expired out of sequence packet ,38380,38430
74.8253,Received an expired out of sequence packet ,38381,38430
74.8253,Received an expired out of sequence packet ,38382,38430
74.8253,Received an expired out of sequence packet ,38383,38430
74.8253,Received an expired out of sequence packet ,38384,38430
74.8253,Received an expired out of sequence packet ,38385,38430
74.8254,Received an expired out of sequence packet ,38386,38430
74.8285,Received an expired out of sequence packet ,38387,38430
74.8306,Received an expired out of sequence packet ,38388,38430
74.8307,Received an expired out of sequence packet ,38389,38430
74.8327,Received an expired out of sequence packet ,38390,38430
74.8327,Received an expired out of sequence packet ,38391,38430
74.8348,Received an expired out of sequence packet ,38392,38430
74.8348,Received an expired out of sequence packet ,38393,38430
74.8378,Received an expired out of sequence packet ,38394,38430
74.8379,Received an expired out of sequence packet ,38395,38430
74.8379,Received an expired out of sequence packet ,38396,38430
74.841,Received an expired out of sequence packet ,38397,38430
74.841,Received an expired out of sequence packet ,38398,38430
74.841,Received an expired out of sequence packet ,38399,38430
74.8421,Received an expired out of sequence packet ,38400,38430
74.8462,Received an expired out of sequence packet ,38401,38430
74.8463,Received an expired out of sequence packet ,38402,38430
74.8463,Received an expired out of sequence packet ,38403,38430
74.8463,Received an expired out of sequence packet ,38404,38430
74.8493,Received an expired out of sequence packet ,38405,38430
74.8493,Received an expired out of sequence packet ,38406,38430
74.8546,Received an expired out of sequence packet ,38407,38430
74.8587,Received an expired out of sequence packet ,38408,38430
74.8588,Received an expired out of sequence packet ,38409,38430
74.8588,Received an expired out of sequence packet ,38410,38430
74.8588,Received an expired out of sequence packet ,38411,38430
74.8588,Received an expired out of sequence packet ,38412,38430
74.8588,Received an expired out of sequence packet ,38413,38430
74.8609,Received an expired out of sequence packet ,38414,38430
74.8609,Received an expired out of sequence packet ,38415,38430
74.8619,Received an expired out of sequence packet ,38416,38430
74.8693,Received an expired out of sequence packet ,38417,38430
74.8735,Received an expired out of sequence packet ,38418,38430
74.8768,Received an expired out of sequence packet ,38419,38430
74.8798,Received an expired out of sequence packet ,38420,38430
74.8839,Received an expired out of sequence packet ,38421,38430
74.8839,Received an expired out of sequence packet ,38422,38430
74.886,Received an expired out of sequence packet ,38423,38430
74.8861,Received an expired out of sequence packet ,38424,38430
74.8861,Received an expired out of sequence packet ,38425,38430
74.8861,Received an expired out of sequence packet ,38426,38430
74.8891,Received an expired out of sequence packet ,38427,38430
74.8891,Received an expired out of sequence packet ,38428,38430
74.8942,Received an expired out of sequence packet ,38429,38430
85.5641,Restart,can't map delay on delay curve
87.1637,Exit slow start,exceeding SS_EXIT_THRESHOLD
91.3215,Timeout
91.3216,clearing sending list because of timeout
91.3216,Received an expired out of sequence packet ,2500,2716
92.3118,Received an expired out of sequence packet ,2501,2716
93.3118,Timeout
93.3118,clearing sending list because of timeout
93.3222,Received an expired out of sequence packet ,2502,2720
94.3122,Received an expired out of sequence packet ,2503,2720
94.9205,Received an expired out of sequence packet ,2504,2720
94.9226,Received an expired out of sequence packet ,2505,2720
94.9258,Received an expired out of sequence packet ,2506,2720
94.9298,Received an expired out of sequence packet ,2507,2720
94.933,Received an expired out of sequence packet ,2508,2720
94.939,Received an expired out of sequence packet ,2509,2720
94.941,Received an expired out of sequence packet ,2510,2720
94.9451,Received an expired out of sequence packet ,2511,2720
94.9554,Received an expired out of sequence packet ,2512,2720
94.9648,Received an expired out of sequence packet ,2513,2720
94.9648,Received an expired out of sequence packet ,2514,2720
94.9712,Received an expired out of sequence packet ,2515,2720
94.9712,Received an expired out of sequence packet ,2516,2720
94.9765,Received an expired out of sequence packet ,2517,2720
94.9827,Received an expired out of sequence packet ,2518,2720
94.9827,Received an expired out of sequence packet ,2519,2720
94.9849,Received an expired out of sequence packet ,2520,2720
94.986,Received an expired out of sequence packet ,2521,2720
94.9881,Received an expired out of sequence packet ,2522,2720
94.9939,Received an expired out of sequence packet ,2523,2720
94.997,Received an expired out of sequence packet ,2524,2720
95.0022,Received an expired out of sequence packet ,2525,2720
95.0125,Received an expired out of sequence packet ,2526,2720
95.0199,Received an expired out of sequence packet ,2527,2720
95.02,Received an expired out of sequence packet ,2528,2720
95.02,Received an expired out of sequence packet ,2529,2720
95.021,Received an expired out of sequence packet ,2530,2720
95.0221,Received an expired out of sequence packet ,2531,2720
95.0242,Received an expired out of sequence packet ,2532,2720
95.0302,Received an expired out of sequence packet ,2533,2720
95.0334,Received an expired out of sequence packet ,2534,2720
95.0363,Received an expired out of sequence packet ,2535,2720
95.0395,Received an expired out of sequence packet ,2536,2720
95.0395,Received an expired out of sequence packet ,2537,2720
95.0446,Received an expired out of sequence packet ,2538,2720
95.0559,Received an expired out of sequence packet ,2539,2720
95.057,Received an expired out of sequence packet ,2540,2720
95.0632,Received an expired out of sequence packet ,2541,2720
95.0632,Received an expired out of sequence packet ,2542,2720
95.0712,Received an expired out of sequence packet ,2543,2720
95.0753,Received an expired out of sequence packet ,2544,2720
95.0753,Received an expired out of sequence packet ,2545,2720
95.0863,Received an expired out of sequence packet ,2546,2720
95.0875,Received an expired out of sequence packet ,2547,2720
95.0896,Received an expired out of sequence packet ,2548,2720
95.0896,Received an expired out of sequence packet ,2549,2720
95.0935,Received an expired out of sequence packet ,2550,2720
95.0986,Received an expired out of sequence packet ,2551,2720
95.1119,Received an expired out of sequence packet ,2552,2720
95.1151,Received an expired out of sequence packet ,2553,2720
95.1151,Received an expired out of sequence packet ,2554,2720
95.1231,Received an expired out of sequence packet ,2555,2720
95.1262,Received an expired out of sequence packet ,2556,2720
95.1262,Received an expired out of sequence packet ,2557,2720
95.1262,Received an expired out of sequence packet ,2558,2720
95.1291,Received an expired out of sequence packet ,2559,2720
95.1392,Received an expired out of sequence packet ,2560,2720
95.1454,Received an expired out of sequence packet ,2561,2720
95.1454,Received an expired out of sequence packet ,2562,2720
95.1495,Received an expired out of sequence packet ,2563,2720
95.1597,Received an expired out of sequence packet ,2564,2720
95.1607,Received an expired out of sequence packet ,2565,2720
95.171,Received an expired out of sequence packet ,2566,2720
95.171,Received an expired out of sequence packet ,2567,2720
95.1751,Received an expired out of sequence packet ,2568,2720
95.1751,Received an expired out of sequence packet ,2569,2720
95.1761,Received an expired out of sequence packet ,2570,2720
95.1811,Received an expired out of sequence packet ,2571,2720
95.1852,Received an expired out of sequence packet ,2572,2720
95.1894,Received an expired out of sequence packet ,2573,2720
95.1935,Received an expired out of sequence packet ,2574,2720
95.1978,Received an expired out of sequence packet ,2575,2720
95.2019,Received an expired out of sequence packet ,2576,2720
95.2049,Received an expired out of sequence packet ,2577,2720
95.208,Received an expired out of sequence packet ,2578,2720
95.2109,Received an expired out of sequence packet ,2579,2720
95.214,Received an expired out of sequence packet ,2580,2720
95.2161,Received an expired out of sequence packet ,2581,2720
95.2191,Received an expired out of sequence packet ,2582,2720
95.2213,Received an expired out of sequence packet ,2583,2720
95.2307,Received an expired out of sequence packet ,2584,2720
95.2348,Received an expired out of sequence packet ,2585,2720
95.2348,Received an expired out of sequence packet ,2586,2720
95.2387,Received an expired out of sequence packet ,2587,2720
95.2397,Received an expired out of sequence packet ,2588,2720
95.2428,Received an expired out of sequence packet ,2589,2720
95.245,Received an expired out of sequence packet ,2590,2720
95.2482,Received an expired out of sequence packet ,2591,2720
95.2492,Received an expired out of sequence packet ,2592,2720
95.2592,Received an expired out of sequence packet ,2593,2720
95.2624,Received an expired out of sequence packet ,2594,2720
95.2645,Received an expired out of sequence packet ,2595,2720
95.2645,Received an expired out of sequence packet ,2596,2720
95.2645,Received an expired out of sequence packet ,2597,2720
95.2645,Received an expired out of sequence packet ,2598,2720
95.2656,Received an expired out of sequence packet ,2599,2720
95.2667,Received an expired out of sequence packet ,2600,2720
95.2769,Received an expired out of sequence packet ,2601,2720
95.2809,Received an expired out of sequence packet ,2602,2720
95.2819,Received an expired out of sequence packet ,2603,2720
95.282,Received an expired out of sequence packet ,2604,2720
95.282,Received an expired out of sequence packet ,2605,2720
95.2911,Received an expired out of sequence packet ,2606,2720
95.2911,Received an expired out of sequence packet ,2607,2720
95.2912,Received an expired out of sequence packet ,2608,2720
95.2942,Received an expired out of sequence packet ,2609,2720
95.2963,Received an expired out of sequence packet ,2610,2720
95.2963,Received an expired out of sequence packet ,2611,2720
95.3012,Received an expired out of sequence packet ,2612,2720
95.3053,Received an expired out of sequence packet ,2613,2720
95.3085,Received an expired out of sequence packet ,2614,2720
95.3209,Received an expired out of sequence packet ,2615,2720
95.322,Received an expired out of sequence packet ,2616,2720
95.3251,Received an expired out of sequence packet ,2617,2720
95.3322,Received an expired out of sequence packet ,2618,2720
95.3322,Received an expired out of sequence packet ,2619,2720
95.3353,Received an expired out of sequence packet ,2620,2720
95.3393,Received an expired out of sequence packet ,2621,2720
95.3436,Received an expired out of sequence packet ,2622,2720
95.3466,Received an expired out of sequence packet ,2623,2720
95.3592,Received an expired out of sequence packet ,2624,2720
95.3612,Received an expired out of sequence packet ,2625,2720
95.3613,Received an expired out of sequence packet ,2626,2720
95.3663,Received an expired out of sequence packet ,2627,2720
95.3705,Received an expired out of sequence packet ,2628,2720
95.3746,Received an expired out of sequence packet ,2629,2720
95.3778,Received an expired out of sequence packet ,2630,2720
95.383,Received an expired out of sequence packet ,2631,2720
95.3871,Received an expired out of sequence packet ,2632,2720
95.3923,Received an expired out of sequence packet ,2633,2720
95.3955,Received an expired out of sequence packet ,2634,2720
95.3988,Received an expired out of sequence packet ,2635,2720
95.4019,Received an expired out of sequence packet ,2636,2720
95.405,Received an expired out of sequence packet ,2637,2720
95.4071,Received an expired out of sequence packet ,2638,2720
95.4121,Received an expired out of sequence packet ,2639,2720
95.4162,Received an expired out of sequence packet ,2640,2720
95.4183,Received an expired out of sequence packet ,2641,2720
95.4215,Received an expired out of sequence packet ,2642,2720
95.4256,Received an expired out of sequence packet ,2643,2720
95.4319,Received an expired out of sequence packet ,2644,2720
95.436,Received an expired out of sequence packet ,2645,2720
95.4382,Received an expired out of sequence packet ,2646,2720
95.4477,Received an expired out of sequence packet ,2647,2720
95.4497,Received an expired out of sequence packet ,2648,2720
95.4497,Received an expired out of sequence packet ,2649,2720
95.4528,Received an expired out of sequence packet ,2650,2720
95.4559,Received an expired out of sequence packet ,2651,2720
95.459,Received an expired out of sequence packet ,2652,2720
95.4609,Received an expired out of sequence packet ,2653,2720
95.4671,Received an expired out of sequence packet ,2654,2720
95.4701,Received an expired out of sequence packet ,2655,2720
95.4802,Received an expired out of sequence packet ,2656,2720
95.4813,Received an expired out of sequence packet ,2657,2720
95.4893,Received an expired out of sequence packet ,2658,2720
95.4975,Received an expired out of sequence packet ,2659,2720
95.4975,Received an expired out of sequence packet ,2660,2720
95.5075,Received an expired out of sequence packet ,2661,2720
95.5075,Received an expired out of sequence packet ,2662,2720
95.5116,Received an expired out of sequence packet ,2663,2720
95.5116,Received an expired out of sequence packet ,2664,2720
95.5157,Received an expired out of sequence packet ,2665,2720
95.5157,Received an expired out of sequence packet ,2666,2720
95.5258,Received an expired out of sequence packet ,2667,2720
95.5279,Received an expired out of sequence packet ,2668,2720
95.5279,Received an expired out of sequence packet ,2669,2720
95.532,Received an expired out of sequence packet ,2670,2720
95.5359,Received an expired out of sequence packet ,2671,2720
95.542,Received an expired out of sequence packet ,2672,2720
95.542,Received an expired out of sequence packet ,2673,2720
95.5532,Received an expired out of sequence packet ,2674,2720
95.5573,Received an expired out of sequence packet ,2675,2720
95.5573,Received an expired out of sequence packet ,2676,2720
95.5615,Received an expired out of sequence packet ,2677,2720
95.5666,Received an expired out of sequence packet ,2678,2720
95.5778,Received an expired out of sequence packet ,2679,2720
95.581,Received an expired out of sequence packet ,2680,2720
95.581,Received an expired out of sequence packet ,2681,2720
95.581,Received an expired out of sequence packet ,2682,2720
95.5912,Received an expired out of sequence packet ,2683,2720
95.5943,Received an expired out of sequence packet ,2684,2720
95.5965,Received an expired out of sequence packet ,2685,2720
95.5975,Received an expired out of sequence packet ,2686,2720
95.6087,Received an expired out of sequence packet ,2687,2720
95.6098,Received an expired out of sequence packet ,2688,2720
95.6119,Received an expired out of sequence packet ,2689,2720
95.616,Received an expired out of sequence packet ,2690,2720
95.6181,Received an expired out of sequence packet ,2691,2720
95.6211,Received an expired out of sequence packet ,2692,2720
95.6304,Received an expired out of sequence packet ,2693,2720
95.6325,Received an expired out of sequence packet ,2694,2720
95.645,Received an expired out of sequence packet ,2695,2720
95.6481,Received an expired out of sequence packet ,2696,2720
95.6512,Received an expired out of sequence packet ,2697,2720
95.6534,Received an expired out of sequence packet ,2698,2720
95.6555,Received an expired out of sequence packet ,2699,2720
95.6597,Received an expired out of sequence packet ,2700,2720
95.6658,Received an expired out of sequence packet ,2701,2720
95.6679,Received an expired out of sequence packet ,2702,2720
95.6722,Received an expired out of sequence packet ,2703,2720
95.6763,Received an expired out of sequence packet ,2704,2720
95.6793,Received an expired out of sequence packet ,2705,2720
95.6834,Received an expired out of sequence packet ,2706,2720
95.6875,Received an expired out of sequence packet ,2707,2720
95.6905,Received an expired out of sequence packet ,2708,2720
95.6946,Received an expired out of sequence packet ,2709,2720
95.7101,Received an expired out of sequence packet ,2710,2720
95.7133,Received an expired out of sequence packet ,2711,2720
95.7204,Received an expired out of sequence packet ,2712,2720
95.7204,Received an expired out of sequence packet ,2713,2720
95.7215,Received an expired out of sequence packet ,2714,2720
95.7234,Received an expired out of sequence packet ,2715,2720
95.7297,Received an expired out of sequence packet ,2716,2720
95.7318,Received an expired out of sequence packet ,2717,2720
95.7442,Received an expired out of sequence packet ,2718,2720
95.7473,Received an expired out of sequence packet ,2719,2720
109.354,Timeout
109.354,clearing sending list because of timeout
109.567,Timeout
109.567,clearing sending list because of timeout
109.641,Received an expired out of sequence packet ,6896,6926
109.641,Received an expired out of sequence packet ,6897,6926
109.641,Received an expired out of sequence packet ,6898,6926
109.641,Received an expired out of sequence packet ,6899,6926
109.641,Received an expired out of sequence packet ,6900,6926
109.642,Received an expired out of sequence packet ,6901,6926
109.642,Received an expired out of sequence packet ,6902,6926
109.654,Received an expired out of sequence packet ,6903,6926
109.654,Received an expired out of sequence packet ,6904,6926
109.654,Received an expired out of sequence packet ,6905,6926
109.654,Received an expired out of sequence packet ,6906,6926
109.654,Received an expired out of sequence packet ,6907,6926
109.654,Received an expired out of sequence packet ,6908,6926
109.654,Received an expired out of sequence packet ,6909,6926
109.654,Received an expired out of sequence packet ,6910,6926
109.655,Received an expired out of sequence packet ,6911,6926
109.66,Received an expired out of sequence packet ,6912,6926
109.664,Received an expired out of sequence packet ,6913,6926
109.667,Received an expired out of sequence packet ,6914,6926
109.676,Received an expired out of sequence packet ,6915,6926
109.676,Received an expired out of sequence packet ,6916,6926
109.676,Received an expired out of sequence packet ,6917,6926
109.676,Received an expired out of sequence packet ,6918,6926
109.679,Received an expired out of sequence packet ,6919,6926
109.679,Received an expired out of sequence packet ,6920,6926
109.679,Received an expired out of sequence packet ,6921,6926
109.679,Received an expired out of sequence packet ,6922,6926
109.679,Received an expired out of sequence packet ,6923,6926
109.679,Received an expired out of sequence packet ,6924,6926
109.698,Received an expired out of sequence packet ,6925,6926
157.367,Timeout
157.367,clearing sending list because of timeout
157.38,Received an expired out of sequence packet ,28563,28675
157.673,Received an expired out of sequence packet ,28564,28675
157.687,Received an expired out of sequence packet ,28565,28675
157.689,Received an expired out of sequence packet ,28566,28675
157.699,Received an expired out of sequence packet ,28567,28675
157.703,Received an expired out of sequence packet ,28568,28675
157.717,Received an expired out of sequence packet ,28569,28675
157.717,Received an expired out of sequence packet ,28570,28675
157.724,Received an expired out of sequence packet ,28571,28675
157.726,Received an expired out of sequence packet ,28572,28675
157.742,Received an expired out of sequence packet ,28573,28675
157.745,Received an expired out of sequence packet ,28574,28675
157.748,Received an expired out of sequence packet ,28575,28675
157.752,Received an expired out of sequence packet ,28576,28675
157.765,Received an expired out of sequence packet ,28577,28675
157.767,Received an expired out of sequence packet ,28578,28675
157.769,Received an expired out of sequence packet ,28579,28675
157.776,Received an expired out of sequence packet ,28580,28675
157.776,Received an expired out of sequence packet ,28581,28675
157.781,Received an expired out of sequence packet ,28582,28675
157.784,Received an expired out of sequence packet ,28583,28675
157.793,Received an expired out of sequence packet ,28584,28675
157.795,Received an expired out of sequence packet ,28585,28675
157.805,Received an expired out of sequence packet ,28586,28675
157.813,Received an expired out of sequence packet ,28587,28675
157.816,Received an expired out of sequence packet ,28588,28675
157.823,Received an expired out of sequence packet ,28589,28675
157.835,Received an expired out of sequence packet ,28590,28675
157.839,Received an expired out of sequence packet ,28591,28675
157.839,Received an expired out of sequence packet ,28592,28675
157.839,Received an expired out of sequence packet ,28593,28675
157.844,Received an expired out of sequence packet ,28594,28675
157.849,Received an expired out of sequence packet ,28595,28675
157.853,Received an expired out of sequence packet ,28596,28675
157.856,Received an expired out of sequence packet ,28597,28675
157.857,Received an expired out of sequence packet ,28598,28675
157.859,Received an expired out of sequence packet ,28599,28675
157.861,Received an expired out of sequence packet ,28600,28675
157.862,Received an expired out of sequence packet ,28601,28675
157.864,Received an expired out of sequence packet ,28602,28675
157.865,Received an expired out of sequence packet ,28603,28675
157.874,Received an expired out of sequence packet ,28604,28675
157.874,Received an expired out of sequence packet ,28605,28675
157.875,Received an expired out of sequence packet ,28606,28675
157.875,Received an expired out of sequence packet ,28607,28675
157.875,Received an expired out of sequence packet ,28608,28675
157.876,Received an expired out of sequence packet ,28609,28675
157.879,Received an expired out of sequence packet ,28610,28675
157.885,Received an expired out of sequence packet ,28611,28675
157.886,Received an expired out of sequence packet ,28612,28675
157.886,Received an expired out of sequence packet ,28613,28675
157.889,Received an expired out of sequence packet ,28614,28675
157.892,Received an expired out of sequence packet ,28615,28675
157.897,Received an expired out of sequence packet ,28616,28675
157.897,Received an expired out of sequence packet ,28617,28675
157.897,Received an expired out of sequence packet ,28618,28675
157.909,Received an expired out of sequence packet ,28619,28675
157.923,Received an expired out of sequence packet ,28620,28675
157.923,Received an expired out of sequence packet ,28621,28675
157.925,Received an expired out of sequence packet ,28622,28675
157.93,Received an expired out of sequence packet ,28623,28675
157.931,Received an expired out of sequence packet ,28624,28675
157.935,Received an expired out of sequence packet ,28625,28675
157.935,Received an expired out of sequence packet ,28626,28675
157.938,Received an expired out of sequence packet ,28627,28675
157.944,Received an expired out of sequence packet ,28628,28675
157.948,Received an expired out of sequence packet ,28629,28675
157.952,Received an expired out of sequence packet ,28630,28675
157.958,Received an expired out of sequence packet ,28631,28675
157.959,Received an expired out of sequence packet ,28632,28675
157.962,Received an expired out of sequence packet ,28633,28675
157.967,Received an expired out of sequence packet ,28634,28675
157.975,Received an expired out of sequence packet ,28635,28675
157.978,Received an expired out of sequence packet ,28636,28675
157.978,Received an expired out of sequence packet ,28637,28675
157.978,Received an expired out of sequence packet ,28638,28675
157.984,Received an expired out of sequence packet ,28639,28675
157.988,Received an expired out of sequence packet ,28640,28675
157.994,Received an expired out of sequence packet ,28641,28675
157.994,Received an expired out of sequence packet ,28642,28675
157.995,Received an expired out of sequence packet ,28643,28675
157.997,Received an expired out of sequence packet ,28644,28675
157.997,Received an expired out of sequence packet ,28645,28675
157.999,Received an expired out of sequence packet ,28646,28675
158.001,Received an expired out of sequence packet ,28647,28675
158.016,Received an expired out of sequence packet ,28648,28675
158.016,Received an expired out of sequence packet ,28649,28675
158.017,Received an expired out of sequence packet ,28650,28675
158.019,Received an expired out of sequence packet ,28651,28675
158.019,Received an expired out of sequence packet ,28652,28675
158.019,Received an expired out of sequence packet ,28653,28675
158.019,Received an expired out of sequence packet ,28654,28675
158.019,Received an expired out of sequence packet ,28655,28675
158.02,Received an expired out of sequence packet ,28656,28675
158.025,Received an expired out of sequence packet ,28657,28675
158.039,Received an expired out of sequence packet ,28658,28675
158.045,Received an expired out of sequence packet ,28659,28675
158.045,Received an expired out of sequence packet ,28660,28675
158.045,Received an expired out of sequence packet ,28661,28675
158.052,Received an expired out of sequence packet ,28662,28675
158.052,Received an expired out of sequence packet ,28663,28675
158.052,Received an expired out of sequence packet ,28664,28675
158.052,Received an expired out of sequence packet ,28665,28675
158.053,Received an expired out of sequence packet ,28666,28675
158.057,Received an expired out of sequence packet ,28667,28675
158.058,Received an expired out of sequence packet ,28668,28675
158.064,Received an expired out of sequence packet ,28669,28675
158.065,Received an expired out of sequence packet ,28670,28675
158.067,Received an expired out of sequence packet ,28671,28675
158.072,Received an expired out of sequence packet ,28672,28675
158.073,Received an expired out of sequence packet ,28673,28675
158.075,Received an expired out of sequence packet ,28674,28675
163.304,Restart,can't map delay on delay curve
164.966,Exit slow start,exceeding SS_EXIT_THRESHOLD
186.886,Missing packet expired,25484
202.32,Timeout
202.32,clearing sending list because of timeout
202.321,Received an expired out of sequence packet ,32749,32857
203.32,Received an expired out of sequence packet ,32750,32857
204.309,Received an expired out of sequence packet ,32751,32857
204.924,Received an expired out of sequence packet ,32752,32857
204.924,Received an expired out of sequence packet ,32753,32857
204.946,Received an expired out of sequence packet ,32754,32857
204.946,Received an expired out of sequence packet ,32755,32857
204.946,Received an expired out of sequence packet ,32756,32857
204.946,Received an expired out of sequence packet ,32757,32857
204.946,Received an expired out of sequence packet ,32758,32857
204.946,Received an expired out of sequence packet ,32759,32857
204.946,Received an expired out of sequence packet ,32760,32857
204.949,Received an expired out of sequence packet ,32761,32857
204.949,Received an expired out of sequence packet ,32762,32857
204.964,Received an expired out of sequence packet ,32763,32857
204.964,Received an expired out of sequence packet ,32764,32857
204.971,Received an expired out of sequence packet ,32765,32857
204.971,Received an expired out of sequence packet ,32766,32857
204.971,Received an expired out of sequence packet ,32767,32857
204.971,Received an expired out of sequence packet ,32768,32857
204.971,Received an expired out of sequence packet ,32769,32857
204.971,Received an expired out of sequence packet ,32770,32857
204.971,Received an expired out of sequence packet ,32771,32857
204.974,Received an expired out of sequence packet ,32772,32857
204.974,Received an expired out of sequence packet ,32773,32857
204.974,Received an expired out of sequence packet ,32774,32857
204.974,Received an expired out of sequence packet ,32775,32857
204.974,Received an expired out of sequence packet ,32776,32857
204.974,Received an expired out of sequence packet ,32777,32857
204.977,Received an expired out of sequence packet 