1.19879,Exit slow start,exceeding SS_EXIT_THRESHOLD
72.6918,Timeout
72.6918,clearing sending list because of timeout
72.8141,Received an expired out of sequence packet ,57266,57284
72.8302,Received an expired out of sequence packet ,57267,57284
72.8473,Received an expired out of sequence packet ,57268,57284
72.8473,Received an expired out of sequence packet ,57269,57284
72.8677,Received an expired out of sequence packet ,57270,57284
72.8677,Received an expired out of sequence packet ,57271,57284
72.8677,Received an expired out of sequence packet ,57272,57284
72.8708,Received an expired out of sequence packet ,57273,57284
72.8938,Received an expired out of sequence packet ,57274,57284
72.9235,Received an expired out of sequence packet ,57275,57284
72.9285,Received an expired out of sequence packet ,57276,57284
72.9326,Received an expired out of sequence packet ,57277,57284
72.9356,Received an expired out of sequence packet ,57278,57284
72.9377,Received an expired out of sequence packet ,57279,57284
72.9538,Received an expired out of sequence packet ,57280,57284
72.9579,Received an expired out of sequence packet ,57281,57284
72.9579,Received an expired out of sequence packet ,57282,57284
72.9954,Received an expired out of sequence packet ,57283,57284
109.39,Timeout
109.39,clearing sending list because of timeout
109.908,Received an expired out of sequence packet ,73142,73179
109.908,Received an expired out of sequence packet ,73143,73179
109.922,Received an expired out of sequence packet ,73144,73179
109.922,Received an expired out of sequence packet ,73145,73179
109.925,Received an expired out of sequence packet ,73146,73179
109.925,Received an expired out of sequence packet ,73147,73179
109.925,Received an expired out of sequence packet ,73148,73179
109.925,Received an expired out of sequence packet ,73149,73179
109.925,Received an expired out of sequence packet ,73150,73179
109.927,Received an expired out of sequence packet ,73151,73179
109.928,Received an expired out of sequence packet ,73152,73179
109.928,Received an expired out of sequence packet ,73153,73179
109.928,Received an expired out of sequence packet ,73154,73179
109.931,Received an expired out of sequence packet ,73155,73179
109.931,Received an expired out of sequence packet ,73156,73179
109.931,Received an expired out of sequence packet ,73157,73179
109.931,Received an expired out of sequence packet ,73158,73179
109.931,Received an expired out of sequence packet ,73159,73179
109.934,Received an expired out of sequence packet ,73160,73179
109.938,Received an expired out of sequence packet ,73161,73179
109.938,Received an expired out of sequence packet ,73162,73179
109.938,Received an expired out of sequence packet ,73163,73179
109.943,Received an expired out of sequence packet ,73164,73179
109.946,Received an expired out of sequence packet ,73165,73179
109.946,Received an expired out of sequence packet ,73166,73179
109.946,Received an expired out of sequence packet ,73167,73179
109.948,Received an expired out of sequence packet ,73168,73179
109.95,Received an expired out of sequence packet ,73169,73179
109.95,Received an expired out of sequence packet ,73170,73179
109.953,Received an expired out of sequence packet ,73171,73179
109.953,Received an expired out of sequence packet ,73172,73179
109.953,Received an expired out of sequence packet ,73173,73179
109.955,Received an expired out of sequence packet ,73174,73179
109.957,Received an expired out of sequence packet ,73175,73179
109.957,Received an expired out of sequence packet ,73176,73179
109.96,Received an expired out of sequence packet ,73177,73179
109.96,Received an expired out of sequence packet ,73178,73179
121.46,Timeout
121.46,clearing sending list because of timeout
121.796,Received an expired out of sequence packet ,79213,79426
121.796,Received an expired out of sequence packet ,79214,79426
121.796,Received an expired out of sequence packet ,79215,79426
121.796,Received an expired out of sequence packet ,79216,79426
121.796,Received an expired out of sequence packet ,79217,79426
121.796,Received an expired out of sequence packet ,79218,79426
121.796,Received an expired out of sequence packet ,79219,79426
121.796,Received an expired out of sequence packet ,79220,79426
121.796,Received an expired out of sequence packet ,79221,79426
121.797,Received an expired out of sequence packet ,79222,79426
121.797,Received an expired out of sequence packet ,79223,79426
121.844,Received an expired out of sequence packet ,79224,79426
121.848,Received an expired out of sequence packet ,79225,79426
121.848,Received an expired out of sequence packet ,79226,79426
121.848,Received an expired out of sequence packet ,79227,79426
121.848,Received an expired out of sequence packet ,79228,79426
121.848,Received an expired out of sequence packet ,79229,79426
121.853,Received an expired out of sequence packet ,79230,79426
121.853,Received an expired out of sequence packet ,79231,79426
121.853,Received an expired out of sequence packet ,79232,79426
121.853,Received an expired out of sequence packet ,79233,79426
121.853,Received an expired out of sequence packet ,79234,79426
121.853,Received an expired out of sequence packet ,79235,79426
121.853,Received an expired out of sequence packet ,79236,79426
121.853,Received an expired out of sequence packet ,79237,79426
121.853,Received an expired out of sequence packet ,79238,79426
121.853,Received an expired out of sequence packet ,79239,79426
121.853,Received an expired out of sequence packet ,79240,79426
121.853,Received an expired out of sequence packet ,79241,79426
121.853,Received an expired out of sequence packet ,79242,79426
121.853,Received an expired out of sequence packet ,79243,79426
121.853,Received an expired out of sequence packet ,79244,79426
121.853,Received an expired out of sequence packet ,79245,79426
121.884,Received an expired out of sequence packet ,79246,79426
121.887,Received an expired out of sequence packet ,79247,79426
121.891,Received an expired out of sequence packet ,79248,79426
121.895,Received an expired out of sequence packet ,79249,79426
121.895,Received an expired out of sequence packet ,79250,79426
121.895,Received an expired out of sequence packet ,79251,79426
121.895,Received an expired out of sequence packet ,79252,79426
121.895,Received an expired out of sequence packet ,79253,79426
121.895,Received an expired out of sequence packet ,79254,79426
121.895,Received an expired out of sequence packet ,79255,79426
121.903,Received an expired out of sequence packet ,79256,79426
121.903,Received an expired out of sequence packet ,79257,79426
121.903,Received an expired out of sequence packet ,79258,79426
121.903,Received an expired out of sequence packet ,79259,79426
121.903,Received an expired out of sequence packet ,79260,79426
121.903,Received an expired out of sequence packet ,79261,79426
121.903,Received an expired out of sequence packet ,79262,79426
121.903,Received an expired out of sequence packet ,79263,79426
121.905,Received an expired out of sequence packet ,79264,79426
121.92,Received an expired out of sequence packet ,79265,79426
121.92,Received an expired out of sequence packet ,79266,79426
121.92,Received an expired out of sequence packet ,79267,79426
121.92,Received an expired out of sequence packet ,79268,79426
121.92,Received an expired out of sequence packet ,79269,79426
121.92,Received an expired out of sequence packet ,79270,79426
121.92,Received an expired out of sequence packet ,79271,79426
121.92,Received an expired out of sequence packet ,79272,79426
121.92,Received an expired out of sequence packet ,79273,79426
121.92,Received an expired out of sequence packet ,79274,79426
121.92,Received an expired out of sequence packet ,79275,79426
121.92,Received an expired out of sequence packet ,79276,79426
121.92,Received an expired out of sequence packet ,79277,79426
121.92,Received an expired out of sequence packet ,79278,79426
121.92,Received an expired out of sequence packet ,79279,79426
121.92,Received an expired out of sequence packet ,79280,79426
121.92,Received an expired out of sequence packet ,79281,79426
121.92,Received an expired out of sequence packet ,79282,79426
121.92,Received an expired out of sequence packet ,79283,79426
121.92,Received an expired out of sequence packet ,79284,79426
121.92,Received an expired out of sequence packet ,79285,79426
121.92,Received an expired out of sequence packet ,79286,79426
121.92,Received an expired out of sequence packet ,79287,79426
121.92,Received an expired out of sequence packet ,79288,79426
121.929,Received an expired out of sequence packet ,79289,79426
121.929,Received an expired out of sequence packet ,79290,79426
121.929,Received an expired out of sequence packet ,79291,79426
121.929,Received an expired out of sequence packet ,79292,79426
121.931,Received an expired out of sequence packet ,79293,79426
121.931,Received an expired out of sequence packet ,79294,79426
121.931,Received an expired out of sequence packet ,79295,79426
121.937,Received an expired out of sequence packet ,79296,79426
121.937,Received an expired out of sequence packet ,79297,79426
121.937,Received an expired out of sequence packet ,79298,79426
121.937,Received an expired out of sequence packet ,79299,79426
121.937,Received an expired out of sequence packet ,79300,79426
121.937,Received an expired out of sequence packet ,79301,79426
121.937,Received an expired out of sequence packet ,79302,79426
121.937,Received an expired out of sequence packet ,79303,79426
121.937,Received an expired out of sequence packet ,79304,79426
121.937,Received an expired out of sequence packet ,79305,79426
121.937,Received an expired out of sequence packet ,79306,79426
121.937,Received an expired out of sequence packet ,79307,79426
121.937,Received an expired out of sequence packet ,79308,79426
121.943,Received an expired out of sequence packet ,79309,79426
121.943,Received an expired out of sequence packet ,79310,79426
121.943,Received an expired out of sequence packet ,79311,79426
121.943,Received an expired out of sequence packet ,79312,79426
121.943,Received an expired out of sequence packet ,79313,79426
121.943,Received an expired out of sequence packet ,79314,79426
121.943,Received an expired out of sequence packet ,79315,79426
121.943,Received an expired out of sequence packet ,79316,79426
121.943,Received an expired out of sequence packet ,79317,79426
121.943,Received an expired out of sequence packet ,79318,79426
121.943,Received an expired out of sequence packet ,79319,79426
121.943,Received an expired out of sequence packet ,79320,79426
121.943,Received an expired out of sequence packet ,79321,79426
121.943,Received an expired out of sequence packet ,79322,79426
121.943,Received an expired out of sequence packet ,79323,79426
121.943,Received an expired out of sequence packet ,79324,79426
121.943,Received an expired out of sequence packet ,79325,79426
121.946,Received an expired out of sequence packet ,79326,79426
121.946,Received an expired out of sequence packet ,79327,79426
121.946,Received an expired out of sequence packet ,79328,79426
121.946,Received an expired out of sequence packet ,79329,79426
121.948,Received an expired out of sequence packet ,79330,79426
121.948,Received an expired out of sequence packet ,79331,79426
121.948,Received an expired out of sequence packet ,79332,79426
121.948,Received an expired out of sequence packet ,79333,79426
121.948,Received an expired out of sequence packet ,79334,79426
121.952,Received an expired out of sequence packet ,79335,79426
121.952,Received an expired out of sequence packet ,79336,79426
121.952,Received an expired out of sequence packet ,79337,79426
121.952,Received an expired out of sequence packet ,79338,79426
121.953,Received an expired out of sequence packet ,79339,79426
121.953,Received an expired out of sequence packet ,79340,79426
121.953,Received an expired out of sequence packet ,79341,79426
121.953,Received an expired out of sequence packet ,79342,79426
121.953,Received an expired out of sequence packet ,79343,79426
121.953,Received an expired out of sequence packet ,79344,79426
121.953,Received an expired out of sequence packet ,79345,79426
121.953,Received an expired out of sequence packet ,79346,79426
121.953,Received an expired out of sequence packet ,79347,79426
121.953,Received an expired out of sequence packet ,79348,79426
121.959,Received an expired out of sequence packet ,79349,79426
121.959,Received an expired out of sequence packet ,79350,79426
121.959,Received an expired out of sequence packet ,79351,79426
121.959,Received an expired out of sequence packet ,79352,79426
121.959,Received an expired out of sequence packet ,79353,79426
121.959,Received an expired out of sequence packet ,79354,79426
121.959,Received an expired out of sequence packet ,79355,79426
121.959,Received an expired out of sequence packet ,79356,79426
121.959,Received an expired out of sequence packet ,79357,79426
121.959,Received an expired out of sequence packet ,79358,79426
121.959,Received an expired out of sequence packet ,79359,79426
121.959,Received an expired out of sequence packet ,79360,79426
121.959,Received an expired out of sequence packet ,79361,79426
121.959,Received an expired out of sequence packet ,79362,79426
121.967,Received an expired out of sequence packet ,79363,79426
121.968,Received an expired out of sequence packet ,79364,79426
121.968,Received an expired out of sequence packet ,79365,79426
121.968,Received an expired out of sequence packet ,79366,79426
121.968,Received an expired out of sequence packet ,79367,79426
121.968,Received an expired out of sequence packet ,79368,79426
121.968,Received an expired out of sequence packet ,79369,79426
121.968,Received an expired out of sequence packet ,79370,79426
121.968,Received an expired out of sequence packet ,79371,79426
121.968,Received an expired out of sequence packet ,79372,79426
121.968,Received an expired out of sequence packet ,79373,79426
121.968,Received an expired out of sequence packet ,79374,79426
121.968,Received an expired out of sequence packet ,79375,79426
121.968,Received an expired out of sequence packet ,79376,79426
121.968,Received an expired out of sequence packet ,79377,79426
121.971,Received an expired out of sequence packet ,79378,79426
121.971,Received an expired out of sequence packet ,79379,79426
121.976,Received an expired out of sequence packet ,79380,79426
121.976,Received an expired out of sequence packet ,79381,79426
121.976,Received an expired out of sequence packet ,79382,79426
121.976,Received an expired out of sequence packet ,79383,79426
121.976,Received an expired out of sequence packet ,79384,79426
121.976,Received an expired out of sequence packet ,79385,79426
121.982,Received an expired out of sequence packet ,79386,79426
121.982,Received an expired out of sequence packet ,79387,79426
121.982,Received an expired out of sequence packet ,79388,79426
121.984,Received an expired out of sequence packet ,79389,79426
121.984,Received an expired out of sequence packet ,79390,79426
121.984,Received an expired out of sequence packet ,79391,79426
121.984,Received an expired out of sequence packet ,79392,79426
121.984,Received an expired out of sequence packet ,79393,79426
121.985,Received an expired out of sequence packet ,79394,79426
121.985,Received an expired out of sequence packet ,79395,79426
121.985,Received an expired out of sequence packet ,79396,79426
121.985,Received an expired out of sequence packet ,79397,79426
121.985,Received an expired out of sequence packet ,79398,79426
121.985,Received an expired out of sequence packet ,79399,79426
121.985,Received an expired out of sequence packet ,79400,79426
121.985,Received an expired out of sequence packet ,79401,79426
121.985,Received an expired out of sequence packet ,79402,79426
121.985,Received an expired out of sequence packet ,79403,79426
121.985,Received an expired out of sequence packet ,79404,79426
121.985,Received an expired out of sequence packet ,79405,79426
121.985,Received an expired out of sequence packet ,79406,79426
121.992,Received an expired out of sequence packet ,79407,79426
121.992,Received an expired out of sequence packet ,79408,79426
121.992,Received an expired out of sequence packet ,79409,79426
121.992,Received an expired out of sequence packet ,79410