1.28129,Exit slow start,exceeding SS_EXIT_THRESHOLD
21.9024,Timeout
21.9024,clearing sending list because of timeout
22.053,Received an expired out of sequence packet ,11359,11361
22.0551,Received an expired out of sequence packet ,11360,11361
37.3225,Restart,can't map delay on delay curve
38.8424,Exit slow start,exceeding SS_EXIT_THRESHOLD
58.5586,Timeout
58.5586,clearing sending list because of timeout
58.5668,Received an expired out of sequence packet ,12365,12756
59.5668,Timeout
59.5669,clearing sending list because of timeout
59.5813,Received an expired out of sequence packet ,12366,12764
59.963,Received an expired out of sequence packet ,12367,12764
59.9661,Received an expired out of sequence packet ,12368,12764
59.9661,Received an expired out of sequence packet ,12369,12764
59.9661,Received an expired out of sequence packet ,12370,12764
59.9661,Received an expired out of sequence packet ,12371,12764
59.9662,Received an expired out of sequence packet ,12372,12764
59.9662,Received an expired out of sequence packet ,12373,12764
59.9672,Received an expired out of sequence packet ,12374,12764
59.9804,Received an expired out of sequence packet ,12375,12764
59.9804,Received an expired out of sequence packet ,12376,12764
59.9804,Received an expired out of sequence packet ,12377,12764
59.9805,Received an expired out of sequence packet ,12378,12764
59.9805,Received an expired out of sequence packet ,12379,12764
59.9917,Received an expired out of sequence packet ,12380,12764
59.9917,Received an expired out of sequence packet ,12381,12764
59.9947,Received an expired out of sequence packet ,12382,12764
59.9947,Received an expired out of sequence packet ,12383,12764
59.9948,Received an expired out of sequence packet ,12384,12764
59.9948,Received an expired out of sequence packet ,12385,12764
59.9948,Received an expired out of sequence packet ,12386,12764
59.9948,Received an expired out of sequence packet ,12387,12764
60.0108,Received an expired out of sequence packet ,12388,12764
60.0108,Received an expired out of sequence packet ,12389,12764
60.0108,Received an expired out of sequence packet ,12390,12764
60.0108,Received an expired out of sequence packet ,12391,12764
60.0108,Received an expired out of sequence packet ,12392,12764
60.0149,Received an expired out of sequence packet ,12393,12764
60.017,Received an expired out of sequence packet ,12394,12764
60.019,Received an expired out of sequence packet ,12395,12764
60.0191,Received an expired out of sequence packet ,12396,12764
60.0191,Received an expired out of sequence packet ,12397,12764
60.0201,Received an expired out of sequence packet ,12398,12764
60.0201,Received an expired out of sequence packet ,12399,12764
60.0201,Received an expired out of sequence packet ,12400,12764
60.0242,Received an expired out of sequence packet ,12401,12764
60.0242,Received an expired out of sequence packet ,12402,12764
60.0242,Received an expired out of sequence packet ,12403,12764
60.0242,Received an expired out of sequence packet ,12404,12764
60.0243,Received an expired out of sequence packet ,12405,12764
60.0243,Received an expired out of sequence packet ,12406,12764
60.0243,Received an expired out of sequence packet ,12407,12764
60.0243,Received an expired out of sequence packet ,12408,12764
60.0243,Received an expired out of sequence packet ,12409,12764
60.0243,Received an expired out of sequence packet ,12410,12764
60.0244,Received an expired out of sequence packet ,12411,12764
60.0244,Received an expired out of sequence packet ,12412,12764
60.0244,Received an expired out of sequence packet ,12413,12764
60.0253,Received an expired out of sequence packet ,12414,12764
60.0253,Received an expired out of sequence packet ,12415,12764
60.082,Received an expired out of sequence packet ,12416,12764
60.082,Received an expired out of sequence packet ,12417,12764
60.082,Received an expired out of sequence packet ,12418,12764
60.3067,Received an expired out of sequence packet ,12419,12764
60.3068,Received an expired out of sequence packet ,12420,12764
60.3556,Received an expired out of sequence packet ,12421,12764
60.3597,Received an expired out of sequence packet ,12422,12764
60.3597,Received an expired out of sequence packet ,12423,12764
60.3598,Received an expired out of sequence packet ,12424,12764
60.3598,Received an expired out of sequence packet ,12425,12764
60.3598,Received an expired out of sequence packet ,12426,12764
60.3618,Received an expired out of sequence packet ,12427,12764
60.3618,Received an expired out of sequence packet ,12428,12764
60.3619,Received an expired out of sequence packet ,12429,12764
60.3619,Received an expired out of sequence packet ,12430,12764
60.3619,Received an expired out of sequence packet ,12431,12764
60.3619,Received an expired out of sequence packet ,12432,12764
60.3619,Received an expired out of sequence packet ,12433,12764
60.3619,Received an expired out of sequence packet ,12434,12764
60.362,Received an expired out of sequence packet ,12435,12764
60.362,Received an expired out of sequence packet ,12436,12764
60.362,Received an expired out of sequence packet ,12437,12764
60.362,Received an expired out of sequence packet ,12438,12764
60.362,Received an expired out of sequence packet ,12439,12764
60.362,Received an expired out of sequence packet ,12440,12764
60.3621,Received an expired out of sequence packet ,12441,12764
60.364,Received an expired out of sequence packet ,12442,12764
60.364,Received an expired out of sequence packet ,12443,12764
60.3681,Received an expired out of sequence packet ,12444,12764
60.3681,Received an expired out of sequence packet ,12445,12764
60.3681,Received an expired out of sequence packet ,12446,12764
60.3681,Received an expired out of sequence packet ,12447,12764
60.3681,Received an expired out of sequence packet ,12448,12764
60.3681,Received an expired out of sequence packet ,12449,12764
60.3682,Received an expired out of sequence packet ,12450,12764
60.3682,Received an expired out of sequence packet ,12451,12764
60.3682,Received an expired out of sequence packet ,12452,12764
60.3682,Received an expired out of sequence packet ,12453,12764
60.3682,Received an expired out of sequence packet ,12454,12764
60.3682,Received an expired out of sequence packet ,12455,12764
60.3683,Received an expired out of sequence packet ,12456,12764
60.3683,Received an expired out of sequence packet ,12457,12764
60.3683,Received an expired out of sequence packet ,12458,12764
60.3683,Received an expired out of sequence packet ,12459,12764
60.3683,Received an expired out of sequence packet ,12460,12764
60.3683,Received an expired out of sequence packet ,12461,12764
60.3684,Received an expired out of sequence packet ,12462,12764
60.3684,Received an expired out of sequence packet ,12463,12764
60.3684,Received an expired out of sequence packet ,12464,12764
60.3684,Received an expired out of sequence packet ,12465,12764
60.3684,Received an expired out of sequence packet ,12466,12764
60.3684,Received an expired out of sequence packet ,12467,12764
60.3685,Received an expired out of sequence packet ,12468,12764
60.3693,Received an expired out of sequence packet ,12469,12764
60.3693,Received an expired out of sequence packet ,12470,12764
60.3693,Received an expired out of sequence packet ,12471,12764
60.3693,Received an expired out of sequence packet ,12472,12764
60.3694,Received an expired out of sequence packet ,12473,12764
60.3694,Received an expired out of sequence packet ,12474,12764
60.3694,Received an expired out of sequence packet ,12475,12764
60.3694,Received an expired out of sequence packet ,12476,12764
60.3694,Received an expired out of sequence packet ,12477,12764
60.3694,Received an expired out of sequence packet ,12478,12764
60.3695,Received an expired out of sequence packet ,12479,12764
60.3695,Received an expired out of sequence packet ,12480,12764
60.3695,Received an expired out of sequence packet ,12481,12764
60.3695,Received an expired out of sequence packet ,12482,12764
60.3695,Received an expired out of sequence packet ,12483,12764
60.3695,Received an expired out of sequence packet ,12484,12764
60.3695,Received an expired out of sequence packet ,12485,12764
60.3696,Received an expired out of sequence packet ,12486,12764
60.3696,Received an expired out of sequence packet ,12487,12764
60.3696,Received an expired out of sequence packet ,12488,12764
60.3705,Received an expired out of sequence packet ,12489,12764
60.3745,Received an expired out of sequence packet ,12490,12764
60.3745,Received an expired out of sequence packet ,12491,12764
60.3745,Received an expired out of sequence packet ,12492,12764
60.3746,Received an expired out of sequence packet ,12493,12764
60.3746,Received an expired out of sequence packet ,12494,12764
60.3746,Received an expired out of sequence packet ,12495,12764
60.3746,Received an expired out of sequence packet ,12496,12764
60.3747,Received an expired out of sequence packet ,12497,12764
60.3747,Received an expired out of sequence packet ,12498,12764
60.3747,Received an expired out of sequence packet ,12499,12764
60.3747,Received an expired out of sequence packet ,12500,12764
60.3747,Received an expired out of sequence packet ,12501,12764
60.6092,Received an expired out of sequence packet ,12502,12764
60.6092,Received an expired out of sequence packet ,12503,12764
60.6092,Received an expired out of sequence packet ,12504,12764
60.6133,Received an expired out of sequence packet ,12505,12764
60.6213,Received an expired out of sequence packet ,12506,12764
60.6244,Received an expired out of sequence packet ,12507,12764
60.6244,Received an expired out of sequence packet ,12508,12764
60.6244,Received an expired out of sequence packet ,12509,12764
60.6244,Received an expired out of sequence packet ,12510,12764
60.6245,Received an expired out of sequence packet ,12511,12764
60.6245,Received an expired out of sequence packet ,12512,12764
60.6273,Received an expired out of sequence packet ,12513,12764
60.6273,Received an expired out of sequence packet ,12514,12764
60.6273,Received an expired out of sequence packet ,12515,12764
60.6274,Received an expired out of sequence packet ,12516,12764
60.6274,Received an expired out of sequence packet ,12517,12764
60.6274,Received an expired out of sequence packet ,12518,12764
60.6274,Received an expired out of sequence packet ,12519,12764
60.6274,Received an expired out of sequence packet ,12520,12764
60.6274,Received an expired out of sequence packet ,12521,12764
60.6274,Received an expired out of sequence packet ,12522,12764
60.6274,Received an expired out of sequence packet ,12523,12764
60.6274,Received an expired out of sequence packet ,12524,12764
60.6285,Received an expired out of sequence packet ,12525,12764
60.6285,Received an expired out of sequence packet ,12526,12764
60.6285,Received an expired out of sequence packet ,12527,12764
60.6285,Received an expired out of sequence packet ,12528,12764
60.6285,Received an expired out of sequence packet ,12529,12764
60.6285,Received an expired out of sequence packet ,12530,12764
60.6285,Received an expired out of sequence packet ,12531,12764
60.6285,Received an expired out of sequence packet ,12532,12764
60.6324,Received an expired out of sequence packet ,12533,12764
60.6324,Received an expired out of sequence packet ,12534,12764
60.6324,Received an expired out of sequence packet ,12535,12764
60.6356,Received an expired out of sequence packet ,12536,12764
60.6356,Received an expired out of sequence packet ,12537,12764
60.6356,Received an expired out of sequence packet ,12538,12764
60.6367,Received an expired out of sequence packet ,12539,12764
60.6388,Received an expired out of sequence packet ,12540,12764
60.6388,Received an expired out of sequence packet ,12541,12764
60.6388,Received an expired out of sequence packet ,12542,12764
60.6389,Received an expired out of sequence packet ,12543,12764
60.6389,Received an expired out of sequence packet ,12544,12764
60.6389,Received an expired out of sequence packet ,12545,12764
60.6389,Received an expired out of sequence packet ,12546,12764
60.6389,Received an expired out of sequence packet ,12547,12764
60.6389,Received an expired out of sequence packet ,12548,12764
60.6389,Received an expired out of sequence packet ,12549,12764
60.6389,Received an expired out of sequence packet ,12550,12764
60.6389,Received an expired out of sequence packet ,12551,12764
60.639,Received an expired out of sequence packet ,12552,12764
60.639,Received an expired out of sequence packet ,12553,12764
60.639,Received an expired out of sequence packet ,12554,12764
60.639,Received an expired out of sequence packet ,12555,12764
60.639,Received an expired out of sequence packet ,12556,12764
60.639,Received an expired out of sequence packet ,12557,12764
60.639,Received an expired out of sequence packet ,12558,12764
60.639,Received an expired out of sequence packet ,12559,12764
60.639,Received an expired out of sequence packet ,12560,12764
60.639,Received an expired out of sequence packet ,12561,12764
60.639,Received an expired out of sequence packet ,12562,12764
60.6391,Received an expired out of sequence packet ,12563,12764
60.6391,Received an expired out of sequence packet ,12564,12764
60.6391,Received an expired out of sequence packet ,12565,12764
60.6391,Received an expired out of sequence packet ,12566,12764
60.6391,Received an expired out of sequence packet ,12567,12764
60.6391,Received an expired out of sequence packet ,12568,12764
60.6391,Received an expired out of sequence packet ,12569,12764
60.6391,Received an expired out of sequence packet ,12570,12764
60.6391,Received an expired out of sequence packet ,12571,12764
60.6391,Received an expired out of sequence packet ,12572,12764
60.6392,Received an expired out of sequence packet ,12573,12764
60.6392,Received an expired out of sequence packet ,12574,12764
60.6392,Received an expired out of sequence packet ,12575,12764
60.6453,Received an expired out of sequence packet ,12576,12764
60.6453,Received an expired out of sequence packet ,12577,12764
60.6453,Received an expired out of sequence packet ,12578,12764
60.6453,Received an expired out of sequence packet ,12579,12764
60.6453,Received an expired out of sequence packet ,12580,12764
60.6453,Received an expired out of sequence packet ,12581,12764
60.6453,Received an expired out of sequence packet ,12582,12764
60.6453,Received an expired out of sequence packet ,12583,12764
60.6453,Received an expired out of sequence packet ,12584,12764
60.6453,Received an expired out of sequence packet ,12585,12764
60.6495,Received an expired out of sequence packet ,12586,12764
60.8969,Received an expired out of sequence packet ,12587,12764
60.897,Received an expired out of sequence packet ,12588,12764
60.9011,Received an expired out of sequence packet ,12589,12764
60.9129,Received an expired out of sequence packet ,12590,12764
60.9177,Received an expired out of sequence packet ,12591,12764
60.9177,Received an expired out of sequence packet ,12592,12764
60.9177,Received an expired out of sequence packet ,12593,12764
60.9177,Received an expired out of sequence packet ,12594,12764
60.9177,Received an expired out of sequence packet ,12595,12764
60.9178,Received an expired out of sequence packet ,12596,12764
60.9178,Received an expired out of sequence packet ,12597,12764
60.9189,Received an expired out of sequence packet ,12598,12764
60.9189,Received an expired out of sequence packet ,12599,12764
60.9189,Received an expired out of sequence packet ,12600,12764
60.9189,Received an expired out of sequence packet ,12601,12764
60.9189,Received an expired out of sequence packet ,12602,12764
60.9189,Received an expired out of sequence packet ,12603,12764
60.919,Received an expired out of sequence packet ,12604,12764
60.919,Received an expired out of sequence packet ,12605,12764
60.919,Received an expired out of sequence packet ,12606,12764
60.919,Received an expired out of sequence packet ,12607,12764
60.919,Received an expired out of sequence packet ,12608,12764
60.919,Received an expired out of sequence packet ,12609,12764
60.919,Received an expired out of sequence packet ,12610,12764
60.919,Received an expired out of sequence packet ,12611,12764
60.919,Received an expired out of sequence packet ,12612,12764
60.919,Received an expired out of sequence packet ,12613,12764
60.919,Received an expired out of sequence packet ,12614,12764
60.9191,Received an expired out of sequence packet ,12615,12764
60.9191,Received an expired out of sequence packet ,12616,12764
60.9191,Received an expired out of sequence packet ,12617,12764
60.9191,Received an expired out of sequence packet ,12618,12764
60.9191,Received an expired out of sequence packet ,12619,12764
60.9191,Received an expired out of sequence packet ,12620,12764
60.9201,Received an expired out of sequence packet ,12621,12764
60.9202,Received an expired out of sequence packet ,12622,12764
60.9202,Received an expired out of sequence packet ,12623,12764
60.9202,Received an expired out of sequence packet ,12624,12764
60.9202,Received an expired out of sequence packet ,12625,12764
60.9202,Received an expired out of sequence packet ,12626,12764
60.9202,Received an expired out of sequence packet ,12627,12764
60.9212,Received an expired out of sequence packet ,12628,12764
60.9213,Received an expired out of sequence packet ,12629,12764
60.9213,Received an expired out of sequence packet ,12630,12764
60.9213,Received an expired out of sequence packet ,12631,12764
60.9213,Received an expired out of sequence packet ,12632,12764
60.9213,Received an expired out of sequence packet ,12633,12764
60.9213,Received an expired out of sequence packet ,12634,12764
60.9213,Received an expired out of sequence packet ,12635,12764
60.9234,Received an expired out of sequence packet ,12636,12764
60.9234,Received an expired out of sequence packet ,12637,12764
60.9234,Received an expired out of sequence packet ,12638,12764
60.9234,Received an expired out of sequence packet ,12639,12764
60.9234,Received an expired out of sequence packet ,12640,12764
60.9234,Received an expired out of sequence packet ,12641,12764
60.9234,Received an expired out of sequence packet ,12642,12764
60.9234,Received an expired out of sequence packet ,12643,12764
60.9234,Received an expired out of sequence packet ,12644,12764
60.9235,Received an expired out of sequence packet ,12645,12764
60.9235,Received an expired out of sequence packet ,12646,12764
60.9235,Received an expired out of sequence packet ,12647,12764
60.9276,Received an expired out of sequence packet ,12648,12764
60.9276,Received an expired out of sequence packet ,12649,12764
60.9276,Received an expired out of sequence packet ,12650,12764
60.9276,Received an expired out of sequence packet ,12651,12764
60.9276,Received an expired out of sequence packet ,12652,12764
60.9276,Received an expired out of sequence packet ,12653,12764
60.9276,Received an expired out of sequence packet ,12654,12764
60.9277,Received an expired out of sequence packet ,12655,12764
60.9277,Received an expired out of sequence packet ,12656,12764
60.9277,Received an expired out of sequence packet ,12657,12764
60.9277,Received an expired out of sequence packet ,12658,12764
60.9277,Received an expired out of sequence packet ,12659,12764
60.9277,Received an expired out of sequence packet ,12660,12764
60.9277,Received an expired out of sequence packet ,12661,12764
60.9277,Received an expired out of sequence packet ,12662,12764
60.9277,Received an expired out of sequence packet ,12663,12764
60.9277,Received an expired out of sequence packet ,12664,12764
60.9278,Received an expired out of sequence packet ,12665,12764
60.9278,Received an expired out of sequence packet ,12666,12764
60.9278,Received an expired out of sequence packet ,12667,12764
60.9379,Received an expired out of sequence packet ,12668,12764
60.9379,Received an expired out of sequence packet ,12669,12764
60.9379,Received an expired out of sequence packet ,12670,12764
61.1812,Received an expired out of sequence packet ,12671,12764
61.1812,Received an expired out of sequence packet ,12672,12764
61.1833,Received an expired out of sequence packet ,12673,12764
61.1833,Received an expired out of sequence packet ,12674,12764
61.1833,Received an expired out of sequence packet ,12675,12764
61.1833,Received an expired out of sequence packet ,12676,12764
61.1833,Received an expired out of sequence packet ,12677,12764
61.1925,Received an expired out of sequence packet ,12678,12764
61.1925,Received an expired out of sequence packet ,12679,12764
61.1925,Received an expired out of sequence packet ,12680,12764
61.1925,Received an expired out of sequence packet ,12681,12764
61.1925,Received an expired out of sequence packet ,12682,12764
61.1925,Received an expired out of sequence packet ,12683,12764
61.1925,Received an expired out of sequence packet ,12684,12764
61.1925,Received an expired out of sequence packet ,12685,12764
61.1925,Received an expired out of sequence packet ,12686,12764
61.1926,Received an expired out of sequence packet ,12687,12764
61.1926,Received an expired out of sequence packet ,12688,12764
61.1926,Received an expired out of sequence packet ,12689,12764
61.1926,Received an expired out of sequence packet ,12690,12764
61.1926,Received an expired out of sequence packet ,12691,12764
61.1926,Received an expired out of sequence packet ,12692,12764
61.1926,Received an expired out of sequence packet ,12693,12764
61.1957,Received an expired out of sequence packet ,12694,12764
61.1957,Received an expired out of sequence packet ,12695,12764
61.1957,Received an expired out of sequence packet ,12696,12764
61.1957,Received an expired out of sequence packet ,12697,12764
61.1958,Received an expired out of sequence packet ,12698,12764
61.1958,Received an expired out of sequence packet ,12699,12764
61.1979,Received an expired out of sequence packet ,12700,12764
61.1979,Received an expired out of sequence packet ,12701,12764
61.1979,Received an expired out of sequence packet ,12702,12764
61.1979,Received an expired out of sequence packet ,12703,12764
61.1979,Received an expired out of sequence packet ,12704,12764
61.1979,Received an expired out of sequence packet ,12705,12764
61.198,Received an expired out of sequence packet ,12706,12764
61.1991,Received an expired out of sequence packet ,12707,12764
61.1991,Received an expired out of sequence packet ,12708,12764
61.1991,Received an expired out of sequence packet ,12709,12764
61.1991,Received an expired out of sequence packet ,12710,12764
61.1991,Received an expired out of sequence packet ,12711,12764
61.1991,Received an expired out of sequence packet ,12712,12764
61.1991,Received an expired out of sequence packet ,12713,12764
61.1991,Received an expired out of sequence packet ,12714,12764
61.1991,Received an expired out of sequence packet ,12715,12764
61.1992,Received an expired out of sequence packet ,12716,12764
61.1992,Received an expired out of sequence packet ,12717,12764
61.2003,Received an expired out of sequence packet ,12718,12764
61.2003,Received an expired out of sequence packet ,12719,12764
61.2003,Received an expired out of sequence packet ,12720,12764
61.2003,Received an expired out of sequence packet ,12721,12764
61.2003,Received an expired out of sequence packet ,12722,12764
61.2003,Received an expired out of sequence packet ,12723,12764
61.2003,Received an expired out of sequence packet ,12724,12764
61.2003,Received an expired out of sequence packet ,12725,12764
61.2004,Received an expired out of sequence packet ,12726,12764
61.2004,Received an expired out of sequence packet ,12727,12764
61.2004,Received an expired out of sequence packet ,12728,12764
61.2004,Received an expired out of sequence packet ,12729,12764
61.2004,Received an expired out of sequence packet ,12730,12764
61.2004,Received an expired out of sequence packet ,12731,12764
61.2004,Received an expired out of sequence packet ,12732,12764
61.2004,Received an expired out of sequence packet ,12733,12764
61.2004,Received an expired out of sequence packet ,12734,12764
61.2004,Received an expired out of sequence packet ,12735,12764
61.2004,Received an expired out of sequence packet ,12736,12764
61.2005,Received an expired out of sequence packet ,12737,12764
61.2005,Received an expired out of sequence packet ,12738,12764
61.2211,Received an expired out of sequence packet ,12739,12764
61.2211,Received an expired out of sequence packet ,12740,12764
61.2211,Received an expired out of sequence packet ,12741,12764
61.2211,Received an expired out of sequence packet ,12742,12764
61.2211,Received an expired out of sequence packet ,12743,12764
61.2211,Received an expired out of sequence packet ,12744,12764
61.2211,Received an expired out of sequence packet ,12745,12764
61.2211,Received an expired out of sequence packet ,12746,12764
61.2211,Received an expired out of sequence packet ,12747,12764
61.2211,Received an expired out of sequence packet ,12748,12764
61.2212,Received an expired out of sequence packet ,12749,12764
61.2212,Received an expired out of sequence packet ,12750,12764
61.2212,Received an expired out of sequence packet ,12751,12764
61.2212,Received an expired out of sequence packet ,12752,12764
61.2212,Received an expired out of sequence packet ,12753,12764
61.2253,Received an expired out of sequence packet ,12754,12764
61.2253,Received an expired out of sequence packet ,12755,12764
61.2264,Received an expired out of sequence packet ,12756,12764
61.2264,Received an expired out of sequence packet ,12757,12764
61.5382,Received an expired out of sequence packet ,12758,12764
61.5434,Received an expired out of sequence packet ,12759,12764
61.5465,Received an expired out of sequence packet ,12760,12764
61.5465,Received an expired out of sequence packet ,12761,12764
61.5465,Received an expired out of sequence packet ,12762,12764
61.5465,Received an expired out of sequence packet ,12763,12764
66.5703,Timeout
66.5703,clearing sending list because of timeout
66.9204,Timeout
66.9204,clearing sending list because of timeout
67.0196,Received an expired out of sequence packet ,14255,14575
67.0196,Received an expired out of sequence packet ,14256,14575
67.0196,Received an expired out of sequence packet ,14257,14575
67.0196,Received an expired out of sequence packet ,14258,14575
67.0196,Received an expired out of sequence packet ,14259,14575
67.0197,Received an expired out of sequence packet ,14260,14575
67.0197,Received an expired out of sequence packet ,14261,14575
67.0723,Received an expired out of sequence packet ,14262,14575
67.0744,Received an expired out of sequence packet ,14263,14575
67.0744,Received an expired out of sequence packet ,14264,14575
67.0765,Received an expired out of sequence packet ,14265,14575
67.0776,Received an expired out of sequence packet ,14266,14575
67.0776,Received an expired out of sequence packet ,14267,14575
67.0776,Received an expired out of sequence packet ,14268,14575
67.0776,Received an expired out of sequence packet ,14269,14575
67.0786,Received an expired out of sequence packet ,14270,14575
67.0787,Received an expired out of sequence packet ,14271,14575
67.0804,Received an expired out of sequence packet ,14272,14575
67.0804,Received an expired out of sequence packet ,14273,14575
67.0804,Received an expired out of sequence packet ,14274,14575
67.0804,Received an expired out of sequence packet ,14275,14575
67.0804,Received an expired out of sequence packet ,14276,14575
67.0804,Received an expired out of sequence packet ,14277,14575
67.0805,Received an expired out of sequence packet ,14278,14575
67.0999,Received an expired out of sequence packet ,14279,14575
67.1064,Received an expired out of sequence packet ,14280,14575
67.1064,Received an expired out of sequence packet ,14281,14575
67.1108,Received an expired out of sequence packet ,14282,14575
67.1164,Received an expired out of sequence packet ,14283,14575
67.1215,Received an expired out of sequence packet ,14284,14575
67.1236,Received an expired out of sequence packet ,14285,14575
67.1236,Received an expired out of sequence packet ,14286,14575
67.1236,Received an expired out of sequence packet ,14287,14575
67.1236,Received an expired out of sequence packet ,14288,14575
67.1277,Received an expired out of sequence packet ,14289,14575
67.1277,Received an expired out of sequence packet ,14290,14575
67.1277,Received an expired out of sequence packet ,14291,14575
67.1277,Received an expired out of sequence packet ,14292,14575
67.1277,Received an expired out of sequence packet ,14293,14575
67.1277,Received an expired out of sequence packet ,14294,14575
67.1288,Received an expired out of sequence packet ,14295,14575
67.1329,Received an expired out of sequence packet ,14296,14575
67.1329,Received an expired out of sequence packet ,14297,14575
67.1329,Received an expired out of sequence packet ,14298,14575
67.1329,Received an expired out of sequence packet ,14299,14575
67.1329,Received an expired out of sequence packet ,14300,14575
67.133,Received an expired out of sequence packet ,14301,14575
67.133,Received an expired out of sequence packet ,14302,14575
67.133,Received an expired out of sequence packet ,14303,14575
67.133,Received an expired out of sequence packet ,14304,14575
67.133,Received an expired out of sequence packet ,14305,14575
67.133,Received an expired out of sequence packet ,14306,14575
67.1331,Received an expired out of sequence packet ,14307,14575
67.1331,Received an expired out of sequence packet ,14308,14575
67.135,Received an expired out of sequence packet ,14309,14575
67.135,Received an expired out of sequence packet ,14310,14575
67.135,Received an expired out of sequence packet ,14311,14575
67.1351,Received an expired out of sequence packet ,14312,14575
67.1351,Received an expired out of sequence packet ,14313,14575
67.1401,Received an expired out of sequence packet ,14314,14575
67.1492,Received an expired out of sequence packet ,14315,14575
67.1492,Received an expired out of sequence packet ,14316,14575
67.1502,Received an expired out of sequence packet ,14317,14575
67.1503,Received an expired out of sequence packet ,14318,14575
67.1534,Received an expired out of sequence packet ,14319,14575
67.1684,Received an expired out of sequence packet ,14320,14575
67.1684,Received an expired out of sequence packet ,14321,14575
67.1684,Received an expired out of sequence packet ,14322,14575
67.1718,Received an expired out of sequence packet ,14323,14575
67.1718,Received an expired out of sequence packet ,14324,14575
67.1719,Received an expired out of sequence packet ,14325,14575
67.1751,Received an expired out of sequence packet ,14326,14575
67.1751,Received an expired out of sequence packet ,14327,14575
67.1751,Received an expired out of sequence packet ,14328,14575
67.1782,Received an expired out of sequence packet ,14329,14575
67.1783,Received an expired out of sequence packet ,14330,14575
67.1783,Received an expired out of sequence packet ,14331,14575
67.1803,Received an expired out of sequence packet ,14332,14575
67.1814,Received an expired out of sequence packet ,14333,14575
67.1815,Received an expired out of sequence packet ,14334,14575
67.1815,Received an expired out of sequence packet ,14335,14575
67.1815,Received an expired out of sequence packet ,14336,14575
67.1815,Received an expired out of sequence packet ,14337,14575
67.1856,Received an expired out of sequence packet ,14338,14575
67.1856,Received an expired out of sequence packet ,14339,14575
67.1856,Received an expired out of sequence packet ,14340,14575
67.1856,Received an expired out of sequence packet ,14341,14575
67.1887,Received an expired out of sequence packet ,14342,14575
67.1887,Received an expired out of sequence packet ,14343,14575
67.1887,Received an expired out of sequence packet ,14344,14575
67.1887,Received an expired out of sequence packet ,14345,14575
67.1898,Received an expired out of sequence packet ,14346,14575
67.1898,Received an expired out of sequence packet ,14347,14575
67.1898,Received an expired out of sequence packet ,14348,14575
67.1898,Received an expired out of sequence packet ,14349,14575
67.1898,Received an expired out of sequence packet ,14350,14575
67.1914,Received an expired out of sequence packet ,14351,14575
67.1914,Received an expired out of sequence packet ,14352,14575
67.1915,Received an expired out of sequence packet ,14353,14575
67.1915,Received an expired out of sequence packet ,14354,14575
67.1915,Received an expired out of sequence packet ,14355,14575
67.1996,Received an expired out of sequence packet ,14356,14575
67.1996,Received an expired out of sequence packet ,14357,14575
67.1996,Received an expired out of sequence packet ,14358,14575
67.2111,Received an expired out of sequence packet ,14359,14575
67.2112,Received an expired out of sequence packet ,14360,14575
67.2112,Received an expired out of sequence packet ,14361,14575
67.2113,Received an expired out of sequence packet ,14362,14575
67.2113,Received an expired out of sequence packet ,14363,14575
67.2113,Received an expired out of sequence packet ,14364,14575
67.2113,Received an expired out of sequence packet ,14365,14575
67.2113,Received an expired out of sequence packet ,14366,14575
67.2114,Received an expired out of sequence packet ,14367,14575
67.2114,Received an expired out of sequence packet ,14368,14575
67.2114,Received an expired out of sequence packet ,14369,14575
67.2114,Received an expired out of sequence packet ,14370,14575
67.2114,Received an expired out of sequence packet ,14371,14575
67.2114,Received an expired out of sequence packet ,14372,14575
67.2204,Received an expired out of sequence packet ,14373,14575
67.2205,Received an expired out of sequence packet ,14374,14575
67.2205,Received an expired out of sequence packet ,14375,14575
67.2205,Received an expired out of sequence packet ,14376,14575
67.2205,Received an expired out of sequence packet ,14377,14575
67.2225,Received an expired out of sequence packet ,14378,14575
67.2237,Received an expired out of sequence packet ,14379,14575
67.2268,Received an expired out of sequence packet ,14380,14575
67.2289,Received an expired out of sequence packet ,14381,14575
67.2319,Received an expired out of sequence packet ,14382,14575
67.2319,Received an expired out of sequence packet ,14383,14575
67.2319,Received an expired out of sequence packet ,14384,14575
67.232,Received an expired out of sequence packet ,14385,14575
67.232,Received an expired out of sequence packet ,14386,14575
67.232,Received an expired out of sequence packet ,14387,14575
67.232,Received an expired out of sequence packet ,14388,14575
67.232,Received an expired out of sequence packet ,14389,14575
67.2494,Received an expired out of sequence packet ,14390,14575
67.2495,Received an expired out of sequence packet ,14391,14575
67.2495,Received an expired out of sequence packet ,14392,14575
67.2495,Received an expired out of sequence packet ,14393,14575
67.2495,Received an expired out of sequence packet ,14394,14575
67.2495,Received an expired out of sequence packet ,14395,14575
67.2495,Received an expired out of sequence packet ,14396,14575
67.2496,Received an expired out of sequence packet ,14397,14575
67.2496,Received an expired out of sequence packet ,14398,14575
67.2496,Received an expired out of sequence packet ,14399,14575
67.2496,Received an expired out of sequence packet ,14400,14575
67.2506,Received an expired out of sequence packet ,14401,14575
67.2506,Received an expired out of sequence packet ,14402,14575
67.2506,Received an expired out of sequence packet ,14403,14575
67.2506,Received an expired out of sequence packet ,14404,14575
67.2506,Received an expired out of sequence packet ,14405,14575
67.2507,Received an expired out of sequence packet ,14406,14575
67.2566,Received an expired out of sequence packet ,14407,14575
67.2566,Received an expired out of sequence packet ,14408,14575
67.2577,Received an expired out of sequence packet ,14409,14575
67.2577,Received an expired out of sequence packet ,14410,14575
67.2577,Received an expired out of sequence packet ,14411,14575
67.2578,Received an expired out of sequence packet ,14412,14575
67.2578,Received an expired out of sequence packet ,14413,14575
67.2578,Received an expired out of sequence packet ,14414,14575
67.2578,Received an expired out of sequence packet ,14415,14575
67.2611,Received an expired out of sequence packet ,14416,14575
67.2611,Received an expired out of sequence packet ,14417,14575
67.2611,Received an expired out of sequence packet ,14418,14575
67.2612,Received an expired out of sequence packet ,14419,14575
67.2612,Received an expired out of sequence packet ,14420,14575
67.2612,Received an expired out of sequence packet ,14421,14575
67.2612,Received an expired out of sequence packet ,14422,14575
67.2613,Received an expired out of sequence packet ,14423,14575
67.2613,Received an expired out of sequence packet ,14424,14575
67.2613,Received an expired out of sequence packet ,14425,14575
67.2744,Received an expired out of sequence packet ,14426,14575
67.2744,Received an expired out of sequence packet ,14427,14575
67.2744,Received an expired out of sequence packet ,14428,14575
67.2753,Received an expired out of sequence packet ,14429,14575
67.2753,Received an expired out of sequence packet ,14430,14575
67.2764,Received an expired out of sequence packet ,14431,14575
67.2765,Received an expired out of sequence packet ,14432,14575
67.2765,Received an expired out of sequence packet ,14433,14575
67.2777,Received an expired out of sequence packet ,14434,14575
67.2777,Received an expired out of sequence packet ,14435,14575
67.2777,Received an expired out of sequence packet ,14436,14575
67.2789,Received an expired out of sequence packet ,14437,14575
67.2789,Received an expired out of sequence packet ,14438,14575
67.279,Received an expired out of sequence packet ,14439,14575
67.2811,Received an expired out of sequence packet ,14440,14575
67.2811,Received an expired out of sequence packet ,14441,14575
67.2811,Received an expired out of sequence packet ,14442,14575
67.2811,Received an expired out of sequence packet ,14443,14575
67.2811,Received an expired out of sequence packet ,14444,14575
67.2811,Received an expired out of sequence packet ,14445,14575
67.2812,Received an expired out of sequence packet ,14446,14575
67.2822,Received an expired out of sequence packet ,14447,14575
67.2822,Received an expired out of sequence packet ,14448,14575
67.2822,Received an expired out of sequence packet ,14449,14575
67.2822,Received an expired out of sequence packet ,14450,14575
67.2822,Received an expired out of sequence packet ,14451,14575
67.284,Received an expired out of sequence packet ,14452,14575
67.284,Received an expired out of sequence packet ,14453,14575
67.284,Received an expired out of sequence packet ,14454,14575
67.284,Received an expired out of sequence packet ,14455,14575
67.2841,Received an expired out of sequence packet ,14456,14575
67.2852,Received an expired out of sequence packet ,14457,14575
67.2852,Received an expired out of sequence packet ,14458,14575
67.2853,Received an expired out of sequence packet ,14459,14575
67.2853,Received an expired out of sequence packet ,14460,14575
67.2853,Received an expired out of sequence packet ,14461,14575
67.2853,Received an expired out of sequence packet ,14462,14575
67.2853,Received an expired out of sequence packet ,14463,14575
67.2864,Received an expired out of sequence packet ,14464,14575
67.2864,Received an expired out of sequence packet ,14465,14575
67.2864,Received an expired out of sequence packet ,14466,14575
67.2864,Received an expired out of sequence packet ,14467,14575
67.2874,Received an expired out of sequence packet ,14468,14575
67.2875,Received an expired out of sequence packet ,14469,14575
67.2875,Received an expired out of sequence packet ,14470,14575
67.2875,Received an expired out of sequence packet ,14471,14575
67.2923,Received an expired out of sequence packet ,14472,14575
67.2924,Received an expired out of sequence packet ,14473,14575
67.2957,Received an expired out of sequence packet ,14474,14575
67.2958,Received an expired out of sequence packet ,14475,14575
67.2958,Received an expired out of sequence packet ,14476,14575
67.2958,Received an expired out of sequence packet ,14477,14575
67.2958,Received an expired out of sequence packet ,14478,14575
67.2969,Received an expired out of sequence packet ,14479,14575
67.297,Received an expired out of sequence packet ,14480,14575
67.297,Received an expired out of sequence packet ,14481,14575
67.298,Received an expired out of sequence packet ,14482,14575
67.298,Received an expired out of sequence packet ,14483,14575
67.2981,Received an expired out of sequence packet ,14484,14575
67.2981,Received an expired out of sequence packet ,14485,14575
67.2981,Received an expired out of sequence packet ,14486,14575
67.2981,Received an expired out of sequence packet ,14487,14575
67.2981,Received an expired out of sequence packet ,14488,14575
67.2982,Received an expired out of sequence packet ,14489,14575
67.2982,Received an expired out of sequence packet ,14490,14575
67.2982,Received an expired out of sequence packet ,14491,14575
67.2982,Received an expired out of sequence packet ,14492,14575
67.3029,Received an expired out of sequence packet ,14493,14575
67.305,Received an expired out of sequence packet ,14494,14575
67.305,Received an expired out of sequence packet ,14495,14575
67.305,Received an expired out of sequence packet ,14496,14575
67.3051,Received an expired out of sequence packet ,14497,14575
67.3051,Received an expired out of sequence packet ,14498,14575
67.3051,Received an expired out of sequence packet ,14499,14575
67.3051,Received an expired out of sequence packet ,14500,14575
67.3051,Received an expired out of sequence packet ,14501,14575
67.3051,Received an expired out of sequence packet ,14502,14575
67.3052,Received an expired out of sequence packet ,14503,14575
67.3103,Received an expired out of sequence packet ,14504,14575
67.3103,Received an expired out of sequence packet ,14505,14575
67.3143,Received an expired out of sequence packet ,14506,14575
67.3144,Received an expired out of sequence packet ,14507,14575
67.3144,Received an expired out of sequence packet ,14508,14575
67.3144,Received an expired out of sequence packet ,14509,14575
67.3144,Received an expired out of sequence packet ,14510,14575
67.3144,Received an expired out of sequence packet ,14511,14575
67.3144,Received an expired out of sequence packet ,14512,14575
67.3145,Received an expired out of sequence packet ,14513,14575
67.3145,Received an expired out of sequence packet ,14514,14575
67.3145,Received an expired out of sequence packet ,14515,14575
67.3145,Received an expired out of sequence packet ,14516,14575
67.3145,Received an expired out of sequence packet ,14517,14575
67.3145,Received an expired out of sequence packet ,14518,14575
67.3145,Received an expired out of sequence packet ,14519,14575
67.3146,Received an expired out of sequence packet ,14520,14575
67.3146,Received an expired out of sequence packet ,14521,14575
67.3146,Received an expired out of sequence packet ,14522,14575
67.3146,Received an expired out of sequence packet ,14523,14575
67.3146,Received an expired out of sequence packet ,14524,14575
67.3155,Received an expired out of sequence packet ,14525,14575
67.3155,Received an expired out of sequence packet ,14526,14575
67.3156,Received an expired out of sequence packet ,14527,14575
67.3196,Received an expired out of sequence packet ,14528,14575
67.3196,Received an expired out of sequence packet ,14529,14575
67.3255,Received an expired out of sequence packet ,14530,14575
67.3256,Received an expired out of sequence packet ,14531,14575
67.3256,Received an expired out of sequence packet ,14532,14575
67.3289,Received an expired out of sequence packet ,14533,14575
67.3289,Received an expired out of sequence packet ,14534,14575
67.329,Received an expired out of sequence packet ,14535,14575
67.3322,Received an expired out of sequence packet ,14536,14575
67.3451,Received an expired out of sequence packet ,14537,14575
67.3451,Received an expired out of sequence packet ,14538,14575
67.3451,Received an expired out of sequence packet ,14539,14575
67.3451,Received an expired out of sequence packet ,14540,14575
67.3452,Received an expired out of sequence packet ,14541,14575
67.3452,Received an expired out of sequence packet ,14542,14575
67.3452,Received an expired out of sequence packet ,14543,14575
67.3452,Received an expired out of sequence packet ,14544,14575
67.3452,Received an expired out of sequence packet ,14545,14575
67.3453,Received an expired out of sequence packet ,14546,14575
67.3462,Received an expired out of sequence packet ,14547,14575
67.3462,Received an expired out of sequence packet ,14548,14575
67.3462,Received an expired out of sequence packet ,14549,14575
67.3473,Received an expired out of sequence packet ,14550,14575
67.3473,Received an expired out of sequence packet ,14551,14575
67.3473,Received an expired out of sequence packet ,14552,14575
67.3473,Received an expired out of sequence packet ,14553,14575
67.3494,Received an expired out of sequence packet ,14554,14575
67.3521,Received an expired out of sequence packet ,14555,14575
67.3521,Received an expired out of sequence packet ,14556,14575
67.3521,Received an expired out of sequence packet ,14557,14575
67.3521,Received an expired out of sequence packet ,14558,14575
67.3522,Received an expired out of sequence packet ,14559,14575
67.3522,Received an expired out of sequence packet ,14560,14575
67.3522,Received an expired out of sequence packet ,14561,14575
67.3522,Received an expired out of sequence packet ,14562,14575
67.3522,Received an expired out of sequence packet ,14563,14575
67.3552,Received an expired out of sequence packet ,14564,14575
67.3563,Received an expired out of sequence packet ,14565,14575
67.3563,Received an expired out of sequence packet ,14566,14575
67.3564,Received an expired out of sequence packet ,14567,14575
67.3564,Received an expired out of sequence packet ,14568,14575
67.3564,Received an expired out of sequence packet ,14569,14575
67.3574,Received an expired out of sequence packet ,14570,14575
67.3574,Received an expired out of sequence packet ,14571,14575
67.3574,Received an expired out of sequence packet ,14572,14575
67.3574,Received an expired out of sequence packet ,14573,14575
67.3575,Received an expired out of sequence packet ,14574,14575
120.728,Timeout
120.728,clearing sending list because of timeout
120.903,Received an expired out of sequence packet ,54594,55079
120.903,Received an expired out of sequence packet ,54595,55079
120.903,Received an expired out of sequence packet ,54596,55079
120.903,Received an expired out of sequence packet ,54597,55079
120.903,Received an expired out of sequence packet ,54598,55079
120.903,Received an expired out of sequence packet ,54599,55079
120.903,Received an expired out of sequence packet ,54600,55079
120.903,Received an expired out of sequence packet ,54601,55079
120.903,Received an expired out of sequence packet ,54602,55079
120.903,Received an expired out of sequence packet ,54603,55079
120.903,Received an expired out of sequence packet ,54604,55079
120.903,Received an expired out of sequence packet ,54605,55079
120.903,Received an expired out of sequence packet ,54606,55079
120.903,Received an expired out of sequence packet ,54607,55079
120.903,Received an expired out of sequence packet ,54608,55079
120.903,Received an expired out of sequence packet ,54609,55079
121.903,Timeout
121.903,clearing sending list because of timeout
121.904,Received an expired out of sequence packet ,54610,55081
122.903,Received an expired out of sequence packet ,54611,55081
123.903,Timeout
123.903,clearing sending list because of timeout
123.916,Received an expired out of sequence packet ,54612,55083
124.903,Received an expired out of sequence packet ,54613,55083
124.973,Received an expired out of sequence packet ,54614,55083
124.988,Received an expired out of sequence packet ,54615,55083
124.989,Received an expired out of sequence packet ,54616,55083
124.989,Received an expired out of sequence packet ,54617,55083
125.003,Received an expired out of sequence packet ,54618,55083
125.011,Received an expired out of sequence packet ,54619,55083
125.014,Received an expired out of sequence packet ,54620,55083
125.018,Received an expired out of sequence packet ,54621,55083
125.023,Received an expired out of sequence packet ,54622,55083
125.026,Received an expired out of sequence packet ,54623,55083
125.032,Received an expired out of sequence packet ,54624,55083
125.042,Received an expired out of sequence packet ,54625,55083
125.057,Received an expired out of sequence packet ,54626,55083
125.057,Received an expired out of sequence packet ,54627,55083
125.057,Received an expired out of sequence packet ,54628,55083
125.06,Received an expired out of sequence packet ,54629,55083
125.06,Received an expired out of sequence packet ,54630,55083
125.06,Received an expired out of sequence packet ,54631,55083
125.06,Received an expired out of sequence packet ,54632,55083
125.064,Received an expired out of sequence packet ,54633,55083
125.067,Received an expired out of sequence packet ,54634,55083
125.072,Received an expired out of sequence packet ,54635,55083
125.081,Received an expired out of sequence packet ,54636,55083
125.087,Received an expired out of sequence packet ,54637,55083
125.094,Received an expired out of sequence packet ,54638,55083
125.097,Received an expired out of sequence packet ,54639,55083
125.111,Received an expired out of sequence packet ,54640,55083
125.112,Received an expired out of sequence packet ,54641,55083
125.112,Received an expired out of sequence packet ,54642,55083
125.129,Received an expired out of sequence packet ,54643,55083
125.13,Received an expired out of sequence packet ,54644,55083
125.137,Received an expired out of sequence packet ,54645,55083
125.139,Received an expired out of sequence packet ,54646,55083
125.142,Received an expired out of sequence packet ,54647,55083
125.142,Received an expired out of sequence packet ,54648,55083
125.145,Received an expired out of sequence packet ,54649,55083
125.151,Received an expired out of sequence packet ,54650,55083
125.156,Received an expired out of sequence packet ,54651,55083
125.162,Received an expired out of sequence packet ,54652,55083
125.167,Received an expired out of sequence packet ,54653,55083
125.172,Received an expired out of sequence packet ,54654,55083
125.18,Received an expired out of sequence packet ,54655,55083
125.188,Received an expired out of sequence packet ,54656,55083
125.193,Received an expired out of sequence packet ,54657,55083
125.2,Received an expired out of sequence packet ,54658,55083
125.209,Received an expired out of sequence packet ,54659,55083
125.209,Received an expired out of sequence packet ,54660,55083
125.211,Received an expired out of sequence packet ,54661,55083
125.224,Received an expired out of sequence packet ,54662,55083
125.226,Received an expired out of sequence packet ,54663,55083
125.226,Received an expired out of sequence packet ,54664,55083
125.232,Received an expired out of sequence packet ,54665,55083
125.239,Received an expired out of sequence packet ,54666,55083
125.241,Received an expired out of sequence packet ,54667,55083
125.248,Received an expired out of sequence packet ,54668,55083
125.251,Received an expired out of sequence packet ,54669,55083
125.258,Received an expired out of sequence packet ,54670,55083
125.273,Received an expired out of sequence packet ,54671,55083
125.275,Received an expired out of sequence packet ,54672,55083
125.275,Received an expired out of sequence packet ,54673,55083
125.279,Received an expired out of sequence packet ,54674,55083
125.283,Received an expired out of sequence packet ,54675,55083
125.288,Received an expired out of sequence packet ,54676,55083
125.297,Received an expired out of sequence packet ,54677,55083
125.3,Received an expired out of sequence packet ,54678,55083
125.3,Received an expired out of sequence packet ,54679,55083
125.322,Received an expired out of sequence packet ,54680,55083
125.323,Received an expired out of sequence packet ,54681,55083
125.323,Received an expired out of sequence packet ,54682,55083
125.323,Received an expired out of sequence packet ,54683,55083
125.327,Received an expired out of sequence packet ,54684,55083
125.337,Received an expired out of sequence packet ,54685,55083
125.341,Received an expired out of sequence packet ,54686,55083
125.342,Received an expired out of sequence packet ,54687,55083
125.348,Received an expired out of sequence packet ,54688,55083
125.355,Received an expired out of sequence packet ,54689,55083
125.361,Received an expired out of sequence packet ,54690,55083
125.364,Received an expired out of sequence packet ,54691,55083
125.366,Received an expired out of sequence packet ,54692,55083
125.371,Received an expired out of sequence packet ,54693,55083
125.38,Received an expired out of sequence packet ,54694,55083
125.387,Received an expired out of sequence packet ,54695,55083
125.402,Received an expired out of sequence packet ,54696,55083
125.402,Received an expired out of sequence packet ,54697,55083
125.402,Received an expired out of sequence packet ,54698,55083
125.404,Received an expired out of sequence packet ,54699,55083
125.404,Received an expired out of sequence packet ,54700,55083
125.407,Received an expired out of sequence packet ,54701,55083
125.417,Received an expired out of sequence packet ,54702,55083
125.419,Received an expired out of sequence packet ,54703,55083
125.423,Received an expired out of sequence packet ,54704,55083
125.441,Received an expired out of sequence packet ,54705,55083
125.444,Received an expired out of sequence packet ,54706,55083
125.444,Received an expired out of sequence packet ,54707,55083
125.444,Received an expired out of sequence packet ,54708,55083
125.447,Received an expired out of sequence packet ,54709,55083
125.467,Received an expired out of sequence packet ,54710,55083
125.48,Received an expired out of sequence packet ,54711,55083
125.48,Received an expired out of sequence packet ,54712,55083
125.487,Received an expired out of sequence packet ,54713,55083
125.487,Received an expired out of sequence packet ,54714,55083
125.489,Received an expired out of sequence packet ,54715,55083
125.489,Received an expired out of sequence packet ,54716,55083
125.491,Received an expired out of sequence packet ,54717,55083
125.498,Received an expired out of sequence packet ,54718,55083
125.51,Received an expired out of sequence packet ,54719,55083
125.51,Received an expired out of sequence packet ,54720,55083
125.511,Received an expired out of sequence packet ,54721,55083
125.519,Received an expired out of sequence packet ,54722,55083
125.523,Received an expired out of sequence packet ,54723,55083
125.526,Received an expired out of sequence packet ,54724,55083
125.532,Received an expired out of sequence packet ,54725,55083
125.534,Received an expired out of sequence packet ,54726,55083
125.541,Received an expired out of sequence packet ,54727,55083
125.552,Received an expired out of sequence packet ,54728,55083
125.556,Received an expired out of sequence packet ,54729,55083
125.561,Received an expired out of sequence packet ,54730,55083
125.565,Received an expired out of sequence packet ,54731,55083
125.566,Received an expired out of sequence packet ,54732,55083
125.577,Received an expired out of sequence packet ,54733,55083
125.586,Received an expired out of sequence packet ,54734,55083
125.586,Received an expired out of sequence packet ,54735,55083
125.6,Received an expired out of sequence packet ,54736,55083
125.617,Received an expired out of sequence packet ,54737,55083
125.617,Received an expired out of sequence packet ,54738,55083
125.618,Received an expired out of sequence packet ,54739,55083
125.62,Received an expired out of sequence packet ,54740,55083
125.62,Received an expired out of sequence packet ,54741,55083
125.62,Received an expired out of sequence packet ,54742,55083
125.64,Received an expired out of sequence packet ,54743,55083
125.642,Received an expired out of sequence packet ,54744,55083
125.642,Received an expired out of sequence packet ,54745,55083
125.642,Received an expired out of sequence packet ,54746,55083
125.647,Received an expired out of sequence packet ,54747,55083
125.65,Received an expired out of sequence packet ,54748,55083
125.657,Received an expired out of sequence packet ,54749,55083
125.66,Received an expired out of sequence packet ,54750,55083
125.666,Received an expired out of sequence packet ,54751,55083
125.669,Received an expired out of sequence packet ,54752,55083
125.673,Received an expired out of sequence packet ,54753,55083
125.679,Received an expired out of sequence packet ,54754,55083
125.687,Received an expired out of sequence packet ,54755,55083
125.694,Received an expired out of sequence packet ,54756,55083
125.696,Received an expired out of sequence packet ,54757,55083
125.702,Received an expired out of sequence packet ,54758,55083
125.708,Received an expired out of sequence packet ,54759,55083
125.709,Received an expired out of sequence packet ,54760,55083
125.719,Received an expired out of sequence packet ,54761,55083
125.727,Received an expired out of sequence packet ,54762,55083
125.727,Received an expired out of sequence packet ,54763,55083
125.729,Received an expired out of sequence packet ,54764,55083
125.729,Received an expired out of sequence packet ,54765,55083
125.752,Received an expired out of sequence packet ,54766,55083
125.755,Received an expired out of sequence packet ,54767,55083
125.76,Received an expired out of sequence packet ,54768,55083
125.761,Received an expired out of sequence packet ,54769,55083
125.765,Received an expired out of sequence packet ,54770,55083
125.765,Received an expired out of sequence packet ,54771,55083
125.768,Received an expired out of sequence packet ,54772,55083
125.785,Received an expired out of sequence packet ,54773,55083
125.789,Received an expired out of sequence packet ,54774,55083
125.789,Received an expired out of sequence packet ,54775,55083
125.792,Received an expired out of sequence packet ,54776,55083
125.801,Received an expired out of sequence packet ,54777,55083
125.804,Received an expired out of sequence packet ,54778,55083
125.809,Received an expired out of sequence packet ,54779,55083
125.825,Received an expired out of sequence packet ,54780,55083
125.832,Received an expired out of sequence packet ,54781,55083
125.832,Received an expired out of sequence packet ,54782,55083
125.84,Received an expired out of sequence packet ,54783,55083
125.843,Received an expired out of sequence packet ,54784,55083
125.843,Received an expired out of sequence packet ,54785,55083
125.853,Received an expired out of sequence packet ,54786,55083
125.857,Received an expired out of sequence packet ,54787,55083
125.857,Received an expired out of sequence packet ,54788,55083
125.857,Received an expired out of sequence packet ,54789,55083
125.862,Received an expired out of sequence packet ,54790,55083
125.869,Received an expired out of sequence packet ,54791,55083
125.872,Received an expired out of sequence packet ,54792,55083
125.875,Received an expired out of sequence packet ,54793,55083
125.878,Received an expired out of sequence packet ,54794,55083
125.89,Received an expired out of sequence packet ,54795,55083
125.903,Received an expired out of sequence packet ,54796,55083
125.906,Received an expired out of sequence packet ,54797,55083
125.907,Received an expired out of sequence packet ,54798,55083
125.91,Received an expired out of sequence packet ,54799,55083
125.91,Received an expired out of sequence packet ,54800,55083
125.92,Received an expired out of sequence packet ,54801,55083
125.921,Received an expired out of sequence packet ,54802,55083
125.927,Received an expired out of sequence packet ,54803,55083
125.93,Received an expired out of sequence packet ,54804,55083
125.953,Received an expired out of sequence packet ,54805,55083
125.955,Received an expired out of sequence packet ,54806,55083
125.96,Received an expired out of sequence packet ,54807,55083
125.961,Received an expired out of sequence packet ,54808,55083
125.961,Received an expired out of sequence packet ,54809,55083
125.965,Received an expired out of sequence packet ,54810,55083
125.967,Received an expired out of sequence packet ,54811,55083
125.984,Received an expired out of sequence packet ,54812,55083
125.988,Received an expired out of sequence packet ,54813,55083
126.009,Received an expired out of sequence packet ,54814,55083
126.017,Received an expired out of sequence packet ,54815,55083
126.017,Received an expired out of sequence packet ,54816,55083
126.017,Received an expired out of sequence packet ,54817,55083
126.017,Received an expired out of sequence packet ,54818,55083
126.018,Received an expired out of sequence packet ,54819,55083
126.018,Received an expired out of sequence packet ,54820,55083
126.024,Received an expired out of sequence packet ,54821,55083
126.026,Received an expired out of sequence packet ,54822,55083
126.029,Received an expired out of sequence packet ,54823,55083
126.033,Received an expired out of sequence packet ,54824,55083
126.041,Received an expired out of sequence packet ,54825,55083
126.044,Received an expired out of sequence packet ,54826,55083
126.046,Received an expired out of sequence packet ,54827,55083
126.057,Received an expired out of sequence packet ,54828,55083
126.062,Received an expired out of sequence packet ,54829,55083
126.083,Received an expired out of sequence packet ,54830,55083
126.084,Received an expired out of sequence packet ,54831,55083
126.084,Received an expired out of sequence packet ,54832,55083
126.084,Received an expired out of sequence packet ,54833,55083
126.087,Received an expired out of sequence packet ,54834,55083
126.087,Received an expired out of sequence packet ,54835,55083
126.088,Received an expired out of sequence packet ,54836,55083
126.099,Received an expired out of sequence packet ,54837,55083
126.1,Received an expired out of sequence packet ,54838,55083
126.103,Received an expired out of sequence packet ,54839,55083
126.105,Received an expired out of sequence packet ,54840,55083
126.122,Received an expired out of sequence packet ,54841,55083
126.127,Received an expired out of sequence packet ,54842,55083
126.127,Received an expired out of sequence packet ,54843,55083
126.129,Received an expired out of sequence packet ,54844,55083
126.132,Received an expired out of sequence packet ,54845,55083
126.14,Received an expired out of sequence packet ,54846,55083
126.161,Received an expired out of sequence packet ,54847,55083
126.169,Received an expired out of sequence packet ,54848,55083
126.169,Received an expired out of sequence packet ,54849,55083
126.183,Received an expired out of sequence packet ,54850,55083
126.184,Received an expired out of sequence packet ,54851,55083
126.19,Received an expired out of sequence packet ,54852,55083
126.19,Received an expired out of sequence packet ,54853,55083
126.193,Received an expired out of sequence packet ,54854,55083
126.203,Received an expired out of sequence packet ,54855,55083
126.211,Received an expired out of sequence packet ,54856,55083
126.211,Received an expired out of sequence packet ,54857,55083
126.214,Received an expired out of sequence packet ,54858,55083
126.214,Received an expired out of sequence packet ,54859,55083
126.214,Received an expired out of sequence packet ,54860,55083
126.217,Received an expired out of sequence packet ,54861,55083
126.224,Received an expired out of sequence packet ,54862,55083
126.227,Received an expired out of sequence packet ,54863,55083
126.23,Received an expired out of sequence packet ,54864,55083
126.236,Received an expired out of sequence packet ,54865,55083
126.243,Received an expired out of sequence packet ,54866,55083
126.25,Received an expired out of sequence packet ,54867,55083
126.271,Received an expired out of sequence packet ,54868,55083
126.271,Received an expired out of sequence packet ,54869,55083
126.273,Received an expired out of sequence packet ,54870,55083
126.274,Received an expired out of sequence packet ,54871,55083
126.275,Received an expired out of sequence packet ,54872,55083
126.275,Received an expired out of sequence packet ,54873,55083
126.281,Received an expired out of sequence packet ,54874,55083
126.284,Received an expired out of sequence packet ,54875,55083
126.288,Received an expired out of sequence packet ,54876,55083
126.292,Received an expired out of sequence packet ,54877,55083
126.3,Received an expired out of sequence packet ,54878,55083
126.304,Received an expired out of sequence packet ,54879,55083
126.318,Received an expired out of sequence packet ,54880,55083
126.322,Received an expired out of sequence packet ,54881,55083
126.331,Received an expired out of sequence packet ,54882,55083
126.337,Received an expired out of sequence packet ,54883,55083
126.344,Received an expired out of sequence packet ,54884,55083
126.359,Received an expired out of sequence packet ,54885,55083
126.359,Received an expired out of sequence packet ,54886,55083
126.36,Received an expired out of sequence packet ,54887,55083
126.362,Received an expired out of sequence packet ,54888,55083
126.373,Received an expired out of sequence packet ,54889,55083
126.378,Received an expired out of sequence packet ,54890,55083
126.379,Received an expired out of sequence packet ,54891,55083
126.379,Received an expired out of sequence packet ,54892,55083
126.379,Received an expired out of sequence packet ,54893,55083
126.382,Received an expired out of sequence packet ,54894,55083
126.399,Received an expired out of sequence packet ,54895,55083
126.409,Received an expired out of sequence packet ,54896,55083
126.409,Received an expired out of sequence packet ,54897,55083
126.411,Received an expired out of sequence packet ,54898,55083
126.416,Received an expired out of sequence packet ,54899,55083
126.422,Received an expired out of sequence packet ,54900,55083
126.427,Received an expired out of sequence packet ,54901,55083
126.427,Received an expired out of sequence packet ,54902,55083
126.431,Received an expired out of sequence packet ,54903,55083
126.436,Received an expired out of sequence packet ,54904,55083
126.442,Received an expired out of sequence packet ,54905,55083
126.442,Received an expired out of sequence packet ,54906,55083
126.449,Received an expired out of sequence packet ,54907,55083
126.452,Received an expired out of sequence packet ,54908,55083
126.458,Received an expired out of sequence packet ,54909,55083
126.461,Received an expired out of sequence packet ,54910,55083
126.465,Received an expired out of sequence packet ,54911,55083
126.472,Received an expired out of sequence packet ,54912,55083
126.475,Received an expired out of sequence packet ,54913,55083
126.48,Received an expired out of sequence packet ,54914,55083
126.482,Received an expired out of sequence packet ,54915,55083
126.503,Received an expired out of sequence packet ,54916,55083
126.508,Received an expired out of sequence packet ,54917,55083
126.511,Received an expired out of sequence packet ,54918,55083
126.514,Received an expired out of sequence packet ,54919,55083
126.519,Received an expired out of sequence packet ,54920,55083
126.522,Received an expired out of sequence packet ,54921,55083
126.522,Received an expired out of sequence packet ,54922,55083
126.527,Received an expired out of sequence packet ,54923,55083
126.533,Received an expired out of sequence packet ,54924,55083
126.54,Received an expired out of sequence packet ,54925,55083
126.542,Received an expired out of sequence packet ,54926,55083
126.547,Received an expired out of sequence packet ,54927,55083
126.563,Received an expired out of sequence packet ,54928,55083
126.568,Received an expired out of sequence packet ,54929,55083
126.568,Received an expired out of sequence packet ,54930,55083
126.568,Received an expired out of sequence packet ,54931,55083
126.576,Received an expired out of sequence packet ,54932,55083
126.582,Received an expired out of sequence packet ,54933,55083
126.586,Received an expired out of sequence packet ,54934,55083
126.592,Received an expired out of sequence packet ,54935,55083
126.597,Received an expired out of sequence packet ,54936,55083
126.609,Received an expired out of sequence packet ,54937,55083
126.62,Received an expired out of sequence packet ,54938,55083
126.624,Received an expired out of sequence packet ,54939,55083
126.624,Received an expired out of sequence packet ,54940,55083
126.631,Received an expired out of sequence packet ,54941,55083
126.633,Received an expired out of sequence packet ,54942,55083
126.637,Received an expired out of sequence packet ,54943,55083
126.641,Received an expired out of sequence packet ,54944,55083
126.641,Received an expired out of sequence packet ,54945,55083
126.644,Received an expired out of sequence packet ,54946,55083
126.649,Received an expired out of sequence packet ,54947,55083
126.651,Received an expired out of sequence packet ,54948,55083
126.658,Received an expired out of sequence packet ,54949,55083
126.672,Received an expired out of sequence packet ,54950,55083
126.672,Received an expired out of sequence packet ,54951,55083
126.673,Received an expired out of sequence packet ,54952,55083
126.679,Received an expired out of sequence packet ,54953,55083
126.689,Received an expired out of sequence packet ,54954,55083
126.691,Received an expired out of sequence packet ,54955,55083
126.695,Received an expired out of sequence packet ,54956,55083
126.699,Received an expired out of sequence packet ,54957,55083
126.7,Received an expired out of sequence packet ,54958,55083
126.705,Received an expired out of sequence packet ,54959,55083
126.71,Received an expired out of sequence packet ,54960,55083
126.72,Received an expired out of sequence packet ,54961,55083
126.741,Received an expired out of sequence packet ,54962,55083
126.741,Received an expired out of sequence packet ,54963,55083
126.744,Received an expired out of sequence packet ,54964,55083
126.744,Received an expired out of sequence packet ,54965,55083
126.744,Received an expired out of sequence packet ,54966,55083
126.759,Received an expired out of sequence packet ,54967,55083
126.761,Received an expired out of sequence packet ,54968,55083
126.763,Received an expired out of sequence packet ,54969,55083
126.763,Received an expired out of sequence packet ,54970,55083
126.768,Received an expired out of sequence packet ,54971,55083
126.77,Received an expired out of sequence packet ,54972,55083
126.774,Received an expired out of sequence packet ,54973,55083
126.778,Received an expired out of sequence packet ,54974,55083
126.781,Received an expired out of sequence packet ,54975,55083
126.786,Received an expired out of sequence packet ,54976,55083
126.79,Received an expired out of sequence packet ,54977,55083
126.799,Received an expired out of sequence packet ,54978,55083
126.8,Received an expired out of sequence packet ,54979,55083
126.806,Received an expired out of sequence packet ,54980,55083
126.82,Received an expired out of sequence packet ,54981,55083
126.823,Received an expired out of sequence packet ,54982,55083
126.823,Received an expired out of sequence packet ,54983,55083
126.826,Received an expired out of sequence packet ,54984,55083
126.831,Received an expired out of sequence packet ,54985,55083
126.841,Received an expired out of sequence packet ,54986,55083
126.844,Received an expired out of sequence packet ,54987,55083
126.844,Received an expired out of sequence packet ,54988,55083
126.847,Received an expired out of sequence packet ,54989,55083
126.853,Received an expired out of sequence packet ,54990,55083
126.856,Received an expired out of sequence packet ,54991,55083
126.863,Received an expired out of sequence packet ,54992,55083
126.865,Received an expired out of sequence packet ,54993,55083
126.881,Received an expired out of sequence packet ,54994,55083
126.884,Received an expired out of sequence packet ,54995,55083
126.884,Received an expired out of sequence packet ,54996,55083
126.889,Received an expired out of sequence packet ,54997,55083
126.903,Received an expired out of sequence packet ,54998,55083
126.91,Received an expired out of sequence packet ,54999,55083
126.91,Received an expired out of sequence packet ,55000,55083
126.91,Received an expired out of sequence packet ,55001,55083
126.912,Received an expired out of sequence packet ,55002,55083
126.92,Received an expired out of sequence packet ,55003,55083
126.939,Received an expired out of sequence packet ,55004,55083
126.939,Received an expired out of sequence packet ,55005,55083
126.951,Received an expired out of sequence packet ,55006,55083
126.951,Received an expired out of sequence packet ,55007,55083
126.951,Received an expired out of sequence packet ,55008,55083
126.951,Received an expired out of sequence packet ,55009,55083
126.951,Received an expired out of sequence packet ,55010,55083
126.952,Received an expired out of sequence packet ,55011,55083
126.959,Received an expired out of sequence packet ,55012,55083
126.964,Received an expired out of sequence packet ,55013,55083
126.976,Received an expired out of sequence packet ,55014,55083
126.981,Received an expired out of sequence packet ,55015,55083
126.981,Received an expired out of sequence packet ,55016,55083
126.99,Received an expired out of sequence packet ,55017,55083
127.002,Received an expired out of sequence packet ,55018,55083
127.004,Received an expired out of sequence packet ,55019,55083
127.005,Received an expired out of sequence packet ,55020,55083
127.005,Received an expired out of sequence packet ,55021,55083
127.014,Received an expired out of sequence packet ,55022,55083
127.018,Received an expired out of sequence packet ,55023,55083
127.032,Received an expired out of sequence packet ,55024,55083
127.032,Received an expired out of sequence packet ,55025,55083
127.032,Received an expired out of sequence packet ,55026,55083
127.035,Received an expired out of sequence packet ,55027,55083
127.04,Received an expired out of sequence packet ,55028,55083
127.045,Received an expired out of sequence packet ,55029,55083
127.054,Received an expired out of sequence packet ,55030,55083
127.06,Received an expired out of sequence packet ,55031,55083
127.061,Received an expired out of sequence packet ,55032,55083
127.071,Received an expired out of sequence packet ,55033,55083
127.072,Received an expired out of sequence packet ,55034,55083
127.081,Received an expired out of sequence packet ,55035,55083
127.093,Received an expired out of sequence packet ,55036,55083
127.098,Received an expired out of sequence packet ,55037,55083
127.098,Received an expired out of sequence packet ,55038,55083
127.098,Received an expired out of sequence packet ,55039,55083
127.11,Received an expired out of sequence packet ,55040,55083
127.12,Received an expired out of sequence packet ,55041,55083
127.12,Received an expired out of sequence packet ,55042,55083
127.12,Received an expired out of sequence packet ,55043,55083
127.126,Received an expired out of sequence packet ,55044,55083
127.131,Received an expired out of sequence packet ,55045,55083
127.147,Received an expired out of sequence packet ,55046,55083
127.148,Received an expired out of sequence packet ,55047,55083
127.148,Received an expired out of sequence packet ,55048,55083
127.149,Received an expired out of sequence packet ,55049,55083
127.156,Received an expired out of sequence packet ,55050,55083
127.162,Received an expired out of sequence packet ,55051,55083
127.162,Received an expired out of sequence packet ,55052,55083
127.166,Received an expired out of sequence packet ,55053,55083
127.168,Received an expired out of sequence packet ,55054,55083
127.172,Received an expired out of sequence packet ,55055,55083
127.193,Received an expired out of sequence packet ,55056,55083
127.196,Received an expired out of sequence packet ,55057,55083
127.203,Received an expired out of sequence packet ,55058,55083
127.218,Received an expired out of sequence packet ,55059,55083
127.218,Received an expired out of sequence packet ,55060,55083
127.218,Received an expired out of sequence packet ,55061,55083
127.223,Received an expired out of sequence packet ,55062,55083
127.223,Received an expired out of sequence packet ,55063,55083
127.223,Received an expired out of sequence packet ,55064,55083
127.223,Received an expired out of sequence packet ,55065,55083
127.229,Received an expired out of sequence packet ,55066,55083
127.233,Received an expired out of sequence packet ,55067,55083
127.239,Received an expired out of sequence packet ,55068,55083
127.246,Received an expired out of sequence packet ,55069,55083
127.246,Received an expired out of sequence packet ,55070,55083
127.252,Received an expired out of sequence packet ,55071,55083
127.259,Received an expired out of sequence packet ,55072,55083
127.263,Received an expired out of sequence packet ,55073,55083
127.263,Received an expired out of sequence packet ,55074,55083
127.271,Received an expired out of sequence packet ,55075,55083
127.28,Received an expired out of sequence packet ,55076,55083
127.28,Received an expired out of sequence packet ,55077,55083
127.297,Received an expired out of sequence packet ,55078,55083
127.3,Received an expired out of sequence packet ,55079,55083
127.3,Received an expired out of sequence packet ,55080,55083
127.3,Received an expired out of sequence packet ,55081,55083
127.312,Received an expired out of sequence packet ,55082,55083
141.513,Timeout
141.513,clearing sending list because of timeout
141.526,Received an expired out of sequence packet ,62828,62917
141.526,Received an expired out of sequence packet ,62829,62917
141.591,Received an expired out of sequence packet ,62830,62917
141.591,Received an expired out of sequence packet ,62831,62917
141.591,Received an expired out of sequence packet ,62832,62917
141.591,Received an expired out of sequence packet ,62833,62917
141.593,Received an expired out of sequence packet ,62834,62917
141.594,Received an expired out of sequence packet ,62835,62917
141.597,Received an expired out of sequence packet ,62836,62917
141.597,Received an expired out of sequence packet ,62837,62917
141.597,Received an expired out of sequence packet ,62838,62917
141.597,Received an expired out of sequence packet ,62839,62917
141.6,Received an expired out of sequence packet ,62840,62917
141.6,Received an expired out of sequence packet ,62841,62917
141.6,Received an expired out of sequence packet ,62842,62917
141.6,Received an expired out of sequence packet ,62843,62917
141.6,Received an expired out of sequence packet ,62844,62917
141.6,Received an expired out of sequence packet ,62845,62917
141.6,Received an expired out of sequence packet ,62846,62917
141.606,Received an expired out of sequence packet ,62847,62917
141.606,Received an expired out of sequence packet ,62848,62917
141.607,Received an expired out of sequence packet ,62849,62917
141.607,Received an expired out of sequence packet ,62850,62917
141.607,Received an expired out of sequence packet ,62851,62917
141.704,Received an expired out of sequence packet ,62852,62917
141.704,Received an expired out of sequence packet ,62853,62917
141.704,Received an expired out of sequence packet ,62854,62917
141.704,Received an expired out of sequence packet ,62855,62917
141.712,Received an expired out of sequence packet ,62856,62917
141.715,Received an expired out of sequence packet ,62857,62917
141.722,Received an expired out of sequence packet ,62858,62917
141.722,Received an expired out of sequence packet ,62859,62917
141.722,Received an expired out of sequence packet ,62860,62917
141.725,Received an expired out of sequence packet ,62861,62917
141.725,Received an expired out of sequence packet ,62862,62917
141.728,Received an expired out of sequence packet ,62863,62917
141.728,Received an expired out of sequence packet ,62864,62917
141.732,Received an expired out of sequence packet ,62865,62917
141.732,Received an expired out of sequence packet ,62866,62917
141.732,Received an expired out of sequence packet ,62867,62917
141.732,Received an expired out of sequence packet ,62868,62917
141.732,Received an expired out of sequence packet ,62869,62917
141.732,Received an expired out of sequence packet ,62870,62917
141.735,Received an expired out of sequence packet ,62871,62917
141.735,Received an expired out of sequence packet ,62872,62917
141.739,Received an expired out of sequence packet ,62873,62917
141.739,Received an expired out of sequence packet ,62874,62917
141.739,Received an expired out of sequence packet ,62875,62917
141.741,Received an expired out of sequence packet ,62876,62917
141.741,Received an expired out of sequence packet ,62877,62917
141.741,Received an expired out of sequence packet ,62878,62917
141.741,Received an expired out of sequence packet ,62879,62917
141.741,Received an expired out of sequence packet ,62880,62917
141.745,Received an expired out of sequence packet ,62881,62917
141.745,Received an expired out of sequence packet ,62882,62917
141.745,Received an expired out of sequence packet ,62883,62917
141.752,Received an expired out of sequence packet ,62884,62917
141.753,Received an expired out of sequence packet ,62885,62917
141.753,Received an expired out of sequence packet ,62886,62917
141.753,Received an expired out of sequence packet ,62887,62917
141.755,Received an expired out of sequence packet ,62888,62917
141.755,Received an expired out of sequence packet ,62889,62917
141.755,Received an expired out of sequence packet ,62890,62917
141.755,Received an expired out of sequence packet ,62891,62917
141.755,Received an expired out of sequence packet ,62892,62917
141.759,Received an expired out of sequence packet ,62893,62917
141.759,Received an expired out of sequence packet ,62894,62917
141.759,Received an expired out of sequence packet ,62895,62917
141.759,Received an expired out of sequence packet ,62896,62917
141.759,Received an expired out of sequence packet ,62897,62917
141.762,Received an expired out of sequence packet ,62898,62917
141.766,Received an expired out of sequence packet ,62899,62917
141.766,Received an expired out of sequence packet ,62900,62917
141.767,Received an expired out of sequence packet ,62901,62917
141.767,Received an expired out of sequence packet ,62902,62917
141.767,Received an expired out of sequence packet ,62903,62917
141.804,Received an expired out of sequence packet ,62904,62917
141.807,Received an expired out of sequence packet ,62905,62917
141.81,Received an expired out of sequence packet ,62906,62917
141.813,Received an expired out of sequence packet ,62907,62917
141.816,Received an expired out of sequence packet ,62908,62917
141.816,Received an expired out of sequence packet ,62909,62917
141.82,Received an expired out of sequence packet ,62910,62917
141.82,Received an expired out of sequence packet ,62911,62917
141.821,Received an expired out of sequence packet ,62912,62917
141.823,Received an expired out of sequence packet ,62913,62917
141.823,Received an expired out of sequence packet ,62914,62917
141.823,Received an expired out of sequence packet ,62915,62917
141.823,Received an expired out of sequence packet ,62916,62917
164.802,Timeout
164.802,clearing sending list because of timeout
164.81,Received an expired out of sequence packet ,80269,80270
176.906,Timeout
176.906,clearing sending list because of timeout
176.922,Received an expired out of sequence packet ,90920,90921
179.755,Timeout
179.755,clearing sending list because of timeout
179.778,Received an expired out of sequence packet ,91415,91416
244.331,Timeout
244.331,clearing sending list because of timeout
244.371,Received an expired out of sequence packet ,127678,127783
244.371,Received an expired out of sequence packet ,127679,127783
244.492,Received an expired out of sequence packet ,127680,127783
244.496,Received an expired out of sequence packet ,127681,127783
244.496,Received an expired out of sequence packet ,127682,127783
244.499,Received an expired out of sequence packet ,127683,127783
244.499,Received an expired out of sequence packet ,127684,127783
244.503,Received an expired out of sequence packet ,127685,127783
244.503,Received an expired out of sequence packet ,127686,127783
244.505,Received an expired out of sequence packet ,127687,127783
244.505,Received an expired out of sequence packet ,127688,127783
244.508,Received an expired out of sequence packet ,127689,127783
244.512,Received an expired out of sequence packet ,127690,127783
244.512,Received an expired out of sequence packet ,127691,127783
244.512,Received an expired out of sequence packet ,127692,127783
244.513,Received an expired out of sequence packet ,127693,127783
244.513,Received an expired out of sequence packet ,127694,127783
244.513,Received an expired out of sequence packet ,127695,127783
244.55,Received an expired out of sequence packet ,127696,127783
244.55,Received an expired out of sequence packet ,127697,127783
244.56,Received an expired out of sequence packet ,127698,127783
244.56,Received an expired out of sequence packet ,127699,127783
244.563,Received an expired out of sequence packet ,127700,127783
244.566,Received an expired out of sequence packet ,127701,127783
244.566,Received an expired out of sequence packet ,127702,127783
244.567,Received an expired out of sequence packet ,127703,127783
244.567,Received an expired out of sequence packet ,127704,127783
244.567,Received an expired out of sequence packet ,127705,127783
244.57,Received an expired out of sequence packet ,127706,127783
244.574,Received an expired out of sequence packet ,127707,127783
244.574,Received an expired out of sequence packet ,127708,127783
244.577,Received an expired out of sequence packet ,127709,127783
244.577,Received an expired out of sequence packet ,127710,127783
244.577,Received an expired out of sequence packet ,127711,127783
244.58,Received an expired out of sequence packet ,127712,127783
244.58,Received an expired out of sequence packet ,127713,127783
244.583,Received an expired out of sequence packet ,127714,127783
244.583,Received an expired out of sequence packet ,127715,127783
244.583,Received an expired out of sequence packet ,127716,127783
244.588,Received an expired out of sequence packet ,127717,127783
244.588,Received an expired out of sequence packet ,127718,127783
244.729,Received an expired out of sequence packet ,127719,127783
244.738,Received an expired out of sequence packet ,127720,127783
244.741,Received an expired out of sequence packet ,127721,127783
244.743,Received an expired out of sequence packet ,127722,127783
244.743,Received an expired out of sequence packet ,127723,127783
244.745,Received an expired out of sequence packet ,127724,127783
244.747,Received an expired out of sequence packet ,127725,127783
244.747,Received an expired out of sequence packet ,127726,127783
244.747,Received an expired out of sequence packet ,127727,127783
244.75,Received an expired out of sequence packet ,127728,127783
244.75,Received an expired out of sequence packet ,127729,127783
244.75,Received an expired out of sequence packet ,127730,127783
244.755,Received an expired out of sequence packet ,127731,127783
244.755,Received an expired out of sequence packet ,127732,127783
244.758,Received an expired out of sequence packet ,127733,127783
244.758,Received an expired out of sequence packet ,127734,127783
244.758,Received an expired out of sequence packet ,127735,127783
244.758,Received an expired out of sequence packet ,127736,127783
244.761,Received an expired out of sequence packet ,127737,127783
244.762,Received an expired out of sequence packet ,127738,127783
244.762,Received an expired out of sequence packet ,127739,127783
244.764,Received an expired out of sequence packet ,127740,127783
244.764,Received an expired out of sequence packet ,127741,127783
244.764,Received an expired out of sequence packet ,127742,127783
244.768,Received an expired out of sequence packet ,127743,127783
244.768,Received an expired out of sequence packet ,127744,127783
244.768,Received an expired out of sequence packet ,127745,127783
244.768,Received an expired out of sequence packet ,127746,127783
244.771,Received an expired out of sequence packet ,127747,127783
244.771,Received an expired out of sequence packet ,127748,127783
244.771,Received an expired out of sequence packet ,127749,127783
244.775,Received an expired out of sequence packet ,127750,127783
244.775,Received an expired out of sequence packet ,127751,127783
244.775,Received an expired out of sequence packet ,127752,127783
244.775,Received an expired out of sequence packet ,127753,127783
244.776,Received an expired out of sequence packet ,127754,127783
244.776,Received an expired out of sequence packet ,127755,127783
244.776,Received an expired out of sequence packet ,127756,127783
244.78,Received an expired out of sequence packet ,127757,127783
244.78,Received an expired out of sequence packet ,127758,127783
244.78,Received an expired out of sequence packet ,127759,127783
244.782,Received an expired out of sequence packet ,127760,127783
244.782,Received an expired out of sequence packet ,127761,127783
244.782,Received an expired out of sequence packet ,127762,127783
244.782,Received an expired out of sequence packet ,127763,127783
244.786,Received an expired out of sequence packet ,127764,127783
244.786,Received an expired out of sequence packet ,127765,127783
244.79,Received an expired out of sequence packet ,127766,127783
244.79,Received an expired out of sequence packet ,127767,127783
244.79,Received an expired out of sequence packet ,127768,127783
244.79,Received an expired out of sequence packet ,127769,127783
244.79,Received an expired out of sequence packet ,127770,127783
244.848,Received an expired out of sequence packet ,127771,127783
244.859,Received an expired out of sequence packet ,127772,127783
244.859,Received an expired out of sequence packet ,127773,127783
244.86,Received an expired out of sequence packet ,127774,127783
244.86,Received an expired out of sequence packet ,127775,127783
244.867,Received an expired out of sequence packet ,127776,127783
244.867,Received an expired out of sequence packet ,127777,127783
244.867,Received an expired out of sequence packet ,127778,127783
244.867,Received an expired out of sequence packet ,127779,127783
244.867,Received an expired out of sequence packet ,127780,127783
244.867,Received an expired out of sequence packet ,127781,127783
244.871,Received an expired out of sequence packet ,127782,127783
284.407,Timeout
284.407,clearing sending list because of timeout
284.41,Received an expired out of sequence packet ,168541,168604
284.962,Received an expired out of sequence packet ,168542,168604
284.972,Received an expired out of sequence packet ,168543,168604
284.976,Received an expired out of sequence packet ,168544,168604
284.978,Received an expired out of sequence packet ,168545,168604
284.981,Received an expired out of sequence packet ,168546,168604
284.984,Received an expired out of sequence packet ,168547,168604
284.986,Received an expired out of sequence packet ,168548,168604
284.988,Received an expired out of sequence packet ,168549,168604
285.001,Received an expired out of sequence packet ,168550,168604
285.011,Received an expired out of sequence packet ,168551,168604
285.012,Received an expired out of sequence packet ,168552,168604
285.029,Received an expired out of sequence packet ,168553,168604
285.032,Received an expired out of sequence packet ,168554,168604
285.032,Received an expired out of sequence packet ,168555,168604
285.032,Received an expired out of sequence packet ,168556,168604
285.032,Received an expired out of sequence packet ,168557,168604
285.032,Received an expired out of sequence packet ,168558,168604
285.039,Received an expired out of sequence packet ,168559,168604
285.043,Received an expired out of sequence packet ,168560,168604
285.043,Received an expired out of sequence packet ,168561,168604
285.045,Received an expired out of sequence packet ,168562,168604
285.055,Received an expired out of sequence packet ,168563,168604
285.058,Received an expired out of sequence packet ,168564,168604
285.062,Received an expired out of sequence packet ,168565,168604
285.066,Received an expired out of sequence packet ,168566,168604
285.066,Received an expired out of sequence packet ,168567,168604
285.078,Received an expired out of sequence packet ,168568,168604
285.081,Received an expired out of sequence packet ,168569,168604
285.105,Received an expired out of sequence packet ,168570,168604
285.108,Received an expired out of sequence packet ,168571,168604
285.108,Received an expired out of sequence packet ,168572,168604
285.108,Received an expired out of sequence packet ,168573,168604
285.108,Received an expired out of sequence packet ,168574,168604
285.11,Received an expired out of sequence packet ,168575,168604
285.112,Received an expired out of sequence packet ,168576,168604
285.12,Received an expired out of sequence packet ,168577,168604
285.123,Received an expired out of sequence packet ,168578,168604
285.126,Received an expired out of sequence packet ,168579,168604
285.133,Received an expired out of sequence packet ,168580,168604
285.139,Received an expired out of sequence packet ,168581,168604
285.144,Received an expired out of sequence packet ,168582,168604
285.152,Received an expired out of sequence packet ,168583,168604
285.152,Received an expired out of sequence packet ,168584,168604
285.161,Received an expired out of sequence packet ,168585,168604
285.166,Received an expired out of sequence packet ,168586,168604
285.166,Received an expired out of sequence packet ,168587,168604
285.173,Received an expired out of sequence packet ,168588,168604
285.173,Received an expired out of sequence packet ,168589,168604
285.182,Received an expired out of sequence packet ,168590,168604
285.187,Received an expired out of sequence packet ,168591,168604
285.187,Received an expired out of sequence packet ,168592,168604
285.187,Received an expired out of sequence packet ,168593,168604
285.199,Received an expired out of sequence packet ,168594,168604
285.2,Received an expired out of sequence packet ,168595,168604
285.203,Received an expired out of sequence packet ,168596,168604
285.203,Received an expired out of sequence packet ,168597,168604
285.211,Received an expired out of sequence packet ,168598,168604
285.217,Received an expired out of sequence packet ,168599,168604
285.223,Received an expired out of sequence packet ,168600,168604
285.228,Received an expired out of sequence packet ,168601,168604
285.23,Received an expired out of sequence packet ,168602,168604
285.233,Received an expired out of sequence packet ,168603,168604
293.009,Timeout
293.009,clearing sending list because of timeout
293.452,Timeout
293.452,clearing sending list because of timeout
293.579,Received an expired out of sequence packet ,170352,170451
293.613,Received an expired out of sequence packet ,170353,170451
293.618,Received an expired out of sequence packet ,170354,170451
293.689,Received an expired out of sequence packet ,170355,170451
293.689,Received an expired out of sequence packet ,170356,170451
293.689,Received an expired out of sequence packet ,170357,170451
293.689,Received an expired out of sequence packet ,170358,170451
293.689,Received an expired out of sequence packet ,170359,170451
293.69,Received an expired out of sequence packet ,170360,170451
293.69,Received an expired out of sequence packet ,170361,170451
293.69,Received an expired out of sequence packet ,170362,170451
293.69,Received an expired out of sequence packet ,170363,170451
293.69,Received an expired out of sequence packet ,170364,170451
293.69,Received an expired out of sequence packet ,170365,170451
293.693,Received an expired out of sequence packet ,170366,170451
293.722,Received an expired out of sequence packet ,170367,170451
293.722,Received an expired out of sequence packet ,170368,170451
293.722,Received an expired out of sequence packet ,170369,170451
293.722,Received an expired out of sequence packet ,170370,170451
293.722,Received an expired out of sequence packet ,170371,170451
293.722,Received an expired out of sequence packet ,170372,170451
293.722,Received an expired out of sequence packet ,170373,170451
293.722,Received an expired out of sequence packet ,170374,170451
293.722,Received an expired out of sequence packet ,170375,170451
293.724,Received an expired out of sequence packet ,170376,170451
293.724,Received an expired out of sequence packet ,170377,170451
293.724,Received an expired out of sequence packet ,170378,170451
293.724,Received an expired out of sequence packet ,170379,170451
293.737,Received an expired out of sequence packet ,170380,170451
293.737,Received an expired out of sequence packet ,170381,170451
293.737,Received an expired out of sequence packet ,170382,170451
293.737,Received an expired out of sequence packet ,170383,170451
293.737,Received an expired out of sequence packet ,170384,170451
293.737,Received an expired out of sequence packet ,170385,170451
293.737,Received an expired out of sequence packet ,170386,170451
293.737,Received an expired out of sequence packet ,170387,170451
293.737,Received an expired out of sequence packet ,170388,170451
293.737,Received an expired out of sequence packet ,170389,170451
293.737,Received an expired out of sequence packet ,170390,170451
293.745,Received an expired out of sequence packet ,170391,170451
293.745,Received an expired out of sequence packet ,170392,170451
293.745,Received an expired out of sequence packet ,170393,170451
293.745,Received an expired out of sequence packet ,170394,170451
293.753,Received an expired out of sequence packet ,170395,170451
293.753,Received an expired out of sequence packet ,170396,170451
293.756,Received an expired out of sequence packet ,170397,170451
293.756,Received an expired out of sequence packet 