1.23202,Exit slow start,exceeding SS_EXIT_THRESHOLD
24.2582,Timeout
24.2582,clearing sending list because of timeout
24.5122,Timeout
24.5122,clearing sending list because of timeout
24.7662,Timeout
24.7663,clearing sending list because of timeout
24.8284,Received an expired out of sequence packet ,10909,10925
24.8324,Received an expired out of sequence packet ,10910,10925
24.8324,Received an expired out of sequence packet ,10911,10925
24.8324,Received an expired out of sequence packet ,10912,10925
24.8325,Received an expired out of sequence packet ,10913,10925
24.8325,Received an expired out of sequence packet ,10914,10925
24.8325,Received an expired out of sequence packet ,10915,10925
24.8325,Received an expired out of sequence packet ,10916,10925
24.8325,Received an expired out of sequence packet ,10917,10925
24.8325,Received an expired out of sequence packet ,10918,10925
24.8326,Received an expired out of sequence packet ,10919,10925
24.9758,Received an expired out of sequence packet ,10920,10925
24.9758,Received an expired out of sequence packet ,10921,10925
24.9759,Received an expired out of sequence packet ,10922,10925
24.9769,Received an expired out of sequence packet ,10923,10925
24.9769,Received an expired out of sequence packet ,10924,10925
175.589,Timeout
175.589,clearing sending list because of timeout
175.929,Received an expired out of sequence packet ,99601,99770
175.929,Received an expired out of sequence packet ,99602,99770
176.787,Received an expired out of sequence packet ,99603,99770
176.796,Received an expired out of sequence packet ,99604,99770
176.801,Received an expired out of sequence packet ,99605,99770
176.803,Received an expired out of sequence packet ,99606,99770
176.803,Received an expired out of sequence packet ,99607,99770
176.805,Received an expired out of sequence packet ,99608,99770
176.805,Received an expired out of sequence packet ,99609,99770
176.81,Received an expired out of sequence packet ,99610,99770
176.81,Received an expired out of sequence packet ,99611,99770
176.828,Received an expired out of sequence packet ,99612,99770
176.828,Received an expired out of sequence packet ,99613,99770
176.828,Received an expired out of sequence packet ,99614,99770
176.828,Received an expired out of sequence packet ,99615,99770
176.829,Received an expired out of sequence packet ,99616,99770
176.838,Received an expired out of sequence packet ,99617,99770
176.848,Received an expired out of sequence packet ,99618,99770
176.87,Received an expired out of sequence packet ,99619,99770
176.871,Received an expired out of sequence packet ,99620,99770
176.871,Received an expired out of sequence packet ,99621,99770
176.871,Received an expired out of sequence packet ,99622,99770
176.876,Received an expired out of sequence packet ,99623,99770
176.878,Received an expired out of sequence packet ,99624,99770
176.881,Received an expired out of sequence packet ,99625,99770
176.883,Received an expired out of sequence packet ,99626,99770
176.884,Received an expired out of sequence packet ,99627,99770
176.884,Received an expired out of sequence packet ,99628,99770
176.898,Received an expired out of sequence packet ,99629,99770
176.898,Received an expired out of sequence packet ,99630,99770
176.899,Received an expired out of sequence packet ,99631,99770
176.899,Received an expired out of sequence packet ,99632,99770
176.899,Received an expired out of sequence packet ,99633,99770
176.904,Received an expired out of sequence packet ,99634,99770
176.904,Received an expired out of sequence packet ,99635,99770
176.909,Received an expired out of sequence packet ,99636,99770
176.909,Received an expired out of sequence packet ,99637,99770
176.923,Received an expired out of sequence packet ,99638,99770
176.923,Received an expired out of sequence packet ,99639,99770
176.923,Received an expired out of sequence packet ,99640,99770
176.925,Received an expired out of sequence packet ,99641,99770
176.929,Received an expired out of sequence packet ,99642,99770
176.929,Received an expired out of sequence packet ,99643,99770
176.93,Received an expired out of sequence packet ,99644,99770
176.932,Received an expired out of sequence packet ,99645,99770
176.932,Received an expired out of sequence packet ,99646,99770
176.937,Received an expired out of sequence packet ,99647,99770
176.958,Received an expired out of sequence packet ,99648,99770
176.958,Received an expired out of sequence packet ,99649,99770
176.96,Received an expired out of sequence packet ,99650,99770
176.96,Received an expired out of sequence packet ,99651,99770
176.96,Received an expired out of sequence packet ,99652,99770
176.96,Received an expired out of sequence packet ,99653,99770
176.96,Received an expired out of sequence packet ,99654,99770
176.96,Received an expired out of sequence packet ,99655,99770
176.961,Received an expired out of sequence packet ,99656,99770
176.963,Received an expired out of sequence packet ,99657,99770
176.963,Received an expired out of sequence packet ,99658,99770
176.963,Received an expired out of sequence packet ,99659,99770
176.963,Received an expired out of sequence packet ,99660,99770
176.963,Received an expired out of sequence packet ,99661,99770
176.963,Received an expired out of sequence packet ,99662,99770
176.964,Received an expired out of sequence packet ,99663,99770
176.964,Received an expired out of sequence packet ,99664,99770
176.964,Received an expired out of sequence packet ,99665,99770
176.964,Received an expired out of sequence packet ,99666,99770
176.964,Received an expired out of sequence packet ,99667,99770
176.965,Received an expired out of sequence packet ,99668,99770
176.965,Received an expired out of sequence packet ,99669,99770
176.965,Received an expired out of sequence packet ,99670,99770
176.965,Received an expired out of sequence packet ,99671,99770
176.971,Received an expired out of sequence packet ,99672,99770
176.971,Received an expired out of sequence packet ,99673,99770
176.971,Received an expired out of sequence packet ,99674,99770
176.971,Received an expired out of sequence packet ,99675,99770
176.972,Received an expired out of sequence packet ,99676,99770
176.972,Received an expired out of sequence packet ,99677,99770
176.972,Received an expired out of sequence packet ,99678,99770
176.972,Received an expired out of sequence packet ,99679,99770
176.972,Received an expired out of sequence packet ,99680,99770
176.982,Received an expired out of sequence packet ,99681,99770
176.984,Received an expired out of sequence packet ,99682,99770
176.984,Received an expired out of sequence packet ,99683,99770
176.985,Received an expired out of sequence packet ,99684,99770
176.987,Received an expired out of sequence packet ,99685,99770
176.988,Received an expired out of sequence packet ,99686,99770
176.988,Received an expired out of sequence packet ,99687,99770
176.988,Received an expired out of sequence packet ,99688,99770
177.011,Received an expired out of sequence packet ,99689,99770
177.013,Received an expired out of sequence packet ,99690,99770
177.013,Received an expired out of sequence packet ,99691,99770
177.016,Received an expired out of sequence packet ,99692,99770
177.016,Received an expired out of sequence packet ,99693,99770
177.016,Received an expired out of sequence packet ,99694,99770
177.018,Received an expired out of sequence packet ,99695,99770
177.018,Received an expired out of sequence packet ,99696,99770
177.02,Received an expired out of sequence packet ,99697,99770
177.02,Received an expired out of sequence packet ,99698,99770
177.022,Received an expired out of sequence packet ,99699,99770
177.022,Received an expired out of sequence packet ,99700,99770
177.024,Received an expired out of sequence packet ,99701,99770
177.024,Received an expired out of sequence packet ,99702,99770
177.034,Received an expired out of sequence packet ,99703,99770
177.034,Received an expired out of sequence packet ,99704,99770
177.04,Received an expired out of sequence packet ,99705,99770
177.04,Received an expired out of sequence packet ,99706,99770
177.048,Received an expired out of sequence packet ,99707,99770
177.05,Received an expired out of sequence packet ,99708,99770
177.05,Received an expired out of sequence packet ,99709,99770
177.054,Received an expired out of sequence packet ,99710,99770
177.054,Received an expired out of sequence packet ,99711,99770
177.054,Received an expired out of sequence packet ,99712,99770
177.054,Received an expired out of sequence packet ,99713,99770
177.054,Received an expired out of sequence packet ,99714,99770
177.054,Received an expired out of sequence packet ,99715,99770
177.055,Received an expired out of sequence packet ,99716,99770
177.057,Received an expired out of sequence packet ,99717,99770
177.057,Received an expired out of sequence packet ,99718,99770
177.057,Received an expired out of sequence packet ,99719,99770
177.057,Received an expired out of sequence packet ,99720,99770
177.057,Received an expired out of sequence packet ,99721,99770
177.057,Received an expired out of sequence packet ,99722,99770
177.057,Received an expired out of sequence packet ,99723,99770
177.057,Received an expired out of sequence packet ,99724,99770
177.057,Received an expired out of sequence packet ,99725,99770
177.059,Received an expired out of sequence packet ,99726,99770
177.06,Received an expired out of sequence packet ,99727,99770
177.06,Received an expired out of sequence packet ,99728,99770
177.06,Received an expired out of sequence packet ,99729,99770
177.061,Received an expired out of sequence packet ,99730,99770
177.062,Received an expired out of sequence packet ,99731,99770
177.063,Received an expired out of sequence packet ,99732,99770
177.064,Received an expired out of sequence packet ,99733,99770
177.067,Received an expired out of sequence packet ,99734,99770
177.07,Received an expired out of sequence packet ,99735,99770
177.082,Received an expired out of sequence packet ,99736,99770
177.082,Received an expired out of sequence packet ,99737,99770
177.082,Received an expired out of sequence packet ,99738,99770
177.083,Received an expired out of sequence packet ,99739,99770
177.09,Received an expired out of sequence packet ,99740,99770
177.091,Received an expired out of sequence packet ,99741,99770
177.092,Received an expired out of sequence packet ,99742,99770
177.092,Received an expired out of sequence packet ,99743,99770
177.093,Received an expired out of sequence packet ,99744,99770
177.093,Received an expired out of sequence packet ,99745,99770
177.096,Received an expired out of sequence packet ,99746,99770
177.096,Received an expired out of sequence packet ,99747,99770
177.106,Received an expired out of sequence packet ,99748,99770
177.106,Received an expired out of sequence packet ,99749,99770
177.113,Received an expired out of sequence packet ,99750,99770
177.113,Received an expired out of sequence packet ,99751,99770
177.113,Received an expired out of sequence packet ,99752,99770
177.113,Received an expired out of sequence packet ,99753,99770
177.113,Received an expired out of sequence packet ,99754,99770
177.126,Received an expired out of sequence packet ,99755,99770
177.126,Received an expired out of sequence packet ,99756,99770
177.13,Received an expired out of sequence packet ,99757,99770
177.13,Received an expired out of sequence packet ,99758,99770
177.134,Received an expired out of sequence packet ,99759,99770
177.134,Received an expired out of sequence packet ,99760,99770
177.134,Received an expired out of sequence packet ,99761,99770
177.134,Received an expired out of sequence packet ,99762,99770
177.135,Received an expired out of sequence packet ,99763,99770
177.135,Received an expired out of sequence packet ,99764,99770
177.135,Received an expired out of sequence packet ,99765,99770
177.135,Received an expired out of sequence packet ,99766,99770
177.135,Received an expired out of sequence packet ,99767,99770
177.138,Received an expired out of sequence packet ,99768,99770
177.138,Received an expired out of sequence packet ,99769,99770
208.876,Timeout
208.876,clearing sending list because of timeout
209.335,Timeout
209.335,clearing sending list because of timeout
209.794,Timeout
209.794,clearing sending list because of timeout
209.931,Received an expired out of sequence packet ,112136,112216
209.946,Received an expired out of sequence packet ,112137,112216
209.946,Received an expired out of sequence packet ,112138,112216
209.95,Received an expired out of sequence packet ,112139,112216
209.95,Received an expired out of sequence packet ,112140,112216
209.95,Received an expired out of sequence packet ,112141,112216
209.95,Received an expired out of sequence packet ,112142,112216
209.95,Received an expired out of sequence packet ,112143,112216
209.951,Received an expired out of sequence packet ,112144,112216
209.952,Received an expired out of sequence packet ,112145,112216
209.952,Received an expired out of sequence packet ,112146,112216
209.952,Received an expired out of sequence packet ,112147,112216
209.954,Received an expired out of sequence packet ,112148,112216
209.954,Received an expired out of sequence packet ,112149,112216
209.954,Received an expired out of sequence packet ,112150,112216
209.954,Received an expired out of sequence packet ,112151,112216
209.954,Received an expired out of sequence packet ,112152,112216
209.954,Received an expired out of sequence packet ,112153,112216
209.957,Received an expired out of sequence packet ,112154,112216
209.958,Received an expired out of sequence packet ,112155,112216
209.962,Received an expired out of sequence packet ,112156,112216
209.962,Received an expired out of sequence packet ,112157,112216
209.966,Received an expired out of sequence packet ,112158,112216
209.967,Received an expired out of sequence packet ,112159,112216
209.967,Received an expired out of sequence packet ,112160,112216
209.971,Received an expired out of sequence packet ,112161,112216
209.973,Received an expired out of sequence packet ,112162,112216
209.975,Received an expired out of sequence packet ,112163,112216
209.975,Received an expired out of sequence packet ,112164,112216
209.98,Received an expired out of sequence packet ,112165,112216
209.982,Received an expired out of sequence packet ,112166,112216
209.982,Received an expired out of sequence packet ,112167,112216
209.982,Received an expired out of sequence packet ,112168,112216
209.982,Received an expired out of sequence packet ,112169,112216
209.982,Received an expired out of sequence packet ,112170,112216
209.982,Received an expired out of sequence packet ,112171,112216
209.983,Received an expired out of sequence packet ,112172,112216
209.983,Received an expired out of sequence packet ,112173,112216
209.983,Received an expired out of sequence packet ,112174,112216
209.996,Received an expired out of sequence packet ,112175,112216
209.998,Received an expired out of sequence packet ,112176,112216
209.998,Received an expired out of sequence packet ,112177,112216
209.998,Received an expired out of sequence packet ,112178,112216
209.999,Received an expired out of sequence packet ,112179,112216
209.999,Received an expired out of sequence packet ,112180,112216
209.999,Received an expired out of sequence packet ,112181,112216
209.999,Received an expired out of sequence packet ,112182,112216
209.999,Received an expired out of sequence packet ,112183,112216
210.015,Received an expired out of sequence packet ,112184,112216
210.015,Received an expired out of sequence packet ,112185,112216
210.016,Received an expired out of sequence packet ,112186,112216
210.017,Received an expired out of sequence packet ,112187,112216
210.017,Received an expired out of sequence packet ,112188,112216
210.017,Received an expired out of sequence packet ,112189,112216
210.017,Received an expired out of sequence packet ,112190,112216
210.018,Received an expired out of sequence packet ,112191,112216
210.018,Received an expired out of sequence packet ,112192,112216
210.018,Received an expired out of sequence packet ,112193,112216
210.019,Received an expired out of sequence packet ,112194,112216
210.02,Received an expired out of sequence packet ,112195,112216
210.022,Received an expired out of sequence packet ,112196,112216
210.023,Received an expired out of sequence packet ,112197,112216
210.026,Received an expired out of sequence packet ,112198,112216
210.028,Received an expired out of sequence packet ,112199,112216
210.028,Received an expired out of sequence packet ,112200,112216
210.032,Received an expired out of sequence packet ,112201,112216
210.033,Received an expired out of sequence packet ,112202,112216
210.033,Received an expired out of sequence packet ,112203,112216
210.034,Received an expired out of sequence packet ,112204,112216
210.036,Received an expired out of sequence packet ,112205,112216
210.039,Received an expired out of sequence packet ,112206,112216
210.039,Received an expired out of sequence packet ,112207,112216
210.04,Received an expired out of sequence packet ,112208,112216
210.043,Received an expired out of sequence packet ,112209,112216
210.044,Received an expired out of sequence packet ,112210,112216
210.047,Received an expired out of sequence packet ,112211,112216
210.048,Received an expired out of sequence packet ,112212,112216
210.055,Received an expired out of sequence packet ,112213,112216
210.056,Received an expired out of sequence packet ,112214,112216
210.056,Received an expired out of sequence packet ,112215,112216
224.422,Timeout
224.422,clearing sending list because of timeout
224.424,Received an expired out of sequence packet ,123642,123746
224.989,Received an expired out of sequence packet ,123643,123746
224.991,Received an expired out of sequence packet ,123644,123746
224.991,Received an expired out of sequence packet ,123645,123746
224.991,Received an expired out of sequence packet ,123646,123746
224.997,Received an expired out of sequence packet ,123647,123746
224.999,Received an expired out of sequence packet ,123648,123746
225.001,Received an expired out of sequence packet ,123649,123746
225.001,Received an expired out of sequence packet ,123650,123746
225.002,Received an expired out of sequence packet ,123651,123746
225.009,Received an expired out of sequence packet ,123652,123746
225.013,Received an expired out of sequence packet ,123653,123746
225.013,Received an expired out of sequence packet ,123654,123746
225.013,Received an expired out of sequence packet ,123655,123746
225.017,Received an expired out of sequence packet ,123656,123746
225.017,Received an expired out of sequence packet ,123657,123746
225.033,Received an expired out of sequence packet ,123658,123746
225.035,Received an expired out of sequence packet ,123659,123746
225.043,Received an expired out of sequence packet ,123660,123746
225.045,Received an expired out of sequence packet ,123661,123746
225.045,Received an expired out of sequence packet ,123662,123746
225.049,Received an expired out of sequence packet ,123663,123746
225.061,Received an expired out of sequence packet ,123664,123746
225.064,Received an expired out of sequence packet ,123665,123746
225.065,Received an expired out of sequence packet ,123666,123746
225.065,Received an expired out of sequence packet ,123667,123746
225.065,Received an expired out of sequence packet ,123668,123746
225.071,Received an expired out of sequence packet ,123669,123746
225.071,Received an expired out of sequence packet ,123670,123746
225.071,Received an expired out of sequence packet ,123671,123746
225.072,Received an expired out of sequence packet ,123672,123746
225.074,Received an expired out of sequence packet ,123673,123746
225.074,Received an expired out of sequence packet ,123674,123746
225.08,Received an expired out of sequence packet ,123675,123746
225.088,Received an expired out of sequence packet ,123676,123746
225.088,Received an expired out of sequence packet ,123677,123746
225.089,Received an expired out of sequence packet ,123678,123746
225.093,Received an expired out of sequence packet ,123679,123746
225.096,Received an expired out of sequence packet ,123680,123746
225.109,Received an expired out of sequence packet ,123681,123746
225.112,Received an expired out of sequence packet ,123682,123746
225.118,Received an expired out of sequence packet ,123683,123746
225.121,Received an expired out of sequence packet ,123684,123746
225.121,Received an expired out of sequence packet ,123685,123746
225.135,Received an expired out of sequence packet ,123686,123746
225.137,Received an expired out of sequence packet ,123687,123746
225.14,Received an expired out of sequence packet ,123688,123746
225.14,Received an expired out of sequence packet ,123689,123746
225.142,Received an expired out of sequence packet ,123690,123746
225.142,Received an expired out of sequence packet ,123691,123746
225.142,Received an expired out of sequence packet ,123692,123746
225.143,Received an expired out of sequence packet ,123693,123746
225.159,Received an expired out of sequence packet ,123694,123746
225.163,Received an expired out of sequence packet ,123695,123746
225.182,Received an expired out of sequence packet ,123696,123746
225.188,Received an expired out of sequence packet ,123697,123746
225.188,Received an expired out of sequence packet ,123698,123746
225.188,Received an expired out of sequence packet ,123699,123746
225.188,Received an expired out of sequence packet ,123700,123746
225.189,Received an expired out of sequence packet ,123701,123746
225.189,Received an expired out of sequence packet ,123702,123746
225.189,Received an expired out of sequence packet ,123703,123746
225.19,Received an expired out of sequence packet ,123704,123746
225.19,Received an expired out of sequence packet ,123705,123746
225.194,Received an expired out of sequence packet ,123706,123746
225.208,Received an expired out of sequence packet ,123707,123746
225.208,Received an expired out of sequence packet ,123708,123746
225.21,Received an expired out of sequence packet ,123709,123746
225.245,Received an expired out of sequence packet ,123710,123746
225.25,Received an expired out of sequence packet ,123711,123746
225.25,Received an expired out of sequence packet ,123712,123746
225.251,Received an expired out of sequence packet ,123713,123746
225.256,Received an expired out of sequence packet ,123714,123746
225.271,Received an expired out of sequence packet ,123715,123746
225.273,Received an expired out of sequence packet ,123716,123746
225.275,Received an expired out of sequence packet ,123717,123746
225.275,Received an expired out of sequence packet ,123718,123746
225.278,Received an expired out of sequence packet ,123719,123746
225.312,Received an expired out of sequence packet ,123720,123746
225.312,Received an expired out of sequence packet ,123721,123746
225.314,Received an expired out of sequence packet ,123722,123746
225.314,Received an expired out of sequence packet ,123723,123746
225.316,Received an expired out of sequence packet ,123724,123746
225.317,Received an expired out of sequence packet ,123725,123746
225.319,Received an expired out of sequence packet ,123726,123746
225.323,Received an expired out of sequence packet ,123727,123746
225.328,Received an expired out of sequence packet ,123728,123746
225.328,Received an expired out of sequence packet ,123729,123746
225.33,Received an expired out of sequence packet ,123730,123746
225.33,Received an expired out of sequence packet ,123731,123746
225.333,Received an expired out of sequence packet ,123732,123746
225.337,Received an expired out of sequence packet ,123733,123746
225.35,Received an expired out of sequence packet ,123734,123746
225.35,Received an expired out of sequence packet ,123735,123746
225.352,Received an expired out of sequence packet ,123736,123746
225.352,Received an expired out of sequence packet ,123737,123746
225.352,Received an expired out of sequence packet ,123738,123746
225.352,Received an expired out of sequence packet ,123739,123746
225.353,Received an expired out of sequence packet ,123740,123746
225.384,Received an expired out of sequence packet ,123741,123746
225.384,Received an expired out of sequence packet ,123742,123746
225.384,Received an expired out of sequence packet ,123743,123746
225.394,Received an expired out of sequence packet ,123744,123746
225.411,Received an expired out of sequence packet ,123745,123746
239.422,Timeout
239.422,clearing sending list because of timeout
239.425,Received an expired out of sequence packet 