1.18477,Exit slow start,exceeding SS_EXIT_THRESHOLD
22.2086,Restart,can't map delay on delay curve
23.592,Exit slow start,exceeding SS_EXIT_THRESHOLD
121.376,Timeout
121.376,clearing sending list because of timeout
121.376,Received an expired out of sequence packet ,65422,65570
122.365,Received an expired out of sequence packet ,65423,65570
123.365,Timeout
123.365,clearing sending list because of timeout
123.376,Received an expired out of sequence packet ,65424,65572
124.366,Received an expired out of sequence packet ,65425,65572
125.012,Received an expired out of sequence packet ,65426,65572
125.014,Received an expired out of sequence packet ,65427,65572
125.014,Received an expired out of sequence packet ,65428,65572
125.015,Received an expired out of sequence packet ,65429,65572
125.015,Received an expired out of sequence packet ,65430,65572
125.015,Received an expired out of sequence packet ,65431,65572
125.015,Received an expired out of sequence packet ,65432,65572
125.015,Received an expired out of sequence packet ,65433,65572
125.015,Received an expired out of sequence packet ,65434,65572
125.015,Received an expired out of sequence packet ,65435,65572
125.015,Received an expired out of sequence packet ,65436,65572
125.015,Received an expired out of sequence packet ,65437,65572
125.015,Received an expired out of sequence packet ,65438,65572
125.015,Received an expired out of sequence packet ,65439,65572
125.015,Received an expired out of sequence packet ,65440,65572
125.015,Received an expired out of sequence packet ,65441,65572
125.015,Received an expired out of sequence packet ,65442,65572
125.039,Received an expired out of sequence packet ,65443,65572
125.039,Received an expired out of sequence packet ,65444,65572
125.039,Received an expired out of sequence packet ,65445,65572
125.039,Received an expired out of sequence packet ,65446,65572
125.039,Received an expired out of sequence packet ,65447,65572
125.039,Received an expired out of sequence packet ,65448,65572
125.039,Received an expired out of sequence packet ,65449,65572
125.039,Received an expired out of sequence packet ,65450,65572
125.039,Received an expired out of sequence packet ,65451,65572
125.04,Received an expired out of sequence packet ,65452,65572
125.043,Received an expired out of sequence packet ,65453,65572
125.043,Received an expired out of sequence packet ,65454,65572
125.045,Received an expired out of sequence packet ,65455,65572
125.045,Received an expired out of sequence packet ,65456,65572
125.045,Received an expired out of sequence packet ,65457,65572
125.045,Received an expired out of sequence packet ,65458,65572
125.045,Received an expired out of sequence packet ,65459,65572
125.045,Received an expired out of sequence packet ,65460,65572
125.045,Received an expired out of sequence packet ,65461,65572
125.045,Received an expired out of sequence packet ,65462,65572
125.045,Received an expired out of sequence packet ,65463,65572
125.045,Received an expired out of sequence packet ,65464,65572
125.045,Received an expired out of sequence packet ,65465,65572
125.045,Received an expired out of sequence packet ,65466,65572
125.046,Received an expired out of sequence packet ,65467,65572
125.046,Received an expired out of sequence packet ,65468,65572
125.046,Received an expired out of sequence packet ,65469,65572
125.046,Received an expired out of sequence packet ,65470,65572
125.046,Received an expired out of sequence packet ,65471,65572
125.046,Received an expired out of sequence packet ,65472,65572
125.046,Received an expired out of sequence packet ,65473,65572
125.046,Received an expired out of sequence packet ,65474,65572
125.046,Received an expired out of sequence packet ,65475,65572
125.046,Received an expired out of sequence packet ,65476,65572
125.046,Received an expired out of sequence packet ,65477,65572
125.046,Received an expired out of sequence packet ,65478,65572
125.046,Received an expired out of sequence packet ,65479,65572
125.046,Received an expired out of sequence packet ,65480,65572
125.046,Received an expired out of sequence packet ,65481,65572
125.046,Received an expired out of sequence packet ,65482,65572
125.046,Received an expired out of sequence packet ,65483,65572
125.046,Received an expired out of sequence packet ,65484,65572
125.046,Received an expired out of sequence packet ,65485,65572
125.046,Received an expired out of sequence packet ,65486,65572
125.046,Received an expired out of sequence packet ,65487,65572
125.046,Received an expired out of sequence packet ,65488,65572
125.051,Received an expired out of sequence packet ,65489,65572
125.051,Received an expired out of sequence packet ,65490,65572
125.051,Received an expired out of sequence packet ,65491,65572
125.051,Received an expired out of sequence packet ,65492,65572
125.051,Received an expired out of sequence packet ,65493,65572
125.051,Received an expired out of sequence packet ,65494,65572
125.051,Received an expired out of sequence packet ,65495,65572
125.051,Received an expired out of sequence packet ,65496,65572
125.051,Received an expired out of sequence packet ,65497,65572
125.051,Received an expired out of sequence packet ,65498,65572
125.051,Received an expired out of sequence packet ,65499,65572
125.051,Received an expired out of sequence packet ,65500,65572
125.054,Received an expired out of sequence packet ,65501,65572
125.054,Received an expired out of sequence packet ,65502,65572
125.054,Received an expired out of sequence packet ,65503,65572
125.058,Received an expired out of sequence packet ,65504,65572
125.059,Received an expired out of sequence packet ,65505,65572
125.059,Received an expired out of sequence packet ,65506,65572
125.059,Received an expired out of sequence packet ,65507,65572
125.059,Received an expired out of sequence packet ,65508,65572
125.059,Received an expired out of sequence packet ,65509,65572
125.059,Received an expired out of sequence packet ,65510,65572
125.059,Received an expired out of sequence packet ,65511,65572
125.06,Received an expired out of sequence packet ,65512,65572
125.06,Received an expired out of sequence packet ,65513,65572
125.06,Received an expired out of sequence packet ,65514,65572
125.06,Received an expired out of sequence packet ,65515,65572
125.06,Received an expired out of sequence packet ,65516,65572
125.06,Received an expired out of sequence packet ,65517,65572
125.06,Received an expired out of sequence packet ,65518,65572
125.06,Received an expired out of sequence packet ,65519,65572
125.078,Received an expired out of sequence packet ,65520,65572
125.078,Received an expired out of sequence packet ,65521,65572
125.078,Received an expired out of sequence packet ,65522,65572
125.078,Received an expired out of sequence packet ,65523,65572
125.078,Received an expired out of sequence packet ,65524,65572
125.078,Received an expired out of sequence packet ,65525,65572
125.078,Received an expired out of sequence packet ,65526,65572
125.108,Received an expired out of sequence packet ,65527,65572
125.113,Received an expired out of sequence packet ,65528,65572
125.113,Received an expired out of sequence packet ,65529,65572
125.113,Received an expired out of sequence packet ,65530,65572
125.117,Received an expired out of sequence packet ,65531,65572
125.117,Received an expired out of sequence packet ,65532,65572
125.117,Received an expired out of sequence packet ,65533,65572
125.117,Received an expired out of sequence packet ,65534,65572
125.117,Received an expired out of sequence packet ,65535,65572
125.119,Received an expired out of sequence packet ,65536,65572
125.119,Received an expired out of sequence packet ,65537,65572
125.119,Received an expired out of sequence packet ,65538,65572
125.119,Received an expired out of sequence packet ,65539,65572
125.119,Received an expired out of sequence packet ,65540,65572
125.119,Received an expired out of sequence packet ,65541,65572
125.12,Received an expired out of sequence packet ,65542,65572
125.12,Received an expired out of sequence packet ,65543,65572
125.12,Received an expired out of sequence packet ,65544,65572
125.122,Received an expired out of sequence packet ,65545,65572
125.122,Received an expired out of sequence packet ,65546,65572
125.122,Received an expired out of sequence packet ,65547,65572
125.122,Received an expired out of sequence packet ,65548,65572
125.122,Received an expired out of sequence packet ,65549,65572
125.122,Received an expired out of sequence packet ,65550,65572
125.122,Received an expired out of sequence packet ,65551,65572
125.125,Received an expired out of sequence packet ,65552,65572
125.125,Received an expired out of sequence packet ,65553,65572
125.125,Received an expired out of sequence packet ,65554,65572
125.125,Received an expired out of sequence packet ,65555,65572
125.125,Received an expired out of sequence packet ,65556,65572
125.125,Received an expired out of sequence packet ,65557,65572
125.125,Received an expired out of sequence packet ,65558,65572
125.125,Received an expired out of sequence packet ,65559,65572
125.125,Received an expired out of sequence packet ,65560,65572
125.125,Received an expired out of sequence packet ,65561,65572
125.125,Received an expired out of sequence packet ,65562,65572
125.128,Received an expired out of sequence packet ,65563,65572
125.128,Received an expired out of sequence packet ,65564,65572
125.128,Received an expired out of sequence packet ,65565,65572
125.156,Received an expired out of sequence packet ,65566,65572
125.156,Received an expired out of sequence packet ,65567,65572
125.156,Received an expired out of sequence packet ,65568,65572
125.156,Received an expired out of sequence packet ,65569,65572
125.165,Received an expired out of sequence packet ,65570,65572
125.165,Received an expired out of sequence packet ,65571,65572
138.155,Missing packet expired,79687
140.108,Restart,can't map delay on delay curve
141.108,Timeout
141.108,Restart,lost first packet
141.834,Exit slow start,exceeding SS_EXIT_THRESHOLD
141.834,Restart,Alglib M<4!
143.095,Exit slow start,exceeding SS_EXIT_THRESHOLD
164.217,Restart,can't map delay on delay curve
165.411,Exit slow start,exceeding SS_EXIT_THRESHOLD
217.492,Restart,can't map delay on delay curve
219.054,Exit slow start,exceeding SS_EXIT_THRESHOLD
256.376,Timeout
256.376,clearing sending list because of timeout
256.377,Received an expired out of sequence packet ,36203,36580
257.366,Received an expired out of sequence packet ,36204,36580
258.366,Timeout
258.366,clearing sending list because of timeout
258.378,Received an expired out of sequence packet ,36205,36582
259.367,Received an expired out of sequence packet ,36206,36582
259.981,Received an expired out of sequence packet ,36207,36582
259.985,Received an expired out of sequence packet ,36208,36582
259.986,Received an expired out of sequence packet ,36209,36582
259.987,Received an expired out of sequence packet ,36210,36582
259.99,Received an expired out of sequence packet ,36211,36582
259.994,Received an expired out of sequence packet ,36212,36582
259.997,Received an expired out of sequence packet ,36213,36582
260.001,Received an expired out of sequence packet ,36214,36582
260.007,Received an expired out of sequence packet ,36215,36582
260.018,Received an expired out of sequence packet ,36216,36582
260.026,Received an expired out of sequence packet ,36217,36582
260.032,Received an expired out of sequence packet ,36218,36582
260.032,Received an expired out of sequence packet ,36219,36582
260.037,Received an expired out of sequence packet ,36220,36582
260.041,Received an expired out of sequence packet ,36221,36582
260.043,Received an expired out of sequence packet ,36222,36582
260.047,Received an expired out of sequence packet ,36223,36582
260.053,Received an expired out of sequence packet ,36224,36582
260.057,Received an expired out of sequence packet ,36225,36582
260.062,Received an expired out of sequence packet ,36226,36582
260.076,Received an expired out of sequence packet ,36227,36582
260.079,Received an expired out of sequence packet ,36228,36582
260.087,Received an expired out of sequence packet ,36229,36582
260.087,Received an expired out of sequence packet ,36230,36582
260.087,Received an expired out of sequence packet ,36231,36582
260.093,Received an expired out of sequence packet ,36232,36582
260.097,Received an expired out of sequence packet ,36233,36582
260.097,Received an expired out of sequence packet ,36234,36582
260.101,Received an expired out of sequence packet ,36235,36582
260.104,Received an expired out of sequence packet ,36236,36582
260.111,Received an expired out of sequence packet ,36237,36582
260.114,Received an expired out of sequence packet ,36238,36582
260.122,Received an expired out of sequence packet ,36239,36582
260.129,Received an expired out of sequence packet ,36240,36582
260.131,Received an expired out of sequence packet ,36241,36582
260.134,Received an expired out of sequence packet ,36242,36582
260.142,Received an expired out of sequence packet ,36243,36582
260.146,Received an expired out of sequence packet ,36244,36582
260.151,Received an expired out of sequence packet ,36245,36582
260.234,Received an expired out of sequence packet ,36246,36582
260.239,Received an expired out of sequence packet ,36247,36582
260.242,Received an expired out of sequence packet ,36248,36582
260.25,Received an expired out of sequence packet ,36249,36582
260.266,Received an expired out of sequence packet ,36250,36582
260.283,Received an expired out of sequence packet ,36251,36582
260.283,Received an expired out of sequence packet ,36252,36582
260.288,Received an expired out of sequence packet ,36253,36582
260.288,Received an expired out of sequence packet ,36254,36582
260.307,Received an expired out of sequence packet ,36255,36582
260.313,Received an expired out of sequence packet ,36256,36582
260.321,Received an expired out of sequence packet ,36257,36582
260.321,Received an expired out of sequence packet ,36258,36582
260.328,Received an expired out of sequence packet ,36259,36582
260.339,Received an expired out of sequence packet ,36260,36582
260.347,Received an expired out of sequence packet ,36261,36582
260.354,Received an expired out of sequence packet ,36262,36582
260.368,Received an expired out of sequence packet ,36263,36582
260.372,Received an expired out of sequence packet ,36264,36582
260.372,Received an expired out of sequence packet ,36265,36582
260.379,Received an expired out of sequence packet ,36266,36582
260.384,Received an expired out of sequence packet ,36267,36582
260.391,Received an expired out of sequence packet ,36268,36582
260.398,Received an expired out of sequence packet ,36269,36582
260.414,Received an expired out of sequence packet ,36270,36582
260.429,Received an expired out of sequence packet ,36271,36582
260.429,Received an expired out of sequence packet ,36272,36582
260.429,Received an expired out of sequence packet ,36273,36582
260.43,Received an expired out of sequence packet ,36274,36582
260.441,Received an expired out of sequence packet ,36275,36582
260.458,Received an expired out of sequence packet ,36276,36582
260.461,Received an expired out of sequence packet ,36277,36582
260.479,Received an expired out of sequence packet ,36278,36582
260.481,Received an expired out of sequence packet ,36279,36582
260.509,Received an expired out of sequence packet ,36280,36582
260.515,Received an expired out of sequence packet ,36281,36582
260.554,Received an expired out of sequence packet ,36282,36582
260.564,Received an expired out of sequence packet ,36283,36582
260.582,Received an expired out of sequence packet ,36284,36582
260.614,Received an expired out of sequence packet ,36285,36582
260.632,Received an expired out of sequence packet ,36286,36582
260.638,Received an expired out of sequence packet ,36287,36582
260.648,Received an expired out of sequence packet ,36288,36582
260.66,Received an expired out of sequence packet ,36289,36582
260.672,Received an expired out of sequence packet ,36290,36582
260.694,Received an expired out of sequence packet ,36291,36582
260.694,Received an expired out of sequence packet ,36292,36582
260.71,Received an expired out of sequence packet ,36293,36582
260.734,Received an expired out of sequence packet ,36294,36582
260.739,Received an expired out of sequence packet ,36295,36582
260.739,Received an expired out of sequence packet ,36296,36582
260.739,Received an expired out of sequence packet ,36297,36582
260.743,Received an expired out of sequence packet ,36298,36582
260.753,Received an expired out of sequence packet ,36299,36582
260.779,Received an expired out of sequence packet ,36300,36582
260.794,Received an expired out of sequence packet ,36301,36582
260.801,Received an expired out of sequence packet ,36302,36582
260.822,Received an expired out of sequence packet ,36303,36582
260.828,Received an expired out of sequence packet ,36304,36582
260.842,Received an expired out of sequence packet ,36305,36582
260.867,Received an expired out of sequence packet ,36306,36582
260.888,Received an expired out of sequence packet ,36307,36582
260.892,Received an expired out of sequence packet ,36308,36582
260.892,Received an expired out of sequence packet ,36309,36582
260.894,Received an expired out of sequence packet ,36310,36582
260.9,Received an expired out of sequence packet ,36311,36582
260.908,Received an expired out of sequence packet ,36312,36582
260.915,Received an expired out of sequence packet ,36313,36582
260.921,Received an expired out of sequence packet ,36314,36582
260.927,Received an expired out of sequence packet ,36315,36582
260.942,Received an expired out of sequence packet ,36316,36582
260.944,Received an expired out of sequence packet ,36317,36582
260.953,Received an expired out of sequence packet ,36318,36582
260.968,Received an expired out of sequence packet ,36319,36582
260.992,Received an expired out of sequence packet ,36320,36582
261.049,Received an expired out of sequence packet ,36321,36582
261.049,Received an expired out of sequence packet ,36322,36582
261.068,Received an expired out of sequence packet ,36323,36582
261.103,Received an expired out of sequence packet ,36324,36582
261.128,Received an expired out of sequence packet ,36325,36582
261.128,Received an expired out of sequence packet ,36326,36582
261.144,Received an expired out of sequence packet ,36327,36582
261.146,Received an expired out of sequence packet ,36328,36582
261.167,Received an expired out of sequence packet ,36329,36582
261.228,Received an expired out of sequence packet ,36330,36582
261.251,Received an expired out of sequence packet ,36331,36582
261.264,Received an expired out of sequence packet ,36332,36582
261.372,Received an expired out of sequence packet ,36333,36582
261.374,Received an expired out of sequence packet ,36334,36582
261.38,Received an expired out of sequence packet ,36335,36582
261.432,Received an expired out of sequence packet ,36336,36582
261.481,Received an expired out of sequence packet ,36337,36582
261.501,Received an expired out of sequence packet ,36338,36582
261.505,Received an expired out of sequence packet ,36339,36582
261.521,Received an expired out of sequence packet ,36340,36582
261.539,Received an expired out of sequence packet ,36341,36582
261.546,Received an expired out of sequence packet ,36342,36582
261.551,Received an expired out of sequence packet ,36343,36582
261.628,Received an expired out of sequence packet ,36344,36582
261.654,Received an expired out of sequence packet ,36345,36582
261.681,Received an expired out of sequence packet ,36346,36582
261.682,Received an expired out of sequence packet ,36347,36582
261.696,Received an expired out of sequence packet ,36348,36582
261.706,Received an expired out of sequence packet ,36349,36582
261.712,Received an expired out of sequence packet ,36350,36582
261.723,Received an expired out of sequence packet ,36351,36582
261.736,Received an expired out of sequence packet ,36352,36582
261.738,Received an expired out of sequence packet ,36353,36582
261.752,Received an expired out of sequence packet ,36354,36582
261.769,Received an expired out of sequence packet ,36355,36582
261.873,Received an expired out of sequence packet ,36356,36582
261.881,Received an expired out of sequence packet ,36357,36582
261.894,Received an expired out of sequence packet ,36358,36582
261.898,Received an expired out of sequence packet ,36359,36582
261.903,Received an expired out of sequence packet ,36360,36582
261.903,Received an expired out of sequence packet ,36361,36582
261.908,Received an expired out of sequence packet ,36362,36582
261.912,Received an expired out of sequence packet ,36363,36582
261.921,Received an expired out of sequence packet ,36364,36582
261.93,Received an expired out of sequence packet ,36365,36582
261.941,Received an expired out of sequence packet ,36366,36582
261.949,Received an expired out of sequence packet ,36367,36582
261.954,Received an expired out of sequence packet ,36368,36582
261.958,Received an expired out of sequence packet ,36369,36582
261.963,Received an expired out of sequence packet ,36370,36582
261.968,Received an expired out of sequence packet ,36371,36582
261.973,Received an expired out of sequence packet ,36372,36582
261.984,Received an expired out of sequence packet ,36373,36582
261.995,Received an expired out of sequence packet ,36374,36582
262.009,Received an expired out of sequence packet ,36375,36582
262.025,Received an expired out of sequence packet ,36376,36582
262.045,Received an expired out of sequence packet ,36377,36582
262.052,Received an expired out of sequence packet ,36378,36582
262.058,Received an expired out of sequence packet ,36379,36582
262.074,Received an expired out of sequence packet ,36380,36582
262.081,Received an expired out of sequence packet ,36381,36582
262.096,Received an expired out of sequence packet ,36382,36582
262.11,Received an expired out of sequence packet ,36383,36582
262.123,Received an expired out of sequence packet ,36384,36582
262.13,Received an expired out of sequence packet ,36385,36582
262.138,Received an expired out of sequence packet ,36386,36582
262.155,Received an expired out of sequence packet ,36387,36582
262.17,Received an expired out of sequence packet ,36388,36582
262.184,Received an expired out of sequence packet ,36389,36582
262.189,Received an expired out of sequence packet ,36390,36582
262.212,Received an expired out of sequence packet ,36391,36582
262.236,Received an expired out of sequence packet ,36392,36582
262.245,Received an expired out of sequence packet ,36393,36582
262.245,Received an expired out of sequence packet ,36394,36582
262.245,Received an expired out of sequence packet ,36395,36582
262.253,Received an expired out of sequence packet ,36396,36582
262.27,Received an expired out of sequence packet ,36397,36582
262.281,Received an expired out of sequence packet ,36398,36582
262.293,Received an expired out of sequence packet ,36399,36582
262.3,Received an expired out of sequence packet ,36400,36582
262.314,Received an expired out of sequence packet ,36401,36582
262.33,Received an expired out of sequence packet ,36402,36582
262.338,Received an expired out of sequence packet ,36403,36582
262.354,Received an expired out of sequence packet ,36404,36582
262.368,Received an expired out of sequence packet ,36405,36582
262.382,Received an expired out of sequence packet ,36406,36582
262.402,Received an expired out of sequence packet ,36407,36582
262.408,Received an expired out of sequence packet ,36408,36582
262.417,Received an expired out of sequence packet ,36409,36582
262.436,Received an expired out of sequence packet ,36410,36582
262.439,Received an expired out of sequence packet ,36411,36582
262.453,Received an expired out of sequence packet ,36412,36582
262.463,Received an expired out of sequence packet ,36413,36582
262.477,Received an expired out of sequence packet ,36414,36582
262.487,Received an expired out of sequence packet ,36415,36582
262.506,Received an expired out of sequence packet ,36416,36582
262.512,Received an expired out of sequence packet ,36417,36582
262.526,Received an expired out of sequence packet ,36418,36582
262.635,Received an expired out of sequence packet ,36419,36582
262.643,Received an expired out of sequence packet ,36420,36582
262.651,Received an expired out of sequence packet ,36421,36582
262.659,Received an expired out of sequence packet ,36422,36582
262.666,Received an expired out of sequence packet ,36423,36582
262.667,Received an expired out of sequence packet ,36424,36582
262.674,Received an expired out of sequence packet ,36425,36582
262.677,Received an expired out of sequence packet ,36426,36582
262.682,Received an expired out of sequence packet ,36427,36582
262.686,Received an expired out of sequence packet ,36428,36582
262.691,Received an expired out of sequence packet ,36429,36582
262.697,Received an expired out of sequence packet ,36430,36582
262.704,Received an expired out of sequence packet ,36431,36582
262.707,Received an expired out of sequence packet ,36432,36582
262.711,Received an expired out of sequence packet ,36433,36582
262.719,Received an expired out of sequence packet ,36434,36582
262.725,Received an expired out of sequence packet ,36435,36582
262.729,Received an expired out of sequence packet ,36436,36582
262.751,Received an expired out of sequence packet ,36437,36582
262.761,Received an expired out of sequence packet ,36438,36582
262.775,Received an expired out of sequence packet ,36439,36582
262.796,Received an expired out of sequence packet ,36440,36582
262.811,Received an expired out of sequence packet ,36441,36582
262.818,Received an expired out of sequence packet ,36442,36582
262.824,Received an expired out of sequence packet ,36443,36582
262.833,Received an expired out of sequence packet ,36444,36582
262.858,Received an expired out of sequence packet ,36445,36582
262.871,Received an expired out of sequence packet ,36446,36582
262.871,Received an expired out of sequence packet ,36447,36582
262.881,Received an expired out of sequence packet ,36448,36582
262.893,Received an expired out of sequence packet ,36449,36582
262.916,Received an expired out of sequence packet ,36450,36582
262.922,Received an expired out of sequence packet ,36451,36582
262.927,Received an expired out of sequence packet ,36452,36582
262.943,Received an expired out of sequence packet ,36453,36582
262.951,Received an expired out of sequence packet ,36454,36582
262.962,Received an expired out of sequence packet ,36455,36582
262.976,Received an expired out of sequence packet ,36456,36582
262.997,Received an expired out of sequence packet ,36457,36582
263.01,Received an expired out of sequence packet ,36458,36582
263.01,Received an expired out of sequence packet ,36459,36582
263.028,Received an expired out of sequence packet ,36460,36582
263.049,Received an expired out of sequence packet ,36461,36582
263.051,Received an expired out of sequence packet ,36462,36582
263.051,Received an expired out of sequence packet ,36463,36582
263.057,Received an expired out of sequence packet ,36464,36582
263.073,Received an expired out of sequence packet ,36465,36582
263.081,Received an expired out of sequence packet ,36466,36582
263.09,Received an expired out of sequence packet ,36467,36582
263.108,Received an expired out of sequence packet ,36468,36582
263.114,Received an expired out of sequence packet ,36469,36582
263.126,Received an expired out of sequence packet ,36470,36582
263.146,Received an expired out of sequence packet ,36471,36582
263.149,Received an expired out of sequence packet ,36472,36582
263.168,Received an expired out of sequence packet ,36473,36582
263.173,Received an expired out of sequence packet ,36474,36582
263.185,Received an expired out of sequence packet ,36475,36582
263.219,Received an expired out of sequence packet ,36476,36582
263.229,Received an expired out of sequence packet ,36477,36582
263.229,Received an expired out of sequence packet ,36478,36582
263.233,Received an expired out of sequence packet ,36479,36582
263.249,Received an expired out of sequence packet ,36480,36582
263.268,Received an expired out of sequence packet ,36481,36582
263.271,Received an expired out of sequence packet ,36482,36582
263.286,Received an expired out of sequence packet ,36483,36582
263.298,Received an expired out of sequence packet ,36484,36582
263.302,Received an expired out of sequence packet ,36485,36582
263.316,Received an expired out of sequence packet ,36486,36582
263.335,Received an expired out of sequence packet ,36487,36582
263.359,Received an expired out of sequence packet ,36488,36582
263.363,Received an expired out of sequence packet ,36489,36582
263.364,Received an expired out of sequence packet ,36490,36582
263.378,Received an expired out of sequence packet ,36491,36582
263.397,Received an expired out of sequence packet ,36492,36582
263.409,Received an expired out of sequence packet ,36493,36582
263.412,Received an expired out of sequence packet ,36494,36582
263.43,Received an expired out of sequence packet ,36495,36582
263.44,Received an expired out of sequence packet ,36496,36582
263.454,Received an expired out of sequence packet ,36497,36582
263.457,Received an expired out of sequence packet ,36498,36582
263.468,Received an expired out of sequence packet ,36499,36582
263.486,Received an expired out of sequence packet ,36500,36582
263.487,Received an expired out of sequence packet ,36501,36582
263.493,Received an expired out of sequence packet ,36502,36582
263.493,Received an expired out of sequence packet ,36503,36582
263.498,Received an expired out of sequence packet ,36504,36582
263.504,Received an expired out of sequence packet ,36505,36582
263.507,Received an expired out of sequence packet ,36506,36582
263.518,Received an expired out of sequence packet ,36507,36582
263.522,Received an expired out of sequence packet ,36508,36582
263.532,Received an expired out of sequence packet ,36509,36582
263.538,Received an expired out of sequence packet ,36510,36582
263.543,Received an expired out of sequence packet ,36511,36582
263.55,Received an expired out of sequence packet ,36512,36582
263.558,Received an expired out of sequence packet ,36513,36582
263.567,Received an expired out of sequence packet ,36514,36582
263.57,Received an expired out of sequence packet ,36515,36582
263.575,Received an expired out of sequence packet ,36516,36582
263.579,Received an expired out of sequence packet ,36517,36582
263.588,Received an expired out of sequence packet ,36518,36582
263.598,Received an expired out of sequence packet ,36519,36582
263.603,Received an expired out of sequence packet ,36520,36582
263.61,Received an expired out of sequence packet ,36521,36582
263.628,Received an expired out of sequence packet ,36522,36582
263.632,Received an expired out of sequence packet ,36523,36582
263.632,Received an expired out of sequence packet ,36524,36582
263.635,Received an expired out of sequence packet ,36525,36582
263.639,Received an expired out of sequence packet ,36526,36582
263.65,Received an expired out of sequence packet ,36527,36582
263.652,Received an expired out of sequence packet ,36528,36582
263.667,Received an expired out of sequence packet ,36529,36582
263.674,Received an expired out of sequence packet ,36530,36582
263.674,Received an expired out of sequence packet ,36531,36582
263.674,Received an expired out of sequence packet ,36532,36582
263.677,Received an expired out of sequence packet ,36533,36582
263.684,Received an expired out of sequence packet ,36534,36582
263.693,Received an expired out of sequence packet ,36535,36582
263.696,Received an expired out of sequence packet ,36536,36582
263.714,Received an expired out of sequence packet ,36537,36582
263.718,Received an expired out of sequence packet ,36538,36582
263.731,Received an expired out of sequence packet ,36539,36582
263.732,Received an expired out of sequence packet ,36540,36582
263.735,Received an expired out of sequence packet ,36541,36582
263.738,Received an expired out of sequence packet ,36542,36582
263.747,Received an expired out of sequence packet ,36543,36582
263.753,Received an expired out of sequence packet ,36544,36582
263.768,Received an expired out of sequence packet ,36545,36582
263.77,Received an expired out of sequence packet ,36546,36582
263.77,Received an expired out of sequence packet ,36547,36582
263.787,Received an expired out of sequence packet ,36548,36582
263.792,Received an expired out of sequence packet ,36549,36582
263.792,Received an expired out of sequence packet ,36550,36582
263.814,Received an expired out of sequence packet ,36551,36582
263.816,Received an expired out of sequence packet 