1.25809,Exit slow start,exceeding SS_EXIT_THRESHOLD
11.4291,Timeout
11.4292,clearing sending list because of timeout
12.4292,Timeout
12.4292,clearing sending list because of timeout
12.441,Received an expired out of sequence packet ,6517,6706
12.7345,Received an expired out of sequence packet ,6518,6706
12.749,Received an expired out of sequence packet ,6519,6706
12.7501,Received an expired out of sequence packet ,6520,6706
12.7602,Received an expired out of sequence packet ,6521,6706
12.7633,Received an expired out of sequence packet ,6522,6706
12.7795,Received an expired out of sequence packet ,6523,6706
12.7795,Received an expired out of sequence packet ,6524,6706
12.7856,Received an expired out of sequence packet ,6525,6706
12.7878,Received an expired out of sequence packet ,6526,6706
12.8031,Received an expired out of sequence packet ,6527,6706
12.8062,Received an expired out of sequence packet ,6528,6706
12.8082,Received an expired out of sequence packet ,6529,6706
12.8145,Received an expired out of sequence packet ,6530,6706
12.8259,Received an expired out of sequence packet ,6531,6706
12.8281,Received an expired out of sequence packet ,6532,6706
12.8302,Received an expired out of sequence packet ,6533,6706
12.8372,Received an expired out of sequence packet ,6534,6706
12.8423,Received an expired out of sequence packet ,6535,6706
12.8463,Received an expired out of sequence packet ,6536,6706
12.8544,Received an expired out of sequence packet ,6537,6706
12.8565,Received an expired out of sequence packet ,6538,6706
12.8667,Received an expired out of sequence packet ,6539,6706
12.8749,Received an expired out of sequence packet ,6540,6706
12.877,Received an expired out of sequence packet ,6541,6706
12.8831,Received an expired out of sequence packet ,6542,6706
12.8987,Received an expired out of sequence packet ,6543,6706
12.8999,Received an expired out of sequence packet ,6544,6706
12.8999,Received an expired out of sequence packet ,6545,6706
12.8999,Received an expired out of sequence packet ,6546,6706
12.9054,Received an expired out of sequence packet ,6547,6706
12.9108,Received an expired out of sequence packet ,6548,6706
12.9148,Received an expired out of sequence packet ,6549,6706
12.9159,Received an expired out of sequence packet ,6550,6706
12.919,Received an expired out of sequence packet ,6551,6706
12.92,Received an expired out of sequence packet ,6552,6706
12.9222,Received an expired out of sequence packet ,6553,6706
12.9232,Received an expired out of sequence packet ,6554,6706
12.9253,Received an expired out of sequence packet ,6555,6706
12.9262,Received an expired out of sequence packet ,6556,6706
12.9348,Received an expired out of sequence packet ,6557,6706
12.9348,Received an expired out of sequence packet ,6558,6706
12.936,Received an expired out of sequence packet ,6559,6706
12.936,Received an expired out of sequence packet ,6560,6706
12.9361,Received an expired out of sequence packet ,6561,6706
12.9361,Received an expired out of sequence packet ,6562,6706
12.9402,Received an expired out of sequence packet ,6563,6706
12.9402,Received an expired out of sequence packet ,6564,6706
12.9463,Received an expired out of sequence packet ,6565,6706
12.9473,Received an expired out of sequence packet ,6566,6706
12.9474,Received an expired out of sequence packet ,6567,6706
12.9494,Received an expired out of sequence packet ,6568,6706
12.9533,Received an expired out of sequence packet ,6569,6706
12.9553,Received an expired out of sequence packet ,6570,6706
12.9554,Received an expired out of sequence packet ,6571,6706
12.9584,Received an expired out of sequence packet ,6572,6706
12.9706,Received an expired out of sequence packet ,6573,6706
12.9843,Received an expired out of sequence packet ,6574,6706
12.9843,Received an expired out of sequence packet ,6575,6706
12.9864,Received an expired out of sequence packet ,6576,6706
12.9906,Received an expired out of sequence packet ,6577,6706
12.9936,Received an expired out of sequence packet ,6578,6706
12.9967,Received an expired out of sequence packet ,6579,6706
12.9968,Received an expired out of sequence packet ,6580,6706
12.9999,Received an expired out of sequence packet ,6581,6706
13.0052,Received an expired out of sequence packet ,6582,6706
13.0093,Received an expired out of sequence packet ,6583,6706
13.0134,Received an expired out of sequence packet ,6584,6706
13.0185,Received an expired out of sequence packet ,6585,6706
13.0217,Received an expired out of sequence packet ,6586,6706
13.0238,Received an expired out of sequence packet ,6587,6706
13.0289,Received an expired out of sequence packet ,6588,6706
13.0362,Received an expired out of sequence packet ,6589,6706
13.0396,Received an expired out of sequence packet ,6590,6706
13.0397,Received an expired out of sequence packet ,6591,6706
13.0397,Received an expired out of sequence packet ,6592,6706
13.044,Received an expired out of sequence packet ,6593,6706
13.05,Received an expired out of sequence packet ,6594,6706
13.05,Received an expired out of sequence packet ,6595,6706
13.0551,Received an expired out of sequence packet ,6596,6706
13.056,Received an expired out of sequence packet ,6597,6706
13.0581,Received an expired out of sequence packet ,6598,6706
13.0581,Received an expired out of sequence packet ,6599,6706
13.0603,Received an expired out of sequence packet ,6600,6706
13.0638,Received an expired out of sequence packet ,6601,6706
13.0759,Received an expired out of sequence packet ,6602,6706
13.078,Received an expired out of sequence packet ,6603,6706
13.0791,Received an expired out of sequence packet ,6604,6706
13.0791,Received an expired out of sequence packet ,6605,6706
13.0801,Received an expired out of sequence packet ,6606,6706
13.0801,Received an expired out of sequence packet ,6607,6706
13.0801,Received an expired out of sequence packet ,6608,6706
13.0821,Received an expired out of sequence packet ,6609,6706
13.0875,Received an expired out of sequence packet ,6610,6706
13.0999,Received an expired out of sequence packet ,6611,6706
13.1052,Received an expired out of sequence packet ,6612,6706
13.1052,Received an expired out of sequence packet ,6613,6706
13.1052,Received an expired out of sequence packet ,6614,6706
13.1062,Received an expired out of sequence packet ,6615,6706
13.1135,Received an expired out of sequence packet ,6616,6706
13.1135,Received an expired out of sequence packet ,6617,6706
13.1135,Received an expired out of sequence packet ,6618,6706
13.1147,Received an expired out of sequence packet ,6619,6706
13.1191,Received an expired out of sequence packet ,6620,6706
13.1202,Received an expired out of sequence packet ,6621,6706
13.1244,Received an expired out of sequence packet ,6622,6706
13.1268,Received an expired out of sequence packet ,6623,6706
13.1288,Received an expired out of sequence packet ,6624,6706
13.1328,Received an expired out of sequence packet ,6625,6706
13.134,Received an expired out of sequence packet ,6626,6706
13.1372,Received an expired out of sequence packet ,6627,6706
13.1384,Received an expired out of sequence packet ,6628,6706
13.1384,Received an expired out of sequence packet ,6629,6706
13.1405,Received an expired out of sequence packet ,6630,6706
13.1437,Received an expired out of sequence packet ,6631,6706
13.1448,Received an expired out of sequence packet ,6632,6706
13.1459,Received an expired out of sequence packet ,6633,6706
13.1534,Received an expired out of sequence packet ,6634,6706
13.1545,Received an expired out of sequence packet ,6635,6706
13.1546,Received an expired out of sequence packet ,6636,6706
13.1568,Received an expired out of sequence packet ,6637,6706
13.1725,Received an expired out of sequence packet ,6638,6706
13.1737,Received an expired out of sequence packet ,6639,6706
13.1746,Received an expired out of sequence packet ,6640,6706
13.1746,Received an expired out of sequence packet ,6641,6706
13.178,Received an expired out of sequence packet ,6642,6706
13.178,Received an expired out of sequence packet ,6643,6706
13.1801,Received an expired out of sequence packet ,6644,6706
13.1801,Received an expired out of sequence packet ,6645,6706
13.1823,Received an expired out of sequence packet ,6646,6706
13.1866,Received an expired out of sequence packet ,6647,6706
13.1909,Received an expired out of sequence packet ,6648,6706
13.1941,Received an expired out of sequence packet ,6649,6706
13.195,Received an expired out of sequence packet ,6650,6706
13.1971,Received an expired out of sequence packet ,6651,6706
13.1982,Received an expired out of sequence packet ,6652,6706
13.2005,Received an expired out of sequence packet ,6653,6706
13.2036,Received an expired out of sequence packet ,6654,6706
13.2047,Received an expired out of sequence packet ,6655,6706
13.2067,Received an expired out of sequence packet ,6656,6706
13.2088,Received an expired out of sequence packet ,6657,6706
13.2152,Received an expired out of sequence packet ,6658,6706
13.2186,Received an expired out of sequence packet ,6659,6706
13.2186,Received an expired out of sequence packet ,6660,6706
13.2186,Received an expired out of sequence packet ,6661,6706
13.2187,Received an expired out of sequence packet ,6662,6706
13.2197,Received an expired out of sequence packet ,6663,6706
13.2198,Received an expired out of sequence packet ,6664,6706
13.2227,Received an expired out of sequence packet ,6665,6706
13.226,Received an expired out of sequence packet ,6666,6706
13.2292,Received an expired out of sequence packet ,6667,6706
13.2292,Received an expired out of sequence packet ,6668,6706
13.2301,Received an expired out of sequence packet ,6669,6706
13.2343,Received an expired out of sequence packet ,6670,6706
13.2353,Received an expired out of sequence packet ,6671,6706
13.2375,Received an expired out of sequence packet ,6672,6706
13.242,Received an expired out of sequence packet ,6673,6706
13.242,Received an expired out of sequence packet ,6674,6706
13.2453,Received an expired out of sequence packet ,6675,6706
13.2453,Received an expired out of sequence packet ,6676,6706
13.2463,Received an expired out of sequence packet ,6677,6706
13.2463,Received an expired out of sequence packet ,6678,6706
13.2463,Received an expired out of sequence packet ,6679,6706
13.2505,Received an expired out of sequence packet ,6680,6706
13.2557,Received an expired out of sequence packet ,6681,6706
13.2567,Received an expired out of sequence packet ,6682,6706
13.2578,Received an expired out of sequence packet ,6683,6706
13.2578,Received an expired out of sequence packet ,6684,6706
13.2579,Received an expired out of sequence packet ,6685,6706
13.2589,Received an expired out of sequence packet ,6686,6706
13.261,Received an expired out of sequence packet ,6687,6706
13.261,Received an expired out of sequence packet ,6688,6706
13.2621,Received an expired out of sequence packet ,6689,6706
13.2641,Received an expired out of sequence packet ,6690,6706
13.2642,Received an expired out of sequence packet ,6691,6706
13.2662,Received an expired out of sequence packet ,6692,6706
13.2683,Received an expired out of sequence packet ,6693,6706
13.2734,Received an expired out of sequence packet ,6694,6706
13.2943,Received an expired out of sequence packet ,6695,6706
13.2943,Received an expired out of sequence packet ,6696,6706
13.2943,Received an expired out of sequence packet ,6697,6706
13.2978,Received an expired out of sequence packet ,6698,6706
13.2989,Received an expired out of sequence packet ,6699,6706
13.2999,Received an expired out of sequence packet ,6700,6706
13.3143,Received an expired out of sequence packet ,6701,6706
13.3155,Received an expired out of sequence packet ,6702,6706
13.3166,Received an expired out of sequence packet ,6703,6706
13.3166,Received an expired out of sequence packet ,6704,6706
13.3211,Received an expired out of sequence packet ,6705,6706
102.461,Restart,can't map delay on delay curve
103.829,Exit slow start,exceeding SS_EXIT_THRESHOLD
191.429,Timeout
191.429,clearing sending list because of timeout
191.43,Received an expired out of sequence packet ,50446,50615
191.43,Received an expired out of sequence packet ,50447,50615
192.43,Timeout
192.43,clearing sending list because of timeout
192.442,Received an expired out of sequence packet ,50448,50617
192.734,Received an expired out of sequence packet ,50449,50617
192.748,Received an expired out of sequence packet ,50450,50617
192.75,Received an expired out of sequence packet ,50451,50617
192.76,Received an expired out of sequence packet ,50452,50617
192.764,Received an expired out of sequence packet ,50453,50617
192.779,Received an expired out of sequence packet ,50454,50617
192.779,Received an expired out of sequence packet ,50455,50617
192.785,Received an expired out of sequence packet ,50456,50617
192.787,Received an expired out of sequence packet ,50457,50617
192.804,Received an expired out of sequence packet ,50458,50617
192.807,Received an expired out of sequence packet ,50459,50617
192.809,Received an expired out of sequence packet ,50460,50617
192.813,Received an expired out of sequence packet ,50461,50617
192.826,Received an expired out of sequence packet ,50462,50617
192.828,Received an expired out of sequence packet ,50463,50617
192.832,Received an expired out of sequence packet ,50464,50617
192.838,Received an expired out of sequence packet ,50465,50617
192.843,Received an expired out of sequence packet ,50466,50617
192.845,Received an expired out of sequence packet ,50467,50617
192.854,Received an expired out of sequence packet ,50468,50617
192.856,Received an expired out of sequence packet ,50469,50617
192.866,Received an expired out of sequence packet ,50470,50617
192.874,Received an expired out of sequence packet ,50471,50617
192.877,Received an expired out of sequence packet ,50472,50617
192.884,Received an expired out of sequence packet ,50473,50617
192.897,Received an expired out of sequence packet ,50474,50617
192.9,Received an expired out of sequence packet ,50475,50617
192.9,Received an expired out of sequence packet ,50476,50617
192.9,Received an expired out of sequence packet ,50477,50617
192.905,Received an expired out of sequence packet ,50478,50617
192.91,Received an expired out of sequence packet ,50479,50617
192.914,Received an expired out of sequence packet ,50480,50617
192.916,Received an expired out of sequence packet ,50481,50617
192.919,Received an expired out of sequence packet ,50482,50617
192.921,Received an expired out of sequence packet ,50483,50617
192.923,Received an expired out of sequence packet ,50484,50617
192.924,Received an expired out of sequence packet ,50485,50617
192.925,Received an expired out of sequence packet ,50486,50617
192.934,Received an expired out of sequence packet ,50487,50617
192.934,Received an expired out of sequence packet ,50488,50617
192.934,Received an expired out of sequence packet ,50489,50617
192.937,Received an expired out of sequence packet ,50490,50617
192.937,Received an expired out of sequence packet ,50491,50617
192.937,Received an expired out of sequence packet ,50492,50617
192.938,Received an expired out of sequence packet ,50493,50617
192.941,Received an expired out of sequence packet ,50494,50617
192.947,Received an expired out of sequence packet ,50495,50617
192.949,Received an expired out of sequence packet ,50496,50617
192.949,Received an expired out of sequence packet ,50497,50617
192.949,Received an expired out of sequence packet ,50498,50617
192.954,Received an expired out of sequence packet ,50499,50617
192.954,Received an expired out of sequence packet ,50500,50617
192.954,Received an expired out of sequence packet ,50501,50617
192.958,Received an expired out of sequence packet ,50502,50617
192.97,Received an expired out of sequence packet ,50503,50617
192.985,Received an expired out of sequence packet ,50504,50617
192.985,Received an expired out of sequence packet ,50505,50617
192.986,Received an expired out of sequence packet ,50506,50617
192.99,Received an expired out of sequence packet ,50507,50617
192.992,Received an expired out of sequence packet ,50508,50617
192.996,Received an expired out of sequence packet ,50509,50617
192.996,Received an expired out of sequence packet ,50510,50617
193,Received an expired out of sequence packet ,50511,50617
193.006,Received an expired out of sequence packet ,50512,50617
193.009,Received an expired out of sequence packet ,50513,50617
193.013,Received an expired out of sequence packet ,50514,50617
193.013,Received an expired out of sequence packet ,50515,50617
193.018,Received an expired out of sequence packet ,50516,50617
193.02,Received an expired out of sequence packet ,50517,50617
193.023,Received an expired out of sequence packet ,50518,50617
193.03,Received an expired out of sequence packet ,50519,50617
193.036,Received an expired out of sequence packet ,50520,50617
193.039,Received an expired out of sequence packet ,50521,50617
193.039,Received an expired out of sequence packet ,50522,50617
193.039,Received an expired out of sequence packet ,50523,50617
193.045,Received an expired out of sequence packet ,50524,50617
193.05,Received an expired out of sequence packet ,50525,50617
193.051,Received an expired out of sequence packet ,50526,50617
193.057,Received an expired out of sequence packet ,50527,50617
193.059,Received an expired out of sequence packet ,50528,50617
193.059,Received an expired out of sequence packet ,50529,50617
193.059,Received an expired out of sequence packet ,50530,50617
193.06,Received an expired out of sequence packet ,50531,50617
193.062,Received an expired out of sequence packet ,50532,50617
193.076,Received an expired out of sequence packet ,50533,50617
193.078,Received an expired out of sequence packet ,50534,50617
193.08,Received an expired out of sequence packet ,50535,50617
193.08,Received an expired out of sequence packet ,50536,50617
193.083,Received an expired out of sequence packet ,50537,50617
193.083,Received an expired out of sequence packet ,50538,50617
193.083,Received an expired out of sequence packet ,50539,50617
193.083,Received an expired out of sequence packet ,50540,50617
193.087,Received an expired out of sequence packet ,50541,50617
193.1,Received an expired out of sequence packet ,50542,50617
193.106,Received an expired out of sequence packet ,50543,50617
193.106,Received an expired out of sequence packet ,50544,50617
193.106,Received an expired out of sequence packet ,50545,50617
193.107,Received an expired out of sequence packet ,50546,50617
193.114,Received an expired out of sequence packet ,50547,50617
193.114,Received an expired out of sequence packet ,50548,50617
193.114,Received an expired out of sequence packet ,50549,50617
193.118,Received an expired out of sequence packet ,50550,50617
193.118,Received an expired out of sequence packet ,50551,50617
193.12,Received an expired out of sequence packet ,50552,50617
193.125,Received an expired out of sequence packet ,50553,50617
193.126,Received an expired out of sequence packet ,50554,50617
193.128,Received an expired out of sequence packet ,50555,50617
193.134,Received an expired out of sequence packet ,50556,50617
193.136,Received an expired out of sequence packet ,50557,50617
193.136,Received an expired out of sequence packet ,50558,50617
193.138,Received an expired out of sequence packet ,50559,50617
193.141,Received an expired out of sequence packet ,50560,50617
193.144,Received an expired out of sequence packet ,50561,50617
193.145,Received an expired out of sequence packet ,50562,50617
193.146,Received an expired out of sequence packet ,50563,50617
193.152,Received an expired out of sequence packet ,50564,50617
193.155,Received an expired out of sequence packet ,50565,50617
193.155,Received an expired out of sequence packet ,50566,50617
193.157,Received an expired out of sequence packet ,50567,50617
193.172,Received an expired out of sequence packet ,50568,50617
193.173,Received an expired out of sequence packet ,50569,50617
193.174,Received an expired out of sequence packet ,50570,50617
193.174,Received an expired out of sequence packet ,50571,50617
193.178,Received an expired out of sequence packet ,50572,50617
193.178,Received an expired out of sequence packet ,50573,50617
193.181,Received an expired out of sequence packet ,50574,50617
193.181,Received an expired out of sequence packet ,50575,50617
193.182,Received an expired out of sequence packet ,50576,50617
193.186,Received an expired out of sequence packet ,50577,50617
193.191,Received an expired out of sequence packet ,50578,50617
193.195,Received an expired out of sequence packet ,50579,50617
193.195,Received an expired out of sequence packet ,50580,50617
193.196,Received an expired out of sequence packet ,50581,50617
193.198,Received an expired out of sequence packet ,50582,50617
193.201,Received an expired out of sequence packet ,50583,50617
193.201,Received an expired out of sequence packet ,50584,50617
193.203,Received an expired out of sequence packet ,50585,50617
193.205,Received an expired out of sequence packet ,50586,50617
193.207,Received an expired out of sequence packet ,50587,50617
193.209,Received an expired out of sequence packet ,50588,50617
193.214,Received an expired out of sequence packet ,50589,50617
193.215,Received an expired out of sequence packet ,50590,50617
193.215,Received an expired out of sequence packet ,50591,50617
193.219,Received an expired out of sequence packet ,50592,50617
193.219,Received an expired out of sequence packet ,50593,50617
193.22,Received an expired out of sequence packet ,50594,50617
193.22,Received an expired out of sequence packet ,50595,50617
193.223,Received an expired out of sequence packet ,50596,50617
193.226,Received an expired out of sequence packet ,50597,50617
193.228,Received an expired out of sequence packet ,50598,50617
193.228,Received an expired out of sequence packet ,50599,50617
193.231,Received an expired out of sequence packet ,50600,50617
193.234,Received an expired out of sequence packet ,50601,50617
193.235,Received an expired out of sequence packet ,50602,50617
193.238,Received an expired out of sequence packet ,50603,50617
193.242,Received an expired out of sequence packet ,50604,50617
193.242,Received an expired out of sequence packet ,50605,50617
193.244,Received an expired out of sequence packet ,50606,50617
193.244,Received an expired out of sequence packet ,50607,50617
193.246,Received an expired out of sequence packet ,50608,50617
193.246,Received an expired out of sequence packet ,50609,50617
193.246,Received an expired out of sequence packet ,50610,50617
193.25,Received an expired out of sequence packet ,50611,50617
193.256,Received an expired out of sequence packet ,50612,50617
193.257,Received an expired out of sequence packet ,50613,50617
193.258,Received an expired out of sequence packet ,50614,50617
193.258,Received an expired out of sequence packet ,50615,50617
193.258,Received an expired out of sequence packet ,50616,50617
257.086,Timeout
257.086,clearing sending list because of timeout
257.098,Received an expired out of sequence packet ,82535,82677
258.098,Timeout
258.099,clearing sending list because of timeout
258.101,Received an expired out of sequence packet ,82536,82686
259.095,Received an expired out of sequence packet ,82537,82686
259.981,Received an expired out of sequence packet ,82538,82686
259.994,Received an expired out of sequence packet ,82539,82686
259.994,Received an expired out of sequence packet ,82540,82686
259.997,Received an expired out of sequence packet ,82541,82686
259.999,Received an expired out of sequence packet ,82542,82686
259.999,Received an expired out of sequence packet ,82543,82686
259.999,Received an expired out of sequence packet ,82544,82686
260.001,Received an expired out of sequence packet ,82545,82686
260.001,Received an expired out of sequence packet ,82546,82686
260.001,Received an expired out of sequence packet ,82547,82686
260.001,Received an expired out of sequence packet ,82548,82686
260.001,Received an expired out of sequence packet ,82549,82686
260.001,Received an expired out of sequence packet ,82550,82686
260.001,Received an expired out of sequence packet ,82551,82686
260.001,Received an expired out of sequence packet ,82552,82686
260.001,Received an expired out of sequence packet ,82553,82686
260.005,Received an expired out of sequence packet ,82554,82686
260.005,Received an expired out of sequence packet ,82555,82686
260.005,Received an expired out of sequence packet ,82556,82686
260.007,Received an expired out of sequence packet ,82557,82686
260.007,Received an expired out of sequence packet ,82558,82686
260.008,Received an expired out of sequence packet ,82559,82686
260.008,Received an expired out of sequence packet ,82560,82686
260.011,Received an expired out of sequence packet ,82561,82686
260.026,Received an expired out of sequence packet ,82562,82686
260.026,Received an expired out of sequence packet ,82563,82686
260.029,Received an expired out of sequence packet ,82564,82686
260.029,Received an expired out of sequence packet ,82565,82686
260.029,Received an expired out of sequence packet ,82566,82686
260.029,Received an expired out of sequence packet ,82567,82686
260.029,Received an expired out of sequence packet ,82568,82686
260.029,Received an expired out of sequence packet ,82569,82686
260.029,Received an expired out of sequence packet ,82570,82686
260.029,Received an expired out of sequence packet ,82571,82686
260.029,Received an expired out of sequence packet ,82572,82686
260.029,Received an expired out of sequence packet ,82573,82686
260.04,Received an expired out of sequence packet ,82574,82686
260.044,Received an expired out of sequence packet ,82575,82686
260.044,Received an expired out of sequence packet ,82576,82686
260.044,Received an expired out of sequence packet ,82577,82686
260.046,Received an expired out of sequence packet ,82578,82686
260.046,Received an expired out of sequence packet ,82579,82686
260.046,Received an expired out of sequence packet ,82580,82686
260.046,Received an expired out of sequence packet ,82581,82686
260.057,Received an expired out of sequence packet ,82582,82686
260.057,Received an expired out of sequence packet ,82583,82686
260.057,Received an expired out of sequence packet ,82584,82686
260.06,Received an expired out of sequence packet ,82585,82686
260.061,Received an expired out of sequence packet ,82586,82686
260.062,Received an expired out of sequence packet ,82587,82686
260.062,Received an expired out of sequence packet ,82588,82686
260.062,Received an expired out of sequence packet ,82589,82686
260.062,Received an expired out of sequence packet ,82590,82686
260.062,Received an expired out of sequence packet ,82591,82686
260.062,Received an expired out of sequence packet ,82592,82686
260.064,Received an expired out of sequence packet ,82593,82686
260.064,Received an expired out of sequence packet ,82594,82686
260.065,Received an expired out of sequence packet ,82595,82686
260.07,Received an expired out of sequence packet ,82596,82686
260.07,Received an expired out of sequence packet ,82597,82686
260.07,Received an expired out of sequence packet ,82598,82686
260.071,Received an expired out of sequence packet ,82599,82686
260.074,Received an expired out of sequence packet ,82600,82686
260.074,Received an expired out of sequence packet ,82601,82686
260.079,Received an expired out of sequence packet ,82602,82686
260.082,Received an expired out of sequence packet ,82603,82686
260.082,Received an expired out of sequence packet ,82604,82686
260.083,Received an expired out of sequence packet ,82605,82686
260.083,Received an expired out of sequence packet ,82606,82686
260.086,Received an expired out of sequence packet ,82607,82686
260.086,Received an expired out of sequence packet ,82608,82686
260.086,Received an expired out of sequence packet ,82609,82686
260.087,Received an expired out of sequence packet ,82610,82686
260.089,Received an expired out of sequence packet ,82611,82686
260.089,Received an expired out of sequence packet ,82612,82686
260.091,Received an expired out of sequence packet ,82613,82686
260.093,Received an expired out of sequence packet ,82614,82686
260.093,Received an expired out of sequence packet ,82615,82686
260.095,Received an expired out of sequence packet ,82616,82686
260.099,Received an expired out of sequence packet ,82617,82686
260.099,Received an expired out of sequence packet ,82618,82686
260.1,Received an expired out of sequence packet ,82619,82686
260.1,Received an expired out of sequence packet ,82620,82686
260.1,Received an expired out of sequence packet ,82621,82686
260.101,Received an expired out of sequence packet ,82622,82686
260.102,Received an expired out of sequence packet ,82623,82686
260.102,Received an expired out of sequence packet ,82624,82686
260.106,Received an expired out of sequence packet ,82625,82686
260.121,Received an expired out of sequence packet ,82626,82686
260.121,Received an expired out of sequence packet ,82627,82686
260.122,Received an expired out of sequence packet ,82628,82686
260.122,Received an expired out of sequence packet ,82629,82686
260.122,Received an expired out of sequence packet ,82630,82686
260.122,Received an expired out of sequence packet ,82631,82686
260.122,Received an expired out of sequence packet ,82632,82686
260.122,Received an expired out of sequence packet ,82633,82686
260.122,Received an expired out of sequence packet ,82634,82686
260.124,Received an expired out of sequence packet ,82635,82686
260.124,Received an expired out of sequence packet ,82636,82686
260.124,Received an expired out of sequence packet ,82637,82686
260.137,Received an expired out of sequence packet ,82638,82686
260.137,Received an expired out of sequence packet ,82639,82686
260.139,Received an expired out of sequence packet ,82640,82686
260.142,Received an expired out of sequence packet ,82641,82686
260.142,Received an expired out of sequence packet ,82642,82686
260.142,Received an expired out of sequence packet ,82643,82686
260.142,Received an expired out of sequence packet ,82644,82686
260.143,Received an expired out of sequence packet ,82645,82686
260.143,Received an expired out of sequence packet ,82646,82686
260.143,Received an expired out of sequence packet ,82647,82686
260.143,Received an expired out of sequence packet ,82648,82686
260.143,Received an expired out of sequence packet ,82649,82686
260.143,Received an expired out of sequence packet ,82650,82686
260.145,Received an expired out of sequence packet ,82651,82686
260.147,Received an expired out of sequence packet ,82652,82686
260.148,Received an expired out of sequence packet ,82653,82686
260.149,Received an expired out of sequence packet ,82654,82686
260.152,Received an expired out of sequence packet ,82655,82686
260.157,Received an expired out of sequence packet ,82656,82686
260.158,Received an expired out of sequence packet ,82657,82686
260.159,Received an expired out of sequence packet ,82658,82686
260.159,Received an expired out of sequence packet ,82659,82686
260.16,Received an expired out of sequence packet ,82660,82686
260.162,Received an expired out of sequence packet ,82661,82686
260.162,Received an expired out of sequence packet ,82662,82686
260.163,Received an expired out of sequence packet ,82663,82686
260.165,Received an expired out of sequence packet ,82664,82686
260.165,Received an expired out of sequence packet ,82665,82686
260.168,Received an expired out of sequence packet ,82666,82686
260.17,Received an expired out of sequence packet ,82667,82686
260.172,Received an expired out of sequence packet ,82668,82686
260.172,Received an expired out of sequence packet ,82669,82686
260.172,Received an expired out of sequence packet ,82670,82686
260.173,Received an expired out of sequence packet ,82671,82686
260.179,Received an expired out of sequence packet ,82672,82686
260.179,Received an expired out of sequence packet ,82673,82686
260.18,Received an expired out of sequence packet ,82674,82686
260.18,Received an expired out of sequence packet ,82675,82686
260.18,Received an expired out of sequence packet ,82676,82686
260.194,Received an expired out of sequence packet ,82677,82686
260.195,Received an expired out of sequence packet ,82678,82686
260.197,Received an expired out of sequence packet ,82679,82686
260.197,Received an expired out of sequence packet ,82680,82686
260.197,Received an expired out of sequence packet ,82681,82686
260.197,Received an expired out of sequence packet ,82682,82686
260.197,Received an expired out of sequence packet ,82683,82686
260.197,Received an expired out of sequence packet ,82684,82686
260.207,Received an expired out of sequence packet ,82685,82686
278.381,Timeout
278.381,clearing sending list because of timeout
278.381,Received an expired out of sequence packet ,88782,88916
279.37,Received an expired out of sequence packet ,88783,88916
279.983,Received an expired out of sequence packet ,88784,88916
279.983,Received an expired out of sequence packet ,88785,88916
279.986,Received an expired out of sequence packet ,88786,88916
279.986,Received an expired out of sequence packet ,88787,88916
279.986,Received an expired out of sequence packet ,88788,88916
279.986,Received an expired out of sequence packet ,88789,88916
279.986,Received an expired out of sequence packet ,88790,88916
279.986,Received an expired out of sequence packet ,88791,88916
279.986,Received an expired out of sequence packet ,88792,88916
279.986,Received an expired out of sequence packet ,88793,88916
279.986,Received an expired out of sequence packet ,88794,88916
279.986,Received an expired out of sequence packet ,88795,88916
279.986,Received an expired out of sequence packet ,88796,88916
279.986,Received an expired out of sequence packet ,88797,88916
279.988,Received an expired out of sequence packet ,88798,88916
279.988,Received an expired out of sequence packet ,88799,88916
279.988,Received an expired out of sequence packet ,88800,88916
279.988,Received an expired out of sequence packet ,88801,88916
279.988,Received an expired out of sequence packet ,88802,88916
279.988,Received an expired out of sequence packet ,88803,88916
279.988,Received an expired out of sequence packet ,88804,88916
279.992,Received an expired out of sequence packet ,88805,88916
279.992,Received an expired out of sequence packet ,88806,88916
279.992,Received an expired out of sequence packet ,88807,88916
279.992,Received an expired out of sequence packet ,88808,88916
279.992,Received an expired out of sequence packet ,88809,88916
279.992,Received an expired out of sequence packet ,88810,88916
279.992,Received an expired out of sequence packet ,88811,88916
279.992,Received an expired out of sequence packet ,88812,88916
279.992,Received an expired out of sequence packet ,88813,88916
279.992,Received an expired out of sequence packet ,88814,88916
279.997,Received an expired out of sequence packet ,88815,88916
279.997,Received an expired out of sequence packet ,88816,88916
279.997,Received an expired out of sequence packet ,88817,88916
279.997,Received an expired out of sequence packet ,88818,88916
279.998,Received an expired out of sequence packet ,88819,88916
279.999,Received an expired out of sequence packet ,88820,88916
279.999,Received an expired out of sequence packet ,88821,88916
279.999,Received an expired out of sequence packet ,88822,88916
279.999,Received an expired out of sequence packet ,88823,88916
279.999,Received an expired out of sequence packet ,88824,88916
279.999,Received an expired out of sequence packet ,88825,88916
279.999,Received an expired out of sequence packet ,88826,88916
279.999,Received an expired out of sequence packet ,88827,88916
280.002,Received an expired out of sequence packet ,88828,88916
280.002,Received an expired out of sequence packet ,88829,88916
280.002,Received an expired out of sequence packet ,88830,88916
280.002,Received an expired out of sequence packet ,88831,88916
280.002,Received an expired out of sequence packet ,88832,88916
280.002,Received an expired out of sequence packet ,88833,88916
280.002,Received an expired out of sequence packet ,88834,88916
280.002,Received an expired out of sequence packet ,88835,88916
280.006,Received an expired out of sequence packet ,88836,88916
280.006,Received an expired out of sequence packet ,88837,88916
280.006,Received an expired out of sequence packet ,88838,88916
280.006,Received an expired out of sequence packet ,88839,88916
280.007,Received an expired out of sequence packet ,88840,88916
280.007,Received an expired out of sequence packet ,88841,88916
280.007,Received an expired out of sequence packet ,88842,88916
280.008,Received an expired out of sequence packet ,88843,88916
280.009,Received an expired out of sequence packet ,88844,88916
280.009,Received an expired out of sequence packet ,88845,88916
280.009,Received an expired out of sequence packet ,88846,88916
280.009,Received an expired out of sequence packet ,88847,88916
280.009,Received an expired out of sequence packet ,88848,88916
280.009,Received an expired out of sequence packet ,88849,88916
280.009,Received an expired out of sequence packet ,88850,88916
280.009,Received an expired out of sequence packet ,88851,88916
280.009,Received an expired out of sequence packet ,88852,88916
280.009,Received an expired out of sequence packet ,88853,88916
280.009,Received an expired out of sequence packet ,88854,88916
280.009,Received an expired out of sequence packet ,88855,88916
280.014,Received an expired out of sequence packet ,88856,88916
280.014,Received an expired out of sequence packet ,88857,88916
280.014,Received an expired out of sequence packet ,88858,88916
280.014,Received an expired out of sequence packet ,88859,88916
280.014,Received an expired out of sequence packet ,88860,88916
280.014,Received an expired out of sequence packet ,88861,88916
280.014,Received an expired out of sequence packet ,88862,88916
280.014,Received an expired out of sequence packet ,88863,88916
280.014,Received an expired out of sequence packet ,88864,88916
280.014,Received an expired out of sequence packet ,88865,88916
280.014,Received an expired out of sequence packet ,88866,88916
280.019,Received an expired out of sequence packet ,88867,88916
280.019,Received an expired out of sequence packet ,88868,88916
280.019,Received an expired out of sequence packet ,88869,88916
280.019,Received an expired out of sequence packet ,88870,88916
280.019,Received an expired out of sequence packet ,88871,88916
280.019,Received an expired out of sequence packet ,88872,88916
280.023,Received an expired out of sequence packet ,88873,88916
280.024,Received an expired out of sequence packet ,88874,88916
280.024,Received an expired out of sequence packet ,88875,88916
280.024,Received an expired out of sequence packet ,88876,88916
280.024,Received an expired out of sequence packet ,88877,88916
280.024,Received an expired out of sequence packet ,88878,88916
280.032,Received an expired out of sequence packet ,88879,88916
280.032,Received an expired out of sequence packet ,88880,88916
280.032,Received an expired out of sequence packet ,88881,88916
280.032,Received an expired out of sequence packet ,88882,88916
280.032,Received an expired out of sequence packet ,88883,88916
280.032,Received an expired out of sequence packet ,88884,88916
280.032,Received an expired out of sequence packet ,88885,88916
280.032,Received an expired out of sequence packet ,88886,88916
280.032,Received an expired out of sequence packet ,88887,88916
280.032,Received an expired out of sequence packet ,88888,88916
280.032,Received an expired out of sequence packet ,88889,88916
280.032,Received an expired out of sequence packet ,88890,88916
280.032,Received an expired out of sequence packet ,88891,88916
280.036,Received an expired out of sequence packet ,88892,88916
280.036,Received an expired out of sequence packet ,88893,88916
280.038,Received an expired out of sequence packet ,88894,88916
280.038,Received an expired out of sequence packet ,88895,88916
280.038,Received an expired out of sequence packet ,88896,88916
280.038,Received an expired out of sequence packet ,88897,88916
280.039,Received an expired out of sequence packet ,88898,88916
280.039,Received an expired out of sequence packet ,88899,88916
280.039,Received an expired out of sequence packet ,88900,88916
280.039,Received an expired out of sequence packet ,88901,88916
280.039,Received an expired out of sequence packet ,88902,88916
280.039,Received an expired out of sequence packet ,88903,88916
280.039,Received an expired out of sequence packet ,88904,88916
280.039,Received an expired out of sequence packet ,88905,88916
280.039,Received an expired out of sequence packet ,88906,88916
280.039,Received an expired out of sequence packet ,88907,88916
280.039,Received an expired out of sequence packet ,88908,88916
280.039,Received an expired out of sequence packet 