1.35293,Exit slow start,exceeding SS_EXIT_THRESHOLD
3.05489,Timeout
3.0549,clearing sending list because of timeout
3.1473,Received an expired out of sequence packet ,732,741
3.14936,Received an expired out of sequence packet ,733,741
3.14939,Received an expired out of sequence packet ,734,741
3.1575,Received an expired out of sequence packet ,735,741
3.15753,Received an expired out of sequence packet ,736,741
3.15755,Received an expired out of sequence packet ,737,741
3.15757,Received an expired out of sequence packet ,738,741
3.16662,Received an expired out of sequence packet ,739,741
3.16664,Received an expired out of sequence packet ,740,741
16.8793,Timeout
16.8793,clearing sending list because of timeout
17.0367,Received an expired out of sequence packet ,4201,4264
17.0367,Received an expired out of sequence packet ,4202,4264
17.0367,Received an expired out of sequence packet ,4203,4264
17.0367,Received an expired out of sequence packet ,4204,4264
17.0368,Received an expired out of sequence packet ,4205,4264
17.0408,Received an expired out of sequence packet ,4206,4264
17.0408,Received an expired out of sequence packet ,4207,4264
17.0408,Received an expired out of sequence packet ,4208,4264
17.0408,Received an expired out of sequence packet ,4209,4264
17.0419,Received an expired out of sequence packet ,4210,4264
17.0419,Received an expired out of sequence packet ,4211,4264
17.0419,Received an expired out of sequence packet ,4212,4264
17.0419,Received an expired out of sequence packet ,4213,4264
17.042,Received an expired out of sequence packet ,4214,4264
17.042,Received an expired out of sequence packet ,4215,4264
17.042,Received an expired out of sequence packet ,4216,4264
17.042,Received an expired out of sequence packet ,4217,4264
17.042,Received an expired out of sequence packet ,4218,4264
17.0421,Received an expired out of sequence packet ,4219,4264
17.0421,Received an expired out of sequence packet ,4220,4264
17.0421,Received an expired out of sequence packet ,4221,4264
17.0421,Received an expired out of sequence packet ,4222,4264
17.0421,Received an expired out of sequence packet ,4223,4264
17.0421,Received an expired out of sequence packet ,4224,4264
17.043,Received an expired out of sequence packet ,4225,4264
17.0431,Received an expired out of sequence packet ,4226,4264
17.0431,Received an expired out of sequence packet ,4227,4264
17.0431,Received an expired out of sequence packet ,4228,4264
17.0431,Received an expired out of sequence packet ,4229,4264
17.0431,Received an expired out of sequence packet ,4230,4264
17.14,Received an expired out of sequence packet ,4231,4264
17.14,Received an expired out of sequence packet ,4232,4264
17.1401,Received an expired out of sequence packet ,4233,4264
17.1401,Received an expired out of sequence packet ,4234,4264
17.1401,Received an expired out of sequence packet ,4235,4264
17.1401,Received an expired out of sequence packet ,4236,4264
17.1401,Received an expired out of sequence packet ,4237,4264
17.1401,Received an expired out of sequence packet ,4238,4264
17.1402,Received an expired out of sequence packet ,4239,4264
17.1402,Received an expired out of sequence packet ,4240,4264
17.1402,Received an expired out of sequence packet ,4241,4264
17.1432,Received an expired out of sequence packet ,4242,4264
17.1462,Received an expired out of sequence packet ,4243,4264
17.1463,Received an expired out of sequence packet ,4244,4264
17.1463,Received an expired out of sequence packet ,4245,4264
17.577,Received an expired out of sequence packet ,4246,4264
17.5771,Received an expired out of sequence packet ,4247,4264
17.5771,Received an expired out of sequence packet ,4248,4264
17.5791,Received an expired out of sequence packet ,4249,4264
17.5792,Received an expired out of sequence packet ,4250,4264
17.5792,Received an expired out of sequence packet ,4251,4264
17.5792,Received an expired out of sequence packet ,4252,4264
17.5792,Received an expired out of sequence packet ,4253,4264
17.5813,Received an expired out of sequence packet ,4254,4264
17.6163,Received an expired out of sequence packet ,4255,4264
17.6163,Received an expired out of sequence packet ,4256,4264
17.6163,Received an expired out of sequence packet ,4257,4264
17.6163,Received an expired out of sequence packet ,4258,4264
17.6164,Received an expired out of sequence packet ,4259,4264
17.6164,Received an expired out of sequence packet ,4260,4264
17.6164,Received an expired out of sequence packet ,4261,4264
17.6164,Received an expired out of sequence packet ,4262,4264
17.6205,Received an expired out of sequence packet ,4263,4264
19.6262,Timeout
19.6262,clearing sending list because of timeout
19.685,Received an expired out of sequence packet ,4400,4412
19.6861,Received an expired out of sequence packet ,4401,4412
19.6862,Received an expired out of sequence packet ,4402,4412
19.6862,Received an expired out of sequence packet ,4403,4412
19.6862,Received an expired out of sequence packet ,4404,4412
19.6862,Received an expired out of sequence packet ,4405,4412
19.6892,Received an expired out of sequence packet ,4406,4412
19.6893,Received an expired out of sequence packet ,4407,4412
19.7013,Received an expired out of sequence packet ,4408,4412
19.7013,Received an expired out of sequence packet ,4409,4412
19.7013,Received an expired out of sequence packet ,4410,4412
19.7014,Received an expired out of sequence packet ,4411,4412
36.3682,Timeout
36.3682,clearing sending list because of timeout
36.3692,Received an expired out of sequence packet ,11207,11212
37.3591,Received an expired out of sequence packet ,11208,11212
38.3592,Timeout
38.3592,clearing sending list because of timeout
38.3685,Received an expired out of sequence packet ,11209,11214
39.3595,Received an expired out of sequence packet ,11210,11214
39.9693,Received an expired out of sequence packet ,11211,11214
39.9775,Received an expired out of sequence packet ,11212,11214
39.9817,Received an expired out of sequence packet ,11213,11214
46.0232,Restart,can't map delay on delay curve
47.4802,Exit slow start,exceeding SS_EXIT_THRESHOLD
52.503,Timeout
52.503,clearing sending list because of timeout
52.6264,Received an expired out of sequence packet ,9488,9910
52.6455,Received an expired out of sequence packet ,9489,9910
52.6716,Received an expired out of sequence packet ,9490,9910
52.6899,Received an expired out of sequence packet ,9491,9910
52.6989,Received an expired out of sequence packet ,9492,9910
52.7069,Received an expired out of sequence packet ,9493,9910
52.7241,Received an expired out of sequence packet ,9494,9910
52.7322,Received an expired out of sequence packet ,9495,9910
52.7493,Received an expired out of sequence packet ,9496,9910
52.7634,Received an expired out of sequence packet ,9497,9910
52.7715,Received an expired out of sequence packet ,9498,9910
52.7875,Received an expired out of sequence packet ,9499,9910
52.7956,Received an expired out of sequence packet ,9500,9910
52.8108,Received an expired out of sequence packet ,9501,9910
52.8291,Received an expired out of sequence packet ,9502,9910
52.8342,Received an expired out of sequence packet ,9503,9910
52.8452,Received an expired out of sequence packet ,9504,9910
52.8654,Received an expired out of sequence packet ,9505,9910
52.8796,Received an expired out of sequence packet ,9506,9910
52.8897,Received an expired out of sequence packet ,9507,9910
52.908,Received an expired out of sequence packet ,9508,9910
52.9241,Received an expired out of sequence packet ,9509,9910
52.9382,Received an expired out of sequence packet ,9510,9910
52.9503,Received an expired out of sequence packet ,9511,9910
52.9834,Received an expired out of sequence packet ,9512,9910
53.0086,Received an expired out of sequence packet ,9513,9910
53.0236,Received an expired out of sequence packet ,9514,9910
53.0519,Received an expired out of sequence packet ,9515,9910
53.0689,Received an expired out of sequence packet ,9516,9910
53.0929,Received an expired out of sequence packet ,9517,9910
53.1131,Received an expired out of sequence packet ,9518,9910
53.1422,Received an expired out of sequence packet ,9519,9910
53.1423,Received an expired out of sequence packet ,9520,9910
53.1624,Received an expired out of sequence packet ,9521,9910
53.1885,Received an expired out of sequence packet ,9522,9910
53.2107,Received an expired out of sequence packet ,9523,9910
53.2309,Received an expired out of sequence packet ,9524,9910
53.265,Received an expired out of sequence packet ,9525,9910
53.2953,Received an expired out of sequence packet ,9526,9910
53.3034,Received an expired out of sequence packet ,9527,9910
53.3276,Received an expired out of sequence packet ,9528,9910
53.3457,Received an expired out of sequence packet ,9529,9910
53.3669,Received an expired out of sequence packet ,9530,9910
53.386,Received an expired out of sequence packet ,9531,9910
53.4052,Received an expired out of sequence packet ,9532,9910
53.4223,Received an expired out of sequence packet ,9533,9910
53.4345,Received an expired out of sequence packet ,9534,9910
53.4437,Received an expired out of sequence packet ,9535,9910
53.4599,Received an expired out of sequence packet ,9536,9910
53.4699,Received an expired out of sequence packet ,9537,9910
53.4821,Received an expired out of sequence packet ,9538,9910
53.4963,Received an expired out of sequence packet ,9539,9910
53.5093,Received an expired out of sequence packet ,9540,9910
53.5306,Received an expired out of sequence packet ,9541,9910
53.5396,Received an expired out of sequence packet ,9542,9910
53.5627,Received an expired out of sequence packet ,9543,9910
53.59,Received an expired out of sequence packet ,9544,9910
53.6051,Received an expired out of sequence packet ,9545,9910
53.6273,Received an expired out of sequence packet ,9546,9910
53.6424,Received an expired out of sequence packet ,9547,9910
53.6555,Received an expired out of sequence packet ,9548,9910
53.6767,Received an expired out of sequence packet ,9549,9910
53.6898,Received an expired out of sequence packet ,9550,9910
53.704,Received an expired out of sequence packet ,9551,9910
53.7211,Received an expired out of sequence packet ,9552,9910
53.7482,Received an expired out of sequence packet ,9553,9910
53.7633,Received an expired out of sequence packet ,9554,9910
53.7895,Received an expired out of sequence packet ,9555,9910
53.8006,Received an expired out of sequence packet ,9556,9910
53.8219,Received an expired out of sequence packet ,9557,9910
53.833,Received an expired out of sequence packet ,9558,9910
53.8453,Received an expired out of sequence packet ,9559,9910
53.8585,Received an expired out of sequence packet ,9560,9910
53.8637,Received an expired out of sequence packet ,9561,9910
53.8688,Received an expired out of sequence packet ,9562,9910
53.881,Received an expired out of sequence packet ,9563,9910
53.887,Received an expired out of sequence packet ,9564,9910
53.8941,Received an expired out of sequence packet ,9565,9910
53.9084,Received an expired out of sequence packet ,9566,9910
53.9164,Received an expired out of sequence packet ,9567,9910
53.9275,Received an expired out of sequence packet ,9568,9910
53.9357,Received an expired out of sequence packet ,9569,9910
53.9509,Received an expired out of sequence packet ,9570,9910
53.956,Received an expired out of sequence packet ,9571,9910
53.9681,Received an expired out of sequence packet ,9572,9910
53.9853,Received an expired out of sequence packet ,9573,9910
54.0045,Received an expired out of sequence packet ,9574,9910
54.0145,Received an expired out of sequence packet ,9575,9910
54.0497,Received an expired out of sequence packet ,9576,9910
54.0659,Received an expired out of sequence packet ,9577,9910
54.0811,Received an expired out of sequence packet ,9578,9910
54.1001,Received an expired out of sequence packet ,9579,9910
54.1214,Received an expired out of sequence packet ,9580,9910
54.1355,Received an expired out of sequence packet ,9581,9910
54.1467,Received an expired out of sequence packet ,9582,9910
54.1598,Received an expired out of sequence packet ,9583,9910
54.176,Received an expired out of sequence packet ,9584,9910
54.1891,Received an expired out of sequence packet ,9585,9910
54.2063,Received an expired out of sequence packet ,9586,9910
54.2185,Received an expired out of sequence packet ,9587,9910
54.2356,Received an expired out of sequence packet ,9588,9910
54.2356,Received an expired out of sequence packet ,9589,9910
54.2487,Received an expired out of sequence packet ,9590,9910
54.2699,Received an expired out of sequence packet ,9591,9910
54.278,Received an expired out of sequence packet ,9592,9910
54.2982,Received an expired out of sequence packet ,9593,9910
54.3053,Received an expired out of sequence packet ,9594,9910
54.3315,Received an expired out of sequence packet ,9595,9910
54.3465,Received an expired out of sequence packet ,9596,9910
54.3698,Received an expired out of sequence packet ,9597,9910
54.3868,Received an expired out of sequence packet ,9598,9910
54.4071,Received an expired out of sequence packet ,9599,9910
54.4201,Received an expired out of sequence packet ,9600,9910
54.4392,Received an expired out of sequence packet ,9601,9910
54.4613,Received an expired out of sequence packet ,9602,9910
54.4997,Received an expired out of sequence packet ,9603,9910
54.5138,Received an expired out of sequence packet ,9604,9910
54.5418,Received an expired out of sequence packet ,9605,9910
54.5749,Received an expired out of sequence packet ,9606,9910
54.599,Received an expired out of sequence packet ,9607,9910
54.6232,Received an expired out of sequence packet ,9608,9910
54.6435,Received an expired out of sequence packet ,9609,9910
54.6576,Received an expired out of sequence packet ,9610,9910
54.6738,Received an expired out of sequence packet ,9611,9910
54.6879,Received an expired out of sequence packet ,9612,9910
54.7021,Received an expired out of sequence packet ,9613,9910
54.7173,Received an expired out of sequence packet ,9614,9910
54.7364,Received an expired out of sequence packet ,9615,9910
54.7456,Received an expired out of sequence packet ,9616,9910
54.7577,Received an expired out of sequence packet ,9617,9910
54.7669,Received an expired out of sequence packet ,9618,9910
54.7782,Received an expired out of sequence packet ,9619,9910
54.7944,Received an expired out of sequence packet ,9620,9910
54.7964,Received an expired out of sequence packet ,9621,9910
54.8055,Received an expired out of sequence packet ,9622,9910
54.8206,Received an expired out of sequence packet ,9623,9910
54.8348,Received an expired out of sequence packet ,9624,9910
54.849,Received an expired out of sequence packet ,9625,9910
54.8661,Received an expired out of sequence packet ,9626,9910
54.8792,Received an expired out of sequence packet ,9627,9910
54.8954,Received an expired out of sequence packet ,9628,9910
54.9044,Received an expired out of sequence packet ,9629,9910
54.9245,Received an expired out of sequence packet ,9630,9910
54.9469,Received an expired out of sequence packet ,9631,9910
54.9652,Received an expired out of sequence packet ,9632,9910
54.9695,Received an expired out of sequence packet ,9633,9910
54.9705,Received an expired out of sequence packet ,9634,9910
54.9726,Received an expired out of sequence packet ,9635,9910
54.9726,Received an expired out of sequence packet ,9636,9910
54.9737,Received an expired out of sequence packet ,9637,9910
54.9737,Received an expired out of sequence packet ,9638,9910
54.9737,Received an expired out of sequence packet ,9639,9910
54.9737,Received an expired out of sequence packet ,9640,9910
54.9778,Received an expired out of sequence packet ,9641,9910
54.9818,Received an expired out of sequence packet ,9642,9910
54.9818,Received an expired out of sequence packet ,9643,9910
54.9819,Received an expired out of sequence packet ,9644,9910
54.9839,Received an expired out of sequence packet ,9645,9910
54.9839,Received an expired out of sequence packet ,9646,9910
54.9868,Received an expired out of sequence packet ,9647,9910
54.988,Received an expired out of sequence packet ,9648,9910
54.988,Received an expired out of sequence packet ,9649,9910
54.9901,Received an expired out of sequence packet ,9650,9910
55.0058,Received an expired out of sequence packet ,9651,9910
55.0068,Received an expired out of sequence packet ,9652,9910
55.0068,Received an expired out of sequence packet ,9653,9910
55.0079,Received an expired out of sequence packet ,9654,9910
55.0099,Received an expired out of sequence packet ,9655,9910
55.0099,Received an expired out of sequence packet ,9656,9910
55.0099,Received an expired out of sequence packet ,9657,9910
55.0099,Received an expired out of sequence packet ,9658,9910
55.01,Received an expired out of sequence packet ,9659,9910
55.01,Received an expired out of sequence packet ,9660,9910
55.0119,Received an expired out of sequence packet ,9661,9910
55.0119,Received an expired out of sequence packet ,9662,9910
55.0153,Received an expired out of sequence packet ,9663,9910
55.0153,Received an expired out of sequence packet ,9664,9910
55.0303,Received an expired out of sequence packet ,9665,9910
55.0325,Received an expired out of sequence packet ,9666,9910
55.0325,Received an expired out of sequence packet ,9667,9910
55.0325,Received an expired out of sequence packet ,9668,9910
55.0326,Received an expired out of sequence packet ,9669,9910
55.0326,Received an expired out of sequence packet ,9670,9910
55.0326,Received an expired out of sequence packet ,9671,9910
55.0326,Received an expired out of sequence packet ,9672,9910
55.0327,Received an expired out of sequence packet ,9673,9910
55.0346,Received an expired out of sequence packet ,9674,9910
55.0368,Received an expired out of sequence packet ,9675,9910
55.038,Received an expired out of sequence packet ,9676,9910
55.0402,Received an expired out of sequence packet ,9677,9910
55.0466,Received an expired out of sequence packet ,9678,9910
55.0466,Received an expired out of sequence packet ,9679,9910
55.0477,Received an expired out of sequence packet ,9680,9910
55.0477,Received an expired out of sequence packet ,9681,9910
55.0477,Received an expired out of sequence packet ,9682,9910
55.0487,Received an expired out of sequence packet ,9683,9910
55.0498,Received an expired out of sequence packet ,9684,9910
55.0521,Received an expired out of sequence packet ,9685,9910
55.0564,Received an expired out of sequence packet ,9686,9910
55.0564,Received an expired out of sequence packet ,9687,9910
55.0575,Received an expired out of sequence packet ,9688,9910
55.0575,Received an expired out of sequence packet ,9689,9910
55.0596,Received an expired out of sequence packet ,9690,9910
55.0637,Received an expired out of sequence packet ,9691,9910
55.0648,Received an expired out of sequence packet ,9692,9910
55.0648,Received an expired out of sequence packet ,9693,9910
55.0648,Received an expired out of sequence packet ,9694,9910
55.0694,Received an expired out of sequence packet ,9695,9910
55.0715,Received an expired out of sequence packet ,9696,9910
55.0716,Received an expired out of sequence packet ,9697,9910
55.0716,Received an expired out of sequence packet ,9698,9910
55.0726,Received an expired out of sequence packet ,9699,9910
55.0726,Received an expired out of sequence packet ,9700,9910
55.0748,Received an expired out of sequence packet ,9701,9910
55.0768,Received an expired out of sequence packet ,9702,9910
55.0812,Received an expired out of sequence packet ,9703,9910
55.0852,Received an expired out of sequence packet ,9704,9910
55.0853,Received an expired out of sequence packet ,9705,9910
55.0873,Received an expired out of sequence packet ,9706,9910
55.0873,Received an expired out of sequence packet ,9707,9910
55.0884,Received an expired out of sequence packet ,9708,9910
55.0884,Received an expired out of sequence packet ,9709,9910
55.0884,Received an expired out of sequence packet ,9710,9910
55.0904,Received an expired out of sequence packet ,9711,9910
55.0922,Received an expired out of sequence packet ,9712,9910
55.0947,Received an expired out of sequence packet ,9713,9910
55.0968,Received an expired out of sequence packet ,9714,9910
55.098,Received an expired out of sequence packet ,9715,9910
55.098,Received an expired out of sequence packet ,9716,9910
55.1124,Received an expired out of sequence packet ,9717,9910
55.1135,Received an expired out of sequence packet ,9718,9910
55.1155,Received an expired out of sequence packet ,9719,9910
55.1156,Received an expired out of sequence packet ,9720,9910
55.1156,Received an expired out of sequence packet ,9721,9910
55.1156,Received an expired out of sequence packet ,9722,9910
55.1176,Received an expired out of sequence packet ,9723,9910
55.1176,Received an expired out of sequence packet ,9724,9910
55.1176,Received an expired out of sequence packet ,9725,9910
55.1197,Received an expired out of sequence packet ,9726,9910
55.1217,Received an expired out of sequence packet ,9727,9910
55.1218,Received an expired out of sequence packet ,9728,9910
55.1238,Received an expired out of sequence packet ,9729,9910
55.1374,Received an expired out of sequence packet ,9730,9910
55.1374,Received an expired out of sequence packet ,9731,9910
55.1437,Received an expired out of sequence packet ,9732,9910
55.1437,Received an expired out of sequence packet ,9733,9910
55.1437,Received an expired out of sequence packet ,9734,9910
55.1437,Received an expired out of sequence packet ,9735,9910
55.1519,Received an expired out of sequence packet ,9736,9910
55.1519,Received an expired out of sequence packet ,9737,9910
55.1519,Received an expired out of sequence packet ,9738,9910
55.152,Received an expired out of sequence packet ,9739,9910
55.152,Received an expired out of sequence packet ,9740,9910
55.153,Received an expired out of sequence packet ,9741,9910
55.153,Received an expired out of sequence packet ,9742,9910
55.154,Received an expired out of sequence packet ,9743,9910
55.157,Received an expired out of sequence packet ,9744,9910
55.1571,Received an expired out of sequence packet ,9745,9910
55.1602,Received an expired out of sequence packet ,9746,9910
55.1646,Received an expired out of sequence packet ,9747,9910
55.1646,Received an expired out of sequence packet ,9748,9910
55.174,Received an expired out of sequence packet ,9749,9910
55.177,Received an expired out of sequence packet ,9750,9910
55.1801,Received an expired out of sequence packet ,9751,9910
55.1801,Received an expired out of sequence packet ,9752,9910
55.1801,Received an expired out of sequence packet ,9753,9910
55.1822,Received an expired out of sequence packet ,9754,9910
55.1862,Received an expired out of sequence packet ,9755,9910
55.1862,Received an expired out of sequence packet ,9756,9910
55.1873,Received an expired out of sequence packet ,9757,9910
55.1873,Received an expired out of sequence packet ,9758,9910
55.2048,Received an expired out of sequence packet ,9759,9910
55.2048,Received an expired out of sequence packet ,9760,9910
55.2058,Received an expired out of sequence packet ,9761,9910
55.209,Received an expired out of sequence packet ,9762,9910
55.2124,Received an expired out of sequence packet ,9763,9910
55.2124,Received an expired out of sequence packet ,9764,9910
55.2124,Received an expired out of sequence packet ,9765,9910
55.2124,Received an expired out of sequence packet ,9766,9910
55.2124,Received an expired out of sequence packet ,9767,9910
55.2145,Received an expired out of sequence packet ,9768,9910
55.2145,Received an expired out of sequence packet ,9769,9910
55.2145,Received an expired out of sequence packet ,9770,9910
55.2167,Received an expired out of sequence packet ,9771,9910
55.2187,Received an expired out of sequence packet ,9772,9910
55.2199,Received an expired out of sequence packet ,9773,9910
55.2199,Received an expired out of sequence packet ,9774,9910
55.222,Received an expired out of sequence packet ,9775,9910
55.2251,Received an expired out of sequence packet ,9776,9910
55.2272,Received an expired out of sequence packet ,9777,9910
55.2294,Received an expired out of sequence packet ,9778,9910
55.2315,Received an expired out of sequence packet ,9779,9910
55.2315,Received an expired out of sequence packet ,9780,9910
55.2325,Received an expired out of sequence packet ,9781,9910
55.2337,Received an expired out of sequence packet ,9782,9910
55.2368,Received an expired out of sequence packet ,9783,9910
55.2388,Received an expired out of sequence packet ,9784,9910
55.2399,Received an expired out of sequence packet ,9785,9910
55.246,Received an expired out of sequence packet ,9786,9910
55.2478,Received an expired out of sequence packet ,9787,9910
55.2478,Received an expired out of sequence packet ,9788,9910
55.2511,Received an expired out of sequence packet ,9789,9910
55.2532,Received an expired out of sequence packet ,9790,9910
55.2533,Received an expired out of sequence packet ,9791,9910
55.2678,Received an expired out of sequence packet ,9792,9910
55.2698,Received an expired out of sequence packet ,9793,9910
55.2699,Received an expired out of sequence packet ,9794,9910
55.2699,Received an expired out of sequence packet ,9795,9910
55.2699,Received an expired out of sequence packet ,9796,9910
55.2739,Received an expired out of sequence packet ,9797,9910
55.2763,Received an expired out of sequence packet ,9798,9910
55.2763,Received an expired out of sequence packet ,9799,9910
55.2773,Received an expired out of sequence packet ,9800,9910
55.2773,Received an expired out of sequence packet ,9801,9910
55.2797,Received an expired out of sequence packet ,9802,9910
55.2798,Received an expired out of sequence packet ,9803,9910
55.2798,Received an expired out of sequence packet ,9804,9910
55.2923,Received an expired out of sequence packet ,9805,9910
55.2923,Received an expired out of sequence packet ,9806,9910
55.2946,Received an expired out of sequence packet ,9807,9910
55.2956,Received an expired out of sequence packet ,9808,9910
55.2967,Received an expired out of sequence packet ,9809,9910
55.2968,Received an expired out of sequence packet ,9810,9910
55.2968,Received an expired out of sequence packet ,9811,9910
55.2968,Received an expired out of sequence packet ,9812,9910
55.2968,Received an expired out of sequence packet ,9813,9910
55.2968,Received an expired out of sequence packet ,9814,9910
55.2968,Received an expired out of sequence packet ,9815,9910
55.2988,Received an expired out of sequence packet ,9816,9910
55.2989,Received an expired out of sequence packet ,9817,9910
55.3019,Received an expired out of sequence packet ,9818,9910
55.304,Received an expired out of sequence packet ,9819,9910
55.304,Received an expired out of sequence packet ,9820,9910
55.307,Received an expired out of sequence packet ,9821,9910
55.307,Received an expired out of sequence packet ,9822,9910
55.3081,Received an expired out of sequence packet ,9823,9910
55.3121,Received an expired out of sequence packet ,9824,9910
55.3133,Received an expired out of sequence packet ,9825,9910
55.3165,Received an expired out of sequence packet ,9826,9910
55.3286,Received an expired out of sequence packet ,9827,9910
55.3297,Received an expired out of sequence packet ,9828,9910
55.3297,Received an expired out of sequence packet ,9829,9910
55.3319,Received an expired out of sequence packet ,9830,9910
55.3329,Received an expired out of sequence packet ,9831,9910
55.335,Received an expired out of sequence packet ,9832,9910
55.3363,Received an expired out of sequence packet ,9833,9910
55.3363,Received an expired out of sequence packet ,9834,9910
55.3363,Received an expired out of sequence packet ,9835,9910
55.3384,Received an expired out of sequence packet ,9836,9910
55.3427,Received an expired out of sequence packet ,9837,9910
55.3428,Received an expired out of sequence packet ,9838,9910
55.3428,Received an expired out of sequence packet ,9839,9910
55.3449,Received an expired out of sequence packet ,9840,9910
55.3449,Received an expired out of sequence packet ,9841,9910
55.346,Received an expired out of sequence packet ,9842,9910
55.3494,Received an expired out of sequence packet ,9843,9910
55.3515,Received an expired out of sequence packet ,9844,9910
55.3515,Received an expired out of sequence packet ,9845,9910
55.3537,Received an expired out of sequence packet ,9846,9910
55.3548,Received an expired out of sequence packet ,9847,9910
55.3559,Received an expired out of sequence packet ,9848,9910
55.3559,Received an expired out of sequence packet ,9849,9910
55.36,Received an expired out of sequence packet ,9850,9910
55.3611,Received an expired out of sequence packet ,9851,9910
55.3652,Received an expired out of sequence packet ,9852,9910
55.3652,Received an expired out of sequence packet ,9853,9910
55.3675,Received an expired out of sequence packet ,9854,9910
55.3687,Received an expired out of sequence packet ,9855,9910
55.3687,Received an expired out of sequence packet ,9856,9910
55.3848,Received an expired out of sequence packet ,9857,9910
55.387,Received an expired out of sequence packet ,9858,9910
55.387,Received an expired out of sequence packet ,9859,9910
55.387,Received an expired out of sequence packet ,9860,9910
55.387,Received an expired out of sequence packet ,9861,9910
55.3871,Received an expired out of sequence packet ,9862,9910
55.3995,Received an expired out of sequence packet ,9863,9910
55.3996,Received an expired out of sequence packet ,9864,9910
55.3996,Received an expired out of sequence packet ,9865,9910
55.3996,Received an expired out of sequence packet ,9866,9910
55.3996,Received an expired out of sequence packet ,9867,9910
55.404,Received an expired out of sequence packet ,9868,9910
55.4052,Received an expired out of sequence packet ,9869,9910
55.4052,Received an expired out of sequence packet ,9870,9910
55.4074,Received an expired out of sequence packet ,9871,9910
55.4074,Received an expired out of sequence packet ,9872,9910
55.4075,Received an expired out of sequence packet ,9873,9910
55.4096,Received an expired out of sequence packet ,9874,9910
55.4107,Received an expired out of sequence packet ,9875,9910
55.4128,Received an expired out of sequence packet ,9876,9910
55.414,Received an expired out of sequence packet ,9877,9910
55.4201,Received an expired out of sequence packet ,9878,9910
55.4212,Received an expired out of sequence packet ,9879,9910
55.4224,Received an expired out of sequence packet ,9880,9910
55.4246,Received an expired out of sequence packet ,9881,9910
55.4246,Received an expired out of sequence packet ,9882,9910
55.4257,Received an expired out of sequence packet ,9883,9910
55.4427,Received an expired out of sequence packet ,9884,9910
55.4461,Received an expired out of sequence packet ,9885,9910
55.4461,Received an expired out of sequence packet ,9886,9910
55.447,Received an expired out of sequence packet ,9887,9910
55.4471,Received an expired out of sequence packet ,9888,9910
55.4471,Received an expired out of sequence packet ,9889,9910
55.4471,Received an expired out of sequence packet ,9890,9910
55.4471,Received an expired out of sequence packet ,9891,9910
55.4472,Received an expired out of sequence packet ,9892,9910
55.4482,Received an expired out of sequence packet ,9893,9910
55.4503,Received an expired out of sequence packet ,9894,9910
55.4523,Received an expired out of sequence packet ,9895,9910
55.4555,Received an expired out of sequence packet ,9896,9910
55.4567,Received an expired out of sequence packet ,9897,9910
55.4636,Received an expired out of sequence packet ,9898,9910
55.4646,Received an expired out of sequence packet ,9899,9910
55.4647,Received an expired out of sequence packet ,9900,9910
55.4668,Received an expired out of sequence packet ,9901,9910
55.4678,Received an expired out of sequence packet ,9902,9910
55.4709,Received an expired out of sequence packet ,9903,9910
55.4721,Received an expired out of sequence packet ,9904,9910
55.4774,Received an expired out of sequence packet ,9905,9910
55.4855,Received an expired out of sequence packet ,9906,9910
55.4855,Received an expired out of sequence packet ,9907,9910
55.4894,Received an expired out of sequence packet ,9908,9910
55.4894,Received an expired out of sequence packet ,9909,9910
82.2939,Missing packet expired,29694
85.5916,Timeout
85.5917,clearing sending list because of timeout
85.6193,Received an expired out of sequence packet ,30293,30352
85.6261,Received an expired out of sequence packet ,30294,30352
85.6303,Received an expired out of sequence packet ,30295,30352
85.6303,Received an expired out of sequence packet ,30296,30352
85.6303,Received an expired out of sequence packet ,30297,30352
85.6303,Received an expired out of sequence packet ,30298,30352
85.6303,Received an expired out of sequence packet ,30299,30352
85.6303,Received an expired out of sequence packet ,30300,30352
85.6314,Received an expired out of sequence packet ,30301,30352
85.6314,Received an expired out of sequence packet ,30302,30352
85.6314,Received an expired out of sequence packet ,30303,30352
85.6314,Received an expired out of sequence packet ,30304,30352
85.6315,Received an expired out of sequence packet ,30305,30352
85.6335,Received an expired out of sequence packet ,30306,30352
85.6336,Received an expired out of sequence packet ,30307,30352
85.6336,Received an expired out of sequence packet ,30308,30352
85.6336,Received an expired out of sequence packet ,30309,30352
85.6336,Received an expired out of sequence packet ,30310,30352
85.6336,Received an expired out of sequence packet ,30311,30352
85.6336,Received an expired out of sequence packet ,30312,30352
85.6337,Received an expired out of sequence packet ,30313,30352
85.6337,Received an expired out of sequence packet ,30314,30352
85.6337,Received an expired out of sequence packet ,30315,30352
85.6337,Received an expired out of sequence packet ,30316,30352
85.6337,Received an expired out of sequence packet ,30317,30352
85.6337,Received an expired out of sequence packet ,30318,30352
85.6338,Received an expired out of sequence packet ,30319,30352
85.6387,Received an expired out of sequence packet ,30320,30352
85.6388,Received an expired out of sequence packet ,30321,30352
85.6388,Received an expired out of sequence packet ,30322,30352
85.6399,Received an expired out of sequence packet ,30323,30352
85.6399,Received an expired out of sequence packet ,30324,30352
85.6399,Received an expired out of sequence packet ,30325,30352
85.641,Received an expired out of sequence packet ,30326,30352
85.6422,Received an expired out of sequence packet ,30327,30352
85.6422,Received an expired out of sequence packet ,30328,30352
85.6422,Received an expired out of sequence packet ,30329,30352
85.6422,Received an expired out of sequence packet ,30330,30352
85.6422,Received an expired out of sequence packet ,30331,30352
85.6423,Received an expired out of sequence packet ,30332,30352
85.6423,Received an expired out of sequence packet ,30333,30352
85.6423,Received an expired out of sequence packet ,30334,30352
85.6423,Received an expired out of sequence packet ,30335,30352
85.6423,Received an expired out of sequence packet ,30336,30352
85.6423,Received an expired out of sequence packet ,30337,30352
85.6423,Received an expired out of sequence packet ,30338,30352
85.6424,Received an expired out of sequence packet ,30339,30352
85.6424,Received an expired out of sequence packet ,30340,30352
85.6424,Received an expired out of sequence packet ,30341,30352
85.6424,Received an expired out of sequence packet ,30342,30352
85.6424,Received an expired out of sequence packet ,30343,30352
85.6424,Received an expired out of sequence packet ,30344,30352
85.6434,Received an expired out of sequence packet ,30345,30352
85.6434,Received an expired out of sequence packet ,30346,30352
85.6434,Received an expired out of sequence packet ,30347,30352
85.6434,Received an expired out of sequence packet ,30348,30352
85.6435,Received an expired out of sequence packet ,30349,30352
85.6445,Received an expired out of sequence packet ,30350,30352
85.6446,Received an expired out of sequence packet ,30351,30352
85.8647,Timeout
85.8647,clearing sending list because of timeout
85.9068,Received an expired out of sequence packet ,30355,30400
85.918,Received an expired out of sequence packet ,30356,30400
85.9221,Received an expired out of sequence packet ,30357,30400
85.9221,Received an expired out of sequence packet ,30358,30400
85.9221,Received an expired out of sequence packet ,30359,30400
85.9222,Received an expired out of sequence packet ,30360,30400
85.9222,Received an expired out of sequence packet ,30361,30400
85.9232,Received an expired out of sequence packet ,30362,30400
85.9232,Received an expired out of sequence packet ,30363,30400
85.9233,Received an expired out of sequence packet ,30364,30400
85.9233,Received an expired out of sequence packet ,30365,30400
85.9233,Received an expired out of sequence packet ,30366,30400
85.9233,Received an expired out of sequence packet ,30367,30400
85.9233,Received an expired out of sequence packet ,30368,30400
85.9233,Received an expired out of sequence packet ,30369,30400
85.9234,Received an expired out of sequence packet ,30370,30400
85.9244,Received an expired out of sequence packet ,30371,30400
85.9245,Received an expired out of sequence packet ,30372,30400
85.9245,Received an expired out of sequence packet ,30373,30400
85.9245,Received an expired out of sequence packet ,30374,30400
85.9245,Received an expired out of sequence packet ,30375,30400
85.9245,Received an expired out of sequence packet ,30376,30400
85.9245,Received an expired out of sequence packet ,30377,30400
85.9246,Received an expired out of sequence packet ,30378,30400
85.9246,Received an expired out of sequence packet ,30379,30400
85.9246,Received an expired out of sequence packet ,30380,30400
85.9246,Received an expired out of sequence packet ,30381,30400
85.9246,Received an expired out of sequence packet ,30382,30400
85.9246,Received an expired out of sequence packet ,30383,30400
85.9246,Received an expired out of sequence packet ,30384,30400
85.9247,Received an expired out of sequence packet ,30385,30400
85.9256,Received an expired out of sequence packet ,30386,30400
85.9257,Received an expired out of sequence packet ,30387,30400
85.9257,Received an expired out of sequence packet ,30388,30400
85.9257,Received an expired out of sequence packet ,30389,30400
85.9257,Received an expired out of sequence packet ,30390,30400
85.9257,Received an expired out of sequence packet ,30391,30400
85.9257,Received an expired out of sequence packet ,30392,30400
85.9258,Received an expired out of sequence packet ,30393,30400
85.9258,Received an expired out of sequence packet ,30394,30400
85.9258,Received an expired out of sequence packet ,30395,30400
85.9258,Received an expired out of sequence packet ,30396,30400
85.9258,Received an expired out of sequence packet ,30397,30400
85.9258,Received an expired out of sequence packet ,30398,30400
85.9259,Received an expired out of sequence packet ,30399,30400
89.677,Timeout
89.677,clearing sending list because of timeout
89.6886,Received an expired out of sequence packet ,30674,30675
92.4888,Missing packet expired,31941
95.166,Missing packet expired,33809
127.226,Timeout
127.226,clearing sending list because of timeout
127.369,Received an expired out of sequence packet ,62405,62442
127.37,Received an expired out of sequence packet ,62406,62442
127.384,Received an expired out of sequence packet ,62407,62442
127.385,Received an expired out of sequence packet ,62408,62442
127.387,Received an expired out of sequence packet ,62409,62442
127.391,Received an expired out of sequence packet ,62410,62442
127.392,Received an expired out of sequence packet ,62411,62442
127.395,Received an expired out of sequence packet ,62412,62442
127.395,Received an expired out of sequence packet ,62413,62442
127.43,Received an expired out of sequence packet ,62414,62442
127.432,Received an expired out of sequence packet ,62415,62442
127.438,Received an expired out of sequence packet ,62416,62442
127.439,Received an expired out of sequence packet ,62417,62442
127.44,Received an expired out of sequence packet ,62418,62442
127.442,Received an expired out of sequence packet ,62419,62442
127.443,Received an expired out of sequence packet ,62420,62442
127.444,Received an expired out of sequence packet ,62421,62442
127.445,Received an expired out of sequence packet ,62422,62442
127.454,Received an expired out of sequence packet ,62423,62442
127.463,Received an expired out of sequence packet ,62424,62442
127.463,Received an expired out of sequence packet ,62425,62442
127.463,Received an expired out of sequence packet ,62426,62442
127.463,Received an expired out of sequence packet ,62427,62442
127.463,Received an expired out of sequence packet ,62428,62442
127.463,Received an expired out of sequence packet ,62429,62442
127.464,Received an expired out of sequence packet ,62430,62442
127.466,Received an expired out of sequence packet ,62431,62442
127.466,Received an expired out of sequence packet ,62432,62442
127.468,Received an expired out of sequence packet ,62433,62442
127.468,Received an expired out of sequence packet ,62434,62442
127.468,Received an expired out of sequence packet ,62435,62442
127.468,Received an expired out of sequence packet ,62436,62442
127.468,Received an expired out of sequence packet ,62437,62442
127.471,Received an expired out of sequence packet ,62438,62442
127.473,Received an expired out of sequence packet ,62439,62442
127.485,Received an expired out of sequence packet ,62440,62442
127.536,Received an expired out of sequence packet ,62441,62442
128.588,Timeout
128.588,clearing sending list because of timeout
128.6,Received an expired out of sequence packet ,62505,62539
128.608,Received an expired out of sequence packet ,62506,62539
128.609,Received an expired out of sequence packet ,62507,62539
128.612,Received an expired out of sequence packet ,62508,62539
128.614,Received an expired out of sequence packet ,62509,62539
128.617,Received an expired out of sequence packet ,62510,62539
128.618,Received an expired out of sequence packet ,62511,62539
128.62,Received an expired out of sequence packet ,62512,62539
128.622,Received an expired out of sequence packet ,62513,62539
128.624,Received an expired out of sequence packet ,62514,62539
128.634,Received an expired out of sequence packet ,62515,62539
128.687,Received an expired out of sequence packet ,62516,62539
128.689,Received an expired out of sequence packet ,62517,62539
128.689,Received an expired out of sequence packet ,62518,62539
128.691,Received an expired out of sequence packet ,62519,62539
128.693,Received an expired out of sequence packet ,62520,62539
128.696,Received an expired out of sequence packet ,62521,62539
128.698,Received an expired out of sequence packet ,62522,62539
128.704,Received an expired out of sequence packet ,62523,62539
128.836,Received an expired out of sequence packet ,62524,62539
128.838,Received an expired out of sequence packet ,62525,62539
128.843,Received an expired out of sequence packet ,62526,62539
128.847,Received an expired out of sequence packet ,62527,62539
128.855,Received an expired out of sequence packet ,62528,62539
128.856,Received an expired out of sequence packet ,62529,62539
128.856,Received an expired out of sequence packet ,62530,62539
128.856,Received an expired out of sequence packet ,62531,62539
128.856,Received an expired out of sequence packet ,62532,62539
128.858,Received an expired out of sequence packet ,62533,62539
128.86,Received an expired out of sequence packet ,62534,62539
128.861,Received an expired out of sequence packet ,62535,62539
128.862,Received an expired out of sequence packet ,62536,62539
128.865,Received an expired out of sequence packet ,62537,62539
129.047,Received an expired out of sequence packet ,62538,62539
210.66,Missing packet expired,123928
247.071,Timeout
247.071,clearing sending list because of timeout
247.084,Received an expired out of sequence packet ,141864,141910
248.084,Timeout
248.084,clearing sending list because of timeout
248.086,Received an expired out of sequence packet ,141865,141912
249.083,Received an expired out of sequence packet ,141866,141912
250.083,Timeout
250.083,clearing sending list because of timeout
250.179,Received an expired out of sequence packet ,141867,141918
250.193,Received an expired out of sequence packet ,141868,141918
250.193,Received an expired out of sequence packet ,141869,141918
250.2,Received an expired out of sequence packet ,141870,141918
250.208,Received an expired out of sequence packet ,141871,141918
250.223,Received an expired out of sequence packet ,141872,141918
250.237,Received an expired out of sequence packet ,141873,141918
250.244,Received an expired out of sequence packet ,141874,141918
250.244,Received an expired out of sequence packet ,141875,141918
250.244,Received an expired out of sequence packet ,141876,141918
250.253,Received an expired out of sequence packet ,141877,141918
250.253,Received an expired out of sequence packet ,141878,141918
250.259,Received an expired out of sequence packet ,141879,141918
250.263,Received an expired out of sequence packet ,141880,141918
250.27,Received an expired out of sequence packet ,141881,141918
250.276,Received an expired out of sequence packet ,141882,141918
250.285,Received an expired out of sequence packet ,141883,141918
250.29,Received an expired out of sequence packet ,141884,141918
250.296,Received an expired out of sequence packet ,141885,141918
250.303,Received an expired out of sequence packet ,141886,141918
250.307,Received an expired out of sequence packet ,141887,141918
250.325,Received an expired out of sequence packet ,141888,141918
250.328,Received an expired out of sequence packet ,141889,141918
250.335,Received an expired out of sequence packet ,141890,141918
250.335,Received an expired out of sequence packet ,141891,141918
250.336,Received an expired out of sequence packet ,141892,141918
250.343,Received an expired out of sequence packet ,141893,141918
250.348,Received an expired out of sequence packet ,141894,141918
250.348,Received an expired out of sequence packet ,141895,141918
250.352,Received an expired out of sequence packet ,141896,141918
250.355,Received an expired out of sequence packet ,141897,141918
250.373,Received an expired out of sequence packet ,141898,141918
250.374,Received an expired out of sequence packet ,141899,141918
250.374,Received an expired out of sequence packet ,141900,141918
250.375,Received an expired out of sequence packet ,141901,141918
250.375,Received an expired out of sequence packet ,141902,141918
250.383,Received an expired out of sequence packet ,141903,141918
250.394,Received an expired out of sequence packet ,141904,141918
250.395,Received an expired out of sequence packet ,141905,141918
250.395,Received an expired out of sequence packet ,141906,141918
250.395,Received an expired out of sequence packet ,141907,141918
250.401,Received an expired out of sequence packet ,141908,141918
250.401,Received an expired out of sequence packet ,141909,141918
250.403,Received an expired out of sequence packet ,141910,141918
250.407,Received an expired out of sequence packet ,141911,141918
250.41,Received an expired out of sequence packet ,141912,141918
250.412,Received an expired out of sequence packet ,141913,141918
250.417,Received an expired out of sequence packet ,141914,141918
250.418,Received an expired out of sequence packet ,141915,141918
250.424,Received an expired out of sequence packet ,141916,141918
250.427,Received an expired out of sequence packet ,141917,141918
272.566,Timeout
272.566,clearing sending list because of timeout
272.847,Received an expired out of sequence packet ,151857,151858
278.366,Timeout
278.366,clearing sending list because of timeout
278.366,Received an expired out of sequence packet ,153595,153737
279.356,Received an expired out of sequence packet ,153596,153737
279.968,Received an expired out of sequence packet ,153597,153737
279.969,Received an expired out of sequence packet ,153598,153737
279.969,Received an expired out of sequence packet ,153599,153737
279.969,Received an expired out of sequence packet ,153600,153737
279.971,Received an expired out of sequence packet ,153601,153737
279.973,Received an expired out of sequence packet ,153602,153737
279.973,Received an expired out of sequence packet ,153603,153737
279.973,Received an expired out of sequence packet ,153604,153737
279.975,Received an expired out of sequence packet ,153605,153737
279.975,Received an expired out of sequence packet ,153606,153737
279.978,Received an expired out of sequence packet ,153607,153737
279.981,Received an expired out of sequence packet ,153608,153737
279.995,Received an expired out of sequence packet ,153609,153737
279.995,Received an expired out of sequence packet ,153610,153737
279.995,Received an expired out of sequence packet ,153611,153737
279.995,Received an expired out of sequence packet ,153612,153737
279.997,Received an expired out of sequence packet ,153613,153737
279.997,Received an expired out of sequence packet ,153614,153737
279.997,Received an expired out of sequence packet ,153615,153737
279.997,Received an expired out of sequence packet ,153616,153737
279.997,Received an expired out of sequence packet ,153617,153737
279.997,Received an expired out of sequence packet ,153618,153737
279.997,Received an expired out of sequence packet ,153619,153737
279.997,Received an expired out of sequence packet ,153620,153737
279.997,Received an expired out of sequence packet ,153621,153737
279.997,Received an expired out of sequence packet ,153622,153737
279.997,Received an expired out of sequence packet ,153623,153737
279.997,Received an expired out of sequence packet ,153624,153737
279.999,Received an expired out of sequence packet ,153625,153737
280.003,Received an expired out of sequence packet ,153626,153737
280.003,Received an expired out of sequence packet ,153627,153737
280.006,Received an expired out of sequence packet ,153628,153737
280.006,Received an expired out of sequence packet ,153629,153737
280.006,Received an expired out of sequence packet ,153630,153737
280.009,Received an expired out of sequence packet ,153631,153737
280.009,Received an expired out of sequence packet ,153632,153737
280.009,Received an expired out of sequence packet ,153633,153737
280.01,Received an expired out of sequence packet ,153634,153737
280.01,Received an expired out of sequence packet ,153635,153737
280.012,Received an expired out of sequence packet ,153636,153737
280.013,Received an expired out of sequence packet ,153637,153737
280.015,Received an expired out of sequence packet ,153638,153737
280.016,Received an expired out of sequence packet ,153639,153737
280.019,Received an expired out of sequence packet ,153640,153737
280.019,Received an expired out of sequence packet ,153641,153737
280.022,Received an expired out of sequence packet ,153642,153737
280.022,Received an expired out of sequence packet ,153643,153737
280.024,Received an expired out of sequence packet ,153644,153737
280.024,Received an expired out of sequence packet ,153645,153737
280.027,Received an expired out of sequence packet ,153646,153737
280.027,Received an expired out of sequence packet ,153647,153737
280.029,Received an expired out of sequence packet ,153648,153737
280.029,Received an expired out of sequence packet ,153649,153737
280.03,Received an expired out of sequence packet ,153650,153737
280.047,Received an expired out of sequence packet ,153651,153737
280.047,Received an expired out of sequence packet ,153652,153737
280.051,Received an expired out of sequence packet ,153653,153737
280.051,Received an expired out of sequence packet ,153654,153737
280.051,Received an expired out of sequence packet ,153655,153737
280.051,Received an expired out of sequence packet ,153656,153737
280.051,Received an expired out of sequence packet ,153657,153737
280.052,Received an expired out of sequence packet ,153658,153737
280.052,Received an expired out of sequence packet ,153659,153737
280.052,Received an expired out of sequence packet ,153660,153737
280.053,Received an expired out of sequence packet ,153661,153737
280.056,Received an expired out of sequence packet ,153662,153737
280.056,Received an expired out of sequence packet ,153663,153737
280.056,Received an expired out of sequence packet ,153664,153737
280.056,Received an expired out of sequence packet ,153665,153737
280.056,Received an expired out of sequence packet ,153666,153737
280.056,Received an expired out of sequence packet ,153667,153737
280.056,Received an expired out of sequence packet ,153668,153737
280.058,Received an expired out of sequence packet ,153669,153737
280.058,Received an expired out of sequence packet ,153670,153737
280.062,Received an expired out of sequence packet ,153671,153737
280.062,Received an expired out of sequence packet ,153672,153737
280.064,Received an expired out of sequence packet ,153673,153737
280.065,Received an expired out of sequence packet ,153674,153737
280.065,Received an expired out of sequence packet ,153675,153737
280.065,Received an expired out of sequence packet ,153676,153737
280.067,Received an expired out of sequence packet ,153677,153737
280.07,Received an expired out of sequence packet ,153678,153737
280.07,Received an expired out of sequence packet ,153679,153737
280.071,Received an expired out of sequence packet ,153680,153737
280.072,Received an expired out of sequence packet ,153681,153737
280.073,Received an expired out of sequence packet ,153682,153737
280.075,Received an expired out of sequence packet ,153683,153737
280.077,Received an expired out of sequence packet ,153684,153737
280.077,Received an expired out of sequence packet ,153685,153737
280.079,Received an expired out of sequence packet ,153686,153737
280.08,Received an expired out of sequence packet ,153687,153737
280.08,Received an expired out of sequence packet ,153688,153737
280.081,Received an expired out of sequence packet ,153689,153737
280.082,Received an expired out of sequence packet ,153690,153737
280.083,Received an expired out of sequence packet ,153691,153737
280.085,Received an expired out of sequence packet ,153692,153737
280.1,Received an expired out of sequence packet ,153693,153737
280.1,Received an expired out of sequence packet ,153694,153737
280.104,Received an expired out of sequence packet ,153695,153737
280.104,Received an expired out of sequence packet ,153696,153737
280.104,Received an expired out of sequence packet ,153697,153737
280.104,Received an expired out of sequence packet ,153698,153737
280.106,Received an expired out of sequence packet ,153699,153737
280.107,Received an expired out of sequence packet ,153700,153737
280.107,Received an expired out of sequence packet ,153701,153737
280.107,Received an expired out of sequence packet ,153702,153737
280.107,Received an expired out of sequence packet ,153703,153737
280.107,Received an expired out of sequence packet ,153704,153737
280.107,Received an expired out of sequence packet ,153705,153737
280.12,Received an expired out of sequence packet ,153706,153737
280.125,Received an expired out of sequence packet ,153707,153737
280.125,Received an expired out of sequence packet ,153708,153737
280.125,Received an expired out of sequence packet ,153709,153737
280.125,Received an expired out of sequence packet ,153710,153737
280.125,Received an expired out of sequence packet ,153711,153737
280.126,Received an expired out of sequence packet ,153712,153737
280.127,Received an expired out of sequence packet ,153713,153737
280.127,Received an expired out of sequence packet ,153714,153737
280.127,Received an expired out of sequence packet ,153715,153737
280.127,Received an expired out of sequence packet ,153716,153737
280.128,Received an expired out of sequence packet ,153717,153737
280.128,Received an expired out of sequence packet ,153718,153737
280.128,Received an expired out of sequence packet ,153719,153737
280.128,Received an expired out of sequence packet ,153720,153737
280.132,Received an expired out of sequence packet ,153721,153737
280.132,Received an expired out of sequence packet ,153722,153737
280.133,Received an expired out of sequence packet ,153723,153737
280.133,Received an expired out of sequence packet ,153724,153737
280.136,Received an expired out of sequence packet ,153725,153737
280.136,Received an expired out of sequence packet ,153726,153737
280.149,Received an expired out of sequence packet ,153727,153737
280.149,Received an expired out of sequence packet ,153728,153737
280.152,Received an expired out of sequence packet ,153729,153737
280.152,Received an expired out of sequence packet ,153730,153737
280.152,Received an expired out of sequence packet ,153731,153737
280.153,Received an expired out of sequence packet ,153732,153737
280.156,Received an expired out of sequence packet ,153733,153737
280.16,Received an expired out of sequence packet ,153734,153737
280.16,Received an expired out of sequence packet ,153735,153737
280.16,Received an expired out of sequence packet ,153736,153737
297.503,Timeout
297.503,clearing sending list because of timeout
297.627,Received an expired out of sequence packet ,174223,174284
297.645,Received an expired out of sequence packet 