1.32947,Exit slow start,exceeding SS_EXIT_THRESHOLD
3.93869,Timeout
3.93871,clearing sending list because of timeout
4.04477,Received an expired out of sequence packet ,2829,3074
4.04479,Received an expired out of sequence packet ,2830,3074
4.04481,Received an expired out of sequence packet ,2831,3074
4.04483,Received an expired out of sequence packet ,2832,3074
4.04484,Received an expired out of sequence packet ,2833,3074
4.04486,Received an expired out of sequence packet ,2834,3074
4.04488,Received an expired out of sequence packet ,2835,3074
4.0449,Received an expired out of sequence packet ,2836,3074
4.11925,Received an expired out of sequence packet ,2837,3074
4.12038,Received an expired out of sequence packet ,2838,3074
4.1204,Received an expired out of sequence packet ,2839,3074
4.12042,Received an expired out of sequence packet ,2840,3074
4.12043,Received an expired out of sequence packet ,2841,3074
4.12152,Received an expired out of sequence packet ,2842,3074
4.15098,Received an expired out of sequence packet ,2843,3074
4.15099,Received an expired out of sequence packet ,2844,3074
4.15101,Received an expired out of sequence packet ,2845,3074
4.15103,Received an expired out of sequence packet ,2846,3074
4.15105,Received an expired out of sequence packet ,2847,3074
4.15107,Received an expired out of sequence packet ,2848,3074
4.15109,Received an expired out of sequence packet ,2849,3074
4.15415,Received an expired out of sequence packet ,2850,3074
4.15417,Received an expired out of sequence packet ,2851,3074
4.16118,Received an expired out of sequence packet ,2852,3074
4.1612,Received an expired out of sequence packet ,2853,3074
4.16347,Received an expired out of sequence packet ,2854,3074
4.16348,Received an expired out of sequence packet ,2855,3074
4.1635,Received an expired out of sequence packet ,2856,3074
4.16352,Received an expired out of sequence packet ,2857,3074
4.16354,Received an expired out of sequence packet ,2858,3074
4.17662,Received an expired out of sequence packet ,2859,3074
4.18278,Received an expired out of sequence packet ,2860,3074
4.1828,Received an expired out of sequence packet ,2861,3074
4.18281,Received an expired out of sequence packet ,2862,3074
4.18283,Received an expired out of sequence packet ,2863,3074
4.18285,Received an expired out of sequence packet ,2864,3074
4.20109,Received an expired out of sequence packet ,2865,3074
4.2011,Received an expired out of sequence packet ,2866,3074
4.20112,Received an expired out of sequence packet ,2867,3074
4.20114,Received an expired out of sequence packet ,2868,3074
4.20115,Received an expired out of sequence packet ,2869,3074
4.20118,Received an expired out of sequence packet ,2870,3074
4.20119,Received an expired out of sequence packet ,2871,3074
4.20121,Received an expired out of sequence packet ,2872,3074
4.20123,Received an expired out of sequence packet ,2873,3074
4.21815,Received an expired out of sequence packet ,2874,3074
4.21817,Received an expired out of sequence packet ,2875,3074
4.21819,Received an expired out of sequence packet ,2876,3074
4.2182,Received an expired out of sequence packet ,2877,3074
4.21822,Received an expired out of sequence packet ,2878,3074
4.21823,Received an expired out of sequence packet ,2879,3074
4.21825,Received an expired out of sequence packet ,2880,3074
4.21827,Received an expired out of sequence packet ,2881,3074
4.21828,Received an expired out of sequence packet ,2882,3074
4.2183,Received an expired out of sequence packet ,2883,3074
4.22226,Received an expired out of sequence packet ,2884,3074
4.22227,Received an expired out of sequence packet ,2885,3074
4.22229,Received an expired out of sequence packet ,2886,3074
4.22231,Received an expired out of sequence packet ,2887,3074
4.22648,Received an expired out of sequence packet ,2888,3074
4.2265,Received an expired out of sequence packet ,2889,3074
4.22652,Received an expired out of sequence packet ,2890,3074
4.22653,Received an expired out of sequence packet ,2891,3074
4.22655,Received an expired out of sequence packet ,2892,3074
4.22656,Received an expired out of sequence packet ,2893,3074
4.22658,Received an expired out of sequence packet ,2894,3074
4.22659,Received an expired out of sequence packet ,2895,3074
4.22661,Received an expired out of sequence packet ,2896,3074
4.22663,Received an expired out of sequence packet ,2897,3074
4.22664,Received an expired out of sequence packet ,2898,3074
4.22666,Received an expired out of sequence packet ,2899,3074
4.22667,Received an expired out of sequence packet ,2900,3074
4.2287,Received an expired out of sequence packet ,2901,3074
4.23489,Received an expired out of sequence packet ,2902,3074
4.23696,Received an expired out of sequence packet ,2903,3074
4.23698,Received an expired out of sequence packet ,2904,3074
4.237,Received an expired out of sequence packet ,2905,3074
4.23702,Received an expired out of sequence packet ,2906,3074
4.23703,Received an expired out of sequence packet ,2907,3074
4.24575,Received an expired out of sequence packet ,2908,3074
4.24577,Received an expired out of sequence packet ,2909,3074
4.24578,Received an expired out of sequence packet ,2910,3074
4.2458,Received an expired out of sequence packet ,2911,3074
4.24582,Received an expired out of sequence packet ,2912,3074
4.24583,Received an expired out of sequence packet ,2913,3074
4.24783,Received an expired out of sequence packet ,2914,3074
4.24785,Received an expired out of sequence packet ,2915,3074
4.24787,Received an expired out of sequence packet ,2916,3074
4.24789,Received an expired out of sequence packet ,2917,3074
4.24791,Received an expired out of sequence packet ,2918,3074
4.24924,Received an expired out of sequence packet ,2919,3074
4.24926,Received an expired out of sequence packet ,2920,3074
4.25744,Received an expired out of sequence packet ,2921,3074
4.25746,Received an expired out of sequence packet ,2922,3074
4.25748,Received an expired out of sequence packet ,2923,3074
4.2575,Received an expired out of sequence packet ,2924,3074
4.25751,Received an expired out of sequence packet ,2925,3074
4.25753,Received an expired out of sequence packet ,2926,3074
4.25754,Received an expired out of sequence packet ,2927,3074
4.25756,Received an expired out of sequence packet ,2928,3074
4.25758,Received an expired out of sequence packet ,2929,3074
4.25759,Received an expired out of sequence packet ,2930,3074
4.25984,Received an expired out of sequence packet ,2931,3074
4.26806,Received an expired out of sequence packet ,2932,3074
4.27227,Received an expired out of sequence packet ,2933,3074
4.2723,Received an expired out of sequence packet ,2934,3074
4.27918,Received an expired out of sequence packet ,2935,3074
4.27921,Received an expired out of sequence packet ,2936,3074
4.27923,Received an expired out of sequence packet ,2937,3074
4.27925,Received an expired out of sequence packet ,2938,3074
4.27928,Received an expired out of sequence packet ,2939,3074
4.2793,Received an expired out of sequence packet ,2940,3074
4.27932,Received an expired out of sequence packet ,2941,3074
4.27934,Received an expired out of sequence packet ,2942,3074
4.27937,Received an expired out of sequence packet ,2943,3074
4.27939,Received an expired out of sequence packet ,2944,3074
4.27941,Received an expired out of sequence packet ,2945,3074
4.27946,Received an expired out of sequence packet ,2946,3074
4.27948,Received an expired out of sequence packet ,2947,3074
4.28127,Received an expired out of sequence packet ,2948,3074
4.28129,Received an expired out of sequence packet ,2949,3074
4.29085,Received an expired out of sequence packet ,2950,3074
4.29087,Received an expired out of sequence packet ,2951,3074
4.2909,Received an expired out of sequence packet ,2952,3074
4.29092,Received an expired out of sequence packet ,2953,3074
4.29094,Received an expired out of sequence packet ,2954,3074
4.29096,Received an expired out of sequence packet ,2955,3074
4.29395,Received an expired out of sequence packet ,2956,3074
4.29398,Received an expired out of sequence packet ,2957,3074
4.294,Received an expired out of sequence packet ,2958,3074
4.29402,Received an expired out of sequence packet ,2959,3074
4.29409,Received an expired out of sequence packet ,2960,3074
4.29798,Received an expired out of sequence packet ,2961,3074
4.29801,Received an expired out of sequence packet ,2962,3074
4.29803,Received an expired out of sequence packet ,2963,3074
4.29805,Received an expired out of sequence packet ,2964,3074
4.29807,Received an expired out of sequence packet ,2965,3074
4.29809,Received an expired out of sequence packet ,2966,3074
4.29811,Received an expired out of sequence packet ,2967,3074
4.29814,Received an expired out of sequence packet ,2968,3074
4.29816,Received an expired out of sequence packet ,2969,3074
4.29818,Received an expired out of sequence packet ,2970,3074
4.2982,Received an expired out of sequence packet ,2971,3074
4.29824,Received an expired out of sequence packet ,2972,3074
4.29826,Received an expired out of sequence packet ,2973,3074
4.29828,Received an expired out of sequence packet ,2974,3074
4.2983,Received an expired out of sequence packet ,2975,3074
4.29833,Received an expired out of sequence packet ,2976,3074
4.29835,Received an expired out of sequence packet ,2977,3074
4.30383,Received an expired out of sequence packet ,2978,3074
4.30386,Received an expired out of sequence packet ,2979,3074
4.30388,Received an expired out of sequence packet ,2980,3074
4.3039,Received an expired out of sequence packet ,2981,3074
4.30392,Received an expired out of sequence packet ,2982,3074
4.30394,Received an expired out of sequence packet ,2983,3074
4.30396,Received an expired out of sequence packet ,2984,3074
4.30399,Received an expired out of sequence packet ,2985,3074
4.30894,Received an expired out of sequence packet ,2986,3074
4.30896,Received an expired out of sequence packet ,2987,3074
4.30899,Received an expired out of sequence packet ,2988,3074
4.31003,Received an expired out of sequence packet ,2989,3074
4.31005,Received an expired out of sequence packet ,2990,3074
4.31007,Received an expired out of sequence packet ,2991,3074
4.31009,Received an expired out of sequence packet ,2992,3074
4.31011,Received an expired out of sequence packet ,2993,3074
4.31014,Received an expired out of sequence packet ,2994,3074
4.31985,Received an expired out of sequence packet ,2995,3074
4.31988,Received an expired out of sequence packet ,2996,3074
4.3199,Received an expired out of sequence packet ,2997,3074
4.31992,Received an expired out of sequence packet ,2998,3074
4.31994,Received an expired out of sequence packet ,2999,3074
4.31997,Received an expired out of sequence packet ,3000,3074
4.31999,Received an expired out of sequence packet ,3001,3074
4.32001,Received an expired out of sequence packet ,3002,3074
4.32003,Received an expired out of sequence packet ,3003,3074
4.32005,Received an expired out of sequence packet ,3004,3074
4.32007,Received an expired out of sequence packet ,3005,3074
4.3201,Received an expired out of sequence packet ,3006,3074
4.32012,Received an expired out of sequence packet ,3007,3074
4.32014,Received an expired out of sequence packet ,3008,3074
4.32016,Received an expired out of sequence packet ,3009,3074
4.32018,Received an expired out of sequence packet ,3010,3074
4.3202,Received an expired out of sequence packet ,3011,3074
4.32022,Received an expired out of sequence packet ,3012,3074
4.32025,Received an expired out of sequence packet ,3013,3074
4.32027,Received an expired out of sequence packet ,3014,3074
4.32029,Received an expired out of sequence packet ,3015,3074
4.32031,Received an expired out of sequence packet ,3016,3074
4.32033,Received an expired out of sequence packet ,3017,3074
4.32036,Received an expired out of sequence packet ,3018,3074
4.32038,Received an expired out of sequence packet ,3019,3074
4.3204,Received an expired out of sequence packet ,3020,3074
4.32042,Received an expired out of sequence packet ,3021,3074
4.32044,Received an expired out of sequence packet ,3022,3074
4.32046,Received an expired out of sequence packet ,3023,3074
4.32048,Received an expired out of sequence packet ,3024,3074
4.32051,Received an expired out of sequence packet ,3025,3074
4.32053,Received an expired out of sequence packet ,3026,3074
4.32055,Received an expired out of sequence packet ,3027,3074
4.32057,Received an expired out of sequence packet ,3028,3074
4.32059,Received an expired out of sequence packet ,3029,3074
4.32062,Received an expired out of sequence packet ,3030,3074
4.32064,Received an expired out of sequence packet ,3031,3074
4.32066,Received an expired out of sequence packet ,3032,3074
4.32068,Received an expired out of sequence packet ,3033,3074
4.3207,Received an expired out of sequence packet ,3034,3074
4.32072,Received an expired out of sequence packet ,3035,3074
4.32074,Received an expired out of sequence packet ,3036,3074
4.32076,Received an expired out of sequence packet ,3037,3074
4.3231,Received an expired out of sequence packet ,3038,3074
4.32313,Received an expired out of sequence packet ,3039,3074
4.33118,Received an expired out of sequence packet ,3040,3074
4.3312,Received an expired out of sequence packet ,3041,3074
4.33122,Received an expired out of sequence packet ,3042,3074
4.33125,Received an expired out of sequence packet ,3043,3074
4.33327,Received an expired out of sequence packet ,3044,3074
4.33329,Received an expired out of sequence packet ,3045,3074
4.33331,Received an expired out of sequence packet ,3046,3074
4.33333,Received an expired out of sequence packet ,3047,3074
4.33336,Received an expired out of sequence packet ,3048,3074
4.33338,Received an expired out of sequence packet ,3049,3074
4.3334,Received an expired out of sequence packet ,3050,3074
4.33342,Received an expired out of sequence packet ,3051,3074
4.33344,Received an expired out of sequence packet ,3052,3074
4.33346,Received an expired out of sequence packet ,3053,3074
4.33348,Received an expired out of sequence packet ,3054,3074
4.35966,Received an expired out of sequence packet ,3055,3074
4.35969,Received an expired out of sequence packet ,3056,3074
4.35971,Received an expired out of sequence packet ,3057,3074
4.35974,Received an expired out of sequence packet ,3058,3074
4.35976,Received an expired out of sequence packet ,3059,3074
4.36376,Received an expired out of sequence packet ,3060,3074
4.36378,Received an expired out of sequence packet ,3061,3074
4.3638,Received an expired out of sequence packet ,3062,3074
4.36383,Received an expired out of sequence packet ,3063,3074
4.36385,Received an expired out of sequence packet ,3064,3074
4.36387,Received an expired out of sequence packet ,3065,3074
4.36389,Received an expired out of sequence packet ,3066,3074
4.36391,Received an expired out of sequence packet ,3067,3074
4.36681,Received an expired out of sequence packet ,3068,3074
4.36683,Received an expired out of sequence packet ,3069,3074
4.36685,Received an expired out of sequence packet ,3070,3074
4.36687,Received an expired out of sequence packet ,3071,3074
4.36689,Received an expired out of sequence packet ,3072,3074
4.36691,Received an expired out of sequence packet ,3073,3074
187.876,Timeout
187.876,clearing sending list because of timeout
187.876,Received an expired out of sequence packet ,141392,141532
188.876,Timeout
188.876,clearing sending list because of timeout
188.889,Received an expired out of sequence packet ,141393,141546
189.876,Received an expired out of sequence packet ,141394,141546
189.948,Received an expired out of sequence packet ,141395,141546
189.949,Received an expired out of sequence packet ,141396,141546
189.949,Received an expired out of sequence packet ,141397,141546
189.95,Received an expired out of sequence packet ,141398,141546
189.956,Received an expired out of sequence packet ,141399,141546
189.959,Received an expired out of sequence packet ,141400,141546
189.96,Received an expired out of sequence packet ,141401,141546
189.96,Received an expired out of sequence packet ,141402,141546
189.967,Received an expired out of sequence packet ,141403,141546
189.967,Received an expired out of sequence packet ,141404,141546
189.972,Received an expired out of sequence packet ,141405,141546
189.972,Received an expired out of sequence packet ,141406,141546
189.972,Received an expired out of sequence packet ,141407,141546
189.976,Received an expired out of sequence packet ,141408,141546
189.976,Received an expired out of sequence packet ,141409,141546
189.992,Received an expired out of sequence packet ,141410,141546
189.994,Received an expired out of sequence packet ,141411,141546
190.002,Received an expired out of sequence packet ,141412,141546
190.002,Received an expired out of sequence packet ,141413,141546
190.004,Received an expired out of sequence packet ,141414,141546
190.006,Received an expired out of sequence packet ,141415,141546
190.02,Received an expired out of sequence packet ,141416,141546
190.023,Received an expired out of sequence packet ,141417,141546
190.025,Received an expired out of sequence packet ,141418,141546
190.025,Received an expired out of sequence packet ,141419,141546
190.025,Received an expired out of sequence packet ,141420,141546
190.028,Received an expired out of sequence packet ,141421,141546
190.028,Received an expired out of sequence packet ,141422,141546
190.028,Received an expired out of sequence packet ,141423,141546
190.03,Received an expired out of sequence packet ,141424,141546
190.032,Received an expired out of sequence packet ,141425,141546
190.032,Received an expired out of sequence packet ,141426,141546
190.039,Received an expired out of sequence packet ,141427,141546
190.047,Received an expired out of sequence packet ,141428,141546
190.047,Received an expired out of sequence packet ,141429,141546
190.048,Received an expired out of sequence packet ,141430,141546
190.052,Received an expired out of sequence packet ,141431,141546
190.054,Received an expired out of sequence packet ,141432,141546
190.068,Received an expired out of sequence packet ,141433,141546
190.069,Received an expired out of sequence packet ,141434,141546
190.075,Received an expired out of sequence packet ,141435,141546
190.079,Received an expired out of sequence packet ,141436,141546
190.079,Received an expired out of sequence packet ,141437,141546
190.079,Received an expired out of sequence packet ,141438,141546
190.095,Received an expired out of sequence packet ,141439,141546
190.096,Received an expired out of sequence packet ,141440,141546
190.098,Received an expired out of sequence packet ,141441,141546
190.098,Received an expired out of sequence packet ,141442,141546
190.1,Received an expired out of sequence packet ,141443,141546
190.101,Received an expired out of sequence packet ,141444,141546
190.101,Received an expired out of sequence packet ,141445,141546
190.102,Received an expired out of sequence packet ,141446,141546
190.117,Received an expired out of sequence packet ,141447,141546
190.122,Received an expired out of sequence packet ,141448,141546
190.139,Received an expired out of sequence packet ,141449,141546
190.14,Received an expired out of sequence packet ,141450,141546
190.145,Received an expired out of sequence packet ,141451,141546
190.145,Received an expired out of sequence packet ,141452,141546
190.145,Received an expired out of sequence packet ,141453,141546
190.148,Received an expired out of sequence packet ,141454,141546
190.148,Received an expired out of sequence packet ,141455,141546
190.148,Received an expired out of sequence packet ,141456,141546
190.148,Received an expired out of sequence packet ,141457,141546
190.152,Received an expired out of sequence packet ,141458,141546
190.165,Received an expired out of sequence packet ,141459,141546
190.165,Received an expired out of sequence packet ,141460,141546
190.168,Received an expired out of sequence packet ,141461,141546
190.203,Received an expired out of sequence packet ,141462,141546
190.208,Received an expired out of sequence packet ,141463,141546
190.208,Received an expired out of sequence packet ,141464,141546
190.21,Received an expired out of sequence packet ,141465,141546
190.215,Received an expired out of sequence packet ,141466,141546
190.23,Received an expired out of sequence packet ,141467,141546
190.231,Received an expired out of sequence packet ,141468,141546
190.234,Received an expired out of sequence packet ,141469,141546
190.234,Received an expired out of sequence packet ,141470,141546
190.236,Received an expired out of sequence packet ,141471,141546
190.27,Received an expired out of sequence packet ,141472,141546
190.27,Received an expired out of sequence packet ,141473,141546
190.272,Received an expired out of sequence packet ,141474,141546
190.272,Received an expired out of sequence packet ,141475,141546
190.274,Received an expired out of sequence packet ,141476,141546
190.275,Received an expired out of sequence packet ,141477,141546
190.279,Received an expired out of sequence packet ,141478,141546
190.282,Received an expired out of sequence packet ,141479,141546
190.287,Received an expired out of sequence packet ,141480,141546
190.287,Received an expired out of sequence packet ,141481,141546
190.289,Received an expired out of sequence packet ,141482,141546
190.289,Received an expired out of sequence packet ,141483,141546
190.292,Received an expired out of sequence packet ,141484,141546
190.295,Received an expired out of sequence packet ,141485,141546
190.308,Received an expired out of sequence packet ,141486,141546
190.308,Received an expired out of sequence packet ,141487,141546
190.31,Received an expired out of sequence packet ,141488,141546
190.311,Received an expired out of sequence packet ,141489,141546
190.311,Received an expired out of sequence packet ,141490,141546
190.311,Received an expired out of sequence packet ,141491,141546
190.311,Received an expired out of sequence packet ,141492,141546
190.343,Received an expired out of sequence packet ,141493,141546
190.343,Received an expired out of sequence packet ,141494,141546
190.343,Received an expired out of sequence packet ,141495,141546
190.352,Received an expired out of sequence packet ,141496,141546
190.37,Received an expired out of sequence packet ,141497,141546
190.372,Received an expired out of sequence packet ,141498,141546
190.376,Received an expired out of sequence packet ,141499,141546
190.377,Received an expired out of sequence packet ,141500,141546
190.382,Received an expired out of sequence packet ,141501,141546
190.382,Received an expired out of sequence packet ,141502,141546
190.384,Received an expired out of sequence packet ,141503,141546
190.387,Received an expired out of sequence packet ,141504,141546
190.387,Received an expired out of sequence packet ,141505,141546
190.387,Received an expired out of sequence packet ,141506,141546
190.39,Received an expired out of sequence packet ,141507,141546
190.392,Received an expired out of sequence packet ,141508,141546
190.394,Received an expired out of sequence packet ,141509,141546
190.397,Received an expired out of sequence packet ,141510,141546
190.402,Received an expired out of sequence packet ,141511,141546
190.406,Received an expired out of sequence packet ,141512,141546
190.408,Received an expired out of sequence packet ,141513,141546
190.409,Received an expired out of sequence packet ,141514,141546
190.409,Received an expired out of sequence packet ,141515,141546
190.409,Received an expired out of sequence packet ,141516,141546
190.411,Received an expired out of sequence packet ,141517,141546
190.415,Received an expired out of sequence packet ,141518,141546
190.429,Received an expired out of sequence packet ,141519,141546
190.429,Received an expired out of sequence packet ,141520,141546
190.43,Received an expired out of sequence packet ,141521,141546
190.435,Received an expired out of sequence packet ,141522,141546
190.435,Received an expired out of sequence packet ,141523,141546
190.435,Received an expired out of sequence packet ,141524,141546
190.435,Received an expired out of sequence packet ,141525,141546
190.436,Received an expired out of sequence packet ,141526,141546
190.437,Received an expired out of sequence packet ,141527,141546
190.442,Received an expired out of sequence packet ,141528,141546
190.458,Received an expired out of sequence packet ,141529,141546
190.458,Received an expired out of sequence packet ,141530,141546
190.459,Received an expired out of sequence packet ,141531,141546
190.46,Received an expired out of sequence packet ,141532,141546
190.499,Received an expired out of sequence packet ,141533,141546
190.499,Received an expired out of sequence packet ,141534,141546
190.502,Received an expired out of sequence packet ,141535,141546
190.516,Received an expired out of sequence packet ,141536,141546
190.523,Received an expired out of sequence packet ,141537,141546
190.525,Received an expired out of sequence packet ,141538,141546
190.525,Received an expired out of sequence packet ,141539,141546
190.527,Received an expired out of sequence packet ,141540,141546
190.53,Received an expired out of sequence packet ,141541,141546
190.53,Received an expired out of sequence packet ,141542,141546
190.531,Received an expired out of sequence packet ,141543,141546
190.535,Received an expired out of sequence packet ,141544,141546
190.548,Received an expired out of sequence packet ,141545,141546
212.58,Timeout
212.581,clearing sending list because of timeout
212.694,Received an expired out of sequence packet ,161953,162420
212.694,Received an expired out of sequence packet ,161954,162420
212.694,Received an expired out of sequence packet ,161955,162420
212.75,Received an expired out of sequence packet ,161956,162420
212.755,Received an expired out of sequence packet ,161957,162420
212.755,Received an expired out of sequence packet ,161958,162420
212.755,Received an expired out of sequence packet ,161959,162420
212.755,Received an expired out of sequence packet ,161960,162420
212.755,Received an expired out of sequence packet ,161961,162420
212.755,Received an expired out of sequence packet ,161962,162420
212.755,Received an expired out of sequence packet ,161963,162420
212.755,Received an expired out of sequence packet ,161964,162420
212.755,Received an expired out of sequence packet ,161965,162420
212.755,Received an expired out of sequence packet ,161966,162420
212.755,Received an expired out of sequence packet ,161967,162420
212.755,Received an expired out of sequence packet ,161968,162420
212.755,Received an expired out of sequence packet ,161969,162420
212.786,Received an expired out of sequence packet ,161970,162420
212.786,Received an expired out of sequence packet ,161971,162420
212.786,Received an expired out of sequence packet ,161972,162420
212.786,Received an expired out of sequence packet ,161973,162420
212.786,Received an expired out of sequence packet ,161974,162420
212.786,Received an expired out of sequence packet ,161975,162420
212.786,Received an expired out of sequence packet ,161976,162420
212.786,Received an expired out of sequence packet ,161977,162420
212.786,Received an expired out of sequence packet ,161978,162420
212.795,Received an expired out of sequence packet ,161979,162420
212.795,Received an expired out of sequence packet ,161980,162420
212.799,Received an expired out of sequence packet ,161981,162420
212.799,Received an expired out of sequence packet ,161982,162420
212.799,Received an expired out of sequence packet ,161983,162420
212.803,Received an expired out of sequence packet ,161984,162420
212.803,Received an expired out of sequence packet ,161985,162420
212.803,Received an expired out of sequence packet ,161986,162420
212.803,Received an expired out of sequence packet ,161987,162420
212.803,Received an expired out of sequence packet ,161988,162420
212.803,Received an expired out of sequence packet ,161989,162420
212.803,Received an expired out of sequence packet ,161990,162420
212.803,Received an expired out of sequence packet ,161991,162420
212.803,Received an expired out of sequence packet ,161992,162420
212.803,Received an expired out of sequence packet ,161993,162420
212.803,Received an expired out of sequence packet ,161994,162420
212.804,Received an expired out of sequence packet ,161995,162420
212.806,Received an expired out of sequence packet ,161996,162420
212.806,Received an expired out of sequence packet ,161997,162420
212.808,Received an expired out of sequence packet ,161998,162420
212.808,Received an expired out of sequence packet ,161999,162420
212.808,Received an expired out of sequence packet ,162000,162420
212.808,Received an expired out of sequence packet ,162001,162420
212.808,Received an expired out of sequence packet ,162002,162420
212.824,Received an expired out of sequence packet ,162003,162420
212.824,Received an expired out of sequence packet ,162004,162420
212.824,Received an expired out of sequence packet ,162005,162420
212.824,Received an expired out of sequence packet ,162006,162420
212.824,Received an expired out of sequence packet ,162007,162420
212.824,Received an expired out of sequence packet ,162008,162420
212.824,Received an expired out of sequence packet ,162009,162420
212.824,Received an expired out of sequence packet ,162010,162420
212.824,Received an expired out of sequence packet ,162011,162420
212.824,Received an expired out of sequence packet ,162012,162420
212.824,Received an expired out of sequence packet ,162013,162420
212.824,Received an expired out of sequence packet ,162014,162420
212.824,Received an expired out of sequence packet ,162015,162420
212.824,Received an expired out of sequence packet ,162016,162420
212.824,Received an expired out of sequence packet ,162017,162420
212.824,Received an expired out of sequence packet ,162018,162420
212.824,Received an expired out of sequence packet ,162019,162420
212.824,Received an expired out of sequence packet ,162020,162420
212.825,Received an expired out of sequence packet ,162021,162420
212.834,Received an expired out of sequence packet ,162022,162420
212.834,Received an expired out of sequence packet ,162023,162420
212.834,Received an expired out of sequence packet ,162024,162420
212.839,Received an expired out of sequence packet ,162025,162420
212.841,Received an expired out of sequence packet ,162026,162420
212.841,Received an expired out of sequence packet ,162027,162420
212.841,Received an expired out of sequence packet ,162028,162420
212.841,Received an expired out of sequence packet ,162029,162420
212.841,Received an expired out of sequence packet ,162030,162420
212.841,Received an expired out of sequence packet ,162031,162420
212.841,Received an expired out of sequence packet ,162032,162420
212.841,Received an expired out of sequence packet ,162033,162420
212.857,Received an expired out of sequence packet ,162034,162420
212.857,Received an expired out of sequence packet ,162035,162420
212.857,Received an expired out of sequence packet ,162036,162420
212.857,Received an expired out of sequence packet ,162037,162420
212.857,Received an expired out of sequence packet ,162038,162420
212.857,Received an expired out of sequence packet ,162039,162420
212.857,Received an expired out of sequence packet ,162040,162420
212.857,Received an expired out of sequence packet ,162041,162420
212.857,Received an expired out of sequence packet ,162042,162420
212.857,Received an expired out of sequence packet ,162043,162420
212.857,Received an expired out of sequence packet ,162044,162420
212.857,Received an expired out of sequence packet ,162045,162420
212.857,Received an expired out of sequence packet ,162046,162420
212.857,Received an expired out of sequence packet ,162047,162420
212.857,Received an expired out of sequence packet ,162048,162420
212.857,Received an expired out of sequence packet ,162049,162420
212.857,Received an expired out of sequence packet ,162050,162420
212.863,Received an expired out of sequence packet ,162051,162420
212.863,Received an expired out of sequence packet ,162052,162420
212.863,Received an expired out of sequence packet ,162053,162420
212.863,Received an expired out of sequence packet ,162054,162420
212.863,Received an expired out of sequence packet ,162055,162420
212.863,Received an expired out of sequence packet ,162056,162420
212.866,Received an expired out of sequence packet ,162057,162420
212.866,Received an expired out of sequence packet ,162058,162420
212.866,Received an expired out of sequence packet ,162059,162420
212.866,Received an expired out of sequence packet ,162060,162420
212.866,Received an expired out of sequence packet ,162061,162420
212.866,Received an expired out of sequence packet ,162062,162420
212.866,Received an expired out of sequence packet ,162063,162420
212.866,Received an expired out of sequence packet ,162064,162420
212.866,Received an expired out of sequence packet ,162065,162420
212.866,Received an expired out of sequence packet ,162066,162420
212.866,Received an expired out of sequence packet ,162067,162420
212.866,Received an expired out of sequence packet ,162068,162420
212.866,Received an expired out of sequence packet ,162069,162420
212.866,Received an expired out of sequence packet ,162070,162420
212.866,Received an expired out of sequence packet ,162071,162420
212.867,Received an expired out of sequence packet ,162072,162420
212.867,Received an expired out of sequence packet ,162073,162420
212.867,Received an expired out of sequence packet ,162074,162420
212.869,Received an expired out of sequence packet ,162075,162420
212.869,Received an expired out of sequence packet ,162076,162420
212.869,Received an expired out of sequence packet ,162077,162420
212.869,Received an expired out of sequence packet ,162078,162420
212.869,Received an expired out of sequence packet ,162079,162420
212.869,Received an expired out of sequence packet ,162080,162420
212.869,Received an expired out of sequence packet ,162081,162420
212.869,Received an expired out of sequence packet ,162082,162420
212.869,Received an expired out of sequence packet ,162083,162420
212.869,Received an expired out of sequence packet ,162084,162420
212.869,Received an expired out of sequence packet ,162085,162420
212.869,Received an expired out of sequence packet ,162086,162420
212.869,Received an expired out of sequence packet ,162087,162420
212.869,Received an expired out of sequence packet ,162088,162420
212.869,Received an expired out of sequence packet ,162089,162420
212.874,Received an expired out of sequence packet ,162090,162420
212.874,Received an expired out of sequence packet ,162091,162420
212.874,Received an expired out of sequence packet ,162092,162420
212.874,Received an expired out of sequence packet ,162093,162420
212.874,Received an expired out of sequence packet ,162094,162420
212.874,Received an expired out of sequence packet ,162095,162420
212.874,Received an expired out of sequence packet ,162096,162420
212.874,Received an expired out of sequence packet ,162097,162420
212.874,Received an expired out of sequence packet ,162098,162420
212.874,Received an expired out of sequence packet ,162099,162420
212.874,Received an expired out of sequence packet ,162100,162420
212.874,Received an expired out of sequence packet ,162101,162420
212.874,Received an expired out of sequence packet ,162102,162420
212.874,Received an expired out of sequence packet ,162103,162420
212.875,Received an expired out of sequence packet ,162104,162420
212.875,Received an expired out of sequence packet ,162105,162420
212.875,Received an expired out of sequence packet ,162106,162420
212.875,Received an expired out of sequence packet ,162107,162420
212.884,Received an expired out of sequence packet ,162108,162420
212.884,Received an expired out of sequence packet ,162109,162420
212.884,Received an expired out of sequence packet ,162110,162420
212.884,Received an expired out of sequence packet ,162111,162420
212.884,Received an expired out of sequence packet ,162112,162420
212.884,Received an expired out of sequence packet ,162113,162420
212.884,Received an expired out of sequence packet ,162114,162420
212.884,Received an expired out of sequence packet ,162115,162420
212.884,Received an expired out of sequence packet ,162116,162420
212.885,Received an expired out of sequence packet ,162117,162420
212.885,Received an expired out of sequence packet ,162118,162420
212.89,Received an expired out of sequence packet ,162119,162420
212.89,Received an expired out of sequence packet ,162120,162420
212.89,Received an expired out of sequence packet ,162121,162420
212.89,Received an expired out of sequence packet ,162122,162420
212.89,Received an expired out of sequence packet ,162123,162420
212.89,Received an expired out of sequence packet ,162124,162420
212.89,Received an expired out of sequence packet ,162125,162420
212.891,Received an expired out of sequence packet ,162126,162420
212.891,Received an expired out of sequence packet ,162127,162420
212.891,Received an expired out of sequence packet ,162128,162420
212.891,Received an expired out of sequence packet ,162129,162420
212.891,Received an expired out of sequence packet ,162130,162420
212.891,Received an expired out of sequence packet ,162131,162420
212.891,Received an expired out of sequence packet ,162132,162420
212.891,Received an expired out of sequence packet ,162133,162420
212.891,Received an expired out of sequence packet ,162134,162420
212.896,Received an expired out of sequence packet ,162135,162420
212.896,Received an expired out of sequence packet ,162136,162420
212.896,Received an expired out of sequence packet ,162137,162420
212.896,Received an expired out of sequence packet ,162138,162420
212.896,Received an expired out of sequence packet ,162139,162420
212.896,Received an expired out of sequence packet ,162140,162420
212.896,Received an expired out of sequence packet ,162141,162420
212.896,Received an expired out of sequence packet ,162142,162420
212.896,Received an expired out of sequence packet ,162143,162420
212.896,Received an expired out of sequence packet ,162144,162420
212.896,Received an expired out of sequence packet ,162145,162420
212.896,Received an expired out of sequence packet ,162146,162420
212.899,Received an expired out of sequence packet ,162147,162420
212.899,Received an expired out of sequence packet ,162148,162420
212.899,Received an expired out of sequence packet ,162149,162420
212.899,Received an expired out of sequence packet ,162150,162420
212.899,Received an expired out of sequence packet ,162151,162420
212.899,Received an expired out of sequence packet ,162152,162420
212.899,Received an expired out of sequence packet ,162153,162420
212.91,Received an expired out of sequence packet ,162154,162420
212.91,Received an expired out of sequence packet ,162155,162420
212.91,Received an expired out of sequence packet ,162156,162420
212.91,Received an expired out of sequence packet ,162157,162420
212.91,Received an expired out of sequence packet ,162158,162420
212.912,Received an expired out of sequence packet ,162159,162420
212.916,Received an expired out of sequence packet ,162160,162420
212.916,Received an expired out of sequence packet ,162161,162420
212.916,Received an expired out of sequence packet ,162162,162420
212.916,Received an expired out of sequence packet ,162163,162420
212.916,Received an expired out of sequence packet ,162164,162420
212.916,Received an expired out of sequence packet ,162165,162420
212.919,Received an expired out of sequence packet ,162166,162420
212.919,Received an expired out of sequence packet ,162167,162420
212.919,Received an expired out of sequence packet ,162168,162420
212.919,Received an expired out of sequence packet ,162169,162420
212.919,Received an expired out of sequence packet ,162170,162420
212.924,Received an expired out of sequence packet ,162171,162420
212.924,Received an expired out of sequence packet ,162172,162420
212.924,Received an expired out of sequence packet ,162173,162420
212.924,Received an expired out of sequence packet ,162174,162420
212.924,Received an expired out of sequence packet ,162175,162420
212.924,Received an expired out of sequence packet ,162176,162420
212.924,Received an expired out of sequence packet ,162177,162420
212.925,Received an expired out of sequence packet ,162178,162420
212.925,Received an expired out of sequence packet ,162179,162420
212.925,Received an expired out of sequence packet ,162180,162420
212.925,Received an expired out of sequence packet ,162181,162420
212.928,Received an expired out of sequence packet ,162182,162420
212.928,Received an expired out of sequence packet ,162183,162420
212.928,Received an expired out of sequence packet ,162184,162420
212.928,Received an expired out of sequence packet ,162185,162420
212.928,Received an expired out of sequence packet ,162186,162420
212.928,Received an expired out of sequence packet ,162187,162420
212.928,Received an expired out of sequence packet ,162188,162420
212.93,Received an expired out of sequence packet ,162189,162420
212.93,Received an expired out of sequence packet ,162190,162420
212.93,Received an expired out of sequence packet ,162191,162420
212.93,Received an expired out of sequence packet ,162192,162420
212.93,Received an expired out of sequence packet ,162193,162420
212.93,Received an expired out of sequence packet ,162194,162420
212.93,Received an expired out of sequence packet ,162195,162420
212.934,Received an expired out of sequence packet ,162196,162420
212.934,Received an expired out of sequence packet ,162197,162420
212.934,Received an expired out of sequence packet ,162198,162420
212.934,Received an expired out of sequence packet ,162199,162420
212.934,Received an expired out of sequence packet ,162200,162420
212.934,Received an expired out of sequence packet ,162201,162420
212.935,Received an expired out of sequence packet ,162202,162420
212.935,Received an expired out of sequence packet ,162203,162420
212.935,Received an expired out of sequence packet ,162204,162420
212.935,Received an expired out of sequence packet ,162205,162420
212.935,Received an expired out of sequence packet ,162206,162420
212.935,Received an expired out of sequence packet ,162207,162420
212.935,Received an expired out of sequence packet ,162208,162420
212.935,Received an expired out of sequence packet ,162209,162420
212.935,Received an expired out of sequence packet ,162210,162420
212.935,Received an expired out of sequence packet ,162211,162420
212.935,Received an expired out of sequence packet ,162212,162420
212.937,Received an expired out of sequence packet ,162213,162420
212.939,Received an expired out of sequence packet ,162214,162420
212.939,Received an expired out of sequence packet ,162215,162420
212.939,Received an expired out of sequence packet ,162216,162420
212.939,Received an expired out of sequence packet ,162217,162420
212.939,Received an expired out of sequence packet ,162218,162420
212.942,Received an expired out of sequence packet ,162219,162420
212.942,Received an expired out of sequence packet ,162220,162420
212.942,Received an expired out of sequence packet ,162221,162420
212.942,Received an expired out of sequence packet ,162222,162420
212.942,Received an expired out of sequence packet ,162223,162420
212.942,Received an expired out of sequence packet ,162224,162420
212.942,Received an expired out of sequence packet ,162225,162420
212.942,Received an expired out of sequence packet ,162226,162420
212.947,Received an expired out of sequence packet ,162227,162420
212.947,Received an expired out of sequence packet ,162228,162420
212.947,Received an expired out of sequence packet ,162229,162420
212.947,Received an expired out of sequence packet ,162230,162420
212.947,Received an expired out of sequence packet ,162231,162420
212.947,Received an expired out of sequence packet ,162232,162420
212.947,Received an expired out of sequence packet ,162233,162420
212.948,Received an expired out of sequence packet ,162234,162420
212.951,Received an expired out of sequence packet ,162235,162420
212.951,Received an expired out of sequence packet ,162236,162420
212.951,Received an expired out of sequence packet ,162237,162420
212.951,Received an expired out of sequence packet ,162238,162420
212.951,Received an expired out of sequence packet ,162239,162420
212.951,Received an expired out of sequence packet ,162240,162420
212.951,Received an expired out of sequence packet ,162241,162420
212.953,Received an expired out of sequence packet ,162242,162420
212.953,Received an expired out of sequence packet ,162243,162420
212.953,Received an expired out of sequence packet ,162244,162420
212.953,Received an expired out of sequence packet ,162245,162420
212.953,Received an expired out of sequence packet ,162246,162420
212.953,Received an expired out of sequence packet ,162247,162420
212.953,Received an expired out of sequence packet ,162248,162420
212.953,Received an expired out of sequence packet ,162249,162420
212.953,Received an expired out of sequence packet ,162250,162420
212.953,Received an expired out of sequence packet ,162251,162420
212.953,Received an expired out of sequence packet ,162252,162420
212.953,Received an expired out of sequence packet ,162253,162420
212.967,Received an expired out of sequence packet ,162254,162420
212.973,Received an expired out of sequence packet ,162255,162420
212.973,Received an expired out of sequence packet ,162256,162420
212.973,Received an expired out of sequence packet ,162257,162420
212.974,Received an expired out of sequence packet ,162258,162420
212.974,Received an expired out of sequence packet ,162259,162420
212.974,Received an expired out of sequence packet ,162260,162420
212.974,Received an expired out of sequence packet ,162261,162420
212.979,Received an expired out of sequence packet ,162262,162420
212.979,Received an expired out of sequence packet ,162263,162420
212.979,Received an expired out of sequence packet ,162264,162420
212.979,Received an expired out of sequence packet ,162265,162420
212.979,Received an expired out of sequence packet ,162266,162420
212.979,Received an expired out of sequence packet ,162267,162420
212.979,Received an expired out of sequence packet ,162268,162420
212.979,Received an expired out of sequence packet ,162269,162420
212.979,Received an expired out of sequence packet ,162270,162420
212.979,Received an expired out of sequence packet ,162271,162420
212.979,Received an expired out of sequence packet ,162272,162420
212.979,Received an expired out of sequence packet ,162273,162420
212.979,Received an expired out of sequence packet ,162274,162420
212.979,Received an expired out of sequence packet ,162275,162420
212.979,Received an expired out of sequence packet ,162276,162420
212.979,Received an expired out of sequence packet ,162277,162420
212.979,Received an expired out of sequence packet ,162278,162420
212.979,Received an expired out of sequence packet ,162279,162420
212.98,Received an expired out of sequence packet ,162280,162420
212.98,Received an expired out of sequence packet ,162281,162420
212.98,Received an expired out of sequence packet ,162282,162420
212.98,Received an expired out of sequence packet ,162283,162420
212.98,Received an expired out of sequence packet ,162284,162420
212.98,Received an expired out of sequence packet ,162285,162420
212.98,Received an expired out of sequence packet ,162286,162420
212.98,Received an expired out of sequence packet ,162287,162420
212.98,Received an expired out of sequence packet ,162288,162420
212.98,Received an expired out of sequence packet ,162289,162420
212.98,Received an expired out of sequence packet ,162290,162420
213.001,Received an expired out of sequence packet ,162291,162420
213.001,Received an expired out of sequence packet ,162292,162420
213.001,Received an expired out of sequence packet ,162293,162420
213.001,Received an expired out of sequence packet ,162294,162420
213.001,Received an expired out of sequence packet ,162295,162420
213.007,Received an expired out of sequence packet ,162296,162420
213.007,Received an expired out of sequence packet ,162297,162420
213.007,Received an expired out of sequence packet ,162298,162420
213.01,Received an expired out of sequence packet ,162299,162420
213.01,Received an expired out of sequence packet ,162300,162420
213.01,Received an expired out of sequence packet ,162301,162420
213.01,Received an expired out of sequence packet ,162302,162420
213.01,Received an expired out of sequence packet ,162303,162420
213.012,Received an expired out of sequence packet ,162304,162420
213.012,Received an expired out of sequence packet ,162305,162420
213.013,Received an expired out of sequence packet ,162306,162420
213.013,Received an expired out of sequence packet ,162307,162420
213.013,Received an expired out of sequence packet ,162308,162420
213.013,Received an expired out of sequence packet ,162309,162420
213.013,Received an expired out of sequence packet ,162310,162420
213.013,Received an expired out of sequence packet 