1.11177,Exit slow start,exceeding SS_EXIT_THRESHOLD
12.1435,Restart,can't map delay on delay curve
13.5904,Exit slow start,exceeding SS_EXIT_THRESHOLD
33.5065,Missing packet expired,20327
38.9219,Timeout
38.9219,clearing sending list because of timeout
38.9225,Received an expired out of sequence packet ,23380,23608
39.9215,Received an expired out of sequence packet ,23381,23608
39.9794,Received an expired out of sequence packet ,23382,23608
39.9834,Received an expired out of sequence packet ,23383,23608
39.9834,Received an expired out of sequence packet ,23384,23608
39.9835,Received an expired out of sequence packet ,23385,23608
39.9835,Received an expired out of sequence packet ,23386,23608
39.9835,Received an expired out of sequence packet ,23387,23608
39.9835,Received an expired out of sequence packet ,23388,23608
39.9835,Received an expired out of sequence packet ,23389,23608
39.9909,Received an expired out of sequence packet ,23390,23608
39.9909,Received an expired out of sequence packet ,23391,23608
39.9909,Received an expired out of sequence packet ,23392,23608
39.9943,Received an expired out of sequence packet ,23393,23608
39.9943,Received an expired out of sequence packet ,23394,23608
39.9943,Received an expired out of sequence packet ,23395,23608
39.9943,Received an expired out of sequence packet ,23396,23608
39.9943,Received an expired out of sequence packet ,23397,23608
39.9943,Received an expired out of sequence packet ,23398,23608
39.9943,Received an expired out of sequence packet ,23399,23608
39.9943,Received an expired out of sequence packet ,23400,23608
39.9943,Received an expired out of sequence packet ,23401,23608
39.9943,Received an expired out of sequence packet ,23402,23608
39.9943,Received an expired out of sequence packet ,23403,23608
39.9944,Received an expired out of sequence packet ,23404,23608
40.0035,Received an expired out of sequence packet ,23405,23608
40.0035,Received an expired out of sequence packet ,23406,23608
40.01,Received an expired out of sequence packet ,23407,23608
40.01,Received an expired out of sequence packet ,23408,23608
40.01,Received an expired out of sequence packet ,23409,23608
40.01,Received an expired out of sequence packet ,23410,23608
40.01,Received an expired out of sequence packet ,23411,23608
40.01,Received an expired out of sequence packet ,23412,23608
40.01,Received an expired out of sequence packet ,23413,23608
40.01,Received an expired out of sequence packet ,23414,23608
40.01,Received an expired out of sequence packet ,23415,23608
40.0121,Received an expired out of sequence packet ,23416,23608
40.0121,Received an expired out of sequence packet ,23417,23608
40.0132,Received an expired out of sequence packet ,23418,23608
40.0132,Received an expired out of sequence packet ,23419,23608
40.0132,Received an expired out of sequence packet ,23420,23608
40.0132,Received an expired out of sequence packet ,23421,23608
40.0132,Received an expired out of sequence packet ,23422,23608
40.0132,Received an expired out of sequence packet ,23423,23608
40.0132,Received an expired out of sequence packet ,23424,23608
40.0132,Received an expired out of sequence packet ,23425,23608
40.0133,Received an expired out of sequence packet ,23426,23608
40.0183,Received an expired out of sequence packet ,23427,23608
40.0184,Received an expired out of sequence packet ,23428,23608
40.0184,Received an expired out of sequence packet ,23429,23608
40.0184,Received an expired out of sequence packet ,23430,23608
40.0265,Received an expired out of sequence packet ,23431,23608
40.0265,Received an expired out of sequence packet ,23432,23608
40.0265,Received an expired out of sequence packet ,23433,23608
40.0265,Received an expired out of sequence packet ,23434,23608
40.0265,Received an expired out of sequence packet ,23435,23608
40.0265,Received an expired out of sequence packet ,23436,23608
40.0266,Received an expired out of sequence packet ,23437,23608
40.0266,Received an expired out of sequence packet ,23438,23608
40.0266,Received an expired out of sequence packet ,23439,23608
40.0266,Received an expired out of sequence packet ,23440,23608
40.0588,Received an expired out of sequence packet ,23441,23608
40.0588,Received an expired out of sequence packet ,23442,23608
40.0588,Received an expired out of sequence packet ,23443,23608
40.0588,Received an expired out of sequence packet ,23444,23608
40.0588,Received an expired out of sequence packet ,23445,23608
40.0588,Received an expired out of sequence packet ,23446,23608
40.0588,Received an expired out of sequence packet ,23447,23608
40.0588,Received an expired out of sequence packet ,23448,23608
40.0639,Received an expired out of sequence packet ,23449,23608
40.0639,Received an expired out of sequence packet ,23450,23608
40.0639,Received an expired out of sequence packet ,23451,23608
40.0639,Received an expired out of sequence packet ,23452,23608
40.0639,Received an expired out of sequence packet ,23453,23608
40.066,Received an expired out of sequence packet ,23454,23608
40.0763,Received an expired out of sequence packet ,23455,23608
40.0763,Received an expired out of sequence packet ,23456,23608
40.0763,Received an expired out of sequence packet ,23457,23608
40.0763,Received an expired out of sequence packet ,23458,23608
40.0815,Received an expired out of sequence packet ,23459,23608
40.0847,Received an expired out of sequence packet ,23460,23608
40.0897,Received an expired out of sequence packet ,23461,23608
40.0942,Received an expired out of sequence packet ,23462,23608
40.1003,Received an expired out of sequence packet ,23463,23608
40.1003,Received an expired out of sequence packet ,23464,23608
40.1003,Received an expired out of sequence packet ,23465,23608
40.1094,Received an expired out of sequence packet ,23466,23608
40.1134,Received an expired out of sequence packet ,23467,23608
40.1134,Received an expired out of sequence packet ,23468,23608
40.1134,Received an expired out of sequence packet ,23469,23608
40.1134,Received an expired out of sequence packet ,23470,23608
40.1134,Received an expired out of sequence packet ,23471,23608
40.1134,Received an expired out of sequence packet ,23472,23608
40.1134,Received an expired out of sequence packet ,23473,23608
40.1134,Received an expired out of sequence packet ,23474,23608
40.1134,Received an expired out of sequence packet ,23475,23608
40.1134,Received an expired out of sequence packet ,23476,23608
40.1134,Received an expired out of sequence packet ,23477,23608
40.1135,Received an expired out of sequence packet ,23478,23608
40.1166,Received an expired out of sequence packet ,23479,23608
40.1166,Received an expired out of sequence packet ,23480,23608
40.1166,Received an expired out of sequence packet ,23481,23608
40.13,Received an expired out of sequence packet ,23482,23608
40.13,Received an expired out of sequence packet ,23483,23608
40.1404,Received an expired out of sequence packet ,23484,23608
40.1436,Received an expired out of sequence packet ,23485,23608
40.1436,Received an expired out of sequence packet ,23486,23608
40.1436,Received an expired out of sequence packet ,23487,23608
40.1437,Received an expired out of sequence packet ,23488,23608
40.1437,Received an expired out of sequence packet ,23489,23608
40.1437,Received an expired out of sequence packet ,23490,23608
40.1488,Received an expired out of sequence packet ,23491,23608
40.1488,Received an expired out of sequence packet ,23492,23608
40.1488,Received an expired out of sequence packet ,23493,23608
40.1488,Received an expired out of sequence packet ,23494,23608
40.1488,Received an expired out of sequence packet ,23495,23608
40.1561,Received an expired out of sequence packet ,23496,23608
40.1561,Received an expired out of sequence packet ,23497,23608
40.1561,Received an expired out of sequence packet ,23498,23608
40.1561,Received an expired out of sequence packet ,23499,23608
40.1561,Received an expired out of sequence packet ,23500,23608
40.1611,Received an expired out of sequence packet ,23501,23608
40.1611,Received an expired out of sequence packet ,23502,23608
40.1612,Received an expired out of sequence packet ,23503,23608
40.1612,Received an expired out of sequence packet ,23504,23608
40.1612,Received an expired out of sequence packet ,23505,23608
40.1612,Received an expired out of sequence packet ,23506,23608
40.1612,Received an expired out of sequence packet ,23507,23608
40.1612,Received an expired out of sequence packet ,23508,23608
40.1612,Received an expired out of sequence packet ,23509,23608
40.1612,Received an expired out of sequence packet ,23510,23608
40.1703,Received an expired out of sequence packet ,23511,23608
40.1704,Received an expired out of sequence packet ,23512,23608
40.1704,Received an expired out of sequence packet ,23513,23608
40.1704,Received an expired out of sequence packet ,23514,23608
40.1715,Received an expired out of sequence packet ,23515,23608
40.1715,Received an expired out of sequence packet ,23516,23608
40.1715,Received an expired out of sequence packet ,23517,23608
40.1715,Received an expired out of sequence packet ,23518,23608
40.1715,Received an expired out of sequence packet ,23519,23608
40.1715,Received an expired out of sequence packet ,23520,23608
40.1715,Received an expired out of sequence packet ,23521,23608
40.1715,Received an expired out of sequence packet ,23522,23608
40.1716,Received an expired out of sequence packet ,23523,23608
40.1716,Received an expired out of sequence packet ,23524,23608
40.1716,Received an expired out of sequence packet ,23525,23608
40.1716,Received an expired out of sequence packet ,23526,23608
40.1767,Received an expired out of sequence packet ,23527,23608
40.1767,Received an expired out of sequence packet ,23528,23608
40.1767,Received an expired out of sequence packet ,23529,23608
40.1848,Received an expired out of sequence packet ,23530,23608
40.1849,Received an expired out of sequence packet ,23531,23608
40.1849,Received an expired out of sequence packet ,23532,23608
40.1849,Received an expired out of sequence packet ,23533,23608
40.1849,Received an expired out of sequence packet ,23534,23608
40.1987,Received an expired out of sequence packet ,23535,23608
40.1987,Received an expired out of sequence packet ,23536,23608
40.2029,Received an expired out of sequence packet ,23537,23608
40.2029,Received an expired out of sequence packet ,23538,23608
40.2029,Received an expired out of sequence packet ,23539,23608
40.2029,Received an expired out of sequence packet ,23540,23608
40.2029,Received an expired out of sequence packet ,23541,23608
40.2029,Received an expired out of sequence packet ,23542,23608
40.208,Received an expired out of sequence packet ,23543,23608
40.208,Received an expired out of sequence packet ,23544,23608
40.208,Received an expired out of sequence packet ,23545,23608
40.2081,Received an expired out of sequence packet ,23546,23608
40.2081,Received an expired out of sequence packet ,23547,23608
40.2092,Received an expired out of sequence packet ,23548,23608
40.2092,Received an expired out of sequence packet ,23549,23608
40.2092,Received an expired out of sequence packet ,23550,23608
40.2099,Received an expired out of sequence packet ,23551,23608
40.2173,Received an expired out of sequence packet ,23552,23608
40.2173,Received an expired out of sequence packet ,23553,23608
40.2204,Received an expired out of sequence packet ,23554,23608
40.2204,Received an expired out of sequence packet ,23555,23608
40.2204,Received an expired out of sequence packet ,23556,23608
40.2204,Received an expired out of sequence packet ,23557,23608
40.2204,Received an expired out of sequence packet ,23558,23608
40.2204,Received an expired out of sequence packet ,23559,23608
40.2204,Received an expired out of sequence packet ,23560,23608
40.23,Received an expired out of sequence packet ,23561,23608
40.23,Received an expired out of sequence packet ,23562,23608
40.2312,Received an expired out of sequence packet ,23563,23608
40.2312,Received an expired out of sequence packet ,23564,23608
40.2313,Received an expired out of sequence packet ,23565,23608
40.2313,Received an expired out of sequence packet ,23566,23608
40.2313,Received an expired out of sequence packet ,23567,23608
40.2313,Received an expired out of sequence packet ,23568,23608
40.2405,Received an expired out of sequence packet ,23569,23608
40.2405,Received an expired out of sequence packet ,23570,23608
40.2405,Received an expired out of sequence packet ,23571,23608
40.2405,Received an expired out of sequence packet ,23572,23608
40.2405,Received an expired out of sequence packet ,23573,23608
40.2405,Received an expired out of sequence packet ,23574,23608
40.2405,Received an expired out of sequence packet ,23575,23608
40.2405,Received an expired out of sequence packet ,23576,23608
40.2446,Received an expired out of sequence packet ,23577,23608
40.2447,Received an expired out of sequence packet ,23578,23608
40.2447,Received an expired out of sequence packet ,23579,23608
40.2447,Received an expired out of sequence packet ,23580,23608
40.2447,Received an expired out of sequence packet ,23581,23608
40.2447,Received an expired out of sequence packet ,23582,23608
40.2447,Received an expired out of sequence packet ,23583,23608
40.2447,Received an expired out of sequence packet ,23584,23608
40.2478,Received an expired out of sequence packet ,23585,23608
40.2478,Received an expired out of sequence packet ,23586,23608
40.2479,Received an expired out of sequence packet ,23587,23608
40.2499,Received an expired out of sequence packet ,23588,23608
40.2499,Received an expired out of sequence packet ,23589,23608
40.2499,Received an expired out of sequence packet ,23590,23608
40.2561,Received an expired out of sequence packet ,23591,23608
40.2561,Received an expired out of sequence packet ,23592,23608
40.2562,Received an expired out of sequence packet ,23593,23608
40.2562,Received an expired out of sequence packet ,23594,23608
40.2653,Received an expired out of sequence packet ,23595,23608
40.2653,Received an expired out of sequence packet ,23596,23608
40.2653,Received an expired out of sequence packet ,23597,23608
40.2653,Received an expired out of sequence packet ,23598,23608
40.2653,Received an expired out of sequence packet ,23599,23608
40.2685,Received an expired out of sequence packet ,23600,23608
40.2685,Received an expired out of sequence packet ,23601,23608
40.2685,Received an expired out of sequence packet ,23602,23608
40.2685,Received an expired out of sequence packet ,23603,23608
40.2685,Received an expired out of sequence packet ,23604,23608
40.2685,Received an expired out of sequence packet ,23605,23608
40.2685,Received an expired out of sequence packet ,23606,23608
40.2685,Received an expired out of sequence packet ,23607,23608
51.4264,Missing packet expired,29388
53.9804,Missing packet expired,35473
55.6183,Missing packet expired,39342
76.764,Missing packet expired,53880
78.8495,Missing packet expired,57944
233.013,Timeout
233.013,clearing sending list because of timeout
233.016,Received an expired out of sequence packet ,182829,182895
233.016,Received an expired out of sequence packet ,182830,182895
233.016,Received an expired out of sequence packet ,182831,182895
233.016,Received an expired out of sequence packet ,182832,182895
233.016,Received an expired out of sequence packet ,182833,182895
233.016,Received an expired out of sequence packet ,182834,182895
233.016,Received an expired out of sequence packet ,182835,182895
233.016,Received an expired out of sequence packet ,182836,182895
233.016,Received an expired out of sequence packet ,182837,182895
233.016,Received an expired out of sequence packet ,182838,182895
233.016,Received an expired out of sequence packet ,182839,182895
233.016,Received an expired out of sequence packet ,182840,182895
233.016,Received an expired out of sequence packet ,182841,182895
233.016,Received an expired out of sequence packet ,182842,182895
233.016,Received an expired out of sequence packet ,182843,182895
233.018,Received an expired out of sequence packet ,182844,182895
233.018,Received an expired out of sequence packet ,182845,182895
233.018,Received an expired out of sequence packet ,182846,182895
233.02,Received an expired out of sequence packet ,182847,182895
233.02,Received an expired out of sequence packet ,182848,182895
233.027,Received an expired out of sequence packet ,182849,182895
233.027,Received an expired out of sequence packet ,182850,182895
233.027,Received an expired out of sequence packet ,182851,182895
233.027,Received an expired out of sequence packet ,182852,182895
233.027,Received an expired out of sequence packet ,182853,182895
233.027,Received an expired out of sequence packet ,182854,182895
233.027,Received an expired out of sequence packet ,182855,182895
233.027,Received an expired out of sequence packet ,182856,182895
233.027,Received an expired out of sequence packet ,182857,182895
233.029,Received an expired out of sequence packet ,182858,182895
233.033,Received an expired out of sequence packet ,182859,182895
233.033,Received an expired out of sequence packet ,182860,182895
233.044,Received an expired out of sequence packet ,182861,182895
233.044,Received an expired out of sequence packet ,182862,182895
233.044,Received an expired out of sequence packet ,182863,182895
233.044,Received an expired out of sequence packet ,182864,182895
233.044,Received an expired out of sequence packet ,182865,182895
233.044,Received an expired out of sequence packet ,182866,182895
233.047,Received an expired out of sequence packet ,182867,182895
233.047,Received an expired out of sequence packet ,182868,182895
233.047,Received an expired out of sequence packet ,182869,182895
233.051,Received an expired out of sequence packet ,182870,182895
233.051,Received an expired out of sequence packet ,182871,182895
233.051,Received an expired out of sequence packet ,182872,182895
233.051,Received an expired out of sequence packet ,182873,182895
233.051,Received an expired out of sequence packet ,182874,182895
233.051,Received an expired out of sequence packet ,182875,182895
233.051,Received an expired out of sequence packet ,182876,182895
233.051,Received an expired out of sequence packet ,182877,182895
233.051,Received an expired out of sequence packet ,182878,182895
233.051,Received an expired out of sequence packet ,182879,182895
233.051,Received an expired out of sequence packet ,182880,182895
233.051,Received an expired out of sequence packet ,182881,182895
233.051,Received an expired out of sequence packet ,182882,182895
233.051,Received an expired out of sequence packet ,182883,182895
233.051,Received an expired out of sequence packet ,182884,182895
233.051,Received an expired out of sequence packet ,182885,182895
233.052,Received an expired out of sequence packet ,182886,182895
233.052,Received an expired out of sequence packet ,182887,182895
233.052,Received an expired out of sequence packet ,182888,182895
233.052,Received an expired out of sequence packet ,182889,182895
233.053,Received an expired out of sequence packet ,182890,182895
233.053,Received an expired out of sequence packet ,182891,182895
233.053,Received an expired out of sequence packet ,182892,182895
233.053,Received an expired out of sequence packet ,182893,182895
233.053,Received an expired out of sequence packet ,182894,182895
252.083,Timeout
252.083,clearing sending list because of timeout
252.097,Received an expired out of sequence packet ,196780,197016
253.097,Timeout
253.097,clearing sending list because of timeout
253.099,Received an expired out of sequence packet ,196781,197018
254.095,Received an expired out of sequence packet ,196782,197018
255.061,Received an expired out of sequence packet ,196783,197018
255.066,Received an expired out of sequence packet ,196784,197018
255.07,Received an expired out of sequence packet ,196785,197018
255.07,Received an expired out of sequence packet ,196786,197018
255.07,Received an expired out of sequence packet ,196787,197018
255.07,Received an expired out of sequence packet ,196788,197018
255.074,Received an expired out of sequence packet ,196789,197018
255.074,Received an expired out of sequence packet ,196790,197018
255.074,Received an expired out of sequence packet ,196791,197018
255.074,Received an expired out of sequence packet ,196792,197018
255.074,Received an expired out of sequence packet ,196793,197018
255.074,Received an expired out of sequence packet ,196794,197018
255.074,Received an expired out of sequence packet ,196795,197018
255.074,Received an expired out of sequence packet ,196796,197018
255.074,Received an expired out of sequence packet ,196797,197018
255.074,Received an expired out of sequence packet ,196798,197018
255.077,Received an expired out of sequence packet ,196799,197018
255.077,Received an expired out of sequence packet ,196800,197018
255.077,Received an expired out of sequence packet ,196801,197018
255.081,Received an expired out of sequence packet ,196802,197018
255.081,Received an expired out of sequence packet ,196803,197018
255.081,Received an expired out of sequence packet ,196804,197018
255.081,Received an expired out of sequence packet ,196805,197018
255.081,Received an expired out of sequence packet ,196806,197018
255.081,Received an expired out of sequence packet ,196807,197018
255.081,Received an expired out of sequence packet ,196808,197018
255.081,Received an expired out of sequence packet ,196809,197018
255.081,Received an expired out of sequence packet ,196810,197018
255.081,Received an expired out of sequence packet ,196811,197018
255.081,Received an expired out of sequence packet ,196812,197018
255.081,Received an expired out of sequence packet ,196813,197018
255.083,Received an expired out of sequence packet ,196814,197018
255.083,Received an expired out of sequence packet ,196815,197018
255.083,Received an expired out of sequence packet ,196816,197018
255.083,Received an expired out of sequence packet ,196817,197018
255.083,Received an expired out of sequence packet ,196818,197018
255.083,Received an expired out of sequence packet ,196819,197018
255.083,Received an expired out of sequence packet ,196820,197018
255.083,Received an expired out of sequence packet ,196821,197018
255.083,Received an expired out of sequence packet ,196822,197018
255.083,Received an expired out of sequence packet ,196823,197018
255.083,Received an expired out of sequence packet ,196824,197018
255.083,Received an expired out of sequence packet ,196825,197018
255.083,Received an expired out of sequence packet ,196826,197018
255.083,Received an expired out of sequence packet ,196827,197018
255.083,Received an expired out of sequence packet ,196828,197018
255.083,Received an expired out of sequence packet ,196829,197018
255.083,Received an expired out of sequence packet ,196830,197018
255.093,Received an expired out of sequence packet ,196831,197018
255.093,Received an expired out of sequence packet ,196832,197018
255.093,Received an expired out of sequence packet ,196833,197018
255.093,Received an expired out of sequence packet ,196834,197018
255.093,Received an expired out of sequence packet ,196835,197018
255.093,Received an expired out of sequence packet ,196836,197018
255.093,Received an expired out of sequence packet ,196837,197018
255.093,Received an expired out of sequence packet ,196838,197018
255.093,Received an expired out of sequence packet ,196839,197018
255.093,Received an expired out of sequence packet ,196840,197018
255.093,Received an expired out of sequence packet ,196841,197018
255.093,Received an expired out of sequence packet ,196842,197018
255.093,Received an expired out of sequence packet ,196843,197018
255.093,Received an expired out of sequence packet ,196844,197018
255.093,Received an expired out of sequence packet ,196845,197018
255.093,Received an expired out of sequence packet ,196846,197018
255.107,Received an expired out of sequence packet ,196847,197018
255.107,Received an expired out of sequence packet ,196848,197018
255.11,Received an expired out of sequence packet ,196849,197018
255.11,Received an expired out of sequence packet ,196850,197018
255.11,Received an expired out of sequence packet ,196851,197018
255.11,Received an expired out of sequence packet ,196852,197018
255.11,Received an expired out of sequence packet ,196853,197018
255.285,Received an expired out of sequence packet ,196854,197018
255.285,Received an expired out of sequence packet ,196855,197018
255.285,Received an expired out of sequence packet ,196856,197018
255.285,Received an expired out of sequence packet ,196857,197018
255.285,Received an expired out of sequence packet ,196858,197018
255.285,Received an expired out of sequence packet ,196859,197018
255.285,Received an expired out of sequence packet ,196860,197018
255.285,Received an expired out of sequence packet ,196861,197018
255.285,Received an expired out of sequence packet ,196862,197018
255.285,Received an expired out of sequence packet ,196863,197018
255.285,Received an expired out of sequence packet ,196864,197018
255.285,Received an expired out of sequence packet ,196865,197018
255.285,Received an expired out of sequence packet ,196866,197018
255.285,Received an expired out of sequence packet ,196867,197018
255.285,Received an expired out of sequence packet ,196868,197018
255.285,Received an expired out of sequence packet ,196869,197018
255.285,Received an expired out of sequence packet ,196870,197018
255.306,Received an expired out of sequence packet ,196871,197018
255.306,Received an expired out of sequence packet ,196872,197018
255.306,Received an expired out of sequence packet ,196873,197018
255.312,Received an expired out of sequence packet ,196874,197018
255.312,Received an expired out of sequence packet ,196875,197018
255.312,Received an expired out of sequence packet ,196876,197018
255.312,Received an expired out of sequence packet ,196877,197018
255.321,Received an expired out of sequence packet ,196878,197018
255.321,Received an expired out of sequence packet ,196879,197018
255.321,Received an expired out of sequence packet ,196880,197018
255.321,Received an expired out of sequence packet ,196881,197018
255.321,Received an expired out of sequence packet ,196882,197018
255.321,Received an expired out of sequence packet ,196883,197018
255.322,Received an expired out of sequence packet ,196884,197018
255.322,Received an expired out of sequence packet ,196885,197018
255.322,Received an expired out of sequence packet ,196886,197018
255.322,Received an expired out of sequence packet ,196887,197018
255.322,Received an expired out of sequence packet ,196888,197018
255.322,Received an expired out of sequence packet ,196889,197018
255.322,Received an expired out of sequence packet ,196890,197018
255.322,Received an expired out of sequence packet ,196891,197018
255.322,Received an expired out of sequence packet ,196892,197018
255.322,Received an expired out of sequence packet ,196893,197018
255.323,Received an expired out of sequence packet ,196894,197018
255.323,Received an expired out of sequence packet ,196895,197018
255.323,Received an expired out of sequence packet ,196896,197018
255.323,Received an expired out of sequence packet ,196897,197018
255.323,Received an expired out of sequence packet ,196898,197018
255.323,Received an expired out of sequence packet ,196899,197018
255.327,Received an expired out of sequence packet ,196900,197018
255.327,Received an expired out of sequence packet ,196901,197018
255.327,Received an expired out of sequence packet ,196902,197018
255.327,Received an expired out of sequence packet ,196903,197018
255.327,Received an expired out of sequence packet ,196904,197018
255.327,Received an expired out of sequence packet ,196905,197018
255.327,Received an expired out of sequence packet ,196906,197018
255.327,Received an expired out of sequence packet ,196907,197018
255.327,Received an expired out of sequence packet ,196908,197018
255.327,Received an expired out of sequence packet ,196909,197018
255.327,Received an expired out of sequence packet ,196910,197018
255.327,Received an expired out of sequence packet ,196911,197018
255.327,Received an expired out of sequence packet ,196912,197018
255.327,Received an expired out of sequence packet ,196913,197018
255.327,Received an expired out of sequence packet ,196914,197018
255.327,Received an expired out of sequence packet ,196915,197018
255.327,Received an expired out of sequence packet ,196916,197018
255.327,Received an expired out of sequence packet ,196917,197018
255.327,Received an expired out of sequence packet ,196918,197018
255.327,Received an expired out of sequence packet ,196919,197018
255.327,Received an expired out of sequence packet ,196920,197018
255.327,Received an expired out of sequence packet ,196921,197018
255.34,Received an expired out of sequence packet ,196922,197018
255.34,Received an expired out of sequence packet ,196923,197018
255.34,Received an expired out of sequence packet ,196924,197018
255.34,Received an expired out of sequence packet ,196925,197018
255.34,Received an expired out of sequence packet ,196926,197018
255.34,Received an expired out of sequence packet ,196927,197018
255.34,Received an expired out of sequence packet ,196928,197018
255.34,Received an expired out of sequence packet ,196929,197018
255.34,Received an expired out of sequence packet ,196930,197018
255.34,Received an expired out of sequence packet ,196931,197018
255.34,Received an expired out of sequence packet ,196932,197018
255.34,Received an expired out of sequence packet ,196933,197018
255.34,Received an expired out of sequence packet ,196934,197018
255.342,Received an expired out of sequence packet ,196935,197018
255.342,Received an expired out of sequence packet ,196936,197018
255.342,Received an expired out of sequence packet ,196937,197018
255.342,Received an expired out of sequence packet ,196938,197018
255.342,Received an expired out of sequence packet ,196939,197018
255.342,Received an expired out of sequence packet ,196940,197018
255.346,Received an expired out of sequence packet ,196941,197018
255.346,Received an expired out of sequence packet ,196942,197018
255.346,Received an expired out of sequence packet ,196943,197018
255.346,Received an expired out of sequence packet ,196944,197018
255.346,Received an expired out of sequence packet ,196945,197018
255.346,Received an expired out of sequence packet ,196946,197018
255.346,Received an expired out of sequence packet ,196947,197018
255.346,Received an expired out of sequence packet ,196948,197018
255.524,Received an expired out of sequence packet ,196949,197018
255.524,Received an expired out of sequence packet ,196950,197018
255.525,Received an expired out of sequence packet ,196951,197018
255.525,Received an expired out of sequence packet ,196952,197018
255.525,Received an expired out of sequence packet ,196953,197018
255.525,Received an expired out of sequence packet ,196954,197018
255.529,Received an expired out of sequence packet ,196955,197018
255.529,Received an expired out of sequence packet ,196956,197018
255.531,Received an expired out of sequence packet ,196957,197018
255.531,Received an expired out of sequence packet ,196958,197018
255.531,Received an expired out of sequence packet ,196959,197018
255.536,Received an expired out of sequence packet ,196960,197018
255.536,Received an expired out of sequence packet ,196961,197018
255.536,Received an expired out of sequence packet ,196962,197018
255.536,Received an expired out of sequence packet ,196963,197018
255.536,Received an expired out of sequence packet ,196964,197018
255.536,Received an expired out of sequence packet ,196965,197018
255.536,Received an expired out of sequence packet ,196966,197018
255.536,Received an expired out of sequence packet ,196967,197018
255.536,Received an expired out of sequence packet ,196968,197018
255.536,Received an expired out of sequence packet ,196969,197018
255.536,Received an expired out of sequence packet ,196970,197018
255.538,Received an expired out of sequence packet ,196971,197018
255.538,Received an expired out of sequence packet ,196972,197018
255.538,Received an expired out of sequence packet ,196973,197018
255.543,Received an expired out of sequence packet ,196974,197018
255.543,Received an expired out of sequence packet ,196975,197018
255.543,Received an expired out of sequence packet ,196976,197018
255.543,Received an expired out of sequence packet ,196977,197018
255.543,Received an expired out of sequence packet ,196978,197018
255.543,Received an expired out of sequence packet ,196979,197018
255.543,Received an expired out of sequence packet ,196980,197018
255.543,Received an expired out of sequence packet 