1.34804,Exit slow start,exceeding SS_EXIT_THRESHOLD
31.3642,Timeout
31.3643,clearing sending list because of timeout
31.3644,Received an expired out of sequence packet ,13683,13823
32.3644,Timeout
32.3644,clearing sending list because of timeout
32.3765,Received an expired out of sequence packet ,13684,13826
32.6691,Received an expired out of sequence packet ,13685,13826
32.6834,Received an expired out of sequence packet ,13686,13826
32.6866,Received an expired out of sequence packet ,13687,13826
32.6956,Received an expired out of sequence packet ,13688,13826
32.6988,Received an expired out of sequence packet ,13689,13826
32.7139,Received an expired out of sequence packet ,13690,13826
32.714,Received an expired out of sequence packet ,13691,13826
32.7201,Received an expired out of sequence packet ,13692,13826
32.7222,Received an expired out of sequence packet ,13693,13826
32.7396,Received an expired out of sequence packet ,13694,13826
32.7416,Received an expired out of sequence packet ,13695,13826
32.7437,Received an expired out of sequence packet ,13696,13826
32.7437,Received an expired out of sequence packet ,13697,13826
32.748,Received an expired out of sequence packet ,13698,13826
32.7615,Received an expired out of sequence packet ,13699,13826
32.7636,Received an expired out of sequence packet ,13700,13826
32.7668,Received an expired out of sequence packet ,13701,13826
32.7728,Received an expired out of sequence packet ,13702,13826
32.778,Received an expired out of sequence packet ,13703,13826
32.7801,Received an expired out of sequence packet ,13704,13826
32.7899,Received an expired out of sequence packet ,13705,13826
32.791,Received an expired out of sequence packet ,13706,13826
32.8013,Received an expired out of sequence packet ,13707,13826
32.8104,Received an expired out of sequence packet ,13708,13826
32.8124,Received an expired out of sequence packet ,13709,13826
32.8186,Received an expired out of sequence packet ,13710,13826
32.8329,Received an expired out of sequence packet ,13711,13826
32.835,Received an expired out of sequence packet ,13712,13826
32.835,Received an expired out of sequence packet ,13713,13826
32.835,Received an expired out of sequence packet ,13714,13826
32.8403,Received an expired out of sequence packet ,13715,13826
32.8454,Received an expired out of sequence packet ,13716,13826
32.8495,Received an expired out of sequence packet ,13717,13826
32.8516,Received an expired out of sequence packet ,13718,13826
32.8548,Received an expired out of sequence packet ,13719,13826
32.8569,Received an expired out of sequence packet ,13720,13826
32.8569,Received an expired out of sequence packet ,13721,13826
32.86,Received an expired out of sequence packet ,13722,13826
32.86,Received an expired out of sequence packet ,13723,13826
32.8611,Received an expired out of sequence packet ,13724,13826
32.8693,Received an expired out of sequence packet ,13725,13826
32.8693,Received an expired out of sequence packet ,13726,13826
32.8714,Received an expired out of sequence packet ,13727,13826
32.8714,Received an expired out of sequence packet ,13728,13826
32.8715,Received an expired out of sequence packet ,13729,13826
32.8726,Received an expired out of sequence packet ,13730,13826
32.8754,Received an expired out of sequence packet ,13731,13826
32.8825,Received an expired out of sequence packet ,13732,13826
32.8837,Received an expired out of sequence packet ,13733,13826
32.8837,Received an expired out of sequence packet ,13734,13826
32.8848,Received an expired out of sequence packet ,13735,13826
32.8885,Received an expired out of sequence packet ,13736,13826
32.8936,Received an expired out of sequence packet ,13737,13826
32.8936,Received an expired out of sequence packet ,13738,13826
32.8937,Received an expired out of sequence packet ,13739,13826
32.9056,Received an expired out of sequence packet ,13740,13826
32.919,Received an expired out of sequence packet ,13741,13826
32.9191,Received an expired out of sequence packet ,13742,13826
32.9212,Received an expired out of sequence packet ,13743,13826
32.9252,Received an expired out of sequence packet ,13744,13826
32.9274,Received an expired out of sequence packet ,13745,13826
32.9313,Received an expired out of sequence packet ,13746,13826
32.9313,Received an expired out of sequence packet ,13747,13826
32.9354,Received an expired out of sequence packet ,13748,13826
32.9405,Received an expired out of sequence packet ,13749,13826
32.9447,Received an expired out of sequence packet ,13750,13826
32.9488,Received an expired out of sequence packet ,13751,13826
32.9538,Received an expired out of sequence packet ,13752,13826
32.9559,Received an expired out of sequence packet ,13753,13826
32.958,Received an expired out of sequence packet ,13754,13826
32.964,Received an expired out of sequence packet ,13755,13826
32.9713,Received an expired out of sequence packet ,13756,13826
32.9744,Received an expired out of sequence packet ,13757,13826
32.9744,Received an expired out of sequence packet ,13758,13826
32.9744,Received an expired out of sequence packet ,13759,13826
32.9796,Received an expired out of sequence packet ,13760,13826
32.9857,Received an expired out of sequence packet ,13761,13826
32.9858,Received an expired out of sequence packet ,13762,13826
32.9909,Received an expired out of sequence packet ,13763,13826
32.9937,Received an expired out of sequence packet ,13764,13826
32.9937,Received an expired out of sequence packet ,13765,13826
32.9938,Received an expired out of sequence packet ,13766,13826
32.9938,Received an expired out of sequence packet ,13767,13826
32.9949,Received an expired out of sequence packet ,13768,13826
32.997,Received an expired out of sequence packet ,13769,13826
33.0114,Received an expired out of sequence packet ,13770,13826
33.0135,Received an expired out of sequence packet ,13771,13826
33.0147,Received an expired out of sequence packet ,13772,13826
33.0155,Received an expired out of sequence packet ,13773,13826
33.0176,Received an expired out of sequence packet ,13774,13826
33.0177,Received an expired out of sequence packet ,13775,13826
33.0177,Received an expired out of sequence packet ,13776,13826
33.0177,Received an expired out of sequence packet ,13777,13826
33.0218,Received an expired out of sequence packet ,13778,13826
33.0353,Received an expired out of sequence packet ,13779,13826
33.0406,Received an expired out of sequence packet ,13780,13826
33.0406,Received an expired out of sequence packet ,13781,13826
33.0406,Received an expired out of sequence packet ,13782,13826
33.0416,Received an expired out of sequence packet ,13783,13826
33.0489,Received an expired out of sequence packet ,13784,13826
33.0489,Received an expired out of sequence packet ,13785,13826
33.049,Received an expired out of sequence packet ,13786,13826
33.0533,Received an expired out of sequence packet ,13787,13826
33.0533,Received an expired out of sequence packet ,13788,13826
33.0554,Received an expired out of sequence packet ,13789,13826
33.0597,Received an expired out of sequence packet ,13790,13826
33.0609,Received an expired out of sequence packet ,13791,13826
33.063,Received an expired out of sequence packet ,13792,13826
33.0692,Received an expired out of sequence packet ,13793,13826
33.0713,Received an expired out of sequence packet ,13794,13826
33.0714,Received an expired out of sequence packet ,13795,13826
33.0735,Received an expired out of sequence packet ,13796,13826
33.0756,Received an expired out of sequence packet ,13797,13826
33.0788,Received an expired out of sequence packet ,13798,13826
33.0799,Received an expired out of sequence packet ,13799,13826
33.081,Received an expired out of sequence packet ,13800,13826
33.0872,Received an expired out of sequence packet ,13801,13826
33.0898,Received an expired out of sequence packet ,13802,13826
33.0898,Received an expired out of sequence packet ,13803,13826
33.092,Received an expired out of sequence packet ,13804,13826
33.1078,Received an expired out of sequence packet ,13805,13826
33.1089,Received an expired out of sequence packet ,13806,13826
33.109,Received an expired out of sequence packet ,13807,13826
33.109,Received an expired out of sequence packet ,13808,13826
33.1121,Received an expired out of sequence packet ,13809,13826
33.1121,Received an expired out of sequence packet ,13810,13826
33.1153,Received an expired out of sequence packet ,13811,13826
33.1153,Received an expired out of sequence packet ,13812,13826
33.1174,Received an expired out of sequence packet ,13813,13826
33.1217,Received an expired out of sequence packet ,13814,13826
33.125,Received an expired out of sequence packet ,13815,13826
33.1291,Received an expired out of sequence packet ,13816,13826
33.1314,Received an expired out of sequence packet ,13817,13826
33.1334,Received an expired out of sequence packet ,13818,13826
33.1334,Received an expired out of sequence packet ,13819,13826
33.1357,Received an expired out of sequence packet ,13820,13826
33.1389,Received an expired out of sequence packet ,13821,13826
33.1389,Received an expired out of sequence packet ,13822,13826
33.141,Received an expired out of sequence packet ,13823,13826
33.1441,Received an expired out of sequence packet ,13824,13826
33.1492,Received an expired out of sequence packet ,13825,13826
127.392,Timeout
127.392,clearing sending list because of timeout
127.398,Received an expired out of sequence packet ,77201,77272
127.404,Received an expired out of sequence packet ,77202,77272
127.406,Received an expired out of sequence packet ,77203,77272
127.406,Received an expired out of sequence packet ,77204,77272
127.406,Received an expired out of sequence packet ,77205,77272
127.407,Received an expired out of sequence packet ,77206,77272
127.407,Received an expired out of sequence packet ,77207,77272
127.407,Received an expired out of sequence packet ,77208,77272
127.411,Received an expired out of sequence packet ,77209,77272
127.411,Received an expired out of sequence packet ,77210,77272
127.411,Received an expired out of sequence packet ,77211,77272
127.411,Received an expired out of sequence packet ,77212,77272
127.411,Received an expired out of sequence packet ,77213,77272
127.411,Received an expired out of sequence packet ,77214,77272
127.411,Received an expired out of sequence packet ,77215,77272
127.414,Received an expired out of sequence packet ,77216,77272
127.414,Received an expired out of sequence packet ,77217,77272
127.414,Received an expired out of sequence packet ,77218,77272
127.414,Received an expired out of sequence packet ,77219,77272
127.415,Received an expired out of sequence packet ,77220,77272
127.415,Received an expired out of sequence packet ,77221,77272
127.415,Received an expired out of sequence packet ,77222,77272
127.415,Received an expired out of sequence packet ,77223,77272
127.417,Received an expired out of sequence packet ,77224,77272
127.417,Received an expired out of sequence packet ,77225,77272
127.417,Received an expired out of sequence packet ,77226,77272
127.417,Received an expired out of sequence packet ,77227,77272
127.417,Received an expired out of sequence packet ,77228,77272
127.417,Received an expired out of sequence packet ,77229,77272
127.417,Received an expired out of sequence packet ,77230,77272
127.417,Received an expired out of sequence packet ,77231,77272
127.417,Received an expired out of sequence packet ,77232,77272
127.417,Received an expired out of sequence packet ,77233,77272
127.417,Received an expired out of sequence packet ,77234,77272
127.417,Received an expired out of sequence packet ,77235,77272
127.417,Received an expired out of sequence packet ,77236,77272
127.418,Received an expired out of sequence packet ,77237,77272
127.418,Received an expired out of sequence packet ,77238,77272
127.418,Received an expired out of sequence packet ,77239,77272
127.466,Received an expired out of sequence packet ,77240,77272
127.466,Received an expired out of sequence packet ,77241,77272
127.469,Received an expired out of sequence packet ,77242,77272
127.473,Received an expired out of sequence packet ,77243,77272
127.473,Received an expired out of sequence packet ,77244,77272
127.477,Received an expired out of sequence packet ,77245,77272
127.479,Received an expired out of sequence packet ,77246,77272
127.479,Received an expired out of sequence packet ,77247,77272
127.501,Received an expired out of sequence packet ,77248,77272
127.501,Received an expired out of sequence packet ,77249,77272
127.501,Received an expired out of sequence packet ,77250,77272
127.501,Received an expired out of sequence packet ,77251,77272
127.501,Received an expired out of sequence packet ,77252,77272
127.507,Received an expired out of sequence packet ,77253,77272
127.507,Received an expired out of sequence packet ,77254,77272
127.511,Received an expired out of sequence packet ,77255,77272
127.511,Received an expired out of sequence packet ,77256,77272
127.511,Received an expired out of sequence packet ,77257,77272
127.514,Received an expired out of sequence packet ,77258,77272
127.514,Received an expired out of sequence packet ,77259,77272
127.514,Received an expired out of sequence packet ,77260,77272
127.514,Received an expired out of sequence packet ,77261,77272
127.514,Received an expired out of sequence packet ,77262,77272
127.514,Received an expired out of sequence packet ,77263,77272
127.514,Received an expired out of sequence packet ,77264,77272
127.514,Received an expired out of sequence packet ,77265,77272
127.514,Received an expired out of sequence packet ,77266,77272
127.514,Received an expired out of sequence packet ,77267,77272
127.516,Received an expired out of sequence packet ,77268,77272
127.516,Received an expired out of sequence packet ,77269,77272
127.516,Received an expired out of sequence packet ,77270,77272
127.516,Received an expired out of sequence packet ,77271,77272
157.943,Timeout
157.943,clearing sending list because of timeout
157.954,Received an expired out of sequence packet ,98348,98383
157.954,Received an expired out of sequence packet ,98349,98383
157.954,Received an expired out of sequence packet ,98350,98383
157.955,Received an expired out of sequence packet ,98351,98383
157.955,Received an expired out of sequence packet ,98352,98383
157.963,Received an expired out of sequence packet ,98353,98383
157.963,Received an expired out of sequence packet ,98354,98383
157.963,Received an expired out of sequence packet ,98355,98383
157.963,Received an expired out of sequence packet ,98356,98383
157.963,Received an expired out of sequence packet ,98357,98383
157.963,Received an expired out of sequence packet ,98358,98383
157.963,Received an expired out of sequence packet ,98359,98383
157.963,Received an expired out of sequence packet ,98360,98383
157.963,Received an expired out of sequence packet ,98361,98383
157.966,Received an expired out of sequence packet ,98362,98383
157.97,Received an expired out of sequence packet ,98363,98383
157.97,Received an expired out of sequence packet ,98364,98383
157.98,Received an expired out of sequence packet ,98365,98383
157.98,Received an expired out of sequence packet ,98366,98383
157.98,Received an expired out of sequence packet ,98367,98383
157.98,Received an expired out of sequence packet ,98368,98383
157.98,Received an expired out of sequence packet ,98369,98383
157.98,Received an expired out of sequence packet ,98370,98383
157.983,Received an expired out of sequence packet ,98371,98383
157.983,Received an expired out of sequence packet ,98372,98383
157.983,Received an expired out of sequence packet ,98373,98383
157.987,Received an expired out of sequence packet ,98374,98383
157.988,Received an expired out of sequence packet ,98375,98383
157.988,Received an expired out of sequence packet ,98376,98383
157.988,Received an expired out of sequence packet ,98377,98383
157.988,Received an expired out of sequence packet ,98378,98383
157.988,Received an expired out of sequence packet ,98379,98383
157.988,Received an expired out of sequence packet ,98380,98383
157.988,Received an expired out of sequence packet ,98381,98383
157.988,Received an expired out of sequence packet ,98382,98383
158.208,Timeout
158.208,clearing sending list because of timeout
158.223,Received an expired out of sequence packet ,98385,98387
158.224,Received an expired out of sequence packet ,98386,98387
169.874,Timeout
169.874,clearing sending list because of timeout
169.915,Received an expired out of sequence packet ,102698,102761
169.916,Received an expired out of sequence packet ,102699,102761
169.916,Received an expired out of sequence packet ,102700,102761
169.916,Received an expired out of sequence packet ,102701,102761
169.917,Received an expired out of sequence packet ,102702,102761
169.917,Received an expired out of sequence packet ,102703,102761
169.917,Received an expired out of sequence packet ,102704,102761
169.92,Received an expired out of sequence packet ,102705,102761
169.92,Received an expired out of sequence packet ,102706,102761
169.92,Received an expired out of sequence packet ,102707,102761
169.92,Received an expired out of sequence packet ,102708,102761
169.92,Received an expired out of sequence packet ,102709,102761
169.92,Received an expired out of sequence packet ,102710,102761
169.92,Received an expired out of sequence packet ,102711,102761
169.92,Received an expired out of sequence packet ,102712,102761
169.92,Received an expired out of sequence packet ,102713,102761
169.924,Received an expired out of sequence packet ,102714,102761
169.924,Received an expired out of sequence packet ,102715,102761
169.924,Received an expired out of sequence packet ,102716,102761
169.924,Received an expired out of sequence packet ,102717,102761
169.924,Received an expired out of sequence packet ,102718,102761
169.925,Received an expired out of sequence packet ,102719,102761
169.925,Received an expired out of sequence packet ,102720,102761
169.925,Received an expired out of sequence packet ,102721,102761
169.925,Received an expired out of sequence packet ,102722,102761
169.925,Received an expired out of sequence packet ,102723,102761
169.925,Received an expired out of sequence packet ,102724,102761
169.925,Received an expired out of sequence packet ,102725,102761
169.925,Received an expired out of sequence packet ,102726,102761
169.933,Received an expired out of sequence packet ,102727,102761
169.934,Received an expired out of sequence packet ,102728,102761
169.934,Received an expired out of sequence packet ,102729,102761
169.934,Received an expired out of sequence packet ,102730,102761
169.934,Received an expired out of sequence packet ,102731,102761
169.934,Received an expired out of sequence packet ,102732,102761
169.935,Received an expired out of sequence packet ,102733,102761
169.935,Received an expired out of sequence packet ,102734,102761
169.935,Received an expired out of sequence packet ,102735,102761
169.935,Received an expired out of sequence packet ,102736,102761
169.935,Received an expired out of sequence packet ,102737,102761
169.935,Received an expired out of sequence packet ,102738,102761
169.935,Received an expired out of sequence packet ,102739,102761
169.935,Received an expired out of sequence packet ,102740,102761
169.935,Received an expired out of sequence packet ,102741,102761
169.941,Received an expired out of sequence packet ,102742,102761
169.941,Received an expired out of sequence packet ,102743,102761
169.941,Received an expired out of sequence packet ,102744,102761
169.941,Received an expired out of sequence packet ,102745,102761
169.941,Received an expired out of sequence packet ,102746,102761
169.941,Received an expired out of sequence packet ,102747,102761
169.941,Received an expired out of sequence packet ,102748,102761
169.941,Received an expired out of sequence packet ,102749,102761
169.941,Received an expired out of sequence packet ,102750,102761
169.942,Received an expired out of sequence packet ,102751,102761
169.942,Received an expired out of sequence packet ,102752,102761
169.942,Received an expired out of sequence packet ,102753,102761
169.942,Received an expired out of sequence packet ,102754,102761
169.942,Received an expired out of sequence packet ,102755,102761
169.942,Received an expired out of sequence packet ,102756,102761
169.942,Received an expired out of sequence packet ,102757,102761
169.945,Received an expired out of sequence packet ,102758,102761
169.945,Received an expired out of sequence packet ,102759,102761
169.945,Received an expired out of sequence packet ,102760,102761
243.229,Timeout
243.229,clearing sending list because of timeout
243.268,Received an expired out of sequence packet ,183239,183330
243.273,Received an expired out of sequence packet ,183240,183330
243.302,Received an expired out of sequence packet ,183241,183330
243.302,Received an expired out of sequence packet ,183242,183330
243.302,Received an expired out of sequence packet ,183243,183330
243.306,Received an expired out of sequence packet ,183244,183330
243.323,Received an expired out of sequence packet ,183245,183330
243.323,Received an expired out of sequence packet ,183246,183330
243.323,Received an expired out of sequence packet ,183247,183330
243.325,Received an expired out of sequence packet ,183248,183330
243.325,Received an expired out of sequence packet ,183249,183330
243.325,Received an expired out of sequence packet ,183250,183330
243.325,Received an expired out of sequence packet ,183251,183330
243.325,Received an expired out of sequence packet ,183252,183330
243.325,Received an expired out of sequence packet ,183253,183330
243.325,Received an expired out of sequence packet ,183254,183330
243.325,Received an expired out of sequence packet ,183255,183330
243.325,Received an expired out of sequence packet ,183256,183330
243.325,Received an expired out of sequence packet ,183257,183330
243.325,Received an expired out of sequence packet ,183258,183330
243.337,Received an expired out of sequence packet ,183259,183330
243.337,Received an expired out of sequence packet ,183260,183330
243.337,Received an expired out of sequence packet ,183261,183330
243.337,Received an expired out of sequence packet ,183262,183330
243.337,Received an expired out of sequence packet ,183263,183330
243.337,Received an expired out of sequence packet ,183264,183330
243.337,Received an expired out of sequence packet ,183265,183330
243.337,Received an expired out of sequence packet ,183266,183330
243.337,Received an expired out of sequence packet ,183267,183330
243.337,Received an expired out of sequence packet ,183268,183330
243.337,Received an expired out of sequence packet ,183269,183330
243.337,Received an expired out of sequence packet ,183270,183330
243.377,Received an expired out of sequence packet ,183271,183330
243.377,Received an expired out of sequence packet ,183272,183330
243.378,Received an expired out of sequence packet ,183273,183330
243.378,Received an expired out of sequence packet ,183274,183330
243.378,Received an expired out of sequence packet ,183275,183330
243.38,Received an expired out of sequence packet ,183276,183330
243.38,Received an expired out of sequence packet ,183277,183330
243.38,Received an expired out of sequence packet ,183278,183330
243.381,Received an expired out of sequence packet ,183279,183330
243.383,Received an expired out of sequence packet ,183280,183330
243.383,Received an expired out of sequence packet ,183281,183330
243.383,Received an expired out of sequence packet ,183282,183330
243.383,Received an expired out of sequence packet ,183283,183330
243.383,Received an expired out of sequence packet ,183284,183330
243.383,Received an expired out of sequence packet ,183285,183330
243.383,Received an expired out of sequence packet ,183286,183330
243.383,Received an expired out of sequence packet ,183287,183330
243.383,Received an expired out of sequence packet ,183288,183330
243.383,Received an expired out of sequence packet ,183289,183330
243.383,Received an expired out of sequence packet ,183290,183330
243.383,Received an expired out of sequence packet ,183291,183330
243.383,Received an expired out of sequence packet ,183292,183330
243.383,Received an expired out of sequence packet ,183293,183330
243.383,Received an expired out of sequence packet ,183294,183330
243.383,Received an expired out of sequence packet ,183295,183330
243.383,Received an expired out of sequence packet ,183296,183330
243.383,Received an expired out of sequence packet ,183297,183330
243.39,Received an expired out of sequence packet ,183298,183330
243.39,Received an expired out of sequence packet ,183299,183330
243.39,Received an expired out of sequence packet ,183300,183330
243.39,Received an expired out of sequence packet ,183301,183330
243.39,Received an expired out of sequence packet ,183302,183330
243.39,Received an expired out of sequence packet ,183303,183330
243.455,Received an expired out of sequence packet ,183304,183330
243.455,Received an expired out of sequence packet ,183305,183330
243.456,Received an expired out of sequence packet ,183306,183330
243.456,Received an expired out of sequence packet ,183307,183330
243.518,Received an expired out of sequence packet ,183308,183330
243.518,Received an expired out of sequence packet ,183309,183330
243.52,Received an expired out of sequence packet ,183310,183330
243.52,Received an expired out of sequence packet ,183311,183330
243.525,Received an expired out of sequence packet ,183312,183330
243.525,Received an expired out of sequence packet ,183313,183330
243.525,Received an expired out of sequence packet ,183314,183330
243.525,Received an expired out of sequence packet ,183315,183330
243.525,Received an expired out of sequence packet ,183316,183330
243.525,Received an expired out of sequence packet ,183317,183330
243.525,Received an expired out of sequence packet ,183318,183330
243.528,Received an expired out of sequence packet ,183319,183330
243.528,Received an expired out of sequence packet ,183320,183330
243.528,Received an expired out of sequence packet ,183321,183330
243.528,Received an expired out of sequence packet ,183322,183330
243.528,Received an expired out of sequence packet ,183323,183330
243.528,Received an expired out of sequence packet ,183324,183330
243.528,Received an expired out of sequence packet ,183325,183330
243.528,Received an expired out of sequence packet ,183326,183330
243.528,Received an expired out of sequence packet ,183327,183330
243.528,Received an expired out of sequence packet ,183328,183330
243.528,Received an expired out of sequence packet ,183329,183330
244.492,Timeout
244.492,clearing sending list because of timeout
244.714,Received an expired out of sequence packet ,183482,183738
244.714,Received an expired out of sequence packet ,183483,183738
244.714,Received an expired out of sequence packet ,183484,183738
244.714,Received an expired out of sequence packet ,183485,183738
244.714,Received an expired out of sequence packet ,183486,183738
244.714,Received an expired out of sequence packet ,183487,183738
244.714,Received an expired out of sequence packet ,183488,183738
244.714,Received an expired out of sequence packet ,183489,183738
244.714,Received an expired out of sequence packet ,183490,183738
244.714,Received an expired out of sequence packet ,183491,183738
244.715,Received an expired out of sequence packet ,183492,183738
244.715,Received an expired out of sequence packet ,183493,183738
244.715,Received an expired out of sequence packet ,183494,183738
244.769,Received an expired out of sequence packet ,183495,183738
244.773,Received an expired out of sequence packet ,183496,183738
244.773,Received an expired out of sequence packet ,183497,183738
244.773,Received an expired out of sequence packet ,183498,183738
244.773,Received an expired out of sequence packet ,183499,183738
244.773,Received an expired out of sequence packet ,183500,183738
244.773,Received an expired out of sequence packet ,183501,183738
244.773,Received an expired out of sequence packet ,183502,183738
244.773,Received an expired out of sequence packet ,183503,183738
244.773,Received an expired out of sequence packet ,183504,183738
244.773,Received an expired out of sequence packet ,183505,183738
244.925,Received an expired out of sequence packet ,183506,183738
244.925,Received an expired out of sequence packet ,183507,183738
244.925,Received an expired out of sequence packet ,183508,183738
244.925,Received an expired out of sequence packet ,183509,183738
244.925,Received an expired out of sequence packet ,183510,183738
244.925,Received an expired out of sequence packet ,183511,183738
244.925,Received an expired out of sequence packet ,183512,183738
244.925,Received an expired out of sequence packet ,183513,183738
244.925,Received an expired out of sequence packet ,183514,183738
244.925,Received an expired out of sequence packet ,183515,183738
244.925,Received an expired out of sequence packet ,183516,183738
244.925,Received an expired out of sequence packet ,183517,183738
244.926,Received an expired out of sequence packet ,183518,183738
244.926,Received an expired out of sequence packet ,183519,183738
244.926,Received an expired out of sequence packet ,183520,183738
244.927,Received an expired out of sequence packet ,183521,183738
244.927,Received an expired out of sequence packet ,183522,183738
244.927,Received an expired out of sequence packet ,183523,183738
244.927,Received an expired out of sequence packet ,183524,183738
244.927,Received an expired out of sequence packet ,183525,183738
244.927,Received an expired out of sequence packet ,183526,183738
244.927,Received an expired out of sequence packet ,183527,183738
244.962,Received an expired out of sequence packet ,183528,183738
244.962,Received an expired out of sequence packet ,183529,183738
244.963,Received an expired out of sequence packet ,183530,183738
244.963,Received an expired out of sequence packet ,183531,183738
244.963,Received an expired out of sequence packet ,183532,183738
244.963,Received an expired out of sequence packet ,183533,183738
244.964,Received an expired out of sequence packet ,183534,183738
244.964,Received an expired out of sequence packet ,183535,183738
244.964,Received an expired out of sequence packet ,183536,183738
244.964,Received an expired out of sequence packet ,183537,183738
244.964,Received an expired out of sequence packet ,183538,183738
244.964,Received an expired out of sequence packet ,183539,183738
244.964,Received an expired out of sequence packet ,183540,183738
244.964,Received an expired out of sequence packet ,183541,183738
244.965,Received an expired out of sequence packet ,183542,183738
244.965,Received an expired out of sequence packet ,183543,183738
244.968,Received an expired out of sequence packet ,183544,183738
244.968,Received an expired out of sequence packet ,183545,183738
244.968,Received an expired out of sequence packet ,183546,183738
244.968,Received an expired out of sequence packet ,183547,183738
244.968,Received an expired out of sequence packet ,183548,183738
244.97,Received an expired out of sequence packet ,183549,183738
244.97,Received an expired out of sequence packet ,183550,183738
244.973,Received an expired out of sequence packet ,183551,183738
244.974,Received an expired out of sequence packet ,183552,183738
244.977,Received an expired out of sequence packet ,183553,183738
244.977,Received an expired out of sequence packet ,183554,183738
244.978,Received an expired out of sequence packet ,183555,183738
244.983,Received an expired out of sequence packet ,183556,183738
244.987,Received an expired out of sequence packet ,183557,183738
244.987,Received an expired out of sequence packet ,183558,183738
244.987,Received an expired out of sequence packet ,183559,183738
244.987,Received an expired out of sequence packet ,183560,183738
244.988,Received an expired out of sequence packet ,183561,183738
244.991,Received an expired out of sequence packet ,183562,183738
244.991,Received an expired out of sequence packet ,183563,183738
244.995,Received an expired out of sequence packet ,183564,183738
244.997,Received an expired out of sequence packet ,183565,183738
244.997,Received an expired out of sequence packet ,183566,183738
244.997,Received an expired out of sequence packet ,183567,183738
244.998,Received an expired out of sequence packet ,183568,183738
244.998,Received an expired out of sequence packet ,183569,183738
245.002,Received an expired out of sequence packet ,183570,183738
245.004,Received an expired out of sequence packet ,183571,183738
245.004,Received an expired out of sequence packet ,183572,183738
245.004,Received an expired out of sequence packet ,183573,183738
245.005,Received an expired out of sequence packet ,183574,183738
245.008,Received an expired out of sequence packet ,183575,183738
245.008,Received an expired out of sequence packet ,183576,183738
245.008,Received an expired out of sequence packet ,183577,183738
245.011,Received an expired out of sequence packet ,183578,183738
245.015,Received an expired out of sequence packet ,183579,183738
245.015,Received an expired out of sequence packet ,183580,183738
245.015,Received an expired out of sequence packet ,183581,183738
245.015,Received an expired out of sequence packet ,183582,183738
245.016,Received an expired out of sequence packet ,183583,183738
245.02,Received an expired out of sequence packet ,183584,183738
245.02,Received an expired out of sequence packet ,183585,183738
245.022,Received an expired out of sequence packet ,183586,183738
245.022,Received an expired out of sequence packet ,183587,183738
245.022,Received an expired out of sequence packet ,183588,183738
245.036,Received an expired out of sequence packet ,183589,183738
245.036,Received an expired out of sequence packet ,183590,183738
245.04,Received an expired out of sequence packet ,183591,183738
245.04,Received an expired out of sequence packet ,183592,183738
245.041,Received an expired out of sequence packet ,183593,183738
245.041,Received an expired out of sequence packet ,183594,183738
245.041,Received an expired out of sequence packet ,183595,183738
245.041,Received an expired out of sequence packet ,183596,183738
245.055,Received an expired out of sequence packet ,183597,183738
245.055,Received an expired out of sequence packet ,183598,183738
245.055,Received an expired out of sequence packet ,183599,183738
245.055,Received an expired out of sequence packet ,183600,183738
245.055,Received an expired out of sequence packet ,183601,183738
245.056,Received an expired out of sequence packet ,183602,183738
245.056,Received an expired out of sequence packet ,183603,183738
245.056,Received an expired out of sequence packet ,183604,183738
245.057,Received an expired out of sequence packet ,183605,183738
245.057,Received an expired out of sequence packet ,183606,183738
245.058,Received an expired out of sequence packet ,183607,183738
245.058,Received an expired out of sequence packet ,183608,183738
245.058,Received an expired out of sequence packet ,183609,183738
245.058,Received an expired out of sequence packet ,183610,183738
245.076,Received an expired out of sequence packet ,183611,183738
245.076,Received an expired out of sequence packet ,183612,183738
245.078,Received an expired out of sequence packet ,183613,183738
245.078,Received an expired out of sequence packet ,183614,183738
245.078,Received an expired out of sequence packet ,183615,183738
245.078,Received an expired out of sequence packet ,183616,183738
245.078,Received an expired out of sequence packet ,183617,183738
245.078,Received an expired out of sequence packet ,183618,183738
245.078,Received an expired out of sequence packet ,183619,183738
245.078,Received an expired out of sequence packet ,183620,183738
245.078,Received an expired out of sequence packet ,183621,183738
245.079,Received an expired out of sequence packet ,183622,183738
245.079,Received an expired out of sequence packet ,183623,183738
245.079,Received an expired out of sequence packet ,183624,183738
245.079,Received an expired out of sequence packet ,183625,183738
245.081,Received an expired out of sequence packet ,183626,183738
245.083,Received an expired out of sequence packet ,183627,183738
245.083,Received an expired out of sequence packet ,183628,183738
245.086,Received an expired out of sequence packet ,183629,183738
245.087,Received an expired out of sequence packet ,183630,183738
245.088,Received an expired out of sequence packet ,183631,183738
245.088,Received an expired out of sequence packet ,183632,183738
245.09,Received an expired out of sequence packet ,183633,183738
245.091,Received an expired out of sequence packet ,183634,183738
245.091,Received an expired out of sequence packet ,183635,183738
245.095,Received an expired out of sequence packet ,183636,183738
245.097,Received an expired out of sequence packet ,183637,183738
245.099,Received an expired out of sequence packet ,183638,183738
245.102,Received an expired out of sequence packet ,183639,183738
245.102,Received an expired out of sequence packet ,183640,183738
245.105,Received an expired out of sequence packet ,183641,183738
245.105,Received an expired out of sequence packet ,183642,183738
245.105,Received an expired out of sequence packet ,183643,183738
245.106,Received an expired out of sequence packet ,183644,183738
245.109,Received an expired out of sequence packet ,183645,183738
245.111,Received an expired out of sequence packet ,183646,183738
245.114,Received an expired out of sequence packet ,183647,183738
245.114,Received an expired out of sequence packet ,183648,183738
245.115,Received an expired out of sequence packet ,183649,183738
245.115,Received an expired out of sequence packet ,183650,183738
245.129,Received an expired out of sequence packet ,183651,183738
245.138,Received an expired out of sequence packet ,183652,183738
245.138,Received an expired out of sequence packet ,183653,183738
245.14,Received an expired out of sequence packet ,183654,183738
245.141,Received an expired out of sequence packet ,183655,183738
245.141,Received an expired out of sequence packet ,183656,183738
245.141,Received an expired out of sequence packet ,183657,183738
245.141,Received an expired out of sequence packet ,183658,183738
245.141,Received an expired out of sequence packet ,183659,183738
245.141,Received an expired out of sequence packet ,183660,183738
245.143,Received an expired out of sequence packet ,183661,183738
245.143,Received an expired out of sequence packet ,183662,183738
245.144,Received an expired out of sequence packet ,183663,183738
245.144,Received an expired out of sequence packet ,183664,183738
245.144,Received an expired out of sequence packet ,183665,183738
245.144,Received an expired out of sequence packet ,183666,183738
245.145,Received an expired out of sequence packet ,183667,183738
245.146,Received an expired out of sequence packet ,183668,183738
245.148,Received an expired out of sequence packet ,183669,183738
245.148,Received an expired out of sequence packet ,183670,183738
245.155,Received an expired out of sequence packet ,183671,183738
245.155,Received an expired out of sequence packet ,183672,183738
245.155,Received an expired out of sequence packet ,183673,183738
245.155,Received an expired out of sequence packet ,183674,183738
245.155,Received an expired out of sequence packet ,183675,183738
245.155,Received an expired out of sequence packet ,183676,183738
245.156,Received an expired out of sequence packet ,183677,183738
245.157,Received an expired out of sequence packet ,183678,183738
245.158,Received an expired out of sequence packet ,183679,183738
245.161,Received an expired out of sequence packet ,183680,183738
245.161,Received an expired out of sequence packet ,183681,183738
245.165,Received an expired out of sequence packet ,183682,183738
245.165,Received an expired out of sequence packet ,183683,183738
245.165,Received an expired out of sequence packet ,183684,183738
245.166,Received an expired out of sequence packet ,183685,183738
245.166,Received an expired out of sequence packet ,183686,183738
245.168,Received an expired out of sequence packet ,183687,183738
245.169,Received an expired out of sequence packet ,183688,183738
245.171,Received an expired out of sequence packet ,183689,183738
245.185,Received an expired out of sequence packet ,183690,183738
245.185,Received an expired out of sequence packet ,183691,183738
245.189,Received an expired out of sequence packet ,183692,183738
245.189,Received an expired out of sequence packet ,183693,183738
245.189,Received an expired out of sequence packet ,183694,183738
245.193,Received an expired out of sequence packet ,183695,183738
245.193,Received an expired out of sequence packet ,183696,183738
245.193,Received an expired out of sequence packet ,183697,183738
245.196,Received an expired out of sequence packet 