0.855591,Exit slow start,exceeding SS_EXIT_THRESHOLD
2.86596,Restart,can't map delay on delay curve
3.80049,Exit slow start,exceeding SS_EXIT_THRESHOLD
12.8094,Restart,can't map delay on delay curve
14.1468,Exit slow start,exceeding SS_EXIT_THRESHOLD
31.8855,Timeout
31.8855,clearing sending list because of timeout
31.9009,Received an expired out of sequence packet ,8949,9234
31.9009,Received an expired out of sequence packet ,8950,9234
31.901,Received an expired out of sequence packet ,8951,9234
31.901,Received an expired out of sequence packet ,8952,9234
32.0355,Received an expired out of sequence packet ,8953,9234
32.0386,Received an expired out of sequence packet ,8954,9234
32.0386,Received an expired out of sequence packet ,8955,9234
32.0386,Received an expired out of sequence packet ,8956,9234
32.0386,Received an expired out of sequence packet ,8957,9234
32.0387,Received an expired out of sequence packet ,8958,9234
32.0397,Received an expired out of sequence packet ,8959,9234
32.0397,Received an expired out of sequence packet ,8960,9234
32.0428,Received an expired out of sequence packet ,8961,9234
32.0428,Received an expired out of sequence packet ,8962,9234
32.0428,Received an expired out of sequence packet ,8963,9234
32.0428,Received an expired out of sequence packet ,8964,9234
32.0428,Received an expired out of sequence packet ,8965,9234
32.0428,Received an expired out of sequence packet ,8966,9234
32.0429,Received an expired out of sequence packet ,8967,9234
32.0429,Received an expired out of sequence packet ,8968,9234
32.0429,Received an expired out of sequence packet ,8969,9234
32.0429,Received an expired out of sequence packet ,8970,9234
32.0429,Received an expired out of sequence packet ,8971,9234
32.0429,Received an expired out of sequence packet ,8972,9234
32.043,Received an expired out of sequence packet ,8973,9234
32.0739,Received an expired out of sequence packet ,8974,9234
32.074,Received an expired out of sequence packet ,8975,9234
32.074,Received an expired out of sequence packet ,8976,9234
32.083,Received an expired out of sequence packet ,8977,9234
32.083,Received an expired out of sequence packet ,8978,9234
32.0831,Received an expired out of sequence packet ,8979,9234
32.0831,Received an expired out of sequence packet ,8980,9234
32.0851,Received an expired out of sequence packet ,8981,9234
32.0851,Received an expired out of sequence packet ,8982,9234
32.0862,Received an expired out of sequence packet ,8983,9234
32.0862,Received an expired out of sequence packet ,8984,9234
32.0863,Received an expired out of sequence packet ,8985,9234
32.1187,Received an expired out of sequence packet ,8986,9234
32.1197,Received an expired out of sequence packet ,8987,9234
32.1198,Received an expired out of sequence packet ,8988,9234
32.1198,Received an expired out of sequence packet ,8989,9234
32.1294,Received an expired out of sequence packet ,8990,9234
32.1325,Received an expired out of sequence packet ,8991,9234
32.1325,Received an expired out of sequence packet ,8992,9234
32.1336,Received an expired out of sequence packet ,8993,9234
32.1336,Received an expired out of sequence packet ,8994,9234
32.1336,Received an expired out of sequence packet ,8995,9234
32.1336,Received an expired out of sequence packet ,8996,9234
32.1357,Received an expired out of sequence packet ,8997,9234
32.1357,Received an expired out of sequence packet ,8998,9234
32.1357,Received an expired out of sequence packet ,8999,9234
32.1357,Received an expired out of sequence packet ,9000,9234
32.1357,Received an expired out of sequence packet ,9001,9234
32.1358,Received an expired out of sequence packet ,9002,9234
32.1358,Received an expired out of sequence packet ,9003,9234
32.1368,Received an expired out of sequence packet ,9004,9234
32.1368,Received an expired out of sequence packet ,9005,9234
32.1368,Received an expired out of sequence packet ,9006,9234
32.1368,Received an expired out of sequence packet ,9007,9234
32.1368,Received an expired out of sequence packet ,9008,9234
32.1369,Received an expired out of sequence packet ,9009,9234
32.1369,Received an expired out of sequence packet ,9010,9234
32.1399,Received an expired out of sequence packet ,9011,9234
32.1399,Received an expired out of sequence packet ,9012,9234
32.1399,Received an expired out of sequence packet ,9013,9234
32.1399,Received an expired out of sequence packet ,9014,9234
32.14,Received an expired out of sequence packet ,9015,9234
32.141,Received an expired out of sequence packet ,9016,9234
32.141,Received an expired out of sequence packet ,9017,9234
32.141,Received an expired out of sequence packet ,9018,9234
32.141,Received an expired out of sequence packet ,9019,9234
32.141,Received an expired out of sequence packet ,9020,9234
32.1411,Received an expired out of sequence packet ,9021,9234
32.1411,Received an expired out of sequence packet ,9022,9234
32.1411,Received an expired out of sequence packet ,9023,9234
32.1411,Received an expired out of sequence packet ,9024,9234
32.1411,Received an expired out of sequence packet ,9025,9234
32.1411,Received an expired out of sequence packet ,9026,9234
32.1412,Received an expired out of sequence packet ,9027,9234
32.1412,Received an expired out of sequence packet ,9028,9234
32.1412,Received an expired out of sequence packet ,9029,9234
32.1412,Received an expired out of sequence packet ,9030,9234
32.1471,Received an expired out of sequence packet ,9031,9234
32.1471,Received an expired out of sequence packet ,9032,9234
32.1472,Received an expired out of sequence packet ,9033,9234
32.1472,Received an expired out of sequence packet ,9034,9234
32.1472,Received an expired out of sequence packet ,9035,9234
32.3126,Received an expired out of sequence packet ,9036,9234
32.3126,Received an expired out of sequence packet ,9037,9234
32.3288,Received an expired out of sequence packet ,9038,9234
32.3289,Received an expired out of sequence packet ,9039,9234
32.3322,Received an expired out of sequence packet ,9040,9234
32.3322,Received an expired out of sequence packet ,9041,9234
32.3323,Received an expired out of sequence packet ,9042,9234
32.3323,Received an expired out of sequence packet ,9043,9234
32.3367,Received an expired out of sequence packet ,9044,9234
32.3367,Received an expired out of sequence packet ,9045,9234
32.3367,Received an expired out of sequence packet ,9046,9234
32.3367,Received an expired out of sequence packet ,9047,9234
32.3367,Received an expired out of sequence packet ,9048,9234
32.3368,Received an expired out of sequence packet ,9049,9234
32.3368,Received an expired out of sequence packet ,9050,9234
32.3368,Received an expired out of sequence packet ,9051,9234
32.3368,Received an expired out of sequence packet ,9052,9234
32.3368,Received an expired out of sequence packet ,9053,9234
32.3368,Received an expired out of sequence packet ,9054,9234
32.3369,Received an expired out of sequence packet ,9055,9234
32.3418,Received an expired out of sequence packet ,9056,9234
32.3418,Received an expired out of sequence packet ,9057,9234
32.3419,Received an expired out of sequence packet ,9058,9234
32.3419,Received an expired out of sequence packet ,9059,9234
32.3449,Received an expired out of sequence packet ,9060,9234
32.3449,Received an expired out of sequence packet ,9061,9234
32.3449,Received an expired out of sequence packet ,9062,9234
32.345,Received an expired out of sequence packet ,9063,9234
32.346,Received an expired out of sequence packet ,9064,9234
32.346,Received an expired out of sequence packet ,9065,9234
32.346,Received an expired out of sequence packet ,9066,9234
32.346,Received an expired out of sequence packet ,9067,9234
32.3461,Received an expired out of sequence packet ,9068,9234
32.3461,Received an expired out of sequence packet ,9069,9234
32.3461,Received an expired out of sequence packet ,9070,9234
32.3491,Received an expired out of sequence packet ,9071,9234
32.3491,Received an expired out of sequence packet ,9072,9234
32.3491,Received an expired out of sequence packet ,9073,9234
32.3492,Received an expired out of sequence packet ,9074,9234
32.3492,Received an expired out of sequence packet ,9075,9234
32.3492,Received an expired out of sequence packet ,9076,9234
32.3492,Received an expired out of sequence packet ,9077,9234
32.3493,Received an expired out of sequence packet ,9078,9234
32.3493,Received an expired out of sequence packet ,9079,9234
32.3493,Received an expired out of sequence packet ,9080,9234
32.3542,Received an expired out of sequence packet ,9081,9234
32.3543,Received an expired out of sequence packet ,9082,9234
32.3543,Received an expired out of sequence packet ,9083,9234
32.3543,Received an expired out of sequence packet ,9084,9234
32.3543,Received an expired out of sequence packet ,9085,9234
32.3543,Received an expired out of sequence packet ,9086,9234
32.3543,Received an expired out of sequence packet ,9087,9234
32.3544,Received an expired out of sequence packet ,9088,9234
32.3544,Received an expired out of sequence packet ,9089,9234
32.3544,Received an expired out of sequence packet ,9090,9234
32.3544,Received an expired out of sequence packet ,9091,9234
32.3554,Received an expired out of sequence packet ,9092,9234
32.3554,Received an expired out of sequence packet ,9093,9234
32.3951,Received an expired out of sequence packet ,9094,9234
32.3951,Received an expired out of sequence packet ,9095,9234
32.4056,Received an expired out of sequence packet ,9096,9234
32.4056,Received an expired out of sequence packet ,9097,9234
32.4066,Received an expired out of sequence packet ,9098,9234
32.4067,Received an expired out of sequence packet ,9099,9234
32.4087,Received an expired out of sequence packet ,9100,9234
32.4087,Received an expired out of sequence packet ,9101,9234
32.4087,Received an expired out of sequence packet ,9102,9234
32.4087,Received an expired out of sequence packet ,9103,9234
32.4087,Received an expired out of sequence packet ,9104,9234
32.4128,Received an expired out of sequence packet ,9105,9234
32.4128,Received an expired out of sequence packet ,9106,9234
32.4129,Received an expired out of sequence packet ,9107,9234
32.4129,Received an expired out of sequence packet ,9108,9234
32.4129,Received an expired out of sequence packet ,9109,9234
32.4129,Received an expired out of sequence packet ,9110,9234
32.4129,Received an expired out of sequence packet ,9111,9234
32.4129,Received an expired out of sequence packet ,9112,9234
32.413,Received an expired out of sequence packet ,9113,9234
32.413,Received an expired out of sequence packet ,9114,9234
32.413,Received an expired out of sequence packet ,9115,9234
32.413,Received an expired out of sequence packet ,9116,9234
32.413,Received an expired out of sequence packet ,9117,9234
32.413,Received an expired out of sequence packet ,9118,9234
32.4131,Received an expired out of sequence packet ,9119,9234
32.4131,Received an expired out of sequence packet ,9120,9234
32.4131,Received an expired out of sequence packet ,9121,9234
32.4131,Received an expired out of sequence packet ,9122,9234
32.415,Received an expired out of sequence packet ,9123,9234
32.4181,Received an expired out of sequence packet ,9124,9234
32.4181,Received an expired out of sequence packet ,9125,9234
32.4181,Received an expired out of sequence packet ,9126,9234
32.4181,Received an expired out of sequence packet ,9127,9234
32.4181,Received an expired out of sequence packet ,9128,9234
32.4181,Received an expired out of sequence packet ,9129,9234
32.4182,Received an expired out of sequence packet ,9130,9234
32.4182,Received an expired out of sequence packet ,9131,9234
32.4182,Received an expired out of sequence packet ,9132,9234
32.4182,Received an expired out of sequence packet ,9133,9234
32.4182,Received an expired out of sequence packet ,9134,9234
32.4183,Received an expired out of sequence packet ,9135,9234
32.4183,Received an expired out of sequence packet ,9136,9234
32.4183,Received an expired out of sequence packet ,9137,9234
32.4183,Received an expired out of sequence packet ,9138,9234
32.439,Received an expired out of sequence packet ,9139,9234
32.439,Received an expired out of sequence packet ,9140,9234
32.439,Received an expired out of sequence packet ,9141,9234
32.4391,Received an expired out of sequence packet ,9142,9234
32.4391,Received an expired out of sequence packet ,9143,9234
32.4391,Received an expired out of sequence packet ,9144,9234
32.4391,Received an expired out of sequence packet ,9145,9234
32.4391,Received an expired out of sequence packet ,9146,9234
32.4411,Received an expired out of sequence packet ,9147,9234
32.4411,Received an expired out of sequence packet ,9148,9234
32.4411,Received an expired out of sequence packet ,9149,9234
32.4412,Received an expired out of sequence packet ,9150,9234
32.4412,Received an expired out of sequence packet ,9151,9234
32.4412,Received an expired out of sequence packet ,9152,9234
32.4422,Received an expired out of sequence packet ,9153,9234
32.4422,Received an expired out of sequence packet ,9154,9234
32.4423,Received an expired out of sequence packet ,9155,9234
32.4423,Received an expired out of sequence packet ,9156,9234
32.6,Received an expired out of sequence packet ,9157,9234
32.6103,Received an expired out of sequence packet ,9158,9234
32.6104,Received an expired out of sequence packet ,9159,9234
32.6134,Received an expired out of sequence packet ,9160,9234
32.6134,Received an expired out of sequence packet ,9161,9234
32.6134,Received an expired out of sequence packet ,9162,9234
32.6134,Received an expired out of sequence packet ,9163,9234
32.6134,Received an expired out of sequence packet ,9164,9234
32.6165,Received an expired out of sequence packet ,9165,9234
32.6165,Received an expired out of sequence packet ,9166,9234
32.6166,Received an expired out of sequence packet ,9167,9234
32.6166,Received an expired out of sequence packet ,9168,9234
32.6166,Received an expired out of sequence packet ,9169,9234
32.6166,Received an expired out of sequence packet ,9170,9234
32.6166,Received an expired out of sequence packet ,9171,9234
32.6166,Received an expired out of sequence packet ,9172,9234
32.6167,Received an expired out of sequence packet ,9173,9234
32.6167,Received an expired out of sequence packet ,9174,9234
32.6167,Received an expired out of sequence packet ,9175,9234
32.6167,Received an expired out of sequence packet ,9176,9234
32.6168,Received an expired out of sequence packet ,9177,9234
32.6168,Received an expired out of sequence packet ,9178,9234
32.6168,Received an expired out of sequence packet ,9179,9234
32.6168,Received an expired out of sequence packet ,9180,9234
32.6207,Received an expired out of sequence packet ,9181,9234
32.6207,Received an expired out of sequence packet ,9182,9234
32.6207,Received an expired out of sequence packet ,9183,9234
32.6207,Received an expired out of sequence packet ,9184,9234
32.6208,Received an expired out of sequence packet ,9185,9234
32.6208,Received an expired out of sequence packet ,9186,9234
32.6208,Received an expired out of sequence packet ,9187,9234
32.6208,Received an expired out of sequence packet ,9188,9234
32.6208,Received an expired out of sequence packet ,9189,9234
32.6292,Received an expired out of sequence packet ,9190,9234
32.6292,Received an expired out of sequence packet ,9191,9234
32.6292,Received an expired out of sequence packet ,9192,9234
32.6293,Received an expired out of sequence packet ,9193,9234
32.6293,Received an expired out of sequence packet ,9194,9234
32.6496,Received an expired out of sequence packet ,9195,9234
32.6496,Received an expired out of sequence packet ,9196,9234
32.6526,Received an expired out of sequence packet ,9197,9234
32.6527,Received an expired out of sequence packet ,9198,9234
32.6527,Received an expired out of sequence packet ,9199,9234
32.6527,Received an expired out of sequence packet ,9200,9234
32.6537,Received an expired out of sequence packet ,9201,9234
32.6538,Received an expired out of sequence packet ,9202,9234
32.6538,Received an expired out of sequence packet ,9203,9234
32.6538,Received an expired out of sequence packet ,9204,9234
32.6538,Received an expired out of sequence packet ,9205,9234
32.6538,Received an expired out of sequence packet ,9206,9234
32.6538,Received an expired out of sequence packet ,9207,9234
32.6569,Received an expired out of sequence packet ,9208,9234
32.6569,Received an expired out of sequence packet ,9209,9234
32.6569,Received an expired out of sequence packet ,9210,9234
32.657,Received an expired out of sequence packet ,9211,9234
32.661,Received an expired out of sequence packet ,9212,9234
32.661,Received an expired out of sequence packet ,9213,9234
32.661,Received an expired out of sequence packet ,9214,9234
32.661,Received an expired out of sequence packet ,9215,9234
32.6611,Received an expired out of sequence packet ,9216,9234
32.6611,Received an expired out of sequence packet ,9217,9234
32.6611,Received an expired out of sequence packet ,9218,9234
32.6611,Received an expired out of sequence packet ,9219,9234
32.6611,Received an expired out of sequence packet ,9220,9234
32.6611,Received an expired out of sequence packet ,9221,9234
32.6612,Received an expired out of sequence packet ,9222,9234
32.6612,Received an expired out of sequence packet ,9223,9234
32.6612,Received an expired out of sequence packet ,9224,9234
32.6612,Received an expired out of sequence packet ,9225,9234
32.6741,Received an expired out of sequence packet ,9226,9234
32.6742,Received an expired out of sequence packet ,9227,9234
32.6742,Received an expired out of sequence packet ,9228,9234
32.6742,Received an expired out of sequence packet ,9229,9234
32.6742,Received an expired out of sequence packet ,9230,9234
32.6743,Received an expired out of sequence packet ,9231,9234
32.6743,Received an expired out of sequence packet ,9232,9234
32.6743,Received an expired out of sequence packet ,9233,9234
36.8876,Timeout
36.8876,clearing sending list because of timeout
36.9061,Received an expired out of sequence packet ,10238,10575
36.9061,Received an expired out of sequence packet ,10239,10575
37.0843,Received an expired out of sequence packet ,10240,10575
37.0924,Received an expired out of sequence packet ,10241,10575
37.0924,Received an expired out of sequence packet ,10242,10575
37.0955,Received an expired out of sequence packet ,10243,10575
37.0955,Received an expired out of sequence packet ,10244,10575
37.0966,Received an expired out of sequence packet ,10245,10575
37.1017,Received an expired out of sequence packet ,10246,10575
37.1017,Received an expired out of sequence packet ,10247,10575
37.1017,Received an expired out of sequence packet ,10248,10575
37.1017,Received an expired out of sequence packet ,10249,10575
37.1017,Received an expired out of sequence packet ,10250,10575
37.1017,Received an expired out of sequence packet ,10251,10575
37.1017,Received an expired out of sequence packet ,10252,10575
37.1017,Received an expired out of sequence packet ,10253,10575
37.1017,Received an expired out of sequence packet ,10254,10575
37.1018,Received an expired out of sequence packet ,10255,10575
37.1018,Received an expired out of sequence packet ,10256,10575
37.1018,Received an expired out of sequence packet ,10257,10575
37.1018,Received an expired out of sequence packet ,10258,10575
37.1018,Received an expired out of sequence packet ,10259,10575
37.122,Received an expired out of sequence packet ,10260,10575
37.122,Received an expired out of sequence packet ,10261,10575
37.122,Received an expired out of sequence packet ,10262,10575
37.1221,Received an expired out of sequence packet ,10263,10575
37.1221,Received an expired out of sequence packet ,10264,10575
37.1221,Received an expired out of sequence packet ,10265,10575
37.1221,Received an expired out of sequence packet ,10266,10575
37.1221,Received an expired out of sequence packet ,10267,10575
37.1221,Received an expired out of sequence packet ,10268,10575
37.1221,Received an expired out of sequence packet ,10269,10575
37.1221,Received an expired out of sequence packet ,10270,10575
37.1221,Received an expired out of sequence packet ,10271,10575
37.1221,Received an expired out of sequence packet ,10272,10575
37.1221,Received an expired out of sequence packet ,10273,10575
37.1222,Received an expired out of sequence packet ,10274,10575
37.1222,Received an expired out of sequence packet ,10275,10575
37.1222,Received an expired out of sequence packet ,10276,10575
37.1222,Received an expired out of sequence packet ,10277,10575
37.1222,Received an expired out of sequence packet ,10278,10575
37.1222,Received an expired out of sequence packet ,10279,10575
37.1222,Received an expired out of sequence packet ,10280,10575
37.1313,Received an expired out of sequence packet ,10281,10575
37.1313,Received an expired out of sequence packet ,10282,10575
37.1354,Received an expired out of sequence packet ,10283,10575
37.1354,Received an expired out of sequence packet ,10284,10575
37.1354,Received an expired out of sequence packet ,10285,10575
37.1354,Received an expired out of sequence packet ,10286,10575
37.1396,Received an expired out of sequence packet ,10287,10575
37.1396,Received an expired out of sequence packet ,10288,10575
37.1396,Received an expired out of sequence packet ,10289,10575
37.1423,Received an expired out of sequence packet ,10290,10575
37.1475,Received an expired out of sequence packet ,10291,10575
37.1475,Received an expired out of sequence packet ,10292,10575
37.1517,Received an expired out of sequence packet ,10293,10575
37.1552,Received an expired out of sequence packet ,10294,10575
37.1552,Received an expired out of sequence packet ,10295,10575
37.1552,Received an expired out of sequence packet ,10296,10575
37.1596,Received an expired out of sequence packet ,10297,10575
37.1596,Received an expired out of sequence packet ,10298,10575
37.1617,Received an expired out of sequence packet ,10299,10575
37.1618,Received an expired out of sequence packet ,10300,10575
37.1618,Received an expired out of sequence packet ,10301,10575
37.1618,Received an expired out of sequence packet ,10302,10575
37.1618,Received an expired out of sequence packet ,10303,10575
37.1618,Received an expired out of sequence packet ,10304,10575
37.1618,Received an expired out of sequence packet ,10305,10575
37.1618,Received an expired out of sequence packet ,10306,10575
37.1618,Received an expired out of sequence packet ,10307,10575
37.1618,Received an expired out of sequence packet ,10308,10575
37.167,Received an expired out of sequence packet ,10309,10575
37.167,Received an expired out of sequence packet ,10310,10575
37.167,Received an expired out of sequence packet ,10311,10575
37.167,Received an expired out of sequence packet ,10312,10575
37.1691,Received an expired out of sequence packet ,10313,10575
37.1691,Received an expired out of sequence packet ,10314,10575
37.1691,Received an expired out of sequence packet ,10315,10575
37.1691,Received an expired out of sequence packet ,10316,10575
37.1733,Received an expired out of sequence packet ,10317,10575
37.1733,Received an expired out of sequence packet ,10318,10575
37.1733,Received an expired out of sequence packet ,10319,10575
37.1733,Received an expired out of sequence packet ,10320,10575
37.1733,Received an expired out of sequence packet ,10321,10575
37.1733,Received an expired out of sequence packet ,10322,10575
37.1733,Received an expired out of sequence packet ,10323,10575
37.1733,Received an expired out of sequence packet ,10324,10575
37.1733,Received an expired out of sequence packet ,10325,10575
37.1733,Received an expired out of sequence packet ,10326,10575
37.1733,Received an expired out of sequence packet ,10327,10575
37.1733,Received an expired out of sequence packet ,10328,10575
37.1754,Received an expired out of sequence packet ,10329,10575
37.1755,Received an expired out of sequence packet ,10330,10575
37.1755,Received an expired out of sequence packet ,10331,10575
37.1755,Received an expired out of sequence packet ,10332,10575
37.1755,Received an expired out of sequence packet ,10333,10575
37.1755,Received an expired out of sequence packet ,10334,10575
37.1755,Received an expired out of sequence packet ,10335,10575
37.1755,Received an expired out of sequence packet ,10336,10575
37.1755,Received an expired out of sequence packet ,10337,10575
37.1755,Received an expired out of sequence packet ,10338,10575
37.1786,Received an expired out of sequence packet ,10339,10575
37.1786,Received an expired out of sequence packet ,10340,10575
37.1786,Received an expired out of sequence packet ,10341,10575
37.1787,Received an expired out of sequence packet ,10342,10575
37.1787,Received an expired out of sequence packet ,10343,10575
37.1787,Received an expired out of sequence packet ,10344,10575
37.1787,Received an expired out of sequence packet ,10345,10575
37.1787,Received an expired out of sequence packet ,10346,10575
37.1787,Received an expired out of sequence packet ,10347,10575
37.1787,Received an expired out of sequence packet ,10348,10575
37.1787,Received an expired out of sequence packet ,10349,10575
37.1787,Received an expired out of sequence packet ,10350,10575
37.1787,Received an expired out of sequence packet ,10351,10575
37.1798,Received an expired out of sequence packet ,10352,10575
37.1798,Received an expired out of sequence packet ,10353,10575
37.1798,Received an expired out of sequence packet ,10354,10575
37.1798,Received an expired out of sequence packet ,10355,10575
37.183,Received an expired out of sequence packet ,10356,10575
37.183,Received an expired out of sequence packet ,10357,10575
37.183,Received an expired out of sequence packet ,10358,10575
37.183,Received an expired out of sequence packet ,10359,10575
37.183,Received an expired out of sequence packet ,10360,10575
37.183,Received an expired out of sequence packet ,10361,10575
37.3122,Received an expired out of sequence packet ,10362,10575
37.3122,Received an expired out of sequence packet ,10363,10575
37.3201,Received an expired out of sequence packet ,10364,10575
37.3201,Received an expired out of sequence packet ,10365,10575
37.3242,Received an expired out of sequence packet ,10366,10575
37.3242,Received an expired out of sequence packet ,10367,10575
37.3242,Received an expired out of sequence packet ,10368,10575
37.3272,Received an expired out of sequence packet ,10369,10575
37.3273,Received an expired out of sequence packet ,10370,10575
37.3273,Received an expired out of sequence packet ,10371,10575
37.3273,Received an expired out of sequence packet ,10372,10575
37.3273,Received an expired out of sequence packet ,10373,10575
37.3273,Received an expired out of sequence packet ,10374,10575
37.3273,Received an expired out of sequence packet ,10375,10575
37.3273,Received an expired out of sequence packet ,10376,10575
37.3273,Received an expired out of sequence packet ,10377,10575
37.3273,Received an expired out of sequence packet ,10378,10575
37.3273,Received an expired out of sequence packet ,10379,10575
37.3273,Received an expired out of sequence packet ,10380,10575
37.3284,Received an expired out of sequence packet ,10381,10575
37.3284,Received an expired out of sequence packet ,10382,10575
37.3284,Received an expired out of sequence packet ,10383,10575
37.3284,Received an expired out of sequence packet ,10384,10575
37.3305,Received an expired out of sequence packet ,10385,10575
37.3305,Received an expired out of sequence packet ,10386,10575
37.3305,Received an expired out of sequence packet ,10387,10575
37.3305,Received an expired out of sequence packet ,10388,10575
37.3305,Received an expired out of sequence packet ,10389,10575
37.3305,Received an expired out of sequence packet ,10390,10575
37.3305,Received an expired out of sequence packet ,10391,10575
37.3305,Received an expired out of sequence packet ,10392,10575
37.3305,Received an expired out of sequence packet ,10393,10575
37.3316,Received an expired out of sequence packet ,10394,10575
37.3316,Received an expired out of sequence packet ,10395,10575
37.3316,Received an expired out of sequence packet ,10396,10575
37.3316,Received an expired out of sequence packet ,10397,10575
37.3316,Received an expired out of sequence packet ,10398,10575
37.3316,Received an expired out of sequence packet ,10399,10575
37.3317,Received an expired out of sequence packet ,10400,10575
37.3317,Received an expired out of sequence packet ,10401,10575
37.3317,Received an expired out of sequence packet ,10402,10575
37.3367,Received an expired out of sequence packet ,10403,10575
37.3367,Received an expired out of sequence packet ,10404,10575
37.3367,Received an expired out of sequence packet ,10405,10575
37.363,Received an expired out of sequence packet ,10406,10575
37.363,Received an expired out of sequence packet ,10407,10575
37.3661,Received an expired out of sequence packet ,10408,10575
37.3661,Received an expired out of sequence packet ,10409,10575
37.3661,Received an expired out of sequence packet ,10410,10575
37.3671,Received an expired out of sequence packet ,10411,10575
37.3672,Received an expired out of sequence packet ,10412,10575
37.3672,Received an expired out of sequence packet ,10413,10575
37.3672,Received an expired out of sequence packet ,10414,10575
37.3672,Received an expired out of sequence packet ,10415,10575
37.3672,Received an expired out of sequence packet ,10416,10575
37.3672,Received an expired out of sequence packet ,10417,10575
37.3692,Received an expired out of sequence packet ,10418,10575
37.3693,Received an expired out of sequence packet ,10419,10575
37.3693,Received an expired out of sequence packet ,10420,10575
37.3693,Received an expired out of sequence packet ,10421,10575
37.3693,Received an expired out of sequence packet ,10422,10575
37.373,Received an expired out of sequence packet ,10423,10575
37.373,Received an expired out of sequence packet ,10424,10575
37.373,Received an expired out of sequence packet ,10425,10575
37.373,Received an expired out of sequence packet ,10426,10575
37.373,Received an expired out of sequence packet ,10427,10575
37.373,Received an expired out of sequence packet ,10428,10575
37.373,Received an expired out of sequence packet ,10429,10575
37.373,Received an expired out of sequence packet ,10430,10575
37.373,Received an expired out of sequence packet ,10431,10575
37.373,Received an expired out of sequence packet ,10432,10575
37.373,Received an expired out of sequence packet ,10433,10575
37.3926,Received an expired out of sequence packet ,10434,10575
37.3926,Received an expired out of sequence packet ,10435,10575
37.3937,Received an expired out of sequence packet ,10436,10575
37.3937,Received an expired out of sequence packet ,10437,10575
37.3937,Received an expired out of sequence packet ,10438,10575
37.3979,Received an expired out of sequence packet ,10439,10575
37.3979,Received an expired out of sequence packet ,10440,10575
37.4,Received an expired out of sequence packet ,10441,10575
37.4,Received an expired out of sequence packet ,10442,10575
37.4,Received an expired out of sequence packet ,10443,10575
37.4,Received an expired out of sequence packet ,10444,10575
37.4,Received an expired out of sequence packet ,10445,10575
37.4001,Received an expired out of sequence packet ,10446,10575
37.4072,Received an expired out of sequence packet ,10447,10575
37.4072,Received an expired out of sequence packet ,10448,10575
37.4072,Received an expired out of sequence packet ,10449,10575
37.4072,Received an expired out of sequence packet ,10450,10575
37.4072,Received an expired out of sequence packet ,10451,10575
37.4072,Received an expired out of sequence packet ,10452,10575
37.4072,Received an expired out of sequence packet ,10453,10575
37.4072,Received an expired out of sequence packet ,10454,10575
37.4073,Received an expired out of sequence packet ,10455,10575
37.4073,Received an expired out of sequence packet ,10456,10575
37.4084,Received an expired out of sequence packet ,10457,10575
37.4084,Received an expired out of sequence packet ,10458,10575
37.4084,Received an expired out of sequence packet ,10459,10575
37.4084,Received an expired out of sequence packet ,10460,10575
37.5821,Received an expired out of sequence packet ,10461,10575
37.5821,Received an expired out of sequence packet ,10462,10575
37.5821,Received an expired out of sequence packet ,10463,10575
37.5821,Received an expired out of sequence packet ,10464,10575
37.5896,Received an expired out of sequence packet ,10465,10575
37.5896,Received an expired out of sequence packet ,10466,10575
37.5928,Received an expired out of sequence packet ,10467,10575
37.5928,Received an expired out of sequence packet ,10468,10575
37.6005,Received an expired out of sequence packet ,10469,10575
37.6005,Received an expired out of sequence packet ,10470,10575
37.6026,Received an expired out of sequence packet ,10471,10575
37.6068,Received an expired out of sequence packet ,10472,10575
37.6068,Received an expired out of sequence packet ,10473,10575
37.6068,Received an expired out of sequence packet ,10474,10575
37.6068,Received an expired out of sequence packet ,10475,10575
37.6068,Received an expired out of sequence packet ,10476,10575
37.6068,Received an expired out of sequence packet ,10477,10575
37.6068,Received an expired out of sequence packet ,10478,10575
37.6068,Received an expired out of sequence packet ,10479,10575
37.6106,Received an expired out of sequence packet ,10480,10575
37.6106,Received an expired out of sequence packet ,10481,10575
37.6107,Received an expired out of sequence packet ,10482,10575
37.6107,Received an expired out of sequence packet ,10483,10575
37.6107,Received an expired out of sequence packet ,10484,10575
37.6107,Received an expired out of sequence packet ,10485,10575
37.6107,Received an expired out of sequence packet ,10486,10575
37.6107,Received an expired out of sequence packet ,10487,10575
37.6128,Received an expired out of sequence packet ,10488,10575
37.6128,Received an expired out of sequence packet ,10489,10575
37.6128,Received an expired out of sequence packet ,10490,10575
37.6128,Received an expired out of sequence packet ,10491,10575
37.6128,Received an expired out of sequence packet ,10492,10575
37.6128,Received an expired out of sequence packet ,10493,10575
37.6129,Received an expired out of sequence packet ,10494,10575
37.6129,Received an expired out of sequence packet ,10495,10575
37.6129,Received an expired out of sequence packet ,10496,10575
37.6129,Received an expired out of sequence packet ,10497,10575
37.615,Received an expired out of sequence packet ,10498,10575
37.6171,Received an expired out of sequence packet ,10499,10575
37.6171,Received an expired out of sequence packet ,10500,10575
37.6171,Received an expired out of sequence packet ,10501,10575
37.6172,Received an expired out of sequence packet ,10502,10575
37.6172,Received an expired out of sequence packet ,10503,10575
37.6172,Received an expired out of sequence packet ,10504,10575
37.6172,Received an expired out of sequence packet ,10505,10575
37.6193,Received an expired out of sequence packet ,10506,10575
37.6193,Received an expired out of sequence packet ,10507,10575
37.6193,Received an expired out of sequence packet ,10508,10575
37.6193,Received an expired out of sequence packet ,10509,10575
37.6193,Received an expired out of sequence packet ,10510,10575
37.6193,Received an expired out of sequence packet ,10511,10575
37.6193,Received an expired out of sequence packet ,10512,10575
37.6193,Received an expired out of sequence packet ,10513,10575
37.6279,Received an expired out of sequence packet ,10514,10575
37.6459,Received an expired out of sequence packet ,10515,10575
37.647,Received an expired out of sequence packet ,10516,10575
37.6491,Received an expired out of sequence packet ,10517,10575
37.6529,Received an expired out of sequence packet ,10518,10575
37.653,Received an expired out of sequence packet ,10519,10575
37.6566,Received an expired out of sequence packet ,10520,10575
37.6566,Received an expired out of sequence packet ,10521,10575
37.6567,Received an expired out of sequence packet ,10522,10575
37.6567,Received an expired out of sequence packet ,10523,10575
37.6567,Received an expired out of sequence packet ,10524,10575
37.6567,Received an expired out of sequence packet ,10525,10575
37.6567,Received an expired out of sequence packet ,10526,10575
37.6567,Received an expired out of sequence packet ,10527,10575
37.6567,Received an expired out of sequence packet ,10528,10575
37.6629,Received an expired out of sequence packet ,10529,10575
37.663,Received an expired out of sequence packet ,10530,10575
37.663,Received an expired out of sequence packet ,10531,10575
37.663,Received an expired out of sequence packet ,10532,10575
37.663,Received an expired out of sequence packet ,10533,10575
37.6691,Received an expired out of sequence packet ,10534,10575
37.6691,Received an expired out of sequence packet ,10535,10575
37.6722,Received an expired out of sequence packet ,10536,10575
37.6722,Received an expired out of sequence packet ,10537,10575
37.6733,Received an expired out of sequence packet ,10538,10575
37.6755,Received an expired out of sequence packet ,10539,10575
37.6755,Received an expired out of sequence packet ,10540,10575
37.6755,Received an expired out of sequence packet ,10541,10575
37.6755,Received an expired out of sequence packet ,10542,10575
37.6755,Received an expired out of sequence packet ,10543,10575
37.6755,Received an expired out of sequence packet ,10544,10575
37.6755,Received an expired out of sequence packet ,10545,10575
37.6755,Received an expired out of sequence packet ,10546,10575
37.6755,Received an expired out of sequence packet ,10547,10575
37.6756,Received an expired out of sequence packet ,10548,10575
37.6767,Received an expired out of sequence packet ,10549,10575
37.6798,Received an expired out of sequence packet ,10550,10575
37.6798,Received an expired out of sequence packet ,10551,10575
37.6798,Received an expired out of sequence packet ,10552,10575
37.6798,Received an expired out of sequence packet ,10553,10575
37.8337,Received an expired out of sequence packet ,10554,10575
37.8337,Received an expired out of sequence packet ,10555,10575
37.8337,Received an expired out of sequence packet ,10556,10575
37.8337,Received an expired out of sequence packet ,10557,10575
37.8337,Received an expired out of sequence packet ,10558,10575
37.8337,Received an expired out of sequence packet ,10559,10575
37.8337,Received an expired out of sequence packet ,10560,10575
37.8338,Received an expired out of sequence packet ,10561,10575
37.8338,Received an expired out of sequence packet ,10562,10575
37.8338,Received an expired out of sequence packet ,10563,10575
37.8338,Received an expired out of sequence packet ,10564,10575
37.8508,Received an expired out of sequence packet ,10565,10575
37.8508,Received an expired out of sequence packet ,10566,10575
37.8509,Received an expired out of sequence packet ,10567,10575
37.8509,Received an expired out of sequence packet ,10568,10575
37.8509,Received an expired out of sequence packet ,10569,10575
37.8509,Received an expired out of sequence packet ,10570,10575
37.8509,Received an expired out of sequence packet ,10571,10575
37.8509,Received an expired out of sequence packet ,10572,10575
37.8509,Received an expired out of sequence packet ,10573,10575
37.8509,Received an expired out of sequence packet ,10574,10575
49.2175,Timeout
49.2175,clearing sending list because of timeout
49.4625,Timeout
49.4625,clearing sending list because of timeout
49.7075,Timeout
49.7075,clearing sending list because of timeout
49.7962,Received an expired out of sequence packet ,13852,13861
49.7974,Received an expired out of sequence packet ,13853,13861
49.7974,Received an expired out of sequence packet ,13854,13861
49.8015,Received an expired out of sequence packet ,13855,13861
49.8015,Received an expired out of sequence packet ,13856,13861
49.8015,Received an expired out of sequence packet ,13857,13861
49.8015,Received an expired out of sequence packet ,13858,13861
49.8015,Received an expired out of sequence packet ,13859,13861
49.8015,Received an expired out of sequence packet ,13860,13861
71.3458,Timeout
71.3458,clearing sending list because of timeout
71.3468,Received an expired out of sequence packet ,26170,26431
72.3368,Received an expired out of sequence packet ,26171,26431
73.3369,Timeout
73.3369,clearing sending list because of timeout
73.3471,Received an expired out of sequence packet ,26172,26433
74.3363,Received an expired out of sequence packet ,26173,26433
74.9455,Received an expired out of sequence packet ,26174,26433
74.9549,Received an expired out of sequence packet ,26175,26433
74.9599,Received an expired out of sequence packet ,26176,26433
74.961,Received an expired out of sequence packet ,26177,26433
74.9621,Received an expired out of sequence packet ,26178,26433
74.967,Received an expired out of sequence packet ,26179,26433
74.9681,Received an expired out of sequence packet ,26180,26433
74.9702,Received an expired out of sequence packet ,26181,26433
74.9833,Received an expired out of sequence packet ,26182,26433
74.996,Received an expired out of sequence packet ,26183,26433
75.0104,Received an expired out of sequence packet ,26184,26433
75.0104,Received an expired out of sequence packet ,26185,26433
75.0115,Received an expired out of sequence packet ,26186,26433
75.0116,Received an expired out of sequence packet ,26187,26433
75.0147,Received an expired out of sequence packet ,26188,26433
75.0147,Received an expired out of sequence packet ,26189,26433
75.0147,Received an expired out of sequence packet ,26190,26433
75.0147,Received an expired out of sequence packet ,26191,26433
75.0227,Received an expired out of sequence packet ,26192,26433
75.0278,Received an expired out of sequence packet ,26193,26433
75.0278,Received an expired out of sequence packet ,26194,26433
75.0289,Received an expired out of sequence packet ,26195,26433
75.0362,Received an expired out of sequence packet ,26196,26433
75.0403,Received an expired out of sequence packet ,26197,26433
75.0443,Received an expired out of sequence packet ,26198,26433
75.0485,Received an expired out of sequence packet ,26199,26433
75.0506,Received an expired out of sequence packet ,26200,26433
75.0618,Received an expired out of sequence packet ,26201,26433
75.0649,Received an expired out of sequence packet ,26202,26433
75.086,Received an expired out of sequence packet ,26203,26433
75.0902,Received an expired out of sequence packet ,26204,26433
75.0902,Received an expired out of sequence packet ,26205,26433
75.0902,Received an expired out of sequence packet ,26206,26433
75.0902,Received an expired out of sequence packet ,26207,26433
75.0923,Received an expired out of sequence packet ,26208,26433
75.0944,Received an expired out of sequence packet ,26209,26433
75.1024,Received an expired out of sequence packet ,26210,26433
75.1065,Received an expired out of sequence packet ,26211,26433
75.1096,Received an expired out of sequence packet ,26212,26433
75.1167,Received an expired out of sequence packet ,26213,26433
75.1229,Received an expired out of sequence packet ,26214,26433
75.1268,Received an expired out of sequence packet ,26215,26433
75.1349,Received an expired out of sequence packet ,26216,26433
75.135,Received an expired out of sequence packet ,26217,26433
75.144,Received an expired out of sequence packet ,26218,26433
75.1493,Received an expired out of sequence packet ,26219,26433
75.1493,Received an expired out of sequence packet ,26220,26433
75.1564,Received an expired out of sequence packet ,26221,26433
75.1565,Received an expired out of sequence packet ,26222,26433
75.1665,Received an expired out of sequence packet ,26223,26433
75.1687,Received an expired out of sequence packet ,26224,26433
75.1687,Received an expired out of sequence packet ,26225,26433
75.1819,Received an expired out of sequence packet ,26226,26433
75.184,Received an expired out of sequence packet ,26227,26433
75.1871,Received an expired out of sequence packet ,26228,26433
75.1871,Received an expired out of sequence packet ,26229,26433
75.1943,Received an expired out of sequence packet ,26230,26433
75.2005,Received an expired out of sequence packet ,26231,26433
75.2046,Received an expired out of sequence packet ,26232,26433
75.2118,Received an expired out of sequence packet ,26233,26433
75.2129,Received an expired out of sequence packet ,26234,26433
75.217,Received an expired out of sequence packet ,26235,26433
75.2212,Received an expired out of sequence packet ,26236,26433
75.2293,Received an expired out of sequence packet ,26237,26433
75.2435,Received an expired out of sequence packet ,26238,26433
75.2447,Received an expired out of sequence packet ,26239,26433
75.2468,Received an expired out of sequence packet ,26240,26433
75.2489,Received an expired out of sequence packet ,26241,26433
75.2561,Received an expired out of sequence packet ,26242,26433
75.2561,Received an expired out of sequence packet ,26243,26433
75.2598,Received an expired out of sequence packet ,26244,26433
75.2762,Received an expired out of sequence packet ,26245,26433
75.2782,Received an expired out of sequence packet ,26246,26433
75.2845,Received an expired out of sequence packet ,26247,26433
75.2917,Received an expired out of sequence packet ,26248,26433
75.2917,Received an expired out of sequence packet ,26249,26433
75.2917,Received an expired out of sequence packet ,26250,26433
75.2928,Received an expired out of sequence packet ,26251,26433
75.2987,Received an expired out of sequence packet ,26252,26433
75.3008,Received an expired out of sequence packet ,26253,26433
75.3162,Received an expired out of sequence packet ,26254,26433
75.3253,Received an expired out of sequence packet ,26255,26433
75.3307,Received an expired out of sequence packet ,26256,26433
75.3307,Received an expired out of sequence packet ,26257,26433
75.3307,Received an expired out of sequence packet ,26258,26433
75.3308,Received an expired out of sequence packet ,26259,26433
75.3318,Received an expired out of sequence packet ,26260,26433
75.334,Received an expired out of sequence packet ,26261,26433
75.343,Received an expired out of sequence packet ,26262,26433
75.3451,Received an expired out of sequence packet ,26263,26433
75.3461,Received an expired out of sequence packet ,26264,26433
75.3482,Received an expired out of sequence packet ,26265,26433
75.3574,Received an expired out of sequence packet ,26266,26433
75.3594,Received an expired out of sequence packet ,26267,26433
75.3665,Received an expired out of sequence packet ,26268,26433
75.3686,Received an expired out of sequence packet ,26269,26433
75.3758,Received an expired out of sequence packet ,26270,26433
75.3799,Received an expired out of sequence packet ,26271,26433
75.3899,Received an expired out of sequence packet ,26272,26433
75.3899,Received an expired out of sequence packet ,26273,26433
75.3951,Received an expired out of sequence packet ,26274,26433
75.4002,Received an expired out of sequence packet ,26275,26433
75.4033,Received an expired out of sequence packet ,26276,26433
75.4102,Received an expired out of sequence packet ,26277,26433
75.4124,Received an expired out of sequence packet ,26278,26433
75.4194,Received an expired out of sequence packet ,26279,26433
75.4246,Received an expired out of sequence packet ,26280,26433
75.4307,Received an expired out of sequence packet ,26281,26433
75.4307,Received an expired out of sequence packet ,26282,26433
75.4378,Received an expired out of sequence packet ,26283,26433
75.4399,Received an expired out of sequence packet ,26284,26433
75.441,Received an expired out of sequence packet ,26285,26433
75.4469,Received an expired out of sequence packet ,26286,26433
75.456,Received an expired out of sequence packet ,26287,26433
75.463,Received an expired out of sequence packet ,26288,26433
75.4804,Received an expired out of sequence packet ,26289,26433
75.4855,Received an expired out of sequence packet ,26290,26433
75.4856,Received an expired out of sequence packet ,26291,26433
75.4867,Received an expired out of sequence packet ,26292,26433
75.4867,Received an expired out of sequence packet ,26293,26433
75.4886,Received an expired out of sequence packet ,26294,26433
75.4897,Received an expired out of sequence packet ,26295,26433
75.4987,Received an expired out of sequence packet ,26296,26433
75.5079,Received an expired out of sequence packet ,26297,26433
75.5079,Received an expired out of sequence packet ,26298,26433
75.5109,Received an expired out of sequence packet ,26299,26433
75.5171,Received an expired out of sequence packet ,26300,26433
75.5221,Received an expired out of sequence packet ,26301,26433
75.5243,Received an expired out of sequence packet ,26302,26433
75.5302,Received an expired out of sequence packet ,26303,26433
75.5323,Received an expired out of sequence packet ,26304,26433
75.5415,Received an expired out of sequence packet ,26305,26433
75.5426,Received an expired out of sequence packet ,26306,26433
75.5507,Received an expired out of sequence packet ,26307,26433
75.5528,Received an expired out of sequence packet ,26308,26433
75.5608,Received an expired out of sequence packet ,26309,26433
75.5649,Received an expired out of sequence packet ,26310,26433
75.5649,Received an expired out of sequence packet ,26311,26433
75.57,Received an expired out of sequence packet ,26312,26433
75.5742,Received an expired out of sequence packet ,26313,26433
75.5825,Received an expired out of sequence packet ,26314,26433
75.5845,Received an expired out of sequence packet ,26315,26433
75.5908,Received an expired out of sequence packet ,26316,26433
75.5969,Received an expired out of sequence packet ,26317,26433
75.601,Received an expired out of sequence packet ,26318,26433
75.6041,Received an expired out of sequence packet ,26319,26433
75.6093,Received an expired out of sequence packet ,26320,26433
75.6124,Received an expired out of sequence packet ,26321,26433
75.6209,Received an expired out of sequence packet ,26322,26433
75.625,Received an expired out of sequence packet ,26323,26433
75.631,Received an expired out of sequence packet ,26324,26433
75.6322,Received an expired out of sequence packet ,26325,26433
75.6353,Received an expired out of sequence packet ,26326,26433
75.6393,Received an expired out of sequence packet ,26327,26433
75.6394,Received an expired out of sequence packet ,26328,26433
75.6465,Received an expired out of sequence packet ,26329,26433
75.6518,Received an expired out of sequence packet ,26330,26433
75.659,Received an expired out of sequence packet ,26331,26433
75.659,Received an expired out of sequence packet ,26332,26433
75.6651,Received an expired out of sequence packet ,26333,26433
75.6683,Received an expired out of sequence packet ,26334,26433
75.6704,Received an expired out of sequence packet ,26335,26433
75.6761,Received an expired out of sequence packet ,26336,26433
75.6954,Received an expired out of sequence packet ,26337,26433
75.6965,Received an expired out of sequence packet ,26338,26433
75.7038,Received an expired out of sequence packet ,26339,26433
75.7038,Received an expired out of sequence packet ,26340,26433
75.7038,Received an expired out of sequence packet ,26341,26433
75.7163,Received an expired out of sequence packet ,26342,26433
75.7224,Received an expired out of sequence packet ,26343,26433
75.7224,Received an expired out of sequence packet ,26344,26433
75.7224,Received an expired out of sequence packet ,26345,26433
75.7246,Received an expired out of sequence packet ,26346,26433
75.7307,Received an expired out of sequence packet ,26347,26433
75.7329,Received an expired out of sequence packet ,26348,26433
75.741,Received an expired out of sequence packet ,26349,26433
75.7431,Received an expired out of sequence packet ,26350,26433
75.7483,Received an expired out of sequence packet ,26351,26433
75.7503,Received an expired out of sequence packet ,26352,26433
75.7565,Received an expired out of sequence packet ,26353,26433
75.7636,Received an expired out of sequence packet ,26354,26433
75.7667,Received an expired out of sequence packet ,26355,26433
75.7708,Received an expired out of sequence packet ,26356,26433
75.7718,Received an expired out of sequence packet ,26357,26433
75.7797,Received an expired out of sequence packet ,26358,26433
75.7828,Received an expired out of sequence packet ,26359,26433
75.7982,Received an expired out of sequence packet ,26360,26433
75.8002,Received an expired out of sequence packet ,26361,26433
75.8043,Received an expired out of sequence packet ,26362,26433
75.8043,Received an expired out of sequence packet ,26363,26433
75.8136,Received an expired out of sequence packet ,26364,26433
75.8146,Received an expired out of sequence packet ,26365,26433
75.8166,Received an expired out of sequence packet ,26366,26433
75.8207,Received an expired out of sequence packet ,26367,26433
75.8248,Received an expired out of sequence packet ,26368,26433
75.8331,Received an expired out of sequence packet ,26369,26433
75.8361,Received an expired out of sequence packet ,26370,26433
75.8423,Received an expired out of sequence packet ,26371,26433
75.8444,Received an expired out of sequence packet ,26372,26433
75.8515,Received an expired out of sequence packet ,26373,26433
75.8556,Received an expired out of sequence packet ,26374,26433
75.8596,Received an expired out of sequence packet ,26375,26433
75.8697,Received an expired out of sequence packet ,26376,26433
75.8698,Received an expired out of sequence packet ,26377,26433
75.8768,Received an expired out of sequence packet ,26378,26433
75.8768,Received an expired out of sequence packet ,26379,26433
75.8789,Received an expired out of sequence packet ,26380,26433
75.8809,Received an expired out of sequence packet ,26381,26433
75.892,Received an expired out of sequence packet ,26382,26433
75.8962,Received an expired out of sequence packet ,26383,26433
75.9004,Received an expired out of sequence packet ,26384,26433
75.9145,Received an expired out of sequence packet ,26385,26433
75.9145,Received an expired out of sequence packet ,26386,26433
75.9196,Received an expired out of sequence packet ,26387,26433
75.9196,Received an expired out of sequence packet ,26388,26433
75.9237,Received an expired out of sequence packet ,26389,26433
75.9237,Received an expired out of sequence packet ,26390,26433
75.9339,Received an expired out of sequence packet ,26391,26433
75.939,Received an expired out of sequence packet ,26392,26433
75.9421,Received an expired out of sequence packet ,26393,26433
75.9442,Received an expired out of sequence packet ,26394,26433
75.9502,Received an expired out of sequence packet ,26395,26433
75.9502,Received an expired out of sequence packet ,26396,26433
75.9553,Received an expired out of sequence packet ,26397,26433
75.9594,Received an expired out of sequence packet ,26398,26433
75.9655,Received an expired out of sequence packet ,26399,26433
75.9706,Received an expired out of sequence packet ,26400,26433
75.9797,Received an expired out of sequence packet ,26401,26433
75.9797,Received an expired out of sequence packet ,26402,26433
75.9869,Received an expired out of sequence packet ,26403,26433
75.9869,Received an expired out of sequence packet ,26404,26433
75.993,Received an expired out of sequence packet ,26405,26433
75.996,Received an expired out of sequence packet ,26406,26433
76.003,Received an expired out of sequence packet ,26407,26433
76.0042,Received an expired out of sequence packet ,26408,26433
76.0083,Received an expired out of sequence packet ,26409,26433
76.0203,Received an expired out of sequence packet ,26410,26433
76.0235,Received an expired out of sequence packet ,26411,26433
76.0377,Received an expired out of sequence packet ,26412,26433
76.0409,Received an expired out of sequence packet ,26413,26433
76.0409,Received an expired out of sequence packet ,26414,26433
76.0409,Received an expired out of sequence packet ,26415,26433
76.0429,Received an expired out of sequence packet ,26416,26433
76.052,Received an expired out of sequence packet ,26417,26433
76.0552,Received an expired out of sequence packet ,26418,26433
76.0611,Received an expired out of sequence packet ,26419,26433
76.0768,Received an expired out of sequence packet ,26420,26433
76.0819,Received an expired out of sequence packet ,26421,26433
76.084,Received an expired out of sequence packet ,26422,26433
76.084,Received an expired out of sequence packet ,26423,26433
76.0851,Received an expired out of sequence packet ,26424,26433
76.0903,Received an expired out of sequence packet ,26425,26433
76.0903,Received an expired out of sequence packet ,26426,26433
76.0914,Received an expired out of sequence packet ,26427,26433
76.1131,Received an expired out of sequence packet ,26428,26433
76.1163,Received an expired out of sequence packet ,26429,26433
76.1163,Received an expired out of sequence packet ,26430,26433
76.1163,Received an expired out of sequence packet ,26431,26433
76.1232,Received an expired out of sequence packet ,26432,26433
81.3457,Timeout
81.3457,clearing sending list because of timeout
81.3468,Received an expired out of sequence packet ,27151,27238
82.3369,Received an expired out of sequence packet ,27152,27238
83.3369,Timeout
83.3369,clearing sending list because of timeout
83.3461,Received an expired out of sequence packet ,27153,27240
84.3368,Received an expired out of sequence packet ,27154,27240
84.9446,Received an expired out of sequence packet ,27155,27240
84.9456,Received an expired out of sequence packet ,27156,27240
84.9456,Received an expired out of sequence packet ,27157,27240
84.9541,Received an expired out of sequence packet ,27158,27240
84.9541,Received an expired out of sequence packet ,27159,27240
84.9541,Received an expired out of sequence packet ,27160,27240
84.9542,Received an expired out of sequence packet ,27161,27240
84.9542,Received an expired out of sequence packet ,27162,27240
84.9564,Received an expired out of sequence packet ,27163,27240
84.9564,Received an expired out of sequence packet ,27164,27240
84.9595,Received an expired out of sequence packet ,27165,27240
84.9618,Received an expired out of sequence packet ,27166,27240
84.964,Received an expired out of sequence packet ,27167,27240
84.9651,Received an expired out of sequence packet ,27168,27240
84.9673,Received an expired out of sequence packet ,27169,27240
84.9706,Received an expired out of sequence packet ,27170,27240
84.9727,Received an expired out of sequence packet ,27171,27240
84.975,Received an expired out of sequence packet ,27172,27240
84.975,Received an expired out of sequence packet ,27173,27240
84.975,Received an expired out of sequence packet ,27174,27240
84.9792,Received an expired out of sequence packet ,27175,27240
84.9803,Received an expired out of sequence packet ,27176,27240
84.9815,Received an expired out of sequence packet ,27177,27240
84.9847,Received an expired out of sequence packet ,27178,27240
84.9869,Received an expired out of sequence packet ,27179,27240
84.988,Received an expired out of sequence packet ,27180,27240
84.9891,Received an expired out of sequence packet ,27181,27240
84.9892,Received an expired out of sequence packet ,27182,27240
84.9923,Received an expired out of sequence packet ,27183,27240
84.9934,Received an expired out of sequence packet ,27184,27240
84.9975,Received an expired out of sequence packet ,27185,27240
84.9976,Received an expired out of sequence packet ,27186,27240
84.9997,Received an expired out of sequence packet ,27187,27240
85.0029,Received an expired out of sequence packet ,27188,27240
85.0029,Received an expired out of sequence packet ,27189,27240
85.0041,Received an expired out of sequence packet ,27190,27240
85.0041,Received an expired out of sequence packet ,27191,27240
85.0207,Received an expired out of sequence packet ,27192,27240
85.0251,Received an expired out of sequence packet ,27193,27240
85.0251,Received an expired out of sequence packet ,27194,27240
85.0251,Received an expired out of sequence packet ,27195,27240
85.0251,Received an expired out of sequence packet ,27196,27240
85.0252,Received an expired out of sequence packet ,27197,27240
85.0346,Received an expired out of sequence packet ,27198,27240
85.0346,Received an expired out of sequence packet ,27199,27240
85.0346,Received an expired out of sequence packet ,27200,27240
85.0388,Received an expired out of sequence packet ,27201,27240
85.0409,Received an expired out of sequence packet ,27202,27240
85.041,Received an expired out of sequence packet ,27203,27240
85.0421,Received an expired out of sequence packet ,27204,27240
85.0432,Received an expired out of sequence packet ,27205,27240
85.0464,Received an expired out of sequence packet ,27206,27240
85.0475,Received an expired out of sequence packet ,27207,27240
85.0475,Received an expired out of sequence packet ,27208,27240
85.0496,Received an expired out of sequence packet ,27209,27240
85.0518,Received an expired out of sequence packet ,27210,27240
85.0543,Received an expired out of sequence packet ,27211,27240
85.0543,Received an expired out of sequence packet ,27212,27240
85.0566,Received an expired out of sequence packet ,27213,27240
85.0601,Received an expired out of sequence packet ,27214,27240
85.0601,Received an expired out of sequence packet ,27215,27240
85.0601,Received an expired out of sequence packet ,27216,27240
85.0623,Received an expired out of sequence packet ,27217,27240
85.0749,Received an expired out of sequence packet ,27218,27240
85.0761,Received an expired out of sequence packet ,27219,27240
85.0761,Received an expired out of sequence packet ,27220,27240
85.0761,Received an expired out of sequence packet ,27221,27240
85.0761,Received an expired out of sequence packet ,27222,27240
85.0781,Received an expired out of sequence packet ,27223,27240
85.0781,Received an expired out of sequence packet ,27224,27240
85.0781,Received an expired out of sequence packet ,27225,27240
85.0782,Received an expired out of sequence packet ,27226,27240
85.0782,Received an expired out of sequence packet ,27227,27240
85.0782,Received an expired out of sequence packet ,27228,27240
85.0802,Received an expired out of sequence packet ,27229,27240
85.0814,Received an expired out of sequence packet ,27230,27240
85.0845,Received an expired out of sequence packet ,27231,27240
85.0845,Received an expired out of sequence packet ,27232,27240
85.0856,Received an expired out of sequence packet ,27233,27240
85.0857,Received an expired out of sequence packet ,27234,27240
85.0898,Received an expired out of sequence packet ,27235,27240
85.0939,Received an expired out of sequence packet ,27236,27240
85.0967,Received an expired out of sequence packet ,27237,27240
85.0989,Received an expired out of sequence packet ,27238,27240
85.0989,Received an expired out of sequence packet ,27239,27240
111.346,Timeout
111.346,clearing sending list because of timeout
111.346,Received an expired out of sequence packet ,38483,38703
112.336,Received an expired out of sequence packet ,38484,38703
113.336,Timeout
113.336,clearing sending list because of timeout
113.346,Received an expired out of sequence packet ,38485,38705
114.337,Received an expired out of sequence packet ,38486,38705
114.953,Received an expired out of sequence packet ,38487,38705
114.954,Received an expired out of sequence packet ,38488,38705
114.958,Received an expired out of sequence packet ,38489,38705
114.958,Received an expired out of sequence packet ,38490,38705
114.958,Received an expired out of sequence packet ,38491,38705
114.962,Received an expired out of sequence packet ,38492,38705
114.962,Received an expired out of sequence packet ,38493,38705
114.964,Received an expired out of sequence packet ,38494,38705
114.964,Received an expired out of sequence packet ,38495,38705
114.966,Received an expired out of sequence packet ,38496,38705
114.966,Received an expired out of sequence packet ,38497,38705
114.966,Received an expired out of sequence packet ,38498,38705
114.966,Received an expired out of sequence packet ,38499,38705
114.966,Received an expired out of sequence packet ,38500,38705
114.968,Received an expired out of sequence packet ,38501,38705
114.971,Received an expired out of sequence packet ,38502,38705
114.974,Received an expired out of sequence packet ,38503,38705
114.978,Received an expired out of sequence packet ,38504,38705
114.983,Received an expired out of sequence packet ,38505,38705
114.984,Received an expired out of sequence packet ,38506,38705
114.984,Received an expired out of sequence packet ,38507,38705
114.985,Received an expired out of sequence packet ,38508,38705
114.986,Received an expired out of sequence packet ,38509,38705
114.986,Received an expired out of sequence packet ,38510,38705
114.989,Received an expired out of sequence packet ,38511,38705
114.992,Received an expired out of sequence packet ,38512,38705
114.992,Received an expired out of sequence packet ,38513,38705
114.996,Received an expired out of sequence packet ,38514,38705
114.997,Received an expired out of sequence packet ,38515,38705
115.002,Received an expired out of sequence packet ,38516,38705
115.005,Received an expired out of sequence packet ,38517,38705
115.005,Received an expired out of sequence packet ,38518,38705
115.005,Received an expired out of sequence packet ,38519,38705
115.007,Received an expired out of sequence packet ,38520,38705
115.007,Received an expired out of sequence packet ,38521,38705
115.012,Received an expired out of sequence packet ,38522,38705
115.012,Received an expired out of sequence packet ,38523,38705
115.014,Received an expired out of sequence packet ,38524,38705
115.015,Received an expired out of sequence packet ,38525,38705
115.017,Received an expired out of sequence packet ,38526,38705
115.024,Received an expired out of sequence packet ,38527,38705
115.024,Received an expired out of sequence packet ,38528,38705
115.027,Received an expired out of sequence packet ,38529,38705
115.027,Received an expired out of sequence packet ,38530,38705
115.03,Received an expired out of sequence packet ,38531,38705
115.031,Received an expired out of sequence packet ,38532,38705
115.031,Received an expired out of sequence packet ,38533,38705
115.033,Received an expired out of sequence packet ,38534,38705
115.034,Received an expired out of sequence packet ,38535,38705
115.037,Received an expired out of sequence packet ,38536,38705
115.041,Received an expired out of sequence packet ,38537,38705
115.043,Received an expired out of sequence packet ,38538,38705
115.043,Received an expired out of sequence packet ,38539,38705
115.045,Received an expired out of sequence packet ,38540,38705
115.047,Received an expired out of sequence packet ,38541,38705
115.049,Received an expired out of sequence packet ,38542,38705
115.05,Received an expired out of sequence packet ,38543,38705
115.053,Received an expired out of sequence packet ,38544,38705
115.055,Received an expired out of sequence packet ,38545,38705
115.063,Received an expired out of sequence packet ,38546,38705
115.064,Received an expired out of sequence packet ,38547,38705
115.064,Received an expired out of sequence packet ,38548,38705
115.064,Received an expired out of sequence packet ,38549,38705
115.064,Received an expired out of sequence packet ,38550,38705
115.064,Received an expired out of sequence packet ,38551,38705
115.068,Received an expired out of sequence packet ,38552,38705
115.068,Received an expired out of sequence packet ,38553,38705
115.068,Received an expired out of sequence packet ,38554,38705
115.072,Received an expired out of sequence packet ,38555,38705
115.075,Received an expired out of sequence packet ,38556,38705
115.075,Received an expired out of sequence packet ,38557,38705
115.078,Received an expired out of sequence packet ,38558,38705
115.078,Received an expired out of sequence packet ,38559,38705
115.08,Received an expired out of sequence packet ,38560,38705
115.084,Received an expired out of sequence packet ,38561,38705
115.084,Received an expired out of sequence packet ,38562,38705
115.085,Received an expired out of sequence packet ,38563,38705
115.085,Received an expired out of sequence packet ,38564,38705
115.088,Received an expired out of sequence packet ,38565,38705
115.09,Received an expired out of sequence packet ,38566,38705
115.09,Received an expired out of sequence packet ,38567,38705
115.09,Received an expired out of sequence packet ,38568,38705
115.093,Received an expired out of sequence packet ,38569,38705
115.094,Received an expired out of sequence packet ,38570,38705
115.098,Received an expired out of sequence packet ,38571,38705
115.101,Received an expired out of sequence packet ,38572,38705
115.104,Received an expired out of sequence packet ,38573,38705
115.104,Received an expired out of sequence packet ,38574,38705
115.104,Received an expired out of sequence packet ,38575,38705
115.105,Received an expired out of sequence packet ,38576,38705
115.106,Received an expired out of sequence packet ,38577,38705
115.107,Received an expired out of sequence packet ,38578,38705
115.111,Received an expired out of sequence packet ,38579,38705
115.111,Received an expired out of sequence packet ,38580,38705
115.113,Received an expired out of sequence packet ,38581,38705
115.115,Received an expired out of sequence packet ,38582,38705
115.116,Received an expired out of sequence packet ,38583,38705
115.116,Received an expired out of sequence packet ,38584,38705
115.125,Received an expired out of sequence packet ,38585,38705
115.135,Received an expired out of sequence packet ,38586,38705
115.136,Received an expired out of sequence packet ,38587,38705
115.136,Received an expired out of sequence packet ,38588,38705
115.138,Received an expired out of sequence packet ,38589,38705
115.138,Received an expired out of sequence packet ,38590,38705
115.141,Received an expired out of sequence packet ,38591,38705
115.142,Received an expired out of sequence packet ,38592,38705
115.155,Received an expired out of sequence packet ,38593,38705
115.155,Received an expired out of sequence packet ,38594,38705
115.156,Received an expired out of sequence packet ,38595,38705
115.156,Received an expired out of sequence packet ,38596,38705
115.161,Received an expired out of sequence packet ,38597,38705
115.165,Received an expired out of sequence packet ,38598,38705
115.165,Received an expired out of sequence packet ,38599,38705
115.165,Received an expired out of sequence packet ,38600,38705
115.165,Received an expired out of sequence packet ,38601,38705
115.165,Received an expired out of sequence packet ,38602,38705
115.165,Received an expired out of sequence packet ,38603,38705
115.165,Received an expired out of sequence packet ,38604,38705
115.168,Received an expired out of sequence packet ,38605,38705
115.169,Received an expired out of sequence packet ,38606,38705
115.171,Received an expired out of sequence packet ,38607,38705
115.174,Received an expired out of sequence packet ,38608,38705
115.174,Received an expired out of sequence packet ,38609,38705
115.177,Received an expired out of sequence packet ,38610,38705
115.183,Received an expired out of sequence packet ,38611,38705
115.183,Received an expired out of sequence packet ,38612,38705
115.184,Received an expired out of sequence packet ,38613,38705
115.184,Received an expired out of sequence packet ,38614,38705
115.184,Received an expired out of sequence packet ,38615,38705
115.187,Received an expired out of sequence packet ,38616,38705
115.192,Received an expired out of sequence packet ,38617,38705
115.192,Received an expired out of sequence packet ,38618,38705
115.192,Received an expired out of sequence packet ,38619,38705
115.195,Received an expired out of sequence packet ,38620,38705
115.195,Received an expired out of sequence packet ,38621,38705
115.198,Received an expired out of sequence packet ,38622,38705
115.212,Received an expired out of sequence packet ,38623,38705
115.212,Received an expired out of sequence packet ,38624,38705
115.214,Received an expired out of sequence packet ,38625,38705
115.215,Received an expired out of sequence packet ,38626,38705
115.215,Received an expired out of sequence packet ,38627,38705
115.218,Received an expired out of sequence packet ,38628,38705
115.223,Received an expired out of sequence packet ,38629,38705
115.225,Received an expired out of sequence packet ,38630,38705
115.228,Received an expired out of sequence packet ,38631,38705
115.228,Received an expired out of sequence packet ,38632,38705
115.228,Received an expired out of sequence packet ,38633,38705
115.228,Received an expired out of sequence packet ,38634,38705
115.228,Received an expired out of sequence packet ,38635,38705
115.228,Received an expired out of sequence packet ,38636,38705
115.228,Received an expired out of sequence packet ,38637,38705
115.244,Received an expired out of sequence packet ,38638,38705
115.245,Received an expired out of sequence packet ,38639,38705
115.246,Received an expired out of sequence packet ,38640,38705
115.249,Received an expired out of sequence packet ,38641,38705
115.249,Received an expired out of sequence packet ,38642,38705
115.249,Received an expired out of sequence packet ,38643,38705
115.249,Received an expired out of sequence packet ,38644,38705
115.255,Received an expired out of sequence packet ,38645,38705
115.257,Received an expired out of sequence packet ,38646,38705
115.257,Received an expired out of sequence packet ,38647,38705
115.262,Received an expired out of sequence packet ,38648,38705
115.278,Received an expired out of sequence packet ,38649,38705
115.28,Received an expired out of sequence packet ,38650,38705
115.284,Received an expired out of sequence packet ,38651,38705
115.284,Received an expired out of sequence packet ,38652,38705
115.284,Received an expired out of sequence packet ,38653,38705
115.284,Received an expired out of sequence packet ,38654,38705
115.284,Received an expired out of sequence packet ,38655,38705
115.288,Received an expired out of sequence packet ,38656,38705
115.289,Received an expired out of sequence packet ,38657,38705
115.292,Received an expired out of sequence packet ,38658,38705
115.294,Received an expired out of sequence packet ,38659,38705
115.295,Received an expired out of sequence packet ,38660,38705
115.296,Received an expired out of sequence packet ,38661,38705
115.304,Received an expired out of sequence packet ,38662,38705
115.304,Received an expired out of sequence packet ,38663,38705
115.306,Received an expired out of sequence packet ,38664,38705
115.306,Received an expired out of sequence packet ,38665,38705
115.309,Received an expired out of sequence packet ,38666,38705
115.311,Received an expired out of sequence packet ,38667,38705
115.314,Received an expired out of sequence packet ,38668,38705
115.322,Received an expired out of sequence packet ,38669,38705
115.322,Received an expired out of sequence packet ,38670,38705
115.324,Received an expired out of sequence packet ,38671,38705
115.324,Received an expired out of sequence packet ,38672,38705
115.325,Received an expired out of sequence packet ,38673,38705
115.378,Received an expired out of sequence packet ,38674,38705
115.379,Received an expired out of sequence packet ,38675,38705
115.381,Received an expired out of sequence packet ,38676,38705
115.381,Received an expired out of sequence packet ,38677,38705
115.381,Received an expired out of sequence packet ,38678,38705
115.381,Received an expired out of sequence packet ,38679,38705
115.381,Received an expired out of sequence packet ,38680,38705
115.381,Received an expired out of sequence packet ,38681,38705
115.381,Received an expired out of sequence packet ,38682,38705
115.381,Received an expired out of sequence packet ,38683,38705
115.382,Received an expired out of sequence packet ,38684,38705
115.382,Received an expired out of sequence packet ,38685,38705
115.382,Received an expired out of sequence packet ,38686,38705
115.382,Received an expired out of sequence packet ,38687,38705
115.382,Received an expired out of sequence packet ,38688,38705
115.382,Received an expired out of sequence packet ,38689,38705
115.382,Received an expired out of sequence packet ,38690,38705
115.382,Received an expired out of sequence packet ,38691,38705
115.382,Received an expired out of sequence packet ,38692,38705
115.382,Received an expired out of sequence packet ,38693,38705
115.382,Received an expired out of sequence packet ,38694,38705
115.382,Received an expired out of sequence packet ,38695,38705
115.382,Received an expired out of sequence packet ,38696,38705
115.382,Received an expired out of sequence packet ,38697,38705
115.382,Received an expired out of sequence packet ,38698,38705
115.385,Received an expired out of sequence packet ,38699,38705
115.385,Received an expired out of sequence packet ,38700,38705
115.385,Received an expired out of sequence packet ,38701,38705
115.397,Received an expired out of sequence packet ,38702,38705
115.397,Received an expired out of sequence packet ,38703,38705
115.397,Received an expired out of sequence packet ,38704,38705
161.887,Timeout
161.887,clearing sending list because of timeout
161.901,Received an expired out of sequence packet ,85970,86096
161.901,Received an expired out of sequence packet ,85971,86096
161.901,Received an expired out of sequence packet ,85972,86096
161.901,Received an expired out of sequence packet ,85973,86096
162.036,Received an expired out of sequence packet ,85974,86096
162.039,Received an expired out of sequence packet ,85975,86096
162.039,Received an expired out of sequence packet ,85976,86096
162.039,Received an expired out of sequence packet ,85977,86096
162.039,Received an expired out of sequence packet ,85978,86096
162.039,Received an expired out of sequence packet ,85979,86096
162.041,Received an expired out of sequence packet ,85980,86096
162.041,Received an expired out of sequence packet ,85981,86096
162.043,Received an expired out of sequence packet ,85982,86096
162.043,Received an expired out of sequence packet ,85983,86096
162.043,Received an expired out of sequence packet ,85984,86096
162.043,Received an expired out of sequence packet ,85985,86096
162.043,Received an expired out of sequence packet ,85986,86096
162.043,Received an expired out of sequence packet ,85987,86096
162.043,Received an expired out of sequence packet ,85988,86096
162.043,Received an expired out of sequence packet ,85989,86096
162.043,Received an expired out of sequence packet ,85990,86096
162.043,Received an expired out of sequence packet ,85991,86096
162.043,Received an expired out of sequence packet ,85992,86096
162.043,Received an expired out of sequence packet ,85993,86096
162.074,Received an expired out of sequence packet ,85994,86096
162.074,Received an expired out of sequence packet ,85995,86096
162.074,Received an expired out of sequence packet ,85996,86096
162.082,Received an expired out of sequence packet ,85997,86096
162.082,Received an expired out of sequence packet ,85998,86096
162.082,Received an expired out of sequence packet ,85999,86096
162.082,Received an expired out of sequence packet ,86000,86096
162.085,Received an expired out of sequence packet ,86001,86096
162.085,Received an expired out of sequence packet ,86002,86096
162.086,Received an expired out of sequence packet ,86003,86096
162.086,Received an expired out of sequence packet ,86004,86096
162.086,Received an expired out of sequence packet ,86005,86096
162.086,Received an expired out of sequence packet ,86006,86096
162.118,Received an expired out of sequence packet ,86007,86096
162.119,Received an expired out of sequence packet ,86008,86096
162.119,Received an expired out of sequence packet ,86009,86096
162.119,Received an expired out of sequence packet ,86010,86096
162.129,Received an expired out of sequence packet ,86011,86096
162.132,Received an expired out of sequence packet ,86012,86096
162.132,Received an expired out of sequence packet ,86013,86096
162.133,Received an expired out of sequence packet ,86014,86096
162.133,Received an expired out of sequence packet ,86015,86096
162.133,Received an expired out of sequence packet ,86016,86096
162.133,Received an expired out of sequence packet ,86017,86096
162.135,Received an expired out of sequence packet ,86018,86096
162.135,Received an expired out of sequence packet ,86019,86096
162.135,Received an expired out of sequence packet ,86020,86096
162.135,Received an expired out of sequence packet ,86021,86096
162.135,Received an expired out of sequence packet ,86022,86096
162.135,Received an expired out of sequence packet ,86023,86096
162.135,Received an expired out of sequence packet ,86024,86096
162.136,Received an expired out of sequence packet ,86025,86096
162.136,Received an expired out of sequence packet ,86026,86096
162.136,Received an expired out of sequence packet ,86027,86096
162.136,Received an expired out of sequence packet ,86028,86096
162.136,Received an expired out of sequence packet ,86029,86096
162.136,Received an expired out of sequence packet ,86030,86096
162.136,Received an expired out of sequence packet ,86031,86096
162.136,Received an expired out of sequence packet ,86032,86096
162.136,Received an expired out of sequence packet ,86033,86096
162.136,Received an expired out of sequence packet ,86034,86096
162.137,Received an expired out of sequence packet ,86035,86096
162.137,Received an expired out of sequence packet ,86036,86096
162.137,Received an expired out of sequence packet ,86037,86096
162.137,Received an expired out of sequence packet ,86038,86096
162.137,Received an expired out of sequence packet ,86039,86096
162.137,Received an expired out of sequence packet ,86040,86096
162.137,Received an expired out of sequence packet ,86041,86096
162.137,Received an expired out of sequence packet ,86042,86096
162.137,Received an expired out of sequence packet ,86043,86096
162.137,Received an expired out of sequence packet ,86044,86096
162.137,Received an expired out of sequence packet ,86045,86096
162.137,Received an expired out of sequence packet ,86046,86096
162.137,Received an expired out of sequence packet ,86047,86096
162.137,Received an expired out of sequence packet ,86048,86096
162.138,Received an expired out of sequence packet ,86049,86096
162.14,Received an expired out of sequence packet ,86050,86096
162.14,Received an expired out of sequence packet ,86051,86096
162.149,Received an expired out of sequence packet ,86052,86096
162.149,Received an expired out of sequence packet ,86053,86096
162.149,Received an expired out of sequence packet ,86054,86096
162.149,Received an expired out of sequence packet ,86055,86096
162.312,Received an expired out of sequence packet ,86056,86096
162.312,Received an expired out of sequence packet ,86057,86096
162.329,Received an expired out of sequence packet ,86058,86096
162.329,Received an expired out of sequence packet ,86059,86096
162.332,Received an expired out of sequence packet ,86060,86096
162.332,Received an expired out of sequence packet ,86061,86096
162.332,Received an expired out of sequence packet ,86062,86096
162.332,Received an expired out of sequence packet ,86063,86096
162.336,Received an expired out of sequence packet ,86064,86096
162.336,Received an expired out of sequence packet ,86065,86096
162.336,Received an expired out of sequence packet ,86066,86096
162.336,Received an expired out of sequence packet ,86067,86096
162.336,Received an expired out of sequence packet ,86068,86096
162.336,Received an expired out of sequence packet ,86069,86096
162.336,Received an expired out of sequence packet ,86070,86096
162.336,Received an expired out of sequence packet ,86071,86096
162.336,Received an expired out of sequence packet ,86072,86096
162.336,Received an expired out of sequence packet ,86073,86096
162.337,Received an expired out of sequence packet ,86074,86096
162.337,Received an expired out of sequence packet ,86075,86096
162.337,Received an expired out of sequence packet ,86076,86096
162.341,Received an expired out of sequence packet ,86077,86096
162.341,Received an expired out of sequence packet ,86078,86096
162.341,Received an expired out of sequence packet ,86079,86096
162.341,Received an expired out of sequence packet ,86080,86096
162.344,Received an expired out of sequence packet ,86081,86096
162.344,Received an expired out of sequence packet ,86082,86096
162.345,Received an expired out of sequence packet ,86083,86096
162.345,Received an expired out of sequence packet ,86084,86096
162.346,Received an expired out of sequence packet ,86085,86096
162.346,Received an expired out of sequence packet ,86086,86096
162.346,Received an expired out of sequence packet ,86087,86096
162.346,Received an expired out of sequence packet ,86088,86096
162.346,Received an expired out of sequence packet ,86089,86096
162.346,Received an expired out of sequence packet ,86090,86096
162.346,Received an expired out of sequence packet ,86091,86096
162.35,Received an expired out of sequence packet ,86092,86096
162.35,Received an expired out of sequence packet ,86093,86096
162.35,Received an expired out of sequence packet ,86094,86096
162.35,Received an expired out of sequence packet ,86095,86096
174.624,Timeout
174.624,clearing sending list because of timeout
174.656,Received an expired out of sequence packet ,90166,90381
174.656,Received an expired out of sequence packet ,90167,90381
174.656,Received an expired out of sequence packet ,90168,90381
174.656,Received an expired out of sequence packet ,90169,90381
174.69,Received an expired out of sequence packet ,90170,90381
174.694,Received an expired out of sequence packet ,90171,90381
174.694,Received an expired out of sequence packet ,90172,90381
174.694,Received an expired out of sequence packet ,90173,90381
174.694,Received an expired out of sequence packet ,90174,90381
174.694,Received an expired out of sequence packet ,90175,90381
174.694,Received an expired out of sequence packet ,90176,90381
174.698,Received an expired out of sequence packet ,90177,90381
174.698,Received an expired out of sequence packet ,90178,90381
174.698,Received an expired out of sequence packet ,90179,90381
174.699,Received an expired out of sequence packet ,90180,90381
174.699,Received an expired out of sequence packet ,90181,90381
174.699,Received an expired out of sequence packet ,90182,90381
174.735,Received an expired out of sequence packet ,90183,90381
174.735,Received an expired out of sequence packet ,90184,90381
174.74,Received an expired out of sequence packet ,90185,90381
174.74,Received an expired out of sequence packet ,90186,90381
174.746,Received an expired out of sequence packet ,90187,90381
174.746,Received an expired out of sequence packet ,90188,90381
174.755,Received an expired out of sequence packet ,90189,90381
174.755,Received an expired out of sequence packet ,90190,90381
174.755,Received an expired out of sequence packet ,90191,90381
174.755,Received an expired out of sequence packet ,90192,90381
174.755,Received an expired out of sequence packet ,90193,90381
174.755,Received an expired out of sequence packet ,90194,90381
174.755,Received an expired out of sequence packet ,90195,90381
174.762,Received an expired out of sequence packet ,90196,90381
174.762,Received an expired out of sequence packet ,90197,90381
174.763,Received an expired out of sequence packet ,90198,90381
174.763,Received an expired out of sequence packet ,90199,90381
174.763,Received an expired out of sequence packet ,90200,90381
174.763,Received an expired out of sequence packet ,90201,90381
174.763,Received an expired out of sequence packet ,90202,90381
174.763,Received an expired out of sequence packet ,90203,90381
174.763,Received an expired out of sequence packet ,90204,90381
174.763,Received an expired out of sequence packet ,90205,90381
174.763,Received an expired out of sequence packet ,90206,90381
174.763,Received an expired out of sequence packet ,90207,90381
174.763,Received an expired out of sequence packet ,90208,90381
174.763,Received an expired out of sequence packet ,90209,90381
174.763,Received an expired out of sequence packet ,90210,90381
174.773,Received an expired out of sequence packet ,90211,90381
174.773,Received an expired out of sequence packet ,90212,90381
174.773,Received an expired out of sequence packet ,90213,90381
174.773,Received an expired out of sequence packet ,90214,90381
174.784,Received an expired out of sequence packet ,90215,90381
174.786,Received an expired out of sequence packet ,90216,90381
174.788,Received an expired out of sequence packet ,90217,90381
174.788,Received an expired out of sequence packet ,90218,90381
174.788,Received an expired out of sequence packet ,90219,90381
174.788,Received an expired out of sequence packet ,90220,90381
174.788,Received an expired out of sequence packet ,90221,90381
174.79,Received an expired out of sequence packet ,90222,90381
174.794,Received an expired out of sequence packet ,90223,90381
174.794,Received an expired out of sequence packet ,90224,90381
174.794,Received an expired out of sequence packet ,90225,90381
174.794,Received an expired out of sequence packet ,90226,90381
174.796,Received an expired out of sequence packet ,90227,90381
174.796,Received an expired out of sequence packet ,90228,90381
174.796,Received an expired out of sequence packet ,90229,90381
174.796,Received an expired out of sequence packet ,90230,90381
174.796,Received an expired out of sequence packet ,90231,90381
174.799,Received an expired out of sequence packet ,90232,90381
174.799,Received an expired out of sequence packet ,90233,90381
174.799,Received an expired out of sequence packet ,90234,90381
174.799,Received an expired out of sequence packet ,90235,90381
174.799,Received an expired out of sequence packet ,90236,90381
174.799,Received an expired out of sequence packet ,90237,90381
174.807,Received an expired out of sequence packet ,90238,90381
174.807,Received an expired out of sequence packet ,90239,90381
174.807,Received an expired out of sequence packet ,90240,90381
174.807,Received an expired out of sequence packet ,90241,90381
174.808,Received an expired out of sequence packet ,90242,90381
174.809,Received an expired out of sequence packet ,90243,90381
174.809,Received an expired out of sequence packet ,90244,90381
174.809,Received an expired out of sequence packet ,90245,90381
174.809,Received an expired out of sequence packet ,90246,90381
174.814,Received an expired out of sequence packet ,90247,90381
174.814,Received an expired out of sequence packet ,90248,90381
174.82,Received an expired out of sequence packet ,90249,90381
174.82,Received an expired out of sequence packet ,90250,90381
174.82,Received an expired out of sequence packet ,90251,90381
174.82,Received an expired out of sequence packet ,90252,90381
174.821,Received an expired out of sequence packet ,90253,90381
174.821,Received an expired out of sequence packet ,90254,90381
174.821,Received an expired out of sequence packet ,90255,90381
174.822,Received an expired out of sequence packet ,90256,90381
174.822,Received an expired out of sequence packet ,90257,90381
174.822,Received an expired out of sequence packet ,90258,90381
174.822,Received an expired out of sequence packet ,90259,90381
174.822,Received an expired out of sequence packet ,90260,90381
174.822,Received an expired out of sequence packet ,90261,90381
174.822,Received an expired out of sequence packet ,90262,90381
174.827,Received an expired out of sequence packet ,90263,90381
174.827,Received an expired out of sequence packet ,90264,90381
174.827,Received an expired out of sequence packet ,90265,90381
174.827,Received an expired out of sequence packet ,90266,90381
174.827,Received an expired out of sequence packet ,90267,90381
174.829,Received an expired out of sequence packet ,90268,90381
174.829,Received an expired out of sequence packet ,90269,90381
174.829,Received an expired out of sequence packet ,90270,90381
174.829,Received an expired out of sequence packet ,90271,90381
174.837,Received an expired out of sequence packet ,90272,90381
174.837,Received an expired out of sequence packet ,90273,90381
174.837,Received an expired out of sequence packet ,90274,90381
174.837,Received an expired out of sequence packet ,90275,90381
174.837,Received an expired out of sequence packet ,90276,90381
174.837,Received an expired out of sequence packet ,90277,90381
174.837,Received an expired out of sequence packet ,90278,90381
174.837,Received an expired out of sequence packet ,90279,90381
174.837,Received an expired out of sequence packet ,90280,90381
174.837,Received an expired out of sequence packet ,90281,90381
174.841,Received an expired out of sequence packet ,90282,90381
174.845,Received an expired out of sequence packet ,90283,90381
174.845,Received an expired out of sequence packet ,90284,90381
174.845,Received an expired out of sequence packet ,90285,90381
174.845,Received an expired out of sequence packet ,90286,90381
174.845,Received an expired out of sequence packet ,90287,90381
174.845,Received an expired out of sequence packet ,90288,90381
174.845,Received an expired out of sequence packet ,90289,90381
174.845,Received an expired out of sequence packet ,90290,90381
174.845,Received an expired out of sequence packet ,90291,90381
174.849,Received an expired out of sequence packet ,90292,90381
174.849,Received an expired out of sequence packet ,90293,90381
174.849,Received an expired out of sequence packet ,90294,90381
174.849,Received an expired out of sequence packet ,90295,90381
174.849,Received an expired out of sequence packet ,90296,90381
174.849,Received an expired out of sequence packet ,90297,90381
174.852,Received an expired out of sequence packet ,90298,90381
174.853,Received an expired out of sequence packet ,90299,90381
174.853,Received an expired out of sequence packet ,90300,90381
174.853,Received an expired out of sequence packet ,90301,90381
174.853,Received an expired out of sequence packet ,90302,90381
174.853,Received an expired out of sequence packet ,90303,90381
174.855,Received an expired out of sequence packet ,90304,90381
174.855,Received an expired out of sequence packet ,90305,90381
174.855,Received an expired out of sequence packet ,90306,90381
174.856,Received an expired out of sequence packet ,90307,90381
174.856,Received an expired out of sequence packet ,90308,90381
174.856,Received an expired out of sequence packet ,90309,90381
174.856,Received an expired out of sequence packet ,90310,90381
174.857,Received an expired out of sequence packet ,90311,90381
174.857,Received an expired out of sequence packet ,90312,90381
174.857,Received an expired out of sequence packet ,90313,90381
174.857,Received an expired out of sequence packet ,90314,90381
174.857,Received an expired out of sequence packet ,90315,90381
174.86,Received an expired out of sequence packet ,90316,90381
174.86,Received an expired out of sequence packet ,90317,90381
174.862,Received an expired out of sequence packet ,90318,90381
174.864,Received an expired out of sequence packet ,90319,90381
174.864,Received an expired out of sequence packet ,90320,90381
174.864,Received an expired out of sequence packet ,90321,90381
174.864,Received an expired out of sequence packet ,90322,90381
174.864,Received an expired out of sequence packet ,90323,90381
174.868,Received an expired out of sequence packet ,90324,90381
174.868,Received an expired out of sequence packet ,90325,90381
174.873,Received an expired out of sequence packet ,90326,90381
174.873,Received an expired out of sequence packet ,90327,90381
174.873,Received an expired out of sequence packet ,90328,90381
174.873,Received an expired out of sequence packet ,90329,90381
174.873,Received an expired out of sequence packet ,90330,90381
174.873,Received an expired out of sequence packet ,90331,90381
174.877,Received an expired out of sequence packet ,90332,90381
174.877,Received an expired out of sequence packet ,90333,90381
174.877,Received an expired out of sequence packet ,90334,90381
174.877,Received an expired out of sequence packet ,90335,90381
174.877,Received an expired out of sequence packet ,90336,90381
174.877,Received an expired out of sequence packet ,90337,90381
174.877,Received an expired out of sequence packet ,90338,90381
174.877,Received an expired out of sequence packet ,90339,90381
174.877,Received an expired out of sequence packet ,90340,90381
174.877,Received an expired out of sequence packet ,90341,90381
174.877,Received an expired out of sequence packet ,90342,90381
174.878,Received an expired out of sequence packet ,90343,90381
174.881,Received an expired out of sequence packet ,90344,90381
174.881,Received an expired out of sequence packet ,90345,90381
174.881,Received an expired out of sequence packet ,90346,90381
174.881,Received an expired out of sequence packet ,90347,90381
174.881,Received an expired out of sequence packet ,90348,90381
174.881,Received an expired out of sequence packet ,90349,90381
174.881,Received an expired out of sequence packet ,90350,90381
174.884,Received an expired out of sequence packet ,90351,90381
174.884,Received an expired out of sequence packet ,90352,90381
174.884,Received an expired out of sequence packet ,90353,90381
174.884,Received an expired out of sequence packet ,90354,90381
174.89,Received an expired out of sequence packet ,90355,90381
174.89,Received an expired out of sequence packet ,90356,90381
174.89,Received an expired out of sequence packet ,90357,90381
174.89,Received an expired out of sequence packet ,90358,90381
174.892,Received an expired out of sequence packet ,90359,90381
174.892,Received an expired out of sequence packet ,90360,90381
174.892,Received an expired out of sequence packet ,90361,90381
174.892,Received an expired out of sequence packet ,90362,90381
174.892,Received an expired out of sequence packet ,90363,90381
174.892,Received an expired out of sequence packet ,90364,90381
174.892,Received an expired out of sequence packet ,90365,90381
174.892,Received an expired out of sequence packet ,90366,90381
174.896,Received an expired out of sequence packet 