1.27058,Exit slow start,exceeding SS_EXIT_THRESHOLD
7.91883,Timeout
7.91884,clearing sending list because of timeout
7.96574,Received an expired out of sequence packet ,6225,6370
7.96575,Received an expired out of sequence packet ,6226,6370
7.96576,Received an expired out of sequence packet ,6227,6370
7.96577,Received an expired out of sequence packet ,6228,6370
7.96578,Received an expired out of sequence packet ,6229,6370
7.96579,Received an expired out of sequence packet ,6230,6370
7.9658,Received an expired out of sequence packet ,6231,6370
7.96581,Received an expired out of sequence packet ,6232,6370
7.96582,Received an expired out of sequence packet ,6233,6370
7.96584,Received an expired out of sequence packet ,6234,6370
7.96585,Received an expired out of sequence packet ,6235,6370
7.96586,Received an expired out of sequence packet ,6236,6370
7.96587,Received an expired out of sequence packet ,6237,6370
8.00068,Received an expired out of sequence packet ,6238,6370
8.00475,Received an expired out of sequence packet ,6239,6370
8.00477,Received an expired out of sequence packet ,6240,6370
8.00478,Received an expired out of sequence packet ,6241,6370
8.00585,Received an expired out of sequence packet ,6242,6370
8.00587,Received an expired out of sequence packet ,6243,6370
8.00588,Received an expired out of sequence packet ,6244,6370
8.0059,Received an expired out of sequence packet ,6245,6370
8.00591,Received an expired out of sequence packet ,6246,6370
8.00795,Received an expired out of sequence packet ,6247,6370
8.00797,Received an expired out of sequence packet ,6248,6370
8.00798,Received an expired out of sequence packet ,6249,6370
8.00799,Received an expired out of sequence packet ,6250,6370
8.008,Received an expired out of sequence packet ,6251,6370
8.00802,Received an expired out of sequence packet ,6252,6370
8.01106,Received an expired out of sequence packet ,6253,6370
8.01108,Received an expired out of sequence packet ,6254,6370
8.01109,Received an expired out of sequence packet ,6255,6370
8.0111,Received an expired out of sequence packet ,6256,6370
8.01112,Received an expired out of sequence packet ,6257,6370
8.01113,Received an expired out of sequence packet ,6258,6370
8.01114,Received an expired out of sequence packet ,6259,6370
8.01116,Received an expired out of sequence packet ,6260,6370
8.01117,Received an expired out of sequence packet ,6261,6370
8.01118,Received an expired out of sequence packet ,6262,6370
8.01119,Received an expired out of sequence packet ,6263,6370
8.01121,Received an expired out of sequence packet ,6264,6370
8.01122,Received an expired out of sequence packet ,6265,6370
8.08377,Received an expired out of sequence packet ,6266,6370
8.08379,Received an expired out of sequence packet ,6267,6370
8.08484,Received an expired out of sequence packet ,6268,6370
8.08486,Received an expired out of sequence packet ,6269,6370
8.08691,Received an expired out of sequence packet ,6270,6370
8.09102,Received an expired out of sequence packet ,6271,6370
8.09104,Received an expired out of sequence packet ,6272,6370
8.09106,Received an expired out of sequence packet ,6273,6370
8.09108,Received an expired out of sequence packet ,6274,6370
8.0911,Received an expired out of sequence packet ,6275,6370
8.09111,Received an expired out of sequence packet ,6276,6370
8.09516,Received an expired out of sequence packet ,6277,6370
8.09518,Received an expired out of sequence packet ,6278,6370
8.0952,Received an expired out of sequence packet ,6279,6370
8.09522,Received an expired out of sequence packet ,6280,6370
8.09524,Received an expired out of sequence packet ,6281,6370
8.09525,Received an expired out of sequence packet ,6282,6370
8.09527,Received an expired out of sequence packet ,6283,6370
8.09529,Received an expired out of sequence packet ,6284,6370
8.09531,Received an expired out of sequence packet ,6285,6370
8.09532,Received an expired out of sequence packet ,6286,6370
8.09534,Received an expired out of sequence packet ,6287,6370
8.09536,Received an expired out of sequence packet ,6288,6370
8.09833,Received an expired out of sequence packet ,6289,6370
8.09834,Received an expired out of sequence packet ,6290,6370
8.09836,Received an expired out of sequence packet ,6291,6370
8.09838,Received an expired out of sequence packet ,6292,6370
8.0984,Received an expired out of sequence packet ,6293,6370
8.09841,Received an expired out of sequence packet ,6294,6370
8.09844,Received an expired out of sequence packet ,6295,6370
8.09845,Received an expired out of sequence packet ,6296,6370
8.09847,Received an expired out of sequence packet ,6297,6370
8.09849,Received an expired out of sequence packet ,6298,6370
8.09851,Received an expired out of sequence packet ,6299,6370
8.09852,Received an expired out of sequence packet ,6300,6370
8.09854,Received an expired out of sequence packet ,6301,6370
8.09859,Received an expired out of sequence packet ,6302,6370
8.09862,Received an expired out of sequence packet ,6303,6370
8.09863,Received an expired out of sequence packet ,6304,6370
8.09865,Received an expired out of sequence packet ,6305,6370
8.10052,Received an expired out of sequence packet ,6306,6370
8.10053,Received an expired out of sequence packet ,6307,6370
8.10055,Received an expired out of sequence packet ,6308,6370
8.10058,Received an expired out of sequence packet ,6309,6370
8.1006,Received an expired out of sequence packet ,6310,6370
8.10061,Received an expired out of sequence packet ,6311,6370
8.10064,Received an expired out of sequence packet ,6312,6370
8.10065,Received an expired out of sequence packet ,6313,6370
8.10067,Received an expired out of sequence packet ,6314,6370
8.10069,Received an expired out of sequence packet ,6315,6370
8.10071,Received an expired out of sequence packet ,6316,6370
8.10072,Received an expired out of sequence packet ,6317,6370
8.10074,Received an expired out of sequence packet ,6318,6370
8.10076,Received an expired out of sequence packet ,6319,6370
8.10078,Received an expired out of sequence packet ,6320,6370
8.10079,Received an expired out of sequence packet ,6321,6370
8.13336,Received an expired out of sequence packet ,6322,6370
8.13339,Received an expired out of sequence packet ,6323,6370
8.13341,Received an expired out of sequence packet ,6324,6370
8.13344,Received an expired out of sequence packet ,6325,6370
8.13346,Received an expired out of sequence packet ,6326,6370
8.1418,Received an expired out of sequence packet ,6327,6370
8.14182,Received an expired out of sequence packet ,6328,6370
8.14184,Received an expired out of sequence packet ,6329,6370
8.14186,Received an expired out of sequence packet ,6330,6370
8.14764,Received an expired out of sequence packet ,6331,6370
8.14766,Received an expired out of sequence packet ,6332,6370
8.1487,Received an expired out of sequence packet ,6333,6370
8.14872,Received an expired out of sequence packet ,6334,6370
8.14875,Received an expired out of sequence packet ,6335,6370
8.15387,Received an expired out of sequence packet ,6336,6370
8.1539,Received an expired out of sequence packet ,6337,6370
8.15392,Received an expired out of sequence packet ,6338,6370
8.15574,Received an expired out of sequence packet ,6339,6370
8.15577,Received an expired out of sequence packet ,6340,6370
8.15579,Received an expired out of sequence packet ,6341,6370
8.15582,Received an expired out of sequence packet ,6342,6370
8.15584,Received an expired out of sequence packet ,6343,6370
8.15586,Received an expired out of sequence packet ,6344,6370
8.15588,Received an expired out of sequence packet ,6345,6370
8.1559,Received an expired out of sequence packet ,6346,6370
8.15592,Received an expired out of sequence packet ,6347,6370
8.15594,Received an expired out of sequence packet ,6348,6370
8.15597,Received an expired out of sequence packet ,6349,6370
8.15599,Received an expired out of sequence packet ,6350,6370
8.15601,Received an expired out of sequence packet ,6351,6370
8.15603,Received an expired out of sequence packet ,6352,6370
8.15605,Received an expired out of sequence packet ,6353,6370
8.15607,Received an expired out of sequence packet ,6354,6370
8.15609,Received an expired out of sequence packet ,6355,6370
8.15691,Received an expired out of sequence packet ,6356,6370
8.15693,Received an expired out of sequence packet ,6357,6370
8.15695,Received an expired out of sequence packet ,6358,6370
8.15697,Received an expired out of sequence packet ,6359,6370
8.15699,Received an expired out of sequence packet ,6360,6370
8.15701,Received an expired out of sequence packet ,6361,6370
8.15704,Received an expired out of sequence packet ,6362,6370
8.15706,Received an expired out of sequence packet ,6363,6370
8.15708,Received an expired out of sequence packet ,6364,6370
8.1571,Received an expired out of sequence packet ,6365,6370
8.15712,Received an expired out of sequence packet ,6366,6370
8.15714,Received an expired out of sequence packet ,6367,6370
8.15716,Received an expired out of sequence packet ,6368,6370
8.15719,Received an expired out of sequence packet ,6369,6370
14.3229,Restart,can't map delay on delay curve
15.4691,Exit slow start,exceeding SS_EXIT_THRESHOLD
36.9156,Timeout
36.9156,clearing sending list because of timeout
36.9318,Received an expired out of sequence packet ,21149,21170
36.9318,Received an expired out of sequence packet ,21150,21170
36.9318,Received an expired out of sequence packet ,21151,21170
36.9318,Received an expired out of sequence packet ,21152,21170
37.0658,Received an expired out of sequence packet ,21153,21170
37.069,Received an expired out of sequence packet ,21154,21170
37.069,Received an expired out of sequence packet ,21155,21170
37.069,Received an expired out of sequence packet ,21156,21170
37.069,Received an expired out of sequence packet ,21157,21170
37.069,Received an expired out of sequence packet ,21158,21170
37.0701,Received an expired out of sequence packet ,21159,21170
37.0701,Received an expired out of sequence packet ,21160,21170
37.0733,Received an expired out of sequence packet ,21161,21170
37.0733,Received an expired out of sequence packet ,21162,21170
37.0733,Received an expired out of sequence packet ,21163,21170
37.0733,Received an expired out of sequence packet ,21164,21170
37.0733,Received an expired out of sequence packet ,21165,21170
37.0733,Received an expired out of sequence packet ,21166,21170
37.0734,Received an expired out of sequence packet ,21167,21170
37.0734,Received an expired out of sequence packet ,21168,21170
37.0734,Received an expired out of sequence packet ,21169,21170
171.877,Timeout
171.877,clearing sending list because of timeout
172.145,Timeout
172.145,clearing sending list because of timeout
172.413,Timeout
172.413,clearing sending list because of timeout
172.667,Received an expired out of sequence packet ,97183,97408
172.667,Received an expired out of sequence packet ,97184,97408
172.855,Received an expired out of sequence packet ,97185,97408
172.858,Received an expired out of sequence packet ,97186,97408
172.858,Received an expired out of sequence packet ,97187,97408
172.863,Received an expired out of sequence packet ,97188,97408
172.863,Received an expired out of sequence packet ,97189,97408
172.863,Received an expired out of sequence packet ,97190,97408
172.863,Received an expired out of sequence packet ,97191,97408
172.863,Received an expired out of sequence packet ,97192,97408
172.865,Received an expired out of sequence packet ,97193,97408
172.865,Received an expired out of sequence packet ,97194,97408
172.865,Received an expired out of sequence packet ,97195,97408
172.865,Received an expired out of sequence packet ,97196,97408
172.872,Received an expired out of sequence packet ,97197,97408
172.872,Received an expired out of sequence packet ,97198,97408
172.872,Received an expired out of sequence packet ,97199,97408
172.872,Received an expired out of sequence packet ,97200,97408
172.881,Received an expired out of sequence packet ,97201,97408
172.885,Received an expired out of sequence packet ,97202,97408
172.885,Received an expired out of sequence packet ,97203,97408
172.885,Received an expired out of sequence packet ,97204,97408
172.886,Received an expired out of sequence packet ,97205,97408
172.886,Received an expired out of sequence packet ,97206,97408
172.889,Received an expired out of sequence packet ,97207,97408
172.889,Received an expired out of sequence packet ,97208,97408
172.889,Received an expired out of sequence packet ,97209,97408
172.889,Received an expired out of sequence packet ,97210,97408
172.889,Received an expired out of sequence packet ,97211,97408
172.955,Received an expired out of sequence packet ,97212,97408
172.955,Received an expired out of sequence packet ,97213,97408
172.955,Received an expired out of sequence packet ,97214,97408
172.957,Received an expired out of sequence packet ,97215,97408
172.962,Received an expired out of sequence packet ,97216,97408
172.965,Received an expired out of sequence packet ,97217,97408
172.965,Received an expired out of sequence packet ,97218,97408
172.973,Received an expired out of sequence packet ,97219,97408
172.976,Received an expired out of sequence packet ,97220,97408
172.976,Received an expired out of sequence packet ,97221,97408
172.976,Received an expired out of sequence packet ,97222,97408
172.976,Received an expired out of sequence packet ,97223,97408
172.978,Received an expired out of sequence packet ,97224,97408
172.978,Received an expired out of sequence packet ,97225,97408
172.978,Received an expired out of sequence packet ,97226,97408
172.987,Received an expired out of sequence packet ,97227,97408
172.987,Received an expired out of sequence packet ,97228,97408
172.987,Received an expired out of sequence packet ,97229,97408
172.987,Received an expired out of sequence packet ,97230,97408
172.99,Received an expired out of sequence packet ,97231,97408
172.99,Received an expired out of sequence packet ,97232,97408
173.003,Received an expired out of sequence packet ,97233,97408
173.003,Received an expired out of sequence packet ,97234,97408
173.003,Received an expired out of sequence packet ,97235,97408
173.003,Received an expired out of sequence packet ,97236,97408
173.006,Received an expired out of sequence packet ,97237,97408
173.01,Received an expired out of sequence packet ,97238,97408
173.01,Received an expired out of sequence packet ,97239,97408
173.01,Received an expired out of sequence packet ,97240,97408
173.01,Received an expired out of sequence packet ,97241,97408
173.018,Received an expired out of sequence packet ,97242,97408
173.018,Received an expired out of sequence packet ,97243,97408
173.018,Received an expired out of sequence packet ,97244,97408
173.02,Received an expired out of sequence packet ,97245,97408
173.023,Received an expired out of sequence packet ,97246,97408
173.023,Received an expired out of sequence packet ,97247,97408
173.023,Received an expired out of sequence packet ,97248,97408
173.026,Received an expired out of sequence packet ,97249,97408
173.026,Received an expired out of sequence packet ,97250,97408
173.026,Received an expired out of sequence packet ,97251,97408
173.026,Received an expired out of sequence packet ,97252,97408
173.026,Received an expired out of sequence packet ,97253,97408
173.026,Received an expired out of sequence packet ,97254,97408
173.03,Received an expired out of sequence packet ,97255,97408
173.031,Received an expired out of sequence packet ,97256,97408
173.034,Received an expired out of sequence packet ,97257,97408
173.034,Received an expired out of sequence packet ,97258,97408
173.038,Received an expired out of sequence packet ,97259,97408
173.038,Received an expired out of sequence packet ,97260,97408
173.038,Received an expired out of sequence packet ,97261,97408
173.041,Received an expired out of sequence packet ,97262,97408
173.041,Received an expired out of sequence packet ,97263,97408
173.042,Received an expired out of sequence packet ,97264,97408
173.042,Received an expired out of sequence packet ,97265,97408
173.042,Received an expired out of sequence packet ,97266,97408
173.045,Received an expired out of sequence packet ,97267,97408
173.045,Received an expired out of sequence packet ,97268,97408
173.045,Received an expired out of sequence packet ,97269,97408
173.045,Received an expired out of sequence packet ,97270,97408
173.05,Received an expired out of sequence packet ,97271,97408
173.05,Received an expired out of sequence packet ,97272,97408
173.05,Received an expired out of sequence packet ,97273,97408
173.051,Received an expired out of sequence packet ,97274,97408
173.055,Received an expired out of sequence packet ,97275,97408
173.055,Received an expired out of sequence packet ,97276,97408
173.055,Received an expired out of sequence packet ,97277,97408
173.056,Received an expired out of sequence packet ,97278,97408
173.056,Received an expired out of sequence packet ,97279,97408
173.059,Received an expired out of sequence packet ,97280,97408
173.059,Received an expired out of sequence packet ,97281,97408
173.063,Received an expired out of sequence packet ,97282,97408
173.063,Received an expired out of sequence packet ,97283,97408
173.07,Received an expired out of sequence packet ,97284,97408
173.07,Received an expired out of sequence packet ,97285,97408
173.075,Received an expired out of sequence packet ,97286,97408
173.075,Received an expired out of sequence packet ,97287,97408
173.075,Received an expired out of sequence packet ,97288,97408
173.075,Received an expired out of sequence packet ,97289,97408
173.075,Received an expired out of sequence packet ,97290,97408
173.076,Received an expired out of sequence packet ,97291,97408
173.076,Received an expired out of sequence packet ,97292,97408
173.076,Received an expired out of sequence packet ,97293,97408
173.076,Received an expired out of sequence packet ,97294,97408
173.076,Received an expired out of sequence packet ,97295,97408
173.076,Received an expired out of sequence packet ,97296,97408
173.077,Received an expired out of sequence packet ,97297,97408
173.083,Received an expired out of sequence packet ,97298,97408
173.084,Received an expired out of sequence packet ,97299,97408
173.084,Received an expired out of sequence packet ,97300,97408
173.084,Received an expired out of sequence packet ,97301,97408
173.091,Received an expired out of sequence packet ,97302,97408
173.091,Received an expired out of sequence packet ,97303,97408
173.095,Received an expired out of sequence packet ,97304,97408
173.095,Received an expired out of sequence packet ,97305,97408
173.095,Received an expired out of sequence packet ,97306,97408
173.095,Received an expired out of sequence packet ,97307,97408
173.095,Received an expired out of sequence packet ,97308,97408
173.095,Received an expired out of sequence packet ,97309,97408
173.095,Received an expired out of sequence packet ,97310,97408
173.095,Received an expired out of sequence packet ,97311,97408
173.105,Received an expired out of sequence packet ,97312,97408
173.105,Received an expired out of sequence packet ,97313,97408
173.105,Received an expired out of sequence packet ,97314,97408
173.106,Received an expired out of sequence packet ,97315,97408
173.106,Received an expired out of sequence packet ,97316,97408
173.106,Received an expired out of sequence packet ,97317,97408
173.106,Received an expired out of sequence packet ,97318,97408
173.106,Received an expired out of sequence packet ,97319,97408
173.106,Received an expired out of sequence packet ,97320,97408
173.106,Received an expired out of sequence packet ,97321,97408
173.106,Received an expired out of sequence packet ,97322,97408
173.106,Received an expired out of sequence packet ,97323,97408
173.113,Received an expired out of sequence packet ,97324,97408
173.113,Received an expired out of sequence packet ,97325,97408
173.113,Received an expired out of sequence packet ,97326,97408
173.115,Received an expired out of sequence packet ,97327,97408
173.115,Received an expired out of sequence packet ,97328,97408
173.115,Received an expired out of sequence packet ,97329,97408
173.115,Received an expired out of sequence packet ,97330,97408
173.115,Received an expired out of sequence packet ,97331,97408
173.115,Received an expired out of sequence packet ,97332,97408
173.115,Received an expired out of sequence packet ,97333,97408
173.115,Received an expired out of sequence packet ,97334,97408
173.125,Received an expired out of sequence packet ,97335,97408
173.125,Received an expired out of sequence packet ,97336,97408
173.125,Received an expired out of sequence packet ,97337,97408
173.125,Received an expired out of sequence packet ,97338,97408
173.129,Received an expired out of sequence packet ,97339,97408
173.129,Received an expired out of sequence packet ,97340,97408
173.129,Received an expired out of sequence packet ,97341,97408
173.129,Received an expired out of sequence packet ,97342,97408
173.13,Received an expired out of sequence packet ,97343,97408
173.13,Received an expired out of sequence packet ,97344,97408
173.13,Received an expired out of sequence packet ,97345,97408
173.136,Received an expired out of sequence packet ,97346,97408
173.136,Received an expired out of sequence packet ,97347,97408
173.136,Received an expired out of sequence packet ,97348,97408
173.136,Received an expired out of sequence packet ,97349,97408
173.136,Received an expired out of sequence packet ,97350,97408
173.136,Received an expired out of sequence packet ,97351,97408
173.139,Received an expired out of sequence packet ,97352,97408
173.139,Received an expired out of sequence packet ,97353,97408
173.139,Received an expired out of sequence packet ,97354,97408
173.14,Received an expired out of sequence packet ,97355,97408
173.14,Received an expired out of sequence packet ,97356,97408
173.145,Received an expired out of sequence packet ,97357,97408
173.149,Received an expired out of sequence packet ,97358,97408
173.149,Received an expired out of sequence packet ,97359,97408
173.153,Received an expired out of sequence packet ,97360,97408
173.153,Received an expired out of sequence packet ,97361,97408
173.153,Received an expired out of sequence packet ,97362,97408
173.153,Received an expired out of sequence packet ,97363,97408
173.153,Received an expired out of sequence packet ,97364,97408
173.153,Received an expired out of sequence packet ,97365,97408
173.153,Received an expired out of sequence packet ,97366,97408
173.161,Received an expired out of sequence packet ,97367,97408
173.165,Received an expired out of sequence packet ,97368,97408
173.17,Received an expired out of sequence packet ,97369,97408
173.17,Received an expired out of sequence packet ,97370,97408
173.171,Received an expired out of sequence packet ,97371,97408
173.171,Received an expired out of sequence packet ,97372,97408
173.171,Received an expired out of sequence packet ,97373,97408
173.171,Received an expired out of sequence packet ,97374,97408
173.174,Received an expired out of sequence packet ,97375,97408
173.174,Received an expired out of sequence packet ,97376,97408
173.179,Received an expired out of sequence packet ,97377,97408
173.179,Received an expired out of sequence packet ,97378,97408
173.179,Received an expired out of sequence packet ,97379,97408
173.179,Received an expired out of sequence packet ,97380,97408
173.179,Received an expired out of sequence packet ,97381,97408
173.18,Received an expired out of sequence packet ,97382,97408
173.181,Received an expired out of sequence packet ,97383,97408
173.185,Received an expired out of sequence packet ,97384,97408
173.185,Received an expired out of sequence packet ,97385,97408
173.185,Received an expired out of sequence packet ,97386,97408
173.185,Received an expired out of sequence packet ,97387,97408
173.188,Received an expired out of sequence packet ,97388,97408
173.188,Received an expired out of sequence packet ,97389,97408
173.188,Received an expired out of sequence packet ,97390,97408
173.193,Received an expired out of sequence packet ,97391,97408
173.193,Received an expired out of sequence packet ,97392,97408
173.193,Received an expired out of sequence packet ,97393,97408
173.193,Received an expired out of sequence packet ,97394,97408
173.193,Received an expired out of sequence packet ,97395,97408
173.202,Received an expired out of sequence packet ,97396,97408
173.202,Received an expired out of sequence packet ,97397,97408
173.203,Received an expired out of sequence packet ,97398,97408
173.203,Received an expired out of sequence packet ,97399,97408
173.203,Received an expired out of sequence packet ,97400,97408
173.203,Received an expired out of sequence packet ,97401,97408
173.203,Received an expired out of sequence packet ,97402,97408
173.203,Received an expired out of sequence packet ,97403,97408
173.247,Received an expired out of sequence packet ,97404,97408
173.247,Received an expired out of sequence packet ,97405,97408
173.248,Received an expired out of sequence packet ,97406,97408
173.248,Received an expired out of sequence packet ,97407,97408
187.219,Timeout
187.219,clearing sending list because of timeout
187.243,Received an expired out of sequence packet ,104565,104582
187.243,Received an expired out of sequence packet ,104566,104582
187.256,Received an expired out of sequence packet ,104567,104582
187.256,Received an expired out of sequence packet ,104568,104582
187.256,Received an expired out of sequence packet ,104569,104582
187.256,Received an expired out of sequence packet ,104570,104582
187.256,Received an expired out of sequence packet ,104571,104582
187.256,Received an expired out of sequence packet ,104572,104582
187.256,Received an expired out of sequence packet ,104573,104582
187.256,Received an expired out of sequence packet ,104574,104582
187.256,Received an expired out of sequence packet ,104575,104582
187.256,Received an expired out of sequence packet ,104576,104582
187.256,Received an expired out of sequence packet ,104577,104582
187.256,Received an expired out of sequence packet ,104578,104582
187.256,Received an expired out of sequence packet ,104579,104582
187.256,Received an expired out of sequence packet ,104580,104582
187.256,Received an expired out of sequence packet ,104581,104582
187.504,Timeout
187.504,clearing sending list because of timeout
187.511,Received an expired out of sequence packet ,104585,104590
187.511,Received an expired out of sequence packet ,104586,104590
187.511,Received an expired out of sequence packet ,104587,104590
187.511,Received an expired out of sequence packet ,104588,104590
187.515,Received an expired out of sequence packet ,104589,104590
188.052,Timeout
188.052,clearing sending list because of timeout
188.154,Received an expired out of sequence packet ,104603,104619
188.157,Received an expired out of sequence packet ,104604,104619
188.157,Received an expired out of sequence packet ,104605,104619
188.165,Received an expired out of sequence packet ,104606,104619
188.165,Received an expired out of sequence packet ,104607,104619
188.165,Received an expired out of sequence packet ,104608,104619
188.165,Received an expired out of sequence packet ,104609,104619
188.175,Received an expired out of sequence packet ,104610,104619
188.175,Received an expired out of sequence packet ,104611,104619
188.177,Received an expired out of sequence packet ,104612,104619
188.177,Received an expired out of sequence packet ,104613,104619
188.177,Received an expired out of sequence packet ,104614,104619
188.177,Received an expired out of sequence packet ,104615,104619
188.177,Received an expired out of sequence packet ,104616,104619
188.191,Received an expired out of sequence packet ,104617,104619
188.191,Received an expired out of sequence packet ,104618,104619
191.812,Timeout
191.812,clearing sending list because of timeout
192.035,Received an expired out of sequence packet ,105355,105427
192.045,Received an expired out of sequence packet ,105356,105427
192.045,Received an expired out of sequence packet ,105357,105427
192.045,Received an expired out of sequence packet ,105358,105427
192.045,Received an expired out of sequence packet ,105359,105427
192.045,Received an expired out of sequence packet ,105360,105427
192.048,Received an expired out of sequence packet ,105361,105427
192.048,Received an expired out of sequence packet ,105362,105427
192.048,Received an expired out of sequence packet ,105363,105427
192.048,Received an expired out of sequence packet ,105364,105427
192.049,Received an expired out of sequence packet ,105365,105427
192.049,Received an expired out of sequence packet ,105366,105427
192.049,Received an expired out of sequence packet ,105367,105427
192.049,Received an expired out of sequence packet ,105368,105427
192.049,Received an expired out of sequence packet ,105369,105427
192.05,Received an expired out of sequence packet ,105370,105427
192.05,Received an expired out of sequence packet ,105371,105427
192.05,Received an expired out of sequence packet ,105372,105427
192.05,Received an expired out of sequence packet ,105373,105427
192.05,Received an expired out of sequence packet ,105374,105427
192.05,Received an expired out of sequence packet ,105375,105427
192.05,Received an expired out of sequence packet ,105376,105427
192.05,Received an expired out of sequence packet ,105377,105427
192.05,Received an expired out of sequence packet ,105378,105427
192.05,Received an expired out of sequence packet ,105379,105427
192.051,Received an expired out of sequence packet ,105380,105427
192.051,Received an expired out of sequence packet ,105381,105427
192.051,Received an expired out of sequence packet ,105382,105427
192.051,Received an expired out of sequence packet ,105383,105427
192.051,Received an expired out of sequence packet ,105384,105427
192.051,Received an expired out of sequence packet ,105385,105427
192.148,Received an expired out of sequence packet ,105386,105427
192.148,Received an expired out of sequence packet ,105387,105427
192.148,Received an expired out of sequence packet ,105388,105427
192.148,Received an expired out of sequence packet ,105389,105427
192.148,Received an expired out of sequence packet ,105390,105427
192.148,Received an expired out of sequence packet ,105391,105427
192.148,Received an expired out of sequence packet ,105392,105427
192.148,Received an expired out of sequence packet ,105393,105427
192.149,Received an expired out of sequence packet ,105394,105427
192.149,Received an expired out of sequence packet ,105395,105427
192.149,Received an expired out of sequence packet ,105396,105427
192.151,Received an expired out of sequence packet ,105397,105427
192.155,Received an expired out of sequence packet ,105398,105427
192.155,Received an expired out of sequence packet ,105399,105427
192.155,Received an expired out of sequence packet ,105400,105427
192.585,Received an expired out of sequence packet ,105401,105427
192.585,Received an expired out of sequence packet ,105402,105427
192.585,Received an expired out of sequence packet ,105403,105427
192.589,Received an expired out of sequence packet ,105404,105427
192.589,Received an expired out of sequence packet ,105405,105427
192.589,Received an expired out of sequence packet ,105406,105427
192.589,Received an expired out of sequence packet ,105407,105427
192.589,Received an expired out of sequence packet ,105408,105427
192.589,Received an expired out of sequence packet ,105409,105427
192.624,Received an expired out of sequence packet ,105410,105427
192.624,Received an expired out of sequence packet ,105411,105427
192.624,Received an expired out of sequence packet ,105412,105427
192.625,Received an expired out of sequence packet ,105413,105427
192.625,Received an expired out of sequence packet ,105414,105427
192.625,Received an expired out of sequence packet ,105415,105427
192.625,Received an expired out of sequence packet ,105416,105427
192.625,Received an expired out of sequence packet ,105417,105427
192.628,Received an expired out of sequence packet ,105418,105427
192.651,Received an expired out of sequence packet ,105419,105427
192.662,Received an expired out of sequence packet ,105420,105427
192.662,Received an expired out of sequence packet ,105421,105427
192.662,Received an expired out of sequence packet ,105422,105427
192.662,Received an expired out of sequence packet ,105423,105427
192.662,Received an expired out of sequence packet ,105424,105427
192.665,Received an expired out of sequence packet ,105425,105427
192.665,Received an expired out of sequence packet ,105426,105427
194.598,Timeout
194.598,clearing sending list because of timeout
194.696,Received an expired out of sequence packet ,105508,105535
194.696,Received an expired out of sequence packet ,105509,105535
194.696,Received an expired out of sequence packet ,105510,105535
194.696,Received an expired out of sequence packet ,105511,105535
194.696,Received an expired out of sequence packet ,105512,105535
194.696,Received an expired out of sequence packet ,105513,105535
194.696,Received an expired out of sequence packet ,105514,105535
194.709,Received an expired out of sequence packet ,105515,105535
194.709,Received an expired out of sequence packet ,105516,105535
194.709,Received an expired out of sequence packet ,105517,105535
194.709,Received an expired out of sequence packet ,105518,105535
194.709,Received an expired out of sequence packet ,105519,105535
194.709,Received an expired out of sequence packet ,105520,105535
194.709,Received an expired out of sequence packet ,105521,105535
194.709,Received an expired out of sequence packet ,105522,105535
194.71,Received an expired out of sequence packet ,105523,105535
194.715,Received an expired out of sequence packet ,105524,105535
194.718,Received an expired out of sequence packet ,105525,105535
194.722,Received an expired out of sequence packet ,105526,105535
194.731,Received an expired out of sequence packet ,105527,105535
194.731,Received an expired out of sequence packet ,105528,105535
194.731,Received an expired out of sequence packet ,105529,105535
194.731,Received an expired out of sequence packet ,105530,105535
194.734,Received an expired out of sequence packet ,105531,105535
194.734,Received an expired out of sequence packet ,105532,105535
194.734,Received an expired out of sequence packet ,105533,105535
194.734,Received an expired out of sequence packet ,105534,105535
209.573,Restart,can't map delay on delay curve
211.16,Exit slow start,exceeding SS_EXIT_THRESHOLD
214.176,Restart,can't map delay on delay curve
215.42,Exit slow start,exceeding SS_EXIT_THRESHOLD
221.75,Timeout
221.75,clearing sending list because of timeout
221.819,Received an expired out of sequence packet ,2633,2881
221.819,Received an expired out of sequence packet ,2634,2881
221.819,Received an expired out of sequence packet ,2635,2881
221.819,Received an expired out of sequence packet ,2636,2881
221.819,Received an expired out of sequence packet ,2637,2881
221.819,Received an expired out of sequence packet ,2638,2881
221.819,Received an expired out of sequence packet ,2639,2881
221.819,Received an expired out of sequence packet ,2640,2881
221.819,Received an expired out of sequence packet ,2641,2881
221.819,Received an expired out of sequence packet ,2642,2881
221.819,Received an expired out of sequence packet ,2643,2881
221.867,Received an expired out of sequence packet ,2644,2881
221.871,Received an expired out of sequence packet ,2645,2881
221.871,Received an expired out of sequence packet ,2646,2881
221.871,Received an expired out of sequence packet ,2647,2881
221.871,Received an expired out of sequence packet ,2648,2881
221.871,Received an expired out of sequence packet ,2649,2881
221.872,Received an expired out of sequence packet ,2650,2881
221.872,Received an expired out of sequence packet ,2651,2881
221.872,Received an expired out of sequence packet ,2652,2881
221.872,Received an expired out of sequence packet ,2653,2881
221.872,Received an expired out of sequence packet ,2654,2881
221.873,Received an expired out of sequence packet ,2655,2881
221.873,Received an expired out of sequence packet ,2656,2881
221.873,Received an expired out of sequence packet ,2657,2881
221.873,Received an expired out of sequence packet ,2658,2881
221.875,Received an expired out of sequence packet ,2659,2881
221.875,Received an expired out of sequence packet ,2660,2881
221.875,Received an expired out of sequence packet ,2661,2881
221.875,Received an expired out of sequence packet ,2662,2881
221.875,Received an expired out of sequence packet ,2663,2881
221.875,Received an expired out of sequence packet ,2664,2881
221.906,Received an expired out of sequence packet ,2665,2881
221.909,Received an expired out of sequence packet ,2666,2881
221.913,Received an expired out of sequence packet ,2667,2881
221.914,Received an expired out of sequence packet ,2668,2881
221.914,Received an expired out of sequence packet ,2669,2881
221.919,Received an expired out of sequence packet ,2670,2881
221.919,Received an expired out of sequence packet ,2671,2881
221.919,Received an expired out of sequence packet ,2672,2881
221.919,Received an expired out of sequence packet ,2673,2881
221.919,Received an expired out of sequence packet ,2674,2881
221.926,Received an expired out of sequence packet ,2675,2881
221.926,Received an expired out of sequence packet ,2676,2881
221.926,Received an expired out of sequence packet ,2677,2881
221.926,Received an expired out of sequence packet ,2678,2881
221.926,Received an expired out of sequence packet ,2679,2881
221.926,Received an expired out of sequence packet ,2680,2881
221.926,Received an expired out of sequence packet ,2681,2881
221.926,Received an expired out of sequence packet ,2682,2881
221.926,Received an expired out of sequence packet ,2683,2881
221.928,Received an expired out of sequence packet ,2684,2881
221.941,Received an expired out of sequence packet ,2685,2881
221.941,Received an expired out of sequence packet ,2686,2881
221.941,Received an expired out of sequence packet ,2687,2881
221.941,Received an expired out of sequence packet ,2688,2881
221.941,Received an expired out of sequence packet ,2689,2881
221.941,Received an expired out of sequence packet ,2690,2881
221.942,Received an expired out of sequence packet ,2691,2881
221.942,Received an expired out of sequence packet ,2692,2881
221.942,Received an expired out of sequence packet ,2693,2881
221.942,Received an expired out of sequence packet ,2694,2881
221.942,Received an expired out of sequence packet ,2695,2881
221.942,Received an expired out of sequence packet ,2696,2881
221.942,Received an expired out of sequence packet ,2697,2881
221.942,Received an expired out of sequence packet ,2698,2881
221.942,Received an expired out of sequence packet ,2699,2881
221.942,Received an expired out of sequence packet ,2700,2881
221.942,Received an expired out of sequence packet ,2701,2881
221.942,Received an expired out of sequence packet ,2702,2881
221.942,Received an expired out of sequence packet ,2703,2881
221.942,Received an expired out of sequence packet ,2704,2881
221.942,Received an expired out of sequence packet ,2705,2881
221.942,Received an expired out of sequence packet ,2706,2881
221.942,Received an expired out of sequence packet ,2707,2881
221.942,Received an expired out of sequence packet ,2708,2881
221.952,Received an expired out of sequence packet ,2709,2881
221.952,Received an expired out of sequence packet ,2710,2881
221.952,Received an expired out of sequence packet ,2711,2881
221.952,Received an expired out of sequence packet ,2712,2881
221.953,Received an expired out of sequence packet ,2713,2881
221.953,Received an expired out of sequence packet ,2714,2881
221.953,Received an expired out of sequence packet ,2715,2881
221.954,Received an expired out of sequence packet ,2716,2881
221.954,Received an expired out of sequence packet ,2717,2881
221.954,Received an expired out of sequence packet ,2718,2881
221.954,Received an expired out of sequence packet ,2719,2881
221.954,Received an expired out of sequence packet ,2720,2881
221.96,Received an expired out of sequence packet ,2721,2881
221.96,Received an expired out of sequence packet ,2722,2881
221.96,Received an expired out of sequence packet ,2723,2881
221.96,Received an expired out of sequence packet ,2724,2881
221.96,Received an expired out of sequence packet ,2725,2881
221.96,Received an expired out of sequence packet ,2726,2881
221.96,Received an expired out of sequence packet ,2727,2881
221.96,Received an expired out of sequence packet ,2728,2881
221.961,Received an expired out of sequence packet ,2729,2881
221.961,Received an expired out of sequence packet ,2730,2881
221.962,Received an expired out of sequence packet ,2731,2881
221.962,Received an expired out of sequence packet ,2732,2881
221.962,Received an expired out of sequence packet ,2733,2881
221.962,Received an expired out of sequence packet ,2734,2881
221.962,Received an expired out of sequence packet ,2735,2881
221.962,Received an expired out of sequence packet ,2736,2881
221.962,Received an expired out of sequence packet ,2737,2881
221.962,Received an expired out of sequence packet ,2738,2881
221.967,Received an expired out of sequence packet ,2739,2881
221.967,Received an expired out of sequence packet ,2740,2881
221.967,Received an expired out of sequence packet ,2741,2881
221.967,Received an expired out of sequence packet ,2742,2881
221.967,Received an expired out of sequence packet ,2743,2881
221.967,Received an expired out of sequence packet ,2744,2881
221.967,Received an expired out of sequence packet ,2745,2881
221.968,Received an expired out of sequence packet ,2746,2881
221.968,Received an expired out of sequence packet ,2747,2881
221.968,Received an expired out of sequence packet ,2748,2881
221.968,Received an expired out of sequence packet ,2749,2881
221.971,Received an expired out of sequence packet ,2750,2881
221.971,Received an expired out of sequence packet ,2751,2881
221.971,Received an expired out of sequence packet ,2752,2881
221.971,Received an expired out of sequence packet ,2753,2881
221.971,Received an expired out of sequence packet ,2754,2881
221.971,Received an expired out of sequence packet ,2755,2881
221.971,Received an expired out of sequence packet ,2756,2881
221.971,Received an expired out of sequence packet ,2757,2881
221.971,Received an expired out of sequence packet ,2758,2881
221.971,Received an expired out of sequence packet ,2759,2881
221.971,Received an expired out of sequence packet ,2760,2881
221.972,Received an expired out of sequence packet ,2761,2881
221.972,Received an expired out of sequence packet ,2762,2881
221.972,Received an expired out of sequence packet ,2763,2881
221.972,Received an expired out of sequence packet ,2764,2881
221.972,Received an expired out of sequence packet ,2765,2881
221.972,Received an expired out of sequence packet ,2766,2881
221.975,Received an expired out of sequence packet ,2767,2881
221.975,Received an expired out of sequence packet ,2768,2881
221.976,Received an expired out of sequence packet ,2769,2881
221.976,Received an expired out of sequence packet ,2770,2881
221.976,Received an expired out of sequence packet ,2771,2881
221.976,Received an expired out of sequence packet ,2772,2881
221.976,Received an expired out of sequence packet ,2773,2881
221.976,Received an expired out of sequence packet ,2774,2881
221.976,Received an expired out of sequence packet ,2775,2881
221.976,Received an expired out of sequence packet ,2776,2881
221.976,Received an expired out of sequence packet ,2777,2881
221.976,Received an expired out of sequence packet ,2778,2881
221.98,Received an expired out of sequence packet ,2779,2881
221.98,Received an expired out of sequence packet ,2780,2881
221.98,Received an expired out of sequence packet ,2781,2881
221.98,Received an expired out of sequence packet ,2782,2881
221.99,Received an expired out of sequence packet ,2783,2881
221.99,Received an expired out of sequence packet ,2784,2881
221.99,Received an expired out of sequence packet ,2785,2881
221.99,Received an expired out of sequence packet ,2786,2881
221.99,Received an expired out of sequence packet ,2787,2881
221.99,Received an expired out of sequence packet ,2788,2881
221.99,Received an expired out of sequence packet ,2789,2881
221.99,Received an expired out of sequence packet ,2790,2881
221.99,Received an expired out of sequence packet ,2791,2881
221.99,Received an expired out of sequence packet ,2792,2881
221.99,Received an expired out of sequence packet ,2793,2881
221.99,Received an expired out of sequence packet ,2794,2881
221.99,Received an expired out of sequence packet ,2795,2881
221.99,Received an expired out of sequence packet ,2796,2881
221.99,Received an expired out of sequence packet ,2797,2881
221.994,Received an expired out of sequence packet ,2798,2881
221.999,Received an expired out of sequence packet ,2799,2881
221.999,Received an expired out of sequence packet ,2800,2881
221.999,Received an expired out of sequence packet ,2801,2881
221.999,Received an expired out of sequence packet ,2802,2881
221.999,Received an expired out of sequence packet ,2803,2881
222,Received an expired out of sequence packet ,2804,2881
222.001,Received an expired out of sequence packet ,2805,2881
222.001,Received an expired out of sequence packet ,2806,2881
222.005,Received an expired out of sequence packet ,2807,2881
222.007,Received an expired out of sequence packet ,2808,2881
222.007,Received an expired out of sequence packet ,2809,2881
222.007,Received an expired out of sequence packet ,2810,2881
222.007,Received an expired out of sequence packet ,2811,2881
222.007,Received an expired out of sequence packet ,2812,2881
222.008,Received an expired out of sequence packet ,2813,2881
222.008,Received an expired out of sequence packet ,2814,2881
222.008,Received an expired out of sequence packet ,2815,2881
222.008,Received an expired out of sequence packet ,2816,2881
222.008,Received an expired out of sequence packet ,2817,2881
222.008,Received an expired out of sequence packet ,2818,2881
222.008,Received an expired out of sequence packet ,2819,2881
222.008,Received an expired out of sequence packet ,2820,2881
222.008,Received an expired out of sequence packet ,2821,2881
222.008,Received an expired out of sequence packet ,2822,2881
222.008,Received an expired out of sequence packet ,2823,2881
222.008,Received an expired out of sequence packet ,2824,2881
222.008,Received an expired out of sequence packet ,2825,2881
222.008,Received an expired out of sequence packet ,2826,2881
222.008,Received an expired out of sequence packet ,2827,2881
222.008,Received an expired out of sequence packet ,2828,2881
222.008,Received an expired out of sequence packet ,2829,2881
222.008,Received an expired out of sequence packet ,2830,2881
222.008,Received an expired out of sequence packet ,2831,2881
222.008,Received an expired out of sequence packet ,2832,2881
222.008,Received an expired out of sequence packet ,2833,2881
222.008,Received an expired out of sequence packet ,2834,2881
222.008,Received an expired out of sequence packet ,2835,2881
222.008,Received an expired out of sequence packet ,2836,2881
222.008,Received an expired out of sequence packet ,2837,2881
222.008,Received an expired out of sequence packet ,2838,2881
222.008,Received an expired out of sequence packet ,2839,2881
222.014,Received an expired out of sequence packet ,2840,2881
222.014,Received an expired out of sequence packet ,2841,2881
222.014,Received an expired out of sequence packet ,2842,2881
222.02,Received an expired out of sequence packet ,2843,2881
222.02,Received an expired out of sequence packet ,2844,2881
222.02,Received an expired out of sequence packet ,2845,2881
222.02,Received an expired out of sequence packet ,2846,2881
222.02,Received an expired out of sequence packet ,2847,2881
222.021,Received an expired out of sequence packet ,2848,2881
222.021,Received an expired out of sequence packet ,2849,2881
222.021,Received an expired out of sequence packet ,2850,2881
222.021,Received an expired out of sequence packet ,2851,2881
222.021,Received an expired out of sequence packet ,2852,2881
222.021,Received an expired out of sequence packet ,2853,2881
222.021,Received an expired out of sequence packet ,2854,2881
222.021,Received an expired out of sequence packet ,2855,2881
222.021,Received an expired out of sequence packet ,2856,2881
222.021,Received an expired out of sequence packet ,2857,2881
222.021,Received an expired out of sequence packet ,2858,2881
222.021,Received an expired out of sequence packet ,2859,2881
222.022,Received an expired out of sequence packet ,2860,2881
222.022,Received an expired out of sequence packet ,2861,2881
222.022,Received an expired out of sequence packet ,2862,2881
222.024,Received an expired out of sequence packet ,2863,2881
222.024,Received an expired out of sequence packet ,2864,2881
222.024,Received an expired out of sequence packet ,2865,2881
222.026,Received an expired out of sequence packet ,2866,2881
222.026,Received an expired out of sequence packet ,2867,2881
222.026,Received an expired out of sequence packet ,2868,2881
222.026,Received an expired out of sequence packet ,2869,2881
222.026,Received an expired out of sequence packet ,2870,2881
222.026,Received an expired out of sequence packet ,2871,2881
222.026,Received an expired out of sequence packet ,2872,2881
222.026,Received an expired out of sequence packet ,2873,2881
222.027,Received an expired out of sequence packet ,2874,2881
222.027,Received an expired out of sequence packet ,2875,2881
222.027,Received an expired out of sequence packet ,2876,2881
222.027,Received an expired out of sequence packet ,2877,2881
222.027,Received an expired out of sequence packet ,2878,2881
222.027,Received an expired out of sequence packet ,2879,2881
222.027,Received an expired out of sequence packet ,2880,2881
251.265,Restart,can't map delay on delay curve
252.725,Exit slow start,exceeding SS_EXIT_THRESHOLD
279.343,Timeout
279.343,clearing sending list because of timeout
279.384,Received an expired out of sequence packet ,11460,11608
279.384,Received an expired out of sequence packet ,11461,11608
279.505,Received an expired out of sequence packet ,11462,11608
279.509,Received an expired out of sequence packet ,11463,11608
279.509,Received an expired out of sequence packet ,11464,11608
279.512,Received an expired out of sequence packet ,11465,11608
279.512,Received an expired out of sequence packet ,11466,11608
279.516,Received an expired out of sequence packet ,11467,11608
279.516,Received an expired out of sequence packet ,11468,11608
279.518,Received an expired out of sequence packet ,11469,11608
279.518,Received an expired out of sequence packet ,11470,11608
279.521,Received an expired out of sequence packet ,11471,11608
279.525,Received an expired out of sequence packet ,11472,11608
279.525,Received an expired out of sequence packet ,11473,11608
279.525,Received an expired out of sequence packet ,11474,11608
279.527,Received an expired out of sequence packet ,11475,11608
279.527,Received an expired out of sequence packet ,11476,11608
279.528,Received an expired out of sequence packet ,11477,11608
279.565,Received an expired out of sequence packet ,11478,11608
279.572,Received an expired out of sequence packet ,11479,11608
279.573,Received an expired out of sequence packet ,11480,11608
279.576,Received an expired out of sequence packet ,11481,11608
279.579,Received an expired out of sequence packet ,11482,11608
279.579,Received an expired out of sequence packet ,11483,11608
279.58,Received an expired out of sequence packet ,11484,11608
279.58,Received an expired out of sequence packet ,11485,11608
279.581,Received an expired out of sequence packet ,11486,11608
279.584,Received an expired out of sequence packet ,11487,11608
279.588,Received an expired out of sequence packet ,11488,11608
279.588,Received an expired out of sequence packet ,11489,11608
279.59,Received an expired out of sequence packet ,11490,11608
279.591,Received an expired out of sequence packet ,11491,11608
279.591,Received an expired out of sequence packet ,11492,11608
279.593,Received an expired out of sequence packet ,11493,11608
279.594,Received an expired out of sequence packet ,11494,11608
279.596,Received an expired out of sequence packet ,11495,11608
279.596,Received an expired out of sequence packet ,11496,11608
279.596,Received an expired out of sequence packet ,11497,11608
279.6,Received an expired out of sequence packet ,11498,11608
279.6,Received an expired out of sequence packet ,11499,11608
279.743,Received an expired out of sequence packet ,11500,11608
279.751,Received an expired out of sequence packet ,11501,11608
279.754,Received an expired out of sequence packet ,11502,11608
279.757,Received an expired out of sequence packet ,11503,11608
279.757,Received an expired out of sequence packet ,11504,11608
279.758,Received an expired out of sequence packet ,11505,11608
279.761,Received an expired out of sequence packet ,11506,11608
279.761,Received an expired out of sequence packet ,11507,11608
279.761,Received an expired out of sequence packet ,11508,11608
279.764,Received an expired out of sequence packet ,11509,11608
279.764,Received an expired out of sequence packet ,11510,11608
279.764,Received an expired out of sequence packet ,11511,11608
279.764,Received an expired out of sequence packet ,11512,11608
279.768,Received an expired out of sequence packet ,11513,11608
279.768,Received an expired out of sequence packet ,11514,11608
279.77,Received an expired out of sequence packet ,11515,11608
279.77,Received an expired out of sequence packet ,11516,11608
279.77,Received an expired out of sequence packet ,11517,11608
279.77,Received an expired out of sequence packet ,11518,11608
279.775,Received an expired out of sequence packet ,11519,11608
279.775,Received an expired out of sequence packet ,11520,11608
279.775,Received an expired out of sequence packet ,11521,11608
279.777,Received an expired out of sequence packet ,11522,11608
279.777,Received an expired out of sequence packet ,11523,11608
279.777,Received an expired out of sequence packet ,11524,11608
279.781,Received an expired out of sequence packet ,11525,11608
279.781,Received an expired out of sequence packet ,11526,11608
279.781,Received an expired out of sequence packet ,11527,11608
279.781,Received an expired out of sequence packet ,11528,11608
279.784,Received an expired out of sequence packet ,11529,11608
279.784,Received an expired out of sequence packet ,11530,11608
279.784,Received an expired out of sequence packet ,11531,11608
279.788,Received an expired out of sequence packet ,11532,11608
279.788,Received an expired out of sequence packet ,11533,11608
279.788,Received an expired out of sequence packet ,11534,11608
279.788,Received an expired out of sequence packet ,11535,11608
279.791,Received an expired out of sequence packet ,11536,11608
279.791,Received an expired out of sequence packet ,11537,11608
279.791,Received an expired out of sequence packet ,11538,11608
279.793,Received an expired out of sequence packet ,11539,11608
279.793,Received an expired out of sequence packet ,11540,11608
279.796,Received an expired out of sequence packet ,11541,11608
279.796,Received an expired out of sequence packet ,11542,11608
279.796,Received an expired out of sequence packet ,11543,11608
279.796,Received an expired out of sequence packet ,11544,11608
279.799,Received an expired out of sequence packet ,11545,11608
279.799,Received an expired out of sequence packet ,11546,11608
279.803,Received an expired out of sequence packet ,11547,11608
279.803,Received an expired out of sequence packet ,11548,11608
279.803,Received an expired out of sequence packet ,11549,11608
279.803,Received an expired out of sequence packet ,11550,11608
279.803,Received an expired out of sequence packet ,11551,11608
279.861,Received an expired out of sequence packet ,11552,11608
279.872,Received an expired out of sequence packet ,11553,11608
279.872,Received an expired out of sequence packet ,11554,11608
279.873,Received an expired out of sequence packet ,11555,11608
279.873,Received an expired out of sequence packet ,11556,11608
279.88,Received an expired out of sequence packet ,11557,11608
279.88,Received an expired out of sequence packet ,11558,11608
279.88,Received an expired out of sequence packet ,11559,11608
279.88,Received an expired out of sequence packet ,11560,11608
279.88,Received an expired out of sequence packet ,11561,11608
279.88,Received an expired out of sequence packet ,11562,11608
279.884,Received an expired out of sequence packet ,11563,11608
279.886,Received an expired out of sequence packet ,11564,11608
279.886,Received an expired out of sequence packet ,11565,11608
279.887,Received an expired out of sequence packet ,11566,11608
279.887,Received an expired out of sequence packet ,11567,11608
279.89,Received an expired out of sequence packet ,11568,11608
279.89,Received an expired out of sequence packet ,11569,11608
279.893,Received an expired out of sequence packet ,11570,11608
279.894,Received an expired out of sequence packet ,11571,11608