1.48071,Exit slow start,exceeding SS_EXIT_THRESHOLD
3.49991,Restart,can't map delay on delay curve
4.60533,Exit slow start,exceeding SS_EXIT_THRESHOLD
80.6309,Timeout
80.631,clearing sending list because of timeout
80.871,Timeout
80.871,clearing sending list because of timeout
81.0786,Received an expired out of sequence packet ,58866,58998
81.0786,Received an expired out of sequence packet ,58867,58998
81.0786,Received an expired out of sequence packet ,58868,58998
81.0786,Received an expired out of sequence packet ,58869,58998
82.0787,Timeout
82.0787,clearing sending list because of timeout
82.0926,Received an expired out of sequence packet ,58870,59000
83.0926,Timeout
83.0927,clearing sending list because of timeout
83.0948,Received an expired out of sequence packet ,58871,59006
84.0906,Received an expired out of sequence packet ,58872,59006
84.9804,Received an expired out of sequence packet ,58873,59006
84.9816,Received an expired out of sequence packet ,58874,59006
84.9816,Received an expired out of sequence packet ,58875,59006
84.9816,Received an expired out of sequence packet ,58876,59006
84.9837,Received an expired out of sequence packet ,58877,59006
84.9848,Received an expired out of sequence packet ,58878,59006
84.9869,Received an expired out of sequence packet ,58879,59006
84.9882,Received an expired out of sequence packet ,58880,59006
84.9882,Received an expired out of sequence packet ,58881,59006
84.9882,Received an expired out of sequence packet ,58882,59006
84.9882,Received an expired out of sequence packet ,58883,59006
84.9893,Received an expired out of sequence packet ,58884,59006
84.9893,Received an expired out of sequence packet ,58885,59006
84.9893,Received an expired out of sequence packet ,58886,59006
84.9893,Received an expired out of sequence packet ,58887,59006
84.9893,Received an expired out of sequence packet ,58888,59006
84.9925,Received an expired out of sequence packet ,58889,59006
84.9946,Received an expired out of sequence packet ,58890,59006
84.9977,Received an expired out of sequence packet ,58891,59006
84.9977,Received an expired out of sequence packet ,58892,59006
84.9977,Received an expired out of sequence packet ,58893,59006
84.9978,Received an expired out of sequence packet ,58894,59006
84.9978,Received an expired out of sequence packet ,58895,59006
84.9988,Received an expired out of sequence packet ,58896,59006
84.9988,Received an expired out of sequence packet ,58897,59006
84.9999,Received an expired out of sequence packet ,58898,59006
84.9999,Received an expired out of sequence packet ,58899,59006
85.0009,Received an expired out of sequence packet ,58900,59006
85.002,Received an expired out of sequence packet ,58901,59006
85.0031,Received an expired out of sequence packet ,58902,59006
85.0062,Received an expired out of sequence packet ,58903,59006
85.0082,Received an expired out of sequence packet ,58904,59006
85.0083,Received an expired out of sequence packet ,58905,59006
85.0083,Received an expired out of sequence packet ,58906,59006
85.009,Received an expired out of sequence packet ,58907,59006
85.009,Received an expired out of sequence packet ,58908,59006
85.01,Received an expired out of sequence packet ,58909,59006
85.01,Received an expired out of sequence packet ,58910,59006
85.0143,Received an expired out of sequence packet ,58911,59006
85.0187,Received an expired out of sequence packet ,58912,59006
85.0188,Received an expired out of sequence packet ,58913,59006
85.0295,Received an expired out of sequence packet ,58914,59006
85.0295,Received an expired out of sequence packet ,58915,59006
85.0306,Received an expired out of sequence packet ,58916,59006
85.0306,Received an expired out of sequence packet ,58917,59006
85.0317,Received an expired out of sequence packet ,58918,59006
85.0318,Received an expired out of sequence packet ,58919,59006
85.0318,Received an expired out of sequence packet ,58920,59006
85.0347,Received an expired out of sequence packet ,58921,59006
85.0347,Received an expired out of sequence packet ,58922,59006
85.0368,Received an expired out of sequence packet ,58923,59006
85.0369,Received an expired out of sequence packet ,58924,59006
85.0369,Received an expired out of sequence packet ,58925,59006
85.0369,Received an expired out of sequence packet ,58926,59006
85.0369,Received an expired out of sequence packet ,58927,59006
85.0389,Received an expired out of sequence packet ,58928,59006
85.039,Received an expired out of sequence packet ,58929,59006
85.039,Received an expired out of sequence packet ,58930,59006
85.039,Received an expired out of sequence packet ,58931,59006
85.039,Received an expired out of sequence packet ,58932,59006
85.0401,Received an expired out of sequence packet ,58933,59006
85.0401,Received an expired out of sequence packet ,58934,59006
85.0412,Received an expired out of sequence packet ,58935,59006
85.0424,Received an expired out of sequence packet ,58936,59006
85.0445,Received an expired out of sequence packet ,58937,59006
85.0446,Received an expired out of sequence packet ,58938,59006
85.0467,Received an expired out of sequence packet ,58939,59006
85.0467,Received an expired out of sequence packet ,58940,59006
85.0478,Received an expired out of sequence packet ,58941,59006
85.0478,Received an expired out of sequence packet ,58942,59006
85.049,Received an expired out of sequence packet ,58943,59006
85.0521,Received an expired out of sequence packet ,58944,59006
85.0521,Received an expired out of sequence packet ,58945,59006
85.0532,Received an expired out of sequence packet ,58946,59006
85.0532,Received an expired out of sequence packet ,58947,59006
85.0533,Received an expired out of sequence packet ,58948,59006
85.0533,Received an expired out of sequence packet ,58949,59006
85.0541,Received an expired out of sequence packet ,58950,59006
85.0675,Received an expired out of sequence packet ,58951,59006
85.0675,Received an expired out of sequence packet ,58952,59006
85.0706,Received an expired out of sequence packet ,58953,59006
85.0707,Received an expired out of sequence packet ,58954,59006
85.0728,Received an expired out of sequence packet ,58955,59006
85.0728,Received an expired out of sequence packet ,58956,59006
85.0728,Received an expired out of sequence packet ,58957,59006
85.0746,Received an expired out of sequence packet ,58958,59006
85.0746,Received an expired out of sequence packet ,58959,59006
85.0768,Received an expired out of sequence packet ,58960,59006
85.0769,Received an expired out of sequence packet ,58961,59006
85.0769,Received an expired out of sequence packet ,58962,59006
85.078,Received an expired out of sequence packet ,58963,59006
85.078,Received an expired out of sequence packet ,58964,59006
85.0935,Received an expired out of sequence packet ,58965,59006
85.0935,Received an expired out of sequence packet ,58966,59006
85.0935,Received an expired out of sequence packet ,58967,59006
85.0946,Received an expired out of sequence packet ,58968,59006
85.0955,Received an expired out of sequence packet ,58969,59006
85.0955,Received an expired out of sequence packet ,58970,59006
85.0956,Received an expired out of sequence packet ,58971,59006
85.0956,Received an expired out of sequence packet ,58972,59006
85.0956,Received an expired out of sequence packet ,58973,59006
85.0967,Received an expired out of sequence packet ,58974,59006
85.0967,Received an expired out of sequence packet ,58975,59006
85.0967,Received an expired out of sequence packet ,58976,59006
85.0968,Received an expired out of sequence packet ,58977,59006
85.0987,Received an expired out of sequence packet ,58978,59006
85.0987,Received an expired out of sequence packet ,58979,59006
85.1029,Received an expired out of sequence packet ,58980,59006
85.1029,Received an expired out of sequence packet ,58981,59006
85.103,Received an expired out of sequence packet ,58982,59006
85.105,Received an expired out of sequence packet ,58983,59006
85.105,Received an expired out of sequence packet ,58984,59006
85.1051,Received an expired out of sequence packet ,58985,59006
85.1051,Received an expired out of sequence packet ,58986,59006
85.1051,Received an expired out of sequence packet ,58987,59006
85.1062,Received an expired out of sequence packet ,58988,59006
85.116,Received an expired out of sequence packet ,58989,59006
85.116,Received an expired out of sequence packet ,58990,59006
85.116,Received an expired out of sequence packet ,58991,59006
85.1171,Received an expired out of sequence packet ,58992,59006
85.1171,Received an expired out of sequence packet ,58993,59006
85.1171,Received an expired out of sequence packet ,58994,59006
85.1172,Received an expired out of sequence packet ,58995,59006
85.1172,Received an expired out of sequence packet ,58996,59006
85.1172,Received an expired out of sequence packet ,58997,59006
85.1297,Received an expired out of sequence packet ,58998,59006
85.1298,Received an expired out of sequence packet ,58999,59006
85.1298,Received an expired out of sequence packet ,59000,59006
85.1309,Received an expired out of sequence packet ,59001,59006
85.132,Received an expired out of sequence packet ,59002,59006
85.1383,Received an expired out of sequence packet ,59003,59006
85.1392,Received an expired out of sequence packet ,59004,59006
85.1392,Received an expired out of sequence packet ,59005,59006
128.799,Restart,can't map delay on delay curve
129.429,Exit slow start,exceeding SS_EXIT_THRESHOLD
129.43,Restart,Alglib M<4!
130.457,Exit slow start,exceeding SS_EXIT_THRESHOLD
148.478,Restart,can't map delay on delay curve
149.831,Exit slow start,exceeding SS_EXIT_THRESHOLD
172.079,Timeout
172.079,clearing sending list because of timeout
172.092,Received an expired out of sequence packet ,15889,16015
173.092,Timeout
173.092,clearing sending list because of timeout
173.094,Received an expired out of sequence packet ,15890,16017
174.09,Received an expired out of sequence packet ,15891,16017
175.027,Received an expired out of sequence packet ,15892,16017
175.032,Received an expired out of sequence packet ,15893,16017
175.033,Received an expired out of sequence packet ,15894,16017
175.036,Received an expired out of sequence packet ,15895,16017
175.046,Received an expired out of sequence packet ,15896,16017
175.046,Received an expired out of sequence packet ,15897,16017
175.046,Received an expired out of sequence packet ,15898,16017
175.046,Received an expired out of sequence packet ,15899,16017
175.046,Received an expired out of sequence packet ,15900,16017
175.046,Received an expired out of sequence packet ,15901,16017
175.046,Received an expired out of sequence packet ,15902,16017
175.046,Received an expired out of sequence packet ,15903,16017
175.046,Received an expired out of sequence packet ,15904,16017
175.046,Received an expired out of sequence packet ,15905,16017
175.046,Received an expired out of sequence packet ,15906,16017
175.046,Received an expired out of sequence packet ,15907,16017
175.046,Received an expired out of sequence packet ,15908,16017
175.046,Received an expired out of sequence packet ,15909,16017
175.046,Received an expired out of sequence packet ,15910,16017
175.056,Received an expired out of sequence packet ,15911,16017
175.056,Received an expired out of sequence packet ,15912,16017
175.08,Received an expired out of sequence packet ,15913,16017
175.08,Received an expired out of sequence packet ,15914,16017
175.1,Received an expired out of sequence packet ,15915,16017
175.1,Received an expired out of sequence packet ,15916,16017
175.1,Received an expired out of sequence packet ,15917,16017
175.1,Received an expired out of sequence packet ,15918,16017
175.101,Received an expired out of sequence packet ,15919,16017
175.103,Received an expired out of sequence packet ,15920,16017
175.103,Received an expired out of sequence packet ,15921,16017
175.103,Received an expired out of sequence packet ,15922,16017
175.103,Received an expired out of sequence packet ,15923,16017
175.103,Received an expired out of sequence packet ,15924,16017
175.103,Received an expired out of sequence packet ,15925,16017
175.103,Received an expired out of sequence packet ,15926,16017
175.103,Received an expired out of sequence packet ,15927,16017
175.103,Received an expired out of sequence packet ,15928,16017
175.103,Received an expired out of sequence packet ,15929,16017
175.103,Received an expired out of sequence packet ,15930,16017
175.103,Received an expired out of sequence packet ,15931,16017
175.103,Received an expired out of sequence packet ,15932,16017
175.103,Received an expired out of sequence packet ,15933,16017
175.114,Received an expired out of sequence packet ,15934,16017
175.114,Received an expired out of sequence packet ,15935,16017
175.114,Received an expired out of sequence packet ,15936,16017
175.114,Received an expired out of sequence packet ,15937,16017
175.114,Received an expired out of sequence packet ,15938,16017
175.114,Received an expired out of sequence packet ,15939,16017
175.114,Received an expired out of sequence packet ,15940,16017
175.114,Received an expired out of sequence packet ,15941,16017
175.114,Received an expired out of sequence packet ,15942,16017
175.114,Received an expired out of sequence packet ,15943,16017
175.114,Received an expired out of sequence packet ,15944,16017
175.114,Received an expired out of sequence packet ,15945,16017
175.114,Received an expired out of sequence packet ,15946,16017
175.114,Received an expired out of sequence packet ,15947,16017
175.114,Received an expired out of sequence packet ,15948,16017
175.114,Received an expired out of sequence packet ,15949,16017
175.114,Received an expired out of sequence packet ,15950,16017
175.114,Received an expired out of sequence packet ,15951,16017
175.114,Received an expired out of sequence packet ,15952,16017
175.114,Received an expired out of sequence packet ,15953,16017
175.114,Received an expired out of sequence packet ,15954,16017
175.114,Received an expired out of sequence packet ,15955,16017
175.114,Received an expired out of sequence packet ,15956,16017
175.114,Received an expired out of sequence packet ,15957,16017
175.121,Received an expired out of sequence packet ,15958,16017
175.121,Received an expired out of sequence packet ,15959,16017
175.121,Received an expired out of sequence packet ,15960,16017
175.121,Received an expired out of sequence packet ,15961,16017
175.125,Received an expired out of sequence packet ,15962,16017
175.125,Received an expired out of sequence packet ,15963,16017
175.125,Received an expired out of sequence packet ,15964,16017
175.28,Received an expired out of sequence packet ,15965,16017
175.28,Received an expired out of sequence packet ,15966,16017
175.28,Received an expired out of sequence packet ,15967,16017
175.293,Received an expired out of sequence packet ,15968,16017
175.293,Received an expired out of sequence packet ,15969,16017
175.293,Received an expired out of sequence packet ,15970,16017
175.293,Received an expired out of sequence packet ,15971,16017
175.294,Received an expired out of sequence packet ,15972,16017
175.294,Received an expired out of sequence packet ,15973,16017
175.294,Received an expired out of sequence packet ,15974,16017
175.294,Received an expired out of sequence packet ,15975,16017
175.294,Received an expired out of sequence packet ,15976,16017
175.294,Received an expired out of sequence packet ,15977,16017
175.294,Received an expired out of sequence packet ,15978,16017
175.294,Received an expired out of sequence packet ,15979,16017
175.294,Received an expired out of sequence packet ,15980,16017
175.294,Received an expired out of sequence packet ,15981,16017
175.294,Received an expired out of sequence packet ,15982,16017
175.294,Received an expired out of sequence packet ,15983,16017
175.294,Received an expired out of sequence packet ,15984,16017
175.294,Received an expired out of sequence packet ,15985,16017
175.294,Received an expired out of sequence packet ,15986,16017
175.294,Received an expired out of sequence packet ,15987,16017
175.294,Received an expired out of sequence packet ,15988,16017
175.294,Received an expired out of sequence packet ,15989,16017
175.294,Received an expired out of sequence packet ,15990,16017
175.294,Received an expired out of sequence packet ,15991,16017
175.294,Received an expired out of sequence packet 