1.72506,Exit slow start,exceeding SS_EXIT_THRESHOLD
33.436,Timeout
33.436,clearing sending list because of timeout
33.445,Received an expired out of sequence packet ,22780,23106
34.445,Timeout
34.445,clearing sending list because of timeout
34.4588,Received an expired out of sequence packet ,22781,23109
34.8399,Received an expired out of sequence packet ,22782,23109
34.845,Received an expired out of sequence packet ,22783,23109
34.845,Received an expired out of sequence packet ,22784,23109
34.8451,Received an expired out of sequence packet ,22785,23109
34.8451,Received an expired out of sequence packet ,22786,23109
34.8451,Received an expired out of sequence packet ,22787,23109
34.8451,Received an expired out of sequence packet ,22788,23109
34.8451,Received an expired out of sequence packet ,22789,23109
34.8582,Received an expired out of sequence packet ,22790,23109
34.8582,Received an expired out of sequence packet ,22791,23109
34.8583,Received an expired out of sequence packet ,22792,23109
34.8583,Received an expired out of sequence packet ,22793,23109
34.8583,Received an expired out of sequence packet ,22794,23109
34.8681,Received an expired out of sequence packet ,22795,23109
34.8682,Received an expired out of sequence packet ,22796,23109
34.8722,Received an expired out of sequence packet ,22797,23109
34.8723,Received an expired out of sequence packet ,22798,23109
34.8723,Received an expired out of sequence packet ,22799,23109
34.8723,Received an expired out of sequence packet ,22800,23109
34.8723,Received an expired out of sequence packet ,22801,23109
34.8723,Received an expired out of sequence packet ,22802,23109
34.8881,Received an expired out of sequence packet ,22803,23109
34.8881,Received an expired out of sequence packet ,22804,23109
34.8881,Received an expired out of sequence packet ,22805,23109
34.8882,Received an expired out of sequence packet ,22806,23109
34.8922,Received an expired out of sequence packet ,22807,23109
34.8943,Received an expired out of sequence packet ,22808,23109
34.8963,Received an expired out of sequence packet ,22809,23109
34.8964,Received an expired out of sequence packet ,22810,23109
34.8964,Received an expired out of sequence packet ,22811,23109
34.8984,Received an expired out of sequence packet ,22812,23109
34.8985,Received an expired out of sequence packet ,22813,23109
34.8985,Received an expired out of sequence packet ,22814,23109
34.9025,Received an expired out of sequence packet ,22815,23109
34.9025,Received an expired out of sequence packet ,22816,23109
34.9026,Received an expired out of sequence packet ,22817,23109
34.9026,Received an expired out of sequence packet ,22818,23109
34.9026,Received an expired out of sequence packet ,22819,23109
34.9026,Received an expired out of sequence packet ,22820,23109
34.9026,Received an expired out of sequence packet ,22821,23109
34.9026,Received an expired out of sequence packet ,22822,23109
34.9027,Received an expired out of sequence packet ,22823,23109
34.9027,Received an expired out of sequence packet ,22824,23109
34.9027,Received an expired out of sequence packet ,22825,23109
34.9027,Received an expired out of sequence packet ,22826,23109
34.9027,Received an expired out of sequence packet ,22827,23109
34.9027,Received an expired out of sequence packet ,22828,23109
34.9027,Received an expired out of sequence packet ,22829,23109
34.9028,Received an expired out of sequence packet ,22830,23109
34.9592,Received an expired out of sequence packet ,22831,23109
34.9593,Received an expired out of sequence packet ,22832,23109
34.9593,Received an expired out of sequence packet ,22833,23109
35.1845,Received an expired out of sequence packet ,22834,23109
35.1845,Received an expired out of sequence packet ,22835,23109
35.2345,Received an expired out of sequence packet ,22836,23109
35.2366,Received an expired out of sequence packet ,22837,23109
35.2366,Received an expired out of sequence packet ,22838,23109
35.2366,Received an expired out of sequence packet ,22839,23109
35.2366,Received an expired out of sequence packet ,22840,23109
35.2366,Received an expired out of sequence packet ,22841,23109
35.2407,Received an expired out of sequence packet ,22842,23109
35.2407,Received an expired out of sequence packet ,22843,23109
35.2407,Received an expired out of sequence packet ,22844,23109
35.2407,Received an expired out of sequence packet ,22845,23109
35.2407,Received an expired out of sequence packet ,22846,23109
35.2408,Received an expired out of sequence packet ,22847,23109
35.2408,Received an expired out of sequence packet ,22848,23109
35.2408,Received an expired out of sequence packet ,22849,23109
35.2408,Received an expired out of sequence packet ,22850,23109
35.2408,Received an expired out of sequence packet ,22851,23109
35.2408,Received an expired out of sequence packet ,22852,23109
35.2409,Received an expired out of sequence packet ,22853,23109
35.2409,Received an expired out of sequence packet ,22854,23109
35.2409,Received an expired out of sequence packet ,22855,23109
35.2409,Received an expired out of sequence packet ,22856,23109
35.2409,Received an expired out of sequence packet ,22857,23109
35.2409,Received an expired out of sequence packet ,22858,23109
35.2418,Received an expired out of sequence packet ,22859,23109
35.2429,Received an expired out of sequence packet ,22860,23109
35.2429,Received an expired out of sequence packet ,22861,23109
35.243,Received an expired out of sequence packet ,22862,23109
35.245,Received an expired out of sequence packet ,22863,23109
35.245,Received an expired out of sequence packet ,22864,23109
35.245,Received an expired out of sequence packet ,22865,23109
35.2451,Received an expired out of sequence packet ,22866,23109
35.2451,Received an expired out of sequence packet ,22867,23109
35.2451,Received an expired out of sequence packet ,22868,23109
35.2451,Received an expired out of sequence packet ,22869,23109
35.2451,Received an expired out of sequence packet ,22870,23109
35.2451,Received an expired out of sequence packet ,22871,23109
35.2452,Received an expired out of sequence packet ,22872,23109
35.2452,Received an expired out of sequence packet ,22873,23109
35.2452,Received an expired out of sequence packet ,22874,23109
35.2452,Received an expired out of sequence packet ,22875,23109
35.2452,Received an expired out of sequence packet ,22876,23109
35.2452,Received an expired out of sequence packet ,22877,23109
35.2453,Received an expired out of sequence packet ,22878,23109
35.2453,Received an expired out of sequence packet ,22879,23109
35.2453,Received an expired out of sequence packet ,22880,23109
35.2453,Received an expired out of sequence packet ,22881,23109
35.2472,Received an expired out of sequence packet ,22882,23109
35.2472,Received an expired out of sequence packet ,22883,23109
35.2472,Received an expired out of sequence packet ,22884,23109
35.2472,Received an expired out of sequence packet ,22885,23109
35.2473,Received an expired out of sequence packet ,22886,23109
35.2473,Received an expired out of sequence packet ,22887,23109
35.2473,Received an expired out of sequence packet ,22888,23109
35.2473,Received an expired out of sequence packet ,22889,23109
35.2473,Received an expired out of sequence packet ,22890,23109
35.2473,Received an expired out of sequence packet ,22891,23109
35.2474,Received an expired out of sequence packet ,22892,23109
35.2474,Received an expired out of sequence packet ,22893,23109
35.2474,Received an expired out of sequence packet ,22894,23109
35.2474,Received an expired out of sequence packet ,22895,23109
35.2474,Received an expired out of sequence packet ,22896,23109
35.2474,Received an expired out of sequence packet ,22897,23109
35.2475,Received an expired out of sequence packet ,22898,23109
35.2475,Received an expired out of sequence packet ,22899,23109
35.2475,Received an expired out of sequence packet ,22900,23109
35.2475,Received an expired out of sequence packet ,22901,23109
35.2475,Received an expired out of sequence packet ,22902,23109
35.2475,Received an expired out of sequence packet ,22903,23109
35.2484,Received an expired out of sequence packet ,22904,23109
35.2484,Received an expired out of sequence packet ,22905,23109
35.2525,Received an expired out of sequence packet ,22906,23109
35.2525,Received an expired out of sequence packet ,22907,23109
35.2525,Received an expired out of sequence packet ,22908,23109
35.2525,Received an expired out of sequence packet ,22909,23109
35.2525,Received an expired out of sequence packet ,22910,23109
35.2525,Received an expired out of sequence packet ,22911,23109
35.2526,Received an expired out of sequence packet ,22912,23109
35.2526,Received an expired out of sequence packet ,22913,23109
35.2526,Received an expired out of sequence packet ,22914,23109
35.2526,Received an expired out of sequence packet ,22915,23109
35.2526,Received an expired out of sequence packet ,22916,23109
35.4876,Received an expired out of sequence packet ,22917,23109
35.4876,Received an expired out of sequence packet ,22918,23109
35.4876,Received an expired out of sequence packet ,22919,23109
35.4908,Received an expired out of sequence packet ,22920,23109
35.498,Received an expired out of sequence packet ,22921,23109
35.5022,Received an expired out of sequence packet ,22922,23109
35.5022,Received an expired out of sequence packet ,22923,23109
35.5022,Received an expired out of sequence packet ,22924,23109
35.5022,Received an expired out of sequence packet ,22925,23109
35.5022,Received an expired out of sequence packet ,22926,23109
35.5022,Received an expired out of sequence packet ,22927,23109
35.5033,Received an expired out of sequence packet ,22928,23109
35.5033,Received an expired out of sequence packet ,22929,23109
35.5034,Received an expired out of sequence packet ,22930,23109
35.5034,Received an expired out of sequence packet ,22931,23109
35.5034,Received an expired out of sequence packet ,22932,23109
35.5047,Received an expired out of sequence packet ,22933,23109
35.5047,Received an expired out of sequence packet ,22934,23109
35.5047,Received an expired out of sequence packet ,22935,23109
35.5047,Received an expired out of sequence packet ,22936,23109
35.5048,Received an expired out of sequence packet ,22937,23109
35.5048,Received an expired out of sequence packet ,22938,23109
35.5048,Received an expired out of sequence packet ,22939,23109
35.5058,Received an expired out of sequence packet ,22940,23109
35.5059,Received an expired out of sequence packet ,22941,23109
35.5059,Received an expired out of sequence packet ,22942,23109
35.5059,Received an expired out of sequence packet ,22943,23109
35.5059,Received an expired out of sequence packet ,22944,23109
35.5059,Received an expired out of sequence packet ,22945,23109
35.5059,Received an expired out of sequence packet ,22946,23109
35.5099,Received an expired out of sequence packet ,22947,23109
35.5099,Received an expired out of sequence packet ,22948,23109
35.5099,Received an expired out of sequence packet ,22949,23109
35.513,Received an expired out of sequence packet ,22950,23109
35.513,Received an expired out of sequence packet ,22951,23109
35.5131,Received an expired out of sequence packet ,22952,23109
35.5142,Received an expired out of sequence packet ,22953,23109
35.5163,Received an expired out of sequence packet ,22954,23109
35.5163,Received an expired out of sequence packet ,22955,23109
35.5163,Received an expired out of sequence packet ,22956,23109
35.5163,Received an expired out of sequence packet ,22957,23109
35.5164,Received an expired out of sequence packet ,22958,23109
35.5164,Received an expired out of sequence packet ,22959,23109
35.5164,Received an expired out of sequence packet ,22960,23109
35.5164,Received an expired out of sequence packet ,22961,23109
35.5164,Received an expired out of sequence packet ,22962,23109
35.5164,Received an expired out of sequence packet ,22963,23109
35.5165,Received an expired out of sequence packet ,22964,23109
35.5165,Received an expired out of sequence packet ,22965,23109
35.5165,Received an expired out of sequence packet ,22966,23109
35.5165,Received an expired out of sequence packet ,22967,23109
35.5165,Received an expired out of sequence packet ,22968,23109
35.5165,Received an expired out of sequence packet ,22969,23109
35.5166,Received an expired out of sequence packet ,22970,23109
35.5166,Received an expired out of sequence packet ,22971,23109
35.5166,Received an expired out of sequence packet ,22972,23109
35.5166,Received an expired out of sequence packet ,22973,23109
35.5166,Received an expired out of sequence packet ,22974,23109
35.5166,Received an expired out of sequence packet ,22975,23109
35.5167,Received an expired out of sequence packet ,22976,23109
35.5167,Received an expired out of sequence packet ,22977,23109
35.5167,Received an expired out of sequence packet ,22978,23109
35.5167,Received an expired out of sequence packet ,22979,23109
35.5167,Received an expired out of sequence packet ,22980,23109
35.5168,Received an expired out of sequence packet ,22981,23109
35.5168,Received an expired out of sequence packet ,22982,23109
35.5168,Received an expired out of sequence packet ,22983,23109
35.5168,Received an expired out of sequence packet ,22984,23109
35.5168,Received an expired out of sequence packet ,22985,23109
35.5168,Received an expired out of sequence packet ,22986,23109
35.5169,Received an expired out of sequence packet ,22987,23109
35.5169,Received an expired out of sequence packet ,22988,23109
35.5169,Received an expired out of sequence packet ,22989,23109
35.5169,Received an expired out of sequence packet ,22990,23109
35.5169,Received an expired out of sequence packet ,22991,23109
35.5236,Received an expired out of sequence packet ,22992,23109
35.5237,Received an expired out of sequence packet ,22993,23109
35.5237,Received an expired out of sequence packet ,22994,23109
35.5237,Received an expired out of sequence packet ,22995,23109
35.5237,Received an expired out of sequence packet ,22996,23109
35.5238,Received an expired out of sequence packet ,22997,23109
35.5238,Received an expired out of sequence packet ,22998,23109
35.5238,Received an expired out of sequence packet ,22999,23109
35.5238,Received an expired out of sequence packet ,23000,23109
35.5267,Received an expired out of sequence packet ,23001,23109
35.7745,Received an expired out of sequence packet ,23002,23109
35.7746,Received an expired out of sequence packet ,23003,23109
35.7787,Received an expired out of sequence packet ,23004,23109
35.79,Received an expired out of sequence packet ,23005,23109
35.7951,Received an expired out of sequence packet ,23006,23109
35.7951,Received an expired out of sequence packet ,23007,23109
35.7952,Received an expired out of sequence packet ,23008,23109
35.7952,Received an expired out of sequence packet ,23009,23109
35.7952,Received an expired out of sequence packet ,23010,23109
35.7968,Received an expired out of sequence packet ,23011,23109
35.7968,Received an expired out of sequence packet ,23012,23109
35.7968,Received an expired out of sequence packet ,23013,23109
35.7968,Received an expired out of sequence packet ,23014,23109
35.7969,Received an expired out of sequence packet ,23015,23109
35.7969,Received an expired out of sequence packet ,23016,23109
35.7969,Received an expired out of sequence packet ,23017,23109
35.7969,Received an expired out of sequence packet ,23018,23109
35.7969,Received an expired out of sequence packet ,23019,23109
35.7969,Received an expired out of sequence packet ,23020,23109
35.797,Received an expired out of sequence packet ,23021,23109
35.797,Received an expired out of sequence packet ,23022,23109
35.797,Received an expired out of sequence packet ,23023,23109
35.797,Received an expired out of sequence packet ,23024,23109
35.797,Received an expired out of sequence packet ,23025,23109
35.797,Received an expired out of sequence packet ,23026,23109
35.7971,Received an expired out of sequence packet ,23027,23109
35.7971,Received an expired out of sequence packet ,23028,23109
35.7971,Received an expired out of sequence packet ,23029,23109
35.7971,Received an expired out of sequence packet ,23030,23109
35.7971,Received an expired out of sequence packet ,23031,23109
35.7971,Received an expired out of sequence packet ,23032,23109
35.7972,Received an expired out of sequence packet ,23033,23109
35.7972,Received an expired out of sequence packet ,23034,23109
35.7972,Received an expired out of sequence packet ,23035,23109
35.7972,Received an expired out of sequence packet ,23036,23109
35.7972,Received an expired out of sequence packet ,23037,23109
35.7973,Received an expired out of sequence packet ,23038,23109
35.7973,Received an expired out of sequence packet ,23039,23109
35.7973,Received an expired out of sequence packet ,23040,23109
35.7973,Received an expired out of sequence packet ,23041,23109
35.7973,Received an expired out of sequence packet ,23042,23109
35.7973,Received an expired out of sequence packet ,23043,23109
35.7974,Received an expired out of sequence packet ,23044,23109
35.7991,Received an expired out of sequence packet ,23045,23109
35.7991,Received an expired out of sequence packet ,23046,23109
35.7991,Received an expired out of sequence packet ,23047,23109
35.7991,Received an expired out of sequence packet ,23048,23109
35.7991,Received an expired out of sequence packet ,23049,23109
35.7992,Received an expired out of sequence packet ,23050,23109
35.8012,Received an expired out of sequence packet ,23051,23109
35.8012,Received an expired out of sequence packet ,23052,23109
35.8013,Received an expired out of sequence packet ,23053,23109
35.8013,Received an expired out of sequence packet ,23054,23109
35.8013,Received an expired out of sequence packet ,23055,23109
35.8013,Received an expired out of sequence packet ,23056,23109
35.8013,Received an expired out of sequence packet ,23057,23109
35.8013,Received an expired out of sequence packet ,23058,23109
35.8014,Received an expired out of sequence packet ,23059,23109
35.8014,Received an expired out of sequence packet ,23060,23109
35.8014,Received an expired out of sequence packet ,23061,23109
35.8014,Received an expired out of sequence packet ,23062,23109
35.8024,Received an expired out of sequence packet ,23063,23109
35.8025,Received an expired out of sequence packet ,23064,23109
35.8025,Received an expired out of sequence packet ,23065,23109
35.8025,Received an expired out of sequence packet ,23066,23109
35.8056,Received an expired out of sequence packet ,23067,23109
35.8056,Received an expired out of sequence packet ,23068,23109
35.8056,Received an expired out of sequence packet ,23069,23109
35.8056,Received an expired out of sequence packet ,23070,23109
35.8057,Received an expired out of sequence packet ,23071,23109
35.8057,Received an expired out of sequence packet ,23072,23109
35.8057,Received an expired out of sequence packet ,23073,23109
35.8057,Received an expired out of sequence packet ,23074,23109
35.8057,Received an expired out of sequence packet ,23075,23109
35.8057,Received an expired out of sequence packet ,23076,23109
35.8058,Received an expired out of sequence packet ,23077,23109
35.8058,Received an expired out of sequence packet ,23078,23109
35.8058,Received an expired out of sequence packet ,23079,23109
35.8058,Received an expired out of sequence packet ,23080,23109
35.8058,Received an expired out of sequence packet ,23081,23109
35.8158,Received an expired out of sequence packet ,23082,23109
35.8158,Received an expired out of sequence packet ,23083,23109
35.8158,Received an expired out of sequence packet ,23084,23109
36.0585,Received an expired out of sequence packet ,23085,23109
36.0585,Received an expired out of sequence packet ,23086,23109
36.0606,Received an expired out of sequence packet ,23087,23109
36.0606,Received an expired out of sequence packet ,23088,23109
36.0606,Received an expired out of sequence packet ,23089,23109
36.0607,Received an expired out of sequence packet ,23090,23109
36.0607,Received an expired out of sequence packet ,23091,23109
36.0628,Received an expired out of sequence packet ,23092,23109
36.0699,Received an expired out of sequence packet ,23093,23109
36.0699,Received an expired out of sequence packet ,23094,23109
36.0699,Received an expired out of sequence packet ,23095,23109
36.0699,Received an expired out of sequence packet ,23096,23109
36.0699,Received an expired out of sequence packet ,23097,23109
36.07,Received an expired out of sequence packet ,23098,23109
36.07,Received an expired out of sequence packet ,23099,23109
36.07,Received an expired out of sequence packet ,23100,23109
36.07,Received an expired out of sequence packet ,23101,23109
36.07,Received an expired out of sequence packet ,23102,23109
36.0701,Received an expired out of sequence packet ,23103,23109
36.0701,Received an expired out of sequence packet ,23104,23109
36.0701,Received an expired out of sequence packet ,23105,23109
36.0701,Received an expired out of sequence packet ,23106,23109
36.0701,Received an expired out of sequence packet ,23107,23109
36.0701,Received an expired out of sequence packet ,23108,23109
39.906,Timeout
39.906,clearing sending list because of timeout
39.9517,Received an expired out of sequence packet ,23546,23559
39.9517,Received an expired out of sequence packet ,23547,23559
39.9518,Received an expired out of sequence packet ,23548,23559
39.9518,Received an expired out of sequence packet ,23549,23559
39.9537,Received an expired out of sequence packet ,23550,23559
39.9537,Received an expired out of sequence packet ,23551,23559
39.9537,Received an expired out of sequence packet ,23552,23559
39.9537,Received an expired out of sequence packet ,23553,23559
39.9538,Received an expired out of sequence packet ,23554,23559
39.9538,Received an expired out of sequence packet ,23555,23559
39.9538,Received an expired out of sequence packet ,23556,23559
39.9538,Received an expired out of sequence packet ,23557,23559
39.9538,Received an expired out of sequence packet ,23558,23559
43.4455,Timeout
43.4455,clearing sending list because of timeout
43.4561,Received an expired out of sequence packet ,24371,24428
43.4912,Received an expired out of sequence packet ,24372,24428
43.4953,Received an expired out of sequence packet ,24373,24428
43.5665,Received an expired out of sequence packet ,24374,24428
43.5666,Received an expired out of sequence packet ,24375,24428
43.5666,Received an expired out of sequence packet ,24376,24428
43.5666,Received an expired out of sequence packet ,24377,24428
43.5666,Received an expired out of sequence packet ,24378,24428
43.5666,Received an expired out of sequence packet ,24379,24428
43.5666,Received an expired out of sequence packet ,24380,24428
43.5667,Received an expired out of sequence packet ,24381,24428
43.5667,Received an expired out of sequence packet ,24382,24428
43.5667,Received an expired out of sequence packet ,24383,24428
43.5667,Received an expired out of sequence packet ,24384,24428
43.5667,Received an expired out of sequence packet ,24385,24428
43.5706,Received an expired out of sequence packet ,24386,24428
43.5992,Received an expired out of sequence packet ,24387,24428
43.5993,Received an expired out of sequence packet ,24388,24428
43.5993,Received an expired out of sequence packet ,24389,24428
43.5993,Received an expired out of sequence packet ,24390,24428
43.5993,Received an expired out of sequence packet ,24391,24428
43.5993,Received an expired out of sequence packet ,24392,24428
43.5994,Received an expired out of sequence packet ,24393,24428
43.5994,Received an expired out of sequence packet ,24394,24428
43.5994,Received an expired out of sequence packet ,24395,24428
43.6013,Received an expired out of sequence packet ,24396,24428
43.6013,Received an expired out of sequence packet ,24397,24428
43.6014,Received an expired out of sequence packet ,24398,24428
43.6014,Received an expired out of sequence packet ,24399,24428
43.6135,Received an expired out of sequence packet ,24400,24428
43.6135,Received an expired out of sequence packet ,24401,24428
43.6136,Received an expired out of sequence packet ,24402,24428
43.6136,Received an expired out of sequence packet ,24403,24428
43.6136,Received an expired out of sequence packet ,24404,24428
43.6136,Received an expired out of sequence packet ,24405,24428
43.6136,Received an expired out of sequence packet ,24406,24428
43.6136,Received an expired out of sequence packet ,24407,24428
43.6137,Received an expired out of sequence packet ,24408,24428
43.6137,Received an expired out of sequence packet ,24409,24428
43.6229,Received an expired out of sequence packet ,24410,24428
43.6229,Received an expired out of sequence packet ,24411,24428
43.6229,Received an expired out of sequence packet ,24412,24428
43.6229,Received an expired out of sequence packet ,24413,24428
43.6319,Received an expired out of sequence packet ,24414,24428
43.632,Received an expired out of sequence packet ,24415,24428
43.634,Received an expired out of sequence packet ,24416,24428
43.634,Received an expired out of sequence packet ,24417,24428
43.634,Received an expired out of sequence packet ,24418,24428
43.6341,Received an expired out of sequence packet ,24419,24428
43.6341,Received an expired out of sequence packet ,24420,24428
43.6341,Received an expired out of sequence packet ,24421,24428
43.6341,Received an expired out of sequence packet ,24422,24428
43.6341,Received an expired out of sequence packet ,24423,24428
43.676,Received an expired out of sequence packet ,24424,24428
43.676,Received an expired out of sequence packet ,24425,24428
43.676,Received an expired out of sequence packet ,24426,24428
43.676,Received an expired out of sequence packet ,24427,24428
47.8673,Timeout
47.8673,clearing sending list because of timeout
47.8753,Received an expired out of sequence packet ,25383,25467
47.8753,Received an expired out of sequence packet ,25384,25467
47.8753,Received an expired out of sequence packet ,25385,25467
47.8753,Received an expired out of sequence packet ,25386,25467
47.8753,Received an expired out of sequence packet ,25387,25467
47.8753,Received an expired out of sequence packet ,25388,25467
47.8754,Received an expired out of sequence packet ,25389,25467
47.8773,Received an expired out of sequence packet ,25390,25467
47.8773,Received an expired out of sequence packet ,25391,25467
47.8774,Received an expired out of sequence packet ,25392,25467
47.8794,Received an expired out of sequence packet ,25393,25467
47.8794,Received an expired out of sequence packet ,25394,25467
47.8855,Received an expired out of sequence packet ,25395,25467
47.8856,Received an expired out of sequence packet ,25396,25467
47.8856,Received an expired out of sequence packet ,25397,25467
47.8856,Received an expired out of sequence packet ,25398,25467
47.8857,Received an expired out of sequence packet ,25399,25467
47.8857,Received an expired out of sequence packet ,25400,25467
47.8857,Received an expired out of sequence packet ,25401,25467
47.8857,Received an expired out of sequence packet ,25402,25467
47.8858,Received an expired out of sequence packet ,25403,25467
47.8878,Received an expired out of sequence packet ,25404,25467
47.8914,Received an expired out of sequence packet ,25405,25467
47.8915,Received an expired out of sequence packet ,25406,25467
47.9034,Received an expired out of sequence packet ,25407,25467
47.9035,Received an expired out of sequence packet ,25408,25467
47.9035,Received an expired out of sequence packet ,25409,25467
47.9035,Received an expired out of sequence packet ,25410,25467
47.9035,Received an expired out of sequence packet ,25411,25467
47.9035,Received an expired out of sequence packet ,25412,25467
47.9065,Received an expired out of sequence packet ,25413,25467
47.9065,Received an expired out of sequence packet ,25414,25467
47.9066,Received an expired out of sequence packet ,25415,25467
47.9086,Received an expired out of sequence packet ,25416,25467
47.9086,Received an expired out of sequence packet ,25417,25467
47.9086,Received an expired out of sequence packet ,25418,25467
47.9086,Received an expired out of sequence packet ,25419,25467
47.9086,Received an expired out of sequence packet ,25420,25467
47.9087,Received an expired out of sequence packet ,25421,25467
47.9087,Received an expired out of sequence packet ,25422,25467
47.9087,Received an expired out of sequence packet ,25423,25467
47.9087,Received an expired out of sequence packet ,25424,25467
47.9087,Received an expired out of sequence packet ,25425,25467
47.9087,Received an expired out of sequence packet ,25426,25467
47.9088,Received an expired out of sequence packet ,25427,25467
47.9088,Received an expired out of sequence packet ,25428,25467
47.9088,Received an expired out of sequence packet ,25429,25467
47.9088,Received an expired out of sequence packet ,25430,25467
47.9096,Received an expired out of sequence packet ,25431,25467
47.9096,Received an expired out of sequence packet ,25432,25467
47.9096,Received an expired out of sequence packet ,25433,25467
47.9097,Received an expired out of sequence packet ,25434,25467
47.9097,Received an expired out of sequence packet ,25435,25467
47.9117,Received an expired out of sequence packet ,25436,25467
47.9118,Received an expired out of sequence packet ,25437,25467
47.9118,Received an expired out of sequence packet ,25438,25467
47.9118,Received an expired out of sequence packet ,25439,25467
47.9118,Received an expired out of sequence packet ,25440,25467
47.9118,Received an expired out of sequence packet ,25441,25467
47.9118,Received an expired out of sequence packet ,25442,25467
47.9128,Received an expired out of sequence packet ,25443,25467
47.9128,Received an expired out of sequence packet ,25444,25467
47.9128,Received an expired out of sequence packet ,25445,25467
47.9129,Received an expired out of sequence packet ,25446,25467
47.9129,Received an expired out of sequence packet ,25447,25467
47.9129,Received an expired out of sequence packet ,25448,25467
47.9129,Received an expired out of sequence packet ,25449,25467
47.9139,Received an expired out of sequence packet ,25450,25467
47.9139,Received an expired out of sequence packet ,25451,25467
47.9139,Received an expired out of sequence packet ,25452,25467
47.9139,Received an expired out of sequence packet ,25453,25467
47.914,Received an expired out of sequence packet ,25454,25467
47.914,Received an expired out of sequence packet ,25455,25467
47.914,Received an expired out of sequence packet ,25456,25467
47.914,Received an expired out of sequence packet ,25457,25467
47.914,Received an expired out of sequence packet ,25458,25467
47.914,Received an expired out of sequence packet ,25459,25467
47.914,Received an expired out of sequence packet ,25460,25467
47.9141,Received an expired out of sequence packet ,25461,25467
47.9141,Received an expired out of sequence packet ,25462,25467
47.9141,Received an expired out of sequence packet ,25463,25467
47.9141,Received an expired out of sequence packet ,25464,25467
47.9141,Received an expired out of sequence packet ,25465,25467
47.9141,Received an expired out of sequence packet ,25466,25467
48.1412,Timeout
48.1412,clearing sending list because of timeout
48.1447,Received an expired out of sequence packet ,25469,25471
48.1467,Received an expired out of sequence packet ,25470,25471
71.6106,Restart,can't map delay on delay curve
73.1099,Exit slow start,exceeding SS_EXIT_THRESHOLD
167.582,Timeout
167.582,clearing sending list because of timeout
167.7,Received an expired out of sequence packet ,65869,65900
167.717,Received an expired out of sequence packet ,65870,65900
167.735,Received an expired out of sequence packet ,65871,65900
167.735,Received an expired out of sequence packet ,65872,65900
167.755,Received an expired out of sequence packet ,65873,65900
167.755,Received an expired out of sequence packet ,65874,65900
167.755,Received an expired out of sequence packet ,65875,65900
167.757,Received an expired out of sequence packet ,65876,65900
167.78,Received an expired out of sequence packet ,65877,65900
167.81,Received an expired out of sequence packet ,65878,65900
167.815,Received an expired out of sequence packet ,65879,65900
167.819,Received an expired out of sequence packet ,65880,65900
167.823,Received an expired out of sequence packet ,65881,65900
167.826,Received an expired out of sequence packet ,65882,65900
167.84,Received an expired out of sequence packet ,65883,65900
167.845,Received an expired out of sequence packet ,65884,65900
167.845,Received an expired out of sequence packet ,65885,65900
167.882,Received an expired out of sequence packet ,65886,65900
167.893,Received an expired out of sequence packet ,65887,65900
167.894,Received an expired out of sequence packet ,65888,65900
167.897,Received an expired out of sequence packet ,65889,65900
167.899,Received an expired out of sequence packet ,65890,65900
167.902,Received an expired out of sequence packet ,65891,65900
167.905,Received an expired out of sequence packet ,65892,65900
167.909,Received an expired out of sequence packet ,65893,65900
167.911,Received an expired out of sequence packet ,65894,65900
167.917,Received an expired out of sequence packet ,65895,65900
167.919,Received an expired out of sequence packet ,65896,65900
167.919,Received an expired out of sequence packet ,65897,65900
167.919,Received an expired out of sequence packet ,65898,65900
167.92,Received an expired out of sequence packet ,65899,65900
176.371,Timeout
176.371,clearing sending list because of timeout
176.377,Received an expired out of sequence packet ,72724,72767
176.385,Received an expired out of sequence packet ,72725,72767
176.388,Received an expired out of sequence packet ,72726,72767
176.392,Received an expired out of sequence packet ,72727,72767
176.395,Received an expired out of sequence packet ,72728,72767
176.396,Received an expired out of sequence packet ,72729,72767
176.396,Received an expired out of sequence packet ,72730,72767
176.399,Received an expired out of sequence packet ,72731,72767
176.401,Received an expired out of sequence packet ,72732,72767
176.402,Received an expired out of sequence packet ,72733,72767
176.405,Received an expired out of sequence packet ,72734,72767
176.409,Received an expired out of sequence packet ,72735,72767
176.409,Received an expired out of sequence packet ,72736,72767
176.412,Received an expired out of sequence packet ,72737,72767
176.414,Received an expired out of sequence packet ,72738,72767
176.419,Received an expired out of sequence packet ,72739,72767
176.423,Received an expired out of sequence packet ,72740,72767
176.425,Received an expired out of sequence packet ,72741,72767
176.429,Received an expired out of sequence packet ,72742,72767
176.429,Received an expired out of sequence packet ,72743,72767
176.432,Received an expired out of sequence packet ,72744,72767
176.433,Received an expired out of sequence packet ,72745,72767
176.435,Received an expired out of sequence packet ,72746,72767
176.435,Received an expired out of sequence packet ,72747,72767
176.435,Received an expired out of sequence packet ,72748,72767
176.44,Received an expired out of sequence packet ,72749,72767
176.44,Received an expired out of sequence packet ,72750,72767
176.44,Received an expired out of sequence packet ,72751,72767
176.442,Received an expired out of sequence packet ,72752,72767
176.442,Received an expired out of sequence packet ,72753,72767
176.442,Received an expired out of sequence packet ,72754,72767
176.442,Received an expired out of sequence packet ,72755,72767
176.445,Received an expired out of sequence packet ,72756,72767
176.449,Received an expired out of sequence packet ,72757,72767
176.449,Received an expired out of sequence packet ,72758,72767
176.449,Received an expired out of sequence packet ,72759,72767
176.451,Received an expired out of sequence packet ,72760,72767
176.451,Received an expired out of sequence packet ,72761,72767
176.456,Received an expired out of sequence packet ,72762,72767
176.457,Received an expired out of sequence packet ,72763,72767
176.457,Received an expired out of sequence packet ,72764,72767
176.46,Received an expired out of sequence packet ,72765,72767
176.463,Received an expired out of sequence packet ,72766,72767
181.78,Timeout
181.78,clearing sending list because of timeout
181.796,Received an expired out of sequence packet ,75099,75167
181.796,Received an expired out of sequence packet ,75100,75167
181.796,Received an expired out of sequence packet ,75101,75167
181.796,Received an expired out of sequence packet ,75102,75167
181.93,Received an expired out of sequence packet ,75103,75167
181.933,Received an expired out of sequence packet ,75104,75167
181.933,Received an expired out of sequence packet ,75105,75167
181.933,Received an expired out of sequence packet ,75106,75167
181.933,Received an expired out of sequence packet ,75107,75167
181.933,Received an expired out of sequence packet ,75108,75167
181.937,Received an expired out of sequence packet ,75109,75167
181.937,Received an expired out of sequence packet ,75110,75167
181.937,Received an expired out of sequence packet ,75111,75167
181.937,Received an expired out of sequence packet ,75112,75167
181.937,Received an expired out of sequence packet ,75113,75167
181.937,Received an expired out of sequence packet ,75114,75167
181.937,Received an expired out of sequence packet ,75115,75167
181.937,Received an expired out of sequence packet ,75116,75167
181.937,Received an expired out of sequence packet ,75117,75167
181.937,Received an expired out of sequence packet ,75118,75167
181.937,Received an expired out of sequence packet ,75119,75167
181.937,Received an expired out of sequence packet ,75120,75167
181.937,Received an expired out of sequence packet ,75121,75167
181.937,Received an expired out of sequence packet ,75122,75167
181.968,Received an expired out of sequence packet ,75123,75167
181.968,Received an expired out of sequence packet ,75124,75167
181.968,Received an expired out of sequence packet ,75125,75167
181.977,Received an expired out of sequence packet ,75126,75167
181.977,Received an expired out of sequence packet ,75127,75167
181.977,Received an expired out of sequence packet ,75128,75167
181.977,Received an expired out of sequence packet ,75129,75167
181.98,Received an expired out of sequence packet ,75130,75167
181.98,Received an expired out of sequence packet ,75131,75167
181.981,Received an expired out of sequence packet ,75132,75167
181.981,Received an expired out of sequence packet ,75133,75167
182.011,Received an expired out of sequence packet ,75134,75167
182.011,Received an expired out of sequence packet ,75135,75167
182.011,Received an expired out of sequence packet ,75136,75167
182.014,Received an expired out of sequence packet ,75137,75167
182.014,Received an expired out of sequence packet ,75138,75167
182.014,Received an expired out of sequence packet ,75139,75167
182.024,Received an expired out of sequence packet ,75140,75167
182.027,Received an expired out of sequence packet ,75141,75167
182.027,Received an expired out of sequence packet ,75142,75167
182.029,Received an expired out of sequence packet ,75143,75167
182.029,Received an expired out of sequence packet ,75144,75167
182.029,Received an expired out of sequence packet ,75145,75167
182.029,Received an expired out of sequence packet ,75146,75167
182.029,Received an expired out of sequence packet ,75147,75167
182.03,Received an expired out of sequence packet ,75148,75167
182.03,Received an expired out of sequence packet ,75149,75167
182.03,Received an expired out of sequence packet ,75150,75167
182.03,Received an expired out of sequence packet ,75151,75167
182.03,Received an expired out of sequence packet ,75152,75167
182.03,Received an expired out of sequence packet ,75153,75167
182.031,Received an expired out of sequence packet ,75154,75167
182.031,Received an expired out of sequence packet ,75155,75167
182.031,Received an expired out of sequence packet ,75156,75167
182.031,Received an expired out of sequence packet ,75157,75167
182.031,Received an expired out of sequence packet ,75158,75167
182.031,Received an expired out of sequence packet ,75159,75167
182.031,Received an expired out of sequence packet ,75160,75167
182.031,Received an expired out of sequence packet ,75161,75167
182.031,Received an expired out of sequence packet ,75162,75167
182.031,Received an expired out of sequence packet ,75163,75167
182.031,Received an expired out of sequence packet ,75164,75167
182.032,Received an expired out of sequence packet ,75165,75167
182.032,Received an expired out of sequence packet ,75166,75167
199.381,Timeout
199.381,clearing sending list because of timeout
199.401,Received an expired out of sequence packet ,84896,85004
199.405,Received an expired out of sequence packet ,84897,85004
199.41,Received an expired out of sequence packet ,84898,85004
199.414,Received an expired out of sequence packet ,84899,85004
199.417,Received an expired out of sequence packet ,84900,85004
199.423,Received an expired out of sequence packet ,84901,85004
199.426,Received an expired out of sequence packet ,84902,85004
199.431,Received an expired out of sequence packet ,84903,85004
199.434,Received an expired out of sequence packet ,84904,85004
199.437,Received an expired out of sequence packet ,84905,85004
199.438,Received an expired out of sequence packet ,84906,85004
199.442,Received an expired out of sequence packet ,84907,85004
199.444,Received an expired out of sequence packet ,84908,85004
199.449,Received an expired out of sequence packet ,84909,85004
199.449,Received an expired out of sequence packet ,84910,85004
199.451,Received an expired out of sequence packet ,84911,85004
199.452,Received an expired out of sequence packet ,84912,85004
199.454,Received an expired out of sequence packet ,84913,85004
199.459,Received an expired out of sequence packet ,84914,85004
199.459,Received an expired out of sequence packet ,84915,85004
199.461,Received an expired out of sequence packet ,84916,85004
199.465,Received an expired out of sequence packet ,84917,85004
199.469,Received an expired out of sequence packet ,84918,85004
199.471,Received an expired out of sequence packet ,84919,85004
199.474,Received an expired out of sequence packet ,84920,85004
199.475,Received an expired out of sequence packet ,84921,85004
199.48,Received an expired out of sequence packet ,84922,85004
199.482,Received an expired out of sequence packet ,84923,85004
199.495,Received an expired out of sequence packet ,84924,85004
199.495,Received an expired out of sequence packet ,84925,85004
199.648,Received an expired out of sequence packet ,84926,85004
199.648,Received an expired out of sequence packet ,84927,85004
199.649,Received an expired out of sequence packet ,84928,85004
199.652,Received an expired out of sequence packet ,84929,85004
199.656,Received an expired out of sequence packet ,84930,85004
199.658,Received an expired out of sequence packet ,84931,85004
199.668,Received an expired out of sequence packet ,84932,85004
199.679,Received an expired out of sequence packet ,84933,85004
199.679,Received an expired out of sequence packet ,84934,85004
199.682,Received an expired out of sequence packet ,84935,85004
199.686,Received an expired out of sequence packet ,84936,85004
199.689,Received an expired out of sequence packet ,84937,85004
199.698,Received an expired out of sequence packet ,84938,85004
199.709,Received an expired out of sequence packet ,84939,85004
199.712,Received an expired out of sequence packet ,84940,85004
199.716,Received an expired out of sequence packet ,84941,85004
199.719,Received an expired out of sequence packet ,84942,85004
199.721,Received an expired out of sequence packet ,84943,85004
199.723,Received an expired out of sequence packet ,84944,85004
199.726,Received an expired out of sequence packet ,84945,85004
199.729,Received an expired out of sequence packet ,84946,85004
199.73,Received an expired out of sequence packet ,84947,85004
199.731,Received an expired out of sequence packet ,84948,85004
199.732,Received an expired out of sequence packet ,84949,85004
199.732,Received an expired out of sequence packet ,84950,85004
199.734,Received an expired out of sequence packet ,84951,85004
199.735,Received an expired out of sequence packet ,84952,85004
199.737,Received an expired out of sequence packet ,84953,85004
199.739,Received an expired out of sequence packet ,84954,85004
199.742,Received an expired out of sequence packet ,84955,85004
199.742,Received an expired out of sequence packet ,84956,85004
199.742,Received an expired out of sequence packet ,84957,85004
199.744,Received an expired out of sequence packet ,84958,85004
199.747,Received an expired out of sequence packet ,84959,85004
199.748,Received an expired out of sequence packet ,84960,85004
199.749,Received an expired out of sequence packet ,84961,85004
199.752,Received an expired out of sequence packet ,84962,85004
199.753,Received an expired out of sequence packet ,84963,85004
199.755,Received an expired out of sequence packet ,84964,85004
199.756,Received an expired out of sequence packet ,84965,85004
199.759,Received an expired out of sequence packet ,84966,85004
199.76,Received an expired out of sequence packet ,84967,85004
199.762,Received an expired out of sequence packet ,84968,85004
199.762,Received an expired out of sequence packet ,84969,85004
199.765,Received an expired out of sequence packet ,84970,85004
199.773,Received an expired out of sequence packet ,84971,85004
199.775,Received an expired out of sequence packet ,84972,85004
199.775,Received an expired out of sequence packet ,84973,85004
199.775,Received an expired out of sequence packet ,84974,85004
199.775,Received an expired out of sequence packet ,84975,85004
199.775,Received an expired out of sequence packet ,84976,85004
199.778,Received an expired out of sequence packet ,84977,85004
199.778,Received an expired out of sequence packet ,84978,85004
199.778,Received an expired out of sequence packet ,84979,85004
199.78,Received an expired out of sequence packet ,84980,85004
199.783,Received an expired out of sequence packet ,84981,85004
199.783,Received an expired out of sequence packet ,84982,85004
199.785,Received an expired out of sequence packet ,84983,85004
199.794,Received an expired out of sequence packet ,84984,85004
199.796,Received an expired out of sequence packet ,84985,85004
199.797,Received an expired out of sequence packet ,84986,85004
199.798,Received an expired out of sequence packet ,84987,85004
199.798,Received an expired out of sequence packet ,84988,85004
199.8,Received an expired out of sequence packet ,84989,85004
199.8,Received an expired out of sequence packet ,84990,85004
199.8,Received an expired out of sequence packet ,84991,85004
199.81,Received an expired out of sequence packet ,84992,85004
199.811,Received an expired out of sequence packet ,84993,85004
199.821,Received an expired out of sequence packet ,84994,85004
199.842,Received an expired out of sequence packet ,84995,85004
199.842,Received an expired out of sequence packet ,84996,85004
199.842,Received an expired out of sequence packet ,84997,85004
199.844,Received an expired out of sequence packet ,84998,85004
199.844,Received an expired out of sequence packet ,84999,85004
199.844,Received an expired out of sequence packet ,85000,85004
199.844,Received an expired out of sequence packet ,85001,85004
199.844,Received an expired out of sequence packet ,85002,85004
199.844,Received an expired out of sequence packet ,85003,85004
221.638,Timeout
221.638,clearing sending list because of timeout
221.682,Received an expired out of sequence packet ,104363,104770
221.682,Received an expired out of sequence packet ,104364,104770
221.682,Received an expired out of sequence packet ,104365,104770
221.731,Received an expired out of sequence packet ,104366,104770
221.736,Received an expired out of sequence packet ,104367,104770
221.736,Received an expired out of sequence packet ,104368,104770
221.736,Received an expired out of sequence packet ,104369,104770
221.736,Received an expired out of sequence packet ,104370,104770
221.736,Received an expired out of sequence packet ,104371,104770
221.736,Received an expired out of sequence packet ,104372,104770
221.739,Received an expired out of sequence packet ,104373,104770
221.739,Received an expired out of sequence packet ,104374,104770
221.739,Received an expired out of sequence packet ,104375,104770
221.739,Received an expired out of sequence packet ,104376,104770
221.739,Received an expired out of sequence packet ,104377,104770
221.739,Received an expired out of sequence packet ,104378,104770
221.739,Received an expired out of sequence packet ,104379,104770
221.739,Received an expired out of sequence packet ,104380,104770
221.739,Received an expired out of sequence packet ,104381,104770
221.739,Received an expired out of sequence packet ,104382,104770
221.739,Received an expired out of sequence packet ,104383,104770
221.74,Received an expired out of sequence packet ,104384,104770
221.74,Received an expired out of sequence packet ,104385,104770
221.74,Received an expired out of sequence packet ,104386,104770
221.74,Received an expired out of sequence packet ,104387,104770
221.77,Received an expired out of sequence packet ,104388,104770
221.772,Received an expired out of sequence packet ,104389,104770
221.777,Received an expired out of sequence packet ,104390,104770
221.778,Received an expired out of sequence packet ,104391,104770
221.778,Received an expired out of sequence packet ,104392,104770
221.782,Received an expired out of sequence packet ,104393,104770
221.782,Received an expired out of sequence packet ,104394,104770
221.782,Received an expired out of sequence packet ,104395,104770
221.782,Received an expired out of sequence packet ,104396,104770
221.782,Received an expired out of sequence packet ,104397,104770
221.79,Received an expired out of sequence packet ,104398,104770
221.79,Received an expired out of sequence packet ,104399,104770
221.79,Received an expired out of sequence packet ,104400,104770
221.79,Received an expired out of sequence packet ,104401,104770
221.79,Received an expired out of sequence packet ,104402,104770
221.79,Received an expired out of sequence packet ,104403,104770
221.79,Received an expired out of sequence packet ,104404,104770
221.79,Received an expired out of sequence packet ,104405,104770
221.791,Received an expired out of sequence packet ,104406,104770
221.793,Received an expired out of sequence packet ,104407,104770
221.793,Received an expired out of sequence packet ,104408,104770
221.793,Received an expired out of sequence packet ,104409,104770
221.793,Received an expired out of sequence packet ,104410,104770
221.793,Received an expired out of sequence packet ,104411,104770
221.793,Received an expired out of sequence packet ,104412,104770
221.793,Received an expired out of sequence packet ,104413,104770
221.793,Received an expired out of sequence packet ,104414,104770
221.793,Received an expired out of sequence packet ,104415,104770
221.793,Received an expired out of sequence packet ,104416,104770
221.794,Received an expired out of sequence packet ,104417,104770
221.794,Received an expired out of sequence packet ,104418,104770
221.794,Received an expired out of sequence packet ,104419,104770
221.794,Received an expired out of sequence packet ,104420,104770
221.794,Received an expired out of sequence packet ,104421,104770
221.806,Received an expired out of sequence packet ,104422,104770
221.806,Received an expired out of sequence packet ,104423,104770
221.806,Received an expired out of sequence packet ,104424,104770
221.806,Received an expired out of sequence packet ,104425,104770
221.806,Received an expired out of sequence packet ,104426,104770
221.806,Received an expired out of sequence packet ,104427,104770
221.806,Received an expired out of sequence packet ,104428,104770
221.806,Received an expired out of sequence packet ,104429,104770
221.806,Received an expired out of sequence packet ,104430,104770
221.816,Received an expired out of sequence packet ,104431,104770
221.816,Received an expired out of sequence packet ,104432,104770
221.816,Received an expired out of sequence packet ,104433,104770
221.816,Received an expired out of sequence packet ,104434,104770
221.818,Received an expired out of sequence packet ,104435,104770
221.818,Received an expired out of sequence packet ,104436,104770
221.818,Received an expired out of sequence packet ,104437,104770
221.824,Received an expired out of sequence packet ,104438,104770
221.824,Received an expired out of sequence packet ,104439,104770
221.824,Received an expired out of sequence packet ,104440,104770
221.824,Received an expired out of sequence packet ,104441,104770
221.824,Received an expired out of sequence packet ,104442,104770
221.824,Received an expired out of sequence packet ,104443,104770
221.824,Received an expired out of sequence packet ,104444,104770
221.824,Received an expired out of sequence packet ,104445,104770
221.824,Received an expired out of sequence packet ,104446,104770
221.824,Received an expired out of sequence packet ,104447,104770
221.824,Received an expired out of sequence packet ,104448,104770
221.824,Received an expired out of sequence packet ,104449,104770
221.824,Received an expired out of sequence packet ,104450,104770
221.824,Received an expired out of sequence packet ,104451,104770
221.825,Received an expired out of sequence packet ,104452,104770
221.825,Received an expired out of sequence packet ,104453,104770
221.826,Received an expired out of sequence packet ,104454,104770
221.826,Received an expired out of sequence packet ,104455,104770
221.826,Received an expired out of sequence packet ,104456,104770
221.826,Received an expired out of sequence packet ,104457,104770
221.826,Received an expired out of sequence packet ,104458,104770
221.826,Received an expired out of sequence packet ,104459,104770
221.826,Received an expired out of sequence packet ,104460,104770
221.826,Received an expired out of sequence packet ,104461,104770
221.826,Received an expired out of sequence packet ,104462,104770
221.826,Received an expired out of sequence packet ,104463,104770
221.826,Received an expired out of sequence packet ,104464,104770
221.83,Received an expired out of sequence packet ,104465,104770
221.83,Received an expired out of sequence packet ,104466,104770
221.83,Received an expired out of sequence packet ,104467,104770
221.831,Received an expired out of sequence packet ,104468,104770
221.831,Received an expired out of sequence packet ,104469,104770
221.831,Received an expired out of sequence packet ,104470,104770
221.834,Received an expired out of sequence packet ,104471,104770
221.834,Received an expired out of sequence packet ,104472,104770
221.834,Received an expired out of sequence packet ,104473,104770
221.834,Received an expired out of sequence packet ,104474,104770
221.834,Received an expired out of sequence packet ,104475,104770
221.834,Received an expired out of sequence packet ,104476,104770
221.835,Received an expired out of sequence packet ,104477,104770
221.835,Received an expired out of sequence packet ,104478,104770
221.835,Received an expired out of sequence packet ,104479,104770
221.835,Received an expired out of sequence packet ,104480,104770
221.835,Received an expired out of sequence packet ,104481,104770
221.835,Received an expired out of sequence packet ,104482,104770
221.835,Received an expired out of sequence packet ,104483,104770
221.835,Received an expired out of sequence packet ,104484,104770
221.835,Received an expired out of sequence packet ,104485,104770
221.84,Received an expired out of sequence packet ,104486,104770
221.84,Received an expired out of sequence packet ,104487,104770
221.84,Received an expired out of sequence packet ,104488,104770
221.84,Received an expired out of sequence packet ,104489,104770
221.84,Received an expired out of sequence packet ,104490,104770
221.845,Received an expired out of sequence packet ,104491,104770
221.845,Received an expired out of sequence packet ,104492,104770
221.845,Received an expired out of sequence packet ,104493,104770
221.845,Received an expired out of sequence packet ,104494,104770
221.845,Received an expired out of sequence packet ,104495,104770
221.845,Received an expired out of sequence packet ,104496,104770
221.845,Received an expired out of sequence packet ,104497,104770
221.845,Received an expired out of sequence packet ,104498,104770
221.845,Received an expired out of sequence packet ,104499,104770
221.845,Received an expired out of sequence packet ,104500,104770
221.845,Received an expired out of sequence packet ,104501,104770
221.845,Received an expired out of sequence packet ,104502,104770
221.845,Received an expired out of sequence packet ,104503,104770
221.845,Received an expired out of sequence packet ,104504,104770
221.854,Received an expired out of sequence packet ,104505,104770
221.854,Received an expired out of sequence packet ,104506,104770
221.854,Received an expired out of sequence packet ,104507,104770
221.854,Received an expired out of sequence packet ,104508,104770
221.854,Received an expired out of sequence packet ,104509,104770
221.854,Received an expired out of sequence packet ,104510,104770
221.854,Received an expired out of sequence packet ,104511,104770
221.854,Received an expired out of sequence packet ,104512,104770
221.854,Received an expired out of sequence packet ,104513,104770
221.854,Received an expired out of sequence packet ,104514,104770
221.854,Received an expired out of sequence packet ,104515,104770
221.854,Received an expired out of sequence packet ,104516,104770
221.854,Received an expired out of sequence packet ,104517,104770
221.854,Received an expired out of sequence packet ,104518,104770
221.854,Received an expired out of sequence packet ,104519,104770
221.854,Received an expired out of sequence packet ,104520,104770
221.858,Received an expired out of sequence packet ,104521,104770
221.863,Received an expired out of sequence packet ,104522,104770
221.863,Received an expired out of sequence packet ,104523,104770
221.863,Received an expired out of sequence packet ,104524,104770
221.863,Received an expired out of sequence packet ,104525,104770
221.863,Received an expired out of sequence packet ,104526,104770
221.863,Received an expired out of sequence packet ,104527,104770
221.864,Received an expired out of sequence packet ,104528,104770
221.864,Received an expired out of sequence packet ,104529,104770
221.869,Received an expired out of sequence packet ,104530,104770
221.87,Received an expired out of sequence packet ,104531,104770
221.87,Received an expired out of sequence packet ,104532,104770
221.87,Received an expired out of sequence packet ,104533,104770
221.87,Received an expired out of sequence packet ,104534,104770
221.87,Received an expired out of sequence packet ,104535,104770
221.871,Received an expired out of sequence packet ,104536,104770
221.871,Received an expired out of sequence packet ,104537,104770
221.871,Received an expired out of sequence packet ,104538,104770
221.871,Received an expired out of sequence packet ,104539,104770
221.871,Received an expired out of sequence packet ,104540,104770
221.871,Received an expired out of sequence packet ,104541,104770
221.871,Received an expired out of sequence packet ,104542,104770
221.871,Received an expired out of sequence packet ,104543,104770
221.871,Received an expired out of sequence packet ,104544,104770
221.871,Received an expired out of sequence packet ,104545,104770
221.872,Received an expired out of sequence packet ,104546,104770
221.872,Received an expired out of sequence packet ,104547,104770
221.872,Received an expired out of sequence packet ,104548,104770
221.872,Received an expired out of sequence packet ,104549,104770
221.872,Received an expired out of sequence packet ,104550,104770
221.872,Received an expired out of sequence packet ,104551,104770
221.872,Received an expired out of sequence packet ,104552,104770
221.878,Received an expired out of sequence packet ,104553,104770
221.878,Received an expired out of sequence packet ,104554,104770
221.878,Received an expired out of sequence packet ,104555,104770
221.878,Received an expired out of sequence packet ,104556,104770
221.878,Received an expired out of sequence packet ,104557,104770
221.878,Received an expired out of sequence packet ,104558,104770
221.878,Received an expired out of sequence packet ,104559,104770
221.878,Received an expired out of sequence packet ,104560,104770
221.878,Received an expired out of sequence packet ,104561,104770
221.878,Received an expired out of sequence packet ,104562,104770
221.878,Received an expired out of sequence packet ,104563,104770
221.878,Received an expired out of sequence packet ,104564,104770
221.884,Received an expired out of sequence packet ,104565,104770
221.884,Received an expired out of sequence packet ,104566,104770
221.884,Received an expired out of sequence packet ,104567,104770
221.884,Received an expired out of sequence packet ,104568,104770
221.884,Received an expired out of sequence packet ,104569,104770
221.885,Received an expired out of sequence packet ,104570,104770
221.885,Received an expired out of sequence packet ,104571,104770
221.885,Received an expired out of sequence packet ,104572,104770
221.885,Received an expired out of sequence packet ,104573,104770
221.885,Received an expired out of sequence packet ,104574,104770
221.885,Received an expired out of sequence packet ,104575,104770
221.885,Received an expired out of sequence packet ,104576,104770
221.885,Received an expired out of sequence packet ,104577,104770
221.885,Received an expired out of sequence packet ,104578,104770
221.885,Received an expired out of sequence packet ,104579,104770
221.885,Received an expired out of sequence packet ,104580,104770
221.885,Received an expired out of sequence packet ,104581,104770
221.885,Received an expired out of sequence packet ,104582,104770
221.885,Received an expired out of sequence packet ,104583,104770
221.885,Received an expired out of sequence packet ,104584,104770
221.885,Received an expired out of sequence packet ,104585,104770
221.888,Received an expired out of sequence packet ,104586,104770
221.888,Received an expired out of sequence packet ,104587,104770
221.888,Received an expired out of sequence packet ,104588,104770
221.889,Received an expired out of sequence packet ,104589,104770
221.889,Received an expired out of sequence packet ,104590,104770
221.889,Received an expired out of sequence packet ,104591,104770
221.889,Received an expired out of sequence packet ,104592,104770
221.889,Received an expired out of sequence packet ,104593,104770
221.889,Received an expired out of sequence packet ,104594,104770
221.89,Received an expired out of sequence packet ,104595,104770
221.89,Received an expired out of sequence packet ,104596,104770
221.89,Received an expired out of sequence packet ,104597,104770
221.89,Received an expired out of sequence packet ,104598,104770
221.89,Received an expired out of sequence packet ,104599,104770
221.89,Received an expired out of sequence packet ,104600,104770
221.89,Received an expired out of sequence packet ,104601,104770
221.89,Received an expired out of sequence packet ,104602,104770
221.89,Received an expired out of sequence packet ,104603,104770
221.89,Received an expired out of sequence packet ,104604,104770
221.891,Received an expired out of sequence packet ,104605,104770
221.891,Received an expired out of sequence packet ,104606,104770
221.892,Received an expired out of sequence packet ,104607,104770
221.892,Received an expired out of sequence packet ,104608,104770
221.892,Received an expired out of sequence packet ,104609,104770
221.892,Received an expired out of sequence packet ,104610,104770
221.892,Received an expired out of sequence packet ,104611,104770
221.892,Received an expired out of sequence packet ,104612,104770
221.892,Received an expired out of sequence packet ,104613,104770
221.9,Received an expired out of sequence packet ,104614,104770
221.9,Received an expired out of sequence packet ,104615,104770
221.9,Received an expired out of sequence packet ,104616,104770
221.9,Received an expired out of sequence packet ,104617,104770
221.9,Received an expired out of sequence packet ,104618,104770
221.9,Received an expired out of sequence packet ,104619,104770
221.9,Received an expired out of sequence packet ,104620,104770
221.9,Received an expired out of sequence packet ,104621,104770
221.9,Received an expired out of sequence packet ,104622,104770
221.909,Received an expired out of sequence packet ,104623,104770
221.909,Received an expired out of sequence packet ,104624,104770
221.909,Received an expired out of sequence packet ,104625,104770
221.909,Received an expired out of sequence packet ,104626,104770
221.909,Received an expired out of sequence packet ,104627,104770
221.911,Received an expired out of sequence packet ,104628,104770
221.911,Received an expired out of sequence packet ,104629,104770
221.911,Received an expired out of sequence packet ,104630,104770
221.911,Received an expired out of sequence packet ,104631,104770
221.911,Received an expired out of sequence packet ,104632,104770
221.911,Received an expired out of sequence packet ,104633,104770
221.911,Received an expired out of sequence packet ,104634,104770
221.911,Received an expired out of sequence packet ,104635,104770
221.911,Received an expired out of sequence packet ,104636,104770
221.911,Received an expired out of sequence packet ,104637,104770
221.911,Received an expired out of sequence packet ,104638,104770
221.911,Received an expired out of sequence packet ,104639,104770
221.911,Received an expired out of sequence packet ,104640,104770
221.911,Received an expired out of sequence packet ,104641,104770
221.911,Received an expired out of sequence packet ,104642,104770
221.911,Received an expired out of sequence packet ,104643,104770
221.911,Received an expired out of sequence packet ,104644,104770
221.911,Received an expired out of sequence packet ,104645,104770
221.912,Received an expired out of sequence packet ,104646,104770
221.912,Received an expired out of sequence packet ,104647,104770
221.912,Received an expired out of sequence packet ,104648,104770
221.912,Received an expired out of sequence packet ,104649,104770
221.912,Received an expired out of sequence packet ,104650,104770
221.912,Received an expired out of sequence packet ,104651,104770
221.912,Received an expired out of sequence packet ,104652,104770
221.912,Received an expired out of sequence packet ,104653,104770
221.912,Received an expired out of sequence packet ,104654,104770
221.912,Received an expired out of sequence packet ,104655,104770
221.912,Received an expired out of sequence packet ,104656,104770
221.912,Received an expired out of sequence packet ,104657,104770
221.912,Received an expired out of sequence packet ,104658,104770
221.912,Received an expired out of sequence packet ,104659,104770
221.912,Received an expired out of sequence packet ,104660,104770
221.912,Received an expired out of sequence packet ,104661,104770
221.913,Received an expired out of sequence packet ,104662,104770
221.913,Received an expired out of sequence packet ,104663,104770
221.913,Received an expired out of sequence packet ,104664,104770
221.913,Received an expired out of sequence packet ,104665,104770
221.913,Received an expired out of sequence packet ,104666,104770
221.913,Received an expired out of sequence packet ,104667,104770
221.913,Received an expired out of sequence packet ,104668,104770
221.913,Received an expired out of sequence packet ,104669,104770
221.913,Received an expired out of sequence packet ,104670,104770
221.913,Received an expired out of sequence packet ,104671,104770
221.913,Received an expired out of sequence packet ,104672,104770
221.913,Received an expired out of sequence packet ,104673,104770
221.914,Received an expired out of sequence packet ,104674,104770
221.914,Received an expired out of sequence packet ,104675,104770
221.914,Received an expired out of sequence packet ,104676,104770
221.914,Received an expired out of sequence packet ,104677,104770
221.914,Received an expired out of sequence packet ,104678,104770
221.914,Received an expired out of sequence packet ,104679,104770
221.914,Received an expired out of sequence packet ,104680,104770
221.914,Received an expired out of sequence packet ,104681,104770
221.914,Received an expired out of sequence packet ,104682,104770
221.914,Received an expired out of sequence packet ,104683,104770
221.914,Received an expired out of sequence packet ,104684,104770
221.914,Received an expired out of sequence packet ,104685,104770
221.914,Received an expired out of sequence packet ,104686,104770
221.914,Received an expired out of sequence packet ,104687,104770
221.914,Received an expired out of sequence packet ,104688,104770
221.914,Received an expired out of sequence packet ,104689,104770
221.915,Received an expired out of sequence packet ,104690,104770
221.915,Received an expired out of sequence packet ,104691,104770
221.915,Received an expired out of sequence packet ,104692,104770
221.915,Received an expired out of sequence packet ,104693,104770
221.915,Received an expired out of sequence packet ,104694,104770
221.915,Received an expired out of sequence packet ,104695,104770
221.915,Received an expired out of sequence packet ,104696,104770
221.915,Received an expired out of sequence packet ,104697,104770
221.915,Received an expired out of sequence packet ,104698,104770
221.92,Received an expired out of sequence packet ,104699,104770
221.92,Received an expired out of sequence packet ,104700,104770
221.92,Received an expired out of sequence packet ,104701,104770
221.92,Received an expired out of sequence packet ,104702,104770
221.92,Received an expired out of sequence packet ,104703,104770
221.92,Received an expired out of sequence packet ,104704,104770
221.92,Received an expired out of sequence packet ,104705,104770
221.92,Received an expired out of sequence packet ,104706,104770
221.922,Received an expired out of sequence packet ,104707,104770
221.922,Received an expired out of sequence packet ,104708,104770
221.922,Received an expired out of sequence packet ,104709,104770
221.922,Received an expired out of sequence packet ,104710,104770
221.922,Received an expired out of sequence packet ,104711,104770
221.922,Received an expired out of sequence packet ,104712,104770
221.922,Received an expired out of sequence packet ,104713,104770
221.922,Received an expired out of sequence packet ,104714,104770
221.923,Received an expired out of sequence packet ,104715,104770
221.923,Received an expired out of sequence packet ,104716,104770
221.923,Received an expired out of sequence packet ,104717,104770
221.923,Received an expired out of sequence packet ,104718,104770
221.924,Received an expired out of sequence packet ,104719,104770
221.926,Received an expired out of sequence packet ,104720,104770
221.926,Received an expired out of sequence packet ,104721,104770
221.926,Received an expired out of sequence packet ,104722,104770
221.927,Received an expired out of sequence packet ,104723,104770
221.927,Received an expired out of sequence packet ,104724,104770
221.928,Received an expired out of sequence packet ,104725,104770
221.928,Received an expired out of sequence packet ,104726,104770
221.928,Received an expired out of sequence packet ,104727,104770
221.928,Received an expired out of sequence packet ,104728,104770
221.928,Received an expired out of sequence packet ,104729,104770
221.928,Received an expired out of sequence packet ,104730,104770
221.928,Received an expired out of sequence packet ,104731,104770
221.928,Received an expired out of sequence packet ,104732,104770
221.928,Received an expired out of sequence packet ,104733,104770
221.928,Received an expired out of sequence packet ,104734,104770
221.928,Received an expired out of sequence packet ,104735,104770
221.928,Received an expired out of sequence packet ,104736,104770
221.932,Received an expired out of sequence packet ,104737,104770
221.932,Received an expired out of sequence packet ,104738,104770
221.936,Received an expired out of sequence packet ,104739,104770
221.936,Received an expired out of sequence packet ,104740,104770
221.936,Received an expired out of sequence packet ,104741,104770
221.936,Received an expired out of sequence packet ,104742,104770
221.936,Received an expired out of sequence packet ,104743,104770
221.937,Received an expired out of sequence packet ,104744,104770
221.937,Received an expired out of sequence packet ,104745,104770
221.937,Received an expired out of sequence packet ,104746,104770
221.937,Received an expired out of sequence packet ,104747,104770
221.937,Received an expired out of sequence packet ,104748,104770
221.937,Received an expired out of sequence packet ,104749,104770
221.937,Received an expired out of sequence packet ,104750,104770
221.937,Received an expired out of sequence packet ,104751,104770
221.937,Received an expired out of sequence packet ,104752,104770
221.937,Received an expired out of sequence packet ,104753,104770
221.938,Received an expired out of sequence packet ,104754,104770
221.938,Received an expired out of sequence packet ,104755,104770
221.938,Received an expired out of sequence packet ,104756,104770
221.938,Received an expired out of sequence packet ,104757,104770
