1.0987,Exit slow start,exceeding SS_EXIT_THRESHOLD
7.10656,Restart,can't map delay on delay curve
8.40627,Exit slow start,exceeding SS_EXIT_THRESHOLD
48.5723,Restart,can't map delay on delay curve
49.995,Exit slow start,exceeding SS_EXIT_THRESHOLD
58.5788,Timeout
58.5788,clearing sending list because of timeout
58.5891,Received an expired out of sequence packet ,6111,6522
58.6237,Received an expired out of sequence packet ,6112,6522
58.6278,Received an expired out of sequence packet ,6113,6522
58.6999,Received an expired out of sequence packet ,6114,6522
58.6999,Received an expired out of sequence packet ,6115,6522
58.6999,Received an expired out of sequence packet ,6116,6522
58.7,Received an expired out of sequence packet ,6117,6522
58.7,Received an expired out of sequence packet ,6118,6522
58.7,Received an expired out of sequence packet ,6119,6522
58.7,Received an expired out of sequence packet ,6120,6522
58.7,Received an expired out of sequence packet ,6121,6522
58.7001,Received an expired out of sequence packet ,6122,6522
58.7001,Received an expired out of sequence packet ,6123,6522
58.7001,Received an expired out of sequence packet ,6124,6522
58.7021,Received an expired out of sequence packet ,6125,6522
58.7316,Received an expired out of sequence packet ,6126,6522
58.7316,Received an expired out of sequence packet ,6127,6522
58.7316,Received an expired out of sequence packet ,6128,6522
58.7316,Received an expired out of sequence packet ,6129,6522
58.7316,Received an expired out of sequence packet ,6130,6522
58.7316,Received an expired out of sequence packet ,6131,6522
58.7317,Received an expired out of sequence packet ,6132,6522
58.7317,Received an expired out of sequence packet ,6133,6522
58.7317,Received an expired out of sequence packet ,6134,6522
58.7467,Received an expired out of sequence packet ,6135,6522
58.7467,Received an expired out of sequence packet ,6136,6522
58.7467,Received an expired out of sequence packet ,6137,6522
58.7467,Received an expired out of sequence packet ,6138,6522
58.7468,Received an expired out of sequence packet ,6139,6522
58.7468,Received an expired out of sequence packet ,6140,6522
58.7468,Received an expired out of sequence packet ,6141,6522
58.7468,Received an expired out of sequence packet ,6142,6522
58.7468,Received an expired out of sequence packet ,6143,6522
58.7468,Received an expired out of sequence packet ,6144,6522
58.7469,Received an expired out of sequence packet ,6145,6522
58.7469,Received an expired out of sequence packet ,6146,6522
58.7469,Received an expired out of sequence packet ,6147,6522
58.7469,Received an expired out of sequence packet ,6148,6522
58.7559,Received an expired out of sequence packet ,6149,6522
58.756,Received an expired out of sequence packet ,6150,6522
58.756,Received an expired out of sequence packet ,6151,6522
58.756,Received an expired out of sequence packet ,6152,6522
58.7631,Received an expired out of sequence packet ,6153,6522
58.7631,Received an expired out of sequence packet ,6154,6522
58.7662,Received an expired out of sequence packet ,6155,6522
58.7662,Received an expired out of sequence packet ,6156,6522
58.7662,Received an expired out of sequence packet ,6157,6522
58.7663,Received an expired out of sequence packet ,6158,6522
58.7663,Received an expired out of sequence packet ,6159,6522
58.7663,Received an expired out of sequence packet ,6160,6522
58.7663,Received an expired out of sequence packet ,6161,6522
58.7663,Received an expired out of sequence packet ,6162,6522
58.7663,Received an expired out of sequence packet ,6163,6522
58.8091,Received an expired out of sequence packet ,6164,6522
58.8091,Received an expired out of sequence packet ,6165,6522
58.8092,Received an expired out of sequence packet ,6166,6522
58.8092,Received an expired out of sequence packet ,6167,6522
58.8092,Received an expired out of sequence packet ,6168,6522
58.8092,Received an expired out of sequence packet ,6169,6522
58.8949,Received an expired out of sequence packet ,6170,6522
58.8949,Received an expired out of sequence packet ,6171,6522
58.895,Received an expired out of sequence packet ,6172,6522
58.895,Received an expired out of sequence packet ,6173,6522
58.899,Received an expired out of sequence packet ,6174,6522
58.899,Received an expired out of sequence packet ,6175,6522
58.8991,Received an expired out of sequence packet ,6176,6522
58.8991,Received an expired out of sequence packet ,6177,6522
58.9011,Received an expired out of sequence packet ,6178,6522
58.9011,Received an expired out of sequence packet ,6179,6522
58.9011,Received an expired out of sequence packet ,6180,6522
58.9012,Received an expired out of sequence packet ,6181,6522
58.9012,Received an expired out of sequence packet ,6182,6522
58.9012,Received an expired out of sequence packet ,6183,6522
58.9012,Received an expired out of sequence packet ,6184,6522
58.9012,Received an expired out of sequence packet ,6185,6522
58.9012,Received an expired out of sequence packet ,6186,6522
58.9013,Received an expired out of sequence packet ,6187,6522
58.9013,Received an expired out of sequence packet ,6188,6522
58.9013,Received an expired out of sequence packet ,6189,6522
58.9013,Received an expired out of sequence packet ,6190,6522
58.9013,Received an expired out of sequence packet ,6191,6522
58.9013,Received an expired out of sequence packet ,6192,6522
58.9014,Received an expired out of sequence packet ,6193,6522
58.9053,Received an expired out of sequence packet ,6194,6522
58.9053,Received an expired out of sequence packet ,6195,6522
58.9053,Received an expired out of sequence packet ,6196,6522
58.9053,Received an expired out of sequence packet ,6197,6522
58.9053,Received an expired out of sequence packet ,6198,6522
58.9053,Received an expired out of sequence packet ,6199,6522
58.9054,Received an expired out of sequence packet ,6200,6522
58.9054,Received an expired out of sequence packet ,6201,6522
58.9054,Received an expired out of sequence packet ,6202,6522
58.9054,Received an expired out of sequence packet ,6203,6522
58.9054,Received an expired out of sequence packet ,6204,6522
58.9114,Received an expired out of sequence packet ,6205,6522
58.9114,Received an expired out of sequence packet ,6206,6522
58.9114,Received an expired out of sequence packet ,6207,6522
58.9114,Received an expired out of sequence packet ,6208,6522
58.9115,Received an expired out of sequence packet ,6209,6522
58.9115,Received an expired out of sequence packet ,6210,6522
58.9115,Received an expired out of sequence packet ,6211,6522
58.9115,Received an expired out of sequence packet ,6212,6522
58.9115,Received an expired out of sequence packet ,6213,6522
58.9115,Received an expired out of sequence packet ,6214,6522
58.9116,Received an expired out of sequence packet ,6215,6522
58.9116,Received an expired out of sequence packet ,6216,6522
58.9116,Received an expired out of sequence packet ,6217,6522
58.9116,Received an expired out of sequence packet ,6218,6522
58.9116,Received an expired out of sequence packet ,6219,6522
58.9116,Received an expired out of sequence packet ,6220,6522
58.9117,Received an expired out of sequence packet ,6221,6522
58.9117,Received an expired out of sequence packet ,6222,6522
58.9117,Received an expired out of sequence packet ,6223,6522
58.9117,Received an expired out of sequence packet ,6224,6522
58.9117,Received an expired out of sequence packet ,6225,6522
58.9117,Received an expired out of sequence packet ,6226,6522
58.9118,Received an expired out of sequence packet ,6227,6522
58.9118,Received an expired out of sequence packet ,6228,6522
58.9118,Received an expired out of sequence packet ,6229,6522
58.9118,Received an expired out of sequence packet ,6230,6522
58.9118,Received an expired out of sequence packet ,6231,6522
58.9118,Received an expired out of sequence packet ,6232,6522
58.9119,Received an expired out of sequence packet ,6233,6522
58.9119,Received an expired out of sequence packet ,6234,6522
58.9126,Received an expired out of sequence packet ,6235,6522
58.9127,Received an expired out of sequence packet ,6236,6522
58.9127,Received an expired out of sequence packet ,6237,6522
58.9453,Received an expired out of sequence packet ,6238,6522
58.9464,Received an expired out of sequence packet ,6239,6522
58.9464,Received an expired out of sequence packet ,6240,6522
58.9465,Received an expired out of sequence packet ,6241,6522
58.9465,Received an expired out of sequence packet ,6242,6522
58.9465,Received an expired out of sequence packet ,6243,6522
58.9465,Received an expired out of sequence packet ,6244,6522
58.9465,Received an expired out of sequence packet ,6245,6522
58.9465,Received an expired out of sequence packet ,6246,6522
58.9546,Received an expired out of sequence packet ,6247,6522
58.9546,Received an expired out of sequence packet ,6248,6522
58.9546,Received an expired out of sequence packet ,6249,6522
58.9547,Received an expired out of sequence packet ,6250,6522
58.9567,Received an expired out of sequence packet ,6251,6522
58.9567,Received an expired out of sequence packet ,6252,6522
58.9568,Received an expired out of sequence packet ,6253,6522
58.9568,Received an expired out of sequence packet ,6254,6522
58.9787,Received an expired out of sequence packet ,6255,6522
58.9787,Received an expired out of sequence packet ,6256,6522
58.9888,Received an expired out of sequence packet ,6257,6522
58.9888,Received an expired out of sequence packet ,6258,6522
58.9888,Received an expired out of sequence packet ,6259,6522
58.9889,Received an expired out of sequence packet ,6260,6522
58.9909,Received an expired out of sequence packet ,6261,6522
58.9909,Received an expired out of sequence packet ,6262,6522
58.9909,Received an expired out of sequence packet ,6263,6522
58.991,Received an expired out of sequence packet ,6264,6522
58.991,Received an expired out of sequence packet ,6265,6522
58.991,Received an expired out of sequence packet ,6266,6522
59.0122,Received an expired out of sequence packet ,6267,6522
59.0122,Received an expired out of sequence packet ,6268,6522
59.0123,Received an expired out of sequence packet ,6269,6522
59.0123,Received an expired out of sequence packet ,6270,6522
59.0123,Received an expired out of sequence packet ,6271,6522
59.0123,Received an expired out of sequence packet ,6272,6522
59.0123,Received an expired out of sequence packet ,6273,6522
59.0123,Received an expired out of sequence packet ,6274,6522
59.0124,Received an expired out of sequence packet ,6275,6522
59.0124,Received an expired out of sequence packet ,6276,6522
59.0124,Received an expired out of sequence packet ,6277,6522
59.0124,Received an expired out of sequence packet ,6278,6522
59.0124,Received an expired out of sequence packet ,6279,6522
59.0124,Received an expired out of sequence packet ,6280,6522
59.0125,Received an expired out of sequence packet ,6281,6522
59.0125,Received an expired out of sequence packet ,6282,6522
59.0125,Received an expired out of sequence packet ,6283,6522
59.0125,Received an expired out of sequence packet ,6284,6522
59.0125,Received an expired out of sequence packet ,6285,6522
59.0125,Received an expired out of sequence packet ,6286,6522
59.0215,Received an expired out of sequence packet ,6287,6522
59.0215,Received an expired out of sequence packet ,6288,6522
59.0215,Received an expired out of sequence packet ,6289,6522
59.0215,Received an expired out of sequence packet ,6290,6522
59.0246,Received an expired out of sequence packet ,6291,6522
59.0246,Received an expired out of sequence packet ,6292,6522
59.0755,Received an expired out of sequence packet ,6293,6522
59.0755,Received an expired out of sequence packet ,6294,6522
59.0755,Received an expired out of sequence packet ,6295,6522
59.0755,Received an expired out of sequence packet ,6296,6522
59.0755,Received an expired out of sequence packet ,6297,6522
59.1383,Received an expired out of sequence packet ,6298,6522
59.1383,Received an expired out of sequence packet ,6299,6522
59.1477,Received an expired out of sequence packet ,6300,6522
59.1518,Received an expired out of sequence packet ,6301,6522
59.1518,Received an expired out of sequence packet ,6302,6522
59.1518,Received an expired out of sequence packet ,6303,6522
59.1518,Received an expired out of sequence packet ,6304,6522
59.1518,Received an expired out of sequence packet ,6305,6522
59.1519,Received an expired out of sequence packet ,6306,6522
59.1549,Received an expired out of sequence packet ,6307,6522
59.1549,Received an expired out of sequence packet ,6308,6522
59.1549,Received an expired out of sequence packet ,6309,6522
59.1549,Received an expired out of sequence packet ,6310,6522
59.1549,Received an expired out of sequence packet ,6311,6522
59.155,Received an expired out of sequence packet ,6312,6522
59.155,Received an expired out of sequence packet ,6313,6522
59.155,Received an expired out of sequence packet ,6314,6522
59.155,Received an expired out of sequence packet ,6315,6522
59.155,Received an expired out of sequence packet ,6316,6522
59.155,Received an expired out of sequence packet ,6317,6522
59.1551,Received an expired out of sequence packet ,6318,6522
59.1551,Received an expired out of sequence packet ,6319,6522
59.1551,Received an expired out of sequence packet ,6320,6522
59.1551,Received an expired out of sequence packet ,6321,6522
59.1551,Received an expired out of sequence packet ,6322,6522
59.158,Received an expired out of sequence packet ,6323,6522
59.158,Received an expired out of sequence packet ,6324,6522
59.158,Received an expired out of sequence packet ,6325,6522
59.158,Received an expired out of sequence packet ,6326,6522
59.1581,Received an expired out of sequence packet ,6327,6522
59.1581,Received an expired out of sequence packet ,6328,6522
59.1581,Received an expired out of sequence packet ,6329,6522
59.1581,Received an expired out of sequence packet ,6330,6522
59.1581,Received an expired out of sequence packet ,6331,6522
59.1581,Received an expired out of sequence packet ,6332,6522
59.1582,Received an expired out of sequence packet ,6333,6522
59.1582,Received an expired out of sequence packet ,6334,6522
59.1582,Received an expired out of sequence packet ,6335,6522
59.1582,Received an expired out of sequence packet ,6336,6522
59.1582,Received an expired out of sequence packet ,6337,6522
59.1582,Received an expired out of sequence packet ,6338,6522
59.1583,Received an expired out of sequence packet ,6339,6522
59.1583,Received an expired out of sequence packet ,6340,6522
59.1583,Received an expired out of sequence packet ,6341,6522
59.1583,Received an expired out of sequence packet ,6342,6522
59.1583,Received an expired out of sequence packet ,6343,6522
59.1583,Received an expired out of sequence packet ,6344,6522
59.1584,Received an expired out of sequence packet ,6345,6522
59.1641,Received an expired out of sequence packet ,6346,6522
59.1642,Received an expired out of sequence packet ,6347,6522
59.1642,Received an expired out of sequence packet ,6348,6522
59.1642,Received an expired out of sequence packet ,6349,6522
59.1642,Received an expired out of sequence packet ,6350,6522
59.1642,Received an expired out of sequence packet ,6351,6522
59.1642,Received an expired out of sequence packet ,6352,6522
59.1643,Received an expired out of sequence packet ,6353,6522
59.2061,Received an expired out of sequence packet ,6354,6522
59.2102,Received an expired out of sequence packet ,6355,6522
59.2163,Received an expired out of sequence packet ,6356,6522
59.2194,Received an expired out of sequence packet ,6357,6522
59.2546,Received an expired out of sequence packet ,6358,6522
59.2546,Received an expired out of sequence packet ,6359,6522
59.2586,Received an expired out of sequence packet ,6360,6522
59.2586,Received an expired out of sequence packet ,6361,6522
59.2618,Received an expired out of sequence packet ,6362,6522
59.2618,Received an expired out of sequence packet ,6363,6522
59.2618,Received an expired out of sequence packet ,6364,6522
59.2618,Received an expired out of sequence packet ,6365,6522
59.2618,Received an expired out of sequence packet ,6366,6522
59.2619,Received an expired out of sequence packet ,6367,6522
59.2785,Received an expired out of sequence packet ,6368,6522
59.2785,Received an expired out of sequence packet ,6369,6522
59.2785,Received an expired out of sequence packet ,6370,6522
59.2786,Received an expired out of sequence packet ,6371,6522
59.2786,Received an expired out of sequence packet ,6372,6522
59.2786,Received an expired out of sequence packet ,6373,6522
59.2786,Received an expired out of sequence packet ,6374,6522
59.2787,Received an expired out of sequence packet ,6375,6522
59.2897,Received an expired out of sequence packet ,6376,6522
59.2938,Received an expired out of sequence packet ,6377,6522
59.2938,Received an expired out of sequence packet ,6378,6522
59.2938,Received an expired out of sequence packet ,6379,6522
59.2939,Received an expired out of sequence packet ,6380,6522
59.2939,Received an expired out of sequence packet ,6381,6522
59.295,Received an expired out of sequence packet ,6382,6522
59.295,Received an expired out of sequence packet ,6383,6522
59.295,Received an expired out of sequence packet ,6384,6522
59.295,Received an expired out of sequence packet ,6385,6522
59.295,Received an expired out of sequence packet ,6386,6522
59.2951,Received an expired out of sequence packet ,6387,6522
59.2951,Received an expired out of sequence packet ,6388,6522
59.2951,Received an expired out of sequence packet ,6389,6522
59.2951,Received an expired out of sequence packet ,6390,6522
59.2951,Received an expired out of sequence packet ,6391,6522
59.2951,Received an expired out of sequence packet ,6392,6522
59.2952,Received an expired out of sequence packet ,6393,6522
59.2952,Received an expired out of sequence packet ,6394,6522
59.2952,Received an expired out of sequence packet ,6395,6522
59.2952,Received an expired out of sequence packet ,6396,6522
59.2952,Received an expired out of sequence packet ,6397,6522
59.2952,Received an expired out of sequence packet ,6398,6522
59.3991,Received an expired out of sequence packet ,6399,6522
59.4022,Received an expired out of sequence packet ,6400,6522
59.4022,Received an expired out of sequence packet ,6401,6522
59.4065,Received an expired out of sequence packet ,6402,6522
59.4065,Received an expired out of sequence packet ,6403,6522
59.4065,Received an expired out of sequence packet ,6404,6522
59.4065,Received an expired out of sequence packet ,6405,6522
59.4065,Received an expired out of sequence packet ,6406,6522
59.4066,Received an expired out of sequence packet ,6407,6522
59.4066,Received an expired out of sequence packet ,6408,6522
59.4066,Received an expired out of sequence packet ,6409,6522
59.4066,Received an expired out of sequence packet ,6410,6522
59.4129,Received an expired out of sequence packet ,6411,6522
59.4129,Received an expired out of sequence packet ,6412,6522
59.413,Received an expired out of sequence packet ,6413,6522
59.413,Received an expired out of sequence packet ,6414,6522
59.413,Received an expired out of sequence packet ,6415,6522
59.413,Received an expired out of sequence packet ,6416,6522
59.413,Received an expired out of sequence packet ,6417,6522
59.413,Received an expired out of sequence packet ,6418,6522
59.4131,Received an expired out of sequence packet ,6419,6522
59.4131,Received an expired out of sequence packet ,6420,6522
59.4131,Received an expired out of sequence packet ,6421,6522
59.4202,Received an expired out of sequence packet ,6422,6522
59.4202,Received an expired out of sequence packet ,6423,6522
59.4243,Received an expired out of sequence packet ,6424,6522
59.4243,Received an expired out of sequence packet ,6425,6522
59.4244,Received an expired out of sequence packet ,6426,6522
59.4244,Received an expired out of sequence packet ,6427,6522
59.4275,Received an expired out of sequence packet ,6428,6522
59.4275,Received an expired out of sequence packet ,6429,6522
59.4275,Received an expired out of sequence packet ,6430,6522
59.4275,Received an expired out of sequence packet ,6431,6522
59.4276,Received an expired out of sequence packet ,6432,6522
59.4276,Received an expired out of sequence packet ,6433,6522
59.4276,Received an expired out of sequence packet ,6434,6522
59.4276,Received an expired out of sequence packet ,6435,6522
59.4276,Received an expired out of sequence packet ,6436,6522
59.4276,Received an expired out of sequence packet ,6437,6522
59.4277,Received an expired out of sequence packet ,6438,6522
59.4277,Received an expired out of sequence packet ,6439,6522
59.4277,Received an expired out of sequence packet ,6440,6522
59.4277,Received an expired out of sequence packet ,6441,6522
59.4278,Received an expired out of sequence packet ,6442,6522
59.4357,Received an expired out of sequence packet ,6443,6522
59.4357,Received an expired out of sequence packet ,6444,6522
59.4357,Received an expired out of sequence packet ,6445,6522
59.4357,Received an expired out of sequence packet ,6446,6522
59.4358,Received an expired out of sequence packet ,6447,6522
59.4358,Received an expired out of sequence packet ,6448,6522
59.4358,Received an expired out of sequence packet ,6449,6522
59.4358,Received an expired out of sequence packet ,6450,6522
59.4358,Received an expired out of sequence packet ,6451,6522
59.4716,Received an expired out of sequence packet ,6452,6522
59.4716,Received an expired out of sequence packet ,6453,6522
59.4716,Received an expired out of sequence packet ,6454,6522
59.4716,Received an expired out of sequence packet ,6455,6522
59.4777,Received an expired out of sequence packet ,6456,6522
59.4778,Received an expired out of sequence packet ,6457,6522
59.4778,Received an expired out of sequence packet ,6458,6522
59.4829,Received an expired out of sequence packet ,6459,6522
59.4829,Received an expired out of sequence packet ,6460,6522
59.4829,Received an expired out of sequence packet ,6461,6522
59.4829,Received an expired out of sequence packet ,6462,6522
59.483,Received an expired out of sequence packet ,6463,6522
59.5067,Received an expired out of sequence packet ,6464,6522
59.5099,Received an expired out of sequence packet ,6465,6522
59.5317,Received an expired out of sequence packet ,6466,6522
59.5358,Received an expired out of sequence packet ,6467,6522
59.5358,Received an expired out of sequence packet ,6468,6522
59.5358,Received an expired out of sequence packet ,6469,6522
59.5359,Received an expired out of sequence packet ,6470,6522
59.5359,Received an expired out of sequence packet ,6471,6522
59.5359,Received an expired out of sequence packet ,6472,6522
59.5459,Received an expired out of sequence packet ,6473,6522
59.5459,Received an expired out of sequence packet ,6474,6522
59.5459,Received an expired out of sequence packet ,6475,6522
59.546,Received an expired out of sequence packet ,6476,6522
59.546,Received an expired out of sequence packet ,6477,6522
59.546,Received an expired out of sequence packet ,6478,6522
59.546,Received an expired out of sequence packet ,6479,6522
59.546,Received an expired out of sequence packet ,6480,6522
59.5461,Received an expired out of sequence packet ,6481,6522
59.5461,Received an expired out of sequence packet ,6482,6522
59.5461,Received an expired out of sequence packet ,6483,6522
59.5461,Received an expired out of sequence packet ,6484,6522
59.5461,Received an expired out of sequence packet ,6485,6522
59.5461,Received an expired out of sequence packet ,6486,6522
59.5462,Received an expired out of sequence packet ,6487,6522
59.5462,Received an expired out of sequence packet ,6488,6522
59.5462,Received an expired out of sequence packet ,6489,6522
59.5462,Received an expired out of sequence packet ,6490,6522
59.5462,Received an expired out of sequence packet ,6491,6522
59.5462,Received an expired out of sequence packet ,6492,6522
59.5463,Received an expired out of sequence packet ,6493,6522
59.5463,Received an expired out of sequence packet ,6494,6522
59.5463,Received an expired out of sequence packet ,6495,6522
59.5463,Received an expired out of sequence packet ,6496,6522
59.5463,Received an expired out of sequence packet ,6497,6522
59.6433,Received an expired out of sequence packet ,6498,6522
59.6433,Received an expired out of sequence packet ,6499,6522
59.6526,Received an expired out of sequence packet ,6500,6522
59.6526,Received an expired out of sequence packet ,6501,6522
59.6577,Received an expired out of sequence packet ,6502,6522
59.6577,Received an expired out of sequence packet ,6503,6522
59.6578,Received an expired out of sequence packet ,6504,6522
59.6578,Received an expired out of sequence packet ,6505,6522
59.6598,Received an expired out of sequence packet ,6506,6522
59.6599,Received an expired out of sequence packet ,6507,6522
59.6599,Received an expired out of sequence packet ,6508,6522
59.6599,Received an expired out of sequence packet ,6509,6522
59.6599,Received an expired out of sequence packet ,6510,6522
59.6599,Received an expired out of sequence packet ,6511,6522
59.66,Received an expired out of sequence packet ,6512,6522
59.66,Received an expired out of sequence packet ,6513,6522
59.66,Received an expired out of sequence packet ,6514,6522
59.66,Received an expired out of sequence packet ,6515,6522
59.66,Received an expired out of sequence packet ,6516,6522
59.66,Received an expired out of sequence packet ,6517,6522
59.6601,Received an expired out of sequence packet ,6518,6522
59.6601,Received an expired out of sequence packet ,6519,6522
59.6601,Received an expired out of sequence packet ,6520,6522
59.663,Received an expired out of sequence packet ,6521,6522
73.0562,Timeout
73.0562,clearing sending list because of timeout
73.5352,Timeout
73.5352,clearing sending list because of timeout
73.5897,Received an expired out of sequence packet ,15723,15850
73.5897,Received an expired out of sequence packet ,15724,15850
73.5897,Received an expired out of sequence packet ,15725,15850
73.5897,Received an expired out of sequence packet ,15726,15850
73.623,Received an expired out of sequence packet ,15727,15850
73.6271,Received an expired out of sequence packet ,15728,15850
73.6995,Received an expired out of sequence packet ,15729,15850
73.6995,Received an expired out of sequence packet ,15730,15850
73.6995,Received an expired out of sequence packet ,15731,15850
73.6995,Received an expired out of sequence packet ,15732,15850
73.6995,Received an expired out of sequence packet ,15733,15850
73.6995,Received an expired out of sequence packet ,15734,15850
73.6995,Received an expired out of sequence packet ,15735,15850
73.6996,Received an expired out of sequence packet ,15736,15850
73.6996,Received an expired out of sequence packet ,15737,15850
73.6996,Received an expired out of sequence packet ,15738,15850
73.6996,Received an expired out of sequence packet ,15739,15850
73.7027,Received an expired out of sequence packet ,15740,15850
73.7313,Received an expired out of sequence packet ,15741,15850
73.7313,Received an expired out of sequence packet ,15742,15850
73.7314,Received an expired out of sequence packet ,15743,15850
73.7314,Received an expired out of sequence packet ,15744,15850
73.7314,Received an expired out of sequence packet ,15745,15850
73.7314,Received an expired out of sequence packet ,15746,15850
73.7314,Received an expired out of sequence packet ,15747,15850
73.7314,Received an expired out of sequence packet ,15748,15850
73.7314,Received an expired out of sequence packet ,15749,15850
73.7345,Received an expired out of sequence packet ,15750,15850
73.7345,Received an expired out of sequence packet ,15751,15850
73.7345,Received an expired out of sequence packet ,15752,15850
73.7345,Received an expired out of sequence packet ,15753,15850
73.7465,Received an expired out of sequence packet ,15754,15850
73.7465,Received an expired out of sequence packet ,15755,15850
73.7465,Received an expired out of sequence packet ,15756,15850
73.7466,Received an expired out of sequence packet ,15757,15850
73.7466,Received an expired out of sequence packet ,15758,15850
73.7466,Received an expired out of sequence packet ,15759,15850
73.7466,Received an expired out of sequence packet ,15760,15850
73.7466,Received an expired out of sequence packet ,15761,15850
73.7466,Received an expired out of sequence packet ,15762,15850
73.7466,Received an expired out of sequence packet ,15763,15850
73.7466,Received an expired out of sequence packet ,15764,15850
73.7559,Received an expired out of sequence packet ,15765,15850
73.7559,Received an expired out of sequence packet ,15766,15850
73.7559,Received an expired out of sequence packet ,15767,15850
73.7559,Received an expired out of sequence packet ,15768,15850
73.763,Received an expired out of sequence packet ,15769,15850
73.763,Received an expired out of sequence packet ,15770,15850
73.7662,Received an expired out of sequence packet ,15771,15850
73.7662,Received an expired out of sequence packet ,15772,15850
73.7662,Received an expired out of sequence packet ,15773,15850
73.7662,Received an expired out of sequence packet ,15774,15850
73.7662,Received an expired out of sequence packet ,15775,15850
73.7662,Received an expired out of sequence packet ,15776,15850
73.7662,Received an expired out of sequence packet ,15777,15850
73.7662,Received an expired out of sequence packet ,15778,15850
73.8091,Received an expired out of sequence packet ,15779,15850
73.8091,Received an expired out of sequence packet ,15780,15850
73.8091,Received an expired out of sequence packet ,15781,15850
73.8091,Received an expired out of sequence packet ,15782,15850
73.8091,Received an expired out of sequence packet ,15783,15850
73.8092,Received an expired out of sequence packet ,15784,15850
73.8955,Received an expired out of sequence packet ,15785,15850
73.8955,Received an expired out of sequence packet ,15786,15850
73.8955,Received an expired out of sequence packet ,15787,15850
73.8955,Received an expired out of sequence packet ,15788,15850
73.8995,Received an expired out of sequence packet ,15789,15850
73.8995,Received an expired out of sequence packet ,15790,15850
73.8995,Received an expired out of sequence packet ,15791,15850
73.8995,Received an expired out of sequence packet ,15792,15850
73.9026,Received an expired out of sequence packet ,15793,15850
73.9026,Received an expired out of sequence packet ,15794,15850
73.9026,Received an expired out of sequence packet ,15795,15850
73.9026,Received an expired out of sequence packet ,15796,15850
73.9026,Received an expired out of sequence packet ,15797,15850
73.9026,Received an expired out of sequence packet ,15798,15850
73.9026,Received an expired out of sequence packet ,15799,15850
73.9026,Received an expired out of sequence packet ,15800,15850
73.9027,Received an expired out of sequence packet ,15801,15850
73.9027,Received an expired out of sequence packet ,15802,15850
73.9027,Received an expired out of sequence packet ,15803,15850
73.9027,Received an expired out of sequence packet ,15804,15850
73.9027,Received an expired out of sequence packet ,15805,15850
73.9027,Received an expired out of sequence packet ,15806,15850
73.9027,Received an expired out of sequence packet ,15807,15850
73.9027,Received an expired out of sequence packet ,15808,15850
73.9047,Received an expired out of sequence packet ,15809,15850
73.9047,Received an expired out of sequence packet ,15810,15850
73.9047,Received an expired out of sequence packet ,15811,15850
73.9047,Received an expired out of sequence packet ,15812,15850
73.9047,Received an expired out of sequence packet ,15813,15850
73.9048,Received an expired out of sequence packet ,15814,15850
73.9048,Received an expired out of sequence packet ,15815,15850
73.9048,Received an expired out of sequence packet ,15816,15850
73.9048,Received an expired out of sequence packet ,15817,15850
73.9058,Received an expired out of sequence packet ,15818,15850
73.9058,Received an expired out of sequence packet ,15819,15850
73.9058,Received an expired out of sequence packet ,15820,15850
73.9058,Received an expired out of sequence packet ,15821,15850
73.9058,Received an expired out of sequence packet ,15822,15850
73.9058,Received an expired out of sequence packet ,15823,15850
73.9059,Received an expired out of sequence packet ,15824,15850
73.9059,Received an expired out of sequence packet ,15825,15850
73.9059,Received an expired out of sequence packet ,15826,15850
73.9059,Received an expired out of sequence packet ,15827,15850
73.9109,Received an expired out of sequence packet ,15828,15850
73.9109,Received an expired out of sequence packet ,15829,15850
73.9109,Received an expired out of sequence packet ,15830,15850
73.9109,Received an expired out of sequence packet ,15831,15850
73.9109,Received an expired out of sequence packet ,15832,15850
73.911,Received an expired out of sequence packet ,15833,15850
73.911,Received an expired out of sequence packet ,15834,15850
73.911,Received an expired out of sequence packet ,15835,15850
73.911,Received an expired out of sequence packet ,15836,15850
73.911,Received an expired out of sequence packet ,15837,15850
73.911,Received an expired out of sequence packet ,15838,15850
73.911,Received an expired out of sequence packet ,15839,15850
73.911,Received an expired out of sequence packet ,15840,15850
73.911,Received an expired out of sequence packet ,15841,15850
73.911,Received an expired out of sequence packet ,15842,15850
73.911,Received an expired out of sequence packet ,15843,15850
73.911,Received an expired out of sequence packet ,15844,15850
73.9111,Received an expired out of sequence packet ,15845,15850
73.9111,Received an expired out of sequence packet ,15846,15850
73.9111,Received an expired out of sequence packet ,15847,15850
73.9111,Received an expired out of sequence packet ,15848,15850
73.9111,Received an expired out of sequence packet ,15849,15850
113.528,Timeout
113.528,clearing sending list because of timeout
113.577,Received an expired out of sequence packet ,33563,33779
114.577,Timeout
114.577,clearing sending list because of timeout
114.591,Received an expired out of sequence packet ,33564,33787
114.973,Received an expired out of sequence packet ,33565,33787
114.975,Received an expired out of sequence packet ,33566,33787
114.975,Received an expired out of sequence packet ,33567,33787
114.975,Received an expired out of sequence packet ,33568,33787
114.977,Received an expired out of sequence packet ,33569,33787
114.977,Received an expired out of sequence packet ,33570,33787
114.977,Received an expired out of sequence packet ,33571,33787
114.977,Received an expired out of sequence packet ,33572,33787
114.98,Received an expired out of sequence packet ,33573,33787
114.98,Received an expired out of sequence packet ,33574,33787
114.982,Received an expired out of sequence packet ,33575,33787
114.982,Received an expired out of sequence packet ,33576,33787
114.982,Received an expired out of sequence packet ,33577,33787
114.982,Received an expired out of sequence packet ,33578,33787
114.982,Received an expired out of sequence packet ,33579,33787
114.982,Received an expired out of sequence packet ,33580,33787
114.982,Received an expired out of sequence packet ,33581,33787
114.982,Received an expired out of sequence packet ,33582,33787
114.982,Received an expired out of sequence packet ,33583,33787
114.996,Received an expired out of sequence packet ,33584,33787
114.996,Received an expired out of sequence packet ,33585,33787
114.996,Received an expired out of sequence packet ,33586,33787
114.996,Received an expired out of sequence packet ,33587,33787
114.998,Received an expired out of sequence packet ,33588,33787
114.998,Received an expired out of sequence packet ,33589,33787
115,Received an expired out of sequence packet ,33590,33787
115.002,Received an expired out of sequence packet ,33591,33787
115.002,Received an expired out of sequence packet ,33592,33787
115.004,Received an expired out of sequence packet ,33593,33787
115.004,Received an expired out of sequence packet ,33594,33787
115.004,Received an expired out of sequence packet ,33595,33787
115.004,Received an expired out of sequence packet ,33596,33787
115.004,Received an expired out of sequence packet ,33597,33787
115.004,Received an expired out of sequence packet ,33598,33787
115.004,Received an expired out of sequence packet ,33599,33787
115.004,Received an expired out of sequence packet ,33600,33787
115.004,Received an expired out of sequence packet ,33601,33787
115.009,Received an expired out of sequence packet ,33602,33787
115.009,Received an expired out of sequence packet ,33603,33787
115.011,Received an expired out of sequence packet ,33604,33787
115.011,Received an expired out of sequence packet ,33605,33787
115.011,Received an expired out of sequence packet ,33606,33787
115.011,Received an expired out of sequence packet ,33607,33787
115.014,Received an expired out of sequence packet ,33608,33787
115.027,Received an expired out of sequence packet ,33609,33787
115.027,Received an expired out of sequence packet ,33610,33787
115.027,Received an expired out of sequence packet ,33611,33787
115.03,Received an expired out of sequence packet ,33612,33787
115.03,Received an expired out of sequence packet ,33613,33787
115.031,Received an expired out of sequence packet ,33614,33787
115.031,Received an expired out of sequence packet ,33615,33787
115.031,Received an expired out of sequence packet ,33616,33787
115.034,Received an expired out of sequence packet ,33617,33787
115.034,Received an expired out of sequence packet ,33618,33787
115.034,Received an expired out of sequence packet ,33619,33787
115.039,Received an expired out of sequence packet ,33620,33787
115.039,Received an expired out of sequence packet ,33621,33787
115.039,Received an expired out of sequence packet ,33622,33787
115.039,Received an expired out of sequence packet ,33623,33787
115.039,Received an expired out of sequence packet ,33624,33787
115.041,Received an expired out of sequence packet ,33625,33787
115.041,Received an expired out of sequence packet ,33626,33787
115.041,Received an expired out of sequence packet ,33627,33787
115.044,Received an expired out of sequence packet ,33628,33787
115.044,Received an expired out of sequence packet ,33629,33787
115.044,Received an expired out of sequence packet ,33630,33787
115.044,Received an expired out of sequence packet ,33631,33787
115.044,Received an expired out of sequence packet ,33632,33787
115.05,Received an expired out of sequence packet ,33633,33787
115.05,Received an expired out of sequence packet ,33634,33787
115.05,Received an expired out of sequence packet ,33635,33787
115.05,Received an expired out of sequence packet ,33636,33787
115.055,Received an expired out of sequence packet ,33637,33787
115.055,Received an expired out of sequence packet ,33638,33787
115.055,Received an expired out of sequence packet ,33639,33787
115.055,Received an expired out of sequence packet ,33640,33787
115.055,Received an expired out of sequence packet ,33641,33787
115.055,Received an expired out of sequence packet ,33642,33787
115.057,Received an expired out of sequence packet ,33643,33787
115.057,Received an expired out of sequence packet ,33644,33787
115.057,Received an expired out of sequence packet ,33645,33787
115.06,Received an expired out of sequence packet ,33646,33787
115.06,Received an expired out of sequence packet ,33647,33787
115.062,Received an expired out of sequence packet ,33648,33787
115.065,Received an expired out of sequence packet ,33649,33787
115.065,Received an expired out of sequence packet ,33650,33787
115.065,Received an expired out of sequence packet ,33651,33787
115.068,Received an expired out of sequence packet ,33652,33787
115.072,Received an expired out of sequence packet ,33653,33787
115.072,Received an expired out of sequence packet ,33654,33787
115.072,Received an expired out of sequence packet ,33655,33787
115.072,Received an expired out of sequence packet ,33656,33787
115.072,Received an expired out of sequence packet ,33657,33787
115.075,Received an expired out of sequence packet ,33658,33787
115.078,Received an expired out of sequence packet ,33659,33787
115.078,Received an expired out of sequence packet ,33660,33787
115.093,Received an expired out of sequence packet ,33661,33787
115.093,Received an expired out of sequence packet ,33662,33787
115.093,Received an expired out of sequence packet ,33663,33787
115.095,Received an expired out of sequence packet ,33664,33787
115.095,Received an expired out of sequence packet ,33665,33787
115.099,Received an expired out of sequence packet ,33666,33787
115.099,Received an expired out of sequence packet ,33667,33787
115.099,Received an expired out of sequence packet ,33668,33787
115.1,Received an expired out of sequence packet ,33669,33787
115.1,Received an expired out of sequence packet ,33670,33787
115.1,Received an expired out of sequence packet ,33671,33787
115.1,Received an expired out of sequence packet ,33672,33787
115.103,Received an expired out of sequence packet ,33673,33787
115.103,Received an expired out of sequence packet ,33674,33787
115.103,Received an expired out of sequence packet ,33675,33787
115.103,Received an expired out of sequence packet ,33676,33787
115.103,Received an expired out of sequence packet ,33677,33787
115.103,Received an expired out of sequence packet ,33678,33787
115.104,Received an expired out of sequence packet ,33679,33787
115.104,Received an expired out of sequence packet ,33680,33787
115.107,Received an expired out of sequence packet ,33681,33787
115.111,Received an expired out of sequence packet ,33682,33787
115.111,Received an expired out of sequence packet ,33683,33787
115.111,Received an expired out of sequence packet ,33684,33787
115.114,Received an expired out of sequence packet ,33685,33787
115.114,Received an expired out of sequence packet ,33686,33787
115.118,Received an expired out of sequence packet ,33687,33787
115.118,Received an expired out of sequence packet ,33688,33787
115.118,Received an expired out of sequence packet ,33689,33787
115.12,Received an expired out of sequence packet ,33690,33787
115.12,Received an expired out of sequence packet ,33691,33787
115.12,Received an expired out of sequence packet ,33692,33787
115.123,Received an expired out of sequence packet ,33693,33787
115.125,Received an expired out of sequence packet ,33694,33787
115.126,Received an expired out of sequence packet ,33695,33787
115.13,Received an expired out of sequence packet ,33696,33787
115.13,Received an expired out of sequence packet ,33697,33787
115.13,Received an expired out of sequence packet ,33698,33787
115.133,Received an expired out of sequence packet ,33699,33787
115.133,Received an expired out of sequence packet ,33700,33787
115.133,Received an expired out of sequence packet ,33701,33787
115.133,Received an expired out of sequence packet ,33702,33787
115.133,Received an expired out of sequence packet ,33703,33787
115.139,Received an expired out of sequence packet ,33704,33787
115.139,Received an expired out of sequence packet ,33705,33787
115.139,Received an expired out of sequence packet ,33706,33787
115.139,Received an expired out of sequence packet ,33707,33787
115.141,Received an expired out of sequence packet ,33708,33787
115.141,Received an expired out of sequence packet ,33709,33787
115.141,Received an expired out of sequence packet ,33710,33787
115.141,Received an expired out of sequence packet ,33711,33787
115.145,Received an expired out of sequence packet ,33712,33787
115.145,Received an expired out of sequence packet ,33713,33787
115.145,Received an expired out of sequence packet ,33714,33787
115.148,Received an expired out of sequence packet ,33715,33787
115.148,Received an expired out of sequence packet ,33716,33787
115.151,Received an expired out of sequence packet ,33717,33787
115.151,Received an expired out of sequence packet ,33718,33787
115.153,Received an expired out of sequence packet ,33719,33787
115.153,Received an expired out of sequence packet ,33720,33787
115.153,Received an expired out of sequence packet ,33721,33787
115.154,Received an expired out of sequence packet ,33722,33787
115.156,Received an expired out of sequence packet ,33723,33787
115.156,Received an expired out of sequence packet ,33724,33787
115.159,Received an expired out of sequence packet ,33725,33787
115.162,Received an expired out of sequence packet ,33726,33787
115.163,Received an expired out of sequence packet ,33727,33787
115.163,Received an expired out of sequence packet ,33728,33787
115.164,Received an expired out of sequence packet ,33729,33787
115.164,Received an expired out of sequence packet ,33730,33787
115.18,Received an expired out of sequence packet ,33731,33787
115.18,Received an expired out of sequence packet ,33732,33787
115.183,Received an expired out of sequence packet ,33733,33787
115.183,Received an expired out of sequence packet ,33734,33787
115.184,Received an expired out of sequence packet ,33735,33787
115.185,Received an expired out of sequence packet ,33736,33787
115.185,Received an expired out of sequence packet ,33737,33787
115.185,Received an expired out of sequence packet ,33738,33787
115.185,Received an expired out of sequence packet ,33739,33787
115.187,Received an expired out of sequence packet ,33740,33787
115.187,Received an expired out of sequence packet ,33741,33787
115.187,Received an expired out of sequence packet ,33742,33787
115.187,Received an expired out of sequence packet ,33743,33787
115.19,Received an expired out of sequence packet ,33744,33787
115.19,Received an expired out of sequence packet ,33745,33787
115.192,Received an expired out of sequence packet ,33746,33787
115.192,Received an expired out of sequence packet ,33747,33787
115.193,Received an expired out of sequence packet ,33748,33787
115.193,Received an expired out of sequence packet ,33749,33787
115.193,Received an expired out of sequence packet ,33750,33787
115.193,Received an expired out of sequence packet ,33751,33787
115.193,Received an expired out of sequence packet ,33752,33787
115.195,Received an expired out of sequence packet ,33753,33787
115.195,Received an expired out of sequence packet ,33754,33787
115.195,Received an expired out of sequence packet ,33755,33787
115.195,Received an expired out of sequence packet ,33756,33787
115.208,Received an expired out of sequence packet ,33757,33787
115.208,Received an expired out of sequence packet ,33758,33787
115.208,Received an expired out of sequence packet ,33759,33787
115.21,Received an expired out of sequence packet ,33760,33787
115.213,Received an expired out of sequence packet ,33761,33787
115.214,Received an expired out of sequence packet ,33762,33787
115.214,Received an expired out of sequence packet ,33763,33787
115.214,Received an expired out of sequence packet ,33764,33787
115.214,Received an expired out of sequence packet ,33765,33787
115.214,Received an expired out of sequence packet ,33766,33787
115.214,Received an expired out of sequence packet ,33767,33787
115.214,Received an expired out of sequence packet ,33768,33787
115.215,Received an expired out of sequence packet ,33769,33787
115.215,Received an expired out of sequence packet ,33770,33787
115.215,Received an expired out of sequence packet ,33771,33787
115.217,Received an expired out of sequence packet ,33772,33787
115.217,Received an expired out of sequence packet ,33773,33787
115.217,Received an expired out of sequence packet ,33774,33787
115.217,Received an expired out of sequence packet ,33775,33787
115.217,Received an expired out of sequence packet ,33776,33787
115.217,Received an expired out of sequence packet ,33777,33787
115.218,Received an expired out of sequence packet ,33778,33787
115.218,Received an expired out of sequence packet ,33779,33787
115.22,Received an expired out of sequence packet ,33780,33787
115.223,Received an expired out of sequence packet ,33781,33787
115.223,Received an expired out of sequence packet ,33782,33787
115.228,Received an expired out of sequence packet ,33783,33787
115.228,Received an expired out of sequence packet ,33784,33787
115.228,Received an expired out of sequence packet ,33785,33787
115.228,Received an expired out of sequence packet ,33786,33787
120.168,Timeout
120.168,clearing sending list because of timeout
120.382,Timeout
120.382,clearing sending list because of timeout
120.514,Received an expired out of sequence packet ,37561,37564
120.518,Received an expired out of sequence packet ,37562,37564
120.518,Received an expired out of sequence packet ,37563,37564
120.853,Timeout
120.853,clearing sending list because of timeout
120.857,Received an expired out of sequence packet ,37569,37661
120.857,Received an expired out of sequence packet ,37570,37661
120.86,Received an expired out of sequence packet ,37571,37661
120.86,Received an expired out of sequence packet ,37572,37661
120.867,Received an expired out of sequence packet ,37573,37661
120.867,Received an expired out of sequence packet ,37574,37661
120.867,Received an expired out of sequence packet ,37575,37661
120.871,Received an expired out of sequence packet ,37576,37661
120.871,Received an expired out of sequence packet ,37577,37661
120.871,Received an expired out of sequence packet ,37578,37661
120.871,Received an expired out of sequence packet ,37579,37661
120.871,Received an expired out of sequence packet ,37580,37661
120.893,Received an expired out of sequence packet ,37581,37661
120.893,Received an expired out of sequence packet ,37582,37661
120.893,Received an expired out of sequence packet ,37583,37661
120.893,Received an expired out of sequence packet ,37584,37661
120.893,Received an expired out of sequence packet ,37585,37661
120.893,Received an expired out of sequence packet ,37586,37661
120.893,Received an expired out of sequence packet ,37587,37661
120.893,Received an expired out of sequence packet ,37588,37661
120.893,Received an expired out of sequence packet ,37589,37661
120.901,Received an expired out of sequence packet ,37590,37661
120.901,Received an expired out of sequence packet ,37591,37661
120.903,Received an expired out of sequence packet ,37592,37661
120.903,Received an expired out of sequence packet ,37593,37661
120.906,Received an expired out of sequence packet ,37594,37661
120.906,Received an expired out of sequence packet ,37595,37661
120.907,Received an expired out of sequence packet ,37596,37661
120.907,Received an expired out of sequence packet ,37597,37661
120.907,Received an expired out of sequence packet ,37598,37661
120.907,Received an expired out of sequence packet ,37599,37661
120.907,Received an expired out of sequence packet ,37600,37661
120.907,Received an expired out of sequence packet ,37601,37661
120.91,Received an expired out of sequence packet ,37602,37661
120.91,Received an expired out of sequence packet ,37603,37661
120.91,Received an expired out of sequence packet ,37604,37661
120.91,Received an expired out of sequence packet ,37605,37661
120.91,Received an expired out of sequence packet ,37606,37661
120.91,Received an expired out of sequence packet ,37607,37661
120.91,Received an expired out of sequence packet ,37608,37661
120.914,Received an expired out of sequence packet ,37609,37661
120.914,Received an expired out of sequence packet ,37610,37661
120.914,Received an expired out of sequence packet ,37611,37661
120.915,Received an expired out of sequence packet ,37612,37661
120.915,Received an expired out of sequence packet ,37613,37661
120.915,Received an expired out of sequence packet ,37614,37661
120.915,Received an expired out of sequence packet ,37615,37661
120.915,Received an expired out of sequence packet ,37616,37661
120.915,Received an expired out of sequence packet ,37617,37661
120.915,Received an expired out of sequence packet ,37618,37661
120.915,Received an expired out of sequence packet ,37619,37661
120.923,Received an expired out of sequence packet ,37620,37661
120.923,Received an expired out of sequence packet ,37621,37661
120.923,Received an expired out of sequence packet ,37622,37661
120.923,Received an expired out of sequence packet ,37623,37661
120.923,Received an expired out of sequence packet ,37624,37661
120.934,Received an expired out of sequence packet ,37625,37661
120.934,Received an expired out of sequence packet ,37626,37661
120.934,Received an expired out of sequence packet ,37627,37661
120.934,Received an expired out of sequence packet ,37628,37661
120.934,Received an expired out of sequence packet ,37629,37661
120.934,Received an expired out of sequence packet ,37630,37661
120.934,Received an expired out of sequence packet ,37631,37661
120.934,Received an expired out of sequence packet ,37632,37661
120.959,Received an expired out of sequence packet ,37633,37661
120.959,Received an expired out of sequence packet ,37634,37661
120.959,Received an expired out of sequence packet ,37635,37661
120.959,Received an expired out of sequence packet ,37636,37661
120.959,Received an expired out of sequence packet ,37637,37661
120.959,Received an expired out of sequence packet ,37638,37661
120.959,Received an expired out of sequence packet ,37639,37661
120.959,Received an expired out of sequence packet ,37640,37661
120.959,Received an expired out of sequence packet ,37641,37661
120.967,Received an expired out of sequence packet ,37642,37661
120.967,Received an expired out of sequence packet ,37643,37661
120.972,Received an expired out of sequence packet ,37644,37661
120.972,Received an expired out of sequence packet ,37645,37661
120.972,Received an expired out of sequence packet ,37646,37661
120.972,Received an expired out of sequence packet ,37647,37661
120.972,Received an expired out of sequence packet ,37648,37661
120.972,Received an expired out of sequence packet ,37649,37661
120.972,Received an expired out of sequence packet ,37650,37661
120.975,Received an expired out of sequence packet ,37651,37661
120.975,Received an expired out of sequence packet ,37652,37661
120.975,Received an expired out of sequence packet ,37653,37661
120.975,Received an expired out of sequence packet ,37654,37661
120.975,Received an expired out of sequence packet ,37655,37661
120.975,Received an expired out of sequence packet ,37656,37661
120.975,Received an expired out of sequence packet ,37657,37661
120.975,Received an expired out of sequence packet ,37658,37661
120.984,Received an expired out of sequence packet ,37659,37661
120.984,Received an expired out of sequence packet ,37660,37661
169.39,Missing packet expired,75244
174.225,Timeout
174.225,clearing sending list because of timeout
174.451,Timeout
174.451,clearing sending list because of timeout
174.677,Timeout
174.677,clearing sending list because of timeout
174.77,Received an expired out of sequence packet ,78446,78487
174.77,Received an expired out of sequence packet ,78447,78487
174.824,Received an expired out of sequence packet ,78448,78487
174.827,Received an expired out of sequence packet ,78449,78487
174.827,Received an expired out of sequence packet ,78450,78487
174.827,Received an expired out of sequence packet ,78451,78487
174.827,Received an expired out of sequence packet ,78452,78487
174.827,Received an expired out of sequence packet ,78453,78487
174.827,Received an expired out of sequence packet ,78454,78487
174.827,Received an expired out of sequence packet ,78455,78487
174.827,Received an expired out of sequence packet ,78456,78487
174.827,Received an expired out of sequence packet ,78457,78487
174.827,Received an expired out of sequence packet ,78458,78487
174.982,Received an expired out of sequence packet ,78459,78487
174.982,Received an expired out of sequence packet ,78460,78487
174.982,Received an expired out of sequence packet ,78461,78487
174.982,Received an expired out of sequence packet ,78462,78487
174.982,Received an expired out of sequence packet ,78463,78487
174.982,Received an expired out of sequence packet ,78464,78487
174.982,Received an expired out of sequence packet ,78465,78487
174.982,Received an expired out of sequence packet ,78466,78487
174.982,Received an expired out of sequence packet ,78467,78487
174.982,Received an expired out of sequence packet ,78468,78487
174.982,Received an expired out of sequence packet ,78469,78487
174.982,Received an expired out of sequence packet ,78470,78487
174.984,Received an expired out of sequence packet ,78471,78487
174.984,Received an expired out of sequence packet ,78472,78487
174.99,Received an expired out of sequence packet ,78473,78487
174.99,Received an expired out of sequence packet ,78474,78487
174.99,Received an expired out of sequence packet ,78475,78487
174.992,Received an expired out of sequence packet ,78476,78487
174.994,Received an expired out of sequence packet ,78477,78487
174.999,Received an expired out of sequence packet ,78478,78487
175.006,Received an expired out of sequence packet ,78479,78487
175.009,Received an expired out of sequence packet ,78480,78487
175.013,Received an expired out of sequence packet ,78481,78487
175.018,Received an expired out of sequence packet ,78482,78487
175.023,Received an expired out of sequence packet ,78483,78487
175.036,Received an expired out of sequence packet ,78484,78487
175.036,Received an expired out of sequence packet ,78485,78487
175.036,Received an expired out of sequence packet ,78486,78487
180.703,Timeout
180.703,clearing sending list because of timeout
180.787,Received an expired out of sequence packet ,79693,79751
180.787,Received an expired out of sequence packet ,79694,79751
180.797,Received an expired out of sequence packet ,79695,79751
180.797,Received an expired out of sequence packet ,79696,79751
180.8,Received an expired out of sequence packet ,79697,79751
180.8,Received an expired out of sequence packet ,79698,79751
180.8,Received an expired out of sequence packet ,79699,79751
180.801,Received an expired out of sequence packet ,79700,79751
180.801,Received an expired out of sequence packet ,79701,79751
180.803,Received an expired out of sequence packet ,79702,79751
180.803,Received an expired out of sequence packet ,79703,79751
180.803,Received an expired out of sequence packet ,79704,79751
180.803,Received an expired out of sequence packet ,79705,79751
180.818,Received an expired out of sequence packet ,79706,79751
180.822,Received an expired out of sequence packet ,79707,79751
180.829,Received an expired out of sequence packet ,79708,79751
180.832,Received an expired out of sequence packet ,79709,79751
180.839,Received an expired out of sequence packet ,79710,79751
180.839,Received an expired out of sequence packet ,79711,79751
180.839,Received an expired out of sequence packet ,79712,79751
180.839,Received an expired out of sequence packet ,79713,79751
180.839,Received an expired out of sequence packet ,79714,79751
180.839,Received an expired out of sequence packet ,79715,79751
180.839,Received an expired out of sequence packet ,79716,79751
180.839,Received an expired out of sequence packet ,79717,79751
180.839,Received an expired out of sequence packet ,79718,79751
180.839,Received an expired out of sequence packet ,79719,79751
180.842,Received an expired out of sequence packet ,79720,79751
180.842,Received an expired out of sequence packet ,79721,79751
180.842,Received an expired out of sequence packet ,79722,79751
180.842,Received an expired out of sequence packet ,79723,79751
180.858,Received an expired out of sequence packet ,79724,79751
180.858,Received an expired out of sequence packet ,79725,79751
180.862,Received an expired out of sequence packet ,79726,79751
180.862,Received an expired out of sequence packet ,79727,79751
180.862,Received an expired out of sequence packet ,79728,79751
180.862,Received an expired out of sequence packet ,79729,79751
180.864,Received an expired out of sequence packet ,79730,79751
180.864,Received an expired out of sequence packet ,79731,79751
180.864,Received an expired out of sequence packet ,79732,79751
180.864,Received an expired out of sequence packet ,79733,79751
180.867,Received an expired out of sequence packet ,79734,79751
180.868,Received an expired out of sequence packet ,79735,79751
180.868,Received an expired out of sequence packet ,79736,79751
180.868,Received an expired out of sequence packet ,79737,79751
180.868,Received an expired out of sequence packet ,79738,79751
180.872,Received an expired out of sequence packet ,79739,79751
180.872,Received an expired out of sequence packet ,79740,79751
180.882,Received an expired out of sequence packet ,79741,79751
180.882,Received an expired out of sequence packet ,79742,79751
180.882,Received an expired out of sequence packet ,79743,79751
180.882,Received an expired out of sequence packet ,79744,79751
180.906,Received an expired out of sequence packet ,79745,79751
180.906,Received an expired out of sequence packet ,79746,79751
180.906,Received an expired out of sequence packet ,79747,79751
180.91,Received an expired out of sequence packet ,79748,79751
180.91,Received an expired out of sequence packet ,79749,79751
180.912,Received an expired out of sequence packet ,79750,79751
221.913,Timeout
221.913,clearing sending list because of timeout
221.914,Received an expired out of sequence packet ,103479,103598
222.914,Timeout
222.914,clearing sending list because of timeout
222.914,Received an expired out of sequence packet ,103480,103600
223.914,Timeout
223.914,clearing sending list because of timeout
223.926,Received an expired out of sequence packet ,103481,103608
224.913,Received an expired out of sequence packet ,103482,103608
224.971,Received an expired out of sequence packet ,103483,103608
224.977,Received an expired out of sequence packet ,103484,103608
224.977,Received an expired out of sequence packet ,103485,103608
224.977,Received an expired out of sequence packet ,103486,103608
224.98,Received an expired out of sequence packet ,103487,103608
224.98,Received an expired out of sequence packet ,103488,103608
224.982,Received an expired out of sequence packet ,103489,103608
224.982,Received an expired out of sequence packet ,103490,103608
224.982,Received an expired out of sequence packet ,103491,103608
224.983,Received an expired out of sequence packet ,103492,103608
224.983,Received an expired out of sequence packet ,103493,103608
224.987,Received an expired out of sequence packet ,103494,103608
224.987,Received an expired out of sequence packet ,103495,103608
224.989,Received an expired out of sequence packet ,103496,103608
224.991,Received an expired out of sequence packet ,103497,103608
224.991,Received an expired out of sequence packet ,103498,103608
224.991,Received an expired out of sequence packet ,103499,103608
224.995,Received an expired out of sequence packet ,103500,103608
224.995,Received an expired out of sequence packet ,103501,103608
224.995,Received an expired out of sequence packet ,103502,103608
224.999,Received an expired out of sequence packet ,103503,103608
224.999,Received an expired out of sequence packet ,103504,103608
224.999,Received an expired out of sequence packet ,103505,103608
225.015,Received an expired out of sequence packet ,103506,103608
225.015,Received an expired out of sequence packet ,103507,103608
225.016,Received an expired out of sequence packet ,103508,103608
225.017,Received an expired out of sequence packet ,103509,103608
225.017,Received an expired out of sequence packet ,103510,103608
225.019,Received an expired out of sequence packet ,103511,103608
225.019,Received an expired out of sequence packet ,103512,103608
225.019,Received an expired out of sequence packet ,103513,103608
225.019,Received an expired out of sequence packet ,103514,103608
225.019,Received an expired out of sequence packet ,103515,103608
225.019,Received an expired out of sequence packet ,103516,103608
225.019,Received an expired out of sequence packet ,103517,103608
225.021,Received an expired out of sequence packet ,103518,103608
225.021,Received an expired out of sequence packet ,103519,103608
225.024,Received an expired out of sequence packet ,103520,103608
225.026,Received an expired out of sequence packet ,103521,103608
225.026,Received an expired out of sequence packet ,103522,103608
225.028,Received an expired out of sequence packet ,103523,103608
225.031,Received an expired out of sequence packet ,103524,103608
225.031,Received an expired out of sequence packet ,103525,103608
225.031,Received an expired out of sequence packet ,103526,103608
225.033,Received an expired out of sequence packet ,103527,103608
225.037,Received an expired out of sequence packet ,103528,103608
225.037,Received an expired out of sequence packet ,103529,103608
225.051,Received an expired out of sequence packet ,103530,103608
225.051,Received an expired out of sequence packet ,103531,103608
225.051,Received an expired out of sequence packet ,103532,103608
225.053,Received an expired out of sequence packet ,103533,103608
225.054,Received an expired out of sequence packet ,103534,103608
225.054,Received an expired out of sequence packet ,103535,103608
225.058,Received an expired out of sequence packet ,103536,103608
225.058,Received an expired out of sequence packet ,103537,103608
225.058,Received an expired out of sequence packet ,103538,103608
225.058,Received an expired out of sequence packet ,103539,103608
225.058,Received an expired out of sequence packet ,103540,103608
225.058,Received an expired out of sequence packet ,103541,103608
225.058,Received an expired out of sequence packet ,103542,103608
225.058,Received an expired out of sequence packet ,103543,103608
225.071,Received an expired out of sequence packet ,103544,103608
225.071,Received an expired out of sequence packet ,103545,103608
225.074,Received an expired out of sequence packet ,103546,103608
225.074,Received an expired out of sequence packet ,103547,103608
225.074,Received an expired out of sequence packet ,103548,103608
225.074,Received an expired out of sequence packet ,103549,103608
225.077,Received an expired out of sequence packet ,103550,103608
225.08,Received an expired out of sequence packet ,103551,103608
225.08,Received an expired out of sequence packet ,103552,103608
225.083,Received an expired out of sequence packet ,103553,103608
225.083,Received an expired out of sequence packet ,103554,103608
225.083,Received an expired out of sequence packet ,103555,103608
225.083,Received an expired out of sequence packet ,103556,103608
225.089,Received an expired out of sequence packet ,103557,103608
225.089,Received an expired out of sequence packet ,103558,103608
225.089,Received an expired out of sequence packet ,103559,103608
225.09,Received an expired out of sequence packet ,103560,103608
225.104,Received an expired out of sequence packet ,103561,103608
225.104,Received an expired out of sequence packet ,103562,103608
225.105,Received an expired out of sequence packet ,103563,103608
225.105,Received an expired out of sequence packet ,103564,103608
225.11,Received an expired out of sequence packet ,103565,103608
225.11,Received an expired out of sequence packet ,103566,103608
225.112,Received an expired out of sequence packet ,103567,103608
225.115,Received an expired out of sequence packet ,103568,103608
225.115,Received an expired out of sequence packet ,103569,103608
225.115,Received an expired out of sequence packet ,103570,103608
225.115,Received an expired out of sequence packet ,103571,103608
225.115,Received an expired out of sequence packet ,103572,103608
225.115,Received an expired out of sequence packet ,103573,103608
225.119,Received an expired out of sequence packet ,103574,103608
225.119,Received an expired out of sequence packet ,103575,103608
225.125,Received an expired out of sequence packet ,103576,103608
225.125,Received an expired out of sequence packet ,103577,103608
225.125,Received an expired out of sequence packet ,103578,103608
225.137,Received an expired out of sequence packet ,103579,103608
225.139,Received an expired out of sequence packet ,103580,103608
225.139,Received an expired out of sequence packet ,103581,103608
225.141,Received an expired out of sequence packet ,103582,103608
225.141,Received an expired out of sequence packet ,103583,103608
225.143,Received an expired out of sequence packet ,103584,103608
225.143,Received an expired out of sequence packet ,103585,103608
225.143,Received an expired out of sequence packet ,103586,103608
225.143,Received an expired out of sequence packet ,103587,103608
225.143,Received an expired out of sequence packet ,103588,103608
225.146,Received an expired out of sequence packet ,103589,103608
225.163,Received an expired out of sequence packet ,103590,103608
225.163,Received an expired out of sequence packet ,103591,103608
225.163,Received an expired out of sequence packet ,103592,103608
225.169,Received an expired out of sequence packet ,103593,103608
225.169,Received an expired out of sequence packet ,103594,103608
225.169,Received an expired out of sequence packet ,103595,103608
225.17,Received an expired out of sequence packet ,103596,103608
225.17,Received an expired out of sequence packet ,103597,103608
225.17,Received an expired out of sequence packet ,103598,103608
225.17,Received an expired out of sequence packet ,103599,103608
225.187,Received an expired out of sequence packet ,103600,103608
225.187,Received an expired out of sequence packet ,103601,103608
225.187,Received an expired out of sequence packet ,103602,103608
225.187,Received an expired out of sequence packet ,103603,103608
225.187,Received an expired out of sequence packet ,103604,103608
225.191,Received an expired out of sequence packet ,103605,103608
225.195,Received an expired out of sequence packet ,103606,103608
225.195,Received an expired out of sequence packet ,103607,103608
253.705,Missing packet expired,124409
286.719,Timeout
286.719,clearing sending list because of timeout
286.815,Received an expired out of sequence packet ,143707,143909
286.815,Received an expired out of sequence packet ,143708,143909
286.815,Received an expired out of sequence packet ,143709,143909
286.815,Received an expired out of sequence packet ,143710,143909
286.815,Received an expired out of sequence packet ,143711,143909
286.815,Received an expired out of sequence packet ,143712,143909
286.815,Received an expired out of sequence packet ,143713,143909
286.815,Received an expired out of sequence packet ,143714,143909
286.815,Received an expired out of sequence packet ,143715,143909
286.815,Received an expired out of sequence packet ,143716,143909
286.815,Received an expired out of sequence packet ,143717,143909
286.815,Received an expired out of sequence packet ,143718,143909
286.863,Received an expired out of sequence packet ,143719,143909
286.867,Received an expired out of sequence packet ,143720,143909
286.867,Received an expired out of sequence packet ,143721,143909
286.867,Received an expired out of sequence packet ,143722,143909
286.867,Received an expired out of sequence packet ,143723,143909
286.867,Received an expired out of sequence packet ,143724,143909
286.872,Received an expired out of sequence packet ,143725,143909
286.872,Received an expired out of sequence packet ,143726,143909
286.872,Received an expired out of sequence packet ,143727,143909
286.872,Received an expired out of sequence packet ,143728,143909
286.872,Received an expired out of sequence packet ,143729,143909
286.872,Received an expired out of sequence packet ,143730,143909
286.872,Received an expired out of sequence packet ,143731,143909
286.872,Received an expired out of sequence packet ,143732,143909
286.872,Received an expired out of sequence packet ,143733,143909
286.872,Received an expired out of sequence packet ,143734,143909
286.873,Received an expired out of sequence packet ,143735,143909
286.873,Received an expired out of sequence packet ,143736,143909
286.873,Received an expired out of sequence packet ,143737,143909
286.873,Received an expired out of sequence packet ,143738,143909
286.873,Received an expired out of sequence packet ,143739,143909
286.903,Received an expired out of sequence packet ,143740,143909
286.905,Received an expired out of sequence packet ,143741,143909
286.909,Received an expired out of sequence packet ,143742,143909
286.914,Received an expired out of sequence packet ,143743,143909
286.914,Received an expired out of sequence packet ,143744,143909
286.914,Received an expired out of sequence packet ,143745,143909
286.914,Received an expired out of sequence packet ,143746,143909
286.914,Received an expired out of sequence packet ,143747,143909
286.914,Received an expired out of sequence packet ,143748,143909
286.914,Received an expired out of sequence packet ,143749,143909
286.922,Received an expired out of sequence packet ,143750,143909
286.922,Received an expired out of sequence packet ,143751,143909
286.922,Received an expired out of sequence packet ,143752,143909
286.922,Received an expired out of sequence packet ,143753,143909
286.922,Received an expired out of sequence packet ,143754,143909
286.922,Received an expired out of sequence packet ,143755,143909
286.922,Received an expired out of sequence packet ,143756,143909
286.923,Received an expired out of sequence packet ,143757,143909
286.924,Received an expired out of sequence packet ,143758,143909
286.938,Received an expired out of sequence packet ,143759,143909
286.938,Received an expired out of sequence packet ,143760,143909
286.938,Received an expired out of sequence packet ,143761,143909
286.938,Received an expired out of sequence packet ,143762,143909
286.938,Received an expired out of sequence packet ,143763,143909
286.938,Received an expired out of sequence packet ,143764,143909
286.939,Received an expired out of sequence packet ,143765,143909
286.939,Received an expired out of sequence packet ,143766,143909
286.939,Received an expired out of sequence packet ,143767,143909
286.939,Received an expired out of sequence packet ,143768,143909
286.939,Received an expired out of sequence packet ,143769,143909
286.939,Received an expired out of sequence packet ,143770,143909
286.939,Received an expired out of sequence packet ,143771,143909
286.939,Received an expired out of sequence packet ,143772,143909
286.939,Received an expired out of sequence packet ,143773,143909
286.939,Received an expired out of sequence packet ,143774,143909
286.94,Received an expired out of sequence packet ,143775,143909
286.94,Received an expired out of sequence packet ,143776,143909
286.94,Received an expired out of sequence packet ,143777,143909
286.94,Received an expired out of sequence packet ,143778,143909
286.94,Received an expired out of sequence packet ,143779,143909
286.94,Received an expired out of sequence packet ,143780,143909
286.94,Received an expired out of sequence packet ,143781,143909
286.94,Received an expired out of sequence packet ,143782,143909
286.94,Received an expired out of sequence packet ,143783,143909
286.948,Received an expired out of sequence packet ,143784,143909
286.948,Received an expired out of sequence packet ,143785,143909
286.948,Received an expired out of sequence packet ,143786,143909
286.948,Received an expired out of sequence packet ,143787,143909
286.95,Received an expired out of sequence packet ,143788,143909
286.95,Received an expired out of sequence packet ,143789,143909
286.95,Received an expired out of sequence packet ,143790,143909
286.956,Received an expired out of sequence packet ,143791,143909
286.956,Received an expired out of sequence packet ,143792,143909
286.956,Received an expired out of sequence packet ,143793,143909
286.956,Received an expired out of sequence packet ,143794,143909
286.956,Received an expired out of sequence packet ,143795,143909
286.956,Received an expired out of sequence packet ,143796,143909
286.956,Received an expired out of sequence packet ,143797,143909
286.956,Received an expired out of sequence packet ,143798,143909
286.956,Received an expired out of sequence packet ,143799,143909
286.956,Received an expired out of sequence packet ,143800,143909
286.956,Received an expired out of sequence packet ,143801,143909
286.956,Received an expired out of sequence packet ,143802,143909
286.956,Received an expired out of sequence packet ,143803,143909
286.958,Received an expired out of sequence packet ,143804,143909
286.958,Received an expired out of sequence packet ,143805,143909
286.962,Received an expired out of sequence packet ,143806,143909
286.962,Received an expired out of sequence packet ,143807,143909
286.962,Received an expired out of sequence packet ,143808,143909
286.963,Received an expired out of sequence packet ,143809,143909
286.963,Received an expired out of sequence packet ,143810,143909
286.964,Received an expired out of sequence packet ,143811,143909
286.964,Received an expired out of sequence packet ,143812,143909
286.964,Received an expired out of sequence packet ,143813,143909
286.964,Received an expired out of sequence packet ,143814,143909
286.964,Received an expired out of sequence packet ,143815,143909
286.964,Received an expired out of sequence packet ,143816,143909
286.964,Received an expired out of sequence packet ,143817,143909
286.964,Received an expired out of sequence packet ,143818,143909
286.964,Received an expired out of sequence packet ,143819,143909
286.966,Received an expired out of sequence packet ,143820,143909
286.966,Received an expired out of sequence packet ,143821,143909
286.966,Received an expired out of sequence packet ,143822,143909
286.967,Received an expired out of sequence packet ,143823,143909
286.968,Received an expired out of sequence packet ,143824,143909
286.968,Received an expired out of sequence packet ,143825,143909
286.968,Received an expired out of sequence packet ,143826,143909
286.968,Received an expired out of sequence packet ,143827,143909
286.968,Received an expired out of sequence packet ,143828,143909
286.973,Received an expired out of sequence packet ,143829,143909
286.973,Received an expired out of sequence packet ,143830,143909
286.973,Received an expired out of sequence packet ,143831,143909
286.973,Received an expired out of sequence packet ,143832,143909
286.973,Received an expired out of sequence packet ,143833,143909
286.973,Received an expired out of sequence packet ,143834,143909
286.973,Received an expired out of sequence packet ,143835,143909
286.973,Received an expired out of sequence packet ,143836,143909
286.973,Received an expired out of sequence packet ,143837,143909
286.973,Received an expired out of sequence packet ,143838,143909
286.973,Received an expired out of sequence packet ,143839,143909
286.973,Received an expired out of sequence packet ,143840,143909
286.973,Received an expired out of sequence packet ,143841,143909
286.973,Received an expired out of sequence packet ,143842,143909
286.977,Received an expired out of sequence packet ,143843,143909
286.977,Received an expired out of sequence packet ,143844,143909
286.977,Received an expired out of sequence packet ,143845,143909
286.977,Received an expired out of sequence packet ,143846,143909
286.977,Received an expired out of sequence packet ,143847,143909
286.977,Received an expired out of sequence packet ,143848,143909
286.977,Received an expired out of sequence packet ,143849,143909
286.977,Received an expired out of sequence packet ,143850,143909
286.977,Received an expired out of sequence packet ,143851,143909
286.977,Received an expired out of sequence packet ,143852,143909
286.977,Received an expired out of sequence packet ,143853,143909
286.977,Received an expired out of sequence packet ,143854,143909
286.977,Received an expired out of sequence packet ,143855,143909
286.977,Received an expired out of sequence packet ,143856,143909
286.977,Received an expired out of sequence packet ,143857,143909
286.986,Received an expired out of sequence packet ,143858,143909
286.986,Received an expired out of sequence packet ,143859,143909
286.986,Received an expired out of sequence packet ,143860,143909
286.986,Received an expired out of sequence packet ,143861,143909
286.986,Received an expired out of sequence packet ,143862,143909
286.986,Received an expired out of sequence packet ,143863,143909
286.986,Received an expired out of sequence packet ,143864,143909
286.986,Received an expired out of sequence packet ,143865,143909
286.986,Received an expired out of sequence packet ,143866,143909
286.986,Received an expired out of sequence packet ,143867,143909
286.986,Received an expired out of sequence packet ,143868,143909
286.986,Received an expired out of sequence packet ,143869,143909
286.986,Received an expired out of sequence packet ,143870,143909
286.986,Received an expired out of sequence packet ,143871,143909
286.986,Received an expired out of sequence packet ,143872,143909
286.99,Received an expired out of sequence packet ,143873,143909
286.995,Received an expired out of sequence packet ,143874,143909
286.995,Received an expired out of sequence packet ,143875,143909
286.995,Received an expired out of sequence packet ,143876,143909
286.995,Received an expired out of sequence packet ,143877,143909
286.995,Received an expired out of sequence packet ,143878,143909
286.995,Received an expired out of sequence packet ,143879,143909
287.002,Received an expired out of sequence packet ,143880,143909
287.002,Received an expired out of sequence packet ,143881,143909
287.002,Received an expired out of sequence packet ,143882,143909
287.004,Received an expired out of sequence packet ,143883,143909
287.004,Received an expired out of sequence packet ,143884,143909
287.004,Received an expired out of sequence packet ,143885,143909
287.004,Received an expired out of sequence packet ,143886,143909
287.004,Received an expired out of sequence packet ,143887,143909
287.005,Received an expired out of sequence packet ,143888,143909
287.005,Received an expired out of sequence packet ,143889,143909
287.005,Received an expired out of sequence packet ,143890,143909
287.005,Received an expired out of sequence packet ,143891,143909
287.005,Received an expired out of sequence packet ,143892,143909
287.005,Received an expired out of sequence packet ,143893,143909
287.005,Received an expired out of sequence packet ,143894,143909
287.005,Received an expired out of sequence packet ,143895,143909
287.005,Received an expired out of sequence packet ,143896,143909
287.005,Received an expired out of sequence packet ,143897,143909
287.005,Received an expired out of sequence packet ,143898,143909
287.005,Received an expired out of sequence packet ,143899,143909
287.005,Received an expired out of sequence packet ,143900,143909
287.01,Received an expired out of sequence packet ,143901,143909
287.01,Received an expired out of sequence packet ,143902,143909
287.01,Received an expired out of sequence packet ,143903,143909
287.01,Received an expired out of sequence packet ,143904,143909
287.01,Received an expired out of sequence packet ,143905,143909
287.01,Received an expired out of sequence packet ,143906,143909
287.01,Received an expired out of sequence packet ,143907,143909
287.01,Received an expired out of sequence packet ,143908,143909
296.218,Timeout
296.218,clearing sending list because of timeout
296.522,Timeout
296.522,clearing sending list because of timeout
296.826,Timeout
296.826,clearing sending list because of timeout
296.932,Received an expired out of sequence packet ,151433,151563
296.932,Received an expired out of sequence packet ,151434,151563
297.112,Received an expired out of sequence packet ,151435,151563
297.119,Received an expired out of sequence packet ,151436,151563
297.119,Received an expired out of sequence packet ,151437,151563
297.123,Received an expired out of sequence packet ,151438,151563
297.123,Received an expired out of sequence packet ,151439,151563
297.128,Received an expired out of sequence packet ,151440,151563
297.128,Received an expired out of sequence packet ,151441,151563
297.128,Received an expired out of sequence packet ,151442,151563
297.128,Received an expired out of sequence packet ,151443,151563
297.128,Received an expired out of sequence packet ,151444,151563
297.128,Received an expired out of sequence packet ,151445,151563
297.128,Received an expired out of sequence packet ,151446,151563
297.128,Received an expired out of sequence packet ,151447,151563
297.128,Received an expired out of sequence packet ,151448,151563
297.128,Received an expired out of sequence packet ,151449,151563
297.128,Received an expired out of sequence packet ,151450,151563
297.128,Received an expired out of sequence packet ,151451,151563
297.128,Received an expired out of sequence packet ,151452,151563
297.128,Received an expired out of sequence packet ,151453,151563
297.149,Received an expired out of sequence packet ,151454,151563
297.149,Received an expired out of sequence packet ,151455,151563
297.149,Received an expired out of sequence packet ,151456,151563
297.149,Received an expired out of sequence packet ,151457,151563
297.149,Received an expired out of sequence packet ,151458,151563
297.149,Received an expired out of sequence packet ,151459,151563
297.149,Received an expired out of sequence packet ,151460,151563
297.149,Received an expired out of sequence packet ,151461,151563
297.149,Received an expired out of sequence packet ,151462,151563
297.149,Received an expired out of sequence packet ,151463,151563
297.149,Received an expired out of sequence packet ,151464,151563
297.149,Received an expired out of sequence packet ,151465,151563
297.149,Received an expired out of sequence packet ,151466,151563
297.149,Received an expired out of sequence packet ,151467,151563
297.149,Received an expired out of sequence packet ,151468,151563
297.149,Received an expired out of sequence packet ,151469,151563
297.149,Received an expired out of sequence packet ,151470,151563
297.149,Received an expired out of sequence packet ,151471,151563
297.149,Received an expired out of sequence packet ,151472,151563
297.149,Received an expired out of sequence packet ,151473,151563
297.149,Received an expired out of sequence packet ,151474,151563
297.158,Received an expired out of sequence packet ,151475,151563
297.158,Received an expired out of sequence packet ,151476,151563
297.158,Received an expired out of sequence packet ,151477,151563
297.162,Received an expired out of sequence packet ,151478,151563
297.162,Received an expired out of sequence packet ,151479,151563
297.162,Received an expired out of sequence packet ,151480,151563
297.162,Received an expired out of sequence packet ,151481,151563
297.167,Received an expired out of sequence packet ,151482,151563
297.167,Received an expired out of sequence packet ,151483,151563
297.167,Received an expired out of sequence packet ,151484,151563
297.17,Received an expired out of sequence packet ,151485,151563
297.174,Received an expired out of sequence packet ,151486,151563
297.174,Received an expired out of sequence packet ,151487,151563
297.178,Received an expired out of sequence packet ,151488,151563
297.183,Received an expired out of sequence packet ,151489,151563
297.183,Received an expired out of sequence packet ,151490,151563
297.183,Received an expired out of sequence packet ,151491,151563
297.187,Received an expired out of sequence packet ,151492,151563
297.187,Received an expired out of sequence packet ,151493,151563
297.194,Received an expired out of sequence packet ,151494,151563
297.194,Received an expired out of sequence packet ,151495,151563
297.194,Received an expired out of sequence packet ,151496,151563
297.194,Received an expired out of sequence packet ,151497,151563
297.194,Received an expired out of sequence packet ,151498,151563
297.194,Received an expired out of sequence packet ,151499,151563
297.194,Received an expired out of sequence packet ,151500,151563
297.194,Received an expired out of sequence packet ,151501,151563
297.194,Received an expired out of sequence packet ,151502,151563
297.194,Received an expired out of sequence packet ,151503,151563
297.194,Received an expired out of sequence packet ,151504,151563
297.194,Received an expired out of sequence packet ,151505,151563
297.194,Received an expired out of sequence packet ,151506,151563
297.194,Received an expired out of sequence packet ,151507,151563
297.196,Received an expired out of sequence packet ,151508,151563
297.196,Received an expired out of sequence packet ,151509,151563
297.196,Received an expired out of sequence packet ,151510,151563
297.196,Received an expired out of sequence packet ,151511,151563
297.199,Received an expired out of sequence packet ,151512,151563
297.199,Received an expired out of sequence packet ,151513,151563
297.199,Received an expired out of sequence packet ,151514,151563
297.199,Received an expired out of sequence packet ,151515,151563
297.199,Received an expired out of sequence packet ,151516,151563
297.199,Received an expired out of sequence packet ,151517,151563
297.199,Received an expired out of sequence packet ,151518,151563
297.199,Received an expired out of sequence packet ,151519,151563
297.199,Received an expired out of sequence packet ,151520,151563
297.199,Received an expired out of sequence packet ,151521,151563
297.199,Received an expired out of sequence packet ,151522,151563
297.203,Received an expired out of sequence packet ,151523,151563
297.203,Received an expired out of sequence packet ,151524,151563
297.203,Received an expired out of sequence packet ,151525,151563
297.203,Received an expired out of sequence packet ,151526,151563
297.203,Received an expired out of sequence packet ,151527,151563
297.203,Received an expired out of sequence packet ,151528,151563
297.203,Received an expired out of sequence packet ,151529,151563
297.203,Received an expired out of sequence packet ,151530,151563
297.203,Received an expired out of sequence packet ,151531,151563
297.203,Received an expired out of sequence packet ,151532,151563
297.205,Received an expired out of sequence packet ,151533,151563
297.205,Received an expired out of sequence packet 