1.13588,Exit slow start,exceeding SS_EXIT_THRESHOLD
12.3763,Timeout
12.3763,clearing sending list because of timeout
12.3774,Received an expired out of sequence packet ,5793,5902
13.3761,Received an expired out of sequence packet ,5794,5902
14.3671,Received an expired out of sequence packet ,5795,5902
14.9874,Received an expired out of sequence packet ,5796,5902
14.9874,Received an expired out of sequence packet ,5797,5902
14.9874,Received an expired out of sequence packet ,5798,5902
14.9874,Received an expired out of sequence packet ,5799,5902
15.0215,Received an expired out of sequence packet ,5800,5902
15.0215,Received an expired out of sequence packet ,5801,5902
15.0215,Received an expired out of sequence packet ,5802,5902
15.0216,Received an expired out of sequence packet ,5803,5902
15.0216,Received an expired out of sequence packet ,5804,5902
15.0216,Received an expired out of sequence packet ,5805,5902
15.0216,Received an expired out of sequence packet ,5806,5902
15.0216,Received an expired out of sequence packet ,5807,5902
15.0217,Received an expired out of sequence packet ,5808,5902
15.0217,Received an expired out of sequence packet ,5809,5902
15.0257,Received an expired out of sequence packet ,5810,5902
15.0257,Received an expired out of sequence packet ,5811,5902
15.0257,Received an expired out of sequence packet ,5812,5902
15.0258,Received an expired out of sequence packet ,5813,5902
15.0258,Received an expired out of sequence packet ,5814,5902
15.0258,Received an expired out of sequence packet ,5815,5902
15.0258,Received an expired out of sequence packet ,5816,5902
15.0258,Received an expired out of sequence packet ,5817,5902
15.0258,Received an expired out of sequence packet ,5818,5902
15.0259,Received an expired out of sequence packet ,5819,5902
15.0259,Received an expired out of sequence packet ,5820,5902
15.0259,Received an expired out of sequence packet ,5821,5902
15.0259,Received an expired out of sequence packet ,5822,5902
15.0278,Received an expired out of sequence packet ,5823,5902
15.0278,Received an expired out of sequence packet ,5824,5902
15.0278,Received an expired out of sequence packet ,5825,5902
15.0279,Received an expired out of sequence packet ,5826,5902
15.0279,Received an expired out of sequence packet ,5827,5902
15.031,Received an expired out of sequence packet ,5828,5902
15.031,Received an expired out of sequence packet ,5829,5902
15.0342,Received an expired out of sequence packet ,5830,5902
15.0384,Received an expired out of sequence packet ,5831,5902
15.0384,Received an expired out of sequence packet ,5832,5902
15.0385,Received an expired out of sequence packet ,5833,5902
15.0438,Received an expired out of sequence packet ,5834,5902
15.0439,Received an expired out of sequence packet ,5835,5902
15.048,Received an expired out of sequence packet ,5836,5902
15.048,Received an expired out of sequence packet ,5837,5902
15.0481,Received an expired out of sequence packet ,5838,5902
15.0481,Received an expired out of sequence packet ,5839,5902
15.0512,Received an expired out of sequence packet ,5840,5902
15.0513,Received an expired out of sequence packet ,5841,5902
15.0513,Received an expired out of sequence packet ,5842,5902
15.0556,Received an expired out of sequence packet ,5843,5902
15.0588,Received an expired out of sequence packet ,5844,5902
15.0588,Received an expired out of sequence packet ,5845,5902
15.0588,Received an expired out of sequence packet ,5846,5902
15.0622,Received an expired out of sequence packet ,5847,5902
15.0622,Received an expired out of sequence packet ,5848,5902
15.0622,Received an expired out of sequence packet ,5849,5902
15.0643,Received an expired out of sequence packet ,5850,5902
15.0643,Received an expired out of sequence packet ,5851,5902
15.0644,Received an expired out of sequence packet ,5852,5902
15.0685,Received an expired out of sequence packet ,5853,5902
15.0685,Received an expired out of sequence packet ,5854,5902
15.0726,Received an expired out of sequence packet ,5855,5902
15.0726,Received an expired out of sequence packet ,5856,5902
15.0726,Received an expired out of sequence packet ,5857,5902
15.0758,Received an expired out of sequence packet ,5858,5902
15.0758,Received an expired out of sequence packet ,5859,5902
15.0758,Received an expired out of sequence packet ,5860,5902
15.0758,Received an expired out of sequence packet ,5861,5902
15.0805,Received an expired out of sequence packet ,5862,5902
15.0805,Received an expired out of sequence packet ,5863,5902
15.0805,Received an expired out of sequence packet ,5864,5902
15.0826,Received an expired out of sequence packet ,5865,5902
15.0826,Received an expired out of sequence packet ,5866,5902
15.0827,Received an expired out of sequence packet ,5867,5902
15.0971,Received an expired out of sequence packet ,5868,5902
15.0972,Received an expired out of sequence packet ,5869,5902
15.1005,Received an expired out of sequence packet ,5870,5902
15.1005,Received an expired out of sequence packet ,5871,5902
15.1156,Received an expired out of sequence packet ,5872,5902
15.1156,Received an expired out of sequence packet ,5873,5902
15.1156,Received an expired out of sequence packet ,5874,5902
15.1157,Received an expired out of sequence packet ,5875,5902
15.1157,Received an expired out of sequence packet ,5876,5902
15.1157,Received an expired out of sequence packet ,5877,5902
15.1158,Received an expired out of sequence packet ,5878,5902
15.1158,Received an expired out of sequence packet ,5879,5902
15.1158,Received an expired out of sequence packet ,5880,5902
15.1158,Received an expired out of sequence packet ,5881,5902
15.1179,Received an expired out of sequence packet ,5882,5902
15.1179,Received an expired out of sequence packet ,5883,5902
15.1179,Received an expired out of sequence packet ,5884,5902
15.119,Received an expired out of sequence packet ,5885,5902
15.1203,Received an expired out of sequence packet ,5886,5902
15.1357,Received an expired out of sequence packet ,5887,5902
15.1357,Received an expired out of sequence packet ,5888,5902
15.1357,Received an expired out of sequence packet ,5889,5902
15.1357,Received an expired out of sequence packet ,5890,5902
15.1357,Received an expired out of sequence packet ,5891,5902
15.1388,Received an expired out of sequence packet ,5892,5902
15.1388,Received an expired out of sequence packet ,5893,5902
15.1388,Received an expired out of sequence packet ,5894,5902
15.1389,Received an expired out of sequence packet ,5895,5902
15.1389,Received an expired out of sequence packet ,5896,5902
15.1389,Received an expired out of sequence packet ,5897,5902
15.1389,Received an expired out of sequence packet ,5898,5902
15.1389,Received an expired out of sequence packet ,5899,5902
15.139,Received an expired out of sequence packet ,5900,5902
15.1409,Received an expired out of sequence packet ,5901,5902
59.2609,Restart,can't map delay on delay curve
60.7687,Exit slow start,exceeding SS_EXIT_THRESHOLD
66.7848,Restart,can't map delay on delay curve
68.3232,Exit slow start,exceeding SS_EXIT_THRESHOLD
103.6,Missing packet expired,34288
124.442,Missing packet expired,48931
135.751,Timeout
135.751,clearing sending list because of timeout
135.967,Timeout
135.967,clearing sending list because of timeout
136.183,Timeout
136.183,clearing sending list because of timeout
136.399,Timeout
136.399,clearing sending list because of timeout
136.564,Received an expired out of sequence packet ,51311,51349
136.567,Received an expired out of sequence packet ,51312,51349
136.567,Received an expired out of sequence packet ,51313,51349
136.567,Received an expired out of sequence packet ,51314,51349
136.567,Received an expired out of sequence packet ,51315,51349
136.567,Received an expired out of sequence packet ,51316,51349
136.568,Received an expired out of sequence packet ,51317,51349
136.568,Received an expired out of sequence packet ,51318,51349
136.57,Received an expired out of sequence packet ,51319,51349
136.733,Received an expired out of sequence packet ,51320,51349
136.733,Received an expired out of sequence packet ,51321,51349
136.733,Received an expired out of sequence packet ,51322,51349
136.734,Received an expired out of sequence packet ,51323,51349
136.734,Received an expired out of sequence packet ,51324,51349
136.734,Received an expired out of sequence packet ,51325,51349
136.734,Received an expired out of sequence packet ,51326,51349
136.734,Received an expired out of sequence packet ,51327,51349
136.734,Received an expired out of sequence packet ,51328,51349
136.734,Received an expired out of sequence packet ,51329,51349
136.734,Received an expired out of sequence packet ,51330,51349
136.734,Received an expired out of sequence packet ,51331,51349
136.734,Received an expired out of sequence packet ,51332,51349
136.734,Received an expired out of sequence packet ,51333,51349
136.734,Received an expired out of sequence packet ,51334,51349
136.742,Received an expired out of sequence packet ,51335,51349
136.742,Received an expired out of sequence packet ,51336,51349
136.742,Received an expired out of sequence packet ,51337,51349
136.742,Received an expired out of sequence packet ,51338,51349
136.752,Received an expired out of sequence packet ,51339,51349
136.752,Received an expired out of sequence packet ,51340,51349
136.755,Received an expired out of sequence packet ,51341,51349
136.755,Received an expired out of sequence packet ,51342,51349
136.755,Received an expired out of sequence packet ,51343,51349
136.755,Received an expired out of sequence packet ,51344,51349
136.755,Received an expired out of sequence packet ,51345,51349
136.755,Received an expired out of sequence packet ,51346,51349
136.755,Received an expired out of sequence packet ,51347,51349
136.755,Received an expired out of sequence packet ,51348,51349
141.517,Missing packet expired,52953
156.261,Timeout
156.261,clearing sending list because of timeout
156.619,Timeout
156.619,clearing sending list because of timeout
156.822,Received an expired out of sequence packet ,59623,59857
156.822,Received an expired out of sequence packet ,59624,59857
156.822,Received an expired out of sequence packet ,59625,59857
156.822,Received an expired out of sequence packet ,59626,59857
156.822,Received an expired out of sequence packet ,59627,59857
156.822,Received an expired out of sequence packet ,59628,59857
156.822,Received an expired out of sequence packet ,59629,59857
156.822,Received an expired out of sequence packet ,59630,59857
156.822,Received an expired out of sequence packet ,59631,59857
156.822,Received an expired out of sequence packet ,59632,59857
156.822,Received an expired out of sequence packet ,59633,59857
156.869,Received an expired out of sequence packet ,59634,59857
156.873,Received an expired out of sequence packet ,59635,59857
156.873,Received an expired out of sequence packet ,59636,59857
156.873,Received an expired out of sequence packet ,59637,59857
156.873,Received an expired out of sequence packet ,59638,59857
156.873,Received an expired out of sequence packet ,59639,59857
156.878,Received an expired out of sequence packet ,59640,59857
156.878,Received an expired out of sequence packet ,59641,59857
156.878,Received an expired out of sequence packet ,59642,59857
156.878,Received an expired out of sequence packet ,59643,59857
156.878,Received an expired out of sequence packet ,59644,59857
156.878,Received an expired out of sequence packet ,59645,59857
156.878,Received an expired out of sequence packet ,59646,59857
156.878,Received an expired out of sequence packet ,59647,59857
156.878,Received an expired out of sequence packet ,59648,59857
156.878,Received an expired out of sequence packet ,59649,59857
156.878,Received an expired out of sequence packet ,59650,59857
156.878,Received an expired out of sequence packet ,59651,59857
156.878,Received an expired out of sequence packet ,59652,59857
156.878,Received an expired out of sequence packet ,59653,59857
156.878,Received an expired out of sequence packet ,59654,59857
156.909,Received an expired out of sequence packet ,59655,59857
156.911,Received an expired out of sequence packet ,59656,59857
156.915,Received an expired out of sequence packet ,59657,59857
156.92,Received an expired out of sequence packet ,59658,59857
156.92,Received an expired out of sequence packet ,59659,59857
156.92,Received an expired out of sequence packet ,59660,59857
156.92,Received an expired out of sequence packet ,59661,59857
156.92,Received an expired out of sequence packet ,59662,59857
156.92,Received an expired out of sequence packet ,59663,59857
156.92,Received an expired out of sequence packet ,59664,59857
156.929,Received an expired out of sequence packet ,59665,59857
156.929,Received an expired out of sequence packet ,59666,59857
156.929,Received an expired out of sequence packet ,59667,59857
156.929,Received an expired out of sequence packet ,59668,59857
156.929,Received an expired out of sequence packet ,59669,59857
156.929,Received an expired out of sequence packet ,59670,59857
156.929,Received an expired out of sequence packet ,59671,59857
156.929,Received an expired out of sequence packet ,59672,59857
156.931,Received an expired out of sequence packet ,59673,59857
156.944,Received an expired out of sequence packet ,59674,59857
156.944,Received an expired out of sequence packet ,59675,59857
156.944,Received an expired out of sequence packet ,59676,59857
156.944,Received an expired out of sequence packet ,59677,59857
156.944,Received an expired out of sequence packet ,59678,59857
156.944,Received an expired out of sequence packet ,59679,59857
156.944,Received an expired out of sequence packet ,59680,59857
156.944,Received an expired out of sequence packet ,59681,59857
156.944,Received an expired out of sequence packet ,59682,59857
156.944,Received an expired out of sequence packet ,59683,59857
156.944,Received an expired out of sequence packet ,59684,59857
156.944,Received an expired out of sequence packet ,59685,59857
156.944,Received an expired out of sequence packet ,59686,59857
156.944,Received an expired out of sequence packet ,59687,59857
156.944,Received an expired out of sequence packet ,59688,59857
156.945,Received an expired out of sequence packet ,59689,59857
156.945,Received an expired out of sequence packet ,59690,59857
156.945,Received an expired out of sequence packet ,59691,59857
156.945,Received an expired out of sequence packet ,59692,59857
156.945,Received an expired out of sequence packet ,59693,59857
156.945,Received an expired out of sequence packet ,59694,59857
156.945,Received an expired out of sequence packet ,59695,59857
156.945,Received an expired out of sequence packet ,59696,59857
156.945,Received an expired out of sequence packet ,59697,59857
156.945,Received an expired out of sequence packet ,59698,59857
156.954,Received an expired out of sequence packet ,59699,59857
156.954,Received an expired out of sequence packet ,59700,59857
156.954,Received an expired out of sequence packet ,59701,59857
156.954,Received an expired out of sequence packet ,59702,59857
156.957,Received an expired out of sequence packet ,59703,59857
156.957,Received an expired out of sequence packet ,59704,59857
156.957,Received an expired out of sequence packet ,59705,59857
156.962,Received an expired out of sequence packet ,59706,59857
156.962,Received an expired out of sequence packet ,59707,59857
156.962,Received an expired out of sequence packet ,59708,59857
156.962,Received an expired out of sequence packet ,59709,59857
156.962,Received an expired out of sequence packet ,59710,59857
156.962,Received an expired out of sequence packet ,59711,59857
156.962,Received an expired out of sequence packet ,59712,59857
156.962,Received an expired out of sequence packet ,59713,59857
156.962,Received an expired out of sequence packet ,59714,59857
156.962,Received an expired out of sequence packet ,59715,59857
156.963,Received an expired out of sequence packet ,59716,59857
156.963,Received an expired out of sequence packet ,59717,59857
156.963,Received an expired out of sequence packet ,59718,59857
156.963,Received an expired out of sequence packet ,59719,59857
156.963,Received an expired out of sequence packet ,59720,59857
156.968,Received an expired out of sequence packet ,59721,59857
156.968,Received an expired out of sequence packet ,59722,59857
156.968,Received an expired out of sequence packet ,59723,59857
156.968,Received an expired out of sequence packet ,59724,59857
156.968,Received an expired out of sequence packet ,59725,59857
156.968,Received an expired out of sequence packet ,59726,59857
156.968,Received an expired out of sequence packet ,59727,59857
156.968,Received an expired out of sequence packet ,59728,59857
156.968,Received an expired out of sequence packet ,59729,59857
156.969,Received an expired out of sequence packet ,59730,59857
156.969,Received an expired out of sequence packet ,59731,59857
156.969,Received an expired out of sequence packet ,59732,59857
156.969,Received an expired out of sequence packet ,59733,59857
156.969,Received an expired out of sequence packet ,59734,59857
156.972,Received an expired out of sequence packet ,59735,59857
156.972,Received an expired out of sequence packet ,59736,59857
156.972,Received an expired out of sequence packet ,59737,59857
156.972,Received an expired out of sequence packet ,59738,59857
156.973,Received an expired out of sequence packet ,59739,59857
156.977,Received an expired out of sequence packet ,59740,59857
156.977,Received an expired out of sequence packet ,59741,59857
156.977,Received an expired out of sequence packet ,59742,59857
156.977,Received an expired out of sequence packet ,59743,59857
156.977,Received an expired out of sequence packet ,59744,59857
156.977,Received an expired out of sequence packet ,59745,59857
156.977,Received an expired out of sequence packet ,59746,59857
156.977,Received an expired out of sequence packet ,59747,59857
156.977,Received an expired out of sequence packet ,59748,59857
156.977,Received an expired out of sequence packet ,59749,59857
156.977,Received an expired out of sequence packet ,59750,59857
156.977,Received an expired out of sequence packet ,59751,59857
156.977,Received an expired out of sequence packet ,59752,59857
156.977,Received an expired out of sequence packet ,59753,59857
156.977,Received an expired out of sequence packet ,59754,59857
156.977,Received an expired out of sequence packet ,59755,59857
156.977,Received an expired out of sequence packet ,59756,59857
156.977,Received an expired out of sequence packet ,59757,59857
156.977,Received an expired out of sequence packet ,59758,59857
156.983,Received an expired out of sequence packet ,59759,59857
156.983,Received an expired out of sequence packet ,59760,59857
156.984,Received an expired out of sequence packet ,59761,59857
156.984,Received an expired out of sequence packet ,59762,59857
156.984,Received an expired out of sequence packet ,59763,59857
156.984,Received an expired out of sequence packet ,59764,59857
156.984,Received an expired out of sequence packet ,59765,59857
156.984,Received an expired out of sequence packet ,59766,59857
156.984,Received an expired out of sequence packet ,59767,59857
156.984,Received an expired out of sequence packet ,59768,59857
156.984,Received an expired out of sequence packet ,59769,59857
156.984,Received an expired out of sequence packet ,59770,59857
156.984,Received an expired out of sequence packet ,59771,59857
156.984,Received an expired out of sequence packet ,59772,59857
156.992,Received an expired out of sequence packet ,59773,59857
156.992,Received an expired out of sequence packet ,59774,59857
156.992,Received an expired out of sequence packet ,59775,59857
156.992,Received an expired out of sequence packet ,59776,59857
156.992,Received an expired out of sequence packet ,59777,59857
156.992,Received an expired out of sequence packet ,59778,59857
156.992,Received an expired out of sequence packet ,59779,59857
156.992,Received an expired out of sequence packet ,59780,59857
156.992,Received an expired out of sequence packet ,59781,59857
156.992,Received an expired out of sequence packet ,59782,59857
156.992,Received an expired out of sequence packet ,59783,59857
156.992,Received an expired out of sequence packet ,59784,59857
156.992,Received an expired out of sequence packet ,59785,59857
156.992,Received an expired out of sequence packet ,59786,59857
156.992,Received an expired out of sequence packet ,59787,59857
156.996,Received an expired out of sequence packet ,59788,59857
157.001,Received an expired out of sequence packet ,59789,59857
157.001,Received an expired out of sequence packet ,59790,59857
157.001,Received an expired out of sequence packet ,59791,59857
157.001,Received an expired out of sequence packet ,59792,59857
157.001,Received an expired out of sequence packet ,59793,59857
157.001,Received an expired out of sequence packet ,59794,59857
157.006,Received an expired out of sequence packet ,59795,59857
157.006,Received an expired out of sequence packet ,59796,59857
157.006,Received an expired out of sequence packet ,59797,59857
157.008,Received an expired out of sequence packet ,59798,59857
157.009,Received an expired out of sequence packet ,59799,59857
157.009,Received an expired out of sequence packet ,59800,59857
157.009,Received an expired out of sequence packet ,59801,59857
157.009,Received an expired out of sequence packet ,59802,59857
157.011,Received an expired out of sequence packet ,59803,59857
157.011,Received an expired out of sequence packet ,59804,59857
157.011,Received an expired out of sequence packet ,59805,59857
157.011,Received an expired out of sequence packet ,59806,59857
157.011,Received an expired out of sequence packet ,59807,59857
157.011,Received an expired out of sequence packet ,59808,59857
157.011,Received an expired out of sequence packet ,59809,59857
157.011,Received an expired out of sequence packet ,59810,59857
157.011,Received an expired out of sequence packet ,59811,59857
157.011,Received an expired out of sequence packet ,59812,59857
157.011,Received an expired out of sequence packet ,59813,59857
157.011,Received an expired out of sequence packet ,59814,59857
157.011,Received an expired out of sequence packet ,59815,59857
157.016,Received an expired out of sequence packet ,59816,59857
157.016,Received an expired out of sequence packet ,59817,59857
157.016,Received an expired out of sequence packet ,59818,59857
157.016,Received an expired out of sequence packet ,59819,59857
157.016,Received an expired out of sequence packet ,59820,59857
157.016,Received an expired out of sequence packet ,59821,59857
157.016,Received an expired out of sequence packet ,59822,59857
157.016,Received an expired out of sequence packet ,59823,59857
157.016,Received an expired out of sequence packet ,59824,59857
157.016,Received an expired out of sequence packet ,59825,59857
157.016,Received an expired out of sequence packet ,59826,59857
157.016,Received an expired out of sequence packet ,59827,59857
157.016,Received an expired out of sequence packet ,59828,59857
157.016,Received an expired out of sequence packet ,59829,59857
157.016,Received an expired out of sequence packet ,59830,59857
157.016,Received an expired out of sequence packet ,59831,59857
157.016,Received an expired out of sequence packet ,59832,59857
157.022,Received an expired out of sequence packet ,59833,59857
157.022,Received an expired out of sequence packet ,59834,59857
157.022,Received an expired out of sequence packet ,59835,59857
157.022,Received an expired out of sequence packet ,59836,59857
157.022,Received an expired out of sequence packet ,59837,59857
157.027,Received an expired out of sequence packet ,59838,59857
157.027,Received an expired out of sequence packet ,59839,59857
157.027,Received an expired out of sequence packet ,59840,59857
157.027,Received an expired out of sequence packet ,59841,59857
157.027,Received an expired out of sequence packet ,59842,59857
157.027,Received an expired out of sequence packet ,59843,59857
157.027,Received an expired out of sequence packet ,59844,59857
157.027,Received an expired out of sequence packet ,59845,59857
157.027,Received an expired out of sequence packet ,59846,59857
157.027,Received an expired out of sequence packet ,59847,59857
157.027,Received an expired out of sequence packet ,59848,59857
157.028,Received an expired out of sequence packet ,59849,59857
157.028,Received an expired out of sequence packet ,59850,59857
157.028,Received an expired out of sequence packet ,59851,59857
157.028,Received an expired out of sequence packet ,59852,59857
157.028,Received an expired out of sequence packet ,59853,59857
157.028,Received an expired out of sequence packet ,59854,59857
157.028,Received an expired out of sequence packet ,59855,59857
157.029,Received an expired out of sequence packet ,59856,59857
167.493,Missing packet expired,68966
177.301,Missing packet expired,73604
186.016,Missing packet expired,79402
210.625,Timeout
210.625,clearing sending list because of timeout
210.689,Received an expired out of sequence packet ,87146,87288
210.689,Received an expired out of sequence packet ,87147,87288
210.689,Received an expired out of sequence packet ,87148,87288
210.689,Received an expired out of sequence packet ,87149,87288
210.689,Received an expired out of sequence packet ,87150,87288
210.689,Received an expired out of sequence packet ,87151,87288
210.689,Received an expired out of sequence packet ,87152,87288
210.689,Received an expired out of sequence packet ,87153,87288
210.689,Received an expired out of sequence packet ,87154,87288
210.689,Received an expired out of sequence packet ,87155,87288
210.689,Received an expired out of sequence packet ,87156,87288
210.689,Received an expired out of sequence packet ,87157,87288
210.689,Received an expired out of sequence packet ,87158,87288
210.689,Received an expired out of sequence packet ,87159,87288
210.689,Received an expired out of sequence packet ,87160,87288
210.689,Received an expired out of sequence packet ,87161,87288
210.689,Received an expired out of sequence packet ,87162,87288
210.689,Received an expired out of sequence packet ,87163,87288
210.689,Received an expired out of sequence packet ,87164,87288
210.689,Received an expired out of sequence packet ,87165,87288
210.748,Received an expired out of sequence packet ,87166,87288
210.75,Received an expired out of sequence packet ,87167,87288
210.75,Received an expired out of sequence packet ,87168,87288
210.75,Received an expired out of sequence packet ,87169,87288
210.75,Received an expired out of sequence packet ,87170,87288
210.75,Received an expired out of sequence packet ,87171,87288
210.75,Received an expired out of sequence packet ,87172,87288
210.75,Received an expired out of sequence packet ,87173,87288
210.75,Received an expired out of sequence packet ,87174,87288
210.785,Received an expired out of sequence packet ,87175,87288
210.785,Received an expired out of sequence packet ,87176,87288
210.785,Received an expired out of sequence packet ,87177,87288
210.785,Received an expired out of sequence packet ,87178,87288
210.785,Received an expired out of sequence packet ,87179,87288
210.785,Received an expired out of sequence packet ,87180,87288
210.785,Received an expired out of sequence packet ,87181,87288
210.785,Received an expired out of sequence packet ,87182,87288
210.785,Received an expired out of sequence packet ,87183,87288
210.785,Received an expired out of sequence packet ,87184,87288
210.785,Received an expired out of sequence packet ,87185,87288
210.785,Received an expired out of sequence packet ,87186,87288
210.785,Received an expired out of sequence packet ,87187,87288
210.785,Received an expired out of sequence packet ,87188,87288
210.793,Received an expired out of sequence packet ,87189,87288
210.793,Received an expired out of sequence packet ,87190,87288
210.796,Received an expired out of sequence packet ,87191,87288
210.796,Received an expired out of sequence packet ,87192,87288
210.796,Received an expired out of sequence packet ,87193,87288
210.796,Received an expired out of sequence packet ,87194,87288
210.796,Received an expired out of sequence packet ,87195,87288
210.8,Received an expired out of sequence packet ,87196,87288
210.8,Received an expired out of sequence packet ,87197,87288
210.8,Received an expired out of sequence packet ,87198,87288
210.8,Received an expired out of sequence packet ,87199,87288
210.8,Received an expired out of sequence packet ,87200,87288
210.8,Received an expired out of sequence packet ,87201,87288
210.8,Received an expired out of sequence packet ,87202,87288
210.8,Received an expired out of sequence packet ,87203,87288
210.8,Received an expired out of sequence packet ,87204,87288
210.8,Received an expired out of sequence packet ,87205,87288
210.8,Received an expired out of sequence packet ,87206,87288
210.8,Received an expired out of sequence packet ,87207,87288
210.8,Received an expired out of sequence packet ,87208,87288
210.8,Received an expired out of sequence packet ,87209,87288
210.8,Received an expired out of sequence packet ,87210,87288
210.8,Received an expired out of sequence packet ,87211,87288
210.8,Received an expired out of sequence packet ,87212,87288
210.822,Received an expired out of sequence packet ,87213,87288
210.822,Received an expired out of sequence packet ,87214,87288
210.822,Received an expired out of sequence packet ,87215,87288
210.822,Received an expired out of sequence packet ,87216,87288
210.822,Received an expired out of sequence packet ,87217,87288
210.822,Received an expired out of sequence packet ,87218,87288
210.822,Received an expired out of sequence packet ,87219,87288
210.822,Received an expired out of sequence packet ,87220,87288
210.822,Received an expired out of sequence packet ,87221,87288
210.822,Received an expired out of sequence packet ,87222,87288
210.822,Received an expired out of sequence packet ,87223,87288
210.822,Received an expired out of sequence packet ,87224,87288
210.822,Received an expired out of sequence packet ,87225,87288
210.822,Received an expired out of sequence packet ,87226,87288
210.822,Received an expired out of sequence packet ,87227,87288
210.822,Received an expired out of sequence packet ,87228,87288
210.822,Received an expired out of sequence packet ,87229,87288
210.822,Received an expired out of sequence packet ,87230,87288
210.822,Received an expired out of sequence packet ,87231,87288
210.822,Received an expired out of sequence packet ,87232,87288
210.822,Received an expired out of sequence packet ,87233,87288
210.843,Received an expired out of sequence packet ,87234,87288
210.843,Received an expired out of sequence packet ,87235,87288
210.843,Received an expired out of sequence packet ,87236,87288
210.843,Received an expired out of sequence packet ,87237,87288
210.852,Received an expired out of sequence packet ,87238,87288
210.852,Received an expired out of sequence packet ,87239,87288
210.852,Received an expired out of sequence packet ,87240,87288
210.852,Received an expired out of sequence packet ,87241,87288
210.857,Received an expired out of sequence packet ,87242,87288
210.857,Received an expired out of sequence packet ,87243,87288
210.857,Received an expired out of sequence packet ,87244,87288
210.857,Received an expired out of sequence packet ,87245,87288
210.86,Received an expired out of sequence packet ,87246,87288
210.86,Received an expired out of sequence packet ,87247,87288
210.86,Received an expired out of sequence packet ,87248,87288
210.86,Received an expired out of sequence packet ,87249,87288
210.86,Received an expired out of sequence packet ,87250,87288
210.86,Received an expired out of sequence packet ,87251,87288
210.86,Received an expired out of sequence packet ,87252,87288
210.86,Received an expired out of sequence packet ,87253,87288
210.86,Received an expired out of sequence packet ,87254,87288
210.86,Received an expired out of sequence packet ,87255,87288
210.86,Received an expired out of sequence packet ,87256,87288
210.86,Received an expired out of sequence packet ,87257,87288
210.86,Received an expired out of sequence packet ,87258,87288
210.86,Received an expired out of sequence packet ,87259,87288
210.86,Received an expired out of sequence packet ,87260,87288
210.86,Received an expired out of sequence packet ,87261,87288
210.877,Received an expired out of sequence packet ,87262,87288
210.877,Received an expired out of sequence packet ,87263,87288
210.877,Received an expired out of sequence packet ,87264,87288
210.877,Received an expired out of sequence packet ,87265,87288
210.877,Received an expired out of sequence packet ,87266,87288
210.877,Received an expired out of sequence packet ,87267,87288
210.877,Received an expired out of sequence packet ,87268,87288
210.877,Received an expired out of sequence packet ,87269,87288
210.877,Received an expired out of sequence packet ,87270,87288
210.877,Received an expired out of sequence packet ,87271,87288
210.877,Received an expired out of sequence packet ,87272,87288
210.877,Received an expired out of sequence packet ,87273,87288
210.877,Received an expired out of sequence packet ,87274,87288
210.877,Received an expired out of sequence packet ,87275,87288
210.885,Received an expired out of sequence packet ,87276,87288
210.885,Received an expired out of sequence packet ,87277,87288
210.885,Received an expired out of sequence packet ,87278,87288
210.885,Received an expired out of sequence packet ,87279,87288
210.888,Received an expired out of sequence packet ,87280,87288
210.888,Received an expired out of sequence packet ,87281,87288
210.888,Received an expired out of sequence packet ,87282,87288
210.888,Received an expired out of sequence packet ,87283,87288
210.888,Received an expired out of sequence packet ,87284,87288
210.897,Received an expired out of sequence packet ,87285,87288
210.897,Received an expired out of sequence packet ,87286,87288
210.897,Received an expired out of sequence packet ,87287,87288
217.745,Missing packet expired,92546
225.375,Missing packet expired,101687
229.341,Missing packet expired,111099
234.389,Missing packet expired,118667
240.261,Timeout
240.261,clearing sending list because of timeout
240.535,Timeout
240.535,clearing sending list because of timeout
240.749,Received an expired out of sequence packet ,123264,123326
240.785,Received an expired out of sequence packet ,123265,123326
240.785,Received an expired out of sequence packet ,123266,123326
240.785,Received an expired out of sequence packet ,123267,123326
240.785,Received an expired out of sequence packet ,123268,123326
240.785,Received an expired out of sequence packet ,123269,123326
240.785,Received an expired out of sequence packet ,123270,123326
240.785,Received an expired out of sequence packet ,123271,123326
240.785,Received an expired out of sequence packet ,123272,123326
240.785,Received an expired out of sequence packet ,123273,123326
240.785,Received an expired out of sequence packet ,123274,123326
240.785,Received an expired out of sequence packet ,123275,123326
240.785,Received an expired out of sequence packet ,123276,123326
240.785,Received an expired out of sequence packet ,123277,123326
240.785,Received an expired out of sequence packet ,123278,123326
240.785,Received an expired out of sequence packet ,123279,123326
240.785,Received an expired out of sequence packet ,123280,123326
240.785,Received an expired out of sequence packet ,123281,123326
240.785,Received an expired out of sequence packet ,123282,123326
240.785,Received an expired out of sequence packet ,123283,123326
240.785,Received an expired out of sequence packet ,123284,123326
240.785,Received an expired out of sequence packet ,123285,123326
240.785,Received an expired out of sequence packet ,123286,123326
240.793,Received an expired out of sequence packet ,123287,123326
240.793,Received an expired out of sequence packet ,123288,123326
240.797,Received an expired out of sequence packet ,123289,123326
240.797,Received an expired out of sequence packet ,123290,123326
240.797,Received an expired out of sequence packet ,123291,123326
240.797,Received an expired out of sequence packet ,123292,123326
240.797,Received an expired out of sequence packet ,123293,123326
240.799,Received an expired out of sequence packet ,123294,123326
240.799,Received an expired out of sequence packet ,123295,123326
240.799,Received an expired out of sequence packet ,123296,123326
240.799,Received an expired out of sequence packet ,123297,123326
240.8,Received an expired out of sequence packet ,123298,123326
240.8,Received an expired out of sequence packet ,123299,123326
240.8,Received an expired out of sequence packet ,123300,123326
240.8,Received an expired out of sequence packet ,123301,123326
240.8,Received an expired out of sequence packet ,123302,123326
240.8,Received an expired out of sequence packet ,123303,123326
240.8,Received an expired out of sequence packet ,123304,123326
240.8,Received an expired out of sequence packet ,123305,123326
240.8,Received an expired out of sequence packet ,123306,123326
240.8,Received an expired out of sequence packet ,123307,123326
240.8,Received an expired out of sequence packet ,123308,123326
240.8,Received an expired out of sequence packet ,123309,123326
240.8,Received an expired out of sequence packet ,123310,123326
240.823,Received an expired out of sequence packet ,123311,123326
240.823,Received an expired out of sequence packet ,123312,123326
240.823,Received an expired out of sequence packet ,123313,123326
240.823,Received an expired out of sequence packet ,123314,123326
240.823,Received an expired out of sequence packet ,123315,123326
240.823,Received an expired out of sequence packet ,123316,123326
240.823,Received an expired out of sequence packet ,123317,123326
240.823,Received an expired out of sequence packet ,123318,123326
240.823,Received an expired out of sequence packet ,123319,123326
240.823,Received an expired out of sequence packet ,123320,123326
240.823,Received an expired out of sequence packet ,123321,123326
240.823,Received an expired out of sequence packet ,123322,123326
240.823,Received an expired out of sequence packet ,123323,123326
240.823,Received an expired out of sequence packet ,123324,123326
240.823,Received an expired out of sequence packet ,123325,123326
262.975,Missing packet expired,132819
266.455,Missing packet expired,135115
284.345,Timeout
284.345,clearing sending list because of timeout
284.387,Received an expired out of sequence packet ,142510,142578
284.387,Received an expired out of sequence packet ,142511,142578
284.507,Received an expired out of sequence packet ,142512,142578
284.511,Received an expired out of sequence packet ,142513,142578
284.511,Received an expired out of sequence packet ,142514,142578
284.514,Received an expired out of sequence packet ,142515,142578
284.514,Received an expired out of sequence packet ,142516,142578
284.518,Received an expired out of sequence packet ,142517,142578
284.518,Received an expired out of sequence packet ,142518,142578
284.52,Received an expired out of sequence packet ,142519,142578
284.52,Received an expired out of sequence packet ,142520,142578
284.523,Received an expired out of sequence packet ,142521,142578
284.528,Received an expired out of sequence packet ,142522,142578
284.528,Received an expired out of sequence packet ,142523,142578
284.528,Received an expired out of sequence packet ,142524,142578
284.53,Received an expired out of sequence packet ,142525,142578
284.53,Received an expired out of sequence packet ,142526,142578
284.566,Received an expired out of sequence packet ,142527,142578
284.566,Received an expired out of sequence packet ,142528,142578
284.575,Received an expired out of sequence packet ,142529,142578
284.575,Received an expired out of sequence packet ,142530,142578
284.578,Received an expired out of sequence packet ,142531,142578
284.581,Received an expired out of sequence packet ,142532,142578
284.581,Received an expired out of sequence packet ,142533,142578
284.584,Received an expired out of sequence packet ,142534,142578
284.584,Received an expired out of sequence packet ,142535,142578
284.586,Received an expired out of sequence packet ,142536,142578
284.586,Received an expired out of sequence packet ,142537,142578
284.59,Received an expired out of sequence packet ,142538,142578
284.59,Received an expired out of sequence packet ,142539,142578
284.592,Received an expired out of sequence packet ,142540,142578
284.592,Received an expired out of sequence packet ,142541,142578
284.592,Received an expired out of sequence packet ,142542,142578
284.595,Received an expired out of sequence packet ,142543,142578
284.595,Received an expired out of sequence packet ,142544,142578
284.599,Received an expired out of sequence packet ,142545