1.12148,Exit slow start,exceeding SS_EXIT_THRESHOLD
73.5732,Timeout
73.5732,clearing sending list because of timeout
73.5826,Received an expired out of sequence packet ,32658,32773
74.5826,Timeout
74.5826,clearing sending list because of timeout
74.5965,Received an expired out of sequence packet ,32659,32775
74.9767,Received an expired out of sequence packet ,32660,32775
74.9788,Received an expired out of sequence packet ,32661,32775
74.9788,Received an expired out of sequence packet ,32662,32775
74.9788,Received an expired out of sequence packet ,32663,32775
74.9788,Received an expired out of sequence packet ,32664,32775
74.9789,Received an expired out of sequence packet ,32665,32775
74.9839,Received an expired out of sequence packet ,32666,32775
74.9839,Received an expired out of sequence packet ,32667,32775
74.985,Received an expired out of sequence packet ,32668,32775
74.9871,Received an expired out of sequence packet ,32669,32775
74.9932,Received an expired out of sequence packet ,32670,32775
75.0158,Received an expired out of sequence packet ,32671,32775
75.0169,Received an expired out of sequence packet ,32672,32775
75.0169,Received an expired out of sequence packet ,32673,32775
75.0169,Received an expired out of sequence packet ,32674,32775
75.0169,Received an expired out of sequence packet ,32675,32775
75.0169,Received an expired out of sequence packet ,32676,32775
75.0191,Received an expired out of sequence packet ,32677,32775
75.0222,Received an expired out of sequence packet ,32678,32775
75.0253,Received an expired out of sequence packet ,32679,32775
75.0253,Received an expired out of sequence packet ,32680,32775
75.0254,Received an expired out of sequence packet ,32681,32775
75.0279,Received an expired out of sequence packet ,32682,32775
75.0279,Received an expired out of sequence packet ,32683,32775
75.032,Received an expired out of sequence packet ,32684,32775
75.0466,Received an expired out of sequence packet ,32685,32775
75.0466,Received an expired out of sequence packet ,32686,32775
75.057,Received an expired out of sequence packet ,32687,32775
75.0591,Received an expired out of sequence packet ,32688,32775
75.0592,Received an expired out of sequence packet ,32689,32775
75.0592,Received an expired out of sequence packet ,32690,32775
75.0592,Received an expired out of sequence packet ,32691,32775
75.0592,Received an expired out of sequence packet ,32692,32775
75.0592,Received an expired out of sequence packet ,32693,32775
75.0611,Received an expired out of sequence packet ,32694,32775
75.0623,Received an expired out of sequence packet ,32695,32775
75.0654,Received an expired out of sequence packet ,32696,32775
75.0665,Received an expired out of sequence packet ,32697,32775
75.0717,Received an expired out of sequence packet ,32698,32775
75.0738,Received an expired out of sequence packet ,32699,32775
75.0738,Received an expired out of sequence packet ,32700,32775
75.0775,Received an expired out of sequence packet ,32701,32775
75.0817,Received an expired out of sequence packet ,32702,32775
75.0951,Received an expired out of sequence packet ,32703,32775
75.0962,Received an expired out of sequence packet ,32704,32775
75.1024,Received an expired out of sequence packet ,32705,32775
75.1024,Received an expired out of sequence packet ,32706,32775
75.1024,Received an expired out of sequence packet ,32707,32775
75.1024,Received an expired out of sequence packet ,32708,32775
75.1055,Received an expired out of sequence packet ,32709,32775
75.1083,Received an expired out of sequence packet ,32710,32775
75.1094,Received an expired out of sequence packet ,32711,32775
75.1145,Received an expired out of sequence packet ,32712,32775
75.1271,Received an expired out of sequence packet ,32713,32775
75.1414,Received an expired out of sequence packet ,32714,32775
75.1426,Received an expired out of sequence packet ,32715,32775
75.1437,Received an expired out of sequence packet ,32716,32775
75.1437,Received an expired out of sequence packet ,32717,32775
75.1469,Received an expired out of sequence packet ,32718,32775
75.1469,Received an expired out of sequence packet ,32719,32775
75.1469,Received an expired out of sequence packet ,32720,32775
75.1469,Received an expired out of sequence packet ,32721,32775
75.1469,Received an expired out of sequence packet ,32722,32775
75.1469,Received an expired out of sequence packet ,32723,32775
75.1519,Received an expired out of sequence packet ,32724,32775
75.152,Received an expired out of sequence packet ,32725,32775
75.152,Received an expired out of sequence packet ,32726,32775
75.1677,Received an expired out of sequence packet ,32727,32775
75.1688,Received an expired out of sequence packet ,32728,32775
75.1689,Received an expired out of sequence packet ,32729,32775
75.1689,Received an expired out of sequence packet ,32730,32775
75.17,Received an expired out of sequence packet ,32731,32775
75.1732,Received an expired out of sequence packet ,32732,32775
75.1763,Received an expired out of sequence packet ,32733,32775
75.1824,Received an expired out of sequence packet ,32734,32775
75.1862,Received an expired out of sequence packet ,32735,32775
75.1863,Received an expired out of sequence packet ,32736,32775
75.1863,Received an expired out of sequence packet ,32737,32775
75.1874,Received an expired out of sequence packet ,32738,32775
75.1884,Received an expired out of sequence packet ,32739,32775
75.1925,Received an expired out of sequence packet ,32740,32775
75.2063,Received an expired out of sequence packet ,32741,32775
75.2064,Received an expired out of sequence packet ,32742,32775
75.2084,Received an expired out of sequence packet ,32743,32775
75.2176,Received an expired out of sequence packet ,32744,32775
75.2176,Received an expired out of sequence packet ,32745,32775
75.2197,Received an expired out of sequence packet ,32746,32775
75.2197,Received an expired out of sequence packet ,32747,32775
75.2198,Received an expired out of sequence packet ,32748,32775
75.2229,Received an expired out of sequence packet ,32749,32775
75.2229,Received an expired out of sequence packet ,32750,32775
75.225,Received an expired out of sequence packet ,32751,32775
75.253,Received an expired out of sequence packet ,32752,32775
75.2531,Received an expired out of sequence packet ,32753,32775
75.2571,Received an expired out of sequence packet ,32754,32775
75.2571,Received an expired out of sequence packet ,32755,32775
75.2622,Received an expired out of sequence packet ,32756,32775
75.2652,Received an expired out of sequence packet ,32757,32775
75.2652,Received an expired out of sequence packet ,32758,32775
75.2673,Received an expired out of sequence packet ,32759,32775
75.2703,Received an expired out of sequence packet ,32760,32775
75.2851,Received an expired out of sequence packet ,32761,32775
75.2907,Received an expired out of sequence packet ,32762,32775
75.2947,Received an expired out of sequence packet ,32763,32775
75.2959,Received an expired out of sequence packet ,32764,32775
75.296,Received an expired out of sequence packet ,32765,32775
75.2992,Received an expired out of sequence packet ,32766,32775
75.3033,Received an expired out of sequence packet ,32767,32775
75.3053,Received an expired out of sequence packet ,32768,32775
75.3054,Received an expired out of sequence packet ,32769,32775
75.3087,Received an expired out of sequence packet ,32770,32775
75.3087,Received an expired out of sequence packet ,32771,32775
75.3097,Received an expired out of sequence packet ,32772,32775
75.3148,Received an expired out of sequence packet ,32773,32775
75.3169,Received an expired out of sequence packet ,32774,32775
91.3778,Timeout
91.3778,clearing sending list because of timeout
91.3788,Received an expired out of sequence packet ,42885,43070
92.368,Received an expired out of sequence packet ,42886,43070
93.368,Timeout
93.368,clearing sending list because of timeout
93.3788,Received an expired out of sequence packet ,42887,43072
94.3679,Received an expired out of sequence packet ,42888,43072
94.98,Received an expired out of sequence packet ,42889,43072
94.9863,Received an expired out of sequence packet ,42890,43072
94.9903,Received an expired out of sequence packet ,42891,43072
94.9924,Received an expired out of sequence packet ,42892,43072
94.9945,Received an expired out of sequence packet ,42893,43072
94.9984,Received an expired out of sequence packet ,42894,43072
95.0015,Received an expired out of sequence packet ,42895,43072
95.0026,Received an expired out of sequence packet ,42896,43072
95.0026,Received an expired out of sequence packet ,42897,43072
95.0158,Received an expired out of sequence packet ,42898,43072
95.0261,Received an expired out of sequence packet ,42899,43072
95.0273,Received an expired out of sequence packet ,42900,43072
95.0428,Received an expired out of sequence packet ,42901,43072
95.0448,Received an expired out of sequence packet ,42902,43072
95.0448,Received an expired out of sequence packet ,42903,43072
95.0469,Received an expired out of sequence packet ,42904,43072
95.0469,Received an expired out of sequence packet ,42905,43072
95.0469,Received an expired out of sequence packet ,42906,43072
95.0541,Received an expired out of sequence packet ,42907,43072
95.0582,Received an expired out of sequence packet ,42908,43072
95.0582,Received an expired out of sequence packet ,42909,43072
95.0602,Received an expired out of sequence packet ,42910,43072
95.0685,Received an expired out of sequence packet ,42911,43072
95.0735,Received an expired out of sequence packet ,42912,43072
95.0767,Received an expired out of sequence packet ,42913,43072
95.0808,Received an expired out of sequence packet ,42914,43072
95.0819,Received an expired out of sequence packet ,42915,43072
95.0939,Received an expired out of sequence packet ,42916,43072
95.096,Received an expired out of sequence packet ,42917,43072
95.1198,Received an expired out of sequence packet ,42918,43072
95.1219,Received an expired out of sequence packet ,42919,43072
95.1219,Received an expired out of sequence packet ,42920,43072
95.122,Received an expired out of sequence packet ,42921,43072
95.122,Received an expired out of sequence packet ,42922,43072
95.124,Received an expired out of sequence packet ,42923,43072
95.1261,Received an expired out of sequence packet ,42924,43072
95.1341,Received an expired out of sequence packet ,42925,43072
95.1373,Received an expired out of sequence packet ,42926,43072
95.1425,Received an expired out of sequence packet ,42927,43072
95.1486,Received an expired out of sequence packet ,42928,43072
95.1547,Received an expired out of sequence packet ,42929,43072
95.1588,Received an expired out of sequence packet ,42930,43072
95.166,Received an expired out of sequence packet ,42931,43072
95.166,Received an expired out of sequence packet ,42932,43072
95.1752,Received an expired out of sequence packet ,42933,43072
95.1824,Received an expired out of sequence packet ,42934,43072
95.1824,Received an expired out of sequence packet ,42935,43072
95.1885,Received an expired out of sequence packet ,42936,43072
95.1885,Received an expired out of sequence packet ,42937,43072
95.1978,Received an expired out of sequence packet ,42938,43072
95.201,Received an expired out of sequence packet ,42939,43072
95.201,Received an expired out of sequence packet ,42940,43072
95.2132,Received an expired out of sequence packet ,42941,43072
95.2153,Received an expired out of sequence packet ,42942,43072
95.2184,Received an expired out of sequence packet ,42943,43072
95.2184,Received an expired out of sequence packet ,42944,43072
95.2277,Received an expired out of sequence packet ,42945,43072
95.2329,Received an expired out of sequence packet ,42946,43072
95.236,Received an expired out of sequence packet ,42947,43072
95.2422,Received an expired out of sequence packet ,42948,43072
95.2442,Received an expired out of sequence packet ,42949,43072
95.2483,Received an expired out of sequence packet ,42950,43072
95.2544,Received an expired out of sequence packet ,42951,43072
95.2617,Received an expired out of sequence packet ,42952,43072
95.2751,Received an expired out of sequence packet ,42953,43072
95.2762,Received an expired out of sequence packet ,42954,43072
95.2782,Received an expired out of sequence packet ,42955,43072
95.2803,Received an expired out of sequence packet ,42956,43072
95.2874,Received an expired out of sequence packet ,42957,43072
95.2874,Received an expired out of sequence packet ,42958,43072
95.2924,Received an expired out of sequence packet ,42959,43072
95.3089,Received an expired out of sequence packet ,42960,43072
95.31,Received an expired out of sequence packet ,42961,43072
95.3163,Received an expired out of sequence packet ,42962,43072
95.3223,Received an expired out of sequence packet ,42963,43072
95.3224,Received an expired out of sequence packet ,42964,43072
95.3224,Received an expired out of sequence packet ,42965,43072
95.3224,Received an expired out of sequence packet ,42966,43072
95.3244,Received an expired out of sequence packet ,42967,43072
95.3314,Received an expired out of sequence packet ,42968,43072
95.3324,Received an expired out of sequence packet ,42969,43072
95.3489,Received an expired out of sequence packet ,42970,43072
95.3571,Received an expired out of sequence packet ,42971,43072
95.3624,Received an expired out of sequence packet ,42972,43072
95.3624,Received an expired out of sequence packet ,42973,43072
95.3624,Received an expired out of sequence packet ,42974,43072
95.3624,Received an expired out of sequence packet ,42975,43072
95.3644,Received an expired out of sequence packet ,42976,43072
95.3757,Received an expired out of sequence packet ,42977,43072
95.3777,Received an expired out of sequence packet ,42978,43072
95.3808,Received an expired out of sequence packet ,42979,43072
95.3808,Received an expired out of sequence packet ,42980,43072
95.3891,Received an expired out of sequence packet ,42981,43072
95.3912,Received an expired out of sequence packet ,42982,43072
95.3973,Received an expired out of sequence packet ,42983,43072
95.4003,Received an expired out of sequence packet ,42984,43072
95.4086,Received an expired out of sequence packet ,42985,43072
95.4117,Received an expired out of sequence packet ,42986,43072
95.4219,Received an expired out of sequence packet ,42987,43072
95.4219,Received an expired out of sequence packet ,42988,43072
95.4262,Received an expired out of sequence packet ,42989,43072
95.4323,Received an expired out of sequence packet ,42990,43072
95.4354,Received an expired out of sequence packet ,42991,43072
95.4438,Received an expired out of sequence packet ,42992,43072
95.4449,Received an expired out of sequence packet ,42993,43072
95.4519,Received an expired out of sequence packet ,42994,43072
95.4561,Received an expired out of sequence packet ,42995,43072
95.4572,Received an expired out of sequence packet ,42996,43072
95.4623,Received an expired out of sequence packet ,42997,43072
95.4695,Received an expired out of sequence packet ,42998,43072
95.4726,Received an expired out of sequence packet ,42999,43072
95.4786,Received an expired out of sequence packet ,43000,43072
95.4786,Received an expired out of sequence packet ,43001,43072
95.4877,Received an expired out of sequence packet ,43002,43072
95.4948,Received an expired out of sequence packet ,43003,43072
95.5124,Received an expired out of sequence packet ,43004,43072
95.5164,Received an expired out of sequence packet ,43005,43072
95.5165,Received an expired out of sequence packet ,43006,43072
95.5195,Received an expired out of sequence packet ,43007,43072
95.5195,Received an expired out of sequence packet ,43008,43072
95.5206,Received an expired out of sequence packet ,43009,43072
95.5309,Received an expired out of sequence packet ,43010,43072
95.5309,Received an expired out of sequence packet ,43011,43072
95.5392,Received an expired out of sequence packet ,43012,43072
95.5392,Received an expired out of sequence packet ,43013,43072
95.5422,Received an expired out of sequence packet ,43014,43072
95.5485,Received an expired out of sequence packet ,43015,43072
95.5558,Received an expired out of sequence packet ,43016,43072
95.5568,Received an expired out of sequence packet ,43017,43072
95.5628,Received an expired out of sequence packet ,43018,43072
95.5649,Received an expired out of sequence packet ,43019,43072
95.5721,Received an expired out of sequence packet ,43020,43072
95.5742,Received an expired out of sequence packet ,43021,43072
95.5826,Received an expired out of sequence packet ,43022,43072
95.5857,Received an expired out of sequence packet ,43023,43072
95.5928,Received an expired out of sequence packet ,43024,43072
95.5969,Received an expired out of sequence packet ,43025,43072
95.5969,Received an expired out of sequence packet ,43026,43072
95.6011,Received an expired out of sequence packet ,43027,43072
95.6063,Received an expired out of sequence packet ,43028,43072
95.6146,Received an expired out of sequence packet ,43029,43072
95.6177,Received an expired out of sequence packet ,43030,43072
95.6217,Received an expired out of sequence packet ,43031,43072
95.628,Received an expired out of sequence packet ,43032,43072
95.6321,Received an expired out of sequence packet ,43033,43072
95.6321,Received an expired out of sequence packet ,43034,43072
95.6361,Received an expired out of sequence packet ,43035,43072
95.6413,Received an expired out of sequence packet ,43036,43072
95.6456,Received an expired out of sequence packet ,43037,43072
95.6529,Received an expired out of sequence packet ,43038,43072
95.657,Received an expired out of sequence packet ,43039,43072
95.662,Received an expired out of sequence packet ,43040,43072
95.6642,Received an expired out of sequence packet ,43041,43072
95.6672,Received an expired out of sequence packet ,43042,43072
95.6713,Received an expired out of sequence packet ,43043,43072
95.6795,Received an expired out of sequence packet ,43044,43072
95.6826,Received an expired out of sequence packet ,43045,43072
95.6909,Received an expired out of sequence packet ,43046,43072
95.6909,Received an expired out of sequence packet ,43047,43072
95.697,Received an expired out of sequence packet ,43048,43072
95.7,Received an expired out of sequence packet ,43049,43072
95.7021,Received an expired out of sequence packet ,43050,43072
95.708,Received an expired out of sequence packet ,43051,43072
95.7274,Received an expired out of sequence packet ,43052,43072
95.7284,Received an expired out of sequence packet ,43053,43072
95.7358,Received an expired out of sequence packet ,43054,43072
95.7358,Received an expired out of sequence packet ,43055,43072
95.7358,Received an expired out of sequence packet ,43056,43072
95.749,Received an expired out of sequence packet ,43057,43072
95.754,Received an expired out of sequence packet ,43058,43072
95.754,Received an expired out of sequence packet ,43059,43072
95.7541,Received an expired out of sequence packet ,43060,43072
95.7562,Received an expired out of sequence packet ,43061,43072
95.7622,Received an expired out of sequence packet ,43062,43072
95.7644,Received an expired out of sequence packet ,43063,43072
95.7736,Received an expired out of sequence packet ,43064,43072
95.7746,Received an expired out of sequence packet ,43065,43072
95.7808,Received an expired out of sequence packet ,43066,43072
95.7827,Received an expired out of sequence packet ,43067,43072
95.7889,Received an expired out of sequence packet ,43068,43072
95.7941,Received an expired out of sequence packet ,43069,43072
95.7982,Received an expired out of sequence packet ,43070,43072
95.8023,Received an expired out of sequence packet ,43071,43072
128.711,Missing packet expired,70892
184.105,Timeout
184.105,clearing sending list because of timeout
184.113,Received an expired out of sequence packet ,111197,111281
184.113,Received an expired out of sequence packet ,111198,111281
184.117,Received an expired out of sequence packet ,111199,111281
184.124,Received an expired out of sequence packet ,111200,111281
184.125,Received an expired out of sequence packet ,111201,111281
184.125,Received an expired out of sequence packet ,111202,111281
184.127,Received an expired out of sequence packet ,111203,111281
184.128,Received an expired out of sequence packet ,111204,111281
184.128,Received an expired out of sequence packet ,111205,111281
184.128,Received an expired out of sequence packet ,111206,111281
184.128,Received an expired out of sequence packet ,111207,111281
184.128,Received an expired out of sequence packet ,111208,111281
184.128,Received an expired out of sequence packet ,111209,111281
184.128,Received an expired out of sequence packet ,111210,111281
184.131,Received an expired out of sequence packet ,111211,111281
184.131,Received an expired out of sequence packet ,111212,111281
184.131,Received an expired out of sequence packet ,111213,111281
184.131,Received an expired out of sequence packet ,111214,111281
184.131,Received an expired out of sequence packet ,111215,111281
184.131,Received an expired out of sequence packet ,111216,111281
184.131,Received an expired out of sequence packet ,111217,111281
184.131,Received an expired out of sequence packet ,111218,111281
184.131,Received an expired out of sequence packet ,111219,111281
184.131,Received an expired out of sequence packet ,111220,111281
184.131,Received an expired out of sequence packet ,111221,111281
184.131,Received an expired out of sequence packet ,111222,111281
184.131,Received an expired out of sequence packet ,111223,111281
184.131,Received an expired out of sequence packet ,111224,111281
184.131,Received an expired out of sequence packet ,111225,111281
184.131,Received an expired out of sequence packet ,111226,111281
184.134,Received an expired out of sequence packet ,111227,111281
184.134,Received an expired out of sequence packet ,111228,111281
184.134,Received an expired out of sequence packet ,111229,111281
184.134,Received an expired out of sequence packet ,111230,111281
184.134,Received an expired out of sequence packet ,111231,111281
184.134,Received an expired out of sequence packet ,111232,111281
184.134,Received an expired out of sequence packet ,111233,111281
184.134,Received an expired out of sequence packet ,111234,111281
184.134,Received an expired out of sequence packet ,111235,111281
184.134,Received an expired out of sequence packet ,111236,111281
184.134,Received an expired out of sequence packet ,111237,111281
184.134,Received an expired out of sequence packet ,111238,111281
184.134,Received an expired out of sequence packet ,111239,111281
184.134,Received an expired out of sequence packet ,111240,111281
184.134,Received an expired out of sequence packet ,111241,111281
184.134,Received an expired out of sequence packet ,111242,111281
184.134,Received an expired out of sequence packet ,111243,111281
184.134,Received an expired out of sequence packet ,111244,111281
184.134,Received an expired out of sequence packet ,111245,111281
184.134,Received an expired out of sequence packet ,111246,111281
184.134,Received an expired out of sequence packet ,111247,111281
184.134,Received an expired out of sequence packet ,111248,111281
184.134,Received an expired out of sequence packet ,111249,111281
184.134,Received an expired out of sequence packet ,111250,111281
184.134,Received an expired out of sequence packet ,111251,111281
184.134,Received an expired out of sequence packet ,111252,111281
184.134,Received an expired out of sequence packet ,111253,111281
184.149,Received an expired out of sequence packet ,111254,111281
184.149,Received an expired out of sequence packet ,111255,111281
184.149,Received an expired out of sequence packet ,111256,111281
184.152,Received an expired out of sequence packet ,111257,111281
184.16,Received an expired out of sequence packet ,111258,111281
184.164,Received an expired out of sequence packet ,111259,111281
184.167,Received an expired out of sequence packet ,111260,111281
184.167,Received an expired out of sequence packet ,111261,111281
184.167,Received an expired out of sequence packet ,111262,111281
184.167,Received an expired out of sequence packet ,111263,111281
184.167,Received an expired out of sequence packet ,111264,111281
184.167,Received an expired out of sequence packet ,111265,111281
184.167,Received an expired out of sequence packet ,111266,111281
184.167,Received an expired out of sequence packet ,111267,111281
184.167,Received an expired out of sequence packet ,111268,111281
184.167,Received an expired out of sequence packet 