1.25762,Exit slow start,exceeding SS_EXIT_THRESHOLD
13.2986,Restart,can't map delay on delay curve
14.7192,Exit slow start,exceeding SS_EXIT_THRESHOLD
53.9161,Timeout
53.9161,clearing sending list because of timeout
53.9175,Received an expired out of sequence packet ,24973,24988
54.916,Received an expired out of sequence packet ,24974,24988
54.9871,Received an expired out of sequence packet ,24975,24988
54.9881,Received an expired out of sequence packet ,24976,24988
54.9932,Received an expired out of sequence packet ,24977,24988
54.9932,Received an expired out of sequence packet ,24978,24988
54.9932,Received an expired out of sequence packet ,24979,24988
54.9932,Received an expired out of sequence packet ,24980,24988
54.9932,Received an expired out of sequence packet ,24981,24988
54.9932,Received an expired out of sequence packet ,24982,24988
54.9932,Received an expired out of sequence packet ,24983,24988
54.9943,Received an expired out of sequence packet ,24984,24988
54.9943,Received an expired out of sequence packet ,24985,24988
54.9943,Received an expired out of sequence packet ,24986,24988
54.9943,Received an expired out of sequence packet ,24987,24988
59.1285,Restart,can't map delay on delay curve
60.3333,Exit slow start,exceeding SS_EXIT_THRESHOLD
63.9169,Timeout
63.9169,clearing sending list because of timeout
63.917,Received an expired out of sequence packet ,3258,3707
64.9161,Received an expired out of sequence packet ,3259,3707
64.9734,Received an expired out of sequence packet ,3260,3707
64.9744,Received an expired out of sequence packet ,3261,3707
64.9823,Received an expired out of sequence packet ,3262,3707
64.9823,Received an expired out of sequence packet ,3263,3707
64.9824,Received an expired out of sequence packet ,3264,3707
64.9834,Received an expired out of sequence packet ,3265,3707
64.9834,Received an expired out of sequence packet ,3266,3707
64.9834,Received an expired out of sequence packet ,3267,3707
64.9943,Received an expired out of sequence packet ,3268,3707
64.9955,Received an expired out of sequence packet ,3269,3707
64.9955,Received an expired out of sequence packet ,3270,3707
64.9955,Received an expired out of sequence packet ,3271,3707
64.9955,Received an expired out of sequence packet ,3272,3707
64.9955,Received an expired out of sequence packet ,3273,3707
64.9956,Received an expired out of sequence packet ,3274,3707
64.9956,Received an expired out of sequence packet ,3275,3707
64.9997,Received an expired out of sequence packet ,3276,3707
64.9997,Received an expired out of sequence packet ,3277,3707
64.9998,Received an expired out of sequence packet ,3278,3707
64.9998,Received an expired out of sequence packet ,3279,3707
64.9998,Received an expired out of sequence packet ,3280,3707
64.9998,Received an expired out of sequence packet ,3281,3707
64.9998,Received an expired out of sequence packet ,3282,3707
64.9998,Received an expired out of sequence packet ,3283,3707
64.9998,Received an expired out of sequence packet ,3284,3707
64.9999,Received an expired out of sequence packet ,3285,3707
64.9999,Received an expired out of sequence packet ,3286,3707
64.9999,Received an expired out of sequence packet ,3287,3707
64.9999,Received an expired out of sequence packet ,3288,3707
64.9999,Received an expired out of sequence packet ,3289,3707
64.9999,Received an expired out of sequence packet ,3290,3707
65,Received an expired out of sequence packet ,3291,3707
65.0124,Received an expired out of sequence packet ,3292,3707
65.0134,Received an expired out of sequence packet ,3293,3707
65.0144,Received an expired out of sequence packet ,3294,3707
65.0145,Received an expired out of sequence packet ,3295,3707
65.0167,Received an expired out of sequence packet ,3296,3707
65.0167,Received an expired out of sequence packet ,3297,3707
65.0167,Received an expired out of sequence packet ,3298,3707
65.0167,Received an expired out of sequence packet ,3299,3707
65.0186,Received an expired out of sequence packet ,3300,3707
65.023,Received an expired out of sequence packet ,3301,3707
65.023,Received an expired out of sequence packet ,3302,3707
65.023,Received an expired out of sequence packet ,3303,3707
65.023,Received an expired out of sequence packet ,3304,3707
65.0281,Received an expired out of sequence packet ,3305,3707
65.0281,Received an expired out of sequence packet ,3306,3707
65.0282,Received an expired out of sequence packet ,3307,3707
65.0282,Received an expired out of sequence packet ,3308,3707
65.0282,Received an expired out of sequence packet ,3309,3707
65.0282,Received an expired out of sequence packet ,3310,3707
65.0292,Received an expired out of sequence packet ,3311,3707
65.0293,Received an expired out of sequence packet ,3312,3707
65.0293,Received an expired out of sequence packet ,3313,3707
65.0293,Received an expired out of sequence packet ,3314,3707
65.0345,Received an expired out of sequence packet ,3315,3707
65.0345,Received an expired out of sequence packet ,3316,3707
65.0346,Received an expired out of sequence packet ,3317,3707
65.0346,Received an expired out of sequence packet ,3318,3707
65.0346,Received an expired out of sequence packet ,3319,3707
65.0366,Received an expired out of sequence packet ,3320,3707
65.0366,Received an expired out of sequence packet ,3321,3707
65.0366,Received an expired out of sequence packet ,3322,3707
65.0366,Received an expired out of sequence packet ,3323,3707
65.0387,Received an expired out of sequence packet ,3324,3707
65.0417,Received an expired out of sequence packet ,3325,3707
65.0417,Received an expired out of sequence packet ,3326,3707
65.0418,Received an expired out of sequence packet ,3327,3707
65.0418,Received an expired out of sequence packet ,3328,3707
65.0467,Received an expired out of sequence packet ,3329,3707
65.0467,Received an expired out of sequence packet ,3330,3707
65.0467,Received an expired out of sequence packet ,3331,3707
65.0468,Received an expired out of sequence packet ,3332,3707
65.0468,Received an expired out of sequence packet ,3333,3707
65.0468,Received an expired out of sequence packet ,3334,3707
65.0468,Received an expired out of sequence packet ,3335,3707
65.0478,Received an expired out of sequence packet ,3336,3707
65.0531,Received an expired out of sequence packet ,3337,3707
65.0531,Received an expired out of sequence packet ,3338,3707
65.0531,Received an expired out of sequence packet ,3339,3707
65.0532,Received an expired out of sequence packet ,3340,3707
65.0532,Received an expired out of sequence packet ,3341,3707
65.0532,Received an expired out of sequence packet ,3342,3707
65.0532,Received an expired out of sequence packet ,3343,3707
65.0532,Received an expired out of sequence packet ,3344,3707
65.0532,Received an expired out of sequence packet ,3345,3707
65.0533,Received an expired out of sequence packet ,3346,3707
65.0533,Received an expired out of sequence packet ,3347,3707
65.0624,Received an expired out of sequence packet ,3348,3707
65.0624,Received an expired out of sequence packet ,3349,3707
65.0624,Received an expired out of sequence packet ,3350,3707
65.0625,Received an expired out of sequence packet ,3351,3707
65.0625,Received an expired out of sequence packet ,3352,3707
65.0625,Received an expired out of sequence packet ,3353,3707
65.0626,Received an expired out of sequence packet ,3354,3707
65.0636,Received an expired out of sequence packet ,3355,3707
65.0637,Received an expired out of sequence packet ,3356,3707
65.0719,Received an expired out of sequence packet ,3357,3707
65.0719,Received an expired out of sequence packet ,3358,3707
65.0719,Received an expired out of sequence packet ,3359,3707
65.0719,Received an expired out of sequence packet ,3360,3707
65.0719,Received an expired out of sequence packet ,3361,3707
65.072,Received an expired out of sequence packet ,3362,3707
65.072,Received an expired out of sequence packet ,3363,3707
65.072,Received an expired out of sequence packet ,3364,3707
65.072,Received an expired out of sequence packet ,3365,3707
65.072,Received an expired out of sequence packet ,3366,3707
65.072,Received an expired out of sequence packet ,3367,3707
65.0721,Received an expired out of sequence packet ,3368,3707
65.073,Received an expired out of sequence packet ,3369,3707
65.073,Received an expired out of sequence packet ,3370,3707
65.073,Received an expired out of sequence packet ,3371,3707
65.073,Received an expired out of sequence packet ,3372,3707
65.0739,Received an expired out of sequence packet ,3373,3707
65.0739,Received an expired out of sequence packet ,3374,3707
65.0739,Received an expired out of sequence packet ,3375,3707
65.074,Received an expired out of sequence packet ,3376,3707
65.074,Received an expired out of sequence packet ,3377,3707
65.074,Received an expired out of sequence packet ,3378,3707
65.074,Received an expired out of sequence packet ,3379,3707
65.074,Received an expired out of sequence packet ,3380,3707
65.0811,Received an expired out of sequence packet ,3381,3707
65.0811,Received an expired out of sequence packet ,3382,3707
65.0811,Received an expired out of sequence packet ,3383,3707
65.0811,Received an expired out of sequence packet ,3384,3707
65.0832,Received an expired out of sequence packet ,3385,3707
65.0832,Received an expired out of sequence packet ,3386,3707
65.0832,Received an expired out of sequence packet ,3387,3707
65.0832,Received an expired out of sequence packet ,3388,3707
65.0851,Received an expired out of sequence packet ,3389,3707
65.0851,Received an expired out of sequence packet ,3390,3707
65.0851,Received an expired out of sequence packet ,3391,3707
65.0852,Received an expired out of sequence packet ,3392,3707
65.0852,Received an expired out of sequence packet ,3393,3707
65.0852,Received an expired out of sequence packet ,3394,3707
65.0852,Received an expired out of sequence packet ,3395,3707
65.0852,Received an expired out of sequence packet ,3396,3707
65.0852,Received an expired out of sequence packet ,3397,3707
65.0944,Received an expired out of sequence packet ,3398,3707
65.0944,Received an expired out of sequence packet ,3399,3707
65.0944,Received an expired out of sequence packet ,3400,3707
65.0944,Received an expired out of sequence packet ,3401,3707
65.0945,Received an expired out of sequence packet ,3402,3707
65.0945,Received an expired out of sequence packet ,3403,3707
65.0945,Received an expired out of sequence packet ,3404,3707
65.0966,Received an expired out of sequence packet ,3405,3707
65.0966,Received an expired out of sequence packet ,3406,3707
65.1036,Received an expired out of sequence packet ,3407,3707
65.1037,Received an expired out of sequence packet ,3408,3707
65.1047,Received an expired out of sequence packet ,3409,3707
65.1058,Received an expired out of sequence packet ,3410,3707
65.1058,Received an expired out of sequence packet ,3411,3707
65.1141,Received an expired out of sequence packet ,3412,3707
65.1142,Received an expired out of sequence packet ,3413,3707
65.1142,Received an expired out of sequence packet ,3414,3707
65.1142,Received an expired out of sequence packet ,3415,3707
65.1142,Received an expired out of sequence packet ,3416,3707
65.1152,Received an expired out of sequence packet ,3417,3707
65.1173,Received an expired out of sequence packet ,3418,3707
65.1173,Received an expired out of sequence packet ,3419,3707
65.1286,Received an expired out of sequence packet ,3420,3707
65.1287,Received an expired out of sequence packet ,3421,3707
65.1287,Received an expired out of sequence packet ,3422,3707
65.1287,Received an expired out of sequence packet ,3423,3707
65.1298,Received an expired out of sequence packet ,3424,3707
65.1298,Received an expired out of sequence packet ,3425,3707
65.1298,Received an expired out of sequence packet ,3426,3707
65.1309,Received an expired out of sequence packet ,3427,3707
65.1349,Received an expired out of sequence packet ,3428,3707
65.1349,Received an expired out of sequence packet ,3429,3707
65.1349,Received an expired out of sequence packet ,3430,3707
65.143,Received an expired out of sequence packet ,3431,3707
65.143,Received an expired out of sequence packet ,3432,3707
65.144,Received an expired out of sequence packet ,3433,3707
65.1451,Received an expired out of sequence packet ,3434,3707
65.1451,Received an expired out of sequence packet ,3435,3707
65.1451,Received an expired out of sequence packet ,3436,3707
65.1451,Received an expired out of sequence packet ,3437,3707
65.1452,Received an expired out of sequence packet ,3438,3707
65.1452,Received an expired out of sequence packet ,3439,3707
65.1492,Received an expired out of sequence packet ,3440,3707
65.1492,Received an expired out of sequence packet ,3441,3707
65.1492,Received an expired out of sequence packet ,3442,3707
65.1492,Received an expired out of sequence packet ,3443,3707
65.1533,Received an expired out of sequence packet ,3444,3707
65.1533,Received an expired out of sequence packet ,3445,3707
65.1533,Received an expired out of sequence packet ,3446,3707
65.2252,Received an expired out of sequence packet ,3447,3707
65.2338,Received an expired out of sequence packet ,3448,3707
65.241,Received an expired out of sequence packet ,3449,3707
65.2479,Received an expired out of sequence packet ,3450,3707
65.2479,Received an expired out of sequence packet ,3451,3707
65.251,Received an expired out of sequence packet ,3452,3707
65.251,Received an expired out of sequence packet ,3453,3707
65.253,Received an expired out of sequence packet ,3454,3707
65.2531,Received an expired out of sequence packet ,3455,3707
65.2531,Received an expired out of sequence packet ,3456,3707
65.2531,Received an expired out of sequence packet ,3457,3707
65.2531,Received an expired out of sequence packet ,3458,3707
65.2591,Received an expired out of sequence packet ,3459,3707
65.2591,Received an expired out of sequence packet ,3460,3707
65.2632,Received an expired out of sequence packet ,3461,3707
65.2652,Received an expired out of sequence packet ,3462,3707
65.2652,Received an expired out of sequence packet ,3463,3707
65.2653,Received an expired out of sequence packet ,3464,3707
65.2653,Received an expired out of sequence packet ,3465,3707
65.2686,Received an expired out of sequence packet ,3466,3707
65.2686,Received an expired out of sequence packet ,3467,3707
65.2686,Received an expired out of sequence packet ,3468,3707
65.2687,Received an expired out of sequence packet ,3469,3707
65.2797,Received an expired out of sequence packet ,3470,3707
65.2807,Received an expired out of sequence packet ,3471,3707
65.2849,Received an expired out of sequence packet ,3472,3707
65.2859,Received an expired out of sequence packet ,3473,3707
65.2859,Received an expired out of sequence packet ,3474,3707
65.286,Received an expired out of sequence packet ,3475,3707
65.286,Received an expired out of sequence packet ,3476,3707
65.2972,Received an expired out of sequence packet ,3477,3707
65.2972,Received an expired out of sequence packet ,3478,3707
65.2973,Received an expired out of sequence packet ,3479,3707
65.2973,Received an expired out of sequence packet ,3480,3707
65.2973,Received an expired out of sequence packet ,3481,3707
65.3033,Received an expired out of sequence packet ,3482,3707
65.3033,Received an expired out of sequence packet ,3483,3707
65.3033,Received an expired out of sequence packet ,3484,3707
65.3034,Received an expired out of sequence packet ,3485,3707
65.3034,Received an expired out of sequence packet ,3486,3707
65.3075,Received an expired out of sequence packet ,3487,3707
65.3085,Received an expired out of sequence packet ,3488,3707
65.3085,Received an expired out of sequence packet ,3489,3707
65.3086,Received an expired out of sequence packet ,3490,3707
65.3086,Received an expired out of sequence packet ,3491,3707
65.3086,Received an expired out of sequence packet ,3492,3707
65.3106,Received an expired out of sequence packet ,3493,3707
65.3106,Received an expired out of sequence packet ,3494,3707
65.3106,Received an expired out of sequence packet ,3495,3707
65.322,Received an expired out of sequence packet ,3496,3707
65.322,Received an expired out of sequence packet ,3497,3707
65.322,Received an expired out of sequence packet ,3498,3707
65.3248,Received an expired out of sequence packet ,3499,3707
65.3248,Received an expired out of sequence packet ,3500,3707
65.3351,Received an expired out of sequence packet ,3501,3707
65.3352,Received an expired out of sequence packet ,3502,3707
65.3352,Received an expired out of sequence packet ,3503,3707
65.3352,Received an expired out of sequence packet ,3504,3707
65.3352,Received an expired out of sequence packet ,3505,3707
65.3353,Received an expired out of sequence packet ,3506,3707
65.3382,Received an expired out of sequence packet ,3507,3707
65.3382,Received an expired out of sequence packet ,3508,3707
65.3383,Received an expired out of sequence packet ,3509,3707
65.3383,Received an expired out of sequence packet ,3510,3707
65.3383,Received an expired out of sequence packet ,3511,3707
65.3452,Received an expired out of sequence packet ,3512,3707
65.3453,Received an expired out of sequence packet ,3513,3707
65.3453,Received an expired out of sequence packet ,3514,3707
65.3484,Received an expired out of sequence packet ,3515,3707
65.3484,Received an expired out of sequence packet ,3516,3707
65.3525,Received an expired out of sequence packet ,3517,3707
65.3526,Received an expired out of sequence packet ,3518,3707
65.3526,Received an expired out of sequence packet ,3519,3707
65.3597,Received an expired out of sequence packet ,3520,3707
65.3598,Received an expired out of sequence packet ,3521,3707
65.3598,Received an expired out of sequence packet ,3522,3707
65.3598,Received an expired out of sequence packet ,3523,3707
65.3616,Received an expired out of sequence packet ,3524,3707
65.3648,Received an expired out of sequence packet ,3525,3707
65.37,Received an expired out of sequence packet ,3526,3707
65.37,Received an expired out of sequence packet ,3527,3707
65.3793,Received an expired out of sequence packet ,3528,3707
65.3793,Received an expired out of sequence packet ,3529,3707
65.3793,Received an expired out of sequence packet ,3530,3707
65.3793,Received an expired out of sequence packet ,3531,3707
65.3823,Received an expired out of sequence packet ,3532,3707
65.3854,Received an expired out of sequence packet ,3533,3707
65.3854,Received an expired out of sequence packet ,3534,3707
65.3854,Received an expired out of sequence packet ,3535,3707
65.3855,Received an expired out of sequence packet ,3536,3707
65.3904,Received an expired out of sequence packet ,3537,3707
65.3904,Received an expired out of sequence packet ,3538,3707
65.3905,Received an expired out of sequence packet ,3539,3707
65.3905,Received an expired out of sequence packet ,3540,3707
65.3905,Received an expired out of sequence packet ,3541,3707
65.3905,Received an expired out of sequence packet ,3542,3707
65.3985,Received an expired out of sequence packet ,3543,3707
65.3986,Received an expired out of sequence packet ,3544,3707
65.3986,Received an expired out of sequence packet ,3545,3707
65.3986,Received an expired out of sequence packet ,3546,3707
65.4119,Received an expired out of sequence packet ,3547,3707
65.414,Received an expired out of sequence packet ,3548,3707
65.415,Received an expired out of sequence packet ,3549,3707
65.415,Received an expired out of sequence packet ,3550,3707
65.415,Received an expired out of sequence packet ,3551,3707
65.4251,Received an expired out of sequence packet ,3552,3707
65.4251,Received an expired out of sequence packet ,3553,3707
65.4272,Received an expired out of sequence packet ,3554,3707
65.4272,Received an expired out of sequence packet ,3555,3707
65.4272,Received an expired out of sequence packet ,3556,3707
65.4272,Received an expired out of sequence packet ,3557,3707
65.4869,Received an expired out of sequence packet ,3558,3707
65.4869,Received an expired out of sequence packet ,3559,3707
65.5413,Received an expired out of sequence packet ,3560,3707
65.5554,Received an expired out of sequence packet ,3561,3707
65.5585,Received an expired out of sequence packet ,3562,3707
65.5585,Received an expired out of sequence packet ,3563,3707
65.5585,Received an expired out of sequence packet ,3564,3707
65.5586,Received an expired out of sequence packet ,3565,3707
65.5586,Received an expired out of sequence packet ,3566,3707
65.57,Received an expired out of sequence packet ,3567,3707
65.5741,Received an expired out of sequence packet ,3568,3707
65.5772,Received an expired out of sequence packet ,3569,3707
65.5793,Received an expired out of sequence packet ,3570,3707
65.5793,Received an expired out of sequence packet ,3571,3707
65.5824,Received an expired out of sequence packet ,3572,3707
65.5854,Received an expired out of sequence packet ,3573,3707
65.5854,Received an expired out of sequence packet ,3574,3707
65.5895,Received an expired out of sequence packet ,3575,3707
65.5895,Received an expired out of sequence packet ,3576,3707
65.5895,Received an expired out of sequence packet ,3577,3707
65.5926,Received an expired out of sequence packet ,3578,3707
65.5926,Received an expired out of sequence packet ,3579,3707
65.5927,Received an expired out of sequence packet ,3580,3707
65.5948,Received an expired out of sequence packet ,3581,3707
65.5948,Received an expired out of sequence packet ,3582,3707
65.5948,Received an expired out of sequence packet ,3583,3707
65.6009,Received an expired out of sequence packet ,3584,3707
65.6009,Received an expired out of sequence packet ,3585,3707
65.6009,Received an expired out of sequence packet ,3586,3707
65.605,Received an expired out of sequence packet ,3587,3707
65.605,Received an expired out of sequence packet ,3588,3707
65.605,Received an expired out of sequence packet ,3589,3707
65.6103,Received an expired out of sequence packet ,3590,3707
65.6103,Received an expired out of sequence packet ,3591,3707
65.6103,Received an expired out of sequence packet ,3592,3707
65.6103,Received an expired out of sequence packet ,3593,3707
65.6133,Received an expired out of sequence packet ,3594,3707
65.6134,Received an expired out of sequence packet ,3595,3707
65.6154,Received an expired out of sequence packet ,3596,3707
65.6154,Received an expired out of sequence packet ,3597,3707
65.6155,Received an expired out of sequence packet ,3598,3707
65.6206,Received an expired out of sequence packet ,3599,3707
65.6206,Received an expired out of sequence packet ,3600,3707
65.6206,Received an expired out of sequence packet ,3601,3707
65.6206,Received an expired out of sequence packet ,3602,3707
65.6207,Received an expired out of sequence packet ,3603,3707
65.6247,Received an expired out of sequence packet ,3604,3707
65.6289,Received an expired out of sequence packet ,3605,3707
65.6289,Received an expired out of sequence packet ,3606,3707
65.6289,Received an expired out of sequence packet ,3607,3707
65.6331,Received an expired out of sequence packet ,3608,3707
65.6331,Received an expired out of sequence packet ,3609,3707
65.6331,Received an expired out of sequence packet ,3610,3707
65.6331,Received an expired out of sequence packet ,3611,3707
65.6352,Received an expired out of sequence packet ,3612,3707
65.6362,Received an expired out of sequence packet ,3613,3707
65.6362,Received an expired out of sequence packet ,3614,3707
65.6363,Received an expired out of sequence packet ,3615,3707
65.6363,Received an expired out of sequence packet ,3616,3707
65.6413,Received an expired out of sequence packet ,3617,3707
65.6413,Received an expired out of sequence packet ,3618,3707
65.6433,Received an expired out of sequence packet ,3619,3707
65.6433,Received an expired out of sequence packet ,3620,3707
65.6433,Received an expired out of sequence packet ,3621,3707
65.6455,Received an expired out of sequence packet ,3622,3707
65.6455,Received an expired out of sequence packet ,3623,3707
65.6485,Received an expired out of sequence packet ,3624,3707
65.6486,Received an expired out of sequence packet ,3625,3707
65.6486,Received an expired out of sequence packet ,3626,3707
65.6486,Received an expired out of sequence packet ,3627,3707
65.6516,Received an expired out of sequence packet ,3628,3707
65.6546,Received an expired out of sequence packet ,3629,3707
65.6546,Received an expired out of sequence packet ,3630,3707
65.6547,Received an expired out of sequence packet ,3631,3707
65.6547,Received an expired out of sequence packet ,3632,3707
65.663,Received an expired out of sequence packet ,3633,3707
65.6631,Received an expired out of sequence packet ,3634,3707
65.6641,Received an expired out of sequence packet ,3635,3707
65.6641,Received an expired out of sequence packet ,3636,3707
65.6641,Received an expired out of sequence packet ,3637,3707
65.6641,Received an expired out of sequence packet ,3638,3707
65.6702,Received an expired out of sequence packet ,3639,3707
65.6753,Received an expired out of sequence packet ,3640,3707
65.6753,Received an expired out of sequence packet ,3641,3707
65.6753,Received an expired out of sequence packet ,3642,3707
65.6753,Received an expired out of sequence packet ,3643,3707
65.6804,Received an expired out of sequence packet ,3644,3707
65.6804,Received an expired out of sequence packet ,3645,3707
65.6804,Received an expired out of sequence packet ,3646,3707
65.6804,Received an expired out of sequence packet ,3647,3707
65.6804,Received an expired out of sequence packet ,3648,3707
65.6805,Received an expired out of sequence packet ,3649,3707
65.6805,Received an expired out of sequence packet ,3650,3707
65.6813,Received an expired out of sequence packet ,3651,3707
65.6813,Received an expired out of sequence packet ,3652,3707
65.6813,Received an expired out of sequence packet ,3653,3707
65.6814,Received an expired out of sequence packet ,3654,3707
65.6845,Received an expired out of sequence packet ,3655,3707
65.6845,Received an expired out of sequence packet ,3656,3707
65.6877,Received an expired out of sequence packet ,3657,3707
65.6877,Received an expired out of sequence packet ,3658,3707
65.7012,Received an expired out of sequence packet ,3659,3707
65.7023,Received an expired out of sequence packet ,3660,3707
65.7023,Received an expired out of sequence packet ,3661,3707
65.7023,Received an expired out of sequence packet ,3662,3707
65.7023,Received an expired out of sequence packet ,3663,3707
65.7024,Received an expired out of sequence packet ,3664,3707
65.7024,Received an expired out of sequence packet ,3665,3707
65.7064,Received an expired out of sequence packet ,3666,3707
65.7065,Received an expired out of sequence packet ,3667,3707
65.7065,Received an expired out of sequence packet ,3668,3707
65.7105,Received an expired out of sequence packet ,3669,3707
65.7105,Received an expired out of sequence packet ,3670,3707
65.7106,Received an expired out of sequence packet ,3671,3707
65.7106,Received an expired out of sequence packet ,3672,3707
65.7106,Received an expired out of sequence packet ,3673,3707
65.7106,Received an expired out of sequence packet ,3674,3707
65.7106,Received an expired out of sequence packet ,3675,3707
65.7189,Received an expired out of sequence packet ,3676,3707
65.7189,Received an expired out of sequence packet ,3677,3707
65.72,Received an expired out of sequence packet ,3678,3707
65.72,Received an expired out of sequence packet ,3679,3707
65.72,Received an expired out of sequence packet ,3680,3707
65.724,Received an expired out of sequence packet ,3681,3707
65.7241,Received an expired out of sequence packet ,3682,3707
65.7241,Received an expired out of sequence packet ,3683,3707
65.7251,Received an expired out of sequence packet ,3684,3707
65.7324,Received an expired out of sequence packet ,3685,3707
65.7325,Received an expired out of sequence packet ,3686,3707
65.7335,Received an expired out of sequence packet ,3687,3707
65.7335,Received an expired out of sequence packet ,3688,3707
65.7335,Received an expired out of sequence packet ,3689,3707
65.7377,Received an expired out of sequence packet ,3690,3707
65.7377,Received an expired out of sequence packet ,3691,3707
65.7377,Received an expired out of sequence packet ,3692,3707
65.7377,Received an expired out of sequence packet ,3693,3707
65.7378,Received an expired out of sequence packet ,3694,3707
65.7378,Received an expired out of sequence packet ,3695,3707
65.7388,Received an expired out of sequence packet ,3696,3707
65.7388,Received an expired out of sequence packet ,3697,3707
65.7438,Received an expired out of sequence packet ,3698,3707
65.7438,Received an expired out of sequence packet ,3699,3707
65.7448,Received an expired out of sequence packet ,3700,3707
65.7449,Received an expired out of sequence packet ,3701,3707
65.7449,Received an expired out of sequence packet ,3702,3707
65.7449,Received an expired out of sequence packet ,3703,3707
65.7469,Received an expired out of sequence packet ,3704,3707
65.748,Received an expired out of sequence packet ,3705,3707
65.748,Received an expired out of sequence packet ,3706,3707
76.9176,Timeout
76.9176,clearing sending list because of timeout
76.9347,Received an expired out of sequence packet ,9069,9288
76.9347,Received an expired out of sequence packet ,9070,9288
77.1138,Received an expired out of sequence packet ,9071,9288
77.123,Received an expired out of sequence packet ,9072,9288
77.123,Received an expired out of sequence packet ,9073,9288
77.1251,Received an expired out of sequence packet ,9074,9288
77.1251,Received an expired out of sequence packet ,9075,9288
77.1302,Received an expired out of sequence packet ,9076,9288
77.1303,Received an expired out of sequence packet ,9077,9288
77.1303,Received an expired out of sequence packet ,9078,9288
77.1303,Received an expired out of sequence packet ,9079,9288
77.1303,Received an expired out of sequence packet ,9080,9288
77.1303,Received an expired out of sequence packet ,9081,9288
77.1303,Received an expired out of sequence packet ,9082,9288
77.1304,Received an expired out of sequence packet ,9083,9288
77.1304,Received an expired out of sequence packet ,9084,9288
77.1304,Received an expired out of sequence packet ,9085,9288
77.1304,Received an expired out of sequence packet ,9086,9288
77.1304,Received an expired out of sequence packet ,9087,9288
77.1304,Received an expired out of sequence packet ,9088,9288
77.1305,Received an expired out of sequence packet ,9089,9288
77.1314,Received an expired out of sequence packet ,9090,9288
77.1314,Received an expired out of sequence packet ,9091,9288
77.1314,Received an expired out of sequence packet ,9092,9288
77.1314,Received an expired out of sequence packet ,9093,9288
77.1315,Received an expired out of sequence packet ,9094,9288
77.1315,Received an expired out of sequence packet ,9095,9288
77.1315,Received an expired out of sequence packet ,9096,9288
77.1315,Received an expired out of sequence packet ,9097,9288
77.1315,Received an expired out of sequence packet ,9098,9288
77.1316,Received an expired out of sequence packet ,9099,9288
77.1316,Received an expired out of sequence packet ,9100,9288
77.1316,Received an expired out of sequence packet ,9101,9288
77.1316,Received an expired out of sequence packet ,9102,9288
77.1316,Received an expired out of sequence packet ,9103,9288
77.1531,Received an expired out of sequence packet ,9104,9288
77.1531,Received an expired out of sequence packet ,9105,9288
77.1531,Received an expired out of sequence packet ,9106,9288
77.1532,Received an expired out of sequence packet ,9107,9288
77.1532,Received an expired out of sequence packet ,9108,9288
77.1532,Received an expired out of sequence packet ,9109,9288
77.1532,Received an expired out of sequence packet ,9110,9288
77.1532,Received an expired out of sequence packet ,9111,9288
77.1612,Received an expired out of sequence packet ,9112,9288
77.1612,Received an expired out of sequence packet ,9113,9288
77.1653,Received an expired out of sequence packet ,9114,9288
77.1653,Received an expired out of sequence packet ,9115,9288
77.1653,Received an expired out of sequence packet ,9116,9288
77.1654,Received an expired out of sequence packet ,9117,9288
77.1694,Received an expired out of sequence packet ,9118,9288
77.1695,Received an expired out of sequence packet ,9119,9288
77.1695,Received an expired out of sequence packet ,9120,9288
77.1707,Received an expired out of sequence packet ,9121,9288
77.1771,Received an expired out of sequence packet ,9122,9288
77.1772,Received an expired out of sequence packet ,9123,9288
77.1813,Received an expired out of sequence packet ,9124,9288
77.1847,Received an expired out of sequence packet ,9125,9288
77.1847,Received an expired out of sequence packet ,9126,9288
77.1847,Received an expired out of sequence packet ,9127,9288
77.1904,Received an expired out of sequence packet ,9128,9288
77.1904,Received an expired out of sequence packet ,9129,9288
77.1904,Received an expired out of sequence packet ,9130,9288
77.1965,Received an expired out of sequence packet ,9131,9288
77.1965,Received an expired out of sequence packet ,9132,9288
77.1965,Received an expired out of sequence packet ,9133,9288
77.1965,Received an expired out of sequence packet ,9134,9288
77.1966,Received an expired out of sequence packet ,9135,9288
77.1966,Received an expired out of sequence packet ,9136,9288
77.1966,Received an expired out of sequence packet ,9137,9288
77.1966,Received an expired out of sequence packet ,9138,9288
77.1967,Received an expired out of sequence packet ,9139,9288
77.1967,Received an expired out of sequence packet ,9140,9288
77.1967,Received an expired out of sequence packet ,9141,9288
77.1967,Received an expired out of sequence packet ,9142,9288
77.1967,Received an expired out of sequence packet ,9143,9288
77.1987,Received an expired out of sequence packet ,9144,9288
77.1987,Received an expired out of sequence packet ,9145,9288
77.1987,Received an expired out of sequence packet ,9146,9288
77.1987,Received an expired out of sequence packet ,9147,9288
77.2018,Received an expired out of sequence packet ,9148,9288
77.2018,Received an expired out of sequence packet ,9149,9288
77.2018,Received an expired out of sequence packet ,9150,9288
77.2029,Received an expired out of sequence packet ,9151,9288
77.2029,Received an expired out of sequence packet ,9152,9288
77.2029,Received an expired out of sequence packet ,9153,9288
77.2029,Received an expired out of sequence packet ,9154,9288
77.2029,Received an expired out of sequence packet ,9155,9288
77.203,Received an expired out of sequence packet ,9156,9288
77.203,Received an expired out of sequence packet ,9157,9288
77.203,Received an expired out of sequence packet ,9158,9288
77.205,Received an expired out of sequence packet ,9159,9288
77.205,Received an expired out of sequence packet ,9160,9288
77.205,Received an expired out of sequence packet ,9161,9288
77.205,Received an expired out of sequence packet ,9162,9288
77.2051,Received an expired out of sequence packet ,9163,9288
77.2051,Received an expired out of sequence packet ,9164,9288
77.2051,Received an expired out of sequence packet ,9165,9288
77.2051,Received an expired out of sequence packet ,9166,9288
77.2051,Received an expired out of sequence packet ,9167,9288
77.2051,Received an expired out of sequence packet ,9168,9288
77.2052,Received an expired out of sequence packet ,9169,9288
77.2081,Received an expired out of sequence packet ,9170,9288
77.2081,Received an expired out of sequence packet ,9171,9288
77.2081,Received an expired out of sequence packet ,9172,9288
77.2082,Received an expired out of sequence packet ,9173,9288
77.2082,Received an expired out of sequence packet ,9174,9288
77.2082,Received an expired out of sequence packet ,9175,9288
77.2082,Received an expired out of sequence packet ,9176,9288
77.2082,Received an expired out of sequence packet ,9177,9288
77.2082,Received an expired out of sequence packet ,9178,9288
77.2083,Received an expired out of sequence packet ,9179,9288
77.2083,Received an expired out of sequence packet ,9180,9288
77.2083,Received an expired out of sequence packet ,9181,9288
77.2083,Received an expired out of sequence packet ,9182,9288
77.2092,Received an expired out of sequence packet ,9183,9288
77.2093,Received an expired out of sequence packet ,9184,9288
77.2093,Received an expired out of sequence packet ,9185,9288
77.2093,Received an expired out of sequence packet ,9186,9288
77.2123,Received an expired out of sequence packet ,9187,9288
77.2124,Received an expired out of sequence packet ,9188,9288
77.2124,Received an expired out of sequence packet ,9189,9288
77.2124,Received an expired out of sequence packet ,9190,9288
77.2124,Received an expired out of sequence packet ,9191,9288
77.2124,Received an expired out of sequence packet ,9192,9288
77.343,Received an expired out of sequence packet ,9193,9288
77.3431,Received an expired out of sequence packet ,9194,9288
77.3502,Received an expired out of sequence packet ,9195,9288
77.3502,Received an expired out of sequence packet ,9196,9288
77.3534,Received an expired out of sequence packet ,9197,9288
77.3534,Received an expired out of sequence packet ,9198,9288
77.3534,Received an expired out of sequence packet ,9199,9288
77.3545,Received an expired out of sequence packet ,9200,9288
77.3545,Received an expired out of sequence packet ,9201,9288
77.3546,Received an expired out of sequence packet ,9202,9288
77.3546,Received an expired out of sequence packet ,9203,9288
77.3566,Received an expired out of sequence packet ,9204,9288
77.3566,Received an expired out of sequence packet ,9205,9288
77.3567,Received an expired out of sequence packet ,9206,9288
77.3567,Received an expired out of sequence packet ,9207,9288
77.3567,Received an expired out of sequence packet ,9208,9288
77.3567,Received an expired out of sequence packet ,9209,9288
77.3567,Received an expired out of sequence packet ,9210,9288
77.3567,Received an expired out of sequence packet ,9211,9288
77.3587,Received an expired out of sequence packet ,9212,9288
77.3587,Received an expired out of sequence packet ,9213,9288
77.3588,Received an expired out of sequence packet ,9214,9288
77.3588,Received an expired out of sequence packet ,9215,9288
77.3598,Received an expired out of sequence packet ,9216,9288
77.3598,Received an expired out of sequence packet ,9217,9288
77.3598,Received an expired out of sequence packet ,9218,9288
77.3599,Received an expired out of sequence packet ,9219,9288
77.3599,Received an expired out of sequence packet ,9220,9288
77.3599,Received an expired out of sequence packet ,9221,9288
77.3599,Received an expired out of sequence packet ,9222,9288
77.3599,Received an expired out of sequence packet ,9223,9288
77.3649,Received an expired out of sequence packet ,9224,9288
77.3649,Received an expired out of sequence packet ,9225,9288
77.365,Received an expired out of sequence packet ,9226,9288
77.365,Received an expired out of sequence packet ,9227,9288
77.365,Received an expired out of sequence packet ,9228,9288
77.365,Received an expired out of sequence packet ,9229,9288
77.365,Received an expired out of sequence packet ,9230,9288
77.365,Received an expired out of sequence packet ,9231,9288
77.3651,Received an expired out of sequence packet ,9232,9288
77.3651,Received an expired out of sequence packet ,9233,9288
77.3651,Received an expired out of sequence packet ,9234,9288
77.3651,Received an expired out of sequence packet ,9235,9288
77.3651,Received an expired out of sequence packet ,9236,9288
77.3919,Received an expired out of sequence packet ,9237,9288
77.392,Received an expired out of sequence packet ,9238,9288
77.396,Received an expired out of sequence packet ,9239,9288
77.3961,Received an expired out of sequence packet ,9240,9288
77.3961,Received an expired out of sequence packet ,9241,9288
77.3972,Received an expired out of sequence packet ,9242,9288
77.3972,Received an expired out of sequence packet ,9243,9288
77.3972,Received an expired out of sequence packet ,9244,9288
77.3972,Received an expired out of sequence packet ,9245,9288
77.3972,Received an expired out of sequence packet ,9246,9288
77.3972,Received an expired out of sequence packet ,9247,9288
77.3972,Received an expired out of sequence packet ,9248,9288
77.3994,Received an expired out of sequence packet ,9249,9288
77.3994,Received an expired out of sequence packet ,9250,9288
77.3994,Received an expired out of sequence packet ,9251,9288
77.3994,Received an expired out of sequence packet ,9252,9288
77.3994,Received an expired out of sequence packet ,9253,9288
77.4031,Received an expired out of sequence packet ,9254,9288
77.4031,Received an expired out of sequence packet ,9255,9288
77.4031,Received an expired out of sequence packet ,9256,9288
77.4032,Received an expired out of sequence packet ,9257,9288
77.4032,Received an expired out of sequence packet ,9258,9288
77.4032,Received an expired out of sequence packet ,9259,9288
77.4032,Received an expired out of sequence packet ,9260,9288
77.4032,Received an expired out of sequence packet ,9261,9288
77.4032,Received an expired out of sequence packet ,9262,9288
77.4033,Received an expired out of sequence packet ,9263,9288
77.4033,Received an expired out of sequence packet ,9264,9288
77.4217,Received an expired out of sequence packet ,9265,9288
77.4218,Received an expired out of sequence packet ,9266,9288
77.4218,Received an expired out of sequence packet ,9267,9288
77.4218,Received an expired out of sequence packet ,9268,9288
77.4218,Received an expired out of sequence packet ,9269,9288
77.4259,Received an expired out of sequence packet ,9270,9288
77.4259,Received an expired out of sequence packet ,9271,9288
77.429,Received an expired out of sequence packet ,9272,9288
77.429,Received an expired out of sequence packet ,9273,9288
77.429,Received an expired out of sequence packet ,9274,9288
77.429,Received an expired out of sequence packet ,9275,9288
77.429,Received an expired out of sequence packet ,9276,9288
77.429,Received an expired out of sequence packet ,9277,9288
77.4381,Received an expired out of sequence packet ,9278,9288
77.4381,Received an expired out of sequence packet ,9279,9288
77.4381,Received an expired out of sequence packet ,9280,9288
77.4381,Received an expired out of sequence packet ,9281,9288
77.4381,Received an expired out of sequence packet ,9282,9288
77.4382,Received an expired out of sequence packet ,9283,9288
77.4382,Received an expired out of sequence packet ,9284,9288
77.4382,Received an expired out of sequence packet ,9285,9288
77.4382,Received an expired out of sequence packet ,9286,9288
77.4382,Received an expired out of sequence packet ,9287,9288
91.6375,Missing packet expired,16312
139.42,Timeout
139.42,clearing sending list because of timeout
139.421,Received an expired out of sequence packet ,70050,70152
139.973,Received an expired out of sequence packet ,70051,70152
139.977,Received an expired out of sequence packet ,70052,70152
139.98,Received an expired out of sequence packet ,70053,70152
139.983,Received an expired out of sequence packet ,70054,70152
139.986,Received an expired out of sequence packet ,70055,70152
139.987,Received an expired out of sequence packet ,70056,70152
139.995,Received an expired out of sequence packet ,70057,70152
139.996,Received an expired out of sequence packet ,70058,70152
139.996,Received an expired out of sequence packet ,70059,70152
139.999,Received an expired out of sequence packet ,70060,70152
140.003,Received an expired out of sequence packet ,70061,70152
140.007,Received an expired out of sequence packet ,70062,70152
140.007,Received an expired out of sequence packet ,70063,70152
140.013,Received an expired out of sequence packet ,70064,70152
140.019,Received an expired out of sequence packet ,70065,70152
140.019,Received an expired out of sequence packet ,70066,70152
140.019,Received an expired out of sequence packet ,70067,70152
140.023,Received an expired out of sequence packet ,70068,70152
140.023,Received an expired out of sequence packet ,70069,70152
140.026,Received an expired out of sequence packet ,70070,70152
140.028,Received an expired out of sequence packet ,70071,70152
140.034,Received an expired out of sequence packet ,70072,70152
140.037,Received an expired out of sequence packet ,70073,70152
140.042,Received an expired out of sequence packet ,70074,70152
140.043,Received an expired out of sequence packet ,70075,70152
140.059,Received an expired out of sequence packet ,70076,70152
140.061,Received an expired out of sequence packet ,70077,70152
140.07,Received an expired out of sequence packet ,70078,70152
140.07,Received an expired out of sequence packet ,70079,70152
140.077,Received an expired out of sequence packet ,70080,70152
140.077,Received an expired out of sequence packet ,70081,70152
140.078,Received an expired out of sequence packet ,70082,70152
140.08,Received an expired out of sequence packet ,70083,70152
140.08,Received an expired out of sequence packet ,70084,70152
140.086,Received an expired out of sequence packet ,70085,70152
140.09,Received an expired out of sequence packet ,70086,70152
140.096,Received an expired out of sequence packet ,70087,70152
140.11,Received an expired out of sequence packet ,70088,70152
140.11,Received an expired out of sequence packet ,70089,70152
140.111,Received an expired out of sequence packet ,70090,70152
140.111,Received an expired out of sequence packet ,70091,70152
140.113,Received an expired out of sequence packet ,70092,70152
140.117,Received an expired out of sequence packet ,70093,70152
140.123,Received an expired out of sequence packet ,70094,70152
140.123,Received an expired out of sequence packet ,70095,70152
140.127,Received an expired out of sequence packet ,70096,70152
140.136,Received an expired out of sequence packet ,70097,70152
140.136,Received an expired out of sequence packet ,70098,70152
140.14,Received an expired out of sequence packet ,70099,70152
140.14,Received an expired out of sequence packet ,70100,70152
140.153,Received an expired out of sequence packet ,70101,70152
140.16,Received an expired out of sequence packet ,70102,70152
140.16,Received an expired out of sequence packet ,70103,70152
140.16,Received an expired out of sequence packet ,70104,70152
140.16,Received an expired out of sequence packet ,70105,70152
140.177,Received an expired out of sequence packet ,70106,70152
140.181,Received an expired out of sequence packet ,70107,70152
140.181,Received an expired out of sequence packet ,70108,70152
140.181,Received an expired out of sequence packet ,70109,70152
140.185,Received an expired out of sequence packet ,70110,70152
140.192,Received an expired out of sequence packet ,70111,70152
140.198,Received an expired out of sequence packet ,70112,70152
140.203,Received an expired out of sequence packet ,70113,70152
140.207,Received an expired out of sequence packet ,70114,70152
140.213,Received an expired out of sequence packet ,70115,70152
140.22,Received an expired out of sequence packet ,70116,70152
140.222,Received an expired out of sequence packet ,70117,70152
140.227,Received an expired out of sequence packet ,70118,70152
140.227,Received an expired out of sequence packet ,70119,70152
140.23,Received an expired out of sequence packet ,70120,70152
140.233,Received an expired out of sequence packet ,70121,70152
140.237,Received an expired out of sequence packet ,70122,70152
140.242,Received an expired out of sequence packet ,70123,70152
140.243,Received an expired out of sequence packet ,70124,70152
140.246,Received an expired out of sequence packet ,70125,70152
140.252,Received an expired out of sequence packet ,70126,70152
140.27,Received an expired out of sequence packet ,70127,70152
140.27,Received an expired out of sequence packet ,70128,70152
140.27,Received an expired out of sequence packet ,70129,70152
140.278,Received an expired out of sequence packet ,70130,70152
140.278,Received an expired out of sequence packet ,70131,70152
140.278,Received an expired out of sequence packet ,70132,70152
140.279,Received an expired out of sequence packet ,70133,70152
140.279,Received an expired out of sequence packet ,70134,70152
140.279,Received an expired out of sequence packet ,70135,70152
140.283,Received an expired out of sequence packet ,70136,70152
140.285,Received an expired out of sequence packet ,70137,70152
140.285,Received an expired out of sequence packet ,70138,70152
140.289,Received an expired out of sequence packet ,70139,70152
140.293,Received an expired out of sequence packet ,70140,70152
140.311,Received an expired out of sequence packet ,70141,70152
140.311,Received an expired out of sequence packet ,70142,70152
140.311,Received an expired out of sequence packet ,70143,70152
140.312,Received an expired out of sequence packet ,70144,70152
140.318,Received an expired out of sequence packet ,70145,70152
140.318,Received an expired out of sequence packet ,70146,70152
140.321,Received an expired out of sequence packet ,70147,70152
140.321,Received an expired out of sequence packet ,70148,70152
140.326,Received an expired out of sequence packet ,70149,70152
140.327,Received an expired out of sequence packet 