1.21196,Exit slow start,exceeding SS_EXIT_THRESHOLD
174.474,Restart,can't map delay on delay curve
175.772,Exit slow start,exceeding SS_EXIT_THRESHOLD
191.546,Timeout
191.546,clearing sending list because of timeout
191.891,Timeout
191.891,clearing sending list because of timeout
192.002,Received an expired out of sequence packet ,4913,5128
192.002,Received an expired out of sequence packet ,4914,5128
192.002,Received an expired out of sequence packet ,4915,5128
192.002,Received an expired out of sequence packet ,4916,5128
192.002,Received an expired out of sequence packet ,4917,5128
192.002,Received an expired out of sequence packet ,4918,5128
192.002,Received an expired out of sequence packet ,4919,5128
192.055,Received an expired out of sequence packet ,4920,5128
192.057,Received an expired out of sequence packet ,4921,5128
192.057,Received an expired out of sequence packet ,4922,5128
192.059,Received an expired out of sequence packet ,4923,5128
192.06,Received an expired out of sequence packet ,4924,5128
192.06,Received an expired out of sequence packet ,4925,5128
192.06,Received an expired out of sequence packet ,4926,5128
192.06,Received an expired out of sequence packet ,4927,5128
192.06,Received an expired out of sequence packet ,4928,5128
192.06,Received an expired out of sequence packet ,4929,5128
192.063,Received an expired out of sequence packet ,4930,5128
192.063,Received an expired out of sequence packet ,4931,5128
192.063,Received an expired out of sequence packet ,4932,5128
192.063,Received an expired out of sequence packet ,4933,5128
192.063,Received an expired out of sequence packet ,4934,5128
192.063,Received an expired out of sequence packet ,4935,5128
192.063,Received an expired out of sequence packet ,4936,5128
192.082,Received an expired out of sequence packet ,4937,5128
192.088,Received an expired out of sequence packet ,4938,5128
192.088,Received an expired out of sequence packet ,4939,5128
192.092,Received an expired out of sequence packet ,4940,5128
192.099,Received an expired out of sequence packet ,4941,5128
192.103,Received an expired out of sequence packet ,4942,5128
192.106,Received an expired out of sequence packet ,4943,5128
192.106,Received an expired out of sequence packet ,4944,5128
192.106,Received an expired out of sequence packet ,4945,5128
192.106,Received an expired out of sequence packet ,4946,5128
192.108,Received an expired out of sequence packet ,4947,5128
192.108,Received an expired out of sequence packet ,4948,5128
192.11,Received an expired out of sequence packet ,4949,5128
192.11,Received an expired out of sequence packet ,4950,5128
192.11,Received an expired out of sequence packet ,4951,5128
192.11,Received an expired out of sequence packet ,4952,5128
192.11,Received an expired out of sequence packet ,4953,5128
192.112,Received an expired out of sequence packet ,4954,5128
192.114,Received an expired out of sequence packet ,4955,5128
192.114,Received an expired out of sequence packet ,4956,5128
192.114,Received an expired out of sequence packet ,4957,5128
192.114,Received an expired out of sequence packet ,4958,5128
192.114,Received an expired out of sequence packet ,4959,5128
192.114,Received an expired out of sequence packet ,4960,5128
192.114,Received an expired out of sequence packet ,4961,5128
192.114,Received an expired out of sequence packet ,4962,5128
192.114,Received an expired out of sequence packet ,4963,5128
192.114,Received an expired out of sequence packet ,4964,5128
192.114,Received an expired out of sequence packet ,4965,5128
192.115,Received an expired out of sequence packet ,4966,5128
192.115,Received an expired out of sequence packet ,4967,5128
192.115,Received an expired out of sequence packet ,4968,5128
192.117,Received an expired out of sequence packet ,4969,5128
192.117,Received an expired out of sequence packet ,4970,5128
192.117,Received an expired out of sequence packet ,4971,5128
192.123,Received an expired out of sequence packet ,4972,5128
192.131,Received an expired out of sequence packet ,4973,5128
192.131,Received an expired out of sequence packet ,4974,5128
192.133,Received an expired out of sequence packet ,4975,5128
192.133,Received an expired out of sequence packet ,4976,5128
192.136,Received an expired out of sequence packet ,4977,5128
192.152,Received an expired out of sequence packet ,4978,5128
192.152,Received an expired out of sequence packet ,4979,5128
192.152,Received an expired out of sequence packet ,4980,5128
192.154,Received an expired out of sequence packet ,4981,5128
192.154,Received an expired out of sequence packet ,4982,5128
192.154,Received an expired out of sequence packet ,4983,5128
192.157,Received an expired out of sequence packet ,4984,5128
192.157,Received an expired out of sequence packet ,4985,5128
192.157,Received an expired out of sequence packet ,4986,5128
192.162,Received an expired out of sequence packet ,4987,5128
192.162,Received an expired out of sequence packet ,4988,5128
192.162,Received an expired out of sequence packet ,4989,5128
192.163,Received an expired out of sequence packet ,4990,5128
192.163,Received an expired out of sequence packet ,4991,5128
192.163,Received an expired out of sequence packet ,4992,5128
192.163,Received an expired out of sequence packet ,4993,5128
192.163,Received an expired out of sequence packet ,4994,5128
192.163,Received an expired out of sequence packet ,4995,5128
192.167,Received an expired out of sequence packet ,4996,5128
192.167,Received an expired out of sequence packet ,4997,5128
192.167,Received an expired out of sequence packet ,4998,5128
192.167,Received an expired out of sequence packet ,4999,5128
192.17,Received an expired out of sequence packet ,5000,5128
192.17,Received an expired out of sequence packet ,5001,5128
192.17,Received an expired out of sequence packet ,5002,5128
192.17,Received an expired out of sequence packet ,5003,5128
192.171,Received an expired out of sequence packet ,5004,5128
192.171,Received an expired out of sequence packet ,5005,5128
192.172,Received an expired out of sequence packet ,5006,5128
192.172,Received an expired out of sequence packet ,5007,5128
192.172,Received an expired out of sequence packet ,5008,5128
192.174,Received an expired out of sequence packet ,5009,5128
192.174,Received an expired out of sequence packet ,5010,5128
192.174,Received an expired out of sequence packet ,5011,5128
192.174,Received an expired out of sequence packet ,5012,5128
192.174,Received an expired out of sequence packet ,5013,5128
192.181,Received an expired out of sequence packet ,5014,5128
192.181,Received an expired out of sequence packet ,5015,5128
192.181,Received an expired out of sequence packet ,5016,5128
192.181,Received an expired out of sequence packet ,5017,5128
192.193,Received an expired out of sequence packet ,5018,5128
192.193,Received an expired out of sequence packet ,5019,5128
192.193,Received an expired out of sequence packet ,5020,5128
192.193,Received an expired out of sequence packet ,5021,5128
192.193,Received an expired out of sequence packet ,5022,5128
192.193,Received an expired out of sequence packet ,5023,5128
192.193,Received an expired out of sequence packet ,5024,5128
192.193,Received an expired out of sequence packet ,5025,5128
192.193,Received an expired out of sequence packet ,5026,5128
192.193,Received an expired out of sequence packet ,5027,5128
192.194,Received an expired out of sequence packet ,5028,5128
192.194,Received an expired out of sequence packet ,5029,5128
192.194,Received an expired out of sequence packet ,5030,5128
192.194,Received an expired out of sequence packet ,5031,5128
192.203,Received an expired out of sequence packet ,5032,5128
192.203,Received an expired out of sequence packet ,5033,5128
192.203,Received an expired out of sequence packet ,5034,5128
192.203,Received an expired out of sequence packet ,5035,5128
192.205,Received an expired out of sequence packet ,5036,5128
192.206,Received an expired out of sequence packet ,5037,5128
192.209,Received an expired out of sequence packet ,5038,5128
192.209,Received an expired out of sequence packet ,5039,5128
192.213,Received an expired out of sequence packet ,5040,5128
192.213,Received an expired out of sequence packet ,5041,5128
192.213,Received an expired out of sequence packet ,5042,5128
192.213,Received an expired out of sequence packet ,5043,5128
192.213,Received an expired out of sequence packet ,5044,5128
192.213,Received an expired out of sequence packet ,5045,5128
192.213,Received an expired out of sequence packet ,5046,5128
192.213,Received an expired out of sequence packet ,5047,5128
192.214,Received an expired out of sequence packet ,5048,5128
192.232,Received an expired out of sequence packet ,5049,5128
192.232,Received an expired out of sequence packet ,5050,5128
192.232,Received an expired out of sequence packet ,5051,5128
192.232,Received an expired out of sequence packet ,5052,5128
192.232,Received an expired out of sequence packet ,5053,5128
192.232,Received an expired out of sequence packet ,5054,5128
192.232,Received an expired out of sequence packet ,5055,5128
192.232,Received an expired out of sequence packet ,5056,5128
192.233,Received an expired out of sequence packet ,5057,5128
192.233,Received an expired out of sequence packet ,5058,5128
192.233,Received an expired out of sequence packet ,5059,5128
192.233,Received an expired out of sequence packet ,5060,5128
192.233,Received an expired out of sequence packet ,5061,5128
192.238,Received an expired out of sequence packet ,5062,5128
192.238,Received an expired out of sequence packet ,5063,5128
192.238,Received an expired out of sequence packet ,5064,5128
192.238,Received an expired out of sequence packet ,5065,5128
192.238,Received an expired out of sequence packet ,5066,5128
192.238,Received an expired out of sequence packet ,5067,5128
192.238,Received an expired out of sequence packet ,5068,5128
192.238,Received an expired out of sequence packet ,5069,5128
192.238,Received an expired out of sequence packet ,5070,5128
192.238,Received an expired out of sequence packet ,5071,5128
192.244,Received an expired out of sequence packet ,5072,5128
192.244,Received an expired out of sequence packet ,5073,5128
192.244,Received an expired out of sequence packet ,5074,5128
192.244,Received an expired out of sequence packet ,5075,5128
192.244,Received an expired out of sequence packet ,5076,5128
192.244,Received an expired out of sequence packet ,5077,5128
192.244,Received an expired out of sequence packet ,5078,5128
192.244,Received an expired out of sequence packet ,5079,5128
192.244,Received an expired out of sequence packet ,5080,5128
192.244,Received an expired out of sequence packet ,5081,5128
192.244,Received an expired out of sequence packet ,5082,5128
192.244,Received an expired out of sequence packet ,5083,5128
192.244,Received an expired out of sequence packet ,5084,5128
192.244,Received an expired out of sequence packet ,5085,5128
192.256,Received an expired out of sequence packet ,5086,5128
192.256,Received an expired out of sequence packet ,5087,5128
192.258,Received an expired out of sequence packet ,5088,5128
192.259,Received an expired out of sequence packet ,5089,5128
192.259,Received an expired out of sequence packet ,5090,5128
192.26,Received an expired out of sequence packet ,5091,5128
192.26,Received an expired out of sequence packet ,5092,5128
192.261,Received an expired out of sequence packet ,5093,5128
192.261,Received an expired out of sequence packet ,5094,5128
192.261,Received an expired out of sequence packet ,5095,5128
192.261,Received an expired out of sequence packet ,5096,5128
192.261,Received an expired out of sequence packet ,5097,5128
192.261,Received an expired out of sequence packet ,5098,5128
192.262,Received an expired out of sequence packet ,5099,5128
192.262,Received an expired out of sequence packet ,5100,5128
192.262,Received an expired out of sequence packet ,5101,5128
192.263,Received an expired out of sequence packet ,5102,5128
192.263,Received an expired out of sequence packet ,5103,5128
192.263,Received an expired out of sequence packet ,5104,5128
192.265,Received an expired out of sequence packet ,5105,5128
192.265,Received an expired out of sequence packet ,5106,5128
192.265,Received an expired out of sequence packet ,5107,5128
192.265,Received an expired out of sequence packet ,5108,5128
192.265,Received an expired out of sequence packet ,5109,5128
192.265,Received an expired out of sequence packet ,5110,5128
192.266,Received an expired out of sequence packet ,5111,5128
192.266,Received an expired out of sequence packet ,5112,5128
192.266,Received an expired out of sequence packet ,5113,5128
192.266,Received an expired out of sequence packet ,5114,5128
192.268,Received an expired out of sequence packet ,5115,5128
192.268,Received an expired out of sequence packet ,5116,5128
192.268,Received an expired out of sequence packet ,5117,5128
192.268,Received an expired out of sequence packet ,5118,5128
192.268,Received an expired out of sequence packet ,5119,5128
192.268,Received an expired out of sequence packet ,5120,5128
192.268,Received an expired out of sequence packet ,5121,5128
192.269,Received an expired out of sequence packet ,5122,5128
192.269,Received an expired out of sequence packet ,5123,5128
192.269,Received an expired out of sequence packet ,5124,5128
192.269,Received an expired out of sequence packet ,5125,5128
192.269,Received an expired out of sequence packet ,5126,5128
192.269,Received an expired out of sequence packet ,5127,5128
236.801,Timeout
236.801,clearing sending list because of timeout
237.123,Timeout
237.123,clearing sending list because of timeout
237.445,Timeout
237.445,clearing sending list because of timeout
237.603,Received an expired out of sequence packet ,29767,29819
237.622,Received an expired out of sequence packet ,29768,29819
237.648,Received an expired out of sequence packet ,29769,29819
237.667,Received an expired out of sequence packet ,29770,29819
237.675,Received an expired out of sequence packet ,29771,29819
237.684,Received an expired out of sequence packet ,29772,29819
237.701,Received an expired out of sequence packet ,29773,29819
237.709,Received an expired out of sequence packet ,29774,29819
237.726,Received an expired out of sequence packet ,29775,29819
237.739,Received an expired out of sequence packet ,29776,29819
237.748,Received an expired out of sequence packet ,29777,29819
237.763,Received an expired out of sequence packet ,29778,29819
237.772,Received an expired out of sequence packet ,29779,29819
237.788,Received an expired out of sequence packet ,29780,29819
237.805,Received an expired out of sequence packet ,29781,29819
237.811,Received an expired out of sequence packet ,29782,29819
237.821,Received an expired out of sequence packet ,29783,29819
237.842,Received an expired out of sequence packet ,29784,29819
237.856,Received an expired out of sequence packet ,29785,29819
237.867,Received an expired out of sequence packet ,29786,29819
237.884,Received an expired out of sequence packet ,29787,29819
237.901,Received an expired out of sequence packet ,29788,29819
237.914,Received an expired out of sequence packet ,29789,29819
237.927,Received an expired out of sequence packet ,29790,29819
237.96,Received an expired out of sequence packet ,29791,29819
237.985,Received an expired out of sequence packet ,29792,29819
238,Received an expired out of sequence packet ,29793,29819
238.028,Received an expired out of sequence packet ,29794,29819
238.046,Received an expired out of sequence packet ,29795,29819
238.07,Received an expired out of sequence packet ,29796,29819
238.09,Received an expired out of sequence packet ,29797,29819
238.118,Received an expired out of sequence packet ,29798,29819
238.139,Received an expired out of sequence packet ,29799,29819
238.165,Received an expired out of sequence packet ,29800,29819
238.187,Received an expired out of sequence packet ,29801,29819
238.208,Received an expired out of sequence packet ,29802,29819
238.242,Received an expired out of sequence packet ,29803,29819
238.272,Received an expired out of sequence packet ,29804,29819
238.28,Received an expired out of sequence packet ,29805,29819
238.304,Received an expired out of sequence packet ,29806,29819
238.323,Received an expired out of sequence packet 