1.36146,Exit slow start,exceeding SS_EXIT_THRESHOLD
6.37432,Restart,can't map delay on delay curve
8.19213,Exit slow start,exceeding SS_EXIT_THRESHOLD
19.9789,Missing packet expired,18681
38.4423,Missing packet expired,30500
62.8195,Missing packet expired,46112
199.404,Timeout
199.404,clearing sending list because of timeout
199.922,Received an expired out of sequence packet ,173210,173321
199.922,Received an expired out of sequence packet ,173211,173321
199.936,Received an expired out of sequence packet ,173212,173321
199.936,Received an expired out of sequence packet ,173213,173321
199.939,Received an expired out of sequence packet ,173214,173321
199.939,Received an expired out of sequence packet ,173215,173321
199.939,Received an expired out of sequence packet ,173216,173321
199.939,Received an expired out of sequence packet ,173217,173321
199.939,Received an expired out of sequence packet ,173218,173321
199.94,Received an expired out of sequence packet ,173219,173321
199.942,Received an expired out of sequence packet ,173220,173321
199.942,Received an expired out of sequence packet ,173221,173321
199.942,Received an expired out of sequence packet ,173222,173321
199.942,Received an expired out of sequence packet ,173223,173321
199.944,Received an expired out of sequence packet ,173224,173321
199.944,Received an expired out of sequence packet ,173225,173321
199.944,Received an expired out of sequence packet ,173226,173321
199.946,Received an expired out of sequence packet ,173227,173321
199.947,Received an expired out of sequence packet ,173228,173321
199.952,Received an expired out of sequence packet ,173229,173321
199.952,Received an expired out of sequence packet ,173230,173321
199.952,Received an expired out of sequence packet ,173231,173321
199.956,Received an expired out of sequence packet ,173232,173321
199.957,Received an expired out of sequence packet ,173233,173321
199.957,Received an expired out of sequence packet ,173234,173321
199.961,Received an expired out of sequence packet ,173235,173321
199.962,Received an expired out of sequence packet ,173236,173321
199.964,Received an expired out of sequence packet ,173237,173321
199.964,Received an expired out of sequence packet ,173238,173321
199.966,Received an expired out of sequence packet ,173239,173321
199.97,Received an expired out of sequence packet ,173240,173321
199.971,Received an expired out of sequence packet ,173241,173321
199.974,Received an expired out of sequence packet ,173242,173321
199.974,Received an expired out of sequence packet ,173243,173321
199.976,Received an expired out of sequence packet ,173244,173321
199.976,Received an expired out of sequence packet ,173245,173321
199.977,Received an expired out of sequence packet ,173246,173321
199.977,Received an expired out of sequence packet ,173247,173321
199.979,Received an expired out of sequence packet ,173248,173321
199.979,Received an expired out of sequence packet ,173249,173321
199.982,Received an expired out of sequence packet ,173250,173321
199.982,Received an expired out of sequence packet ,173251,173321
199.983,Received an expired out of sequence packet ,173252,173321
199.983,Received an expired out of sequence packet ,173253,173321
199.986,Received an expired out of sequence packet ,173254,173321
199.986,Received an expired out of sequence packet ,173255,173321
199.987,Received an expired out of sequence packet ,173256,173321
199.987,Received an expired out of sequence packet ,173257,173321
199.989,Received an expired out of sequence packet ,173258,173321
199.989,Received an expired out of sequence packet ,173259,173321
199.99,Received an expired out of sequence packet ,173260,173321
199.99,Received an expired out of sequence packet ,173261,173321
200.007,Received an expired out of sequence packet ,173262,173321
200.007,Received an expired out of sequence packet ,173263,173321
200.007,Received an expired out of sequence packet ,173264,173321
200.008,Received an expired out of sequence packet ,173265,173321
200.008,Received an expired out of sequence packet ,173266,173321
200.01,Received an expired out of sequence packet ,173267,173321
200.01,Received an expired out of sequence packet ,173268,173321
200.01,Received an expired out of sequence packet ,173269,173321
200.01,Received an expired out of sequence packet ,173270,173321
200.01,Received an expired out of sequence packet ,173271,173321
200.01,Received an expired out of sequence packet ,173272,173321
200.01,Received an expired out of sequence packet ,173273,173321
200.01,Received an expired out of sequence packet ,173274,173321
200.01,Received an expired out of sequence packet ,173275,173321
200.01,Received an expired out of sequence packet ,173276,173321
200.015,Received an expired out of sequence packet ,173277,173321
200.018,Received an expired out of sequence packet ,173278,173321
200.018,Received an expired out of sequence packet ,173279,173321
200.019,Received an expired out of sequence packet ,173280,173321
200.019,Received an expired out of sequence packet ,173281,173321
200.024,Received an expired out of sequence packet ,173282,173321
200.024,Received an expired out of sequence packet ,173283,173321
200.038,Received an expired out of sequence packet ,173284,173321
200.038,Received an expired out of sequence packet ,173285,173321
200.038,Received an expired out of sequence packet ,173286,173321
200.038,Received an expired out of sequence packet ,173287,173321
200.04,Received an expired out of sequence packet ,173288,173321
200.04,Received an expired out of sequence packet ,173289,173321
200.04,Received an expired out of sequence packet ,173290,173321
200.041,Received an expired out of sequence packet ,173291,173321
200.041,Received an expired out of sequence packet ,173292,173321
200.041,Received an expired out of sequence packet ,173293,173321
200.041,Received an expired out of sequence packet ,173294,173321
200.041,Received an expired out of sequence packet ,173295,173321
200.043,Received an expired out of sequence packet ,173296,173321
200.043,Received an expired out of sequence packet ,173297,173321
200.043,Received an expired out of sequence packet ,173298,173321
200.043,Received an expired out of sequence packet ,173299,173321
200.043,Received an expired out of sequence packet ,173300,173321
200.044,Received an expired out of sequence packet ,173301,173321
200.045,Received an expired out of sequence packet ,173302,173321
200.045,Received an expired out of sequence packet ,173303,173321
200.045,Received an expired out of sequence packet ,173304,173321
200.048,Received an expired out of sequence packet ,173305,173321
200.048,Received an expired out of sequence packet ,173306,173321
200.048,Received an expired out of sequence packet ,173307,173321
200.048,Received an expired out of sequence packet ,173308,173321
200.049,Received an expired out of sequence packet ,173309,173321
200.05,Received an expired out of sequence packet ,173310,173321
200.05,Received an expired out of sequence packet ,173311,173321
200.055,Received an expired out of sequence packet ,173312,173321
200.055,Received an expired out of sequence packet ,173313,173321
200.058,Received an expired out of sequence packet ,173314,173321
200.058,Received an expired out of sequence packet ,173315,173321
200.06,Received an expired out of sequence packet ,173316,173321
200.06,Received an expired out of sequence packet ,173317,173321
200.063,Received an expired out of sequence packet ,173318,173321
200.063,Received an expired out of sequence packet ,173319,173321
200.063,Received an expired out of sequence packet ,173320,173321
272.502,Timeout
272.502,clearing sending list because of timeout
272.625,Received an expired out of sequence packet ,227121,227150
272.645,Received an expired out of sequence packet ,227122,227150
272.67,Received an expired out of sequence packet ,227123,227150
272.689,Received an expired out of sequence packet ,227124,227150
272.697,Received an expired out of sequence packet ,227125,227150
272.706,Received an expired out of sequence packet ,227126,227150
272.724,Received an expired out of sequence packet ,227127,227150
272.731,Received an expired out of sequence packet 