1.14438,Exit slow start,exceeding SS_EXIT_THRESHOLD
12.1612,Restart,can't map delay on delay curve
13.1614,Timeout
13.1614,Restart,lost first packet
14.5854,Exit slow start,exceeding SS_EXIT_THRESHOLD
44.6614,Epoch Error,couldn't send everything within the epoch. Have more to send,20686,0
46.6566,Missing packet expired,26020
71.9167,Timeout
71.9167,clearing sending list because of timeout
113.009,Timeout
113.009,clearing sending list because of timeout
113.011,Received an expired out of sequence packet ,83205,83237
113.011,Received an expired out of sequence packet ,83206,83237
113.011,Received an expired out of sequence packet ,83207,83237
113.013,Received an expired out of sequence packet ,83208,83237
113.013,Received an expired out of sequence packet ,83209,83237
113.019,Received an expired out of sequence packet ,83210,83237
113.019,Received an expired out of sequence packet ,83211,83237
113.019,Received an expired out of sequence packet ,83212,83237
113.019,Received an expired out of sequence packet ,83213,83237
113.019,Received an expired out of sequence packet ,83214,83237
113.019,Received an expired out of sequence packet ,83215,83237
113.019,Received an expired out of sequence packet ,83216,83237
113.019,Received an expired out of sequence packet ,83217,83237
113.019,Received an expired out of sequence packet ,83218,83237
113.022,Received an expired out of sequence packet ,83219,83237
113.026,Received an expired out of sequence packet ,83220,83237
113.026,Received an expired out of sequence packet ,83221,83237
113.038,Received an expired out of sequence packet ,83222,83237
113.038,Received an expired out of sequence packet ,83223,83237
113.038,Received an expired out of sequence packet ,83224,83237
113.038,Received an expired out of sequence packet ,83225,83237
113.038,Received an expired out of sequence packet ,83226,83237
113.038,Received an expired out of sequence packet ,83227,83237
113.04,Received an expired out of sequence packet ,83228,83237
113.04,Received an expired out of sequence packet ,83229,83237
113.04,Received an expired out of sequence packet ,83230,83237
113.043,Received an expired out of sequence packet ,83231,83237
113.043,Received an expired out of sequence packet ,83232,83237
113.043,Received an expired out of sequence packet ,83233,83237
113.043,Received an expired out of sequence packet ,83234,83237
113.043,Received an expired out of sequence packet ,83235,83237
113.043,Received an expired out of sequence packet ,83236,83237
124.314,Timeout
124.314,clearing sending list because of timeout
124.662,Received an expired out of sequence packet ,95695,95877
124.662,Received an expired out of sequence packet ,95696,95877
124.662,Received an expired out of sequence packet ,95697,95877
124.662,Received an expired out of sequence packet ,95698,95877
124.662,Received an expired out of sequence packet ,95699,95877
124.662,Received an expired out of sequence packet ,95700,95877
124.662,Received an expired out of sequence packet ,95701,95877
124.701,Received an expired out of sequence packet ,95702,95877
124.704,Received an expired out of sequence packet ,95703,95877
124.704,Received an expired out of sequence packet ,95704,95877
124.704,Received an expired out of sequence packet ,95705,95877
124.704,Received an expired out of sequence packet ,95706,95877
124.704,Received an expired out of sequence packet ,95707,95877
124.704,Received an expired out of sequence packet ,95708,95877
124.704,Received an expired out of sequence packet ,95709,95877
124.771,Received an expired out of sequence packet ,95710,95877
124.771,Received an expired out of sequence packet ,95711,95877
124.771,Received an expired out of sequence packet ,95712,95877
124.771,Received an expired out of sequence packet ,95713,95877
124.771,Received an expired out of sequence packet ,95714,95877
124.771,Received an expired out of sequence packet ,95715,95877
124.771,Received an expired out of sequence packet ,95716,95877
124.771,Received an expired out of sequence packet ,95717,95877
124.771,Received an expired out of sequence packet ,95718,95877
124.771,Received an expired out of sequence packet ,95719,95877
124.771,Received an expired out of sequence packet ,95720,95877
124.771,Received an expired out of sequence packet ,95721,95877
124.771,Received an expired out of sequence packet ,95722,95877
124.771,Received an expired out of sequence packet ,95723,95877
124.774,Received an expired out of sequence packet ,95724,95877
124.774,Received an expired out of sequence packet ,95725,95877
124.778,Received an expired out of sequence packet ,95726,95877
124.778,Received an expired out of sequence packet ,95727,95877
124.782,Received an expired out of sequence packet ,95728,95877
124.782,Received an expired out of sequence packet ,95729,95877
124.782,Received an expired out of sequence packet ,95730,95877
124.782,Received an expired out of sequence packet ,95731,95877
124.782,Received an expired out of sequence packet ,95732,95877
124.782,Received an expired out of sequence packet ,95733,95877
124.782,Received an expired out of sequence packet ,95734,95877
124.782,Received an expired out of sequence packet ,95735,95877
124.782,Received an expired out of sequence packet ,95736,95877
124.782,Received an expired out of sequence packet ,95737,95877
124.782,Received an expired out of sequence packet ,95738,95877
124.782,Received an expired out of sequence packet ,95739,95877
124.782,Received an expired out of sequence packet ,95740,95877
124.782,Received an expired out of sequence packet ,95741,95877
124.782,Received an expired out of sequence packet ,95742,95877
124.784,Received an expired out of sequence packet ,95743,95877
124.784,Received an expired out of sequence packet ,95744,95877
124.784,Received an expired out of sequence packet ,95745,95877
124.784,Received an expired out of sequence packet ,95746,95877
124.784,Received an expired out of sequence packet ,95747,95877
124.784,Received an expired out of sequence packet ,95748,95877
124.784,Received an expired out of sequence packet ,95749,95877
124.784,Received an expired out of sequence packet ,95750,95877
124.784,Received an expired out of sequence packet ,95751,95877
124.784,Received an expired out of sequence packet ,95752,95877
124.784,Received an expired out of sequence packet ,95753,95877
124.784,Received an expired out of sequence packet ,95754,95877
124.784,Received an expired out of sequence packet ,95755,95877
124.784,Received an expired out of sequence packet ,95756,95877
124.784,Received an expired out of sequence packet ,95757,95877
124.788,Received an expired out of sequence packet ,95758,95877
124.788,Received an expired out of sequence packet ,95759,95877
124.788,Received an expired out of sequence packet ,95760,95877
124.788,Received an expired out of sequence packet ,95761,95877
124.834,Received an expired out of sequence packet ,95762,95877
124.834,Received an expired out of sequence packet ,95763,95877
124.838,Received an expired out of sequence packet ,95764,95877
124.838,Received an expired out of sequence packet ,95765,95877
124.841,Received an expired out of sequence packet ,95766,95877
124.842,Received an expired out of sequence packet ,95767,95877
124.842,Received an expired out of sequence packet ,95768,95877
124.842,Received an expired out of sequence packet ,95769,95877
124.842,Received an expired out of sequence packet ,95770,95877
124.842,Received an expired out of sequence packet ,95771,95877
124.842,Received an expired out of sequence packet ,95772,95877
124.842,Received an expired out of sequence packet ,95773,95877
124.842,Received an expired out of sequence packet ,95774,95877
124.842,Received an expired out of sequence packet ,95775,95877
124.842,Received an expired out of sequence packet ,95776,95877
124.842,Received an expired out of sequence packet ,95777,95877
124.842,Received an expired out of sequence packet ,95778,95877
124.842,Received an expired out of sequence packet ,95779,95877
124.842,Received an expired out of sequence packet ,95780,95877
124.842,Received an expired out of sequence packet ,95781,95877
124.842,Received an expired out of sequence packet ,95782,95877
124.842,Received an expired out of sequence packet ,95783,95877
124.842,Received an expired out of sequence packet ,95784,95877
124.842,Received an expired out of sequence packet ,95785,95877
124.842,Received an expired out of sequence packet ,95786,95877
124.849,Received an expired out of sequence packet ,95787,95877
124.849,Received an expired out of sequence packet ,95788,95877
124.849,Received an expired out of sequence packet ,95789,95877
124.849,Received an expired out of sequence packet ,95790,95877
124.849,Received an expired out of sequence packet ,95791,95877
124.849,Received an expired out of sequence packet ,95792,95877
124.857,Received an expired out of sequence packet ,95793,95877
124.857,Received an expired out of sequence packet ,95794,95877
124.857,Received an expired out of sequence packet ,95795,95877
124.857,Received an expired out of sequence packet ,95796,95877
124.857,Received an expired out of sequence packet ,95797,95877
124.857,Received an expired out of sequence packet ,95798,95877
124.857,Received an expired out of sequence packet ,95799,95877
124.857,Received an expired out of sequence packet ,95800,95877
124.857,Received an expired out of sequence packet ,95801,95877
124.857,Received an expired out of sequence packet ,95802,95877
124.857,Received an expired out of sequence packet ,95803,95877
124.857,Received an expired out of sequence packet ,95804,95877
124.857,Received an expired out of sequence packet ,95805,95877
124.857,Received an expired out of sequence packet ,95806,95877
124.857,Received an expired out of sequence packet ,95807,95877
124.857,Received an expired out of sequence packet ,95808,95877
124.857,Received an expired out of sequence packet ,95809,95877
124.857,Received an expired out of sequence packet ,95810,95877
124.857,Received an expired out of sequence packet ,95811,95877
124.857,Received an expired out of sequence packet ,95812,95877
124.861,Received an expired out of sequence packet ,95813,95877
124.866,Received an expired out of sequence packet ,95814,95877
124.869,Received an expired out of sequence packet ,95815,95877
124.869,Received an expired out of sequence packet ,95816,95877
124.879,Received an expired out of sequence packet ,95817,95877
124.879,Received an expired out of sequence packet ,95818,95877
124.879,Received an expired out of sequence packet ,95819,95877
124.879,Received an expired out of sequence packet ,95820,95877
124.879,Received an expired out of sequence packet ,95821,95877
124.879,Received an expired out of sequence packet ,95822,95877
124.879,Received an expired out of sequence packet ,95823,95877
124.879,Received an expired out of sequence packet ,95824,95877
124.879,Received an expired out of sequence packet ,95825,95877
124.879,Received an expired out of sequence packet ,95826,95877
124.879,Received an expired out of sequence packet ,95827,95877
124.879,Received an expired out of sequence packet ,95828,95877
124.879,Received an expired out of sequence packet ,95829,95877
124.879,Received an expired out of sequence packet ,95830,95877
124.879,Received an expired out of sequence packet ,95831,95877
124.879,Received an expired out of sequence packet ,95832,95877
124.879,Received an expired out of sequence packet ,95833,95877
124.879,Received an expired out of sequence packet ,95834,95877
124.879,Received an expired out of sequence packet ,95835,95877
124.879,Received an expired out of sequence packet ,95836,95877
124.879,Received an expired out of sequence packet ,95837,95877
124.879,Received an expired out of sequence packet ,95838,95877
124.879,Received an expired out of sequence packet ,95839,95877
124.88,Received an expired out of sequence packet ,95840,95877
124.88,Received an expired out of sequence packet ,95841,95877
124.88,Received an expired out of sequence packet ,95842,95877
124.88,Received an expired out of sequence packet ,95843,95877
124.88,Received an expired out of sequence packet ,95844,95877
124.88,Received an expired out of sequence packet ,95845,95877
124.88,Received an expired out of sequence packet ,95846,95877
124.884,Received an expired out of sequence packet ,95847,95877
124.884,Received an expired out of sequence packet ,95848,95877
124.884,Received an expired out of sequence packet ,95849,95877
124.884,Received an expired out of sequence packet ,95850,95877
124.884,Received an expired out of sequence packet ,95851,95877
124.884,Received an expired out of sequence packet ,95852,95877
124.884,Received an expired out of sequence packet ,95853,95877
124.887,Received an expired out of sequence packet ,95854,95877
124.89,Received an expired out of sequence packet ,95855,95877
124.894,Received an expired out of sequence packet ,95856,95877
124.894,Received an expired out of sequence packet ,95857,95877
124.894,Received an expired out of sequence packet ,95858,95877
124.894,Received an expired out of sequence packet ,95859,95877
124.894,Received an expired out of sequence packet ,95860,95877
124.894,Received an expired out of sequence packet ,95861,95877
124.897,Received an expired out of sequence packet ,95862,95877
124.897,Received an expired out of sequence packet ,95863,95877
124.904,Received an expired out of sequence packet ,95864,95877
124.904,Received an expired out of sequence packet ,95865,95877
124.908,Received an expired out of sequence packet ,95866,95877
124.908,Received an expired out of sequence packet ,95867,95877
124.913,Received an expired out of sequence packet ,95868,95877
124.913,Received an expired out of sequence packet ,95869,95877
124.913,Received an expired out of sequence packet ,95870,95877
124.913,Received an expired out of sequence packet ,95871,95877
124.913,Received an expired out of sequence packet ,95872,95877
124.913,Received an expired out of sequence packet ,95873,95877
124.913,Received an expired out of sequence packet ,95874,95877
124.913,Received an expired out of sequence packet ,95875,95877
124.913,Received an expired out of sequence packet ,95876,95877
155.68,Timeout
155.68,clearing sending list because of timeout
155.914,Received an expired out of sequence packet ,110627,110834
156.914,Timeout
156.914,clearing sending list because of timeout
156.915,Received an expired out of sequence packet ,110628,110836
157.914,Received an expired out of sequence packet ,110629,110836
158.914,Timeout
158.914,clearing sending list because of timeout
158.927,Received an expired out of sequence packet ,110630,110838
159.915,Received an expired out of sequence packet ,110631,110838
159.972,Received an expired out of sequence packet ,110632,110838
159.974,Received an expired out of sequence packet ,110633,110838
159.985,Received an expired out of sequence packet ,110634,110838
159.987,Received an expired out of sequence packet ,110635,110838
159.987,Received an expired out of sequence packet ,110636,110838
159.988,Received an expired out of sequence packet ,110637,110838
159.996,Received an expired out of sequence packet ,110638,110838
159.998,Received an expired out of sequence packet ,110639,110838
159.998,Received an expired out of sequence packet ,110640,110838
159.998,Received an expired out of sequence packet ,110641,110838
160.001,Received an expired out of sequence packet ,110642,110838
160.002,Received an expired out of sequence packet ,110643,110838
160.009,Received an expired out of sequence packet ,110644,110838
160.011,Received an expired out of sequence packet ,110645,110838
160.011,Received an expired out of sequence packet ,110646,110838
160.015,Received an expired out of sequence packet ,110647,110838
160.016,Received an expired out of sequence packet ,110648,110838
160.019,Received an expired out of sequence packet ,110649,110838
160.02,Received an expired out of sequence packet ,110650,110838
160.026,Received an expired out of sequence packet ,110651,110838
160.027,Received an expired out of sequence packet ,110652,110838
160.027,Received an expired out of sequence packet ,110653,110838
160.028,Received an expired out of sequence packet ,110654,110838
160.037,Received an expired out of sequence packet ,110655,110838
160.039,Received an expired out of sequence packet ,110656,110838
160.04,Received an expired out of sequence packet ,110657,110838
160.043,Received an expired out of sequence packet ,110658,110838
160.044,Received an expired out of sequence packet ,110659,110838
160.046,Received an expired out of sequence packet ,110660,110838
160.046,Received an expired out of sequence packet ,110661,110838
160.055,Received an expired out of sequence packet ,110662,110838
160.057,Received an expired out of sequence packet ,110663,110838
160.066,Received an expired out of sequence packet ,110664,110838
160.066,Received an expired out of sequence packet ,110665,110838
160.066,Received an expired out of sequence packet ,110666,110838
160.066,Received an expired out of sequence packet ,110667,110838
160.067,Received an expired out of sequence packet ,110668,110838
160.067,Received an expired out of sequence packet ,110669,110838
160.067,Received an expired out of sequence packet ,110670,110838
160.067,Received an expired out of sequence packet ,110671,110838
160.067,Received an expired out of sequence packet ,110672,110838
160.067,Received an expired out of sequence packet ,110673,110838
160.07,Received an expired out of sequence packet ,110674,110838
160.071,Received an expired out of sequence packet ,110675,110838
160.072,Received an expired out of sequence packet ,110676,110838
160.074,Received an expired out of sequence packet ,110677,110838
160.083,Received an expired out of sequence packet ,110678,110838
160.087,Received an expired out of sequence packet ,110679,110838
160.088,Received an expired out of sequence packet ,110680,110838
160.089,Received an expired out of sequence packet ,110681,110838
160.089,Received an expired out of sequence packet ,110682,110838
160.091,Received an expired out of sequence packet ,110683,110838
160.091,Received an expired out of sequence packet ,110684,110838
160.093,Received an expired out of sequence packet ,110685,110838
160.097,Received an expired out of sequence packet ,110686,110838
160.097,Received an expired out of sequence packet ,110687,110838
160.099,Received an expired out of sequence packet ,110688,110838
160.1,Received an expired out of sequence packet ,110689,110838
160.1,Received an expired out of sequence packet ,110690,110838
160.102,Received an expired out of sequence packet ,110691,110838
160.103,Received an expired out of sequence packet ,110692,110838
160.109,Received an expired out of sequence packet ,110693,110838
160.121,Received an expired out of sequence packet ,110694,110838
160.122,Received an expired out of sequence packet ,110695,110838
160.126,Received an expired out of sequence packet ,110696,110838
160.135,Received an expired out of sequence packet ,110697,110838
160.135,Received an expired out of sequence packet ,110698,110838
160.137,Received an expired out of sequence packet ,110699,110838
160.14,Received an expired out of sequence packet ,110700,110838
160.14,Received an expired out of sequence packet ,110701,110838
160.14,Received an expired out of sequence packet ,110702,110838
160.14,Received an expired out of sequence packet ,110703,110838
160.142,Received an expired out of sequence packet ,110704,110838
160.148,Received an expired out of sequence packet ,110705,110838
160.15,Received an expired out of sequence packet ,110706,110838
160.152,Received an expired out of sequence packet ,110707,110838
160.154,Received an expired out of sequence packet ,110708,110838
160.157,Received an expired out of sequence packet ,110709,110838
160.158,Received an expired out of sequence packet ,110710,110838
160.161,Received an expired out of sequence packet ,110711,110838
160.162,Received an expired out of sequence packet ,110712,110838
160.165,Received an expired out of sequence packet ,110713,110838
160.165,Received an expired out of sequence packet ,110714,110838
160.174,Received an expired out of sequence packet ,110715,110838
160.183,Received an expired out of sequence packet ,110716,110838
160.183,Received an expired out of sequence packet ,110717,110838
160.185,Received an expired out of sequence packet ,110718,110838
160.185,Received an expired out of sequence packet ,110719,110838
160.185,Received an expired out of sequence packet ,110720,110838
160.185,Received an expired out of sequence packet ,110721,110838
160.185,Received an expired out of sequence packet ,110722,110838
160.185,Received an expired out of sequence packet ,110723,110838
160.185,Received an expired out of sequence packet ,110724,110838
160.187,Received an expired out of sequence packet ,110725,110838
160.187,Received an expired out of sequence packet ,110726,110838
160.187,Received an expired out of sequence packet ,110727,110838
160.187,Received an expired out of sequence packet ,110728,110838
160.187,Received an expired out of sequence packet ,110729,110838
160.188,Received an expired out of sequence packet ,110730,110838
160.188,Received an expired out of sequence packet ,110731,110838
160.19,Received an expired out of sequence packet ,110732,110838
160.192,Received an expired out of sequence packet ,110733,110838
160.193,Received an expired out of sequence packet ,110734,110838
160.194,Received an expired out of sequence packet ,110735,110838
160.194,Received an expired out of sequence packet ,110736,110838
160.204,Received an expired out of sequence packet ,110737,110838
160.205,Received an expired out of sequence packet ,110738,110838
160.205,Received an expired out of sequence packet ,110739,110838
160.207,Received an expired out of sequence packet ,110740,110838
160.208,Received an expired out of sequence packet ,110741,110838
160.208,Received an expired out of sequence packet ,110742,110838
160.208,Received an expired out of sequence packet ,110743,110838
160.208,Received an expired out of sequence packet ,110744,110838
160.208,Received an expired out of sequence packet ,110745,110838
160.21,Received an expired out of sequence packet ,110746,110838
160.211,Received an expired out of sequence packet ,110747,110838
160.213,Received an expired out of sequence packet ,110748,110838
160.216,Received an expired out of sequence packet ,110749,110838
160.218,Received an expired out of sequence packet ,110750,110838
160.219,Received an expired out of sequence packet ,110751,110838
160.22,Received an expired out of sequence packet ,110752,110838
160.22,Received an expired out of sequence packet ,110753,110838
160.221,Received an expired out of sequence packet ,110754,110838
160.226,Received an expired out of sequence packet ,110755,110838
160.226,Received an expired out of sequence packet ,110756,110838
160.228,Received an expired out of sequence packet ,110757,110838
160.228,Received an expired out of sequence packet ,110758,110838
160.23,Received an expired out of sequence packet ,110759,110838
160.23,Received an expired out of sequence packet ,110760,110838
160.234,Received an expired out of sequence packet ,110761,110838
160.235,Received an expired out of sequence packet ,110762,110838
160.235,Received an expired out of sequence packet ,110763,110838
160.238,Received an expired out of sequence packet ,110764,110838
160.241,Received an expired out of sequence packet ,110765,110838
160.242,Received an expired out of sequence packet ,110766,110838
160.243,Received an expired out of sequence packet ,110767,110838
160.243,Received an expired out of sequence packet ,110768,110838
160.244,Received an expired out of sequence packet ,110769,110838
160.245,Received an expired out of sequence packet ,110770,110838
160.246,Received an expired out of sequence packet ,110771,110838
160.249,Received an expired out of sequence packet ,110772,110838
160.251,Received an expired out of sequence packet ,110773,110838
160.251,Received an expired out of sequence packet ,110774,110838
160.251,Received an expired out of sequence packet ,110775,110838
160.258,Received an expired out of sequence packet ,110776,110838
160.26,Received an expired out of sequence packet ,110777,110838
160.261,Received an expired out of sequence packet ,110778,110838
160.264,Received an expired out of sequence packet ,110779,110838
160.266,Received an expired out of sequence packet ,110780,110838
160.266,Received an expired out of sequence packet ,110781,110838
160.267,Received an expired out of sequence packet ,110782,110838
160.267,Received an expired out of sequence packet ,110783,110838
160.267,Received an expired out of sequence packet ,110784,110838
160.268,Received an expired out of sequence packet ,110785,110838
160.271,Received an expired out of sequence packet ,110786,110838
160.274,Received an expired out of sequence packet ,110787,110838
160.275,Received an expired out of sequence packet ,110788,110838
160.277,Received an expired out of sequence packet ,110789,110838
160.278,Received an expired out of sequence packet ,110790,110838
160.279,Received an expired out of sequence packet ,110791,110838
160.282,Received an expired out of sequence packet ,110792,110838
160.283,Received an expired out of sequence packet ,110793,110838
160.283,Received an expired out of sequence packet ,110794,110838
160.284,Received an expired out of sequence packet ,110795,110838
160.286,Received an expired out of sequence packet ,110796,110838
160.288,Received an expired out of sequence packet ,110797,110838
160.297,Received an expired out of sequence packet ,110798,110838
160.297,Received an expired out of sequence packet ,110799,110838
160.298,Received an expired out of sequence packet ,110800,110838
160.3,Received an expired out of sequence packet ,110801,110838
160.3,Received an expired out of sequence packet ,110802,110838
160.3,Received an expired out of sequence packet ,110803,110838
160.3,Received an expired out of sequence packet ,110804,110838
160.3,Received an expired out of sequence packet ,110805,110838
160.3,Received an expired out of sequence packet ,110806,110838
160.302,Received an expired out of sequence packet ,110807,110838
160.305,Received an expired out of sequence packet ,110808,110838
160.306,Received an expired out of sequence packet ,110809,110838
160.306,Received an expired out of sequence packet ,110810,110838
160.318,Received an expired out of sequence packet ,110811,110838
160.321,Received an expired out of sequence packet ,110812,110838
160.321,Received an expired out of sequence packet ,110813,110838
160.321,Received an expired out of sequence packet ,110814,110838
160.323,Received an expired out of sequence packet ,110815,110838
160.328,Received an expired out of sequence packet ,110816,110838
160.328,Received an expired out of sequence packet ,110817,110838
160.328,Received an expired out of sequence packet ,110818,110838
160.328,Received an expired out of sequence packet ,110819,110838
160.33,Received an expired out of sequence packet ,110820,110838
160.33,Received an expired out of sequence packet ,110821,110838
160.331,Received an expired out of sequence packet ,110822,110838
160.335,Received an expired out of sequence packet ,110823,110838
160.335,Received an expired out of sequence packet ,110824,110838
160.336,Received an expired out of sequence packet ,110825,110838
160.336,Received an expired out of sequence packet ,110826,110838
160.338,Received an expired out of sequence packet ,110827,110838
160.341,Received an expired out of sequence packet ,110828,110838
160.343,Received an expired out of sequence packet ,110829,110838
160.344,Received an expired out of sequence packet ,110830,110838
160.345,Received an expired out of sequence packet ,110831,110838
160.345,Received an expired out of sequence packet ,110832,110838
160.346,Received an expired out of sequence packet ,110833,110838
160.348,Received an expired out of sequence packet ,110834,110838
160.35,Received an expired out of sequence packet ,110835,110838
160.351,Received an expired out of sequence packet ,110836,110838
160.352,Received an expired out of sequence packet ,110837,110838
202.077,Timeout
202.077,clearing sending list because of timeout
202.09,Received an expired out of sequence packet ,128596,128762
203.09,Timeout
203.09,clearing sending list because of timeout
203.091,Received an expired out of sequence packet ,128597,128764
204.088,Received an expired out of sequence packet ,128598,128764
204.987,Received an expired out of sequence packet ,128599,128764
204.991,Received an expired out of sequence packet ,128600,128764
204.991,Received an expired out of sequence packet ,128601,128764
204.991,Received an expired out of sequence packet ,128602,128764
204.991,Received an expired out of sequence packet ,128603,128764
204.993,Received an expired out of sequence packet ,128604,128764
204.993,Received an expired out of sequence packet ,128605,128764
204.994,Received an expired out of sequence packet ,128606,128764
204.994,Received an expired out of sequence packet ,128607,128764
204.995,Received an expired out of sequence packet ,128608,128764
204.997,Received an expired out of sequence packet ,128609,128764
205.002,Received an expired out of sequence packet ,128610,128764
205.002,Received an expired out of sequence packet ,128611,128764
205.004,Received an expired out of sequence packet ,128612,128764
205.008,Received an expired out of sequence packet ,128613,128764
205.008,Received an expired out of sequence packet ,128614,128764
205.008,Received an expired out of sequence packet ,128615,128764
205.009,Received an expired out of sequence packet ,128616,128764
205.009,Received an expired out of sequence packet ,128617,128764
205.009,Received an expired out of sequence packet ,128618,128764
205.009,Received an expired out of sequence packet ,128619,128764
205.01,Received an expired out of sequence packet ,128620,128764
205.01,Received an expired out of sequence packet ,128621,128764
205.013,Received an expired out of sequence packet ,128622,128764
205.013,Received an expired out of sequence packet ,128623,128764
205.014,Received an expired out of sequence packet ,128624,128764
205.014,Received an expired out of sequence packet ,128625,128764
205.014,Received an expired out of sequence packet ,128626,128764
205.015,Received an expired out of sequence packet ,128627,128764
205.016,Received an expired out of sequence packet ,128628,128764
205.018,Received an expired out of sequence packet ,128629,128764
205.02,Received an expired out of sequence packet ,128630,128764
205.02,Received an expired out of sequence packet ,128631,128764
205.023,Received an expired out of sequence packet ,128632,128764
205.023,Received an expired out of sequence packet ,128633,128764
205.027,Received an expired out of sequence packet ,128634,128764
205.027,Received an expired out of sequence packet ,128635,128764
205.027,Received an expired out of sequence packet ,128636,128764
205.027,Received an expired out of sequence packet ,128637,128764
205.027,Received an expired out of sequence packet ,128638,128764
205.028,Received an expired out of sequence packet ,128639,128764
205.028,Received an expired out of sequence packet ,128640,128764
205.028,Received an expired out of sequence packet ,128641,128764
205.031,Received an expired out of sequence packet ,128642,128764
205.031,Received an expired out of sequence packet ,128643,128764
205.032,Received an expired out of sequence packet ,128644,128764
205.035,Received an expired out of sequence packet ,128645,128764
205.035,Received an expired out of sequence packet ,128646,128764
205.035,Received an expired out of sequence packet ,128647,128764
205.036,Received an expired out of sequence packet ,128648,128764
205.037,Received an expired out of sequence packet ,128649,128764
205.04,Received an expired out of sequence packet ,128650,128764
205.04,Received an expired out of sequence packet ,128651,128764
205.044,Received an expired out of sequence packet ,128652,128764
205.044,Received an expired out of sequence packet ,128653,128764
205.05,Received an expired out of sequence packet ,128654,128764
205.05,Received an expired out of sequence packet ,128655,128764
205.053,Received an expired out of sequence packet ,128656,128764
205.053,Received an expired out of sequence packet ,128657,128764
205.053,Received an expired out of sequence packet ,128658,128764
205.053,Received an expired out of sequence packet ,128659,128764
205.053,Received an expired out of sequence packet ,128660,128764
205.053,Received an expired out of sequence packet ,128661,128764
205.054,Received an expired out of sequence packet 