1.19844,Exit slow start,exceeding SS_EXIT_THRESHOLD
38.6324,Missing packet expired,42957
63.2219,Missing packet expired,52893
66.3775,Timeout
66.3775,clearing sending list because of timeout
66.3785,Received an expired out of sequence packet ,53941,54108
67.3669,Received an expired out of sequence packet ,53942,54108
68.3669,Timeout
68.3669,clearing sending list because of timeout
68.378,Received an expired out of sequence packet ,53943,54110
69.3679,Received an expired out of sequence packet ,53944,54110
69.3679,Received an expired out of sequence packet ,53945,54110
69.9827,Received an expired out of sequence packet ,53946,54110
69.9848,Received an expired out of sequence packet ,53947,54110
69.9949,Received an expired out of sequence packet ,53948,54110
69.9967,Received an expired out of sequence packet ,53949,54110
70.0157,Received an expired out of sequence packet ,53950,54110
70.0168,Received an expired out of sequence packet ,53951,54110
70.0189,Received an expired out of sequence packet ,53952,54110
70.0221,Received an expired out of sequence packet ,53953,54110
70.0304,Received an expired out of sequence packet ,53954,54110
70.0356,Received an expired out of sequence packet ,53955,54110
70.0397,Received an expired out of sequence packet ,53956,54110
70.0428,Received an expired out of sequence packet ,53957,54110
70.0479,Received an expired out of sequence packet ,53958,54110
70.074,Received an expired out of sequence packet ,53959,54110
70.0761,Received an expired out of sequence packet ,53960,54110
70.0761,Received an expired out of sequence packet ,53961,54110
70.0761,Received an expired out of sequence packet ,53962,54110
70.0922,Received an expired out of sequence packet ,53963,54110
70.0954,Received an expired out of sequence packet ,53964,54110
70.1194,Received an expired out of sequence packet ,53965,54110
70.1316,Received an expired out of sequence packet ,53966,54110
70.1316,Received an expired out of sequence packet ,53967,54110
70.1316,Received an expired out of sequence packet ,53968,54110
70.1317,Received an expired out of sequence packet ,53969,54110
70.1398,Received an expired out of sequence packet ,53970,54110
70.1398,Received an expired out of sequence packet ,53971,54110
70.148,Received an expired out of sequence packet ,53972,54110
70.148,Received an expired out of sequence packet ,53973,54110
70.1542,Received an expired out of sequence packet ,53974,54110
70.1563,Received an expired out of sequence packet ,53975,54110
70.1614,Received an expired out of sequence packet ,53976,54110
70.1646,Received an expired out of sequence packet ,53977,54110
70.1705,Received an expired out of sequence packet ,53978,54110
70.1757,Received an expired out of sequence packet ,53979,54110
70.1882,Received an expired out of sequence packet ,53980,54110
70.1953,Received an expired out of sequence packet ,53981,54110
70.1995,Received an expired out of sequence packet ,53982,54110
70.1995,Received an expired out of sequence packet ,53983,54110
70.1995,Received an expired out of sequence packet ,53984,54110
70.2026,Received an expired out of sequence packet ,53985,54110
70.2066,Received an expired out of sequence packet ,53986,54110
70.2097,Received an expired out of sequence packet ,53987,54110
70.2229,Received an expired out of sequence packet ,53988,54110
70.226,Received an expired out of sequence packet ,53989,54110
70.2292,Received an expired out of sequence packet ,53990,54110
70.2502,Received an expired out of sequence packet ,53991,54110
70.2585,Received an expired out of sequence packet ,53992,54110
70.2586,Received an expired out of sequence packet ,53993,54110
70.2729,Received an expired out of sequence packet ,53994,54110
70.274,Received an expired out of sequence packet ,53995,54110
70.2791,Received an expired out of sequence packet ,53996,54110
70.2791,Received an expired out of sequence packet ,53997,54110
70.2792,Received an expired out of sequence packet ,53998,54110
70.2792,Received an expired out of sequence packet ,53999,54110
70.2823,Received an expired out of sequence packet ,54000,54110
70.3079,Received an expired out of sequence packet ,54001,54110
70.3395,Received an expired out of sequence packet ,54002,54110
70.3458,Received an expired out of sequence packet ,54003,54110
70.351,Received an expired out of sequence packet ,54004,54110
70.3571,Received an expired out of sequence packet ,54005,54110
70.3622,Received an expired out of sequence packet ,54006,54110
70.3653,Received an expired out of sequence packet ,54007,54110
70.3675,Received an expired out of sequence packet ,54008,54110
70.3829,Received an expired out of sequence packet ,54009,54110
70.384,Received an expired out of sequence packet ,54010,54110
70.395,Received an expired out of sequence packet ,54011,54110
70.3951,Received an expired out of sequence packet ,54012,54110
70.3951,Received an expired out of sequence packet ,54013,54110
70.3951,Received an expired out of sequence packet ,54014,54110
70.3962,Received an expired out of sequence packet ,54015,54110
70.3994,Received an expired out of sequence packet ,54016,54110
70.4016,Received an expired out of sequence packet ,54017,54110
70.4069,Received an expired out of sequence packet ,54018,54110
70.415,Received an expired out of sequence packet ,54019,54110
70.4161,Received an expired out of sequence packet ,54020,54110
70.4162,Received an expired out of sequence packet ,54021,54110
70.42,Received an expired out of sequence packet ,54022,54110
70.4222,Received an expired out of sequence packet ,54023,54110
70.4253,Received an expired out of sequence packet ,54024,54110
70.4388,Received an expired out of sequence packet ,54025,54110
70.441,Received an expired out of sequence packet ,54026,54110
70.447,Received an expired out of sequence packet ,54027,54110
70.447,Received an expired out of sequence packet ,54028,54110
70.4481,Received an expired out of sequence packet ,54029,54110
70.4523,Received an expired out of sequence packet ,54030,54110
70.4554,Received an expired out of sequence packet ,54031,54110
70.4595,Received an expired out of sequence packet ,54032,54110
70.4674,Received an expired out of sequence packet ,54033,54110
70.4806,Received an expired out of sequence packet ,54034,54110
70.4847,Received an expired out of sequence packet ,54035,54110
70.4847,Received an expired out of sequence packet ,54036,54110
70.496,Received an expired out of sequence packet ,54037,54110
70.5083,Received an expired out of sequence packet ,54038,54110
70.5154,Received an expired out of sequence packet ,54039,54110
70.5154,Received an expired out of sequence packet ,54040,54110
70.5154,Received an expired out of sequence packet ,54041,54110
70.5237,Received an expired out of sequence packet ,54042,54110
70.5247,Received an expired out of sequence packet ,54043,54110
70.529,Received an expired out of sequence packet ,54044,54110
70.5383,Received an expired out of sequence packet ,54045,54110
70.5395,Received an expired out of sequence packet ,54046,54110
70.5455,Received an expired out of sequence packet ,54047,54110
70.5476,Received an expired out of sequence packet ,54048,54110
70.5537,Received an expired out of sequence packet ,54049,54110
70.5568,Received an expired out of sequence packet ,54050,54110
70.5605,Received an expired out of sequence packet ,54051,54110
70.581,Received an expired out of sequence packet ,54052,54110
70.5862,Received an expired out of sequence packet ,54053,54110
70.5862,Received an expired out of sequence packet ,54054,54110
70.5964,Received an expired out of sequence packet ,54055,54110
70.5964,Received an expired out of sequence packet ,54056,54110
70.5964,Received an expired out of sequence packet ,54057,54110
70.5994,Received an expired out of sequence packet ,54058,54110
70.5994,Received an expired out of sequence packet ,54059,54110
70.6015,Received an expired out of sequence packet ,54060,54110
70.6056,Received an expired out of sequence packet ,54061,54110
70.6222,Received an expired out of sequence packet ,54062,54110
70.6264,Received an expired out of sequence packet ,54063,54110
70.6265,Received an expired out of sequence packet ,54064,54110
70.6276,Received an expired out of sequence packet ,54065,54110
70.6277,Received an expired out of sequence packet ,54066,54110
70.6317,Received an expired out of sequence packet ,54067,54110
70.6387,Received an expired out of sequence packet ,54068,54110
70.6419,Received an expired out of sequence packet ,54069,54110
70.647,Received an expired out of sequence packet ,54070,54110
70.6585,Received an expired out of sequence packet ,54071,54110
70.6596,Received an expired out of sequence packet ,54072,54110
70.6596,Received an expired out of sequence packet ,54073,54110
70.6617,Received an expired out of sequence packet ,54074,54110
70.6688,Received an expired out of sequence packet ,54075,54110
70.6719,Received an expired out of sequence packet ,54076,54110
70.6769,Received an expired out of sequence packet ,54077,54110
70.6832,Received an expired out of sequence packet ,54078,54110
70.6832,Received an expired out of sequence packet ,54079,54110
70.6873,Received an expired out of sequence packet ,54080,54110
70.6974,Received an expired out of sequence packet ,54081,54110
70.6974,Received an expired out of sequence packet ,54082,54110
70.7006,Received an expired out of sequence packet ,54083,54110
70.7006,Received an expired out of sequence packet ,54084,54110
70.715,Received an expired out of sequence packet ,54085,54110
70.7184,Received an expired out of sequence packet ,54086,54110
70.7184,Received an expired out of sequence packet ,54087,54110
70.7184,Received an expired out of sequence packet ,54088,54110
70.7216,Received an expired out of sequence packet ,54089,54110
70.7247,Received an expired out of sequence packet ,54090,54110
70.7288,Received an expired out of sequence packet ,54091,54110
70.7351,Received an expired out of sequence packet ,54092,54110
70.7372,Received an expired out of sequence packet ,54093,54110
70.7393,Received an expired out of sequence packet ,54094,54110
70.7425,Received an expired out of sequence packet ,54095,54110
70.7446,Received an expired out of sequence packet ,54096,54110
70.7488,Received an expired out of sequence packet ,54097,54110
70.754,Received an expired out of sequence packet ,54098,54110
70.7568,Received an expired out of sequence packet ,54099,54110
70.7568,Received an expired out of sequence packet ,54100,54110
70.7602,Received an expired out of sequence packet ,54101,54110
70.7655,Received an expired out of sequence packet ,54102,54110
70.7655,Received an expired out of sequence packet ,54103,54110
70.7666,Received an expired out of sequence packet ,54104,54110
70.7768,Received an expired out of sequence packet ,54105,54110
70.778,Received an expired out of sequence packet ,54106,54110
70.7791,Received an expired out of sequence packet ,54107,54110
70.7822,Received an expired out of sequence packet ,54108,54110
70.7864,Received an expired out of sequence packet ,54109,54110
78.7163,Missing packet expired,58452
82.0824,Missing packet expired,65175
96.002,Timeout
96.002,clearing sending list because of timeout
96.4701,Timeout
96.4701,clearing sending list because of timeout
96.533,Received an expired out of sequence packet ,71294,71365
96.5331,Received an expired out of sequence packet ,71295,71365
96.5331,Received an expired out of sequence packet ,71296,71365
96.5331,Received an expired out of sequence packet ,71297,71365
96.5331,Received an expired out of sequence packet ,71298,71365
96.5331,Received an expired out of sequence packet ,71299,71365
96.5331,Received an expired out of sequence packet ,71300,71365
96.5331,Received an expired out of sequence packet ,71301,71365
96.5627,Received an expired out of sequence packet ,71302,71365
96.5658,Received an expired out of sequence packet ,71303,71365
96.5658,Received an expired out of sequence packet ,71304,71365
96.5659,Received an expired out of sequence packet ,71305,71365
96.5659,Received an expired out of sequence packet ,71306,71365
96.5659,Received an expired out of sequence packet ,71307,71365
96.567,Received an expired out of sequence packet ,71308,71365
96.567,Received an expired out of sequence packet ,71309,71365
96.5691,Received an expired out of sequence packet ,71310,71365
96.7318,Received an expired out of sequence packet ,71311,71365
96.7318,Received an expired out of sequence packet ,71312,71365
96.7319,Received an expired out of sequence packet ,71313,71365
96.7319,Received an expired out of sequence packet ,71314,71365
96.7319,Received an expired out of sequence packet ,71315,71365
96.7319,Received an expired out of sequence packet ,71316,71365
96.7319,Received an expired out of sequence packet ,71317,71365
96.7319,Received an expired out of sequence packet ,71318,71365
96.7319,Received an expired out of sequence packet ,71319,71365
96.732,Received an expired out of sequence packet ,71320,71365
96.732,Received an expired out of sequence packet ,71321,71365
96.732,Received an expired out of sequence packet ,71322,71365
96.732,Received an expired out of sequence packet ,71323,71365
96.732,Received an expired out of sequence packet ,71324,71365
96.732,Received an expired out of sequence packet ,71325,71365
96.733,Received an expired out of sequence packet ,71326,71365
96.7331,Received an expired out of sequence packet ,71327,71365
96.7417,Received an expired out of sequence packet ,71328,71365
96.7417,Received an expired out of sequence packet ,71329,71365
96.7509,Received an expired out of sequence packet ,71330,71365
96.7509,Received an expired out of sequence packet ,71331,71365
96.753,Received an expired out of sequence packet ,71332,71365
96.753,Received an expired out of sequence packet ,71333,71365
96.753,Received an expired out of sequence packet ,71334,71365
96.753,Received an expired out of sequence packet ,71335,71365
96.753,Received an expired out of sequence packet ,71336,71365
96.7531,Received an expired out of sequence packet ,71337,71365
96.7531,Received an expired out of sequence packet ,71338,71365
96.7531,Received an expired out of sequence packet ,71339,71365
96.7531,Received an expired out of sequence packet ,71340,71365
96.7531,Received an expired out of sequence packet ,71341,71365
96.7531,Received an expired out of sequence packet ,71342,71365
96.7531,Received an expired out of sequence packet ,71343,71365
96.7531,Received an expired out of sequence packet ,71344,71365
96.7531,Received an expired out of sequence packet ,71345,71365
96.7532,Received an expired out of sequence packet ,71346,71365
96.7532,Received an expired out of sequence packet ,71347,71365
96.7538,Received an expired out of sequence packet ,71348,71365
96.7538,Received an expired out of sequence packet ,71349,71365
96.7538,Received an expired out of sequence packet ,71350,71365
96.758,Received an expired out of sequence packet ,71351,71365
96.758,Received an expired out of sequence packet ,71352,71365
96.758,Received an expired out of sequence packet ,71353,71365
96.758,Received an expired out of sequence packet ,71354,71365
96.758,Received an expired out of sequence packet ,71355,71365
96.758,Received an expired out of sequence packet ,71356,71365
96.7581,Received an expired out of sequence packet ,71357,71365
96.7581,Received an expired out of sequence packet ,71358,71365
96.7581,Received an expired out of sequence packet ,71359,71365
96.7581,Received an expired out of sequence packet ,71360,71365
96.7741,Received an expired out of sequence packet ,71361,71365
96.7742,Received an expired out of sequence packet ,71362,71365
96.7742,Received an expired out of sequence packet ,71363,71365
96.7742,Received an expired out of sequence packet ,71364,71365
99.0391,Timeout
99.0391,clearing sending list because of timeout
99.0499,Received an expired out of sequence packet ,71984,71985
99.813,Timeout
99.813,clearing sending list because of timeout
99.8505,Received an expired out of sequence packet ,72010,72063
99.8505,Received an expired out of sequence packet ,72011,72063
99.8505,Received an expired out of sequence packet ,72012,72063
99.8505,Received an expired out of sequence packet ,72013,72063
99.8516,Received an expired out of sequence packet ,72014,72063
99.8516,Received an expired out of sequence packet ,72015,72063
99.8516,Received an expired out of sequence packet ,72016,72063
99.8516,Received an expired out of sequence packet ,72017,72063
99.8517,Received an expired out of sequence packet ,72018,72063
99.8527,Received an expired out of sequence packet ,72019,72063
99.8527,Received an expired out of sequence packet ,72020,72063
99.8527,Received an expired out of sequence packet ,72021,72063
99.8548,Received an expired out of sequence packet ,72022,72063
99.8548,Received an expired out of sequence packet ,72023,72063
99.8548,Received an expired out of sequence packet ,72024,72063
99.8548,Received an expired out of sequence packet ,72025,72063
99.8548,Received an expired out of sequence packet ,72026,72063
99.8548,Received an expired out of sequence packet ,72027,72063
99.8549,Received an expired out of sequence packet ,72028,72063
99.8549,Received an expired out of sequence packet ,72029,72063
99.8549,Received an expired out of sequence packet ,72030,72063
99.8549,Received an expired out of sequence packet ,72031,72063
99.8549,Received an expired out of sequence packet ,72032,72063
99.855,Received an expired out of sequence packet ,72033,72063
99.8559,Received an expired out of sequence packet ,72034,72063
99.8559,Received an expired out of sequence packet ,72035,72063
99.86,Received an expired out of sequence packet ,72036,72063
99.86,Received an expired out of sequence packet ,72037,72063
99.86,Received an expired out of sequence packet ,72038,72063
99.86,Received an expired out of sequence packet ,72039,72063
99.86,Received an expired out of sequence packet ,72040,72063
99.8601,Received an expired out of sequence packet ,72041,72063
99.8601,Received an expired out of sequence packet ,72042,72063
99.8601,Received an expired out of sequence packet ,72043,72063
99.8601,Received an expired out of sequence packet ,72044,72063
99.8601,Received an expired out of sequence packet ,72045,72063
99.8601,Received an expired out of sequence packet ,72046,72063
99.8602,Received an expired out of sequence packet ,72047,72063
99.8602,Received an expired out of sequence packet ,72048,72063
99.8602,Received an expired out of sequence packet ,72049,72063
99.8602,Received an expired out of sequence packet ,72050,72063
99.8603,Received an expired out of sequence packet ,72051,72063
99.8603,Received an expired out of sequence packet ,72052,72063
99.8603,Received an expired out of sequence packet ,72053,72063
99.8611,Received an expired out of sequence packet ,72054,72063
99.8612,Received an expired out of sequence packet ,72055,72063
99.8612,Received an expired out of sequence packet ,72056,72063
99.8612,Received an expired out of sequence packet ,72057,72063
99.8612,Received an expired out of sequence packet ,72058,72063
99.8612,Received an expired out of sequence packet ,72059,72063
99.8613,Received an expired out of sequence packet ,72060,72063
99.8613,Received an expired out of sequence packet ,72061,72063
99.8613,Received an expired out of sequence packet ,72062,72063
199.421,Timeout
199.421,clearing sending list because of timeout
199.423,Received an expired out of sequence packet ,144989,145078
199.993,Received an expired out of sequence packet ,144990,145078
199.998,Received an expired out of sequence packet ,144991,145078
199.998,Received an expired out of sequence packet ,144992,145078
200.001,Received an expired out of sequence packet ,144993,145078
200.001,Received an expired out of sequence packet ,144994,145078
200.001,Received an expired out of sequence packet ,144995,145078
200.001,Received an expired out of sequence packet ,144996,145078
200.001,Received an expired out of sequence packet ,144997,145078
200.001,Received an expired out of sequence packet ,144998,145078
200.001,Received an expired out of sequence packet ,144999,145078
200.001,Received an expired out of sequence packet ,145000,145078
200.002,Received an expired out of sequence packet ,145001,145078
200.037,Received an expired out of sequence packet ,145002,145078
200.044,Received an expired out of sequence packet ,145003,145078
200.044,Received an expired out of sequence packet ,145004,145078
200.052,Received an expired out of sequence packet ,145005,145078
200.052,Received an expired out of sequence packet ,145006,145078
200.052,Received an expired out of sequence packet ,145007,145078
200.052,Received an expired out of sequence packet ,145008,145078
200.056,Received an expired out of sequence packet ,145009,145078
200.056,Received an expired out of sequence packet ,145010,145078
200.056,Received an expired out of sequence packet ,145011,145078
200.056,Received an expired out of sequence packet ,145012,145078
200.056,Received an expired out of sequence packet ,145013,145078
200.056,Received an expired out of sequence packet ,145014,145078
200.056,Received an expired out of sequence packet ,145015,145078
200.056,Received an expired out of sequence packet ,145016,145078
200.057,Received an expired out of sequence packet ,145017,145078
200.058,Received an expired out of sequence packet ,145018,145078
200.058,Received an expired out of sequence packet ,145019,145078
200.058,Received an expired out of sequence packet ,145020,145078
200.058,Received an expired out of sequence packet ,145021,145078
200.058,Received an expired out of sequence packet ,145022,145078
200.078,Received an expired out of sequence packet ,145023,145078
200.078,Received an expired out of sequence packet ,145024,145078
200.081,Received an expired out of sequence packet ,145025,145078
200.087,Received an expired out of sequence packet ,145026,145078
200.087,Received an expired out of sequence packet ,145027,145078
200.087,Received an expired out of sequence packet ,145028,145078
200.091,Received an expired out of sequence packet ,145029,145078
200.091,Received an expired out of sequence packet ,145030,145078
200.091,Received an expired out of sequence packet ,145031,145078
200.094,Received an expired out of sequence packet ,145032,145078
200.097,Received an expired out of sequence packet ,145033,145078
200.097,Received an expired out of sequence packet ,145034,145078
200.098,Received an expired out of sequence packet ,145035,145078
200.099,Received an expired out of sequence packet ,145036,145078
200.099,Received an expired out of sequence packet ,145037,145078
200.099,Received an expired out of sequence packet ,145038,145078
200.099,Received an expired out of sequence packet ,145039,145078
200.107,Received an expired out of sequence packet ,145040,145078
200.107,Received an expired out of sequence packet ,145041,145078
200.107,Received an expired out of sequence packet ,145042,145078
200.107,Received an expired out of sequence packet ,145043,145078
200.107,Received an expired out of sequence packet ,145044,145078
200.107,Received an expired out of sequence packet ,145045,145078
200.112,Received an expired out of sequence packet ,145046,145078
200.112,Received an expired out of sequence packet ,145047,145078
200.112,Received an expired out of sequence packet ,145048,145078
200.112,Received an expired out of sequence packet ,145049,145078
200.112,Received an expired out of sequence packet ,145050,145078
200.113,Received an expired out of sequence packet ,145051,145078
200.113,Received an expired out of sequence packet ,145052,145078
200.114,Received an expired out of sequence packet ,145053,145078
200.114,Received an expired out of sequence packet ,145054,145078
200.114,Received an expired out of sequence packet ,145055,145078
200.114,Received an expired out of sequence packet ,145056,145078
200.116,Received an expired out of sequence packet ,145057,145078
200.116,Received an expired out of sequence packet ,145058,145078
200.116,Received an expired out of sequence packet ,145059,145078
200.117,Received an expired out of sequence packet ,145060,145078
200.117,Received an expired out of sequence packet ,145061,145078
200.117,Received an expired out of sequence packet ,145062,145078
200.119,Received an expired out of sequence packet ,145063,145078
200.119,Received an expired out of sequence packet ,145064,145078
200.123,Received an expired out of sequence packet ,145065,145078
200.123,Received an expired out of sequence packet ,145066,145078
200.123,Received an expired out of sequence packet ,