1.36117,Exit slow start,exceeding SS_EXIT_THRESHOLD
12.5251,Missing packet expired,6783
13.4626,Timeout
13.4627,clearing sending list because of timeout
13.6827,Timeout
13.6827,clearing sending list because of timeout
13.9028,Timeout
13.9028,clearing sending list because of timeout
14.0842,Received an expired out of sequence packet ,8451,8503
14.0843,Received an expired out of sequence packet ,8452,8503
14.0843,Received an expired out of sequence packet ,8453,8503
14.0843,Received an expired out of sequence packet ,8454,8503
14.1576,Received an expired out of sequence packet ,8455,8503
14.1596,Received an expired out of sequence packet ,8456,8503
14.1597,Received an expired out of sequence packet ,8457,8503
14.1597,Received an expired out of sequence packet ,8458,8503
14.1597,Received an expired out of sequence packet ,8459,8503
14.1902,Received an expired out of sequence packet ,8460,8503
14.1902,Received an expired out of sequence packet ,8461,8503
14.1903,Received an expired out of sequence packet ,8462,8503
14.1903,Received an expired out of sequence packet ,8463,8503
14.1903,Received an expired out of sequence packet ,8464,8503
14.1903,Received an expired out of sequence packet ,8465,8503
14.1903,Received an expired out of sequence packet ,8466,8503
14.1903,Received an expired out of sequence packet ,8467,8503
14.1923,Received an expired out of sequence packet ,8468,8503
14.1923,Received an expired out of sequence packet ,8469,8503
14.1993,Received an expired out of sequence packet ,8470,8503
14.1994,Received an expired out of sequence packet ,8471,8503
14.2026,Received an expired out of sequence packet ,8472,8503
14.2026,Received an expired out of sequence packet ,8473,8503
14.2026,Received an expired out of sequence packet ,8474,8503
14.2027,Received an expired out of sequence packet ,8475,8503
14.2027,Received an expired out of sequence packet ,8476,8503
14.2167,Received an expired out of sequence packet ,8477,8503
14.221,Received an expired out of sequence packet ,8478,8503
14.2211,Received an expired out of sequence packet ,8479,8503
14.2211,Received an expired out of sequence packet ,8480,8503
14.2211,Received an expired out of sequence packet ,8481,8503
14.2211,Received an expired out of sequence packet ,8482,8503
14.2393,Received an expired out of sequence packet ,8483,8503
14.2394,Received an expired out of sequence packet ,8484,8503
14.2394,Received an expired out of sequence packet ,8485,8503
14.2394,Received an expired out of sequence packet ,8486,8503
14.2394,Received an expired out of sequence packet ,8487,8503
14.2394,Received an expired out of sequence packet ,8488,8503
14.2394,Received an expired out of sequence packet ,8489,8503
14.2395,Received an expired out of sequence packet ,8490,8503
14.2395,Received an expired out of sequence packet ,8491,8503
14.2569,Received an expired out of sequence packet ,8492,8503
14.2569,Received an expired out of sequence packet ,8493,8503
14.2569,Received an expired out of sequence packet ,8494,8503
14.2569,Received an expired out of sequence packet ,8495,8503
14.2579,Received an expired out of sequence packet ,8496,8503
14.258,Received an expired out of sequence packet ,8497,8503
14.258,Received an expired out of sequence packet ,8498,8503
14.258,Received an expired out of sequence packet ,8499,8503
14.259,Received an expired out of sequence packet ,8500,8503
14.2611,Received an expired out of sequence packet ,8501,8503
14.2611,Received an expired out of sequence packet ,8502,8503
17.6409,Missing packet expired,10026
18.5798,Timeout
18.5798,clearing sending list because of timeout
18.5915,Received an expired out of sequence packet ,10217,10358
18.626,Received an expired out of sequence packet ,10218,10358
18.6301,Received an expired out of sequence packet ,10219,10358
18.7013,Received an expired out of sequence packet ,10220,10358
18.7013,Received an expired out of sequence packet ,10221,10358
18.7014,Received an expired out of sequence packet ,10222,10358
18.7014,Received an expired out of sequence packet ,10223,10358
18.7014,Received an expired out of sequence packet ,10224,10358
18.7014,Received an expired out of sequence packet ,10225,10358
18.7014,Received an expired out of sequence packet ,10226,10358
18.7014,Received an expired out of sequence packet ,10227,10358
18.7014,Received an expired out of sequence packet ,10228,10358
18.7014,Received an expired out of sequence packet ,10229,10358
18.7014,Received an expired out of sequence packet ,10230,10358
18.7055,Received an expired out of sequence packet ,10231,10358
18.7338,Received an expired out of sequence packet ,10232,10358
18.7338,Received an expired out of sequence packet ,10233,10358
18.7338,Received an expired out of sequence packet ,10234,10358
18.7338,Received an expired out of sequence packet ,10235,10358
18.7338,Received an expired out of sequence packet ,10236,10358
18.7338,Received an expired out of sequence packet ,10237,10358
18.7338,Received an expired out of sequence packet ,10238,10358
18.7338,Received an expired out of sequence packet ,10239,10358
18.7338,Received an expired out of sequence packet ,10240,10358
18.7359,Received an expired out of sequence packet ,10241,10358
18.7359,Received an expired out of sequence packet ,10242,10358
18.7359,Received an expired out of sequence packet ,10243,10358
18.7359,Received an expired out of sequence packet ,10244,10358
18.7489,Received an expired out of sequence packet ,10245,10358
18.7489,Received an expired out of sequence packet ,10246,10358
18.7489,Received an expired out of sequence packet ,10247,10358
18.7489,Received an expired out of sequence packet ,10248,10358
18.7489,Received an expired out of sequence packet ,10249,10358
18.7489,Received an expired out of sequence packet ,10250,10358
18.7489,Received an expired out of sequence packet ,10251,10358
18.7489,Received an expired out of sequence packet ,10252,10358
18.7489,Received an expired out of sequence packet ,10253,10358
18.7489,Received an expired out of sequence packet ,10254,10358
18.7581,Received an expired out of sequence packet ,10255,10358
18.7581,Received an expired out of sequence packet ,10256,10358
18.7581,Received an expired out of sequence packet ,10257,10358
18.7581,Received an expired out of sequence packet ,10258,10358
18.7662,Received an expired out of sequence packet ,10259,10358
18.7662,Received an expired out of sequence packet ,10260,10358
18.7684,Received an expired out of sequence packet ,10261,10358
18.7684,Received an expired out of sequence packet ,10262,10358
18.7684,Received an expired out of sequence packet ,10263,10358
18.7684,Received an expired out of sequence packet ,10264,10358
18.7684,Received an expired out of sequence packet ,10265,10358
18.7684,Received an expired out of sequence packet ,10266,10358
18.7684,Received an expired out of sequence packet ,10267,10358
18.7684,Received an expired out of sequence packet ,10268,10358
18.8111,Received an expired out of sequence packet ,10269,10358
18.8111,Received an expired out of sequence packet ,10270,10358
18.8111,Received an expired out of sequence packet ,10271,10358
18.8111,Received an expired out of sequence packet ,10272,10358
18.8111,Received an expired out of sequence packet ,10273,10358
18.8111,Received an expired out of sequence packet ,10274,10358
18.8112,Received an expired out of sequence packet ,10275,10358
18.898,Received an expired out of sequence packet ,10276,10358
18.898,Received an expired out of sequence packet ,10277,10358
18.898,Received an expired out of sequence packet ,10278,10358
18.898,Received an expired out of sequence packet ,10279,10358
18.9031,Received an expired out of sequence packet ,10280,10358
18.9031,Received an expired out of sequence packet ,10281,10358
18.9031,Received an expired out of sequence packet ,10282,10358
18.9031,Received an expired out of sequence packet ,10283,10358
18.9042,Received an expired out of sequence packet ,10284,10358
18.9042,Received an expired out of sequence packet ,10285,10358
18.9042,Received an expired out of sequence packet ,10286,10358
18.9042,Received an expired out of sequence packet ,10287,10358
18.9042,Received an expired out of sequence packet ,10288,10358
18.9042,Received an expired out of sequence packet ,10289,10358
18.9042,Received an expired out of sequence packet ,10290,10358
18.9043,Received an expired out of sequence packet ,10291,10358
18.9043,Received an expired out of sequence packet ,10292,10358
18.9043,Received an expired out of sequence packet ,10293,10358
18.9043,Received an expired out of sequence packet ,10294,10358
18.9043,Received an expired out of sequence packet ,10295,10358
18.9043,Received an expired out of sequence packet ,10296,10358
18.9043,Received an expired out of sequence packet ,10297,10358
18.9043,Received an expired out of sequence packet ,10298,10358
18.9043,Received an expired out of sequence packet ,10299,10358
18.9063,Received an expired out of sequence packet ,10300,10358
18.9063,Received an expired out of sequence packet ,10301,10358
18.9063,Received an expired out of sequence packet ,10302,10358
18.9064,Received an expired out of sequence packet ,10303,10358
18.9064,Received an expired out of sequence packet ,10304,10358
18.9064,Received an expired out of sequence packet ,10305,10358
18.9064,Received an expired out of sequence packet ,10306,10358
18.9064,Received an expired out of sequence packet ,10307,10358
18.9064,Received an expired out of sequence packet ,10308,10358
18.9064,Received an expired out of sequence packet ,10309,10358
18.9064,Received an expired out of sequence packet ,10310,10358
18.9075,Received an expired out of sequence packet ,10311,10358
18.9075,Received an expired out of sequence packet ,10312,10358
18.9075,Received an expired out of sequence packet ,10313,10358
18.9075,Received an expired out of sequence packet ,10314,10358
18.9075,Received an expired out of sequence packet ,10315,10358
18.9075,Received an expired out of sequence packet ,10316,10358
18.9075,Received an expired out of sequence packet ,10317,10358
18.9075,Received an expired out of sequence packet ,10318,10358
18.9086,Received an expired out of sequence packet ,10319,10358
18.9086,Received an expired out of sequence packet ,10320,10358
18.9086,Received an expired out of sequence packet ,10321,10358
18.9086,Received an expired out of sequence packet ,10322,10358
18.9086,Received an expired out of sequence packet ,10323,10358
18.9086,Received an expired out of sequence packet ,10324,10358
18.9086,Received an expired out of sequence packet ,10325,10358
18.9086,Received an expired out of sequence packet ,10326,10358
18.9086,Received an expired out of sequence packet ,10327,10358
18.9086,Received an expired out of sequence packet ,10328,10358
18.9086,Received an expired out of sequence packet ,10329,10358
18.9087,Received an expired out of sequence packet ,10330,10358
18.9087,Received an expired out of sequence packet ,10331,10358
18.9087,Received an expired out of sequence packet ,10332,10358
18.9087,Received an expired out of sequence packet ,10333,10358
18.9087,Received an expired out of sequence packet ,10334,10358
18.9087,Received an expired out of sequence packet ,10335,10358
18.9087,Received an expired out of sequence packet ,10336,10358
18.9087,Received an expired out of sequence packet ,10337,10358
18.9137,Received an expired out of sequence packet ,10338,10358
18.9138,Received an expired out of sequence packet ,10339,10358
18.9138,Received an expired out of sequence packet ,10340,10358
18.9138,Received an expired out of sequence packet ,10341,10358
18.9138,Received an expired out of sequence packet ,10342,10358
18.9138,Received an expired out of sequence packet ,10343,10358
18.9474,Received an expired out of sequence packet ,10344,10358
18.9474,Received an expired out of sequence packet ,10345,10358
18.9474,Received an expired out of sequence packet ,10346,10358
18.9474,Received an expired out of sequence packet ,10347,10358
18.9474,Received an expired out of sequence packet ,10348,10358
18.9474,Received an expired out of sequence packet ,10349,10358
18.9474,Received an expired out of sequence packet ,10350,10358
18.9474,Received an expired out of sequence packet ,10351,10358
18.9474,Received an expired out of sequence packet ,10352,10358
18.9556,Received an expired out of sequence packet ,10353,10358
18.9556,Received an expired out of sequence packet ,10354,10358
18.9556,Received an expired out of sequence packet ,10355,10358
18.9556,Received an expired out of sequence packet ,10356,10358
18.9567,Received an expired out of sequence packet ,10357,10358
156.916,Timeout
156.916,clearing sending list because of timeout
156.916,Received an expired out of sequence packet ,101973,102021
157.916,Received an expired out of sequence packet ,101974,102021
158.916,Timeout
158.916,clearing sending list because of timeout
158.928,Received an expired out of sequence packet ,101975,102024
159.916,Received an expired out of sequence packet ,101976,102024
159.973,Received an expired out of sequence packet ,101977,102024
159.976,Received an expired out of sequence packet ,101978,102024
159.976,Received an expired out of sequence packet ,101979,102024
159.976,Received an expired out of sequence packet ,101980,102024
159.98,Received an expired out of sequence packet ,101981,102024
159.981,Received an expired out of sequence packet ,101982,102024
159.981,Received an expired out of sequence packet ,101983,102024
159.981,Received an expired out of sequence packet ,101984,102024
159.981,Received an expired out of sequence packet ,101985,102024
159.981,Received an expired out of sequence packet ,101986,102024
159.981,Received an expired out of sequence packet ,101987,102024
159.981,Received an expired out of sequence packet ,101988,102024
159.981,Received an expired out of sequence packet ,101989,102024
159.984,Received an expired out of sequence packet ,101990,102024
159.985,Received an expired out of sequence packet ,101991,102024
159.985,Received an expired out of sequence packet ,101992,102024
159.985,Received an expired out of sequence packet ,101993,102024
159.986,Received an expired out of sequence packet ,101994,102024
159.987,Received an expired out of sequence packet ,101995,102024
159.987,Received an expired out of sequence packet ,101996,102024
159.987,Received an expired out of sequence packet ,101997,102024
159.987,Received an expired out of sequence packet ,101998,102024
159.987,Received an expired out of sequence packet ,101999,102024
159.987,Received an expired out of sequence packet ,102000,102024
159.987,Received an expired out of sequence packet ,102001,102024
159.987,Received an expired out of sequence packet ,102002,102024
159.987,Received an expired out of sequence packet ,102003,102024
159.987,Received an expired out of sequence packet ,102004,102024
159.987,Received an expired out of sequence packet ,102005,102024
159.991,Received an expired out of sequence packet ,102006,102024
159.991,Received an expired out of sequence packet ,102007,102024
159.991,Received an expired out of sequence packet ,102008,102024
159.991,Received an expired out of sequence packet ,102009,102024
159.994,Received an expired out of sequence packet ,102010,102024
159.994,Received an expired out of sequence packet ,102011,102024
159.995,Received an expired out of sequence packet ,102012,102024
159.999,Received an expired out of sequence packet ,102013,102024
160.002,Received an expired out of sequence packet ,102014,102024
160.005,Received an expired out of sequence packet ,102015,102024
160.005,Received an expired out of sequence packet ,102016,102024
160.005,Received an expired out of sequence packet ,102017,102024
160.005,Received an expired out of sequence packet ,102018,102024
160.005,Received an expired out of sequence packet ,102019,102024
160.005,Received an expired out of sequence packet ,102020,102024
160.005,Received an expired out of sequence packet ,102021,102024
160.005,Received an expired out of sequence packet ,102022,102024
160.005,Received an expired out of sequence packet ,102023,102024
257.078,Timeout
257.078,clearing sending list because of timeout
257.091,Received an expired out of sequence packet ,151758,151845
258.091,Timeout
258.091,clearing sending list because of timeout
258.093,Received an expired out of sequence packet ,151759,151847
259.089,Received an expired out of sequence packet ,151760,151847
259.976,Received an expired out of sequence packet ,151761,151847
259.978,Received an expired out of sequence packet ,151762,151847
259.981,Received an expired out of sequence packet ,151763,151847
259.988,Received an expired out of sequence packet ,151764,151847
259.989,Received an expired out of sequence packet ,151765,151847
259.989,Received an expired out of sequence packet ,151766,151847
259.989,Received an expired out of sequence packet ,151767,151847
259.994,Received an expired out of sequence packet ,151768,151847
259.995,Received an expired out of sequence packet ,151769,151847
259.998,Received an expired out of sequence packet ,151770,151847
260.001,Received an expired out of sequence packet ,151771,151847
260.005,Received an expired out of sequence packet ,151772,151847
260.007,Received an expired out of sequence packet ,151773,151847
260.01,Received an expired out of sequence packet ,151774,151847
260.013,Received an expired out of sequence packet ,151775,151847
260.023,Received an expired out of sequence packet ,151776,151847
260.031,Received an expired out of sequence packet ,151777,151847
260.031,Received an expired out of sequence packet ,151778,151847
260.031,Received an expired out of sequence packet ,151779,151847
260.031,Received an expired out of sequence packet ,151780,151847
260.036,Received an expired out of sequence packet ,151781,151847
260.036,Received an expired out of sequence packet ,151782,151847
260.036,Received an expired out of sequence packet ,151783,151847
260.04,Received an expired out of sequence packet ,151784,151847
260.045,Received an expired out of sequence packet ,151785,151847
260.045,Received an expired out of sequence packet ,151786,151847
260.046,Received an expired out of sequence packet ,151787,151847
260.046,Received an expired out of sequence packet ,151788,151847
260.046,Received an expired out of sequence packet ,151789,151847
260.055,Received an expired out of sequence packet ,151790,151847
260.056,Received an expired out of sequence packet ,151791,151847
260.057,Received an expired out of sequence packet ,151792,151847
260.065,Received an expired out of sequence packet ,151793,151847
260.065,Received an expired out of sequence packet ,151794,151847
260.065,Received an expired out of sequence packet ,151795,151847
260.076,Received an expired out of sequence packet ,151796,151847
260.076,Received an expired out of sequence packet ,151797,151847
260.076,Received an expired out of sequence packet ,151798,151847
260.076,Received an expired out of sequence packet ,151799,151847
260.078,Received an expired out of sequence packet ,151800,151847
260.08,Received an expired out of sequence packet ,151801,151847
260.089,Received an expired out of sequence packet ,151802,151847
260.09,Received an expired out of sequence packet ,151803,151847
260.09,Received an expired out of sequence packet ,151804,151847
260.094,Received an expired out of sequence packet ,151805,151847
260.094,Received an expired out of sequence packet ,151806,151847
260.097,Received an expired out of sequence packet ,151807,151847
260.102,Received an expired out of sequence packet ,151808,151847
260.105,Received an expired out of sequence packet ,151809,151847
260.114,Received an expired out of sequence packet ,151810,151847
260.124,Received an expired out of sequence packet ,151811,151847
260.124,Received an expired out of sequence packet ,151812,151847
260.125,Received an expired out of sequence packet ,151813,151847
260.13,Received an expired out of sequence packet ,151814,151847
260.147,Received an expired out of sequence packet ,151815,151847
260.153,Received an expired out of sequence packet ,151816,151847
260.153,Received an expired out of sequence packet ,151817,151847
260.153,Received an expired out of sequence packet ,151818,151847
260.153,Received an expired out of sequence packet ,151819,151847
260.16,Received an expired out of sequence packet ,151820,151847
260.177,Received an expired out of sequence packet ,151821,151847
260.18,Received an expired out of sequence packet ,151822,151847
260.18,Received an expired out of sequence packet ,151823,151847
260.18,Received an expired out of sequence packet ,151824,151847
260.191,Received an expired out of sequence packet ,151825,151847
260.197,Received an expired out of sequence packet ,151826,151847
260.198,Received an expired out of sequence packet ,151827,151847
260.198,Received an expired out of sequence packet ,151828,151847
260.201,Received an expired out of sequence packet ,151829,151847
260.207,Received an expired out of sequence packet ,151830,151847
260.21,Received an expired out of sequence packet ,151831,151847
260.214,Received an expired out of sequence packet ,151832,151847
260.219,Received an expired out of sequence packet ,151833,151847
260.223,Received an expired out of sequence packet ,151834,151847
260.25,Received an expired out of sequence packet ,151835,151847
260.253,Received an expired out of sequence packet ,151836,151847
260.253,Received an expired out of sequence packet ,151837,151847
260.253,Received an expired out of sequence packet ,151838,151847
260.253,Received an expired out of sequence packet ,151839,151847
260.257,Received an expired out of sequence packet ,151840,151847
260.267,Received an expired out of sequence packet ,151841,151847
260.27,Received an expired out of sequence packet ,151842,151847
260.275,Received an expired out of sequence packet ,151843,151847
260.285,Received an expired out of sequence packet ,151844,151847
260.285,Received an expired out of sequence packet ,151845,151847
260.289,Received an expired out of sequence packet ,151846,151847
274.712,Timeout
274.712,clearing sending list because of timeout
274.773,Received an expired out of sequence packet ,159403,159523
274.773,Received an expired out of sequence packet ,159404,159523
274.773,Received an expired out of sequence packet ,159405,159523
274.773,Received an expired out of sequence packet ,159406,159523
274.773,Received an expired out of sequence packet ,159407,159523
274.773,Received an expired out of sequence packet ,159408,159523
274.773,Received an expired out of sequence packet ,159409,159523
274.773,Received an expired out of sequence packet ,159410,159523
274.773,Received an expired out of sequence packet ,159411,159523
274.773,Received an expired out of sequence packet ,159412,159523
274.773,Received an expired out of sequence packet ,159413,159523
274.773,Received an expired out of sequence packet ,159414,159523
274.773,Received an expired out of sequence packet ,159415,159523
274.826,Received an expired out of sequence packet ,159416,159523
274.827,Received an expired out of sequence packet ,159417,159523
274.827,Received an expired out of sequence packet ,159418,159523
274.83,Received an expired out of sequence packet ,159419,159523
274.83,Received an expired out of sequence packet ,159420,159523
274.83,Received an expired out of sequence packet ,159421,159523
274.83,Received an expired out of sequence packet ,159422,159523
274.83,Received an expired out of sequence packet ,159423,159523
274.83,Received an expired out of sequence packet ,159424,159523
274.83,Received an expired out of sequence packet ,159425,159523
274.83,Received an expired out of sequence packet ,159426,159523
274.83,Received an expired out of sequence packet ,159427,159523
274.973,Received an expired out of sequence packet ,159428,159523
274.973,Received an expired out of sequence packet ,159429,159523
274.973,Received an expired out of sequence packet ,159430,159523
274.973,Received an expired out of sequence packet ,159431,159523
274.973,Received an expired out of sequence packet ,159432,159523
274.973,Received an expired out of sequence packet ,159433,159523
274.973,Received an expired out of sequence packet ,159434,159523
274.973,Received an expired out of sequence packet ,159435,159523
274.973,Received an expired out of sequence packet ,159436,159523
274.973,Received an expired out of sequence packet ,159437,159523
274.973,Received an expired out of sequence packet ,159438,159523
274.973,Received an expired out of sequence packet 