1.34169,Exit slow start,exceeding SS_EXIT_THRESHOLD
12.3595,Restart,can't map delay on delay curve
13.7873,Exit slow start,exceeding SS_EXIT_THRESHOLD
43.9427,Restart,can't map delay on delay curve
45.3293,Exit slow start,exceeding SS_EXIT_THRESHOLD
159.305,Restart,can't map delay on delay curve
160.642,Exit slow start,exceeding SS_EXIT_THRESHOLD
171.776,Timeout
171.776,clearing sending list because of timeout
172.042,Timeout
172.042,clearing sending list because of timeout
172.309,Timeout
172.309,clearing sending list because of timeout
172.569,Received an expired out of sequence packet ,5665,5700
172.569,Received an expired out of sequence packet ,5666,5700
172.756,Received an expired out of sequence packet ,5667,5700
172.759,Received an expired out of sequence packet ,5668,5700
172.759,Received an expired out of sequence packet ,5669,5700
172.764,Received an expired out of sequence packet ,5670,5700
172.764,Received an expired out of sequence packet ,5671,5700
172.764,Received an expired out of sequence packet ,5672,5700
172.764,Received an expired out of sequence packet ,5673,5700
172.764,Received an expired out of sequence packet ,5674,5700
172.766,Received an expired out of sequence packet ,5675,5700
172.766,Received an expired out of sequence packet ,5676,5700
172.766,Received an expired out of sequence packet ,5677,5700
172.766,Received an expired out of sequence packet ,5678,5700
172.774,Received an expired out of sequence packet ,5679,5700
172.774,Received an expired out of sequence packet ,5680,5700
172.774,Received an expired out of sequence packet ,5681,5700
172.774,Received an expired out of sequence packet ,5682,5700
172.782,Received an expired out of sequence packet ,5683,5700
172.786,Received an expired out of sequence packet ,5684,5700
172.786,Received an expired out of sequence packet ,5685,5700
172.786,Received an expired out of sequence packet ,5686,5700
172.789,Received an expired out of sequence packet ,5687,5700
172.789,Received an expired out of sequence packet ,5688,5700
172.789,Received an expired out of sequence packet ,5689,5700
172.789,Received an expired out of sequence packet ,5690,5700
172.789,Received an expired out of sequence packet ,5691,5700
172.789,Received an expired out of sequence packet ,5692,5700
172.789,Received an expired out of sequence packet ,5693,5700
172.858,Received an expired out of sequence packet ,5694,5700
172.858,Received an expired out of sequence packet ,5695,5700
172.858,Received an expired out of sequence packet ,5696,5700
172.86,Received an expired out of sequence packet ,5697,5700
172.863,Received an expired out of sequence packet ,5698,5700
172.866,Received an expired out of sequence packet ,5699,5700
178.179,Timeout
178.179,clearing sending list because of timeout
178.187,Received an expired out of sequence packet ,8182,8283
178.187,Received an expired out of sequence packet ,8183,8283
178.187,Received an expired out of sequence packet ,8184,8283
178.187,Received an expired out of sequence packet ,8185,8283
178.189,Received an expired out of sequence packet ,8186,8283
178.19,Received an expired out of sequence packet ,8187,8283
178.19,Received an expired out of sequence packet ,8188,8283
178.19,Received an expired out of sequence packet ,8189,8283
178.19,Received an expired out of sequence packet ,8190,8283
178.19,Received an expired out of sequence packet ,8191,8283
178.19,Received an expired out of sequence packet ,8192,8283
178.19,Received an expired out of sequence packet ,8193,8283
178.19,Received an expired out of sequence packet ,8194,8283
178.19,Received an expired out of sequence packet ,8195,8283
178.19,Received an expired out of sequence packet ,8196,8283
178.192,Received an expired out of sequence packet ,8197,8283
178.192,Received an expired out of sequence packet ,8198,8283
178.192,Received an expired out of sequence packet ,8199,8283
178.192,Received an expired out of sequence packet ,8200,8283
178.192,Received an expired out of sequence packet ,8201,8283
178.192,Received an expired out of sequence packet ,8202,8283
178.192,Received an expired out of sequence packet ,8203,8283
178.192,Received an expired out of sequence packet ,8204,8283
178.192,Received an expired out of sequence packet ,8205,8283
178.192,Received an expired out of sequence packet ,8206,8283
178.192,Received an expired out of sequence packet ,8207,8283
178.197,Received an expired out of sequence packet ,8208,8283
178.197,Received an expired out of sequence packet ,8209,8283
178.197,Received an expired out of sequence packet ,8210,8283
178.197,Received an expired out of sequence packet ,8211,8283
178.197,Received an expired out of sequence packet ,8212,8283
178.197,Received an expired out of sequence packet ,8213,8283
178.197,Received an expired out of sequence packet ,8214,8283
178.198,Received an expired out of sequence packet ,8215,8283
178.198,Received an expired out of sequence packet ,8216,8283
178.198,Received an expired out of sequence packet ,8217,8283
178.198,Received an expired out of sequence packet ,8218,8283
178.198,Received an expired out of sequence packet ,8219,8283
178.198,Received an expired out of sequence packet ,8220,8283
178.198,Received an expired out of sequence packet ,8221,8283
178.198,Received an expired out of sequence packet ,8222,8283
178.198,Received an expired out of sequence packet ,8223,8283
178.213,Received an expired out of sequence packet ,8224,8283
178.213,Received an expired out of sequence packet ,8225,8283
178.213,Received an expired out of sequence packet ,8226,8283
178.213,Received an expired out of sequence packet ,8227,8283
178.213,Received an expired out of sequence packet ,8228,8283
178.213,Received an expired out of sequence packet ,8229,8283
178.213,Received an expired out of sequence packet ,8230,8283
178.213,Received an expired out of sequence packet ,8231,8283
178.213,Received an expired out of sequence packet ,8232,8283
178.213,Received an expired out of sequence packet ,8233,8283
178.213,Received an expired out of sequence packet ,8234,8283
178.213,Received an expired out of sequence packet ,8235,8283
178.213,Received an expired out of sequence packet ,8236,8283
178.213,Received an expired out of sequence packet ,8237,8283
178.216,Received an expired out of sequence packet ,8238,8283
178.216,Received an expired out of sequence packet ,8239,8283
178.216,Received an expired out of sequence packet ,8240,8283
178.216,Received an expired out of sequence packet ,8241,8283
178.216,Received an expired out of sequence packet ,8242,8283
178.216,Received an expired out of sequence packet ,8243,8283
178.22,Received an expired out of sequence packet ,8244,8283
178.22,Received an expired out of sequence packet ,8245,8283
178.22,Received an expired out of sequence packet ,8246,8283
178.22,Received an expired out of sequence packet ,8247,8283
178.22,Received an expired out of sequence packet ,8248,8283
178.22,Received an expired out of sequence packet ,8249,8283
178.22,Received an expired out of sequence packet ,8250,8283
178.22,Received an expired out of sequence packet ,8251,8283
178.22,Received an expired out of sequence packet ,8252,8283
178.22,Received an expired out of sequence packet ,8253,8283
178.22,Received an expired out of sequence packet ,8254,8283
178.22,Received an expired out of sequence packet ,8255,8283
178.22,Received an expired out of sequence packet ,8256,8283
178.22,Received an expired out of sequence packet ,8257,8283
178.22,Received an expired out of sequence packet ,8258,8283
178.221,Received an expired out of sequence packet ,8259,8283
178.382,Received an expired out of sequence packet ,8260,8283
178.382,Received an expired out of sequence packet ,8261,8283
178.382,Received an expired out of sequence packet ,8262,8283
178.392,Received an expired out of sequence packet ,8263,8283
178.392,Received an expired out of sequence packet ,8264,8283
178.392,Received an expired out of sequence packet ,8265,8283
178.392,Received an expired out of sequence packet ,8266,8283
178.392,Received an expired out of sequence packet ,8267,8283
178.392,Received an expired out of sequence packet ,8268,8283
178.395,Received an expired out of sequence packet ,8269,8283
178.395,Received an expired out of sequence packet ,8270,8283
178.395,Received an expired out of sequence packet ,8271,8283
178.395,Received an expired out of sequence packet ,8272,8283
178.395,Received an expired out of sequence packet ,8273,8283
178.395,Received an expired out of sequence packet ,8274,8283
178.395,Received an expired out of sequence packet ,8275,8283
178.397,Received an expired out of sequence packet ,8276,8283
178.397,Received an expired out of sequence packet ,8277,8283
178.397,Received an expired out of sequence packet ,8278,8283
178.397,Received an expired out of sequence packet ,8279,8283
178.397,Received an expired out of sequence packet ,8280,8283
178.397,Received an expired out of sequence packet ,8281,8283
178.397,Received an expired out of sequence packet ,8282,8283
187.683,Restart,can't map delay on delay curve
189.198,Exit slow start,exceeding SS_EXIT_THRESHOLD
197.413,Timeout
197.413,clearing sending list because of timeout
197.537,Received an expired out of sequence packet ,4863,5541
197.555,Received an expired out of sequence packet ,4864,5541
197.581,Received an expired out of sequence packet ,4865,5541
197.599,Received an expired out of sequence packet ,4866,5541
197.607,Received an expired out of sequence packet ,4867,5541
197.618,Received an expired out of sequence packet ,4868,5541
197.633,Received an expired out of sequence packet ,4869,5541
197.642,Received an expired out of sequence packet ,4870,5541
197.658,Received an expired out of sequence packet ,4871,5541
197.672,Received an expired out of sequence packet ,4872,5541
197.68,Received an expired out of sequence packet ,4873,5541
197.697,Received an expired out of sequence packet ,4874,5541
197.705,Received an expired out of sequence packet ,4875,5541
197.72,Received an expired out of sequence packet ,4876,5541
197.738,Received an expired out of sequence packet ,4877,5541
197.743,Received an expired out of sequence packet ,4878,5541
197.754,Received an expired out of sequence packet ,4879,5541
197.774,Received an expired out of sequence packet ,4880,5541
197.789,Received an expired out of sequence packet ,4881,5541
197.799,Received an expired out of sequence packet ,4882,5541
197.817,Received an expired out of sequence packet ,4883,5541
197.833,Received an expired out of sequence packet ,4884,5541
197.847,Received an expired out of sequence packet ,4885,5541
197.859,Received an expired out of sequence packet ,4886,5541
197.892,Received an expired out of sequence packet ,4887,5541
197.918,Received an expired out of sequence packet ,4888,5541
197.932,Received an expired out of sequence packet ,4889,5541
197.961,Received an expired out of sequence packet ,4890,5541
197.978,Received an expired out of sequence packet ,4891,5541
198.002,Received an expired out of sequence packet ,4892,5541
198.022,Received an expired out of sequence packet ,4893,5541
198.051,Received an expired out of sequence packet ,4894,5541
198.072,Received an expired out of sequence packet ,4895,5541
198.098,Received an expired out of sequence packet ,4896,5541
198.12,Received an expired out of sequence packet ,4897,5541
198.14,Received an expired out of sequence packet ,4898,5541
198.174,Received an expired out of sequence packet ,4899,5541
198.205,Received an expired out of sequence packet ,4900,5541
198.213,Received an expired out of sequence packet ,4901,5541
198.236,Received an expired out of sequence packet ,4902,5541
198.256,Received an expired out of sequence packet ,4903,5541
198.275,Received an expired out of sequence packet ,4904,5541
198.295,Received an expired out of sequence packet ,4905,5541
198.314,Received an expired out of sequence packet ,4906,5541
198.332,Received an expired out of sequence packet ,4907,5541
198.344,Received an expired out of sequence packet ,4908,5541
198.353,Received an expired out of sequence packet ,4909,5541
198.369,Received an expired out of sequence packet ,4910,5541
198.379,Received an expired out of sequence packet ,4911,5541
198.391,Received an expired out of sequence packet ,4912,5541
198.406,Received an expired out of sequence packet ,4913,5541
198.419,Received an expired out of sequence packet ,4914,5541
198.439,Received an expired out of sequence packet ,4915,5541
198.449,Received an expired out of sequence packet ,4916,5541
198.472,Received an expired out of sequence packet ,4917,5541
198.499,Received an expired out of sequence packet ,4918,5541
198.514,Received an expired out of sequence packet ,4919,5541
198.537,Received an expired out of sequence packet ,4920,5541
198.537,Received an expired out of sequence packet ,4921,5541
198.552,Received an expired out of sequence packet ,4922,5541
198.564,Received an expired out of sequence packet ,4923,5541
198.587,Received an expired out of sequence packet ,4924,5541
198.598,Received an expired out of sequence packet ,4925,5541
198.613,Received an expired out of sequence packet ,4926,5541
198.63,Received an expired out of sequence packet ,4927,5541
198.658,Received an expired out of sequence packet ,4928,5541
198.673,Received an expired out of sequence packet ,4929,5541
198.699,Received an expired out of sequence packet ,4930,5541
198.709,Received an expired out of sequence packet ,4931,5541
198.73,Received an expired out of sequence packet ,4932,5541
198.742,Received an expired out of sequence packet ,4933,5541
198.755,Received an expired out of sequence packet ,4934,5541
198.767,Received an expired out of sequence packet ,4935,5541
198.772,Received an expired out of sequence packet ,4936,5541
198.779,Received an expired out of sequence packet ,4937,5541
198.79,Received an expired out of sequence packet ,4938,5541
198.796,Received an expired out of sequence packet ,4939,5541
198.804,Received an expired out of sequence packet ,4940,5541
198.817,Received an expired out of sequence packet ,4941,5541
198.825,Received an expired out of sequence packet ,4942,5541
198.837,Received an expired out of sequence packet ,4943,5541
198.845,Received an expired out of sequence packet ,4944,5541
198.859,Received an expired out of sequence packet ,4945,5541
198.865,Received an expired out of sequence packet ,4946,5541
198.878,Received an expired out of sequence packet ,4947,5541
198.895,Received an expired out of sequence packet ,4948,5541
198.913,Received an expired out of sequence packet ,4949,5541
198.924,Received an expired out of sequence packet ,4950,5541
198.959,Received an expired out of sequence packet ,4951,5541
198.974,Received an expired out of sequence packet ,4952,5541
198.99,Received an expired out of sequence packet ,4953,5541
199.01,Received an expired out of sequence packet ,4954,5541
199.03,Received an expired out of sequence packet ,4955,5541
199.045,Received an expired out of sequence packet ,4956,5541
199.055,Received an expired out of sequence packet ,4957,5541
199.069,Received an expired out of sequence packet ,4958,5541
199.085,Received an expired out of sequence packet ,4959,5541
199.099,Received an expired out of sequence packet ,4960,5541
199.116,Received an expired out of sequence packet ,4961,5541
199.127,Received an expired out of sequence packet ,4962,5541
199.145,Received an expired out of sequence packet ,4963,5541
199.157,Received an expired out of sequence packet ,4964,5541
199.178,Received an expired out of sequence packet ,4965,5541
199.187,Received an expired out of sequence packet ,4966,5541
199.208,Received an expired out of sequence packet ,4967,5541
199.215,Received an expired out of sequence packet ,4968,5541
199.241,Received an expired out of sequence packet ,4969,5541
199.255,Received an expired out of sequence packet ,4970,5541
199.279,Received an expired out of sequence packet ,4971,5541
199.295,Received an expired out of sequence packet ,4972,5541
199.317,Received an expired out of sequence packet ,4973,5541
199.33,Received an expired out of sequence packet ,4974,5541
199.348,Received an expired out of sequence packet ,4975,5541
199.371,Received an expired out of sequence packet ,4976,5541
199.408,Received an expired out of sequence packet ,4977,5541
199.423,Received an expired out of sequence packet ,4978,5541
199.45,Received an expired out of sequence packet ,4979,5541
199.484,Received an expired out of sequence packet ,4980,5541
199.509,Received an expired out of sequence packet ,4981,5541
199.533,Received an expired out of sequence packet ,4982,5541
199.553,Received an expired out of sequence packet ,4983,5541
199.566,Received an expired out of sequence packet ,4984,5541
199.583,Received an expired out of sequence packet ,4985,5541
199.597,Received an expired out of sequence packet ,4986,5541
199.612,Received an expired out of sequence packet ,4987,5541
199.626,Received an expired out of sequence packet ,4988,5541
199.626,Received an expired out of sequence packet ,4989,5541
199.646,Received an expired out of sequence packet ,4990,5541
199.654,Received an expired out of sequence packet ,4991,5541
199.667,Received an expired out of sequence packet ,4992,5541
199.676,Received an expired out of sequence packet ,4993,5541
199.687,Received an expired out of sequence packet ,4994,5541
199.703,Received an expired out of sequence packet ,4995,5541
199.706,Received an expired out of sequence packet ,4996,5541
199.714,Received an expired out of sequence packet ,4997,5541
199.729,Received an expired out of sequence packet ,4998,5541
199.745,Received an expired out of sequence packet ,4999,5541
199.758,Received an expired out of sequence packet ,5000,5541
199.776,Received an expired out of sequence packet ,5001,5541
199.788,Received an expired out of sequence packet ,5002,5541
199.805,Received an expired out of sequence packet ,5003,5541
199.813,Received an expired out of sequence packet ,5004,5541
199.833,Received an expired out of sequence packet ,5005,5541
199.855,Received an expired out of sequence packet ,5006,5541
199.875,Received an expired out of sequence packet ,5007,5541
199.902,Received an expired out of sequence packet ,5008,5541
199.921,Received an expired out of sequence packet ,5009,5541
199.926,Received an expired out of sequence packet ,5010,5541
199.945,Received an expired out of sequence packet ,5011,5541
199.954,Received an expired out of sequence packet ,5012,5541
199.969,Received an expired out of sequence packet ,5013,5541
199.985,Received an expired out of sequence packet ,5014,5541
199.999,Received an expired out of sequence packet ,5015,5541
200.012,Received an expired out of sequence packet ,5016,5541
200.015,Received an expired out of sequence packet ,5017,5541
200.025,Received an expired out of sequence packet ,5018,5541
200.04,Received an expired out of sequence packet ,5019,5541
200.048,Received an expired out of sequence packet ,5020,5541
200.071,Received an expired out of sequence packet ,5021,5541
200.083,Received an expired out of sequence packet ,5022,5541
200.088,Received an expired out of sequence packet ,5023,5541
200.108,Received an expired out of sequence packet ,5024,5541
200.125,Received an expired out of sequence packet ,5025,5541
200.134,Received an expired out of sequence packet ,5026,5541
200.167,Received an expired out of sequence packet ,5027,5541
200.172,Received an expired out of sequence packet ,5028,5541
200.181,Received an expired out of sequence packet ,5029,5541
200.181,Received an expired out of sequence packet ,5030,5541
200.189,Received an expired out of sequence packet ,5031,5541
200.208,Received an expired out of sequence packet ,5032,5541
200.219,Received an expired out of sequence packet ,5033,5541
200.235,Received an expired out of sequence packet ,5034,5541
200.248,Received an expired out of sequence packet ,5035,5541
200.258,Received an expired out of sequence packet ,5036,5541
200.274,Received an expired out of sequence packet ,5037,5541
200.283,Received an expired out of sequence packet ,5038,5541
200.298,Received an expired out of sequence packet ,5039,5541
200.317,Received an expired out of sequence packet ,5040,5541
200.32,Received an expired out of sequence packet ,5041,5541
200.339,Received an expired out of sequence packet ,5042,5541
200.354,Received an expired out of sequence packet ,5043,5541
200.366,Received an expired out of sequence packet ,5044,5541
200.379,Received an expired out of sequence packet ,5045,5541
200.385,Received an expired out of sequence packet ,5046,5541
200.405,Received an expired out of sequence packet ,5047,5541
200.419,Received an expired out of sequence packet ,5048,5541
200.427,Received an expired out of sequence packet ,5049,5541
200.446,Received an expired out of sequence packet ,5050,5541
200.452,Received an expired out of sequence packet ,5051,5541
200.462,Received an expired out of sequence packet ,5052,5541
200.481,Received an expired out of sequence packet ,5053,5541
200.501,Received an expired out of sequence packet ,5054,5541
200.506,Received an expired out of sequence packet ,5055,5541
200.52,Received an expired out of sequence packet ,5056,5541
200.529,Received an expired out of sequence packet ,5057,5541
200.529,Received an expired out of sequence packet ,5058,5541
200.54,Received an expired out of sequence packet ,5059,5541
200.554,Received an expired out of sequence packet ,5060,5541
200.572,Received an expired out of sequence packet ,5061,5541
200.585,Received an expired out of sequence packet ,5062,5541
200.592,Received an expired out of sequence packet ,5063,5541
200.615,Received an expired out of sequence packet ,5064,5541
200.647,Received an expired out of sequence packet ,5065,5541
200.66,Received an expired out of sequence packet ,5066,5541
200.66,Received an expired out of sequence packet ,5067,5541
200.675,Received an expired out of sequence packet ,5068,5541
200.675,Received an expired out of sequence packet ,5069,5541
200.675,Received an expired out of sequence packet ,5070,5541
200.675,Received an expired out of sequence packet ,5071,5541
200.675,Received an expired out of sequence packet ,5072,5541
200.689,Received an expired out of sequence packet ,5073,5541
200.695,Received an expired out of sequence packet ,5074,5541
200.695,Received an expired out of sequence packet ,5075,5541
200.704,Received an expired out of sequence packet ,5076,5541
200.704,Received an expired out of sequence packet ,5077,5541
200.724,Received an expired out of sequence packet ,5078,5541
200.727,Received an expired out of sequence packet ,5079,5541
200.733,Received an expired out of sequence packet ,5080,5541
200.745,Received an expired out of sequence packet ,5081,5541
200.749,Received an expired out of sequence packet ,5082,5541
200.749,Received an expired out of sequence packet ,5083,5541
200.755,Received an expired out of sequence packet ,5084,5541
200.767,Received an expired out of sequence packet ,5085,5541
200.771,Received an expired out of sequence packet ,5086,5541
200.777,Received an expired out of sequence packet ,5087,5541
200.779,Received an expired out of sequence packet ,5088,5541
200.801,Received an expired out of sequence packet ,5089,5541
200.803,Received an expired out of sequence packet ,5090,5541
200.811,Received an expired out of sequence packet ,5091,5541
200.819,Received an expired out of sequence packet ,5092,5541
200.819,Received an expired out of sequence packet ,5093,5541
200.835,Received an expired out of sequence packet ,5094,5541
200.841,Received an expired out of sequence packet ,5095,5541
200.844,Received an expired out of sequence packet ,5096,5541
200.851,Received an expired out of sequence packet ,5097,5541
200.859,Received an expired out of sequence packet ,5098,5541
200.877,Received an expired out of sequence packet ,5099,5541
200.972,Received an expired out of sequence packet ,5100,5541
200.972,Received an expired out of sequence packet ,5101,5541
200.976,Received an expired out of sequence packet ,5102,5541
200.986,Received an expired out of sequence packet ,5103,5541
200.996,Received an expired out of sequence packet ,5104,5541
201.002,Received an expired out of sequence packet ,5105,5541
201.017,Received an expired out of sequence packet ,5106,5541
201.035,Received an expired out of sequence packet ,5107,5541
201.046,Received an expired out of sequence packet ,5108,5541
201.054,Received an expired out of sequence packet ,5109,5541
201.054,Received an expired out of sequence packet ,5110,5541
201.068,Received an expired out of sequence packet ,5111,5541
201.078,Received an expired out of sequence packet ,5112,5541
201.083,Received an expired out of sequence packet ,5113,5541
201.1,Received an expired out of sequence packet ,5114,5541
201.107,Received an expired out of sequence packet ,5115,5541
201.107,Received an expired out of sequence packet ,5116,5541
201.107,Received an expired out of sequence packet ,5117,5541
201.113,Received an expired out of sequence packet ,5118,5541
201.131,Received an expired out of sequence packet ,5119,5541
201.137,Received an expired out of sequence packet ,5120,5541
201.137,Received an expired out of sequence packet ,5121,5541
201.141,Received an expired out of sequence packet ,5122,5541
201.15,Received an expired out of sequence packet ,5123,5541
201.155,Received an expired out of sequence packet ,5124,5541
201.158,Received an expired out of sequence packet ,5125,5541
201.158,Received an expired out of sequence packet ,5126,5541
201.163,Received an expired out of sequence packet ,5127,5541
201.165,Received an expired out of sequence packet ,5128,5541
201.18,Received an expired out of sequence packet ,5129,5541
201.184,Received an expired out of sequence packet ,5130,5541
201.188,Received an expired out of sequence packet ,5131,5541
201.188,Received an expired out of sequence packet ,5132,5541
201.205,Received an expired out of sequence packet ,5133,5541
201.219,Received an expired out of sequence packet ,5134,5541
201.219,Received an expired out of sequence packet ,5135,5541
201.221,Received an expired out of sequence packet ,5136,5541
201.221,Received an expired out of sequence packet ,5137,5541
201.234,Received an expired out of sequence packet ,5138,5541
201.243,Received an expired out of sequence packet ,5139,5541
201.243,Received an expired out of sequence packet ,5140,5541
201.26,Received an expired out of sequence packet ,5141,5541
201.26,Received an expired out of sequence packet ,5142,5541
201.263,Received an expired out of sequence packet ,5143,5541
201.263,Received an expired out of sequence packet ,5144,5541
201.269,Received an expired out of sequence packet ,5145,5541
201.271,Received an expired out of sequence packet ,5146,5541
201.276,Received an expired out of sequence packet ,5147,5541
201.283,Received an expired out of sequence packet ,5148,5541
201.286,Received an expired out of sequence packet ,5149,5541
201.291,Received an expired out of sequence packet ,5150,5541
201.295,Received an expired out of sequence packet ,5151,5541
201.308,Received an expired out of sequence packet ,5152,5541
201.318,Received an expired out of sequence packet ,5153,5541
201.318,Received an expired out of sequence packet ,5154,5541
201.326,Received an expired out of sequence packet ,5155,5541
201.334,Received an expired out of sequence packet ,5156,5541
201.34,Received an expired out of sequence packet ,5157,5541
201.346,Received an expired out of sequence packet ,5158,5541
201.355,Received an expired out of sequence packet ,5159,5541
201.377,Received an expired out of sequence packet ,5160,5541
201.386,Received an expired out of sequence packet ,5161,5541
201.386,Received an expired out of sequence packet ,5162,5541
201.395,Received an expired out of sequence packet ,5163,5541
201.403,Received an expired out of sequence packet ,5164,5541
201.403,Received an expired out of sequence packet ,5165,5541
201.405,Received an expired out of sequence packet ,5166,5541
201.412,Received an expired out of sequence packet ,5167,5541
201.414,Received an expired out of sequence packet ,5168,5541
201.435,Received an expired out of sequence packet ,5169,5541
201.439,Received an expired out of sequence packet ,5170,5541
201.439,Received an expired out of sequence packet ,5171,5541
201.439,Received an expired out of sequence packet ,5172,5541
201.439,Received an expired out of sequence packet ,5173,5541
201.445,Received an expired out of sequence packet ,5174,5541
201.447,Received an expired out of sequence packet ,5175,5541
201.452,Received an expired out of sequence packet ,5176,5541
201.465,Received an expired out of sequence packet ,5177,5541
201.473,Received an expired out of sequence packet ,5178,5541
201.473,Received an expired out of sequence packet ,5179,5541
201.473,Received an expired out of sequence packet ,5180,5541
201.479,Received an expired out of sequence packet ,5181,5541
201.479,Received an expired out of sequence packet ,5182,5541
201.481,Received an expired out of sequence packet ,5183,5541
201.486,Received an expired out of sequence packet ,5184,5541
201.494,Received an expired out of sequence packet ,5185,5541
201.501,Received an expired out of sequence packet ,5186,5541
201.501,Received an expired out of sequence packet ,5187,5541
201.513,Received an expired out of sequence packet ,5188,5541
201.523,Received an expired out of sequence packet ,5189,5541
201.527,Received an expired out of sequence packet ,5190,5541
201.527,Received an expired out of sequence packet ,5191,5541
201.527,Received an expired out of sequence packet ,5192,5541
201.536,Received an expired out of sequence packet ,5193,5541
201.536,Received an expired out of sequence packet ,5194,5541
201.539,Received an expired out of sequence packet ,5195,5541
201.556,Received an expired out of sequence packet ,5196,5541
201.56,Received an expired out of sequence packet ,5197,5541
201.566,Received an expired out of sequence packet ,5198,5541
201.569,Received an expired out of sequence packet ,5199,5541
201.569,Received an expired out of sequence packet ,5200,5541
201.576,Received an expired out of sequence packet ,5201,5541
201.582,Received an expired out of sequence packet ,5202,5541
201.598,Received an expired out of sequence packet ,5203,5541
201.605,Received an expired out of sequence packet ,5204,5541
201.614,Received an expired out of sequence packet ,5205,5541
201.619,Received an expired out of sequence packet ,5206,5541
201.622,Received an expired out of sequence packet ,5207,5541
201.625,Received an expired out of sequence packet ,5208,5541
201.64,Received an expired out of sequence packet ,5209,5541
201.647,Received an expired out of sequence packet ,5210,5541
201.647,Received an expired out of sequence packet ,5211,5541
201.653,Received an expired out of sequence packet ,5212,5541
201.659,Received an expired out of sequence packet ,5213,5541
201.659,Received an expired out of sequence packet ,5214,5541
201.663,Received an expired out of sequence packet ,5215,5541
201.672,Received an expired out of sequence packet ,5216,5541
201.677,Received an expired out of sequence packet ,5217,5541
201.683,Received an expired out of sequence packet ,5218,5541
201.686,Received an expired out of sequence packet ,5219,5541
201.693,Received an expired out of sequence packet ,5220,5541
201.698,Received an expired out of sequence packet ,5221,5541
201.701,Received an expired out of sequence packet ,5222,5541
201.707,Received an expired out of sequence packet ,5223,5541
201.716,Received an expired out of sequence packet ,5224,5541
201.721,Received an expired out of sequence packet ,5225,5541
201.725,Received an expired out of sequence packet ,5226,5541
201.733,Received an expired out of sequence packet ,5227,5541
201.738,Received an expired out of sequence packet ,5228,5541
201.754,Received an expired out of sequence packet ,5229,5541
201.759,Received an expired out of sequence packet ,5230,5541
201.76,Received an expired out of sequence packet ,5231,5541
201.76,Received an expired out of sequence packet ,5232,5541
201.762,Received an expired out of sequence packet ,5233,5541
201.766,Received an expired out of sequence packet ,5234,5541
201.771,Received an expired out of sequence packet ,5235,5541
201.776,Received an expired out of sequence packet ,5236,5541
201.779,Received an expired out of sequence packet ,5237,5541
201.796,Received an expired out of sequence packet ,5238,5541
201.806,Received an expired out of sequence packet ,5239,5541
201.806,Received an expired out of sequence packet ,5240,5541
201.807,Received an expired out of sequence packet ,5241,5541
201.813,Received an expired out of sequence packet ,5242,5541
201.816,Received an expired out of sequence packet ,5243,5541
201.834,Received an expired out of sequence packet ,5244,5541
201.839,Received an expired out of sequence packet ,5245,5541
201.839,Received an expired out of sequence packet ,5246,5541
201.839,Received an expired out of sequence packet ,5247,5541
201.839,Received an expired out of sequence packet ,5248,5541
201.844,Received an expired out of sequence packet ,5249,5541
201.844,Received an expired out of sequence packet ,5250,5541
201.851,Received an expired out of sequence packet ,5251,5541
201.854,Received an expired out of sequence packet ,5252,5541
201.869,Received an expired out of sequence packet ,5253,5541
201.881,Received an expired out of sequence packet ,5254,5541
201.881,Received an expired out of sequence packet ,5255,5541
201.884,Received an expired out of sequence packet ,5256,5541
201.884,Received an expired out of sequence packet ,5257,5541
201.888,Received an expired out of sequence packet ,5258,5541
201.894,Received an expired out of sequence packet ,5259,5541
201.9,Received an expired out of sequence packet ,5260,5541
201.907,Received an expired out of sequence packet ,5261,5541
201.918,Received an expired out of sequence packet ,5262,5541
201.918,Received an expired out of sequence packet ,5263,5541
201.928,Received an expired out of sequence packet ,5264,5541
201.935,Received an expired out of sequence packet ,5265,5541
201.944,Received an expired out of sequence packet ,5266,5541
201.966,Received an expired out of sequence packet ,5267,5541
201.972,Received an expired out of sequence packet ,5268,5541
201.98,Received an expired out of sequence packet ,5269,5541
202,Received an expired out of sequence packet ,5270,5541
202.003,Received an expired out of sequence packet ,5271,5541
202.012,Received an expired out of sequence packet ,5272,5541
202.012,Received an expired out of sequence packet ,5273,5541
202.017,Received an expired out of sequence packet ,5274,5541
202.025,Received an expired out of sequence packet ,5275,5541
202.037,Received an expired out of sequence packet ,5276,5541
202.042,Received an expired out of sequence packet ,5277,5541
202.048,Received an expired out of sequence packet ,5278,5541
202.054,Received an expired out of sequence packet ,5279,5541
202.062,Received an expired out of sequence packet ,5280,5541
202.07,Received an expired out of sequence packet ,5281,5541
202.082,Received an expired out of sequence packet ,5282,5541
202.093,Received an expired out of sequence packet ,5283,5541
202.102,Received an expired out of sequence packet ,5284,5541
202.11,Received an expired out of sequence packet ,5285,5541
202.118,Received an expired out of sequence packet ,5286,5541
202.126,Received an expired out of sequence packet ,5287,5541
202.134,Received an expired out of sequence packet ,5288,5541
202.143,Received an expired out of sequence packet ,5289,5541
202.148,Received an expired out of sequence packet ,5290,5541
202.154,Received an expired out of sequence packet ,5291,5541
202.157,Received an expired out of sequence packet ,5292,5541
202.164,Received an expired out of sequence packet ,5293,5541
202.173,Received an expired out of sequence packet ,5294,5541
202.175,Received an expired out of sequence packet ,5295,5541
202.181,Received an expired out of sequence packet ,5296,5541
202.188,Received an expired out of sequence packet ,5297,5541
202.194,Received an expired out of sequence packet ,5298,5541
202.2,Received an expired out of sequence packet ,5299,5541
202.209,Received an expired out of sequence packet ,5300,5541
202.213,Received an expired out of sequence packet ,5301,5541
202.217,Received an expired out of sequence packet ,5302,5541
202.221,Received an expired out of sequence packet ,5303,5541
202.225,Received an expired out of sequence packet ,5304,5541
202.23,Received an expired out of sequence packet ,5305,5541
202.234,Received an expired out of sequence packet ,5306,5541
202.237,Received an expired out of sequence packet ,5307,5541
202.244,Received an expired out of sequence packet ,5308,5541
202.25,Received an expired out of sequence packet ,5309,5541
202.257,Received an expired out of sequence packet ,5310,5541
202.262,Received an expired out of sequence packet ,5311,5541
202.267,Received an expired out of sequence packet ,5312,5541
202.282,Received an expired out of sequence packet ,5313,5541
202.286,Received an expired out of sequence packet ,5314,5541
202.304,Received an expired out of sequence packet ,5315,5541
202.304,Received an expired out of sequence packet ,5316,5541
202.314,Received an expired out of sequence packet ,5317,5541
202.314,Received an expired out of sequence packet ,5318,5541
202.323,Received an expired out of sequence packet ,5319,5541
202.323,Received an expired out of sequence packet ,5320,5541
202.329,Received an expired out of sequence packet ,5321,5541
202.329,Received an expired out of sequence packet ,5322,5541
202.329,Received an expired out of sequence packet ,5323,5541
202.332,Received an expired out of sequence packet ,5324,5541
202.335,Received an expired out of sequence packet ,5325,5541
202.34,Received an expired out of sequence packet ,5326,5541
202.351,Received an expired out of sequence packet ,5327,5541
202.36,Received an expired out of sequence packet ,5328,5541
202.36,Received an expired out of sequence packet ,5329,5541
202.372,Received an expired out of sequence packet ,5330,5541
202.372,Received an expired out of sequence packet ,5331,5541
202.372,Received an expired out of sequence packet ,5332,5541
202.372,Received an expired out of sequence packet ,5333,5541
202.382,Received an expired out of sequence packet ,5334,5541
202.383,Received an expired out of sequence packet ,5335,5541
202.383,Received an expired out of sequence packet ,5336,5541
202.392,Received an expired out of sequence packet ,5337,5541
202.392,Received an expired out of sequence packet ,5338,5541
202.396,Received an expired out of sequence packet ,5339,5541
202.396,Received an expired out of sequence packet ,5340,5541
202.401,Received an expired out of sequence packet ,5341,5541
202.404,Received an expired out of sequence packet ,5342,5541
202.419,Received an expired out of sequence packet ,5343,5541
202.421,Received an expired out of sequence packet ,5344,5541
202.421,Received an expired out of sequence packet ,5345,5541
202.424,Received an expired out of sequence packet ,5346,5541
202.429,Received an expired out of sequence packet ,5347,5541
202.433,Received an expired out of sequence packet ,5348,5541
202.437,Received an expired out of sequence packet ,5349,5541
202.444,Received an expired out of sequence packet ,5350,5541
202.447,Received an expired out of sequence packet ,5351,5541
202.463,Received an expired out of sequence packet ,5352,5541
202.48,Received an expired out of sequence packet ,5353,5541
202.48,Received an expired out of sequence packet ,5354,5541
202.483,Received an expired out of sequence packet ,5355,5541
202.483,Received an expired out of sequence packet ,5356,5541
202.486,Received an expired out of sequence packet ,5357,5541
202.493,Received an expired out of sequence packet ,5358,5541
202.496,Received an expired out of sequence packet ,5359,5541
202.501,Received an expired out of sequence packet ,5360,5541
202.506,Received an expired out of sequence packet ,5361,5541
202.515,Received an expired out of sequence packet ,5362,5541
202.52,Received an expired out of sequence packet ,5363,5541
202.52,Received an expired out of sequence packet ,5364,5541
202.52,Received an expired out of sequence packet ,5365,5541
202.537,Received an expired out of sequence packet ,5366,5541
202.543,Received an expired out of sequence packet ,5367,5541
202.543,Received an expired out of sequence packet ,5368,5541
202.543,Received an expired out of sequence packet ,5369,5541
202.544,Received an expired out of sequence packet ,5370,5541
202.544,Received an expired out of sequence packet ,5371,5541
202.56,Received an expired out of sequence packet ,5372,5541
202.565,Received an expired out of sequence packet ,5373,5541
202.565,Received an expired out of sequence packet ,5374,5541
202.565,Received an expired out of sequence packet ,5375,5541
202.565,Received an expired out of sequence packet ,5376,5541
202.568,Received an expired out of sequence packet ,5377,5541
202.572,Received an expired out of sequence packet ,5378,5541
202.574,Received an expired out of sequence packet ,5379,5541
202.578,Received an expired out of sequence packet ,5380,5541
202.579,Received an expired out of sequence packet ,5381,5541
202.582,Received an expired out of sequence packet ,5382,5541
202.585,Received an expired out of sequence packet ,5383,5541
202.588,Received an expired out of sequence packet ,5384,5541
202.595,Received an expired out of sequence packet ,5385,5541
202.614,Received an expired out of sequence packet ,5386,5541
202.614,Received an expired out of sequence packet ,5387,5541
202.617,Received an expired out of sequence packet ,5388,5541
202.617,Received an expired out of sequence packet ,5389,5541
202.617,Received an expired out of sequence packet ,5390,5541
202.617,Received an expired out of sequence packet ,5391,5541
202.622,Received an expired out of sequence packet ,5392,5541
202.627,Received an expired out of sequence packet ,5393,5541
202.636,Received an expired out of sequence packet ,5394,5541
202.642,Received an expired out of sequence packet ,5395,5541
202.642,Received an expired out of sequence packet ,5396,5541
202.642,Received an expired out of sequence packet ,5397,5541
202.649,Received an expired out of sequence packet ,5398,5541
202.649,Received an expired out of sequence packet ,5399,5541
202.649,Received an expired out of sequence packet ,5400,5541
202.653,Received an expired out of sequence packet ,5401,5541
202.658,Received an expired out of sequence packet ,5402,5541
202.66,Received an expired out of sequence packet ,5403,5541
202.664,Received an expired out of sequence packet ,5404,5541
202.68,Received an expired out of sequence packet ,5405,5541
202.682,Received an expired out of sequence packet ,5406,5541
202.682,Received an expired out of sequence packet ,5407,5541
202.682,Received an expired out of sequence packet ,5408,5541
202.687,Received an expired out of sequence packet ,5409,5541
202.69,Received an expired out of sequence packet ,5410,5541
202.698,Received an expired out of sequence packet ,5411,5541
202.705,Received an expired out of sequence packet ,5412,5541
202.713,Received an expired out of sequence packet ,5413,5541
202.718,Received an expired out of sequence packet ,5414,5541
202.718,Received an expired out of sequence packet ,5415,5541
202.721,Received an expired out of sequence packet ,5416,5541
202.736,Received an expired out of sequence packet ,5417,5541
202.74,Received an expired out of sequence packet ,5418,5541
202.742,Received an expired out of sequence packet ,5419,5541
202.745,Received an expired out of sequence packet ,5420,5541
202.756,Received an expired out of sequence packet ,5421,5541
202.768,Received an expired out of sequence packet ,5422,5541
202.779,Received an expired out of sequence packet ,5423,5541
202.787,Received an expired out of sequence packet ,5424,5541
202.787,Received an expired out of sequence packet ,5425,5541
202.796,Received an expired out of sequence packet ,5426,5541
202.811,Received an expired out of sequence packet ,5427,5541
202.819,Received an expired out of sequence packet ,5428,5541
202.819,Received an expired out of sequence packet ,5429,5541
202.821,Received an expired out of sequence packet ,5430,5541
202.821,Received an expired out of sequence packet ,5431,5541
202.828,Received an expired out of sequence packet ,5432,5541
202.835,Received an expired out of sequence packet ,5433,5541
202.841,Received an expired out of sequence packet ,5434,5541
202.846,Received an expired out of sequence packet ,5435,5541
202.849,Received an expired out of sequence packet ,5436,5541
202.855,Received an expired out of sequence packet ,5437,5541
202.861,Received an expired out of sequence packet ,5438,5541
202.864,Received an expired out of sequence packet ,5439,5541
202.87,Received an expired out of sequence packet ,5440,5541
202.884,Received an expired out of sequence packet ,5441,5541
202.89,Received an expired out of sequence packet ,5442,5541
202.89,Received an expired out of sequence packet ,5443,5541
202.89,Received an expired out of sequence packet ,5444,5541
202.893,Received an expired out of sequence packet ,5445,5541
202.897,Received an expired out of sequence packet ,5446,5541
202.915,Received an expired out of sequence packet ,5447,5541
202.918,Received an expired out of sequence packet ,5448,5541
202.918,Received an expired out of sequence packet ,5449,5541
202.918,Received an expired out of sequence packet ,5450,5541
202.926,Received an expired out of sequence packet ,5451,5541
202.926,Received an expired out of sequence packet ,5452,5541
202.929,Received an expired out of sequence packet ,5453,5541
203.035,Received an expired out of sequence packet ,5454,5541
203.035,Received an expired out of sequence packet ,5455,5541
203.043,Received an expired out of sequence packet ,5456,5541
203.045,Received an expired out of sequence packet ,5457,5541
203.045,Received an expired out of sequence packet ,5458,5541
203.045,Received an expired out of sequence packet ,5459,5541
203.045,Received an expired out of sequence packet ,5460,5541
203.045,Received an expired out of sequence packet ,5461,5541
203.045,Received an expired out of sequence packet ,5462,5541
203.045,Received an expired out of sequence packet ,5463,5541
203.047,Received an expired out of sequence packet ,5464,5541
203.047,Received an expired out of sequence packet ,5465,5541
203.047,Received an expired out of sequence packet ,5466,5541
203.047,Received an expired out of sequence packet ,5467,5541
203.047,Received an expired out of sequence packet ,5468,5541
203.047,Received an expired out of sequence packet ,5469,5541
203.054,Received an expired out of sequence packet ,5470,5541
203.054,Received an expired out of sequence packet ,5471,5541
203.054,Received an expired out of sequence packet ,5472,5541
203.059,Received an expired out of sequence packet ,5473,5541
203.059,Received an expired out of sequence packet ,5474,5541
203.067,Received an expired out of sequence packet ,5475,5541
203.074,Received an expired out of sequence packet ,5476,5541
203.078,Received an expired out of sequence packet ,5477,5541
203.082,Received an expired out of sequence packet ,5478,5541
203.089,Received an expired out of sequence packet ,5479,5541
203.091,Received an expired out of sequence packet ,5480,5541
203.095,Received an expired out of sequence packet ,5481,5541
203.102,Received an expired out of sequence packet ,5482,5541
203.104,Received an expired out of sequence packet ,5483,5541
203.124,Received an expired out of sequence packet ,5484,5541
203.125,Received an expired out of sequence packet ,5485,5541
203.125,Received an expired out of sequence packet ,5486,5541
203.128,Received an expired out of sequence packet ,5487,5541
203.133,Received an expired out of sequence packet ,5488,5541
203.139,Received an expired out of sequence packet ,5489,5541
203.142,Received an expired out of sequence packet ,5490,5541
203.153,Received an expired out of sequence packet ,5491,5541
203.161,Received an expired out of sequence packet ,5492,5541
203.178,Received an expired out of sequence packet ,5493,5541
203.18,Received an expired out of sequence packet ,5494,5541
203.182,Received an expired out of sequence packet ,5495,5541
203.189,Received an expired out of sequence packet ,5496,5541
203.202,Received an expired out of sequence packet ,5497,5541
203.205,Received an expired out of sequence packet ,5498,5541
203.211,Received an expired out of sequence packet ,5499,5541
203.211,Received an expired out of sequence packet ,5500,5541
203.214,Received an expired out of sequence packet ,5501,5541
203.225,Received an expired out of sequence packet ,5502,5541
203.239,Received an expired out of sequence packet ,5503,5541
203.239,Received an expired out of sequence packet ,5504,5541
203.243,Received an expired out of sequence packet ,5505,5541
203.244,Received an expired out of sequence packet ,5506,5541
203.249,Received an expired out of sequence packet ,5507,5541
203.257,Received an expired out of sequence packet ,5508,5541
203.268,Received an expired out of sequence packet ,5509,5541
203.268