1.00567,Exit slow start,exceeding SS_EXIT_THRESHOLD
3.57554,Timeout
3.57556,clearing sending list because of timeout
3.58367,Received an expired out of sequence packet ,794,934
4.58366,Timeout
4.58367,clearing sending list because of timeout
4.59768,Received an expired out of sequence packet ,795,950
4.99054,Received an expired out of sequence packet ,796,950
5.0019,Received an expired out of sequence packet ,797,950
5.003,Received an expired out of sequence packet ,798,950
5.00614,Received an expired out of sequence packet ,799,950
5.00616,Received an expired out of sequence packet ,800,950
5.01015,Received an expired out of sequence packet ,801,950
5.01216,Received an expired out of sequence packet ,802,950
5.01838,Received an expired out of sequence packet ,803,950
5.0184,Received an expired out of sequence packet ,804,950
5.02052,Received an expired out of sequence packet ,805,950
5.02265,Received an expired out of sequence packet ,806,950
5.02379,Received an expired out of sequence packet ,807,950
5.02754,Received an expired out of sequence packet ,808,950
5.03255,Received an expired out of sequence packet ,809,950
5.03568,Received an expired out of sequence packet ,810,950
5.0357,Received an expired out of sequence packet ,811,950
5.04582,Received an expired out of sequence packet ,812,950
5.05284,Received an expired out of sequence packet ,813,950
5.06605,Received an expired out of sequence packet ,814,950
5.08081,Received an expired out of sequence packet ,815,950
5.08084,Received an expired out of sequence packet ,816,950
5.08086,Received an expired out of sequence packet ,817,950
5.08716,Received an expired out of sequence packet ,818,950
5.09129,Received an expired out of sequence packet ,819,950
5.09131,Received an expired out of sequence packet ,820,950
5.09342,Received an expired out of sequence packet ,821,950
5.09656,Received an expired out of sequence packet ,822,950
5.09729,Received an expired out of sequence packet ,823,950
5.10456,Received an expired out of sequence packet ,824,950
5.10673,Received an expired out of sequence packet ,825,950
5.10784,Received an expired out of sequence packet ,826,950
5.11786,Received an expired out of sequence packet ,827,950
5.11999,Received an expired out of sequence packet ,828,950
5.12521,Received an expired out of sequence packet ,829,950
5.13331,Received an expired out of sequence packet ,830,950
5.14266,Received an expired out of sequence packet ,831,950
5.14377,Received an expired out of sequence packet ,832,950
5.1477,Received an expired out of sequence packet ,833,950
5.15713,Received an expired out of sequence packet ,834,950
5.16026,Received an expired out of sequence packet ,835,950
5.16747,Received an expired out of sequence packet ,836,950
5.17361,Received an expired out of sequence packet ,837,950
5.1766,Received an expired out of sequence packet ,838,950
5.18175,Received an expired out of sequence packet ,839,950
5.18591,Received an expired out of sequence packet ,840,950
5.19502,Received an expired out of sequence packet ,841,950
5.20014,Received an expired out of sequence packet ,842,950
5.20227,Received an expired out of sequence packet ,843,950
5.22463,Received an expired out of sequence packet ,844,950
5.22562,Received an expired out of sequence packet ,845,950
5.22565,Received an expired out of sequence packet ,846,950
5.23176,Received an expired out of sequence packet ,847,950
5.23178,Received an expired out of sequence packet ,848,950
5.23787,Received an expired out of sequence packet ,849,950
5.24307,Received an expired out of sequence packet ,850,950
5.24517,Received an expired out of sequence packet ,851,950
5.2533,Received an expired out of sequence packet ,852,950
5.25835,Received an expired out of sequence packet ,853,950
5.26551,Received an expired out of sequence packet ,854,950
5.27499,Received an expired out of sequence packet ,855,950
5.28318,Received an expired out of sequence packet ,856,950
5.28731,Received an expired out of sequence packet ,857,950
5.29244,Received an expired out of sequence packet ,858,950
5.29457,Received an expired out of sequence packet ,859,950
5.2977,Received an expired out of sequence packet ,860,950
5.31981,Received an expired out of sequence packet ,861,950
5.32594,Received an expired out of sequence packet ,862,950
5.32596,Received an expired out of sequence packet ,863,950
5.32597,Received an expired out of sequence packet ,864,950
5.33108,Received an expired out of sequence packet ,865,950
5.3311,Received an expired out of sequence packet ,866,950
5.33522,Received an expired out of sequence packet ,867,950
5.35936,Received an expired out of sequence packet ,868,950
5.35937,Received an expired out of sequence packet ,869,950
5.36341,Received an expired out of sequence packet ,870,950
5.36566,Received an expired out of sequence packet ,871,950
5.37186,Received an expired out of sequence packet ,872,950
5.38304,Received an expired out of sequence packet ,873,950
5.38417,Received an expired out of sequence packet ,874,950
5.38512,Received an expired out of sequence packet ,875,950
5.38513,Received an expired out of sequence packet ,876,950
5.40168,Received an expired out of sequence packet ,877,950
5.40574,Received an expired out of sequence packet ,878,950
5.41102,Received an expired out of sequence packet ,879,950
5.41415,Received an expired out of sequence packet ,880,950
5.41416,Received an expired out of sequence packet ,881,950
5.41729,Received an expired out of sequence packet ,882,950
5.41734,Received an expired out of sequence packet ,883,950
5.42515,Received an expired out of sequence packet ,884,950
5.43028,Received an expired out of sequence packet ,885,950
5.44372,Received an expired out of sequence packet ,886,950
5.44592,Received an expired out of sequence packet ,887,950
5.45106,Received an expired out of sequence packet ,888,950
5.45196,Received an expired out of sequence packet ,889,950
5.45504,Received an expired out of sequence packet ,890,950
5.46322,Received an expired out of sequence packet ,891,950
5.47227,Received an expired out of sequence packet ,892,950
5.47953,Received an expired out of sequence packet ,893,950
5.48161,Received an expired out of sequence packet ,894,950
5.4927,Received an expired out of sequence packet ,895,950
5.49577,Received an expired out of sequence packet ,896,950
5.49578,Received an expired out of sequence packet ,897,950
5.507,Received an expired out of sequence packet ,898,950
5.51617,Received an expired out of sequence packet ,899,950
5.52024,Received an expired out of sequence packet ,900,950
5.52026,Received an expired out of sequence packet ,901,950
5.53033,Received an expired out of sequence packet ,902,950
5.55161,Received an expired out of sequence packet ,903,950
5.55164,Received an expired out of sequence packet ,904,950
5.55708,Received an expired out of sequence packet ,905,950
5.5571,Received an expired out of sequence packet ,906,950
5.56621,Received an expired out of sequence packet ,907,950
5.57139,Received an expired out of sequence packet ,908,950
5.57141,Received an expired out of sequence packet ,909,950
5.57247,Received an expired out of sequence packet ,910,950
5.57654,Received an expired out of sequence packet ,911,950
5.58555,Received an expired out of sequence packet ,912,950
5.58976,Received an expired out of sequence packet ,913,950
5.60196,Received an expired out of sequence packet ,914,950
5.60496,Received an expired out of sequence packet ,915,950
5.60498,Received an expired out of sequence packet ,916,950
5.61115,Received an expired out of sequence packet ,917,950
5.61322,Received an expired out of sequence packet ,918,950
5.62567,Received an expired out of sequence packet ,919,950
5.63379,Received an expired out of sequence packet ,920,950
5.63381,Received an expired out of sequence packet ,921,950
5.638,Received an expired out of sequence packet ,922,950
5.63914,Received an expired out of sequence packet ,923,950
5.64727,Received an expired out of sequence packet ,924,950
5.6534,Received an expired out of sequence packet ,925,950
5.70282,Received an expired out of sequence packet ,926,950
5.71945,Received an expired out of sequence packet ,927,950
5.71951,Received an expired out of sequence packet ,928,950
5.71953,Received an expired out of sequence packet ,929,950
5.71954,Received an expired out of sequence packet ,930,950
5.7206,Received an expired out of sequence packet ,931,950
5.72062,Received an expired out of sequence packet ,932,950
5.72173,Received an expired out of sequence packet ,933,950
5.72586,Received an expired out of sequence packet ,934,950
5.73256,Received an expired out of sequence packet ,935,950
5.73378,Received an expired out of sequence packet ,936,950
5.7338,Received an expired out of sequence packet ,937,950
5.73382,Received an expired out of sequence packet ,938,950
5.73593,Received an expired out of sequence packet ,939,950
5.75113,Received an expired out of sequence packet ,940,950
5.75224,Received an expired out of sequence packet ,941,950
5.75924,Received an expired out of sequence packet ,942,950
5.76455,Received an expired out of sequence packet ,943,950
5.77869,Received an expired out of sequence packet ,944,950
5.78082,Received an expired out of sequence packet ,945,950
5.78195,Received an expired out of sequence packet ,946,950
5.80686,Received an expired out of sequence packet ,947,950
5.80688,Received an expired out of sequence packet ,948,950
5.808,Received an expired out of sequence packet ,949,950
23.0232,Restart,can't map delay on delay curve
24.6,Exit slow start,exceeding SS_EXIT_THRESHOLD
29.3472,Timeout
29.3473,clearing sending list because of timeout
29.3875,Received an expired out of sequence packet ,3676,3838
29.3875,Received an expired out of sequence packet ,3677,3838
29.508,Received an expired out of sequence packet ,3678,3838
29.5125,Received an expired out of sequence packet ,3679,3838
29.5125,Received an expired out of sequence packet ,3680,3838
29.5156,Received an expired out of sequence packet ,3681,3838
29.5156,Received an expired out of sequence packet ,3682,3838
29.5198,Received an expired out of sequence packet ,3683,3838
29.5198,Received an expired out of sequence packet ,3684,3838
29.5219,Received an expired out of sequence packet ,3685,3838
29.5219,Received an expired out of sequence packet ,3686,3838
29.525,Received an expired out of sequence packet ,3687,3838
29.5281,Received an expired out of sequence packet ,3688,3838
29.5282,Received an expired out of sequence packet ,3689,3838
29.5282,Received an expired out of sequence packet ,3690,3838
29.5303,Received an expired out of sequence packet ,3691,3838
29.5303,Received an expired out of sequence packet ,3692,3838
29.5314,Received an expired out of sequence packet ,3693,3838
29.5673,Received an expired out of sequence packet ,3694,3838
29.5768,Received an expired out of sequence packet ,3695,3838
29.5768,Received an expired out of sequence packet ,3696,3838
29.5791,Received an expired out of sequence packet ,3697,3838
29.5832,Received an expired out of sequence packet ,3698,3838
29.5832,Received an expired out of sequence packet ,3699,3838
29.5843,Received an expired out of sequence packet ,3700,3838
29.5843,Received an expired out of sequence packet ,3701,3838
29.5874,Received an expired out of sequence packet ,3702,3838
29.5874,Received an expired out of sequence packet ,3703,3838
29.5916,Received an expired out of sequence packet ,3704,3838
29.5916,Received an expired out of sequence packet ,3705,3838
29.5937,Received an expired out of sequence packet ,3706,3838
29.5937,Received an expired out of sequence packet ,3707,3838
29.5937,Received an expired out of sequence packet ,3708,3838
29.5968,Received an expired out of sequence packet ,3709,3838
29.5968,Received an expired out of sequence packet ,3710,3838
29.6,Received an expired out of sequence packet ,3711,3838
29.6,Received an expired out of sequence packet ,3712,3838
29.6,Received an expired out of sequence packet ,3713,3838
29.6031,Received an expired out of sequence packet ,3714,3838
29.6031,Received an expired out of sequence packet ,3715,3838
29.7464,Received an expired out of sequence packet ,3716,3838
29.7547,Received an expired out of sequence packet ,3717,3838
29.7579,Received an expired out of sequence packet ,3718,3838
29.7613,Received an expired out of sequence packet ,3719,3838
29.7613,Received an expired out of sequence packet ,3720,3838
29.7643,Received an expired out of sequence packet ,3721,3838
29.7644,Received an expired out of sequence packet ,3722,3838
29.7644,Received an expired out of sequence packet ,3723,3838
29.7644,Received an expired out of sequence packet ,3724,3838
29.7675,Received an expired out of sequence packet ,3725,3838
29.7675,Received an expired out of sequence packet ,3726,3838
29.7675,Received an expired out of sequence packet ,3727,3838
29.7717,Received an expired out of sequence packet ,3728,3838
29.7717,Received an expired out of sequence packet ,3729,3838
29.7718,Received an expired out of sequence packet ,3730,3838
29.7739,Received an expired out of sequence packet ,3731,3838
29.7739,Received an expired out of sequence packet ,3732,3838
29.7739,Received an expired out of sequence packet ,3733,3838
29.7739,Received an expired out of sequence packet ,3734,3838
29.7791,Received an expired out of sequence packet ,3735,3838
29.7792,Received an expired out of sequence packet ,3736,3838
29.7792,Received an expired out of sequence packet ,3737,3838
29.7804,Received an expired out of sequence packet ,3738,3838
29.7805,Received an expired out of sequence packet ,3739,3838
29.7805,Received an expired out of sequence packet ,3740,3838
29.7846,Received an expired out of sequence packet ,3741,3838
29.7847,Received an expired out of sequence packet ,3742,3838
29.7847,Received an expired out of sequence packet ,3743,3838
29.7847,Received an expired out of sequence packet ,3744,3838
29.7878,Received an expired out of sequence packet ,3745,3838
29.7879,Received an expired out of sequence packet ,3746,3838
29.7879,Received an expired out of sequence packet ,3747,3838
29.792,Received an expired out of sequence packet ,3748,3838
29.792,Received an expired out of sequence packet ,3749,3838
29.792,Received an expired out of sequence packet ,3750,3838
29.792,Received an expired out of sequence packet ,3751,3838
29.793,Received an expired out of sequence packet ,3752,3838
29.7941,Received an expired out of sequence packet ,3753,3838
29.7941,Received an expired out of sequence packet ,3754,3838
29.7963,Received an expired out of sequence packet ,3755,3838
29.7963,Received an expired out of sequence packet ,3756,3838
29.7994,Received an expired out of sequence packet ,3757,3838
29.7994,Received an expired out of sequence packet ,3758,3838
29.7994,Received an expired out of sequence packet ,3759,3838
29.7995,Received an expired out of sequence packet ,3760,3838
29.8025,Received an expired out of sequence packet ,3761,3838
29.8026,Received an expired out of sequence packet ,3762,3838
29.8067,Received an expired out of sequence packet ,3763,3838
29.8067,Received an expired out of sequence packet ,3764,3838
29.8067,Received an expired out of sequence packet ,3765,3838
29.8067,Received an expired out of sequence packet ,3766,3838
29.8068,Received an expired out of sequence packet ,3767,3838
29.8645,Received an expired out of sequence packet ,3768,3838
29.876,Received an expired out of sequence packet ,3769,3838
29.8761,Received an expired out of sequence packet ,3770,3838
29.8773,Received an expired out of sequence packet ,3771,3838
29.8773,Received an expired out of sequence packet ,3772,3838
29.8837,Received an expired out of sequence packet ,3773,3838
29.8837,Received an expired out of sequence packet ,3774,3838
29.8837,Received an expired out of sequence packet ,3775,3838
29.8838,Received an expired out of sequence packet ,3776,3838
29.8838,Received an expired out of sequence packet ,3777,3838
29.8838,Received an expired out of sequence packet ,3778,3838
29.8869,Received an expired out of sequence packet ,3779,3838
29.8891,Received an expired out of sequence packet ,3780,3838
29.8891,Received an expired out of sequence packet ,3781,3838
29.8902,Received an expired out of sequence packet ,3782,3838
29.8903,Received an expired out of sequence packet ,3783,3838
29.8942,Received an expired out of sequence packet ,3784,3838
29.8942,Received an expired out of sequence packet ,3785,3838
29.8964,Received an expired out of sequence packet ,3786,3838
29.8964,Received an expired out of sequence packet ,3787,3838
29.8964,Received an expired out of sequence packet ,3788,3838
29.8994,Received an expired out of sequence packet ,3789,3838
29.8995,Received an expired out of sequence packet ,3790,3838
29.8995,Received an expired out of sequence packet ,3791,3838
29.9006,Received an expired out of sequence packet ,3792,3838
29.9047,Received an expired out of sequence packet ,3793,3838
29.9048,Received an expired out of sequence packet ,3794,3838
29.9048,Received an expired out of sequence packet ,3795,3838
29.9078,Received an expired out of sequence packet ,3796,3838
29.9078,Received an expired out of sequence packet ,3797,3838
29.9078,Received an expired out of sequence packet ,3798,3838
29.9131,Received an expired out of sequence packet ,3799,3838
29.9172,Received an expired out of sequence packet ,3800,3838
29.9172,Received an expired out of sequence packet ,3801,3838
29.9172,Received an expired out of sequence packet ,3802,3838
29.9173,Received an expired out of sequence packet ,3803,3838
29.9173,Received an expired out of sequence packet ,3804,3838
29.9173,Received an expired out of sequence packet ,3805,3838
29.9193,Received an expired out of sequence packet ,3806,3838
29.9194,Received an expired out of sequence packet ,3807,3838
29.9205,Received an expired out of sequence packet ,3808,3838
29.9277,Received an expired out of sequence packet ,3809,3838
29.932,Received an expired out of sequence packet ,3810,3838
29.9353,Received an expired out of sequence packet ,3811,3838
29.9385,Received an expired out of sequence packet ,3812,3838
29.9427,Received an expired out of sequence packet ,3813,3838
29.9427,Received an expired out of sequence packet ,3814,3838
29.9448,Received an expired out of sequence packet ,3815,3838
29.9448,Received an expired out of sequence packet ,3816,3838
29.9448,Received an expired out of sequence packet ,3817,3838
29.9449,Received an expired out of sequence packet ,3818,3838
29.9479,Received an expired out of sequence packet ,3819,3838
29.948,Received an expired out of sequence packet ,3820,3838
29.9521,Received an expired out of sequence packet ,3821,3838
29.9521,Received an expired out of sequence packet ,3822,3838
29.9532,Received an expired out of sequence packet ,3823,3838
29.9532,Received an expired out of sequence packet ,3824,3838
29.9533,Received an expired out of sequence packet ,3825,3838
29.9564,Received an expired out of sequence packet ,3826,3838
29.9564,Received an expired out of sequence packet ,3827,3838
29.9564,Received an expired out of sequence packet ,3828,3838
29.9575,Received an expired out of sequence packet ,3829,3838
29.9791,Received an expired out of sequence packet ,3830,3838
29.9952,Received an expired out of sequence packet ,3831,3838
29.9962,Received an expired out of sequence packet ,3832,3838
29.9962,Received an expired out of sequence packet ,3833,3838
29.9981,Received an expired out of sequence packet ,3834,3838
30.0139,Received an expired out of sequence packet ,3835,3838
30.0171,Received an expired out of sequence packet ,3836,3838
30.0171,Received an expired out of sequence packet ,3837,3838
45.3233,Timeout
45.3233,clearing sending list because of timeout
45.3271,Received an expired out of sequence packet ,12286,12310
45.3271,Received an expired out of sequence packet ,12287,12310
45.3271,Received an expired out of sequence packet ,12288,12310
45.3292,Received an expired out of sequence packet ,12289,12310
45.3331,Received an expired out of sequence packet ,12290,12310
45.3352,Received an expired out of sequence packet ,12291,12310
45.3352,Received an expired out of sequence packet ,12292,12310
45.3352,Received an expired out of sequence packet ,12293,12310
45.3353,Received an expired out of sequence packet ,12294,12310
45.3533,Received an expired out of sequence packet ,12295,12310
45.3585,Received an expired out of sequence packet ,12296,12310
45.3585,Received an expired out of sequence packet ,12297,12310
45.3585,Received an expired out of sequence packet ,12298,12310
45.3585,Received an expired out of sequence packet ,12299,12310
45.3585,Received an expired out of sequence packet ,12300,12310
45.3636,Received an expired out of sequence packet ,12301,12310
45.3668,Received an expired out of sequence packet ,12302,12310
45.3699,Received an expired out of sequence packet ,12303,12310
45.374,Received an expired out of sequence packet ,12304,12310
45.3772,Received an expired out of sequence packet ,12305,12310
45.3809,Received an expired out of sequence packet ,12306,12310
45.3832,Received an expired out of sequence packet ,12307,12310
45.3996,Received an expired out of sequence packet ,12308,12310
45.4027,Received an expired out of sequence packet ,12309,12310
108.364,Restart,can't map delay on delay curve
109.813,Exit slow start,exceeding SS_EXIT_THRESHOLD
152.378,Timeout
152.378,clearing sending list because of timeout
152.379,Received an expired out of sequence packet ,39059,39133
153.378,Received an expired out of sequence packet ,39060,39133
154.368,Received an expired out of sequence packet ,39061,39133
154.978,Received an expired out of sequence packet ,39062,39133
154.978,Received an expired out of sequence packet ,39063,39133
154.98,Received an expired out of sequence packet ,39064,39133
154.98,Received an expired out of sequence packet ,39065,39133
154.983,Received an expired out of sequence packet ,39066,39133
154.985,Received an expired out of sequence packet ,39067,39133
154.986,Received an expired out of sequence packet ,39068,39133
154.987,Received an expired out of sequence packet ,39069,39133
154.987,Received an expired out of sequence packet ,39070,39133
154.989,Received an expired out of sequence packet ,39071,39133
154.993,Received an expired out of sequence packet ,39072,39133
154.999,Received an expired out of sequence packet ,39073,39133
155.001,Received an expired out of sequence packet ,39074,39133
155.001,Received an expired out of sequence packet ,39075,39133
155.001,Received an expired out of sequence packet ,39076,39133
155.001,Received an expired out of sequence packet ,39077,39133
155.001,Received an expired out of sequence packet ,39078,39133
155.002,Received an expired out of sequence packet ,39079,39133
155.005,Received an expired out of sequence packet ,39080,39133
155.011,Received an expired out of sequence packet ,39081,39133
155.011,Received an expired out of sequence packet ,39082,39133
155.011,Received an expired out of sequence packet ,39083,39133
155.011,Received an expired out of sequence packet ,39084,39133
155.013,Received an expired out of sequence packet ,39085,39133
155.013,Received an expired out of sequence packet ,39086,39133
155.013,Received an expired out of sequence packet ,39087,39133
155.019,Received an expired out of sequence packet ,39088,39133
155.019,Received an expired out of sequence packet ,39089,39133
155.035,Received an expired out of sequence packet ,39090,39133
155.035,Received an expired out of sequence packet ,39091,39133
155.035,Received an expired out of sequence packet ,39092,39133
155.048,Received an expired out of sequence packet ,39093,39133
155.05,Received an expired out of sequence packet ,39094,39133
155.054,Received an expired out of sequence packet ,39095,39133
155.054,Received an expired out of sequence packet ,39096,39133
155.054,Received an expired out of sequence packet ,39097,39133
155.057,Received an expired out of sequence packet ,39098,39133
155.057,Received an expired out of sequence packet ,39099,39133
155.057,Received an expired out of sequence packet ,39100,39133
155.059,Received an expired out of sequence packet ,39101,39133
155.059,Received an expired out of sequence packet ,39102,39133
155.059,Received an expired out of sequence packet ,39103,39133
155.059,Received an expired out of sequence packet ,39104,39133
155.061,Received an expired out of sequence packet ,39105,39133
155.061,Received an expired out of sequence packet ,39106,39133
155.061,Received an expired out of sequence packet ,39107,39133
155.065,Received an expired out of sequence packet ,39108,39133
155.065,Received an expired out of sequence packet ,39109,39133
155.065,Received an expired out of sequence packet ,39110,39133
155.067,Received an expired out of sequence packet ,39111,39133
155.067,Received an expired out of sequence packet ,39112,39133
155.07,Received an expired out of sequence packet ,39113,39133
155.07,Received an expired out of sequence packet ,39114,39133
155.071,Received an expired out of sequence packet ,39115,39133
155.075,Received an expired out of sequence packet ,39116,39133
155.075,Received an expired out of sequence packet ,39117,39133
155.076,Received an expired out of sequence packet ,39118,39133
155.076,Received an expired out of sequence packet ,39119,39133
155.079,Received an expired out of sequence packet ,39120,39133
155.079,Received an expired out of sequence packet ,39121,39133
155.079,Received an expired out of sequence packet ,39122,39133
155.081,Received an expired out of sequence packet ,39123,39133
155.081,Received an expired out of sequence packet ,39124,39133
155.084,Received an expired out of sequence packet ,39125,39133
155.089,Received an expired out of sequence packet ,39126,39133
155.089,Received an expired out of sequence packet ,39127,39133
155.091,Received an expired out of sequence packet ,39128,39133
155.091,Received an expired out of sequence packet ,39129,39133
155.091,Received an expired out of sequence packet ,39130,39133
155.091,Received an expired out of sequence packet ,39131,39133
155.096,Received an expired out of sequence packet ,39132,39133
225.264,Timeout
225.264,clearing sending list because of timeout
225.395,Received an expired out of sequence packet ,77859,77949
225.395,Received an expired out of sequence packet ,77860,77949
226.379,Received an expired out of sequence packet ,77861,77949
227.379,Timeout
227.379,clearing sending list because of timeout
227.379,Received an expired out of sequence packet ,77862,77951
228.379,Timeout
228.379,clearing sending list because of timeout
228.379,Received an expired out of sequence packet ,77863,77957
229.367,Received an expired out of sequence packet ,77864,77957
229.979,Received an expired out of sequence packet ,77865,77957
229.984,Received an expired out of sequence packet ,77866,77957
229.987,Received an expired out of sequence packet ,77867,77957
229.987,Received an expired out of sequence packet ,77868,77957
229.989,Received an expired out of sequence packet ,77869,77957
229.989,Received an expired out of sequence packet ,77870,77957
229.992,Received an expired out of sequence packet ,77871,77957
229.997,Received an expired out of sequence packet ,77872,77957
229.997,Received an expired out of sequence packet ,77873,77957
229.999,Received an expired out of sequence packet ,77874,77957
230.002,Received an expired out of sequence packet ,77875,77957
230.006,Received an expired out of sequence packet ,77876,77957
230.006,Received an expired out of sequence packet ,77877,77957
230.007,Received an expired out of sequence packet ,77878,77957
230.012,Received an expired out of sequence packet ,77879,77957
230.012,Received an expired out of sequence packet ,77880,77957
230.013,Received an expired out of sequence packet ,77881,77957
230.016,Received an expired out of sequence packet ,77882,77957
230.017,Received an expired out of sequence packet ,77883,77957
230.02,Received an expired out of sequence packet ,77884,77957
230.024,Received an expired out of sequence packet ,77885,77957
230.024,Received an expired out of sequence packet ,77886,77957
230.027,Received an expired out of sequence packet ,77887,77957
230.027,Received an expired out of sequence packet ,77888,77957
230.027,Received an expired out of sequence packet ,77889,77957
230.03,Received an expired out of sequence packet ,77890,77957
230.03,Received an expired out of sequence packet ,77891,77957
230.039,Received an expired out of sequence packet ,77892,77957
230.04,Received an expired out of sequence packet ,77893,77957
230.04,Received an expired out of sequence packet ,77894,77957
230.042,Received an expired out of sequence packet ,77895,77957
230.042,Received an expired out of sequence packet ,77896,77957
230.042,Received an expired out of sequence packet ,77897,77957
230.045,Received an expired out of sequence packet ,77898,77957
230.048,Received an expired out of sequence packet ,77899,77957
230.048,Received an expired out of sequence packet ,77900,77957
230.048,Received an expired out of sequence packet ,77901,77957
230.053,Received an expired out of sequence packet ,77902,77957
230.053,Received an expired out of sequence packet ,77903,77957
230.058,Received an expired out of sequence packet ,77904,77957
230.058,Received an expired out of sequence packet ,77905,77957
230.058,Received an expired out of sequence packet ,77906,77957
230.059,Received an expired out of sequence packet ,77907,77957
230.059,Received an expired out of sequence packet ,77908,77957
230.065,Received an expired out of sequence packet ,77909,77957
230.065,Received an expired out of sequence packet ,77910,77957
230.065,Received an expired out of sequence packet ,77911,77957
230.069,Received an expired out of sequence packet ,77912,77957
230.069,Received an expired out of sequence packet ,77913,77957
230.07,Received an expired out of sequence packet ,77914,77957
230.07,Received an expired out of sequence packet ,77915,77957
230.07,Received an expired out of sequence packet ,77916,77957
230.07,Received an expired out of sequence packet ,77917,77957
230.073,Received an expired out of sequence packet ,77918,77957
230.074,Received an expired out of sequence packet ,77919,77957
230.076,Received an expired out of sequence packet ,77920,77957
230.076,Received an expired out of sequence packet ,77921,77957
230.079,Received an expired out of sequence packet ,77922,77957
230.079,Received an expired out of sequence packet ,77923,77957
230.08,Received an expired out of sequence packet ,77924,77957
230.084,Received an expired out of sequence packet ,77925,77957
230.084,Received an expired out of sequence packet ,77926,77957
230.085,Received an expired out of sequence packet ,77927,77957
230.086,Received an expired out of sequence packet ,77928,77957
230.089,Received an expired out of sequence packet ,77929,77957
230.089,Received an expired out of sequence packet ,77930,77957
230.094,Received an expired out of sequence packet ,77931,77957
230.094,Received an expired out of sequence packet ,77932,77957
230.099,Received an expired out of sequence packet ,77933,77957
230.099,Received an expired out of sequence packet ,77934,77957
230.099,Received an expired out of sequence packet ,77935,77957
230.099,Received an expired out of sequence packet ,77936,77957
230.099,Received an expired out of sequence packet ,77937,77957
230.099,Received an expired out of sequence packet ,77938,77957
230.099,Received an expired out of sequence packet ,77939,77957
230.11,Received an expired out of sequence packet ,77940,77957
230.11,Received an expired out of sequence packet ,77941,77957
230.11,Received an expired out of sequence packet ,77942,77957
230.11,Received an expired out of sequence packet ,77943,77957
230.11,Received an expired out of sequence packet ,77944,77957
230.11,Received an expired out of sequence packet ,77945,77957
230.11,Received an expired out of sequence packet ,77946,77957
230.111,Received an expired out of sequence packet ,77947,77957
230.111,Received an expired out of sequence packet ,77948,77957
230.111,Received an expired out of sequence packet ,77949,77957
230.112,Received an expired out of sequence packet ,77950,77957
230.112,Received an expired out of sequence packet ,77951,77957
230.112,Received an expired out of sequence packet ,77952,77957
230.121,Received an expired out of sequence packet ,77953,77957
230.125,Received an expired out of sequence packet ,77954,77957
230.134,Received an expired out of sequence packet ,77955,77957
230.137,Received an expired out of sequence packet ,77956,77957
234.826,Restart,can't map delay on delay curve
235.826,Timeout
235.826,Restart,lost first packet
236.827,Timeout
236.827,Restart,lost first packet