1.30334,Exit slow start,exceeding SS_EXIT_THRESHOLD
184.425,Timeout
184.425,clearing sending list because of timeout
184.428,Received an expired out of sequence packet ,153923,154029
184.996,Received an expired out of sequence packet ,153924,154029
185.01,Received an expired out of sequence packet ,153925,154029
185.012,Received an expired out of sequence packet ,153926,154029
185.012,Received an expired out of sequence packet ,153927,154029
185.019,Received an expired out of sequence packet ,153928,154029
185.019,Received an expired out of sequence packet ,153929,154029
185.019,Received an expired out of sequence packet ,153930,154029
185.019,Received an expired out of sequence packet ,153931,154029
185.022,Received an expired out of sequence packet ,153932,154029
185.022,Received an expired out of sequence packet ,153933,154029
185.025,Received an expired out of sequence packet ,153934,154029
185.026,Received an expired out of sequence packet ,153935,154029
185.026,Received an expired out of sequence packet ,153936,154029
185.028,Received an expired out of sequence packet ,153937,154029
185.028,Received an expired out of sequence packet ,153938,154029
185.031,Received an expired out of sequence packet ,153939,154029
185.031,Received an expired out of sequence packet ,153940,154029
185.047,Received an expired out of sequence packet ,153941,154029
185.048,Received an expired out of sequence packet ,153942,154029
185.049,Received an expired out of sequence packet ,153943,154029
185.049,Received an expired out of sequence packet ,153944,154029
185.049,Received an expired out of sequence packet ,153945,154029
185.049,Received an expired out of sequence packet ,153946,154029
185.057,Received an expired out of sequence packet ,153947,154029
185.057,Received an expired out of sequence packet ,153948,154029
185.057,Received an expired out of sequence packet ,153949,154029
185.062,Received an expired out of sequence packet ,153950,154029
185.062,Received an expired out of sequence packet ,153951,154029
185.062,Received an expired out of sequence packet ,153952,154029
185.062,Received an expired out of sequence packet ,153953,154029
185.062,Received an expired out of sequence packet ,153954,154029
185.062,Received an expired out of sequence packet ,153955,154029
185.065,Received an expired out of sequence packet ,153956,154029
185.065,Received an expired out of sequence packet ,153957,154029
185.065,Received an expired out of sequence packet ,153958,154029
185.065,Received an expired out of sequence packet ,153959,154029
185.065,Received an expired out of sequence packet ,153960,154029
185.067,Received an expired out of sequence packet ,153961,154029
185.067,Received an expired out of sequence packet ,153962,154029
185.07,Received an expired out of sequence packet ,153963,154029
185.07,Received an expired out of sequence packet ,153964,154029
185.073,Received an expired out of sequence packet ,153965,154029
185.074,Received an expired out of sequence packet ,153966,154029
185.074,Received an expired out of sequence packet ,153967,154029
185.078,Received an expired out of sequence packet ,153968,154029
185.078,Received an expired out of sequence packet ,153969,154029
185.08,Received an expired out of sequence packet ,153970,154029
185.08,Received an expired out of sequence packet ,153971,154029
185.08,Received an expired out of sequence packet ,153972,154029
185.081,Received an expired out of sequence packet ,153973,154029
185.082,Received an expired out of sequence packet ,153974,154029
185.082,Received an expired out of sequence packet ,153975,154029
185.085,Received an expired out of sequence packet ,153976,154029
185.085,Received an expired out of sequence packet ,153977,154029
185.086,Received an expired out of sequence packet ,153978,154029
185.086,Received an expired out of sequence packet ,153979,154029
185.09,Received an expired out of sequence packet ,153980,154029
185.09,Received an expired out of sequence packet ,153981,154029
185.09,Received an expired out of sequence packet ,153982,154029
185.091,Received an expired out of sequence packet ,153983,154029
185.092,Received an expired out of sequence packet ,153984,154029
185.098,Received an expired out of sequence packet ,153985,154029
185.098,Received an expired out of sequence packet ,153986,154029
185.098,Received an expired out of sequence packet ,153987,154029
185.101,Received an expired out of sequence packet ,153988,154029
185.104,Received an expired out of sequence packet ,153989,154029
185.104,Received an expired out of sequence packet ,153990,154029
185.104,Received an expired out of sequence packet ,153991,154029
185.104,Received an expired out of sequence packet ,153992,154029
185.105,Received an expired out of sequence packet ,153993,154029
185.105,Received an expired out of sequence packet ,153994,154029
185.105,Received an expired out of sequence packet ,153995,154029
185.105,Received an expired out of sequence packet ,153996,154029
185.106,Received an expired out of sequence packet ,153997,154029
185.107,Received an expired out of sequence packet ,153998,154029
185.11,Received an expired out of sequence packet ,153999,154029
185.11,Received an expired out of sequence packet ,154000,154029
185.112,Received an expired out of sequence packet ,154001,154029
185.126,Received an expired out of sequence packet ,154002,154029
185.127,Received an expired out of sequence packet ,154003,154029
185.127,Received an expired out of sequence packet ,154004,154029
185.127,Received an expired out of sequence packet ,154005,154029
185.127,Received an expired out of sequence packet ,154006,154029
185.127,Received an expired out of sequence packet ,154007,154029
185.13,Received an expired out of sequence packet ,154008,154029
185.13,Received an expired out of sequence packet ,154009,154029
185.13,Received an expired out of sequence packet ,154010,154029
185.13,Received an expired out of sequence packet ,154011,154029
185.13,Received an expired out of sequence packet ,154012,154029
185.13,Received an expired out of sequence packet ,154013,154029
185.131,Received an expired out of sequence packet ,154014,154029
185.133,Received an expired out of sequence packet ,154015,154029
185.137,Received an expired out of sequence packet ,154016,154029
185.14,Received an expired out of sequence packet ,154017,154029
185.14,Received an expired out of sequence packet ,154018,154029
185.14,Received an expired out of sequence packet ,154019,154029
185.14,Received an expired out of sequence packet ,154020,154029
185.14,Received an expired out of sequence packet ,154021,154029
185.14,Received an expired out of sequence packet ,154022,154029
185.143,Received an expired out of sequence packet ,154023,154029
185.143,Received an expired out of sequence packet ,154024,154029
185.144,Received an expired out of sequence packet ,154025,154029
185.144,Received an expired out of sequence packet ,154026,154029
185.145,Received an expired out of sequence packet ,154027,154029
185.145,Received an expired out of sequence packet ,154028,154029
220.197,Timeout
220.197,clearing sending list because of timeout
220.406,Timeout
220.406,clearing sending list because of timeout
220.615,Timeout
220.615,clearing sending list because of timeout
220.691,Received an expired out of sequence packet ,171919,171973
220.752,Received an expired out of sequence packet ,171920,171973
220.753,Received an expired out of sequence packet ,171921,171973
220.753,Received an expired out of sequence packet ,171922,171973
220.753,Received an expired out of sequence packet ,171923,171973
220.753,Received an expired out of sequence packet ,171924,171973
220.753,Received an expired out of sequence packet ,171925,171973
220.753,Received an expired out of sequence packet ,171926,171973
220.753,Received an expired out of sequence packet ,171927,171973
220.753,Received an expired out of sequence packet ,171928,171973
220.754,Received an expired out of sequence packet ,171929,171973
220.754,Received an expired out of sequence packet ,171930,171973
220.754,Received an expired out of sequence packet ,171931,171973
220.754,Received an expired out of sequence packet ,171932,171973
220.754,Received an expired out of sequence packet ,171933,171973
220.754,Received an expired out of sequence packet ,171934,171973
220.754,Received an expired out of sequence packet ,171935,171973
220.754,Received an expired out of sequence packet ,171936,171973
220.754,Received an expired out of sequence packet ,171937,171973
220.754,Received an expired out of sequence packet ,171938,171973
220.754,Received an expired out of sequence packet ,171939,171973
220.788,Received an expired out of sequence packet ,171940,171973
220.788,Received an expired out of sequence packet ,171941,171973
220.788,Received an expired out of sequence packet ,171942,171973
220.796,Received an expired out of sequence packet ,171943,171973
220.796,Received an expired out of sequence packet ,171944,171973
220.799,Received an expired out of sequence packet ,171945,171973
220.799,Received an expired out of sequence packet ,171946,171973
220.799,Received an expired out of sequence packet ,171947,171973
220.8,Received an expired out of sequence packet ,171948,171973
220.801,Received an expired out of sequence packet ,171949,171973
220.801,Received an expired out of sequence packet ,171950,171973
220.801,Received an expired out of sequence packet ,171951,171973
220.803,Received an expired out of sequence packet ,171952,171973
220.803,Received an expired out of sequence packet ,171953,171973
220.803,Received an expired out of sequence packet ,171954,171973
220.803,Received an expired out of sequence packet ,171955,171973
220.803,Received an expired out of sequence packet ,171956,171973
220.803,Received an expired out of sequence packet ,171957,171973
220.803,Received an expired out of sequence packet ,171958,171973
220.803,Received an expired out of sequence packet ,171959,171973
220.803,Received an expired out of sequence packet ,171960,171973
220.803,Received an expired out of sequence packet ,171961,171973
220.803,Received an expired out of sequence packet ,171962,171973
220.803,Received an expired out of sequence packet ,171963,171973
220.803,Received an expired out of sequence packet ,171964,171973
220.803,Received an expired out of sequence packet ,171965,171973
220.803,Received an expired out of sequence packet ,171966,171973
220.825,Received an expired out of sequence packet ,171967,171973
220.825,Received an expired out of sequence packet ,171968,171973
220.825,Received an expired out of sequence packet ,171969,171973
220.825,Received an expired out of sequence packet ,171970,171973
220.825,Received an expired out of sequence packet ,171971,171973
220.825,Received an expired out of sequence packet ,171972,171973
243.078,Missing packet expired,190055
283.812,Timeout
283.812,clearing sending list because of timeout
284.09,Received an expired out of sequence packet ,232882,233176
284.09,Received an expired out of sequence packet ,232883,233176
284.09,Received an expired out of sequence packet ,232884,233176
284.09,Received an expired out of sequence packet ,232885,233176
284.09,Received an expired out of sequence packet ,232886,233176
284.091,Received an expired out of sequence packet ,232887,233176
284.091,Received an expired out of sequence packet ,232888,233176
284.091,Received an expired out of sequence packet ,232889,233176
284.165,Received an expired out of sequence packet ,232890,233176
284.167,Received an expired out of sequence packet ,232891,233176
284.167,Received an expired out of sequence packet ,232892,233176
284.167,Received an expired out of sequence packet ,232893,233176
284.167,Received an expired out of sequence packet ,232894,233176
284.168,Received an expired out of sequence packet ,232895,233176
284.197,Received an expired out of sequence packet ,232896,233176
284.198,Received an expired out of sequence packet ,232897,233176
284.198,Received an expired out of sequence packet ,232898,233176
284.198,Received an expired out of sequence packet ,232899,233176
284.198,Received an expired out of sequence packet ,232900,233176
284.198,Received an expired out of sequence packet ,232901,233176
284.198,Received an expired out of sequence packet ,232902,233176
284.201,Received an expired out of sequence packet ,232903,233176
284.201,Received an expired out of sequence packet ,232904,233176
284.206,Received an expired out of sequence packet ,232905,233176
284.207,Received an expired out of sequence packet ,232906,233176
284.21,Received an expired out of sequence packet ,232907,233176
284.21,Received an expired out of sequence packet ,232908,233176
284.21,Received an expired out of sequence packet ,232909,233176
284.21,Received an expired out of sequence packet ,232910,233176
284.21,Received an expired out of sequence packet ,232911,233176
284.223,Received an expired out of sequence packet ,232912,233176
284.227,Received an expired out of sequence packet ,232913,233176
284.227,Received an expired out of sequence packet ,232914,233176
284.227,Received an expired out of sequence packet ,232915,233176
284.227,Received an expired out of sequence packet ,232916,233176
284.227,Received an expired out of sequence packet ,232917,233176
284.247,Received an expired out of sequence packet ,232918,233176
284.247,Received an expired out of sequence packet ,232919,233176
284.247,Received an expired out of sequence packet ,232920,233176
284.247,Received an expired out of sequence packet ,232921,233176
284.248,Received an expired out of sequence packet ,232922,233176
284.248,Received an expired out of sequence packet ,232923,233176
284.248,Received an expired out of sequence packet ,232924,233176
284.248,Received an expired out of sequence packet ,232925,233176
284.248,Received an expired out of sequence packet ,232926,233176
284.264,Received an expired out of sequence packet ,232927,233176
284.264,Received an expired out of sequence packet ,232928,233176
284.264,Received an expired out of sequence packet ,232929,233176
284.264,Received an expired out of sequence packet ,232930,233176
284.265,Received an expired out of sequence packet ,232931,233176
284.265,Received an expired out of sequence packet ,232932,233176
284.265,Received an expired out of sequence packet ,232933,233176
284.265,Received an expired out of sequence packet ,232934,233176
284.265,Received an expired out of sequence packet ,232935,233176
284.265,Received an expired out of sequence packet ,232936,233176
284.268,Received an expired out of sequence packet ,232937,233176
284.268,Received an expired out of sequence packet ,232938,233176
284.268,Received an expired out of sequence packet ,232939,233176
284.269,Received an expired out of sequence packet ,232940,233176
284.269,Received an expired out of sequence packet ,232941,233176
284.269,Received an expired out of sequence packet ,232942,233176
284.269,Received an expired out of sequence packet ,232943,233176
284.269,Received an expired out of sequence packet ,232944,233176
284.269,Received an expired out of sequence packet ,232945,233176
284.272,Received an expired out of sequence packet ,232946,233176
284.272,Received an expired out of sequence packet ,232947,233176
284.272,Received an expired out of sequence packet ,232948,233176
284.272,Received an expired out of sequence packet ,232949,233176
284.272,Received an expired out of sequence packet ,232950,233176
284.272,Received an expired out of sequence packet ,232951,233176
284.272,Received an expired out of sequence packet ,232952,233176
284.272,Received an expired out of sequence packet ,232953,233176
284.274,Received an expired out of sequence packet ,232954,233176
284.28,Received an expired out of sequence packet ,232955,233176
284.282,Received an expired out of sequence packet ,232956,233176
284.282,Received an expired out of sequence packet ,232957,233176
284.282,Received an expired out of sequence packet ,232958,233176
284.283,Received an expired out of sequence packet ,232959,233176
284.283,Received an expired out of sequence packet ,232960,233176
284.292,Received an expired out of sequence packet ,232961,233176
284.292,Received an expired out of sequence packet ,232962,233176
284.292,Received an expired out of sequence packet ,232963,233176
284.292,Received an expired out of sequence packet ,232964,233176
284.292,Received an expired out of sequence packet ,232965,233176
284.292,Received an expired out of sequence packet ,232966,233176
284.293,Received an expired out of sequence packet ,232967,233176
284.293,Received an expired out of sequence packet ,232968,233176
284.293,Received an expired out of sequence packet ,232969,233176
284.293,Received an expired out of sequence packet ,232970,233176
284.293,Received an expired out of sequence packet ,232971,233176
284.294,Received an expired out of sequence packet ,232972,233176
284.294,Received an expired out of sequence packet ,232973,233176
284.303,Received an expired out of sequence packet ,232974,233176
284.303,Received an expired out of sequence packet ,232975,233176
284.303,Received an expired out of sequence packet ,232976,233176
284.303,Received an expired out of sequence packet ,232977,233176
284.304,Received an expired out of sequence packet ,232978,233176
284.304,Received an expired out of sequence packet ,232979,233176
284.304,Received an expired out of sequence packet ,232980,233176
284.304,Received an expired out of sequence packet ,232981,233176
284.304,Received an expired out of sequence packet ,232982,233176
284.304,Received an expired out of sequence packet ,232983,233176
284.306,Received an expired out of sequence packet ,232984,233176
284.314,Received an expired out of sequence packet ,232985,233176
284.316,Received an expired out of sequence packet ,232986,233176
284.316,Received an expired out of sequence packet ,232987,233176
284.317,Received an expired out of sequence packet ,232988,233176
284.317,Received an expired out of sequence packet ,232989,233176
284.317,Received an expired out of sequence packet ,232990,233176
284.317,Received an expired out of sequence packet ,232991,233176
284.317,Received an expired out of sequence packet ,232992,233176
284.317,Received an expired out of sequence packet ,232993,233176
284.317,Received an expired out of sequence packet ,232994,233176
284.317,Received an expired out of sequence packet ,232995,233176
284.324,Received an expired out of sequence packet ,232996,233176
284.324,Received an expired out of sequence packet ,232997,233176
284.324,Received an expired out of sequence packet ,232998,233176
284.324,Received an expired out of sequence packet ,232999,233176
284.324,Received an expired out of sequence packet ,233000,233176
284.327,Received an expired out of sequence packet ,233001,233176
284.327,Received an expired out of sequence packet ,233002,233176
284.327,Received an expired out of sequence packet ,233003,233176
284.336,Received an expired out of sequence packet ,233004,233176
284.336,Received an expired out of sequence packet ,233005,233176
284.336,Received an expired out of sequence packet ,233006,233176
284.336,Received an expired out of sequence packet ,233007,233176
284.336,Received an expired out of sequence packet ,233008,233176
284.339,Received an expired out of sequence packet ,233009,233176
284.339,Received an expired out of sequence packet ,233010,233176
284.339,Received an expired out of sequence packet ,233011,233176
284.339,Received an expired out of sequence packet ,233012,233176
284.339,Received an expired out of sequence packet ,233013,233176
284.34,Received an expired out of sequence packet ,233014,233176
284.34,Received an expired out of sequence packet ,233015,233176
284.34,Received an expired out of sequence packet ,233016,233176
284.343,Received an expired out of sequence packet ,233017,233176
284.343,Received an expired out of sequence packet ,233018,233176
284.343,Received an expired out of sequence packet ,233019,233176
284.343,Received an expired out of sequence packet ,233020,233176
284.343,Received an expired out of sequence packet ,233021,233176
284.343,Received an expired out of sequence packet ,233022,233176
284.343,Received an expired out of sequence packet ,233023,233176
284.343,Received an expired out of sequence packet ,233024,233176
284.343,Received an expired out of sequence packet ,233025,233176
284.343,Received an expired out of sequence packet ,233026,233176
284.343,Received an expired out of sequence packet ,233027,233176
284.344,Received an expired out of sequence packet ,233028,233176
284.344,Received an expired out of sequence packet ,233029,233176
284.344,Received an expired out of sequence packet ,233030,233176
284.349,Received an expired out of sequence packet ,233031,233176
284.35,Received an expired out of sequence packet ,233032,233176
284.35,Received an expired out of sequence packet ,233033,233176
284.35,Received an expired out of sequence packet ,233034,233176
284.35,Received an expired out of sequence packet ,233035,233176
284.35,Received an expired out of sequence packet ,233036,233176
284.35,Received an expired out of sequence packet ,233037,233176
284.35,Received an expired out of sequence packet ,233038,233176
284.354,Received an expired out of sequence packet ,233039,233176
284.354,Received an expired out of sequence packet ,233040,233176
284.355,Received an expired out of sequence packet ,233041,233176
284.355,Received an expired out of sequence packet ,233042,233176
284.355,Received an expired out of sequence packet ,233043,233176
284.355,Received an expired out of sequence packet ,233044,233176
284.355,Received an expired out of sequence packet ,233045,233176
284.355,Received an expired out of sequence packet ,233046,233176
284.355,Received an expired out of sequence packet ,233047,233176
284.356,Received an expired out of sequence packet ,233048,233176
284.356,Received an expired out of sequence packet ,233049,233176
284.356,Received an expired out of sequence packet ,233050,233176
284.356,Received an expired out of sequence packet ,233051,233176
284.356,Received an expired out of sequence packet ,233052,233176
284.356,Received an expired out of sequence packet ,233053,233176
284.356,Received an expired out of sequence packet ,233054,233176
284.356,Received an expired out of sequence packet ,233055,233176
284.356,Received an expired out of sequence packet ,233056,233176
284.356,Received an expired out of sequence packet ,233057,233176
284.356,Received an expired out of sequence packet ,233058,233176
284.356,Received an expired out of sequence packet ,233059,233176
284.356,Received an expired out of sequence packet ,233060,233176
284.356,Received an expired out of sequence packet ,233061,233176
284.356,Received an expired out of sequence packet ,233062,233176
284.356,Received an expired out of sequence packet ,233063,233176
284.364,Received an expired out of sequence packet ,233064,233176
284.364,Received an expired out of sequence packet ,233065,233176
284.364,Received an expired out of sequence packet ,233066,233176
284.364,Received an expired out of sequence packet ,233067,233176
284.364,Received an expired out of sequence packet ,233068,233176
284.364,Received an expired out of sequence packet ,233069,233176
284.364,Received an expired out of sequence packet ,233070,233176
284.364,Received an expired out of sequence packet ,233071,233176
284.364,Received an expired out of sequence packet ,233072,233176
284.364,Received an expired out of sequence packet ,233073,233176
284.364,Received an expired out of sequence packet ,233074,233176
284.364,Received an expired out of sequence packet ,233075,233176
284.364,Received an expired out of sequence packet ,233076,233176
284.364,Received an expired out of sequence packet ,233077,233176
284.364,Received an expired out of sequence packet ,233078,233176
284.364,Received an expired out of sequence packet ,233079,233176
284.364,Received an expired out of sequence packet ,233080,233176
284.364,Received an expired out of sequence packet ,233081,233176
284.364,Received an expired out of sequence packet ,233082,233176
284.364,Received an expired out of sequence packet ,233083,233176
284.364,Received an expired out of sequence packet ,233084,233176
284.364,Received an expired out of sequence packet ,233085,233176
284.364,Received an expired out of sequence packet ,233086,233176
284.364,Received an expired out of sequence packet ,233087,233176
284.364,Received an expired out of sequence packet ,233088,233176
284.364