1.55471,Exit slow start,exceeding SS_EXIT_THRESHOLD
12.0346,Timeout
12.0346,clearing sending list because of timeout
12.0475,Received an expired out of sequence packet ,4388,4487
13.0475,Timeout
13.0475,clearing sending list because of timeout
13.0495,Received an expired out of sequence packet ,4389,4489
14.0456,Received an expired out of sequence packet ,4390,4489
14.9313,Received an expired out of sequence packet ,4391,4489
14.9943,Received an expired out of sequence packet ,4392,4489
15.0166,Received an expired out of sequence packet ,4393,4489
15.0287,Received an expired out of sequence packet ,4394,4489
15.0297,Received an expired out of sequence packet ,4395,4489
15.0318,Received an expired out of sequence packet ,4396,4489
15.0458,Received an expired out of sequence packet ,4397,4489
15.061,Received an expired out of sequence packet ,4398,4489
15.1972,Received an expired out of sequence packet ,4399,4489
15.1972,Received an expired out of sequence packet ,4400,4489
15.2537,Received an expired out of sequence packet ,4401,4489
15.2537,Received an expired out of sequence packet ,4402,4489
15.2537,Received an expired out of sequence packet ,4403,4489
15.2568,Received an expired out of sequence packet ,4404,4489
15.2599,Received an expired out of sequence packet ,4405,4489
15.322,Received an expired out of sequence packet ,4406,4489
15.3392,Received an expired out of sequence packet ,4407,4489
15.3454,Received an expired out of sequence packet ,4408,4489
15.3475,Received an expired out of sequence packet ,4409,4489
15.4037,Received an expired out of sequence packet ,4410,4489
15.4089,Received an expired out of sequence packet ,4411,4489
15.415,Received an expired out of sequence packet ,4412,4489
15.4504,Received an expired out of sequence packet ,4413,4489
15.4576,Received an expired out of sequence packet ,4414,4489
15.4678,Received an expired out of sequence packet ,4415,4489
15.4689,Received an expired out of sequence packet ,4416,4489
15.474,Received an expired out of sequence packet ,4417,4489
15.4769,Received an expired out of sequence packet ,4418,4489
15.4781,Received an expired out of sequence packet ,4419,4489
15.4942,Received an expired out of sequence packet ,4420,4489
15.4964,Received an expired out of sequence packet ,4421,4489
15.4964,Received an expired out of sequence packet ,4422,4489
15.5364,Received an expired out of sequence packet ,4423,4489
15.5475,Received an expired out of sequence packet ,4424,4489
15.5607,Received an expired out of sequence packet ,4425,4489
15.5917,Received an expired out of sequence packet ,4426,4489
15.6311,Received an expired out of sequence packet ,4427,4489
15.6311,Received an expired out of sequence packet ,4428,4489
15.6343,Received an expired out of sequence packet ,4429,4489
15.6493,Received an expired out of sequence packet ,4430,4489
15.6585,Received an expired out of sequence packet ,4431,4489
15.7376,Received an expired out of sequence packet ,4432,4489
15.7407,Received an expired out of sequence packet ,4433,4489
15.7568,Received an expired out of sequence packet ,4434,4489
15.7787,Received an expired out of sequence packet ,4435,4489
15.8101,Received an expired out of sequence packet ,4436,4489
15.8182,Received an expired out of sequence packet ,4437,4489
15.8304,Received an expired out of sequence packet ,4438,4489
15.8304,Received an expired out of sequence packet ,4439,4489
15.8885,Received an expired out of sequence packet ,4440,4489
15.8956,Received an expired out of sequence packet ,4441,4489
15.916,Received an expired out of sequence packet ,4442,4489
15.9191,Received an expired out of sequence packet ,4443,4489
15.9313,Received an expired out of sequence packet ,4444,4489
15.9744,Received an expired out of sequence packet ,4445,4489
15.9786,Received an expired out of sequence packet ,4446,4489
15.9917,Received an expired out of sequence packet ,4447,4489
16.0276,Received an expired out of sequence packet ,4448,4489
16.0558,Received an expired out of sequence packet ,4449,4489
16.079,Received an expired out of sequence packet ,4450,4489
16.0882,Received an expired out of sequence packet ,4451,4489
16.1014,Received an expired out of sequence packet ,4452,4489
16.1166,Received an expired out of sequence packet ,4453,4489
16.1327,Received an expired out of sequence packet ,4454,4489
16.1537,Received an expired out of sequence packet ,4455,4489
16.1739,Received an expired out of sequence packet ,4456,4489
16.199,Received an expired out of sequence packet ,4457,4489
16.2193,Received an expired out of sequence packet ,4458,4489
16.2315,Received an expired out of sequence packet ,4459,4489
16.2878,Received an expired out of sequence packet ,4460,4489
16.29,Received an expired out of sequence packet ,4461,4489
16.2941,Received an expired out of sequence packet ,4462,4489
16.3555,Received an expired out of sequence packet ,4463,4489
16.3616,Received an expired out of sequence packet ,4464,4489
16.3707,Received an expired out of sequence packet ,4465,4489
16.3719,Received an expired out of sequence packet ,4466,4489
16.4088,Received an expired out of sequence packet ,4467,4489
16.427,Received an expired out of sequence packet ,4468,4489
16.4361,Received an expired out of sequence packet ,4469,4489
16.4362,Received an expired out of sequence packet ,4470,4489
16.4601,Received an expired out of sequence packet ,4471,4489
16.4835,Received an expired out of sequence packet ,4472,4489
16.4946,Received an expired out of sequence packet ,4473,4489
16.5127,Received an expired out of sequence packet ,4474,4489
16.5397,Received an expired out of sequence packet ,4475,4489
16.5602,Received an expired out of sequence packet ,4476,4489
16.5754,Received an expired out of sequence packet ,4477,4489
16.5937,Received an expired out of sequence packet ,4478,4489
16.5998,Received an expired out of sequence packet ,4479,4489
16.609,Received an expired out of sequence packet ,4480,4489
16.6212,Received an expired out of sequence packet ,4481,4489
16.6263,Received an expired out of sequence packet ,4482,4489
16.6304,Received an expired out of sequence packet ,4483,4489
16.6563,Received an expired out of sequence packet ,4484,4489
16.7455,Received an expired out of sequence packet ,4485,4489
16.7613,Received an expired out of sequence packet ,4486,4489
16.7684,Received an expired out of sequence packet ,4487,4489
16.7726,Received an expired out of sequence packet ,4488,4489
23.5851,Restart,can't map delay on delay curve
25.5378,Exit slow start,exceeding SS_EXIT_THRESHOLD
33.5793,Restart,can't map delay on delay curve
34.9833,Exit slow start,exceeding SS_EXIT_THRESHOLD
56.8718,Timeout
56.8718,clearing sending list because of timeout
56.888,Received an expired out of sequence packet ,21483,21913
56.888,Received an expired out of sequence packet ,21484,21913
56.8881,Received an expired out of sequence packet ,21485,21913
56.8881,Received an expired out of sequence packet ,21486,21913
57.0216,Received an expired out of sequence packet ,21487,21913
57.0247,Received an expired out of sequence packet ,21488,21913
57.0248,Received an expired out of sequence packet ,21489,21913
57.0248,Received an expired out of sequence packet ,21490,21913
57.0248,Received an expired out of sequence packet ,21491,21913
57.0248,Received an expired out of sequence packet ,21492,21913
57.0258,Received an expired out of sequence packet ,21493,21913
57.0259,Received an expired out of sequence packet ,21494,21913
57.0289,Received an expired out of sequence packet ,21495,21913
57.0289,Received an expired out of sequence packet ,21496,21913
57.029,Received an expired out of sequence packet ,21497,21913
57.029,Received an expired out of sequence packet ,21498,21913
57.029,Received an expired out of sequence packet ,21499,21913
57.029,Received an expired out of sequence packet ,21500,21913
57.029,Received an expired out of sequence packet ,21501,21913
57.029,Received an expired out of sequence packet ,21502,21913
57.0291,Received an expired out of sequence packet ,21503,21913
57.0291,Received an expired out of sequence packet ,21504,21913
57.0291,Received an expired out of sequence packet ,21505,21913
57.0291,Received an expired out of sequence packet ,21506,21913
57.0601,Received an expired out of sequence packet ,21507,21913
57.0601,Received an expired out of sequence packet ,21508,21913
57.0601,Received an expired out of sequence packet ,21509,21913
57.0682,Received an expired out of sequence packet ,21510,21913
57.0682,Received an expired out of sequence packet ,21511,21913
57.0683,Received an expired out of sequence packet ,21512,21913
57.0683,Received an expired out of sequence packet ,21513,21913
57.0714,Received an expired out of sequence packet ,21514,21913
57.0714,Received an expired out of sequence packet ,21515,21913
57.0725,Received an expired out of sequence packet ,21516,21913
57.0725,Received an expired out of sequence packet ,21517,21913
57.0725,Received an expired out of sequence packet ,21518,21913
57.1046,Received an expired out of sequence packet ,21519,21913
57.1056,Received an expired out of sequence packet ,21520,21913
57.1057,Received an expired out of sequence packet ,21521,21913
57.1057,Received an expired out of sequence packet ,21522,21913
57.1161,Received an expired out of sequence packet ,21523,21913
57.1182,Received an expired out of sequence packet ,21524,21913
57.1183,Received an expired out of sequence packet ,21525,21913
57.1194,Received an expired out of sequence packet ,21526,21913
57.1194,Received an expired out of sequence packet ,21527,21913
57.1194,Received an expired out of sequence packet ,21528,21913
57.1194,Received an expired out of sequence packet ,21529,21913
57.1215,Received an expired out of sequence packet ,21530,21913
57.1215,Received an expired out of sequence packet ,21531,21913
57.1216,Received an expired out of sequence packet ,21532,21913
57.1216,Received an expired out of sequence packet ,21533,21913
57.1216,Received an expired out of sequence packet ,21534,21913
57.1216,Received an expired out of sequence packet ,21535,21913
57.1216,Received an expired out of sequence packet ,21536,21913
57.1227,Received an expired out of sequence packet ,21537,21913
57.1227,Received an expired out of sequence packet ,21538,21913
57.1227,Received an expired out of sequence packet ,21539,21913
57.1227,Received an expired out of sequence packet ,21540,21913
57.1227,Received an expired out of sequence packet ,21541,21913
57.1227,Received an expired out of sequence packet ,21542,21913
57.1228,Received an expired out of sequence packet ,21543,21913
57.1259,Received an expired out of sequence packet ,21544,21913
57.1259,Received an expired out of sequence packet ,21545,21913
57.1259,Received an expired out of sequence packet ,21546,21913
57.1259,Received an expired out of sequence packet ,21547,21913
57.1259,Received an expired out of sequence packet ,21548,21913
57.1259,Received an expired out of sequence packet ,21549,21913
57.126,Received an expired out of sequence packet ,21550,21913
57.126,Received an expired out of sequence packet ,21551,21913
57.126,Received an expired out of sequence packet ,21552,21913
57.126,Received an expired out of sequence packet ,21553,21913
57.126,Received an expired out of sequence packet ,21554,21913
57.126,Received an expired out of sequence packet ,21555,21913
57.126,Received an expired out of sequence packet ,21556,21913
57.1261,Received an expired out of sequence packet ,21557,21913
57.1261,Received an expired out of sequence packet ,21558,21913
57.1261,Received an expired out of sequence packet ,21559,21913
57.1261,Received an expired out of sequence packet ,21560,21913
57.1261,Received an expired out of sequence packet ,21561,21913
57.1261,Received an expired out of sequence packet ,21562,21913
57.1262,Received an expired out of sequence packet ,21563,21913
57.1262,Received an expired out of sequence packet ,21564,21913
57.1341,Received an expired out of sequence packet ,21565,21913
57.1341,Received an expired out of sequence packet ,21566,21913
57.1341,Received an expired out of sequence packet ,21567,21913
57.1341,Received an expired out of sequence packet ,21568,21913
57.2984,Received an expired out of sequence packet ,21569,21913
57.2984,Received an expired out of sequence packet ,21570,21913
57.3144,Received an expired out of sequence packet ,21571,21913
57.3144,Received an expired out of sequence packet ,21572,21913
57.3182,Received an expired out of sequence packet ,21573,21913
57.3182,Received an expired out of sequence packet ,21574,21913
57.3182,Received an expired out of sequence packet ,21575,21913
57.3182,Received an expired out of sequence packet ,21576,21913
57.3211,Received an expired out of sequence packet ,21577,21913
57.3211,Received an expired out of sequence packet ,21578,21913
57.3211,Received an expired out of sequence packet ,21579,21913
57.3211,Received an expired out of sequence packet ,21580,21913
57.3211,Received an expired out of sequence packet ,21581,21913
57.3212,Received an expired out of sequence packet ,21582,21913
57.3212,Received an expired out of sequence packet ,21583,21913
57.3212,Received an expired out of sequence packet ,21584,21913
57.3212,Received an expired out of sequence packet ,21585,21913
57.3212,Received an expired out of sequence packet ,21586,21913
57.3213,Received an expired out of sequence packet ,21587,21913
57.3213,Received an expired out of sequence packet ,21588,21913
57.3283,Received an expired out of sequence packet ,21589,21913
57.3284,Received an expired out of sequence packet ,21590,21913
57.3284,Received an expired out of sequence packet ,21591,21913
57.3284,Received an expired out of sequence packet ,21592,21913
57.3304,Received an expired out of sequence packet ,21593,21913
57.3305,Received an expired out of sequence packet ,21594,21913
57.3305,Received an expired out of sequence packet ,21595,21913
57.3305,Received an expired out of sequence packet ,21596,21913
57.3346,Received an expired out of sequence packet ,21597,21913
57.3346,Received an expired out of sequence packet ,21598,21913
57.3346,Received an expired out of sequence packet ,21599,21913
57.3347,Received an expired out of sequence packet ,21600,21913
57.3347,Received an expired out of sequence packet ,21601,21913
57.3347,Received an expired out of sequence packet ,21602,21913
57.3347,Received an expired out of sequence packet ,21603,21913
57.3347,Received an expired out of sequence packet ,21604,21913
57.3347,Received an expired out of sequence packet ,21605,21913
57.3348,Received an expired out of sequence packet ,21606,21913
57.3348,Received an expired out of sequence packet ,21607,21913
57.3348,Received an expired out of sequence packet ,21608,21913
57.3348,Received an expired out of sequence packet ,21609,21913
57.3348,Received an expired out of sequence packet ,21610,21913
57.3348,Received an expired out of sequence packet ,21611,21913
57.3349,Received an expired out of sequence packet ,21612,21913
57.3349,Received an expired out of sequence packet ,21613,21913
57.3358,Received an expired out of sequence packet ,21614,21913
57.3358,Received an expired out of sequence packet ,21615,21913
57.3359,Received an expired out of sequence packet ,21616,21913
57.3359,Received an expired out of sequence packet ,21617,21913
57.3359,Received an expired out of sequence packet ,21618,21913
57.3359,Received an expired out of sequence packet ,21619,21913
57.3359,Received an expired out of sequence packet ,21620,21913
57.3359,Received an expired out of sequence packet ,21621,21913
57.337,Received an expired out of sequence packet ,21622,21913
57.337,Received an expired out of sequence packet ,21623,21913
57.337,Received an expired out of sequence packet ,21624,21913
57.3421,Received an expired out of sequence packet ,21625,21913
57.3814,Received an expired out of sequence packet ,21626,21913
57.3814,Received an expired out of sequence packet ,21627,21913
57.3814,Received an expired out of sequence packet ,21628,21913
57.3814,Received an expired out of sequence packet ,21629,21913
57.392,Received an expired out of sequence packet ,21630,21913
57.392,Received an expired out of sequence packet ,21631,21913
57.392,Received an expired out of sequence packet ,21632,21913
57.392,Received an expired out of sequence packet ,21633,21913
57.3941,Received an expired out of sequence packet ,21634,21913
57.3942,Received an expired out of sequence packet ,21635,21913
57.3942,Received an expired out of sequence packet ,21636,21913
57.3942,Received an expired out of sequence packet ,21637,21913
57.3953,Received an expired out of sequence packet ,21638,21913
57.3953,Received an expired out of sequence packet ,21639,21913
57.3985,Received an expired out of sequence packet ,21640,21913
57.3985,Received an expired out of sequence packet ,21641,21913
57.3985,Received an expired out of sequence packet ,21642,21913
57.3985,Received an expired out of sequence packet ,21643,21913
57.3985,Received an expired out of sequence packet ,21644,21913
57.3985,Received an expired out of sequence packet ,21645,21913
57.3986,Received an expired out of sequence packet ,21646,21913
57.3986,Received an expired out of sequence packet ,21647,21913
57.3986,Received an expired out of sequence packet ,21648,21913
57.3986,Received an expired out of sequence packet ,21649,21913
57.3986,Received an expired out of sequence packet ,21650,21913
57.3986,Received an expired out of sequence packet ,21651,21913
57.3987,Received an expired out of sequence packet ,21652,21913
57.3987,Received an expired out of sequence packet ,21653,21913
57.3987,Received an expired out of sequence packet ,21654,21913
57.3987,Received an expired out of sequence packet ,21655,21913
57.4007,Received an expired out of sequence packet ,21656,21913
57.4038,Received an expired out of sequence packet ,21657,21913
57.4038,Received an expired out of sequence packet ,21658,21913
57.4038,Received an expired out of sequence packet ,21659,21913
57.4039,Received an expired out of sequence packet ,21660,21913
57.4039,Received an expired out of sequence packet ,21661,21913
57.4039,Received an expired out of sequence packet ,21662,21913
57.4039,Received an expired out of sequence packet ,21663,21913
57.4039,Received an expired out of sequence packet ,21664,21913
57.4039,Received an expired out of sequence packet ,21665,21913
57.404,Received an expired out of sequence packet ,21666,21913
57.404,Received an expired out of sequence packet ,21667,21913
57.404,Received an expired out of sequence packet ,21668,21913
57.404,Received an expired out of sequence packet ,21669,21913
57.404,Received an expired out of sequence packet ,21670,21913
57.404,Received an expired out of sequence packet ,21671,21913
57.405,Received an expired out of sequence packet ,21672,21913
57.405,Received an expired out of sequence packet ,21673,21913
57.405,Received an expired out of sequence packet ,21674,21913
57.4051,Received an expired out of sequence packet ,21675,21913
57.4256,Received an expired out of sequence packet ,21676,21913
57.4256,Received an expired out of sequence packet ,21677,21913
57.4256,Received an expired out of sequence packet ,21678,21913
57.4256,Received an expired out of sequence packet ,21679,21913
57.4277,Received an expired out of sequence packet ,21680,21913
57.4278,Received an expired out of sequence packet ,21681,21913
57.4278,Received an expired out of sequence packet ,21682,21913
57.4278,Received an expired out of sequence packet ,21683,21913
57.4278,Received an expired out of sequence packet ,21684,21913
57.4278,Received an expired out of sequence packet ,21685,21913
57.4278,Received an expired out of sequence packet ,21686,21913
57.5864,Received an expired out of sequence packet ,21687,21913
57.5864,Received an expired out of sequence packet ,21688,21913
57.5864,Received an expired out of sequence packet ,21689,21913
57.5865,Received an expired out of sequence packet ,21690,21913
57.5865,Received an expired out of sequence packet ,21691,21913
57.5953,Received an expired out of sequence packet ,21692,21913
57.5953,Received an expired out of sequence packet ,21693,21913
57.5994,Received an expired out of sequence packet ,21694,21913
57.5994,Received an expired out of sequence packet ,21695,21913
57.5995,Received an expired out of sequence packet ,21696,21913
57.5995,Received an expired out of sequence packet ,21697,21913
57.5995,Received an expired out of sequence packet ,21698,21913
57.6026,Received an expired out of sequence packet ,21699,21913
57.6026,Received an expired out of sequence packet ,21700,21913
57.6026,Received an expired out of sequence packet ,21701,21913
57.6026,Received an expired out of sequence packet ,21702,21913
57.6026,Received an expired out of sequence packet ,21703,21913
57.6027,Received an expired out of sequence packet ,21704,21913
57.6027,Received an expired out of sequence packet ,21705,21913
57.6027,Received an expired out of sequence packet ,21706,21913
57.6027,Received an expired out of sequence packet ,21707,21913
57.6027,Received an expired out of sequence packet ,21708,21913
57.6027,Received an expired out of sequence packet ,21709,21913
57.6028,Received an expired out of sequence packet ,21710,21913
57.6028,Received an expired out of sequence packet ,21711,21913
57.6028,Received an expired out of sequence packet ,21712,21913
57.6028,Received an expired out of sequence packet ,21713,21913
57.6058,Received an expired out of sequence packet ,21714,21913
57.6058,Received an expired out of sequence packet ,21715,21913
57.6059,Received an expired out of sequence packet ,21716,21913
57.6059,Received an expired out of sequence packet ,21717,21913
57.6059,Received an expired out of sequence packet ,21718,21913
57.6059,Received an expired out of sequence packet ,21719,21913
57.6059,Received an expired out of sequence packet ,21720,21913
57.606,Received an expired out of sequence packet ,21721,21913
57.606,Received an expired out of sequence packet ,21722,21913
57.6154,Received an expired out of sequence packet ,21723,21913
57.6154,Received an expired out of sequence packet ,21724,21913
57.6155,Received an expired out of sequence packet ,21725,21913
57.6155,Received an expired out of sequence packet ,21726,21913
57.6155,Received an expired out of sequence packet ,21727,21913
57.6356,Received an expired out of sequence packet ,21728,21913
57.6356,Received an expired out of sequence packet ,21729,21913
57.6387,Received an expired out of sequence packet ,21730,21913
57.6387,Received an expired out of sequence packet ,21731,21913
57.6387,Received an expired out of sequence packet ,21732,21913
57.6387,Received an expired out of sequence packet ,21733,21913
57.6398,Received an expired out of sequence packet ,21734,21913
57.6398,Received an expired out of sequence packet ,21735,21913
57.6398,Received an expired out of sequence packet ,21736,21913
57.6398,Received an expired out of sequence packet ,21737,21913
57.6398,Received an expired out of sequence packet ,21738,21913
57.6399,Received an expired out of sequence packet ,21739,21913
57.6399,Received an expired out of sequence packet ,21740,21913
57.6425,Received an expired out of sequence packet ,21741,21913
57.6425,Received an expired out of sequence packet ,21742,21913
57.6425,Received an expired out of sequence packet ,21743,21913
57.6426,Received an expired out of sequence packet ,21744,21913
57.6466,Received an expired out of sequence packet ,21745,21913
57.6466,Received an expired out of sequence packet ,21746,21913
57.6467,Received an expired out of sequence packet ,21747,21913
57.6467,Received an expired out of sequence packet ,21748,21913
57.6467,Received an expired out of sequence packet ,21749,21913
57.6467,Received an expired out of sequence packet ,21750,21913
57.6467,Received an expired out of sequence packet ,21751,21913
57.6467,Received an expired out of sequence packet ,21752,21913
57.6467,Received an expired out of sequence packet ,21753,21913
57.6468,Received an expired out of sequence packet ,21754,21913
57.6468,Received an expired out of sequence packet ,21755,21913
57.6468,Received an expired out of sequence packet ,21756,21913
57.6468,Received an expired out of sequence packet ,21757,21913
57.6468,Received an expired out of sequence packet ,21758,21913
57.6468,Received an expired out of sequence packet ,21759,21913
57.6607,Received an expired out of sequence packet ,21760,21913
57.6607,Received an expired out of sequence packet ,21761,21913
57.6608,Received an expired out of sequence packet ,21762,21913
57.6608,Received an expired out of sequence packet ,21763,21913
57.6608,Received an expired out of sequence packet ,21764,21913
57.6608,Received an expired out of sequence packet ,21765,21913
57.6609,Received an expired out of sequence packet ,21766,21913
57.6609,Received an expired out of sequence packet ,21767,21913
57.6609,Received an expired out of sequence packet ,21768,21913
57.6609,Received an expired out of sequence packet ,21769,21913
57.6609,Received an expired out of sequence packet ,21770,21913
57.6609,Received an expired out of sequence packet ,21771,21913
57.6649,Received an expired out of sequence packet ,21772,21913
57.6649,Received an expired out of sequence packet ,21773,21913
57.6649,Received an expired out of sequence packet ,21774,21913
57.665,Received an expired out of sequence packet ,21775,21913
57.718,Received an expired out of sequence packet ,21776,21913
57.7181,Received an expired out of sequence packet ,21777,21913
57.7181,Received an expired out of sequence packet ,21778,21913
57.7181,Received an expired out of sequence packet ,21779,21913
57.7201,Received an expired out of sequence packet ,21780,21913
57.7201,Received an expired out of sequence packet ,21781,21913
57.7202,Received an expired out of sequence packet ,21782,21913
57.7292,Received an expired out of sequence packet ,21783,21913
57.7323,Received an expired out of sequence packet ,21784,21913
57.7323,Received an expired out of sequence packet ,21785,21913
57.7323,Received an expired out of sequence packet ,21786,21913
57.8947,Received an expired out of sequence packet ,21787,21913
57.8947,Received an expired out of sequence packet ,21788,21913
57.8947,Received an expired out of sequence packet ,21789,21913
57.8947,Received an expired out of sequence packet ,21790,21913
57.8948,Received an expired out of sequence packet ,21791,21913
57.8968,Received an expired out of sequence packet ,21792,21913
57.8968,Received an expired out of sequence packet ,21793,21913
57.8968,Received an expired out of sequence packet ,21794,21913
57.9009,Received an expired out of sequence packet ,21795,21913
57.9009,Received an expired out of sequence packet ,21796,21913
57.9009,Received an expired out of sequence packet ,21797,21913
57.9009,Received an expired out of sequence packet ,21798,21913
57.901,Received an expired out of sequence packet ,21799,21913
57.901,Received an expired out of sequence packet ,21800,21913
57.901,Received an expired out of sequence packet ,21801,21913
57.901,Received an expired out of sequence packet ,21802,21913
57.901,Received an expired out of sequence packet ,21803,21913
57.904,Received an expired out of sequence packet ,21804,21913
57.9041,Received an expired out of sequence packet ,21805,21913
57.9041,Received an expired out of sequence packet ,21806,21913
57.9041,Received an expired out of sequence packet ,21807,21913
57.9041,Received an expired out of sequence packet ,21808,21913
57.9041,Received an expired out of sequence packet ,21809,21913
57.9041,Received an expired out of sequence packet ,21810,21913
57.9042,Received an expired out of sequence packet ,21811,21913
57.9042,Received an expired out of sequence packet ,21812,21913
57.9042,Received an expired out of sequence packet ,21813,21913
57.9061,Received an expired out of sequence packet ,21814,21913
57.9062,Received an expired out of sequence packet ,21815,21913
57.9062,Received an expired out of sequence packet ,21816,21913
57.9062,Received an expired out of sequence packet ,21817,21913
57.9062,Received an expired out of sequence packet ,21818,21913
57.9062,Received an expired out of sequence packet ,21819,21913
57.9112,Received an expired out of sequence packet ,21820,21913
57.9113,Received an expired out of sequence packet ,21821,21913
57.9113,Received an expired out of sequence packet ,21822,21913
57.9113,Received an expired out of sequence packet ,21823,21913
57.9113,Received an expired out of sequence packet ,21824,21913
57.9113,Received an expired out of sequence packet ,21825,21913
57.9113,Received an expired out of sequence packet ,21826,21913
57.9114,Received an expired out of sequence packet ,21827,21913
57.9114,Received an expired out of sequence packet ,21828,21913
57.9114,Received an expired out of sequence packet ,21829,21913
57.9114,Received an expired out of sequence packet ,21830,21913
57.9114,Received an expired out of sequence packet ,21831,21913
57.9114,Received an expired out of sequence packet ,21832,21913
57.938,Received an expired out of sequence packet ,21833,21913
57.938,Received an expired out of sequence packet ,21834,21913
57.9381,Received an expired out of sequence packet ,21835,21913
57.9381,Received an expired out of sequence packet ,21836,21913
57.9381,Received an expired out of sequence packet ,21837,21913
57.9381,Received an expired out of sequence packet ,21838,21913
57.9401,Received an expired out of sequence packet ,21839,21913
57.9402,Received an expired out of sequence packet ,21840,21913
57.9402,Received an expired out of sequence packet ,21841,21913
57.9402,Received an expired out of sequence packet ,21842,21913
57.9402,Received an expired out of sequence packet ,21843,21913
57.9422,Received an expired out of sequence packet ,21844,21913
57.9422,Received an expired out of sequence packet ,21845,21913
57.9423,Received an expired out of sequence packet ,21846,21913
57.9423,Received an expired out of sequence packet ,21847,21913
57.9433,Received an expired out of sequence packet ,21848,21913
57.9433,Received an expired out of sequence packet ,21849,21913
57.9434,Received an expired out of sequence packet ,21850,21913
57.9434,Received an expired out of sequence packet ,21851,21913
57.9434,Received an expired out of sequence packet ,21852,21913
57.9434,Received an expired out of sequence packet ,21853,21913
57.9434,Received an expired out of sequence packet ,21854,21913
57.9434,Received an expired out of sequence packet ,21855,21913
57.9435,Received an expired out of sequence packet ,21856,21913
57.9435,Received an expired out of sequence packet ,21857,21913
57.9435,Received an expired out of sequence packet ,21858,21913
57.9435,Received an expired out of sequence packet ,21859,21913
57.9435,Received an expired out of sequence packet ,21860,21913
57.9435,Received an expired out of sequence packet ,21861,21913
57.9436,Received an expired out of sequence packet ,21862,21913
57.9436,Received an expired out of sequence packet ,21863,21913
57.9436,Received an expired out of sequence packet ,21864,21913
57.9436,Received an expired out of sequence packet ,21865,21913
57.9465,Received an expired out of sequence packet ,21866,21913
57.9465,Received an expired out of sequence packet ,21867,21913
57.9465,Received an expired out of sequence packet ,21868,21913
57.9466,Received an expired out of sequence packet ,21869,21913
57.9466,Received an expired out of sequence packet ,21870,21913
58.0934,Received an expired out of sequence packet ,21871,21913
58.0934,Received an expired out of sequence packet ,21872,21913
58.0935,Received an expired out of sequence packet ,21873,21913
58.0935,Received an expired out of sequence packet ,21874,21913
58.0935,Received an expired out of sequence packet ,21875,21913
58.0935,Received an expired out of sequence packet ,21876,21913
58.1786,Received an expired out of sequence packet ,21877,21913
58.1787,Received an expired out of sequence packet ,21878,21913
58.1787,Received an expired out of sequence packet ,21879,21913
58.1787,Received an expired out of sequence packet ,21880,21913
58.1787,Received an expired out of sequence packet ,21881,21913
58.1787,Received an expired out of sequence packet ,21882,21913
58.1788,Received an expired out of sequence packet ,21883,21913
58.1788,Received an expired out of sequence packet ,21884,21913
58.1788,Received an expired out of sequence packet ,21885,21913
58.1788,Received an expired out of sequence packet ,21886,21913
58.1788,Received an expired out of sequence packet ,21887,21913
58.1788,Received an expired out of sequence packet ,21888,21913
58.1818,Received an expired out of sequence packet ,21889,21913
58.1819,Received an expired out of sequence packet ,21890,21913
58.1819,Received an expired out of sequence packet ,21891,21913
58.185,Received an expired out of sequence packet ,21892,21913
58.185,Received an expired out of sequence packet ,21893,21913
58.1851,Received an expired out of sequence packet ,21894,21913
58.1851,Received an expired out of sequence packet ,21895,21913
58.1851,Received an expired out of sequence packet ,21896,21913
58.1851,Received an expired out of sequence packet ,21897,21913
58.1851,Received an expired out of sequence packet ,21898,21913
58.1851,Received an expired out of sequence packet ,21899,21913
58.1852,Received an expired out of sequence packet ,21900,21913
58.1852,Received an expired out of sequence packet ,21901,21913
58.1852,Received an expired out of sequence packet ,21902,21913
58.1852,Received an expired out of sequence packet ,21903,21913
58.1852,Received an expired out of sequence packet ,21904,21913
58.1853,Received an expired out of sequence packet ,21905,21913
58.1853,Received an expired out of sequence packet ,21906,21913
58.1872,Received an expired out of sequence packet ,21907,21913
58.1873,Received an expired out of sequence packet ,21908,21913
58.1873,Received an expired out of sequence packet ,21909,21913
58.1873,Received an expired out of sequence packet ,21910,21913
58.1873,Received an expired out of sequence packet ,21911,21913
58.1873,Received an expired out of sequence packet ,21912,21913
67.5295,Timeout
67.5296,clearing sending list because of timeout
67.8104,Received an expired out of sequence packet ,30519,30520
75.1451,Timeout
75.1451,clearing sending list because of timeout
75.1552,Received an expired out of sequence packet ,34193,34289
75.1552,Received an expired out of sequence packet ,34194,34289
75.1623,Received an expired out of sequence packet ,34195,34289
75.1713,Received an expired out of sequence packet ,34196,34289
75.1865,Received an expired out of sequence packet ,34197,34289
75.1993,Received an expired out of sequence packet ,34198,34289
75.2076,Received an expired out of sequence packet ,34199,34289
75.2076,Received an expired out of sequence packet ,34200,34289
75.2076,Received an expired out of sequence packet ,34201,34289
75.2097,Received an expired out of sequence packet ,34202,34289
75.2167,Received an expired out of sequence packet ,34203,34289
75.2229,Received an expired out of sequence packet ,34204,34289
75.226,Received an expired out of sequence packet ,34205,34289
75.2331,Received an expired out of sequence packet ,34206,34289
75.2382,Received an expired out of sequence packet ,34207,34289
75.2485,Received an expired out of sequence packet ,34208,34289
75.2547,Received an expired out of sequence packet ,34209,34289
75.2597,Received an expired out of sequence packet ,34210,34289
75.2658,Received an expired out of sequence packet ,34211,34289
75.2708,Received an expired out of sequence packet ,34212,34289
75.2885,Received an expired out of sequence packet ,34213,34289
75.2915,Received an expired out of sequence packet ,34214,34289
75.2988,Received an expired out of sequence packet ,34215,34289
75.2988,Received an expired out of sequence packet ,34216,34289
75.3059,Received an expired out of sequence packet ,34217,34289
75.3059,Received an expired out of sequence packet ,34218,34289
75.312,Received an expired out of sequence packet ,34219,34289
75.312,Received an expired out of sequence packet ,34220,34289
75.316,Received an expired out of sequence packet ,34221,34289
75.3182,Received an expired out of sequence packet ,34222,34289
75.3365,Received an expired out of sequence packet ,34223,34289
75.3366,Received an expired out of sequence packet ,34224,34289
75.3366,Received an expired out of sequence packet ,34225,34289
75.3387,Received an expired out of sequence packet ,34226,34289
75.3388,Received an expired out of sequence packet ,34227,34289
75.347,Received an expired out of sequence packet ,34228,34289
75.3566,Received an expired out of sequence packet ,34229,34289
75.3587,Received an expired out of sequence packet ,34230,34289
75.3587,Received an expired out of sequence packet ,34231,34289
75.3587,Received an expired out of sequence packet ,34232,34289
75.3649,Received an expired out of sequence packet ,34233,34289
75.365,Received an expired out of sequence packet ,34234,34289
75.367,Received an expired out of sequence packet ,34235,34289
75.3701,Received an expired out of sequence packet ,34236,34289
75.3734,Received an expired out of sequence packet ,34237,34289
75.3755,Received an expired out of sequence packet ,34238,34289
75.38,Received an expired out of sequence packet ,34239,34289
75.382,Received an expired out of sequence packet ,34240,34289
75.3874,Received an expired out of sequence packet ,34241,34289
75.3875,Received an expired out of sequence packet ,34242,34289
75.3906,Received an expired out of sequence packet ,34243,34289
75.3937,Received an expired out of sequence packet ,34244,34289
75.3937,Received an expired out of sequence packet ,34245,34289
75.3958,Received an expired out of sequence packet ,34246,34289
75.398,Received an expired out of sequence packet ,34247,34289
75.3991,Received an expired out of sequence packet ,34248,34289
75.4013,Received an expired out of sequence packet ,34249,34289
75.4048,Received an expired out of sequence packet ,34250,34289
75.4069,Received an expired out of sequence packet ,34251,34289
75.4231,Received an expired out of sequence packet ,34252,34289
75.4231,Received an expired out of sequence packet ,34253,34289
75.4232,Received an expired out of sequence packet ,34254,34289
75.4232,Received an expired out of sequence packet ,34255,34289
75.4253,Received an expired out of sequence packet ,34256,34289
75.4253,Received an expired out of sequence packet ,34257,34289
75.4263,Received an expired out of sequence packet ,34258,34289
75.4304,Received an expired out of sequence packet ,34259,34289
75.4304,Received an expired out of sequence packet ,34260,34289
75.4304,Received an expired out of sequence packet ,34261,34289
75.4314,Received an expired out of sequence packet ,34262,34289
75.4314,Received an expired out of sequence packet ,34263,34289
75.4314,Received an expired out of sequence packet ,34264,34289
75.4337,Received an expired out of sequence packet ,34265,34289
75.4358,Received an expired out of sequence packet ,34266,34289
75.4369,Received an expired out of sequence packet ,34267,34289
75.4399,Received an expired out of sequence packet ,34268,34289
75.442,Received an expired out of sequence packet ,34269,34289
75.4481,Received an expired out of sequence packet ,34270,34289
75.4481,Received an expired out of sequence packet ,34271,34289
75.4512,Received an expired out of sequence packet ,34272,34289
75.4523,Received an expired out of sequence packet ,34273,34289
75.4574,Received an expired out of sequence packet ,34274,34289
75.4637,Received an expired out of sequence packet ,34275,34289
75.4678,Received an expired out of sequence packet ,34276,34289
75.472,Received an expired out of sequence packet ,34277,34289
75.4731,Received an expired out of sequence packet ,34278,34289
75.4779,Received an expired out of sequence packet ,34279,34289
75.479,Received an expired out of sequence packet ,34280,34289
75.4932,Received an expired out of sequence packet ,34281,34289
75.4999,Received an expired out of sequence packet ,34282,34289
75.511,Received an expired out of sequence packet ,34283,34289
75.511,Received an expired out of sequence packet ,34284,34289
75.5131,Received an expired out of sequence packet ,34285,34289
75.5142,Received an expired out of sequence packet ,34286,34289
75.5153,Received an expired out of sequence packet ,34287,34289
75.5153,Received an expired out of sequence packet ,34288,34289
204.225,Timeout
204.225,clearing sending list because of timeout
204.49,Timeout
204.49,clearing sending list because of timeout
204.729,Received an expired out of sequence packet ,110741,110790
204.729,Received an expired out of sequence packet ,110742,110790
204.729,Received an expired out of sequence packet ,110743,110790
204.729,Received an expired out of sequence packet ,110744,110790
204.729,Received an expired out of sequence packet ,110745,110790
204.729,Received an expired out of sequence packet ,110746,110790
204.729