1.2154,Exit slow start,exceeding SS_EXIT_THRESHOLD
33.6082,Timeout
33.6082,clearing sending list because of timeout
33.6894,Received an expired out of sequence packet ,17133,17159
33.6906,Received an expired out of sequence packet ,17134,17159
33.6938,Received an expired out of sequence packet ,17135,17159
33.6938,Received an expired out of sequence packet ,17136,17159
33.695,Received an expired out of sequence packet ,17137,17159
33.6971,Received an expired out of sequence packet ,17138,17159
33.6983,Received an expired out of sequence packet ,17139,17159
33.7006,Received an expired out of sequence packet ,17140,17159
33.7016,Received an expired out of sequence packet ,17141,17159
33.7016,Received an expired out of sequence packet ,17142,17159
33.7028,Received an expired out of sequence packet ,17143,17159
33.7059,Received an expired out of sequence packet ,17144,17159
33.707,Received an expired out of sequence packet ,17145,17159
33.7094,Received an expired out of sequence packet ,17146,17159
33.7094,Received an expired out of sequence packet ,17147,17159
33.7115,Received an expired out of sequence packet ,17148,17159
33.7137,Received an expired out of sequence packet ,17149,17159
33.7137,Received an expired out of sequence packet ,17150,17159
33.7148,Received an expired out of sequence packet ,17151,17159
33.7169,Received an expired out of sequence packet ,17152,17159
33.7169,Received an expired out of sequence packet ,17153,17159
33.718,Received an expired out of sequence packet ,17154,17159
33.7191,Received an expired out of sequence packet ,17155,17159
33.7222,Received an expired out of sequence packet ,17156,17159
33.7234,Received an expired out of sequence packet ,17157,17159
33.7265,Received an expired out of sequence packet ,17158,17159
45.2949,Restart,can't map delay on delay curve
46.7728,Exit slow start,exceeding SS_EXIT_THRESHOLD
59.5117,Missing packet expired,14801
63.0995,Missing packet expired,22404
63.5482,Missing packet expired,24081
113.298,Missing packet expired,63943
161.215,Timeout
161.215,clearing sending list because of timeout
161.471,Timeout
161.471,clearing sending list because of timeout
161.727,Timeout
161.727,clearing sending list because of timeout
161.822,Received an expired out of sequence packet ,95087,95092
161.824,Received an expired out of sequence packet ,95088,95092
161.824,Received an expired out of sequence packet ,95089,95092
161.824,Received an expired out of sequence packet ,95090,95092
161.824,Received an expired out of sequence packet ,95091,95092
166.358,Restart,can't map delay on delay curve
167.067,Exit slow start,exceeding SS_EXIT_THRESHOLD
167.067,Restart,Alglib M<4!
168.429,Exit slow start,exceeding SS_EXIT_THRESHOLD
190.309,Missing packet expired,19324
220.995,Timeout
220.995,clearing sending list because of timeout
221.172,Received an expired out of sequence packet ,31859,31883
221.197,Received an expired out of sequence packet ,31860,31883
221.212,Received an expired out of sequence packet ,31861,31883
221.256,Received an expired out of sequence packet ,31862,31883
221.27,Received an expired out of sequence packet ,31863,31883
221.296,Received an expired out of sequence packet ,31864,31883
221.32,Received an expired out of sequence packet ,31865,31883
221.337,Received an expired out of sequence packet ,31866,31883
221.359,Received an expired out of sequence packet ,31867,31883
221.375,Received an expired out of sequence packet ,31868,31883
221.389,Received an expired out of sequence packet ,31869,31883
221.403,Received an expired out of sequence packet ,31870,31883
221.405,Received an expired out of sequence packet ,31871,31883
221.405,Received an expired out of sequence packet ,31872,31883
221.405,Received an expired out of sequence packet ,31873,31883
221.405,Received an expired out of sequence packet ,31874,31883
221.406,Received an expired out of sequence packet ,31875,31883
221.406,Received an expired out of sequence packet ,31876,31883
221.406,Received an expired out of sequence packet ,31877,31883
221.406,Received an expired out of sequence packet ,31878,31883
221.407,Received an expired out of sequence packet ,31879,31883
221.407,Received an expired out of sequence packet ,31880,31883
221.407,Received an expired out of sequence packet ,31881,31883
221.407,Received an expired out of sequence packet ,31882,31883
224.416,Timeout
224.416,clearing sending list because of timeout
224.931,Received an expired out of sequence packet ,32341,33870
224.931,Received an expired out of sequence packet ,32342,33870
224.947,Received an expired out of sequence packet ,32343,33870
224.947,Received an expired out of sequence packet ,32344,33870
224.95,Received an expired out of sequence packet ,32345,33870
224.95,Received an expired out of sequence packet ,32346,33870
224.95,Received an expired out of sequence packet ,32347,33870
224.95,Received an expired out of sequence packet ,32348,33870
224.95,Received an expired out of sequence packet ,32349,33870
224.951,Received an expired out of sequence packet ,32350,33870
224.952,Received an expired out of sequence packet ,32351,33870
224.952,Received an expired out of sequence packet ,32352,33870
224.952,Received an expired out of sequence packet ,32353,33870
224.954,Received an expired out of sequence packet ,32354,33870
224.954,Received an expired out of sequence packet ,32355,33870
224.954,Received an expired out of sequence packet ,32356,33870
224.954,Received an expired out of sequence packet ,32357,33870
224.955,Received an expired out of sequence packet ,32358,33870
224.958,Received an expired out of sequence packet ,32359,33870
224.959,Received an expired out of sequence packet ,32360,33870
224.963,Received an expired out of sequence packet ,32361,33870
224.963,Received an expired out of sequence packet ,32362,33870
224.967,Received an expired out of sequence packet ,32363,33870
224.967,Received an expired out of sequence packet ,32364,33870
224.968,Received an expired out of sequence packet ,32365,33870
224.968,Received an expired out of sequence packet ,32366,33870
224.972,Received an expired out of sequence packet ,32367,33870
224.973,Received an expired out of sequence packet ,32368,33870
224.975,Received an expired out of sequence packet ,32369,33870
224.975,Received an expired out of sequence packet ,32370,33870
224.981,Received an expired out of sequence packet ,32371,33870
224.985,Received an expired out of sequence packet ,32372,33870
224.985,Received an expired out of sequence packet ,32373,33870
224.985,Received an expired out of sequence packet ,32374,33870
224.985,Received an expired out of sequence packet ,32375,33870
224.987,Received an expired out of sequence packet ,32376,33870
224.987,Received an expired out of sequence packet ,32377,33870
224.987,Received an expired out of sequence packet ,32378,33870
224.987,Received an expired out of sequence packet ,32379,33870
224.988,Received an expired out of sequence packet ,32380,33870
224.988,Received an expired out of sequence packet ,32381,33870
224.988,Received an expired out of sequence packet ,32382,33870
224.988,Received an expired out of sequence packet ,32383,33870
224.988,Received an expired out of sequence packet ,32384,33870
224.988,Received an expired out of sequence packet ,32385,33870
224.988,Received an expired out of sequence packet ,32386,33870
224.988,Received an expired out of sequence packet ,32387,33870
224.988,Received an expired out of sequence packet ,32388,33870
224.993,Received an expired out of sequence packet ,32389,33870
224.993,Received an expired out of sequence packet ,32390,33870
224.993,Received an expired out of sequence packet ,32391,33870
224.993,Received an expired out of sequence packet ,32392,33870
224.993,Received an expired out of sequence packet ,32393,33870
224.993,Received an expired out of sequence packet ,32394,33870
224.993,Received an expired out of sequence packet ,32395,33870
224.993,Received an expired out of sequence packet ,32396,33870
224.993,Received an expired out of sequence packet ,32397,33870
224.993,Received an expired out of sequence packet ,32398,33870
224.993,Received an expired out of sequence packet ,32399,33870
224.993,Received an expired out of sequence packet ,32400,33870
224.994,Received an expired out of sequence packet ,32401,33870
224.994,Received an expired out of sequence packet ,32402,33870
224.994,Received an expired out of sequence packet ,32403,33870
224.994,Received an expired out of sequence packet ,32404,33870
224.994,Received an expired out of sequence packet ,32405,33870
224.994,Received an expired out of sequence packet ,32406,33870
224.994,Received an expired out of sequence packet ,32407,33870
224.994,Received an expired out of sequence packet ,32408,33870
224.994,Received an expired out of sequence packet ,32409,33870
224.994,Received an expired out of sequence packet ,32410,33870
224.994,Received an expired out of sequence packet ,32411,33870
224.994,Received an expired out of sequence packet ,32412,33870
224.994,Received an expired out of sequence packet ,32413,33870
225.021,Received an expired out of sequence packet ,32414,33870
225.021,Received an expired out of sequence packet ,32415,33870
225.021,Received an expired out of sequence packet ,32416,33870
225.021,Received an expired out of sequence packet ,32417,33870
225.021,Received an expired out of sequence packet ,32418,33870
225.021,Received an expired out of sequence packet ,32419,33870
225.021,Received an expired out of sequence packet ,32420,33870
225.021,Received an expired out of sequence packet ,32421,33870
225.021,Received an expired out of sequence packet ,32422,33870
225.021,Received an expired out of sequence packet ,32423,33870
225.021,Received an expired out of sequence packet ,32424,33870
225.021,Received an expired out of sequence packet ,32425,33870
225.021,Received an expired out of sequence packet ,32426,33870
225.021,Received an expired out of sequence packet ,32427,33870
225.024,Received an expired out of sequence packet ,32428,33870
225.024,Received an expired out of sequence packet ,32429,33870
225.029,Received an expired out of sequence packet ,32430,33870
225.029,Received an expired out of sequence packet ,32431,33870
225.029,Received an expired out of sequence packet ,32432,33870
225.029,Received an expired out of sequence packet ,32433,33870
225.029,Received an expired out of sequence packet ,32434,33870
225.029,Received an expired out of sequence packet ,32435,33870
225.029,Received an expired out of sequence packet ,32436,33870
225.029,Received an expired out of sequence packet ,32437,33870
225.029,Received an expired out of sequence packet ,32438,33870
225.029,Received an expired out of sequence packet ,32439,33870
225.029,Received an expired out of sequence packet ,32440,33870
225.029,Received an expired out of sequence packet ,32441,33870
225.031,Received an expired out of sequence packet ,32442,33870
225.031,Received an expired out of sequence packet ,32443,33870
225.031,Received an expired out of sequence packet ,32444,33870
225.031,Received an expired out of sequence packet ,32445,33870
225.031,Received an expired out of sequence packet ,32446,33870
225.031,Received an expired out of sequence packet ,32447,33870
225.031,Received an expired out of sequence packet ,32448,33870
225.031,Received an expired out of sequence packet ,32449,33870
225.031,Received an expired out of sequence packet ,32450,33870
225.031,Received an expired out of sequence packet ,32451,33870
225.031,Received an expired out of sequence packet ,32452,33870
225.031,Received an expired out of sequence packet ,32453,33870
225.032,Received an expired out of sequence packet ,32454,33870
225.032,Received an expired out of sequence packet ,32455,33870
225.032,Received an expired out of sequence packet ,32456,33870
225.032,Received an expired out of sequence packet ,32457,33870
225.032,Received an expired out of sequence packet ,32458,33870
225.032,Received an expired out of sequence packet ,32459,33870
225.038,Received an expired out of sequence packet ,32460,33870
225.038,Received an expired out of sequence packet ,32461,33870
225.038,Received an expired out of sequence packet ,32462,33870
225.038,Received an expired out of sequence packet ,32463,33870
225.038,Received an expired out of sequence packet ,32464,33870
225.038,Received an expired out of sequence packet ,32465,33870
225.038,Received an expired out of sequence packet ,32466,33870
225.042,Received an expired out of sequence packet ,32467,33870
225.042,Received an expired out of sequence packet ,32468,33870
225.045,Received an expired out of sequence packet ,32469,33870
225.045,Received an expired out of sequence packet ,32470,33870
225.045,Received an expired out of sequence packet ,32471,33870
225.045,Received an expired out of sequence packet ,32472,33870
225.045,Received an expired out of sequence packet ,32473,33870
225.045,Received an expired out of sequence packet ,32474,33870
225.045,Received an expired out of sequence packet ,32475,33870
225.045,Received an expired out of sequence packet ,32476,33870
225.045,Received an expired out of sequence packet ,32477,33870
225.045,Received an expired out of sequence packet ,32478,33870
225.045,Received an expired out of sequence packet ,32479,33870
225.045,Received an expired out of sequence packet ,32480,33870
225.045,Received an expired out of sequence packet ,32481,33870
225.045,Received an expired out of sequence packet ,32482,33870
225.045,Received an expired out of sequence packet ,32483,33870
225.046,Received an expired out of sequence packet ,32484,33870
225.046,Received an expired out of sequence packet ,32485,33870
225.046,Received an expired out of sequence packet ,32486,33870
225.046,Received an expired out of sequence packet ,32487,33870
225.046,Received an expired out of sequence packet ,32488,33870
225.046,Received an expired out of sequence packet ,32489,33870
225.047,Received an expired out of sequence packet ,32490,33870
225.047,Received an expired out of sequence packet ,32491,33870
225.047,Received an expired out of sequence packet ,32492,33870
225.047,Received an expired out of sequence packet ,32493,33870
225.047,Received an expired out of sequence packet ,32494,33870
225.047,Received an expired out of sequence packet ,32495,33870
225.047,Received an expired out of sequence packet ,32496,33870
225.047,Received an expired out of sequence packet ,32497,33870
225.047,Received an expired out of sequence packet ,32498,33870
225.047,Received an expired out of sequence packet ,32499,33870
225.047,Received an expired out of sequence packet ,32500,33870
225.047,Received an expired out of sequence packet ,32501,33870
225.047,Received an expired out of sequence packet ,32502,33870
225.047,Received an expired out of sequence packet ,32503,33870
225.048,Received an expired out of sequence packet ,32504,33870
225.048,Received an expired out of sequence packet ,32505,33870
225.048,Received an expired out of sequence packet ,32506,33870
225.048,Received an expired out of sequence packet ,32507,33870
225.048,Received an expired out of sequence packet ,32508,33870
225.048,Received an expired out of sequence packet ,32509,33870
225.049,Received an expired out of sequence packet ,32510,33870
225.049,Received an expired out of sequence packet ,32511,33870
225.049,Received an expired out of sequence packet ,32512,33870
225.049,Received an expired out of sequence packet ,32513,33870
225.049,Received an expired out of sequence packet ,32514,33870
225.055,Received an expired out of sequence packet ,32515,33870
225.055,Received an expired out of sequence packet ,32516,33870
225.055,Received an expired out of sequence packet ,32517,33870
225.059,Received an expired out of sequence packet ,32518,33870
225.059,Received an expired out of sequence packet ,32519,33870
225.059,Received an expired out of sequence packet ,32520,33870
225.059,Received an expired out of sequence packet ,32521,33870
225.059,Received an expired out of sequence packet ,32522,33870
225.059,Received an expired out of sequence packet ,32523,33870
225.059,Received an expired out of sequence packet ,32524,33870
225.059,Received an expired out of sequence packet ,32525,33870
225.059,Received an expired out of sequence packet ,32526,33870
225.059,Received an expired out of sequence packet ,32527,33870
225.059,Received an expired out of sequence packet ,32528,33870
225.059,Received an expired out of sequence packet ,32529,33870
225.059,Received an expired out of sequence packet ,32530,33870
225.059,Received an expired out of sequence packet ,32531,33870
225.059,Received an expired out of sequence packet ,32532,33870
225.059,Received an expired out of sequence packet ,32533,33870
225.059,Received an expired out of sequence packet ,32534,33870
225.059,Received an expired out of sequence packet ,32535,33870
225.059,Received an expired out of sequence packet ,32536,33870
225.059,Received an expired out of sequence packet ,32537,33870
225.059,Received an expired out of sequence packet ,32538,33870
225.059,Received an expired out of sequence packet ,32539,33870
225.059,Received an expired out of sequence packet ,32540,33870
225.059,Received an expired out of sequence packet ,32541,33870
225.059,Received an expired out of sequence packet ,32542,33870
225.059,Received an expired out of sequence packet ,32543,33870
225.059,Received an expired out of sequence packet ,32544,33870
225.059,Received an expired out of sequence packet ,32545,33870
225.059,Received an expired out of sequence packet ,32546,33870
225.062,Received an expired out of sequence packet ,32547,33870
225.062,Received an expired out of sequence packet ,32548,33870
225.062,Received an expired out of sequence packet ,32549,33870
225.063,Received an expired out of sequence packet ,32550,33870
225.063,Received an expired out of sequence packet ,32551,33870
225.063,Received an expired out of sequence packet ,32552,33870
225.063,Received an expired out of sequence packet ,32553,33870
225.063,Received an expired out of sequence packet ,32554,33870
225.063,Received an expired out of sequence packet ,32555,33870
225.063,Received an expired out of sequence packet ,32556,33870
225.063,Received an expired out of sequence packet ,32557,33870
225.063,Received an expired out of sequence packet ,32558,33870
225.063,Received an expired out of sequence packet ,32559,33870
225.066,Received an expired out of sequence packet ,32560,33870
225.066,Received an expired out of sequence packet ,32561,33870
225.066,Received an expired out of sequence packet ,32562,33870
225.066,Received an expired out of sequence packet ,32563,33870
225.066,Received an expired out of sequence packet ,32564,33870
225.066,Received an expired out of sequence packet ,32565,33870
225.066,Received an expired out of sequence packet ,32566,33870
225.066,Received an expired out of sequence packet ,32567,33870
225.066,Received an expired out of sequence packet ,32568,33870
225.066,Received an expired out of sequence packet ,32569,33870
225.1,Received an expired out of sequence packet ,32570,33870
225.1,Received an expired out of sequence packet ,32571,33870
225.1,Received an expired out of sequence packet ,32572,33870
225.1,Received an expired out of sequence packet ,32573,33870
225.1,Received an expired out of sequence packet ,32574,33870
225.1,Received an expired out of sequence packet ,32575,33870
225.1,Received an expired out of sequence packet ,32576,33870
225.1,Received an expired out of sequence packet ,32577,33870
225.1,Received an expired out of sequence packet ,32578,33870
225.1,Received an expired out of sequence packet ,32579,33870
225.1,Received an expired out of sequence packet ,32580,33870
225.102,Received an expired out of sequence packet ,32581,33870
225.102,Received an expired out of sequence packet ,32582,33870
225.112,Received an expired out of sequence packet ,32583,33870
225.112,Received an expired out of sequence packet ,32584,33870
225.114,Received an expired out of sequence packet ,32585,33870
225.118,Received an expired out of sequence packet ,32586,33870
225.119,Received an expired out of sequence packet ,32587,33870
225.12,Received an expired out of sequence packet ,32588,33870
225.12,Received an expired out of sequence packet ,32589,33870
225.12,Received an expired out of sequence packet ,32590,33870
225.12,Received an expired out of sequence packet ,32591,33870
225.12,Received an expired out of sequence packet ,32592,33870
225.121,Received an expired out of sequence packet ,32593,33870
225.121,Received an expired out of sequence packet ,32594,33870
225.121,Received an expired out of sequence packet ,32595,33870
225.121,Received an expired out of sequence packet ,32596,33870
225.121,Received an expired out of sequence packet ,32597,33870
225.121,Received an expired out of sequence packet ,32598,33870
225.123,Received an expired out of sequence packet ,32599,33870
225.124,Received an expired out of sequence packet ,32600,33870
225.124,Received an expired out of sequence packet ,32601,33870
225.124,Received an expired out of sequence packet ,32602,33870
225.124,Received an expired out of sequence packet ,32603,33870
225.124,Received an expired out of sequence packet ,32604,33870
225.124,Received an expired out of sequence packet ,32605,33870
225.124,Received an expired out of sequence packet ,32606,33870
225.124,Received an expired out of sequence packet ,32607,33870
225.124,Received an expired out of sequence packet ,32608,33870
225.124,Received an expired out of sequence packet ,32609,33870
225.124,Received an expired out of sequence packet ,32610,33870
225.124,Received an expired out of sequence packet ,32611,33870
225.124,Received an expired out of sequence packet ,32612,33870
225.124,Received an expired out of sequence packet ,32613,33870
225.124,Received an expired out of sequence packet ,32614,33870
225.124,Received an expired out of sequence packet ,32615,33870
225.124,Received an expired out of sequence packet ,32616,33870
225.124,Received an expired out of sequence packet ,32617,33870
225.124,Received an expired out of sequence packet ,32618,33870
225.124,Received an expired out of sequence packet ,32619,33870
225.124,Received an expired out of sequence packet ,32620,33870
225.124,Received an expired out of sequence packet ,32621,33870
225.124,Received an expired out of sequence packet ,32622,33870
225.124,Received an expired out of sequence packet ,32623,33870
225.131,Received an expired out of sequence packet ,32624,33870
225.131,Received an expired out of sequence packet ,32625,33870
225.131,Received an expired out of sequence packet ,32626,33870
225.131,Received an expired out of sequence packet ,32627,33870
225.131,Received an expired out of sequence packet ,32628,33870
225.131,Received an expired out of sequence packet ,32629,33870
225.134,Received an expired out of sequence packet ,32630,33870
225.134,Received an expired out of sequence packet ,32631,33870
225.134,Received an expired out of sequence packet ,32632,33870
225.134,Received an expired out of sequence packet ,32633,33870
225.134,Received an expired out of sequence packet ,32634,33870
225.134,Received an expired out of sequence packet ,32635,33870
225.134,Received an expired out of sequence packet ,32636,33870
225.134,Received an expired out of sequence packet ,32637,33870
225.134,Received an expired out of sequence packet ,32638,33870
225.135,Received an expired out of sequence packet ,32639,33870
225.135,Received an expired out of sequence packet ,32640,33870
225.135,Received an expired out of sequence packet ,32641,33870
225.135,Received an expired out of sequence packet ,32642,33870
225.135,Received an expired out of sequence packet ,32643,33870
225.141,Received an expired out of sequence packet ,32644,33870
225.141,Received an expired out of sequence packet ,32645,33870
225.141,Received an expired out of sequence packet ,32646,33870
225.141,Received an expired out of sequence packet ,32647,33870
225.141,Received an expired out of sequence packet ,32648,33870
225.141,Received an expired out of sequence packet ,32649,33870
225.141,Received an expired out of sequence packet ,32650,33870
225.141,Received an expired out of sequence packet ,32651,33870
225.141,Received an expired out of sequence packet ,32652,33870
225.141,Received an expired out of sequence packet ,32653,33870
225.141,Received an expired out of sequence packet ,32654,33870
225.141,Received an expired out of sequence packet ,32655,33870
225.141,Received an expired out of sequence packet ,32656,33870
225.142,Received an expired out of sequence packet ,32657,33870
225.142,Received an expired out of sequence packet ,32658,33870
225.142,Received an expired out of sequence packet ,32659,33870
225.142,Received an expired out of sequence packet ,32660,33870
225.142,Received an expired out of sequence packet ,32661,33870
225.142,Received an expired out of sequence packet ,32662,33870
225.142,Received an expired out of sequence packet ,32663,33870
225.142,Received an expired out of sequence packet ,32664,33870
225.142,Received an expired out of sequence packet ,32665,33870
225.142,Received an expired out of sequence packet ,32666,33870
225.142,Received an expired out of sequence packet ,32667,33870
225.142,Received an expired out of sequence packet ,32668,33870
225.142,Received an expired out of sequence packet ,32669,33870
225.145,Received an expired out of sequence packet ,32670,33870
225.145,Received an expired out of sequence packet ,32671,33870
225.145,Received an expired out of sequence packet ,32672,33870
225.145,Received an expired out of sequence packet ,32673,33870
225.147,Received an expired out of sequence packet ,32674,33870
225.156,Received an expired out of sequence packet ,32675,33870
225.16,Received an expired out of sequence packet ,32676,33870
225.16,Received an expired out of sequence packet ,32677,33870
225.16,Received an expired out of sequence packet ,32678,33870
225.16,Received an expired out of sequence packet ,32679,33870
225.16,Received an expired out of sequence packet ,32680,33870
225.16,Received an expired out of sequence packet ,32681,33870
225.16,Received an expired out of sequence packet ,32682,33870
225.16,Received an expired out of sequence packet ,32683,33870
225.16,Received an expired out of sequence packet ,32684,33870
225.16,Received an expired out of sequence packet ,32685,33870
225.163,Received an expired out of sequence packet ,32686,33870
225.163,Received an expired out of sequence packet ,32687,33870
225.163,Received an expired out of sequence packet ,32688,33870
225.163,Received an expired out of sequence packet ,32689,33870
225.163,Received an expired out of sequence packet ,32690,33870
225.163,Received an expired out of sequence packet ,32691,33870
225.163,Received an expired out of sequence packet ,32692,33870
225.163,Received an expired out of sequence packet ,32693,33870
225.163,Received an expired out of sequence packet ,32694,33870
225.163,Received an expired out of sequence packet ,32695,33870
225.165,Received an expired out of sequence packet ,32696,33870
225.165,Received an expired out of sequence packet ,32697,33870
225.165,Received an expired out of sequence packet ,32698,33870
225.165,Received an expired out of sequence packet ,32699,33870
225.165,Received an expired out of sequence packet ,32700,33870
225.167,Received an expired out of sequence packet ,32701,33870
225.167,Received an expired out of sequence packet ,32702,33870
225.167,Received an expired out of sequence packet ,32703,33870
225.167,Received an expired out of sequence packet ,32704,33870
225.171,Received an expired out of sequence packet ,32705,33870
225.171,Received an expired out of sequence packet ,32706,33870
225.171,Received an expired out of sequence packet ,32707,33870
225.171,Received an expired out of sequence packet ,32708,33870
225.171,Received an expired out of sequence packet ,32709,33870
225.171,Received an expired out of sequence packet ,32710,33870
225.171,Received an expired out of sequence packet ,32711,33870
225.173,Received an expired out of sequence packet ,32712,33870
225.173,Received an expired out of sequence packet ,32713,33870
225.173,Received an expired out of sequence packet ,32714,33870
225.173,Received an expired out of sequence packet ,32715,33870
225.173,Received an expired out of sequence packet ,32716,33870
225.173,Received an expired out of sequence packet ,32717,33870
225.173,Received an expired out of sequence packet ,32718,33870
225.173,Received an expired out of sequence packet ,32719,33870
225.173,Received an expired out of sequence packet ,32720,33870
225.173,Received an expired out of sequence packet ,32721,33870
225.173,Received an expired out of sequence packet ,32722,33870
225.173,Received an expired out of sequence packet ,32723,33870
225.173,Received an expired out of sequence packet ,32724,33870
225.173,Received an expired out of sequence packet ,32725,33870
225.173,Received an expired out of sequence packet ,32726,33870
225.173,Received an expired out of sequence packet ,32727,33870
225.173,Received an expired out of sequence packet ,32728,33870
225.173,Received an expired out of sequence packet ,32729,33870
225.173,Received an expired out of sequence packet ,32730,33870
225.173,Received an expired out of sequence packet ,32731,33870
225.174,Received an expired out of sequence packet ,32732,33870
225.174,Received an expired out of sequence packet ,32733,33870
225.174,Received an expired out of sequence packet ,32734,33870
225.174,Received an expired out of sequence packet ,32735,33870
225.174,Received an expired out of sequence packet ,32736,33870
225.174,Received an expired out of sequence packet ,32737,33870
225.174,Received an expired out of sequence packet ,32738,33870
225.174,Received an expired out of sequence packet ,32739,33870
225.177,Received an expired out of sequence packet ,32740,33870
225.177,Received an expired out of sequence packet ,32741,33870
225.178,Received an expired out of sequence packet ,32742,33870
225.178,Received an expired out of sequence packet ,32743,33870
225.178,Received an expired out of sequence packet ,32744,33870
225.178,Received an expired out of sequence packet ,32745,33870
225.178,Received an expired out of sequence packet ,32746,33870
225.178,Received an expired out of sequence packet ,32747,33870
225.178,Received an expired out of sequence packet ,32748,33870
225.178,Received an expired out of sequence packet ,32749,33870
225.178,Received an expired out of sequence packet ,32750,33870
225.178,Received an expired out of sequence packet ,32751,33870
225.178,Received an expired out of sequence packet ,32752,33870
225.178,Received an expired out of sequence packet ,32753,33870
225.178,Received an expired out of sequence packet ,32754,33870
225.178,Received an expired out of sequence packet ,32755,33870
225.178,Received an expired out of sequence packet ,32756,33870
225.178,Received an expired out of sequence packet ,32757,33870
225.178,Received an expired out of sequence packet ,32758,33870
225.178,Received an expired out of sequence packet ,32759,33870
225.178,Received an expired out of sequence packet ,32760,33870
225.222,Received an expired out of sequence packet ,32761,33870
225.222,Received an expired out of sequence packet ,32762,33870
225.222,Received an expired out of sequence packet ,32763,33870
225.222,Received an expired out of sequence packet ,32764,33870
225.222,Received an expired out of sequence packet ,32765,33870
225.222,Received an expired out of sequence packet ,32766,33870
225.222,Received an expired out of sequence packet ,32767,33870
225.222,Received an expired out of sequence packet ,32768,33870
225.222,Received an expired out of sequence packet ,32769,33870
225.224,Received an expired out of sequence packet ,32770,33870
225.225,Received an expired out of sequence packet ,32771,33870
225.227,Received an expired out of sequence packet ,32772,33870
225.227,Received an expired out of sequence packet ,32773,33870
225.227,Received an expired out of sequence packet ,32774,33870
225.227,Received an expired out of sequence packet ,32775,33870
225.227,Received an expired out of sequence packet ,32776,33870
225.227,Received an expired out of sequence packet ,32777,33870
225.227,Received an expired out of sequence packet ,32778,33870
225.227,Received an expired out of sequence packet ,32779,33870
225.227,Received an expired out of sequence packet ,32780,33870
225.227,Received an expired out of sequence packet ,32781,33870
225.227,Received an expired out of sequence packet ,32782,33870
225.227,Received an expired out of sequence packet ,32783,33870
225.227,Received an expired out of sequence packet ,32784,33870
225.228,Received an expired out of sequence packet ,32785,33870
225.228,Received an expired out of sequence packet ,32786,33870
225.234,Received an expired out of sequence packet ,32787,33870
225.234,Received an expired out of sequence packet ,32788,33870
225.234,Received an expired out of sequence packet ,32789,33870
225.234,Received an expired out of sequence packet ,32790,33870
225.234,Received an expired out of sequence packet ,32791,33870
225.234,Received an expired out of sequence packet ,32792,33870
225.234,Received an expired out of sequence packet ,32793,33870
225.234,Received an expired out of sequence packet ,32794,33870
225.234,Received an expired out of sequence packet ,32795,33870
225.234,Received an expired out of sequence packet ,32796,33870
225.234,Received an expired out of sequence packet ,32797,33870
225.234,Received an expired out of sequence packet ,32798,33870
225.234,Received an expired out of sequence packet ,32799,33870
225.234,Received an expired out of sequence packet ,32800,33870
225.234,Received an expired out of sequence packet ,32801,33870
225.234,Received an expired out of sequence packet ,32802,33870
225.234,Received an expired out of sequence packet ,32803,33870
225.235,Received an expired out of sequence packet ,32804,33870
225.235,Received an expired out of sequence packet ,32805,33870
225.235,Received an expired out of sequence packet ,32806,33870
225.235,Received an expired out of sequence packet ,32807,33870
225.235,Received an expired out of sequence packet ,32808,33870
225.235,Received an expired out of sequence packet ,32809,33870
225.235,Received an expired out of sequence packet ,32810,33870
225.235,Received an expired out of sequence packet ,32811,33870
225.235,Received an expired out of sequence packet ,32812,33870
225.236,Received an expired out of sequence packet ,32813,33870
225.24,Received an expired out of sequence packet ,32814,33870
225.24,Received an expired out of sequence packet ,32815,33870
225.24,Received an expired out of sequence packet ,32816,33870
225.24,Received an expired out of sequence packet ,32817,33870
225.24,Received an expired out of sequence packet ,32818,33870
225.24,Received an expired out of sequence packet ,32819,33870
225.24,Received an expired out of sequence packet ,32820,33870
225.24,Received an expired out of sequence packet ,32821,33870
225.24,Received an expired out of sequence packet ,32822,33870
225.24,Received an expired out of sequence packet ,32823,33870
225.24,Received an expired out of sequence packet ,32824,33870
225.24,Received an expired out of sequence packet ,32825,33870
225.24,Received an expired out of sequence packet ,32826,33870
225.24,Received an expired out of sequence packet ,32827,33870
225.24,Received an expired out of sequence packet ,32828,33870
225.248,Received an expired out of sequence packet ,32829,33870
225.248,Received an expired out of sequence packet ,32830,33870
225.248,Received an expired out of sequence packet ,32831,33870
225.248,Received an expired out of sequence packet ,32832,33870
225.248,Received an expired out of sequence packet ,32833,33870
225.248,Received an expired out of sequence packet ,32834,33870
225.248,Received an expired out of sequence packet ,32835,33870
225.248,Received an expired out of sequence packet ,32836,33870
225.248,Received an expired out of sequence packet ,32837,33870
225.248,Received an expired out of sequence packet ,32838,33870
225.248,Received an expired out of sequence packet ,32839,33870
225.248,Received an expired out of sequence packet ,32840,33870
225.248,Received an expired out of sequence packet ,32841,33870
225.25,Received an expired out of sequence packet ,32842,33870
225.25,Received an expired out of sequence packet ,32843,33870
225.25,Received an expired out of sequence packet ,32844,33870
225.25,Received an expired out of sequence packet ,32845,33870
225.25,Received an expired out of sequence packet ,32846,33870
225.25,Received an expired out of sequence packet ,32847,33870
225.25,Received an expired out of sequence packet ,32848,33870
225.251,Received an expired out of sequence packet ,32849,33870
225.251,Received an expired out of sequence packet ,32850,33870
225.252,Received an expired out of sequence packet ,32851,33870
225.252,Received an expired out of sequence packet ,32852,33870
225.252,Received an expired out of sequence packet ,32853,33870
225.252,Received an expired out of sequence packet ,32854,33870
225.252,Received an expired out of sequence packet ,32855,33870
225.252,Received an expired out of sequence packet ,32856,33870
225.252,Received an expired out of sequence packet ,32857,33870
225.252,Received an expired out of sequence packet ,32858,33870
225.252,Received an expired out of sequence packet ,32859,33870
225.252,Received an expired out of sequence packet ,32860,33870
225.252,Received an expired out of sequence packet ,32861,33870
225.252,Received an expired out of sequence packet ,32862,33870
225.252,Received an expired out of sequence packet ,32863,33870
225.252,Received an expired out of sequence packet ,32864,33870
225.252,Received an expired out of sequence packet ,32865,33870
225.252,Received an expired out of sequence packet ,32866,33870
225.252,Received an expired out of sequence packet ,32867,33870
225.252,Received an expired out of sequence packet ,32868,33870
225.252,Received an expired out of sequence packet ,32869,33870
225.252,Received an expired out of sequence packet ,32870,33870
225.252,Received an expired out of sequence packet ,32871,33870
225.252,Received an expired out of sequence packet ,32872,33870
225.255,Received an expired out of sequence packet ,32873,33870
225.255,Received an expired out of sequence packet ,32874,33870
225.255,Received an expired out of sequence packet ,32875,33870
225.255,Received an expired out of sequence packet ,32876,33870
225.255,Received an expired out of sequence packet ,32877,33870
225.257,Received an expired out of sequence packet ,32878,33870
225.257,Received an expired out of sequence packet ,32879,33870
225.257,Received an expired out of sequence packet ,32880,33870
225.257,Received an expired out of sequence packet ,32881,33870
225.257,Received an expired out of sequence packet ,32882,33870
225.257,Received an expired out of sequence packet ,32883,33870
225.257,Received an expired out of sequence packet ,32884,33870
225.257,Received an expired out of sequence packet ,32885,33870
225.257,Received an expired out of sequence packet ,32886,33870
225.257,Received an expired out of sequence packet ,32887,33870
225.257,Received an expired out of sequence packet ,32888,33870
225.257,Received an expired out of sequence packet ,32889,33870
225.257,Received an expired out of sequence packet ,32890,33870
225.258,Received an expired out of sequence packet ,32891,33870
225.264,Received an expired out of sequence packet ,32892,33870
225.264,Received an expired out of sequence packet ,32893,33870
225.266,Received an expired out of sequence packet ,32894,33870
225.266,Received an expired out of sequence packet ,32895,33870
225.266,Received an expired out of sequence packet ,32896,33870
225.266,Received an expired out of sequence packet ,32897,33870
225.266,Received an expired out of sequence packet ,32898,33870
225.266,Received an expired out of sequence packet ,32899,33870
225.266,Received an expired out of sequence packet ,32900,33870
225.269,Received an expired out of sequence packet ,32901,33870
225.269,Received an expired out of sequence packet ,32902,33870
225.269,Received an expired out of sequence packet ,32903,33870
225.269,Received an expired out of sequence packet ,32904,33870
225.269,Received an expired out of sequence packet ,32905,33870
225.269,Received an expired out of sequence packet ,32906,33870
225.269,Received an expired out of sequence packet ,32907,33870
225.269,Received an expired out of sequence packet ,32908,33870
225.269,Received an expired out of sequence packet ,32909,33870
225.269,Received an expired out of sequence packet ,32910,33870
225.269,Received an expired out of sequence packet ,32911,33870
225.269,Received an expired out of sequence packet ,32912,33870
225.269,Received an expired out of sequence packet ,32913,33870
225.272,Received an expired out of sequence packet ,32914,33870
225.272,Received an expired out of sequence packet ,32915,33870
225.272,Received an expired out of sequence packet ,32916,33870
225.272,Received an expired out of sequence packet ,32917,33870
225.272,Received an expired out of sequence packet ,32918,33870
225.272,Received an expired out of sequence packet ,32919,33870
225.272,Received an expired out of sequence packet ,32920,33870
225.272,Received an expired out of sequence packet ,32921,33870
225.272,Received an expired out of sequence packet ,32922,33870
225.272,Received an expired out of sequence packet ,32923,33870
225.272,Received an expired out of sequence packet ,32924,33870
225.272,Received an expired out of sequence packet ,32925,33870
225.272,Received an expired out of sequence packet ,32926,33870
225.272,Received an expired out of sequence packet ,32927,33870
225.272,Received an expired out of sequence packet ,32928,33870
225.272,Received an expired out of sequence packet ,32929,33870
225.272,Received an expired out of sequence packet ,32930,33870
225.272,Received an expired out of sequence packet ,32931,33870
225.272,Received an expired out of sequence packet ,32932,33870
225.272,Received an expired out of sequence packet ,32933,33870
225.272,Received an expired out of sequence packet ,32934,33870
225.274,Received an expired out of sequence packet ,32935,33870
225.274,Received an expired out of sequence packet ,32936,33870
225.274,Received an expired out of sequence packet ,32937,33870
225.274,Received an expired out of sequence packet ,32938,33870
225.274,Received an expired out of sequence packet ,32939,33870
225.274,Received an expired out of sequence packet ,32940,33870
225.274,Received an expired out of sequence packet ,32941,33870
225.275,Received an expired out of sequence packet ,32942,33870
225.275,Received an expired out of sequence packet ,32943,33870
225.275,Received an expired out of sequence packet ,32944,33870
225.275,Received an expired out of sequence packet ,32945,33870
225.275,Received an expired out of sequence packet ,32946,33870
225.275,Received an expired out of sequence packet ,32947,33870
225.275,Received an expired out of sequence packet ,32948,33870
225.275,Received an expired out of sequence packet ,32949,33870
225.275,Received an expired out of sequence packet ,32950,33870
225.275,Received an expired out of sequence packet ,32951,33870
225.275,Received an expired out of sequence packet ,32952,33870
225.275,Received an expired out of sequence packet ,32953,33870
225.275,Received an expired out of sequence packet ,32954,33870
225.275,Received an expired out of sequence packet ,32955,33870
225.275,Received an expired out of sequence packet ,32956,33870
225.275,Received an expired out of sequence packet ,32957,33870
225.275,Received an expired out of sequence packet ,32958,33870
225.275,Received an expired out of sequence packet ,32959,33870
225.275,Received an expired out of sequence packet ,32960,33870
225.275,Received an expired out of sequence packet ,32961,33870
225.28,Received an expired out of sequence packet ,32962,33870
225.28,Received an expired out of sequence packet ,32963,33870
225.28,Received an expired out of sequence packet ,32964,33870
225.28,Received an expired out of sequence packet ,32965,33870
225.28,Received an expired out of sequence packet ,32966,33870
225.28,Received an expired out of sequence packet ,32967,33870
225.28,Received an expired out of sequence packet ,32968,33870
225.28,Received an expired out of sequence packet ,32969,33870
225.28,Received an expired out of sequence packet ,32970,33870
225.28,Received an expired out of sequence packet ,32971,33870
225.28,Received an expired out of sequence packet ,32972,33870
225.28,Received an expired out of sequence packet ,32973,33870
225.28,Received an expired out of sequence packet ,32974,33870
225.28,Received an expired out of sequence packet ,32975,33870
225.28,Received an expired out of sequence packet ,32976,33870
225.28,Received an expired out of sequence packet ,32977,33870
225.298,Received an expired out of sequence packet ,32978,33870
225.298,Received an expired out of sequence packet ,32979,33870
225.298,Received an expired out of sequence packet ,32980,33870
225.298,Received an expired out of sequence packet ,32981,33870
225.298,Received an expired out of sequence packet ,32982,33870
225.302,Received an expired out of sequence packet ,32983,33870
225.302,Received an expired out of sequence packet ,32984,33870
225.302,Received an expired out of sequence packet ,32985,33870
225.302,Received an expired out of sequence packet ,32986,33870
225.302,Received an expired out of sequence packet ,32987,33870
225.302,Received an expired out of sequence packet ,32988,33870
225.302,Received an expired out of sequence packet ,32989,33870
225.302,Received an expired out of sequence packet ,32990,33870
225.302,Received an expired out of sequence packet ,32991,33870
225.302,Received an expired out of sequence packet ,32992,33870
225.302,Received an expired out of sequence packet ,32993,33870
225.302,Received an expired out of sequence packet ,32994,33870
225.302,Received an expired out of sequence packet ,32995,33870
225.305,Received an expired out of sequence packet ,32996,33870
225.305,Received an expired out of sequence packet ,32997,33870
225.305,Received an expired out of sequence packet ,32998,33870
225.305,Received an expired out of sequence packet ,32999,33870
225.305,Received an expired out of sequence packet ,33000,33870
225.305,Received an expired out of sequence packet ,33001,33870
225.305,Received an expired out of sequence packet ,33002,33870
225.305,Received an expired out of sequence packet ,33003,33870
225.305,Received an expired out of sequence packet ,33004,33870
225.305,Received an expired out of sequence packet ,33005,33870
225.305,Received an expired out of sequence packet ,33006,33870
225.305,Received an expired out of sequence packet ,33007,33870
225.308,Received an expired out of sequence packet ,33008,33870
225.308,Received an expired out of sequence packet ,33009,33870
225.308,Received an expired out of sequence packet ,33010,33870
225.308,Received an expired out of sequence packet ,33011,33870
225.308,Received an expired out of sequence packet ,33012,33870
225.308,Received an expired out of sequence packet ,33013,33870
225.308,Received an expired out of sequence packet ,33014,33870
225.308,Received an expired out of sequence packet ,33015,33870
225.308,Received an expired out of sequence packet ,33016,33870
225.308,Received an expired out of sequence packet ,33017,33870
225.308,Received an expired out of sequence packet ,33018,33870
225.308,Received an expired out of sequence packet ,33019,33870
225.308,Received an expired out of sequence packet ,33020,33870
225.308,Received an expired out of sequence packet ,33021,33870
225.308,Received an expired out of sequence packet ,33022,33870
225.309,Received an expired out of sequence packet ,33023,33870
225.309,Received an expired out of sequence packet ,33024,33870
225.309,Received an expired out of sequence packet ,33025,33870
225.309,Received an expired out of sequence packet ,33026,33870
225.309,Received an expired out of sequence packet ,33027,33870
225.309,Received an expired out of sequence packet ,33028,33870
225.309,Received an expired out of sequence packet ,33029,33870
225.309,Received an expired out of sequence packet ,33030,33870
225.309,Received an expired out of sequence packet ,33031,33870
225.309,Received an expired out of sequence packet ,33032,33870
225.334,Received an expired out of sequence packet ,33033,33870
225.334,Received an expired out of sequence packet ,33034,33870
225.334,Received an expired out of sequence packet ,33035,33870
225.334,Received an expired out of sequence packet ,33036,33870
225.334,Received an expired out of sequence packet ,33037,33870
225.334,Received an expired out of sequence packet ,33038,33870
225.334,Received an expired out of sequence packet ,33039,33870
225.334,Received an expired out of sequence packet ,33040,33870
225.334,Received an expired out of sequence packet ,33041,33870
225.334,Received an expired out of sequence packet ,33042,33870
225.334,Received an expired out of sequence packet ,33043,33870
225.334,Received an expired out of sequence packet ,33044,33870
225.334,Received an expired out of sequence packet ,33045,33870
225.337,Received an expired out of sequence packet ,33046,33870
225.337,Received an expired out of sequence packet ,33047,33870
225.337,Received an expired out of sequence packet ,33048,33870
225.337,Received an expired out of sequence packet ,33049,33870
225.337,Received an expired out of sequence packet ,33050,33870
225.337,Received an expired out of sequence packet ,33051,33870
225.337,Received an expired out of sequence packet ,33052,33870
225.337,Received an expired out of sequence packet ,33053,33870
225.337,Received an expired out of sequence packet ,33054,33870
225.337,Received an expired out of sequence packet ,33055,33870
225.337,Received an expired out of sequence packet ,33056,33870
225.337,Received an expired out of sequence packet ,33057,33870
225.341,Received an expired out of sequence packet ,33058,33870
225.341,Received an expired out of sequence packet ,33059,33870
225.341,Received an expired out of sequence packet ,33060,33870
225.341,Received an expired out of sequence packet ,33061,33870
225.341,Received an expired out of sequence packet ,33062,33870
225.342,Received an expired out of sequence packet ,33063,33870
225.342,Received an expired out of sequence packet ,33064,33870
225.342,Received an expired out of sequence packet ,33065,33870
225.342,Received an expired out of sequence packet ,33066,33870
225.342,Received an expired out of sequence packet ,33067,33870
225.342,Received an expired out of sequence packet ,33068,33870
225.342,Received an expired out of sequence packet ,33087,33870
225.343,Received an expired out of sequence packet ,33088,33870
225.346,Received an expired out of sequence packet ,33089,33870
225.346,Received an expired out of sequence packet ,33090,33870
225.346,Received an expired out of sequence packet ,33091,33870
225.346,Received an expired out of sequence packet ,33092,33870
225.346,Received an expired out of sequence packet ,33093,33870
225.346,Received an expired out of sequence packet ,33094,33870
225.346,Received an expired out of sequence packet ,33095,33870
225.346,Received an expired out of sequence packet ,33096,33870
225.346,Received an expired out of sequence packet ,33097,33870
225.346,Received an expired out of sequence packet ,33098,33870
225.346,Received an expired out of sequence packet ,33099,33870
225.346,Received an expired out of sequence packet ,33100,33870
225.346,Received an expired out of sequence packet ,33101,33870
225.346,Received an expired out of sequence packet ,33102,33870
225.347,Received an expired out of sequence packet ,33149,33870
225.347,Received an expired out of sequence packet ,33150,33870
225.347,Received an expired out of sequence packet ,33151,33870
225.347,Received an expired out of sequence packet ,33152,33870
225.347,Received an expired out of sequence packet ,33153,33870
225.347,Received an expired out of sequence packet ,33154,33870
225.347,Received an expired out of sequence packet ,33155,33870
225.351,Received an expired out of sequence packet ,33156,33870
225.351,Received an expired out of sequence packet ,33157,33870
225.351,Received an expired out of sequence packet ,33158,33870
225.351,Received an expired out of sequence packet ,33159,33870
225.351,Received an expired out of sequence packet ,33160,33870
225.351,Received an expired out of sequence packet ,33161,33870
225.351,Received an expired out of sequence packet ,33162,33870
225.351,Received an expired out of sequence packet ,33163,33870
225.353,Received an expired out of sequence packet ,33164,33870
225.353,Received an expired out of sequence packet ,33212,33870
225.353,Received an expired out of sequence packet ,33213,33870
225.353,Received an expired out of sequence packet ,33214,33870
225.354,Received an expired out of sequence packet ,33215,33870
225.354,Received an expired out of sequence packet ,33216,33870
225.354,Received an expired out of sequence packet ,33217,33870
225.354,Received an expired out of sequence packet ,33218,33870
225.354,Received an expired out of sequence packet ,33219,33870
225.354,Received an expired out of sequence packet ,33220,33870
225.354,Received an expired out of sequence packet ,33221,33870
225.354,Received an expired out of sequence packet ,33222,33870
225.354,Received an expired out of sequence packet ,33223,33870
225.354,Received an expired out of sequence packet ,33224,33870
225.37,Received an expired out of sequence packet ,33225,33870
225.37,Received an expired out of sequence packet ,33226,33870
225.37,Received an expired out of sequence packet ,33227,33870
225.37,Received an expired out of sequence packet ,33274,33870
225.37,Received an expired out of sequence packet ,33275,33870
225.37,Received an expired out of sequence packet ,33276,33870
225.371,Received an expired out of sequence packet ,33277,33870
225.371,Received an expired out of sequence packet ,33278,33870
225.371,Received an expired out of sequence packet ,33279,33870
225.371,Received an expired out of sequence packet ,33280,33870
225.371,Received an expired out of sequence packet ,33281,33870
225.371,Received an expired out of sequence packet ,33282,33870
225.371,Received an expired out of sequence packet ,33283,33870
225.371,Received an expired out of sequence packet ,33284,33870
225.371,Received an expired out of sequence packet ,33285,33870
225.371,Received an expired out of sequence packet ,33286,33870
225.371,Received an expired out of sequence packet ,33287,33870
225.371,Received an expired out of sequence packet ,33288,33870
225.372,Received an expired out of sequence packet ,33289,33870
225.372,Received an expired out of sequence packet ,33290,33870
225.372,Received an expired out of sequence packet ,33291,33870
225.372,Received an expired out of sequence packet ,33292,33870
225.372,Received an expired out of sequence packet ,33293,33870
225.372,Received an expired out of sequence packet ,33355,33870
225.373,Received an expired out of sequence packet ,33356,33870
225.373,Received an expired out of sequence packet ,33357,33870
225.373,Received an expired out of sequence packet ,33358,33870
225.374,Received an expired out of sequence packet ,33359,33870
225.374,Received an expired out of sequence packet ,33360,33870
225.374,Received an expired out of sequence packet ,33361,33870
225.374,Received an expired out of sequence packet ,33362,33870
225.378,Received an expired out of sequence packet ,33363,33870
225.378,Received an expired out of sequence packet ,33364,33870
225.378,Received an expired out of sequence packet ,33365,33870
225.38,Received an expired out of sequence packet ,33366,33870
225.38,Received an expired out of sequence packet ,33367,33870
225.38,Received an expired out of sequence packet ,33368,33870
225.38,Received an expired out of sequence packet ,33369,33870
225.38,Received an expired out of sequence packet ,33370,33870
225.38,Received an expired out of sequence packet ,33418,33870
225.38,Received an expired out of sequence packet ,33419,33870
225.38,Received an expired out of sequence packet ,33420,33870
225.38,Received an expired out of sequence packet ,33421,33870
225.38,Received an expired out of sequence packet ,33422,33870
225.38,Received an expired out of sequence packet ,33423,33870
225.402,Received an expired out of sequence packet ,33424,33870
225.402,Received an expired out of sequence packet ,33425,33870
225.402,Received an expired out of sequence packet ,33426,33870
225.402,Received an expired out of sequence packet ,33427,33870
225.402,Received an expired out of sequence packet ,33428,33870
225.402,Received an expired out of sequence packet ,33429,33870
225.402,Received an expired out of sequence packet ,33430,33870
225.402,Received an expired out of sequence packet ,33431,33870
225.402,Received an expired out of sequence packet ,33432,33870
225.402,Received an expired out of sequence packet ,33433,33870
225.402,Received an expired out of sequence packet ,33482,33870
225.402,Received an expired out of sequence packet ,33483,33870
225.402,Received an expired out of sequence packet ,33484,33870
225.402,Received an expired out of sequence packet ,33485,33870
225.402,Received an expired out of sequence packet ,33486,33870
225.402,Received an expired out of sequence packet ,33487,33870
225.402,Received an expired out of sequence packet ,33488,33870
225.402,Received an expired out of sequence packet ,33489,33870
225.402,Received an expired out of sequence packet ,33490,33870
225.402,Received an expired out of sequence packet ,33491,33870
225.403,Received an expired out of sequence packet ,33492,33870
225.403,Received an expired out of sequence packet ,33493,33870
225.403,Received an expired out of sequence packet ,33494,33870
225.403,Received an expired out of sequence packet ,33495,33870
225.403,Received an expired out of sequence packet ,33496,33870
225.417,Received an expired out of sequence packet ,33497,33870
225.417,Received an expired out of sequence packet ,33545,33870
225.417,Received an expired out of sequence packet ,33546,33870
225.417,Received an expired out of sequence packet ,33547,33870
225.417,Received an expired out of sequence packet ,33548,33870
225.417,Received an expired out of sequence packet ,33549,33870
225.417,Received an expired out of sequence packet ,33550,33870
225.417,Received an expired out of sequence packet ,33551,33870
225.417,Received an expired out of sequence packet ,33552,33870
225.417,Received an expired out of sequence packet ,33553,33870
225.417,Received an expired out of sequence packet ,33554,33870
225.417,Received an expired out of sequence packet ,33555,33870
225.417,Received an expired out of sequence packet ,33556,33870
225.418,Received an expired out of sequence packet ,33557,33870
225.418,Received an expired out of sequence packet ,33558,33870
225.418,Received an expired out of sequence packet ,33559,33870
225.418,Received an expired out of sequence packet ,33560,33870
225.418,Received an expired out of sequence packet ,33622,33870
225.418,Received an expired out of sequence packet ,33623,33870
225.418,Received an expired out of sequence packet ,33624,33870
225.418,Received an expired out of sequence packet ,33625,33870
225.418,Received an expired out of sequence packet ,33626,33870
225.42,Received an expired out of sequence packet ,33627,33870
225.421,Received an expired out of sequence packet ,33628,33870
225.421,Received an expired out of sequence packet ,33629,33870
225.421,Received an expired out of sequence packet ,33630,33870
225.421,Received an expired out of sequence packet ,33631,33870
225.421,Received an expired out of sequence packet ,33632,33870
225.421,Received an expired out of sequence packet ,33633,33870
225.421,Received an expired out of sequence packet ,33634,33870
225.421,Received an expired out of sequence packet ,33635,33870
225.421,Received an expired out of sequence packet ,33636,33870
225.421,Received an expired out of sequence packet ,33637,33870
225.421,Received an expired out of sequence packet ,33689,33870
225.421,Received an expired out of sequence packet ,33690,33870
225.421,Received an expired out of sequence packet ,33691,33870
225.421,Received an expired out of sequence packet ,33692,33870
225.421,Received an expired out of sequence packet ,33693,33870
225.421,Received an expired out of sequence packet ,33694,33870
225.421,Received an expired out of sequence packet ,33695,33870
225.421,Received an expired out of sequence packet ,33696,33870
225.421,Received an expired out of sequence packet ,33697,33870
225.421,Received an expired out of sequence packet ,33698,33870
225.421,Received an expired out of sequence packet ,33699,33870
225.421,Received an expired out of sequence packet ,33700,33870
225.421,Received an expired out of sequence packet ,33701,33870
225.421,Received an expired out of sequence packet ,33702,33870
225.421,Received an expired out of sequence packet ,33703,33870
225.421,Received an expired out of sequence packet ,33704,33870
225.421,Received an expired out of sequence packet ,33753,33870
225.421,Received an expired out of sequence packet ,33754,33870
225.421,Received an expired out of sequence packet ,33755,33870
225.421,Received an expired out of sequence packet ,33756,33870
225.421,Received an expired out of sequence packet ,33757,33870
225.442,Received an expired out of sequence packet ,33758,33870
225.442,Received an expired out of sequence packet ,33759,33870
225.442,Received an expired out of sequence packet ,33760,33870
225.442,Received an expired out of sequence packet ,33761,33870
225.442,Received an expired out of sequence packet ,33762,33870
225.442,Received an expired out of sequence packet ,33763,33870
225.442,Received an expired out of sequence packet ,33764,33870
225.442,Received an expired out of sequence packet ,33765,33870
225.442,Received an expired out of sequence packet ,33766,33870
225.442,Received an expired out of sequence packet ,33767,33870
225.442,Received an expired out of sequence packet ,33768,33870
225.442,Received an expired out of sequence packet ,33795,33870
225.442,Received an expired out of sequence packet ,33796,33870
225.442,Received an expired out of sequence packet ,33797,33870
225.442,Received an expired out of sequence packet ,33798,33870
225.442,Received an expired out of sequence packet ,33799,33870
225.442,Received an expired out of sequence packet ,33800,33870
225.442,Received an expired out of sequence packet ,33801,33870
225.442,Received an expired out of sequence packet ,33802,33870
225.442,Received an expired out of sequence packet ,33803,33870
225.442,Received an expired out of sequence packet ,33804,33870
225.442,Received an expired out of sequence packet ,33805,33870
225.442,Received an expired out of sequence packet ,33806,33870
225.442,Received an expired out of sequence packet ,33807,33870
225.442,Received an expired out of sequence packet ,33808,33870
225.442,Received an expired out of sequence packet ,33809,33870
225.442,Received an expired out of sequence packet ,33810,33870
225.443,Received an expired out of sequence packet ,33811,33870
225.443,Received an expired out of sequence packet ,33812,33870
225.443,Received an expired out of sequence packet ,33813,33870
225.443,Received an expired out of sequence packet ,33814,33870
225.443,Received an expired out of sequence packet ,33815,33870
225.444,Received an expired out of sequence packet ,33816,33870
225.444,Received an expired out of sequence packet ,33817,33870
225.444,Received an expired out of sequence packet ,33818,33870
225.444,Received an expired out of sequence packet ,33819,33870
225.444,Received an expired out of sequence packet ,33820,33870
225.444,Received an expired out of sequence packet ,33821,33870
225.445,Received an expired out of sequence packet ,33822,33870
225.445,Received an expired out of sequence packet ,33823,33870
225.445,Received an expired out of sequence packet ,33824,33870
225.445,Received an expired out of sequence packet ,33825,33870
225.445,Received an expired out of sequence packet ,33826,33870
225.445,Received an expired out of sequence packet ,33827,33870
225.445,Received an expired out of sequence packet ,33828,33870
225.445,Received an expired out of sequence packet ,33829,33870
225.445,Received an expired out of sequence packet ,33830,33870
225.445,Received an expired out of sequence packet ,33831,33870
225.445,Received an expired out of sequence packet ,33832,33870
225.445,Received an expired out of sequence packet ,33833,33870
225.445,Received an expired out of sequence packet ,33834,33870
225.445,Received an expired out of sequence packet ,33835,33870
225.447,Received an expired out of sequence packet ,33836,33870
225.447,Received an expired out of sequence packet ,33837,33870
225.447,Received an expired out of sequence packet ,33838,33870
225.447,Received an expired out of sequence packet ,33839,33870
225.447,Received an expired out of sequence packet ,33840,33870
225.447,Received an expired out of sequence packet ,33841,33870
225.447,Received an expired out of sequence packet ,33842,33870
225.447,Received an expired out of sequence packet ,33843,33870
225.447,Received an expired out of sequence packet 