1.44443,Exit slow start,exceeding SS_EXIT_THRESHOLD
6.87291,Timeout
6.87293,clearing sending list because of timeout
6.93651,Received an expired out of sequence packet ,5650,5827
6.93653,Received an expired out of sequence packet ,5651,5827
6.93655,Received an expired out of sequence packet ,5652,5827
6.93656,Received an expired out of sequence packet ,5653,5827
7.07168,Received an expired out of sequence packet ,5654,5827
7.07375,Received an expired out of sequence packet ,5655,5827
7.07377,Received an expired out of sequence packet ,5656,5827
7.07378,Received an expired out of sequence packet ,5657,5827
7.0738,Received an expired out of sequence packet ,5658,5827
7.07381,Received an expired out of sequence packet ,5659,5827
7.07784,Received an expired out of sequence packet ,5660,5827
7.07786,Received an expired out of sequence packet ,5661,5827
7.07788,Received an expired out of sequence packet ,5662,5827
7.07789,Received an expired out of sequence packet ,5663,5827
7.07791,Received an expired out of sequence packet ,5664,5827
7.07792,Received an expired out of sequence packet ,5665,5827
7.07794,Received an expired out of sequence packet ,5666,5827
7.07796,Received an expired out of sequence packet ,5667,5827
7.07797,Received an expired out of sequence packet ,5668,5827
7.07798,Received an expired out of sequence packet ,5669,5827
7.078,Received an expired out of sequence packet ,5670,5827
7.07803,Received an expired out of sequence packet ,5671,5827
7.07806,Received an expired out of sequence packet ,5672,5827
7.07808,Received an expired out of sequence packet ,5673,5827
7.07809,Received an expired out of sequence packet ,5674,5827
7.10798,Received an expired out of sequence packet ,5675,5827
7.108,Received an expired out of sequence packet ,5676,5827
7.10801,Received an expired out of sequence packet ,5677,5827
7.11706,Received an expired out of sequence packet ,5678,5827
7.11708,Received an expired out of sequence packet ,5679,5827
7.1171,Received an expired out of sequence packet ,5680,5827
7.11711,Received an expired out of sequence packet ,5681,5827
7.12115,Received an expired out of sequence packet ,5682,5827
7.12117,Received an expired out of sequence packet ,5683,5827
7.15235,Received an expired out of sequence packet ,5684,5827
7.15237,Received an expired out of sequence packet ,5685,5827
7.15238,Received an expired out of sequence packet ,5686,5827
7.1524,Received an expired out of sequence packet ,5687,5827
7.15447,Received an expired out of sequence packet ,5688,5827
7.15449,Received an expired out of sequence packet ,5689,5827
7.15451,Received an expired out of sequence packet ,5690,5827
7.16399,Received an expired out of sequence packet ,5691,5827
7.16716,Received an expired out of sequence packet ,5692,5827
7.16718,Received an expired out of sequence packet ,5693,5827
7.17027,Received an expired out of sequence packet ,5694,5827
7.17029,Received an expired out of sequence packet ,5695,5827
7.1703,Received an expired out of sequence packet ,5696,5827
7.17032,Received an expired out of sequence packet ,5697,5827
7.17145,Received an expired out of sequence packet ,5698,5827
7.17148,Received an expired out of sequence packet ,5699,5827
7.1715,Received an expired out of sequence packet ,5700,5827
7.17151,Received an expired out of sequence packet ,5701,5827
7.17152,Received an expired out of sequence packet ,5702,5827
7.17154,Received an expired out of sequence packet ,5703,5827
7.17156,Received an expired out of sequence packet ,5704,5827
7.17461,Received an expired out of sequence packet ,5705,5827
7.17463,Received an expired out of sequence packet ,5706,5827
7.17575,Received an expired out of sequence packet ,5707,5827
7.17577,Received an expired out of sequence packet ,5708,5827
7.17579,Received an expired out of sequence packet ,5709,5827
7.1758,Received an expired out of sequence packet ,5710,5827
7.17582,Received an expired out of sequence packet ,5711,5827
7.17583,Received an expired out of sequence packet ,5712,5827
7.17585,Received an expired out of sequence packet ,5713,5827
7.17586,Received an expired out of sequence packet ,5714,5827
7.17588,Received an expired out of sequence packet ,5715,5827
7.17589,Received an expired out of sequence packet ,5716,5827
7.17591,Received an expired out of sequence packet ,5717,5827
7.17592,Received an expired out of sequence packet ,5718,5827
7.17594,Received an expired out of sequence packet ,5719,5827
7.17595,Received an expired out of sequence packet ,5720,5827
7.17596,Received an expired out of sequence packet ,5721,5827
7.17598,Received an expired out of sequence packet ,5722,5827
7.17599,Received an expired out of sequence packet ,5723,5827
7.17601,Received an expired out of sequence packet ,5724,5827
7.17602,Received an expired out of sequence packet ,5725,5827
7.17604,Received an expired out of sequence packet ,5726,5827
7.17605,Received an expired out of sequence packet ,5727,5827
7.17607,Received an expired out of sequence packet ,5728,5827
7.17608,Received an expired out of sequence packet ,5729,5827
7.1761,Received an expired out of sequence packet ,5730,5827
7.17611,Received an expired out of sequence packet ,5731,5827
7.18301,Received an expired out of sequence packet ,5732,5827
7.18303,Received an expired out of sequence packet ,5733,5827
7.18305,Received an expired out of sequence packet ,5734,5827
7.18306,Received an expired out of sequence packet ,5735,5827
7.34649,Received an expired out of sequence packet ,5736,5827
7.34651,Received an expired out of sequence packet ,5737,5827
7.36346,Received an expired out of sequence packet ,5738,5827
7.36348,Received an expired out of sequence packet ,5739,5827
7.36708,Received an expired out of sequence packet ,5740,5827
7.3671,Received an expired out of sequence packet ,5741,5827
7.36712,Received an expired out of sequence packet ,5742,5827
7.36713,Received an expired out of sequence packet ,5743,5827
7.36714,Received an expired out of sequence packet ,5744,5827
7.37136,Received an expired out of sequence packet ,5745,5827
7.37138,Received an expired out of sequence packet ,5746,5827
7.3714,Received an expired out of sequence packet ,5747,5827
7.37141,Received an expired out of sequence packet ,5748,5827
7.37143,Received an expired out of sequence packet ,5749,5827
7.37144,Received an expired out of sequence packet ,5750,5827
7.37146,Received an expired out of sequence packet ,5751,5827
7.37147,Received an expired out of sequence packet ,5752,5827
7.37149,Received an expired out of sequence packet ,5753,5827
7.3715,Received an expired out of sequence packet ,5754,5827
7.37152,Received an expired out of sequence packet ,5755,5827
7.37153,Received an expired out of sequence packet ,5756,5827
7.37653,Received an expired out of sequence packet ,5757,5827
7.37655,Received an expired out of sequence packet ,5758,5827
7.37657,Received an expired out of sequence packet ,5759,5827
7.37658,Received an expired out of sequence packet ,5760,5827
7.37962,Received an expired out of sequence packet ,5761,5827
7.37965,Received an expired out of sequence packet ,5762,5827
7.37966,Received an expired out of sequence packet ,5763,5827
7.37968,Received an expired out of sequence packet ,5764,5827
7.38472,Received an expired out of sequence packet ,5765,5827
7.38474,Received an expired out of sequence packet ,5766,5827
7.38476,Received an expired out of sequence packet ,5767,5827
7.38477,Received an expired out of sequence packet ,5768,5827
7.38478,Received an expired out of sequence packet ,5769,5827
7.3848,Received an expired out of sequence packet ,5770,5827
7.38481,Received an expired out of sequence packet ,5771,5827
7.38483,Received an expired out of sequence packet ,5772,5827
7.38484,Received an expired out of sequence packet ,5773,5827
7.38486,Received an expired out of sequence packet ,5774,5827
7.38487,Received an expired out of sequence packet ,5775,5827
7.38489,Received an expired out of sequence packet ,5776,5827
7.3849,Received an expired out of sequence packet ,5777,5827
7.38492,Received an expired out of sequence packet ,5778,5827
7.38493,Received an expired out of sequence packet ,5779,5827
7.38495,Received an expired out of sequence packet ,5780,5827
7.385,Received an expired out of sequence packet ,5781,5827
7.38888,Received an expired out of sequence packet ,5782,5827
7.3889,Received an expired out of sequence packet ,5783,5827
7.38892,Received an expired out of sequence packet ,5784,5827
7.38893,Received an expired out of sequence packet ,5785,5827
7.38895,Received an expired out of sequence packet ,5786,5827
7.38896,Received an expired out of sequence packet ,5787,5827
7.38898,Received an expired out of sequence packet ,5788,5827
7.38899,Received an expired out of sequence packet ,5789,5827
7.38901,Received an expired out of sequence packet ,5790,5827
7.38902,Received an expired out of sequence packet ,5791,5827
7.38904,Received an expired out of sequence packet ,5792,5827
7.43076,Received an expired out of sequence packet ,5793,5827
7.43078,Received an expired out of sequence packet ,5794,5827
7.43079,Received an expired out of sequence packet ,5795,5827
7.43081,Received an expired out of sequence packet ,5796,5827
7.44096,Received an expired out of sequence packet ,5797,5827
7.44098,Received an expired out of sequence packet ,5798,5827
7.441,Received an expired out of sequence packet ,5799,5827
7.44101,Received an expired out of sequence packet ,5800,5827
7.44306,Received an expired out of sequence packet ,5801,5827
7.44308,Received an expired out of sequence packet ,5802,5827
7.44309,Received an expired out of sequence packet ,5803,5827
7.44311,Received an expired out of sequence packet ,5804,5827
7.44715,Received an expired out of sequence packet ,5805,5827
7.44717,Received an expired out of sequence packet ,5806,5827
7.44718,Received an expired out of sequence packet ,5807,5827
7.4472,Received an expired out of sequence packet ,5808,5827
7.44721,Received an expired out of sequence packet ,5809,5827
7.44723,Received an expired out of sequence packet ,5810,5827
7.44724,Received an expired out of sequence packet ,5811,5827
7.44726,Received an expired out of sequence packet ,5812,5827
7.44727,Received an expired out of sequence packet ,5813,5827
7.44729,Received an expired out of sequence packet ,5814,5827
7.4473,Received an expired out of sequence packet ,5815,5827
7.44732,Received an expired out of sequence packet ,5816,5827
7.44733,Received an expired out of sequence packet ,5817,5827
7.44735,Received an expired out of sequence packet ,5818,5827
7.44736,Received an expired out of sequence packet ,5819,5827
7.44738,Received an expired out of sequence packet ,5820,5827
7.44739,Received an expired out of sequence packet ,5821,5827
7.44741,Received an expired out of sequence packet ,5822,5827
7.44742,Received an expired out of sequence packet ,5823,5827
7.4533,Received an expired out of sequence packet ,5824,5827
7.45332,Received an expired out of sequence packet ,5825,5827
7.45333,Received an expired out of sequence packet ,5826,5827
43.6624,Timeout
43.6624,clearing sending list because of timeout
44.0775,Timeout
44.0775,clearing sending list because of timeout
44.09,Received an expired out of sequence packet ,29700,29813
44.09,Received an expired out of sequence packet ,29701,29813
44.09,Received an expired out of sequence packet ,29702,29813
44.09,Received an expired out of sequence packet ,29703,29813
44.0901,Received an expired out of sequence packet ,29704,29813
44.0901,Received an expired out of sequence packet ,29705,29813
44.0901,Received an expired out of sequence packet ,29706,29813
44.0901,Received an expired out of sequence packet ,29707,29813
44.0901,Received an expired out of sequence packet ,29708,29813
44.0901,Received an expired out of sequence packet ,29709,29813
44.0902,Received an expired out of sequence packet ,29710,29813
44.0902,Received an expired out of sequence packet ,29711,29813
44.1644,Received an expired out of sequence packet ,29712,29813
44.1654,Received an expired out of sequence packet ,29713,29813
44.1655,Received an expired out of sequence packet ,29714,29813
44.1655,Received an expired out of sequence packet ,29715,29813
44.1655,Received an expired out of sequence packet ,29716,29813
44.1953,Received an expired out of sequence packet ,29717,29813
44.1953,Received an expired out of sequence packet ,29718,29813
44.1953,Received an expired out of sequence packet ,29719,29813
44.1953,Received an expired out of sequence packet ,29720,29813
44.1953,Received an expired out of sequence packet ,29721,29813
44.1954,Received an expired out of sequence packet ,29722,29813
44.1954,Received an expired out of sequence packet ,29723,29813
44.1954,Received an expired out of sequence packet ,29724,29813
44.1984,Received an expired out of sequence packet ,29725,29813
44.1984,Received an expired out of sequence packet ,29726,29813
44.2063,Received an expired out of sequence packet ,29727,29813
44.2063,Received an expired out of sequence packet ,29728,29813
44.2086,Received an expired out of sequence packet ,29729,29813
44.2086,Received an expired out of sequence packet ,29730,29813
44.2086,Received an expired out of sequence packet ,29731,29813
44.2086,Received an expired out of sequence packet ,29732,29813
44.2086,Received an expired out of sequence packet ,29733,29813
44.2087,Received an expired out of sequence packet ,29734,29813
44.2217,Received an expired out of sequence packet ,29735,29813
44.2258,Received an expired out of sequence packet ,29736,29813
44.2258,Received an expired out of sequence packet ,29737,29813
44.2259,Received an expired out of sequence packet ,29738,29813
44.2259,Received an expired out of sequence packet ,29739,29813
44.2259,Received an expired out of sequence packet ,29740,29813
44.2449,Received an expired out of sequence packet ,29741,29813
44.2449,Received an expired out of sequence packet ,29742,29813
44.2449,Received an expired out of sequence packet ,29743,29813
44.2449,Received an expired out of sequence packet ,29744,29813
44.246,Received an expired out of sequence packet ,29745,29813
44.246,Received an expired out of sequence packet ,29746,29813
44.246,Received an expired out of sequence packet ,29747,29813
44.2461,Received an expired out of sequence packet ,29748,29813
44.2461,Received an expired out of sequence packet ,29749,29813
44.2638,Received an expired out of sequence packet ,29750,29813
44.2638,Received an expired out of sequence packet ,29751,29813
44.2638,Received an expired out of sequence packet ,29752,29813
44.2639,Received an expired out of sequence packet ,29753,29813
44.2659,Received an expired out of sequence packet ,29754,29813
44.2659,Received an expired out of sequence packet ,29755,29813
44.2659,Received an expired out of sequence packet ,29756,29813
44.2659,Received an expired out of sequence packet ,29757,29813
44.2659,Received an expired out of sequence packet ,29758,29813
44.266,Received an expired out of sequence packet ,29759,29813
44.266,Received an expired out of sequence packet ,29760,29813
44.266,Received an expired out of sequence packet ,29761,29813
44.2709,Received an expired out of sequence packet ,29762,29813
44.2709,Received an expired out of sequence packet ,29763,29813
44.271,Received an expired out of sequence packet ,29764,29813
44.271,Received an expired out of sequence packet ,29765,29813
44.271,Received an expired out of sequence packet ,29766,29813
44.271,Received an expired out of sequence packet ,29767,29813
44.271,Received an expired out of sequence packet ,29768,29813
44.271,Received an expired out of sequence packet ,29769,29813
44.2711,Received an expired out of sequence packet ,29770,29813
44.2711,Received an expired out of sequence packet ,29771,29813
44.2711,Received an expired out of sequence packet ,29772,29813
44.2711,Received an expired out of sequence packet ,29773,29813
44.2711,Received an expired out of sequence packet ,29774,29813
44.2711,Received an expired out of sequence packet ,29775,29813
44.2729,Received an expired out of sequence packet ,29776,29813
44.2792,Received an expired out of sequence packet ,29777,29813
44.2812,Received an expired out of sequence packet ,29778,29813
44.2812,Received an expired out of sequence packet ,29779,29813
44.2813,Received an expired out of sequence packet ,29780,29813
44.2813,Received an expired out of sequence packet ,29781,29813
44.2813,Received an expired out of sequence packet ,29782,29813
44.2904,Received an expired out of sequence packet ,29783,29813
44.2904,Received an expired out of sequence packet ,29784,29813
44.2905,Received an expired out of sequence packet ,29785,29813
44.2905,Received an expired out of sequence packet ,29786,29813
44.2905,Received an expired out of sequence packet ,29787,29813
44.2905,Received an expired out of sequence packet ,29788,29813
44.2925,Received an expired out of sequence packet ,29789,29813
44.2925,Received an expired out of sequence packet ,29790,29813
44.2925,Received an expired out of sequence packet ,29791,29813
44.2925,Received an expired out of sequence packet ,29792,29813
44.2936,Received an expired out of sequence packet ,29793,29813
44.3028,Received an expired out of sequence packet ,29794,29813
44.3028,Received an expired out of sequence packet ,29795,29813
44.3028,Received an expired out of sequence packet ,29796,29813
44.3028,Received an expired out of sequence packet ,29797,29813
44.3029,Received an expired out of sequence packet ,29798,29813
44.3029,Received an expired out of sequence packet ,29799,29813
44.3029,Received an expired out of sequence packet ,29800,29813
44.3029,Received an expired out of sequence packet ,29801,29813
44.303,Received an expired out of sequence packet ,29802,29813
44.303,Received an expired out of sequence packet ,29803,29813
44.303,Received an expired out of sequence packet ,29804,29813
44.303,Received an expired out of sequence packet ,29805,29813
44.3031,Received an expired out of sequence packet ,29806,29813
44.3043,Received an expired out of sequence packet ,29807,29813
44.3122,Received an expired out of sequence packet ,29808,29813
44.3152,Received an expired out of sequence packet ,29809,29813
44.3153,Received an expired out of sequence packet ,29810,29813
44.3234,Received an expired out of sequence packet ,29811,29813
44.3234,Received an expired out of sequence packet ,29812,29813
151.509,Timeout
151.509,clearing sending list because of timeout
151.518,Received an expired out of sequence packet ,87114,87137
151.526,Received an expired out of sequence packet ,87115,87137
151.529,Received an expired out of sequence packet ,87116,87137
151.532,Received an expired out of sequence packet ,87117,87137
151.535,Received an expired out of sequence packet ,87118,87137
151.535,Received an expired out of sequence packet ,87119,87137
151.535,Received an expired out of sequence packet ,87120,87137
151.539,Received an expired out of sequence packet ,87121,87137
151.541,Received an expired out of sequence packet ,87122,87137
151.541,Received an expired out of sequence packet ,87123,87137
151.545,Received an expired out of sequence packet ,87124,87137
151.549,Received an expired out of sequence packet ,87125,87137
151.549,Received an expired out of sequence packet ,87126,87137
151.553,Received an expired out of sequence packet ,87127,87137
151.555,Received an expired out of sequence packet ,87128,87137
151.56,Received an expired out of sequence packet ,87129,87137
151.563,Received an expired out of sequence packet ,87130,87137
151.565,Received an expired out of sequence packet ,87131,87137
151.569,Received an expired out of sequence packet ,87132,87137
151.569,Received an expired out of sequence packet ,87133,87137
151.572,Received an expired out of sequence packet ,87134,87137
151.572,Received an expired out of sequence packet ,87135,87137
151.575,Received an expired out of sequence packet ,87136,87137
159.573,Restart,can't map delay on delay curve
161.13,Exit slow start,exceeding SS_EXIT_THRESHOLD
166.901,Timeout
166.901,clearing sending list because of timeout
167.12,Received an expired out of sequence packet ,3537,3544
167.128,Received an expired out of sequence packet ,3538,3544
167.128,Received an expired out of sequence packet ,3539,3544
167.132,Received an expired out of sequence packet ,3540,3544
167.132,Received an expired out of sequence packet ,3541,3544
167.136,Received an expired out of sequence packet ,3542,3544
167.136,Received an expired out of sequence packet ,3543,3544
169.221,Timeout
169.221,clearing sending list because of timeout
169.239,Received an expired out of sequence packet ,4174,4229
169.243,Received an expired out of sequence packet ,4175,4229
169.243,Received an expired out of sequence packet ,4176,4229
169.243,Received an expired out of sequence packet ,4177,4229
169.246,Received an expired out of sequence packet ,4178,4229
169.246,Received an expired out of sequence packet ,4179,4229
169.246,Received an expired out of sequence packet ,4180,4229
169.247,Received an expired out of sequence packet ,4181,4229
169.247,Received an expired out of sequence packet ,4182,4229
169.247,Received an expired out of sequence packet ,4183,4229
169.247,Received an expired out of sequence packet ,4184,4229
169.247,Received an expired out of sequence packet ,4185,4229
169.247,Received an expired out of sequence packet ,4186,4229
169.247,Received an expired out of sequence packet ,4187,4229
169.247,Received an expired out of sequence packet ,4188,4229
169.247,Received an expired out of sequence packet ,4189,4229
169.255,Received an expired out of sequence packet ,4190,4229
169.255,Received an expired out of sequence packet ,4191,4229
169.255,Received an expired out of sequence packet ,4192,4229
169.255,Received an expired out of sequence packet ,4193,4229
169.255,Received an expired out of sequence packet ,4194,4229
169.255,Received an expired out of sequence packet ,4195,4229
169.255,Received an expired out of sequence packet ,4196,4229
169.255,Received an expired out of sequence packet ,4197,4229
169.255,Received an expired out of sequence packet ,4198,4229
169.255,Received an expired out of sequence packet ,4199,4229
169.255,Received an expired out of sequence packet ,4200,4229
169.255,Received an expired out of sequence packet ,4201,4229
169.255,Received an expired out of sequence packet ,4202,4229
169.255,Received an expired out of sequence packet ,4203,4229
169.265,Received an expired out of sequence packet ,4204,4229
169.265,Received an expired out of sequence packet ,4205,4229
169.268,Received an expired out of sequence packet ,4206,4229
169.268,Received an expired out of sequence packet ,4207,4229
169.268,Received an expired out of sequence packet ,4208,4229
169.281,Received an expired out of sequence packet ,4209,4229
169.281,Received an expired out of sequence packet ,4210,4229
169.281,Received an expired out of sequence packet ,4211,4229
169.281,Received an expired out of sequence packet ,4212,4229
169.281,Received an expired out of sequence packet ,4213,4229
169.281,Received an expired out of sequence packet ,4214,4229
169.281,Received an expired out of sequence packet ,4215,4229
169.283,Received an expired out of sequence packet ,4216,4229
169.283,Received an expired out of sequence packet ,4217,4229
169.283,Received an expired out of sequence packet ,4218,4229
169.283,Received an expired out of sequence packet ,4219,4229
169.288,Received an expired out of sequence packet ,4220,4229
169.288,Received an expired out of sequence packet ,4221,4229
169.288,Received an expired out of sequence packet ,4222,4229
169.288,Received an expired out of sequence packet ,4223,4229
169.288,Received an expired out of sequence packet ,4224,4229
169.288,Received an expired out of sequence packet ,4225,4229
169.29,Received an expired out of sequence packet ,4226,4229
169.29,Received an expired out of sequence packet ,4227,4229
169.29,Received an expired out of sequence packet ,4228,4229
197.218,Restart,can't map delay on delay curve
198.169,Exit slow start,exceeding SS_EXIT_THRESHOLD
198.169,Restart,Alglib M<4!
199.703,Exit slow start,exceeding SS_EXIT_THRESHOLD
212.76,Restart,can't map delay on delay curve
214.256,Exit slow start,exceeding SS_EXIT_THRESHOLD
247.516,Timeout
247.516,clearing sending list because of timeout
247.639,Received an expired out of sequence packet ,20629,20784
247.658,Received an expired out of sequence packet ,20630,20784
247.683,Received an expired out of sequence packet ,20631,20784
247.703,Received an expired out of sequence packet ,20632,20784
247.703,Received an expired out of sequence packet ,20633,20784
247.71,Received an expired out of sequence packet ,20634,20784
247.719,Received an expired out of sequence packet ,20635,20784
247.737,Received an expired out of sequence packet ,20636,20784
247.745,Received an expired out of sequence packet ,20637,20784
247.762,Received an expired out of sequence packet ,20638,20784
247.775,Received an expired out of sequence packet ,20639,20784
247.784,Received an expired out of sequence packet ,20640,20784
247.799,Received an expired out of sequence packet ,20641,20784
247.807,Received an expired out of sequence packet ,20642,20784
247.824,Received an expired out of sequence packet ,20643,20784
247.84,Received an expired out of sequence packet ,20644,20784
247.846,Received an expired out of sequence packet ,20645,20784
247.858,Received an expired out of sequence packet ,20646,20784
247.877,Received an expired out of sequence packet ,20647,20784
247.891,Received an expired out of sequence packet ,20648,20784
247.903,Received an expired out of sequence packet ,20649,20784
247.92,Received an expired out of sequence packet ,20650,20784
247.937,Received an expired out of sequence packet ,20651,20784
247.95,Received an expired out of sequence packet ,20652,20784
247.963,Received an expired out of sequence packet ,20653,20784
247.995,Received an expired out of sequence packet ,20654,20784
248.02,Received an expired out of sequence packet ,20655,20784
248.036,Received an expired out of sequence packet ,20656,20784
248.064,Received an expired out of sequence packet ,20657,20784
248.081,Received an expired out of sequence packet ,20658,20784
248.106,Received an expired out of sequence packet ,20659,20784
248.125,Received an expired out of sequence packet ,20660,20784
248.154,Received an expired out of sequence packet ,20661,20784
248.174,Received an expired out of sequence packet ,20662,20784
248.2,Received an expired out of sequence packet ,20663,20784
248.222,Received an expired out of sequence packet ,20664,20784
248.243,Received an expired out of sequence packet ,20665,20784
248.277,Received an expired out of sequence packet ,20666,20784
248.308,Received an expired out of sequence packet ,20667,20784
248.316,Received an expired out of sequence packet ,20668,20784
248.339,Received an expired out of sequence packet ,20669,20784
248.359,Received an expired out of sequence packet ,20670,20784
248.379,Received an expired out of sequence packet ,20671,20784
248.398,Received an expired out of sequence packet ,20672,20784
248.417,Received an expired out of sequence packet ,20673,20784
248.434,Received an expired out of sequence packet ,20674,20784
248.446,Received an expired out of sequence packet ,20675,20784
248.457,Received an expired out of sequence packet ,20676,20784
248.472,Received an expired out of sequence packet ,20677,20784
248.483,Received an expired out of sequence packet ,20678,20784
248.494,Received an expired out of sequence packet ,20679,20784
248.509,Received an expired out of sequence packet ,20680,20784
248.522,Received an expired out of sequence packet ,20681,20784
248.542,Received an expired out of sequence packet ,20682,20784
248.551,Received an expired out of sequence packet ,20683,20784
248.574,Received an expired out of sequence packet ,20684,20784
248.603,Received an expired out of sequence packet ,20685,20784
248.618,Received an expired out of sequence packet ,20686,20784
248.64,Received an expired out of sequence packet ,20687,20784
248.655,Received an expired out of sequence packet ,20688,20784
248.667,Received an expired out of sequence packet ,20689,20784
248.689,Received an expired out of sequence packet ,20690,20784
248.702,Received an expired out of sequence packet ,20691,20784
248.717,Received an expired out of sequence packet ,20692,20784
248.733,Received an expired out of sequence packet ,20693,20784
248.76,Received an expired out of sequence packet ,20694,20784
248.775,Received an expired out of sequence packet ,20695,20784
248.802,Received an expired out of sequence packet ,20696,20784
248.813,Received an expired out of sequence packet ,20697,20784
248.834,Received an expired out of sequence packet ,20698,20784
248.846,Received an expired out of sequence packet ,20699,20784
248.857,Received an expired out of sequence packet ,20700,20784
248.857,Received an expired out of sequence packet ,20701,20784
248.871,Received an expired out of sequence packet ,20702,20784
248.876,Received an expired out of sequence packet ,20703,20784
248.881,Received an expired out of sequence packet ,20704,20784
248.893,Received an expired out of sequence packet ,20705,20784
248.9,Received an expired out of sequence packet ,20706,20784
248.906,Received an expired out of sequence packet ,20707,20784
248.921,Received an expired out of sequence packet ,20708,20784
248.929,Received an expired out of sequence packet ,20709,20784
248.94,Received an expired out of sequence packet ,20710,20784
248.948,Received an expired out of sequence packet ,20711,20784
248.963,Received an expired out of sequence packet ,20712,20784
248.969,Received an expired out of sequence packet ,20713,20784
248.98,Received an expired out of sequence packet ,20714,20784
248.997,Received an expired out of sequence packet ,20715,20784
249.016,Received an expired out of sequence packet ,20716,20784
249.026,Received an expired out of sequence packet ,20717,20784
249.063,Received an expired out of sequence packet ,20718,20784
249.078,Received an expired out of sequence packet ,20719,20784
249.094,Received an expired out of sequence packet ,20720,20784
249.113,Received an expired out of sequence packet ,20721,20784
249.133,Received an expired out of sequence packet ,20722,20784
249.148,Received an expired out of sequence packet ,20723,20784
249.159,Received an expired out of sequence packet ,20724,20784
249.172,Received an expired out of sequence packet ,20725,20784
249.188,Received an expired out of sequence packet ,20726,20784
249.201,Received an expired out of sequence packet ,20727,20784
249.218,Received an expired out of sequence packet ,20728,20784
249.231,Received an expired out of sequence packet ,20729,20784
249.248,Received an expired out of sequence packet ,20730,20784
249.261,Received an expired out of sequence packet ,20731,20784
249.282,Received an expired out of sequence packet ,20732,20784
249.29,Received an expired out of sequence packet ,20733,20784
249.311,Received an expired out of sequence packet ,20734,20784
249.318,Received an expired out of sequence packet ,20735,20784
249.343,Received an expired out of sequence packet ,20736,20784
249.358,Received an expired out of sequence packet ,20737,20784
249.382,Received an expired out of sequence packet ,20738,20784
249.398,Received an expired out of sequence packet ,20739,20784
249.42,Received an expired out of sequence packet ,20740,20784
249.433,Received an expired out of sequence packet ,20741,20784
249.452,Received an expired out of sequence packet ,20742,20784
249.474,Received an expired out of sequence packet ,20743,20784
249.511,Received an expired out of sequence packet ,20744,20784
249.527,Received an expired out of sequence packet ,20745,20784
249.554,Received an expired out of sequence packet ,20746,20784
249.587,Received an expired out of sequence packet ,20747,20784
249.611,Received an expired out of sequence packet ,20748,20784
249.635,Received an expired out of sequence packet ,20749,20784
249.655,Received an expired out of sequence packet ,20750,20784
249.67,Received an expired out of sequence packet ,20751,20784
249.687,Received an expired out of sequence packet ,20752,20784
249.7,Received an expired out of sequence packet ,20753,20784
249.714,Received an expired out of sequence packet ,20754,20784
249.73,Received an expired out of sequence packet ,20755,20784
249.748,Received an expired out of sequence packet ,20756,20784
249.758,Received an expired out of sequence packet ,20757,20784
249.771,Received an expired out of sequence packet ,20758,20784
249.779,Received an expired out of sequence packet ,20759,20784
249.79,Received an expired out of sequence packet ,20760,20784
249.807,Received an expired out of sequence packet ,20761,20784
249.809,Received an expired out of sequence packet ,20762,20784
249.817,Received an expired out of sequence packet ,20763,20784
249.832,Received an expired out of sequence packet ,20764,20784
249.848,Received an expired out of sequence packet ,20765,20784
249.861,Received an expired out of sequence packet ,20766,20784
249.878,Received an expired out of sequence packet ,20767,20784
249.892,Received an expired out of sequence packet ,20768,20784
249.892,Received an expired out of sequence packet ,20769,20784
249.908,Received an expired out of sequence packet ,20770,20784
249.916,Received an expired out of sequence packet ,20771,20784
249.936,Received an expired out of sequence packet ,20772,20784
249.959,Received an expired out of sequence packet ,20773,20784
249.977,Received an expired out of sequence packet ,20774,20784
249.982,Received an expired out of sequence packet ,20775,20784
249.982,Received an expired out of sequence packet ,20776,20784
249.982,Received an expired out of sequence packet ,20777,20784
249.982,Received an expired out of sequence packet ,20778,20784
249.986,Received an expired out of sequence packet ,20779,20784
249.989,Received an expired out of sequence packet ,20780,20784
249.989,Received an expired out of sequence packet ,20781,20784
249.989,Received an expired out of sequence packet ,20782,20784
249.989,Received an expired out of sequence packet ,20783,20784
293.455,Timeout
293.455,clearing sending list because of timeout
293.585,Received an expired out of sequence packet ,71340,71650
294.585,Timeout
294.585,clearing sending list because of timeout
294.6,Received an expired out of sequence packet ,71341,71652
294.986,Received an expired out of sequence packet ,71342,71652
295,Received an expired out of sequence packet ,71343,71652
295,Received an expired out of sequence packet ,71344,71652
295.004,Received an expired out of sequence packet ,71345,71652
295.006,Received an expired out of sequence packet ,71346,71652
295.006,Received an expired out of sequence packet ,71347,71652
295.006,Received an expired out of sequence packet ,71348,71652
295.006,Received an expired out of sequence packet ,71349,71652
295.006,Received an expired out of sequence packet ,71350,71652
295.008,Received an expired out of sequence packet ,71351,71652
295.008,Received an expired out of sequence packet ,71352,71652
295.008,Received an expired out of sequence packet ,71353,71652
295.008,Received an expired out of sequence packet ,71354,71652
295.008,Received an expired out of sequence packet ,71355,71652
295.008,Received an expired out of sequence packet ,71356,71652
295.009,Received an expired out of sequence packet ,71357,71652
295.012,Received an expired out of sequence packet ,71358,71652
295.012,Received an expired out of sequence packet ,71359,71652
295.02,Received an expired out of sequence packet ,71360,71652
295.02,Received an expired out of sequence packet ,71361,71652
295.022,Received an expired out of sequence packet ,71362,71652
295.022,Received an expired out of sequence packet ,71363,71652
295.022,Received an expired out of sequence packet ,71364,71652
295.022,Received an expired out of sequence packet ,71365,71652
295.022,Received an expired out of sequence packet ,71366,71652
295.022,Received an expired out of sequence packet ,71367,71652
295.022,Received an expired out of sequence packet ,71368,71652
295.036,Received an expired out of sequence packet ,71369,71652
295.036,Received an expired out of sequence packet ,71370,71652
295.045,Received an expired out of sequence packet ,71371,71652
295.045,Received an expired out of sequence packet ,71372,71652
295.045,Received an expired out of sequence packet ,71373,71652
295.045,Received an expired out of sequence packet ,71374,71652
295.049,Received an expired out of sequence packet ,71375,71652
295.049,Received an expired out of sequence packet ,71376,71652
295.049,Received an expired out of sequence packet ,71377,71652
295.049,Received an expired out of sequence packet ,71378,71652
295.056,Received an expired out of sequence packet ,71379,71652
295.058,Received an expired out of sequence packet ,71380,71652
295.058,Received an expired out of sequence packet ,71381,71652
295.058,Received an expired out of sequence packet ,71382,71652
295.061,Received an expired out of sequence packet ,71383,71652
295.064,Received an expired out of sequence packet ,71384,71652
295.064,Received an expired out of sequence packet ,71385,71652
295.064,Received an expired out of sequence packet ,71386,71652
295.067,Received an expired out of sequence packet ,71387,71652
295.067,Received an expired out of sequence packet ,71388,71652
295.071,Received an expired out of sequence packet ,71389,71652
295.074,Received an expired out of sequence packet ,71390,71652
295.074,Received an expired out of sequence packet ,71391,71652
295.077,Received an expired out of sequence packet ,71392,71652
295.077,Received an expired out of sequence packet ,71393,71652
295.08,Received an expired out of sequence packet ,71394,71652
295.08,Received an expired out of sequence packet ,71395,71652
295.08,Received an expired out of sequence packet ,71396,71652
295.082,Received an expired out of sequence packet ,71397,71652
295.084,Received an expired out of sequence packet ,71398,71652
295.084,Received an expired out of sequence packet ,71399,71652
295.097,Received an expired out of sequence packet ,71400,71652
295.1,Received an expired out of sequence packet ,71401,71652
295.1,Received an expired out of sequence packet ,71402,71652
295.1,Received an expired out of sequence packet ,71403,71652
295.102,Received an expired out of sequence packet ,71404,71652
295.104,Received an expired out of sequence packet ,71405,71652
295.104,Received an expired out of sequence packet ,71406,71652
295.104,Received an expired out of sequence packet ,71407,71652
295.104,Received an expired out of sequence packet ,71408,71652
295.108,Received an expired out of sequence packet ,71409,71652
295.11,Received an expired out of sequence packet ,71410,71652
295.11,Received an expired out of sequence packet ,71411,71652
295.114,Received an expired out of sequence packet ,71412,71652
295.117,Received an expired out of sequence packet ,71413,71652
295.117,Received an expired out of sequence packet ,71414,71652
295.117,Received an expired out of sequence packet ,71415,71652
295.121,Received an expired out of sequence packet ,71416,71652
295.121,Received an expired out of sequence packet ,71417,71652
295.121,Received an expired out of sequence packet ,71418,71652
295.121,Received an expired out of sequence packet ,71419,71652
295.124,Received an expired out of sequence packet ,71420,71652
295.124,Received an expired out of sequence packet ,71421,71652
295.124,Received an expired out of sequence packet ,71422,71652
295.128,Received an expired out of sequence packet ,71423,71652
295.128,Received an expired out of sequence packet ,71424,71652
295.128,Received an expired out of sequence packet ,71425,71652
295.13,Received an expired out of sequence packet ,71426,71652
295.13,Received an expired out of sequence packet ,71427,71652
295.134,Received an expired out of sequence packet ,71428,71652
295.134,Received an expired out of sequence packet ,71429,71652
295.134,Received an expired out of sequence packet ,71430,71652
295.137,Received an expired out of sequence packet ,71431,71652
295.137,Received an expired out of sequence packet ,71432,71652
295.137,Received an expired out of sequence packet ,71433,71652
295.137,Received an expired out of sequence packet ,71434,71652
295.142,Received an expired out of sequence packet ,71435,71652
295.142,Received an expired out of sequence packet ,71436,71652
295.156,Received an expired out of sequence packet ,71437,71652
295.156,Received an expired out of sequence packet ,71438,71652
295.159,Received an expired out of sequence packet ,71439,71652
295.159,Received an expired out of sequence packet ,71440,71652
295.159,Received an expired out of sequence packet ,71441,71652
295.159,Received an expired out of sequence packet ,71442,71652
295.163,Received an expired out of sequence packet ,71443,71652
295.163,Received an expired out of sequence packet ,71444,71652
295.166,Received an expired out of sequence packet ,71445,71652
295.166,Received an expired out of sequence packet ,71446,71652
295.166,Received an expired out of sequence packet ,71447,71652
295.169,Received an expired out of sequence packet ,71448,71652
295.169,Received an expired out of sequence packet ,71449,71652
295.169,Received an expired out of sequence packet ,71450,71652
295.178,Received an expired out of sequence packet ,71451,71652
295.179,Received an expired out of sequence packet ,71452,71652
295.179,Received an expired out of sequence packet ,71453,71652
295.179,Received an expired out of sequence packet ,71454,71652
295.18,Received an expired out of sequence packet ,71455,71652
295.18,Received an expired out of sequence packet ,71456,71652
295.18,Received an expired out of sequence packet ,71457,71652
295.183,Received an expired out of sequence packet ,71458,71652
295.183,Received an expired out of sequence packet ,71459,71652
295.183,Received an expired out of sequence packet ,71460,71652
295.186,Received an expired out of sequence packet ,71461,71652
295.188,Received an expired out of sequence packet ,71462,71652
295.188,Received an expired out of sequence packet ,71463,71652
295.188,Received an expired out of sequence packet ,71464,71652
295.19,Received an expired out of sequence packet ,71465,71652
295.194,Received an expired out of sequence packet ,71466,71652
295.196,Received an expired out of sequence packet ,71467,71652
295.196,Received an expired out of sequence packet ,71468,71652
295.21,Received an expired out of sequence packet ,71469,71652
295.21,Received an expired out of sequence packet ,71470,71652
295.212,Received an expired out of sequence packet ,71471,71652
295.212,Received an expired out of sequence packet ,71472,71652
295.212,Received an expired out of sequence packet ,71473,71652
295.212,Received an expired out of sequence packet ,71474,71652
295.216,Received an expired out of sequence packet ,71475,71652
295.216,Received an expired out of sequence packet ,71476,71652
295.216,Received an expired out of sequence packet ,71477,71652
295.219,Received an expired out of sequence packet ,71478,71652
295.221,Received an expired out of sequence packet ,71479,71652
295.221,Received an expired out of sequence packet ,71480,71652
295.221,Received an expired out of sequence packet ,71481,71652
295.221,Received an expired out of sequence packet ,71482,71652
295.221,Received an expired out of sequence packet ,71483,71652
295.221,Received an expired out of sequence packet ,71484,71652
295.236,Received an expired out of sequence packet ,71485,71652
295.236,Received an expired out of sequence packet ,71486,71652
295.236,Received an expired out of sequence packet ,71487,71652
295.237,Received an expired out of sequence packet ,71488,71652
295.237,Received an expired out of sequence packet ,71489,71652
295.239,Received an expired out of sequence packet ,71490,71652
295.239,Received an expired out of sequence packet ,71491,71652
295.256,Received an expired out of sequence packet ,71492,71652
295.259,Received an expired out of sequence packet ,71493,71652
295.259,Received an expired out of sequence packet ,71494,71652
295.259,Received an expired out of sequence packet ,71495,71652
295.26,Received an expired out of sequence packet ,71496,71652
295.262,Received an expired out of sequence packet ,71497,71652
295.262,Received an expired out of sequence packet ,71498,71652
295.263,Received an expired out of sequence packet ,71499,71652
295.266,Received an expired out of sequence packet ,71500,71652
295.266,Received an expired out of sequence packet ,71501,71652
295.266,Received an expired out of sequence packet ,71502,71652
295.266,Received an expired out of sequence packet ,71503,71652
295.266,Received an expired out of sequence packet ,71504,71652
295.267,Received an expired out of sequence packet ,71505,71652
295.267,Received an expired out of sequence packet ,71506,71652
295.274,Received an expired out of sequence packet ,71507,71652
295.274,Received an expired out of sequence packet ,71508,71652
295.274,Received an expired out of sequence packet ,71509,71652
295.274,Received an expired out of sequence packet ,71510,71652
295.274,Received an expired out of sequence packet ,71511,71652
295.274,Received an expired out of sequence packet ,71512,71652
295.28,Received an expired out of sequence packet ,71513,71652
295.28,Received an expired out of sequence packet ,71514,71652
295.282,Received an expired out of sequence packet ,71515,71652
295.282,Received an expired out of sequence packet ,71516,71652
295.282,Received an expired out of sequence packet ,71517,71652
295.282,Received an expired out of sequence packet ,71518,71652
295.286,Received an expired out of sequence packet ,71519,71652
295.286,Received an expired out of sequence packet ,71520,71652
295.286,Received an expired out of sequence packet ,71521,71652
295.286,Received an expired out of sequence packet ,71522,71652
295.286,Received an expired out of sequence packet ,71523,71652
295.289,Received an expired out of sequence packet ,71524,71652
295.289,Received an expired out of sequence packet ,71525,71652
295.297,Received an expired out of sequence packet ,71526,71652
295.297,Received an expired out of sequence packet ,71527,71652
295.297,Received an expired out of sequence packet ,71528,71652
295.301,Received an expired out of sequence packet ,71529,71652
295.301,Received an expired out of sequence packet ,71530,71652
295.301,Received an expired out of sequence packet ,71531,71652
295.301,Received an expired out of sequence packet ,71532,71652
295.302,Received an expired out of sequence packet ,71533,71652
295.304,Received an expired out of sequence packet ,71534,71652
295.306,Received an expired out of sequence packet ,71535,71652
295.306,Received an expired out of sequence packet ,71536,71652
295.31,Received an expired out of sequence packet ,71537,71652
295.31,Received an expired out of sequence packet ,71538,71652
295.31,Received an expired out of sequence packet ,71539,71652
295.312,Received an expired out of sequence packet ,71540,71652
295.313,Received an expired out of sequence packet ,71541,71652
295.326,Received an expired out of sequence packet ,71542,71652
295.326,Received an expired out of sequence packet ,71543,71652
295.329,Received an expired out of sequence packet ,71544,71652
295.329,Received an expired out of sequence packet ,71545,71652
295.329,Received an expired out of sequence packet ,71546,71652
295.329,Received an expired out of sequence packet ,71547,71652
295.329,Received an expired out of sequence packet ,71548,71652
295.33,Received an expired out of sequence packet ,71549,71652
295.337,Received an expired out of sequence packet ,71550,71652
295.337,Received an expired out of sequence packet ,71551,71652
295.337,Received an expired out of sequence packet ,71552,71652
295.337,Received an expired out of sequence packet ,71553,71652
295.337,Received an expired out of sequence packet ,71554,71652
295.337,Received an expired out of sequence packet ,71555,71652
295.344,Received an expired out of sequence packet ,71556,71652
295.344,Received an expired out of sequence packet ,71557,71652
295.344,Received an expired out of sequence packet ,71558,71652
295.346,Received an expired out of sequence packet ,71559,71652
295.346,Received an expired out of sequence packet ,71560,71652
295.347,Received an expired out of sequence packet ,71561,71652
295.347,Received an expired out of sequence packet ,71562,71652
295.347,Received an expired out of sequence packet ,71563,71652
295.347,Received an expired out of sequence packet ,71564,71652
295.347,Received an expired out of sequence packet ,71565,71652
295.348,Received an expired out of sequence packet ,71566,71652
295.349,Received an expired out of sequence packet ,71567,71652
295.349,Received an expired out of sequence packet ,71568,71652
295.349,Received an expired out of sequence packet ,71569,71652
295.353,Received an expired out of sequence packet ,71570,71652
295.353,Received an expired out of sequence packet ,71571,71652
295.353,Received an expired out of sequence packet ,71572,71652