1.25541,Exit slow start,exceeding SS_EXIT_THRESHOLD
13.9217,Timeout
13.9217,clearing sending list because of timeout
13.9218,Received an expired out of sequence packet ,4312,4366
14.9199,Received an expired out of sequence packet ,4313,4366
15.0548,Received an expired out of sequence packet ,4314,4366
15.058,Received an expired out of sequence packet ,4315,4366
15.059,Received an expired out of sequence packet ,4316,4366
15.0621,Received an expired out of sequence packet ,4317,4366
15.0621,Received an expired out of sequence packet ,4318,4366
15.0642,Received an expired out of sequence packet ,4319,4366
15.0643,Received an expired out of sequence packet ,4320,4366
15.0693,Received an expired out of sequence packet ,4321,4366
15.0724,Received an expired out of sequence packet ,4322,4366
15.0746,Received an expired out of sequence packet ,4323,4366
15.0767,Received an expired out of sequence packet ,4324,4366
15.0787,Received an expired out of sequence packet ,4325,4366
15.0808,Received an expired out of sequence packet ,4326,4366
15.0819,Received an expired out of sequence packet ,4327,4366
15.0889,Received an expired out of sequence packet ,4328,4366
15.091,Received an expired out of sequence packet ,4329,4366
15.0931,Received an expired out of sequence packet ,4330,4366
15.1359,Received an expired out of sequence packet ,4331,4366
15.145,Received an expired out of sequence packet ,4332,4366
15.1481,Received an expired out of sequence packet ,4333,4366
15.1481,Received an expired out of sequence packet ,4334,4366
15.1481,Received an expired out of sequence packet ,4335,4366
15.1492,Received an expired out of sequence packet ,4336,4366
15.2245,Received an expired out of sequence packet ,4337,4366
15.2277,Received an expired out of sequence packet ,4338,4366
15.2307,Received an expired out of sequence packet ,4339,4366
15.2358,Received an expired out of sequence packet ,4340,4366
15.238,Received an expired out of sequence packet ,4341,4366
15.2431,Received an expired out of sequence packet ,4342,4366
15.2453,Received an expired out of sequence packet ,4343,4366
15.2493,Received an expired out of sequence packet ,4344,4366
15.2514,Received an expired out of sequence packet ,4345,4366
15.2556,Received an expired out of sequence packet ,4346,4366
15.2577,Received an expired out of sequence packet ,4347,4366
15.2617,Received an expired out of sequence packet ,4348,4366
15.2628,Received an expired out of sequence packet ,4349,4366
15.2668,Received an expired out of sequence packet ,4350,4366
15.2687,Received an expired out of sequence packet ,4351,4366
15.2729,Received an expired out of sequence packet ,4352,4366
15.2751,Received an expired out of sequence packet ,4353,4366
15.2813,Received an expired out of sequence packet ,4354,4366
15.2855,Received an expired out of sequence packet ,4355,4366
15.2886,Received an expired out of sequence packet ,4356,4366
15.2918,Received an expired out of sequence packet ,4357,4366
15.2959,Received an expired out of sequence packet ,4358,4366
15.297,Received an expired out of sequence packet ,4359,4366
15.3001,Received an expired out of sequence packet ,4360,4366
15.3054,Received an expired out of sequence packet ,4361,4366
15.3106,Received an expired out of sequence packet ,4362,4366
15.3106,Received an expired out of sequence packet ,4363,4366
15.3127,Received an expired out of sequence packet ,4364,4366
15.3169,Received an expired out of sequence packet ,4365,4366
17.8159,Timeout
17.8159,clearing sending list because of timeout
17.89,Received an expired out of sequence packet ,4709,4744
17.8911,Received an expired out of sequence packet ,4710,4744
17.8952,Received an expired out of sequence packet ,4711,4744
17.8983,Received an expired out of sequence packet ,4712,4744
17.9245,Received an expired out of sequence packet ,4713,4744
17.9286,Received an expired out of sequence packet ,4714,4744
17.9317,Received an expired out of sequence packet ,4715,4744
17.9339,Received an expired out of sequence packet ,4716,4744
17.936,Received an expired out of sequence packet ,4717,4744
17.9381,Received an expired out of sequence packet ,4718,4744
17.9403,Received an expired out of sequence packet ,4719,4744
17.9434,Received an expired out of sequence packet ,4720,4744
17.9468,Received an expired out of sequence packet ,4721,4744
17.9468,Received an expired out of sequence packet ,4722,4744
17.9488,Received an expired out of sequence packet ,4723,4744
17.966,Received an expired out of sequence packet ,4724,4744
17.968,Received an expired out of sequence packet ,4725,4744
17.9691,Received an expired out of sequence packet ,4726,4744
17.9733,Received an expired out of sequence packet ,4727,4744
17.9824,Received an expired out of sequence packet ,4728,4744
17.9866,Received an expired out of sequence packet ,4729,4744
17.9877,Received an expired out of sequence packet ,4730,4744
17.9888,Received an expired out of sequence packet ,4731,4744
17.9919,Received an expired out of sequence packet ,4732,4744
18.1387,Received an expired out of sequence packet ,4733,4744
18.1387,Received an expired out of sequence packet ,4734,4744
18.1487,Received an expired out of sequence packet ,4735,4744
18.1528,Received an expired out of sequence packet ,4736,4744
18.1528,Received an expired out of sequence packet ,4737,4744
18.168,Received an expired out of sequence packet ,4738,4744
18.1991,Received an expired out of sequence packet ,4739,4744
18.1991,Received an expired out of sequence packet ,4740,4744
18.1991,Received an expired out of sequence packet ,4741,4744
18.2021,Received an expired out of sequence packet ,4742,4744
18.2072,Received an expired out of sequence packet ,4743,4744
18.4865,Timeout
18.4865,clearing sending list because of timeout
18.62,Received an expired out of sequence packet ,4750,4752
18.6231,Received an expired out of sequence packet ,4751,4752
102.515,Timeout
102.515,clearing sending list because of timeout
102.638,Received an expired out of sequence packet ,61874,61891
102.657,Received an expired out of sequence packet ,61875,61891
102.683,Received an expired out of sequence packet ,61876,61891
102.703,Received an expired out of sequence packet ,61877,61891
102.71,Received an expired out of sequence packet ,61878,61891
102.719,Received an expired out of sequence packet ,61879,61891
102.736,Received an expired out of sequence packet ,61880,61891
102.744,Received an expired out of sequence packet ,61881,61891
102.761,Received an expired out of sequence packet ,61882,61891
102.775,Received an expired out of sequence packet ,61883,61891
102.783,Received an expired out of sequence packet ,61884,61891
102.799,Received an expired out of sequence packet ,61885,61891
102.807,Received an expired out of sequence packet ,61886,61891
102.823,Received an expired out of sequence packet ,61887,61891
102.84,Received an expired out of sequence packet ,61888,61891
102.846,Received an expired out of sequence packet ,61889,61891
102.856,Received an expired out of sequence packet ,61890,61891
107.599,Timeout
107.599,clearing sending list because of timeout
107.859,Received an expired out of sequence packet ,62655,62657
107.862,Received an expired out of sequence packet ,62656,62657
162.083,Timeout
162.083,clearing sending list because of timeout
162.096,Received an expired out of sequence packet ,107074,107207
163.096,Timeout
163.096,clearing sending list because of timeout
163.098,Received an expired out of sequence packet ,107075,107209
164.093,Received an expired out of sequence packet ,107076,107209
164.99,Received an expired out of sequence packet ,107077,107209
164.993,Received an expired out of sequence packet ,107078,107209
165.02,Received an expired out of sequence packet ,107079,107209
165.025,Received an expired out of sequence packet ,107080,107209
165.025,Received an expired out of sequence packet ,107081,107209
165.046,Received an expired out of sequence packet ,107082,107209
165.076,Received an expired out of sequence packet ,107083,107209
165.305,Received an expired out of sequence packet ,107084,107209
165.31,Received an expired out of sequence packet ,107085,107209
165.326,Received an expired out of sequence packet ,107086,107209
165.341,Received an expired out of sequence packet ,107087,107209
165.348,Received an expired out of sequence packet ,107088,107209
165.392,Received an expired out of sequence packet ,107089,107209
165.4,Received an expired out of sequence packet ,107090,107209
165.409,Received an expired out of sequence packet ,107091,107209
165.443,Received an expired out of sequence packet ,107092,107209
165.462,Received an expired out of sequence packet ,107093,107209
165.492,Received an expired out of sequence packet ,107094,107209
165.501,Received an expired out of sequence packet ,107095,107209
165.516,Received an expired out of sequence packet ,107096,107209
165.526,Received an expired out of sequence packet ,107097,107209
165.539,Received an expired out of sequence packet ,107098,107209
165.598,Received an expired out of sequence packet ,107099,107209
165.605,Received an expired out of sequence packet ,107100,107209
165.643,Received an expired out of sequence packet ,107101,107209
165.649,Received an expired out of sequence packet ,107102,107209
165.663,Received an expired out of sequence packet ,107103,107209
165.669,Received an expired out of sequence packet ,107104,107209
165.727,Received an expired out of sequence packet ,107105,107209
165.743,Received an expired out of sequence packet ,107106,107209
165.755,Received an expired out of sequence packet ,107107,107209
165.758,Received an expired out of sequence packet ,107108,107209
165.76,Received an expired out of sequence packet ,107109,107209
165.76,Received an expired out of sequence packet ,107110,107209
165.76,Received an expired out of sequence packet ,107111,107209
165.76,Received an expired out of sequence packet ,107112,107209
165.762,Received an expired out of sequence packet ,107113,107209
165.762,Received an expired out of sequence packet ,107114,107209
165.762,Received an expired out of sequence packet ,107115,107209
165.762,Received an expired out of sequence packet ,107116,107209
165.762,Received an expired out of sequence packet ,107117,107209
165.762,Received an expired out of sequence packet ,107118,107209
165.762,Received an expired out of sequence packet ,107119,107209
165.762,Received an expired out of sequence packet ,107120,107209
165.781,Received an expired out of sequence packet ,107121,107209
165.781,Received an expired out of sequence packet ,107122,107209
165.781,Received an expired out of sequence packet ,107123,107209
165.781,Received an expired out of sequence packet ,107124,107209
165.785,Received an expired out of sequence packet ,107125,107209
165.798,Received an expired out of sequence packet ,107126,107209
165.813,Received an expired out of sequence packet ,107127,107209
165.831,Received an expired out of sequence packet ,107128,107209
165.85,Received an expired out of sequence packet ,107129,107209
165.865,Received an expired out of sequence packet ,107130,107209
165.865,Received an expired out of sequence packet ,107131,107209
165.865,Received an expired out of sequence packet ,107132,107209
165.875,Received an expired out of sequence packet ,107133,107209
165.897,Received an expired out of sequence packet ,107134,107209
165.906,Received an expired out of sequence packet ,107135,107209
165.906,Received an expired out of sequence packet ,107136,107209
165.906,Received an expired out of sequence packet ,107137,107209
165.924,Received an expired out of sequence packet ,107138,107209
165.932,Received an expired out of sequence packet ,107139,107209
165.945,Received an expired out of sequence packet ,107140,107209
165.948,Received an expired out of sequence packet ,107141,107209
165.971,Received an expired out of sequence packet ,107142,107209
165.98,Received an expired out of sequence packet ,107143,107209
165.992,Received an expired out of sequence packet ,107144,107209
166.007,Received an expired out of sequence packet ,107145,107209
166.009,Received an expired out of sequence packet ,107146,107209
166.009,Received an expired out of sequence packet ,107147,107209
166.019,Received an expired out of sequence packet ,107148,107209
166.02,Received an expired out of sequence packet ,107149,107209
166.035,Received an expired out of sequence packet ,107150,107209
166.043,Received an expired out of sequence packet ,107151,107209
166.057,Received an expired out of sequence packet ,107152,107209
166.057,Received an expired out of sequence packet ,107153,107209
166.058,Received an expired out of sequence packet ,107154,107209
166.058,Received an expired out of sequence packet ,107155,107209
166.074,Received an expired out of sequence packet ,107156,107209
166.079,Received an expired out of sequence packet ,107157,107209
166.085,Received an expired out of sequence packet ,107158,107209
166.089,Received an expired out of sequence packet ,107159,107209
166.1,Received an expired out of sequence packet ,107160,107209
166.1,Received an expired out of sequence packet ,107161,107209
166.115,Received an expired out of sequence packet ,107162,107209
166.117,Received an expired out of sequence packet ,107163,107209
166.119,Received an expired out of sequence packet ,107164,107209
166.143,Received an expired out of sequence packet ,107165,107209
166.149,Received an expired out of sequence packet ,107166,107209
166.149,Received an expired out of sequence packet ,107167,107209
166.15,Received an expired out of sequence packet ,107168,107209
166.157,Received an expired out of sequence packet ,107169,107209
166.165,Received an expired out of sequence packet ,107170,107209
166.169,Received an expired out of sequence packet ,107171,107209
166.179,Received an expired out of sequence packet ,107172,107209
166.18,Received an expired out of sequence packet ,107173,107209
166.203,Received an expired out of sequence packet ,107174,107209
166.207,Received an expired out of sequence packet ,107175,107209
166.207,Received an expired out of sequence packet ,107176,107209
166.209,Received an expired out of sequence packet ,107177,107209
166.216,Received an expired out of sequence packet ,107178,107209
166.223,Received an expired out of sequence packet ,107179,107209
166.234,Received an expired out of sequence packet ,107180,107209
166.236,Received an expired out of sequence packet ,107181,107209
166.241,Received an expired out of sequence packet ,107182,107209
166.249,Received an expired out of sequence packet ,107183,107209
166.256,Received an expired out of sequence packet ,107184,107209
166.258,Received an expired out of sequence packet ,107185,107209
166.271,Received an expired out of sequence packet ,107186,107209
166.275,Received an expired out of sequence packet ,107187,107209
166.283,Received an expired out of sequence packet ,107188,107209
166.29,Received an expired out of sequence packet ,107189,107209
166.293,Received an expired out of sequence packet ,107190,107209
166.297,Received an expired out of sequence packet ,107191,107209
166.306,Received an expired out of sequence packet ,107192,107209
166.316,Received an expired out of sequence packet ,107193,107209
166.323,Received an expired out of sequence packet ,107194,107209
166.326,Received an expired out of sequence packet ,107195,107209
166.34,Received an expired out of sequence packet ,107196,107209
166.349,Received an expired out of sequence packet ,107197,107209
166.349,Received an expired out of sequence packet ,107198,107209
166.353,Received an expired out of sequence packet ,107199,107209
166.362,Received an expired out of sequence packet ,107200,107209
166.369,Received an expired out of sequence packet ,107201,107209
166.371,Received an expired out of sequence packet ,107202,107209
166.383,Received an expired out of sequence packet ,107203,107209
166.383,Received an expired out of sequence packet ,107204,107209
166.388,Received an expired out of sequence packet ,107205,107209
166.391,Received an expired out of sequence packet ,107206,107209
166.399,Received an expired out of sequence packet ,107207,107209
166.401,Received an expired out of sequence packet ,107208,107209
221.921,Timeout
221.921,clearing sending list because of timeout
221.921,Received an expired out of sequence packet ,147266,147416
222.92,Received an expired out of sequence packet ,147267,147416
223.92,Timeout
223.92,clearing sending list because of timeout
223.933,Received an expired out of sequence packet ,147268,147418
224.921,Received an expired out of sequence packet ,147269,147418
224.989,Received an expired out of sequence packet ,147270,147418
224.993,Received an expired out of sequence packet ,147271,147418
225.02,Received an expired out of sequence packet ,147272,147418
225.025,Received an expired out of sequence packet ,147273,147418
225.025,Received an expired out of sequence packet ,147274,147418
225.046,Received an expired out of sequence packet ,147275,147418
225.076,Received an expired out of sequence packet ,147276,147418
225.305,Received an expired out of sequence packet ,147277,147418
225.31,Received an expired out of sequence packet ,147278,147418
225.326,Received an expired out of sequence packet ,147279,147418
225.341,Received an expired out of sequence packet ,147280,147418
225.348,Received an expired out of sequence packet ,147281,147418
225.393,Received an expired out of sequence packet ,147282,147418
225.393,Received an expired out of sequence packet ,147283,147418
225.4,Received an expired out of sequence packet ,147284,147418
225.409,Received an expired out of sequence packet ,147285,147418
225.443,Received an expired out of sequence packet ,147286,147418
225.462,Received an expired out of sequence packet ,147287,147418
225.491,Received an expired out of sequence packet ,147288,147418
225.501,Received an expired out of sequence packet ,147289,147418
225.517,Received an expired out of sequence packet ,147290,147418
225.526,Received an expired out of sequence packet ,147291,147418
225.539,Received an expired out of sequence packet ,147292,147418
225.598,Received an expired out of sequence packet ,147293,147418
225.605,Received an expired out of sequence packet ,147294,147418
225.643,Received an expired out of sequence packet ,147295,147418
225.65,Received an expired out of sequence packet ,147296,147418
225.663,Received an expired out of sequence packet ,147297,147418
225.669,Received an expired out of sequence packet ,147298,147418
225.726,Received an expired out of sequence packet ,147299,147418
225.743,Received an expired out of sequence packet ,147300,147418
225.755,Received an expired out of sequence packet ,147301,147418
225.759,Received an expired out of sequence packet ,147302,147418
225.76,Received an expired out of sequence packet ,147303,147418
225.76,Received an expired out of sequence packet ,147304,147418
225.76,Received an expired out of sequence packet ,147305,147418
225.76,Received an expired out of sequence packet ,147306,147418
225.781,Received an expired out of sequence packet ,147307,147418
225.781,Received an expired out of sequence packet ,147308,147418
225.781,Received an expired out of sequence packet ,147309,147418
225.781,Received an expired out of sequence packet ,147310,147418
225.781,Received an expired out of sequence packet ,147311,147418
225.781,Received an expired out of sequence packet ,147312,147418
225.781,Received an expired out of sequence packet ,147313,147418
225.781,Received an expired out of sequence packet ,147314,147418
225.781,Received an expired out of sequence packet ,147315,147418
225.781,Received an expired out of sequence packet ,147316,147418
225.781,Received an expired out of sequence packet ,147317,147418
225.781,Received an expired out of sequence packet ,147318,147418
225.785,Received an expired out of sequence packet ,147319,147418
225.798,Received an expired out of sequence packet ,147320,147418
225.813,Received an expired out of sequence packet ,147321,147418
225.832,Received an expired out of sequence packet ,147322,147418
225.85,Received an expired out of sequence packet ,147323,147418
225.865,Received an expired out of sequence packet ,147324,147418
225.865,Received an expired out of sequence packet ,147325,147418
225.865,Received an expired out of sequence packet ,147326,147418
225.875,Received an expired out of sequence packet ,147327,147418
225.896,Received an expired out of sequence packet ,147328,147418
225.906,Received an expired out of sequence packet ,147329,147418
225.906,Received an expired out of sequence packet ,147330,147418
225.925,Received an expired out of sequence packet ,147331,147418
225.932,Received an expired out of sequence packet ,147332,147418
225.945,Received an expired out of sequence packet ,147333,147418
225.948,Received an expired out of sequence packet ,147334,147418
225.971,Received an expired out of sequence packet ,147335,147418
225.98,Received an expired out of sequence packet ,147336,147418
225.993,Received an expired out of sequence packet ,147337,147418
226.006,Received an expired out of sequence packet ,147338,147418
226.009,Received an expired out of sequence packet ,147339,147418
226.009,Received an expired out of sequence packet ,147340,147418
226.019,Received an expired out of sequence packet ,147341,147418
226.02,Received an expired out of sequence packet ,147342,147418
226.034,Received an expired out of sequence packet ,147343,147418
226.044,Received an expired out of sequence packet ,147344,147418
226.056,Received an expired out of sequence packet ,147345,147418
226.056,Received an expired out of sequence packet ,147346,147418
226.058,Received an expired out of sequence packet ,147347,147418
226.058,Received an expired out of sequence packet ,147348,147418
226.074,Received an expired out of sequence packet ,147349,147418
226.079,Received an expired out of sequence packet ,147350,147418
226.079,Received an expired out of sequence packet ,147351,147418
226.085,Received an expired out of sequence packet ,147352,147418
226.089,Received an expired out of sequence packet ,147353,147418
226.1,Received an expired out of sequence packet ,147354,147418
226.101,Received an expired out of sequence packet ,147355,147418
226.115,Received an expired out of sequence packet ,147356,147418
226.117,Received an expired out of sequence packet ,147357,147418
226.119,Received an expired out of sequence packet ,147358,147418
226.143,Received an expired out of sequence packet ,147359,147418
226.149,Received an expired out of sequence packet ,147360,147418
226.149,Received an expired out of sequence packet ,147361,147418
226.149,Received an expired out of sequence packet ,147362,147418
226.158,Received an expired out of sequence packet ,147363,147418
226.165,Received an expired out of sequence packet ,147364,147418
226.169,Received an expired out of sequence packet ,147365,147418
226.179,Received an expired out of sequence packet ,147366,147418
226.18,Received an expired out of sequence packet ,147367,147418
226.203,Received an expired out of sequence packet ,147368,147418
226.207,Received an expired out of sequence packet ,147369,147418
226.207,Received an expired out of sequence packet ,147370,147418
226.209,Received an expired out of sequence packet ,147371,147418
226.216,Received an expired out of sequence packet ,147372,147418
226.223,Received an expired out of sequence packet ,147373,147418
226.233,Received an expired out of sequence packet ,147374,147418
226.236,Received an expired out of sequence packet ,147375,147418
226.241,Received an expired out of sequence packet ,147376,147418
226.249,Received an expired out of sequence packet ,147377,147418
226.256,Received an expired out of sequence packet ,147378,147418
226.258,Received an expired out of sequence packet ,147379,147418
226.271,Received an expired out of sequence packet ,147380,147418
226.275,Received an expired out of sequence packet ,147381,147418
226.283,Received an expired out of sequence packet ,147382,147418
226.29,Received an expired out of sequence packet ,147383,147418
226.293,Received an expired out of sequence packet ,147384,147418
226.297,Received an expired out of sequence packet ,147385,147418
226.306,Received an expired out of sequence packet ,147386,147418
226.316,Received an expired out of sequence packet ,147387,147418
226.323,Received an expired out of sequence packet ,147388,147418
226.327,Received an expired out of sequence packet ,147389,147418
226.339,Received an expired out of sequence packet ,147390,147418
226.349,Received an expired out of sequence packet ,147391,147418
226.349,Received an expired out of sequence packet ,147392,147418
226.353,Received an expired out of sequence packet ,147393,147418
226.363,Received an expired out of sequence packet ,147394,147418
226.369,Received an expired out of sequence packet ,147395,147418
226.372,Received an expired out of sequence packet ,147396,147418
226.381,Received an expired out of sequence packet ,147397,147418
226.388,Received an expired out of sequence packet ,147398,147418
226.391,Received an expired out of sequence packet ,147399,147418
226.399,Received an expired out of sequence packet ,147400,147418
226.402,Received an expired out of sequence packet ,147401,147418
226.405,Received an expired out of sequence packet ,147402,147418
226.408,Received an expired out of sequence packet ,147403,147418
226.436,Received an expired out of sequence packet ,147404,147418
226.437,Received an expired out of sequence packet ,147405,147418
226.437,Received an expired out of sequence packet ,147406,147418
226.44,Received an expired out of sequence packet ,147407,147418
226.44,Received an expired out of sequence packet ,147408,147418
226.44,Received an expired out of sequence packet ,147409,147418
226.443,Received an expired out of sequence packet ,147410,147418
226.443,Received an expired out of sequence packet ,147411,147418
226.446,Received an expired out of sequence packet ,147412,147418
226.451,Received an expired out of sequence packet ,147413,147418
226.457,Received an expired out of sequence packet ,147414,147418
226.459,Received an expired out of sequence packet ,147415,147418
226.459,Received an expired out of sequence packet ,147416,147418
226.461,Received an expired out of sequence packet ,147417,147418
247.379,Timeout
247.379,clearing sending list because of timeout
247.379,Received an expired out of sequence packet ,163575,164065
248.379,Timeout
248.379,clearing sending list because of timeout
248.379,Received an expired out of sequence packet ,163576,164067
249.369,Received an expired out of sequence packet ,163577,164067
249.985,Received an expired out of sequence packet ,163578,164067
249.998,Received an expired out of sequence packet ,163579,164067
249.998,Received an expired out of sequence packet ,163580,164067
249.998,Received an expired out of sequence packet ,163581,164067
249.998,Received an expired out of sequence packet ,163582,164067
249.998,Received an expired out of sequence packet ,163583,164067
249.999,Received an expired out of sequence packet ,163584,164067
249.999,Received an expired out of sequence packet ,163585,164067
250,Received an expired out of sequence packet ,163586,164067
250,Received an expired out of sequence packet ,163587,164067
250.001,Received an expired out of sequence packet ,163588,164067
250.004,Received an expired out of sequence packet ,163589,164067
250.004,Received an expired out of sequence packet ,163590,164067
250.004,Received an expired out of sequence packet ,163591,164067
250.004,Received an expired out of sequence packet ,163592,164067
250.004,Received an expired out of sequence packet ,163593,164067
250.004,Received an expired out of sequence packet ,163594,164067
250.013,Received an expired out of sequence packet ,163595,164067
250.013,Received an expired out of sequence packet ,163596,164067
250.013,Received an expired out of sequence packet ,163597,164067
250.013,Received an expired out of sequence packet ,163598,164067
250.013,Received an expired out of sequence packet ,163599,164067
250.014,Received an expired out of sequence packet ,163600,164067
250.014,Received an expired out of sequence packet ,163601,164067
250.014,Received an expired out of sequence packet ,163602,164067
250.014,Received an expired out of sequence packet ,163603,164067
250.014,Received an expired out of sequence packet ,163604,164067
250.02,Received an expired out of sequence packet ,163605,164067
250.02,Received an expired out of sequence packet ,163606,164067
250.02,Received an expired out of sequence packet ,163607,164067
250.02,Received an expired out of sequence packet ,163608,164067
250.02,Received an expired out of sequence packet ,163609,164067
250.02,Received an expired out of sequence packet ,163610,164067
250.02,Received an expired out of sequence packet ,163611,164067
250.02,Received an expired out of sequence packet ,163612,164067
250.02,Received an expired out of sequence packet ,163613,164067
250.02,Received an expired out of sequence packet ,163614,164067
250.02,Received an expired out of sequence packet ,163615,164067
250.024,Received an expired out of sequence packet ,163616,164067
250.024,Received an expired out of sequence packet ,163617,164067
250.024,Received an expired out of sequence packet ,163618,164067
250.025,Received an expired out of sequence packet ,163619,164067
250.025,Received an expired out of sequence packet ,163620,164067
250.025,Received an expired out of sequence packet ,163621,164067
250.025,Received an expired out of sequence packet ,163622,164067
250.026,Received an expired out of sequence packet ,163623,164067
250.026,Received an expired out of sequence packet ,163624,164067
250.026,Received an expired out of sequence packet ,163625,164067
250.03,Received an expired out of sequence packet ,163626,164067
250.03,Received an expired out of sequence packet ,163627,164067
250.03,Received an expired out of sequence packet ,163628,164067
250.03,Received an expired out of sequence packet ,163629,164067
250.03,Received an expired out of sequence packet ,163630,164067
250.03,Received an expired out of sequence packet ,163631,164067
250.03,Received an expired out of sequence packet ,163632,164067
250.03,Received an expired out of sequence packet ,163633,164067
250.03,Received an expired out of sequence packet ,163634,164067
250.033,Received an expired out of sequence packet ,163635,164067
250.033,Received an expired out of sequence packet ,163636,164067
250.033,Received an expired out of sequence packet ,163637,164067
250.033,Received an expired out of sequence packet ,163638,164067
250.036,Received an expired out of sequence packet ,163639,164067
250.036,Received an expired out of sequence packet ,163640,164067
250.036,Received an expired out of sequence packet ,163641,164067
250.036,Received an expired out of sequence packet ,163642,164067
250.036,Received an expired out of sequence packet ,163643,164067
250.055,Received an expired out of sequence packet ,163644,164067
250.059,Received an expired out of sequence packet ,163645,164067
250.061,Received an expired out of sequence packet ,163646,164067
250.061,Received an expired out of sequence packet ,163647,164067
250.061,Received an expired out of sequence packet ,163648,164067
250.061,Received an expired out of sequence packet ,163649,164067
250.061,Received an expired out of sequence packet ,163650,164067
250.065,Received an expired out of sequence packet ,163651,164067
250.109,Received an expired out of sequence packet ,163652,164067
250.111,Received an expired out of sequence packet ,163653,164067
250.123,Received an expired out of sequence packet ,163654,164067
250.126,Received an expired out of sequence packet ,163655,164067
250.128,Received an expired out of sequence packet ,163656,164067
250.137,Received an expired out of sequence packet ,163657,164067
250.14,Received an expired out of sequence packet ,163658,164067
250.14,Received an expired out of sequence packet ,163659,164067
250.14,Received an expired out of sequence packet ,163660,164067
250.144,Received an expired out of sequence packet ,163661,164067
250.149,Received an expired out of sequence packet ,163662,164067
250.15,Received an expired out of sequence packet ,163663,164067
250.15,Received an expired out of sequence packet ,163664,164067
250.15,Received an expired out of sequence packet ,163665,164067
250.15,Received an expired out of sequence packet ,163666,164067
250.15,Received an expired out of sequence packet ,163667,164067
250.15,Received an expired out of sequence packet ,163668,164067
250.163,Received an expired out of sequence packet ,163669,164067
250.163,Received an expired out of sequence packet ,163670,164067
250.164,Received an expired out of sequence packet ,163671,164067
250.164,Received an expired out of sequence packet ,163672,164067
250.164,Received an expired out of sequence packet ,163673,164067
250.164,Received an expired out of sequence packet ,163674,164067
250.164,Received an expired out of sequence packet ,163675,164067
250.177,Received an expired out of sequence packet ,163676,164067
250.177,Received an expired out of sequence packet ,163677,164067
250.177,Received an expired out of sequence packet ,163678,164067
250.177,Received an expired out of sequence packet ,163679,164067
250.177,Received an expired out of sequence packet ,163680,164067
250.177,Received an expired out of sequence packet ,163681,164067
250.177,Received an expired out of sequence packet ,163682,164067
250.177,Received an expired out of sequence packet ,163683,164067
250.177,Received an expired out of sequence packet ,163684,164067
250.177,Received an expired out of sequence packet ,163685,164067
250.177,Received an expired out of sequence packet ,163686,164067
250.177,Received an expired out of sequence packet ,163687,164067
250.177,Received an expired out of sequence packet ,163688,164067
250.177,Received an expired out of sequence packet ,163689,164067
250.177,Received an expired out of sequence packet ,163690,164067
250.177,Received an expired out of sequence packet ,163691,164067
250.177,Received an expired out of sequence packet ,163692,164067
250.178,Received an expired out of sequence packet ,163693,164067
250.178,Received an expired out of sequence packet ,163694,164067
250.179,Received an expired out of sequence packet ,163695,164067
250.185,Received an expired out of sequence packet ,163696,164067
250.185,Received an expired out of sequence packet ,163697,164067
250.185,Received an expired out of sequence packet ,163698,164067
250.185,Received an expired out of sequence packet ,163699,164067
250.185,Received an expired out of sequence packet ,163700,164067
250.185,Received an expired out of sequence packet ,163701,164067
250.185,Received an expired out of sequence packet ,163702,164067
250.185,Received an expired out of sequence packet ,163703,164067
250.185,Received an expired out of sequence packet ,163704,164067
250.185,Received an expired out of sequence packet ,163705,164067
250.185,Received an expired out of sequence packet ,163706,164067
250.185,Received an expired out of sequence packet ,163707,164067
250.185,Received an expired out of sequence packet ,163708,164067
250.186,Received an expired out of sequence packet ,163709,164067
250.186,Received an expired out of sequence packet ,163710,164067
250.186,Received an expired out of sequence packet ,163711,164067
250.186,Received an expired out of sequence packet ,163712,164067
250.186,Received an expired out of sequence packet ,163713,164067
250.189,Received an expired out of sequence packet ,163714,164067
250.189,Received an expired out of sequence packet ,163715,164067
250.189,Received an expired out of sequence packet ,163716,164067
250.189,Received an expired out of sequence packet ,163717,164067
250.192,Received an expired out of sequence packet ,163718,164067
250.192,Received an expired out of sequence packet ,163719,164067
250.192,Received an expired out of sequence packet ,163720,164067
250.193,Received an expired out of sequence packet ,163721,164067
250.199,Received an expired out of sequence packet ,163722,164067
250.199,Received an expired out of sequence packet ,163723,164067
250.199,Received an expired out of sequence packet ,163724,164067
250.199,Received an expired out of sequence packet ,163725,164067
250.199,Received an expired out of sequence packet ,163726,164067
250.207,Received an expired out of sequence packet ,163727,164067
250.208,Received an expired out of sequence packet ,163728,164067
250.208,Received an expired out of sequence packet ,163729,164067
250.208,Received an expired out of sequence packet ,163730,164067
250.208,Received an expired out of sequence packet ,163731,164067
250.208,Received an expired out of sequence packet ,163732,164067
250.208,Received an expired out of sequence packet ,163733,164067
250.208,Received an expired out of sequence packet ,163734,164067
250.208,Received an expired out of sequence packet ,163735,164067
250.21,Received an expired out of sequence packet ,163736,164067
250.215,Received an expired out of sequence packet ,163737,164067
250.215,Received an expired out of sequence packet ,163738,164067
250.215,Received an expired out of sequence packet ,163739,164067
250.215,Received an expired out of sequence packet ,163740,164067
250.215,Received an expired out of sequence packet ,163741,164067
250.215,Received an expired out of sequence packet ,163742,164067
250.215,Received an expired out of sequence packet ,163743,164067
250.215,Received an expired out of sequence packet ,163744,164067
250.215,Received an expired out of sequence packet ,163745,164067
250.215,Received an expired out of sequence packet ,163746,164067
250.215,Received an expired out of sequence packet ,163747,164067
250.216,Received an expired out of sequence packet ,163748,164067
250.216,Received an expired out of sequence packet ,163749,164067
250.216,Received an expired out of sequence packet ,163750,164067
250.216,Received an expired out of sequence packet ,163751,164067
250.216,Received an expired out of sequence packet ,163752,164067
250.216,Received an expired out of sequence packet ,163753,164067
250.216,Received an expired out of sequence packet ,163754,164067
250.216,Received an expired out of sequence packet ,163755,164067
250.216,Received an expired out of sequence packet ,163756,164067
250.216,Received an expired out of sequence packet ,163757,164067
250.218,Received an expired out of sequence packet ,163758,164067
250.218,Received an expired out of sequence packet ,163759,164067
250.218,Received an expired out of sequence packet ,163760,164067
250.218,Received an expired out of sequence packet ,163761,164067
250.218,Received an expired out of sequence packet ,163762,164067
250.218,Received an expired out of sequence packet ,163763,164067
250.218,Received an expired out of sequence packet ,163764,164067
250.223,Received an expired out of sequence packet ,163765,164067
250.228,Received an expired out of sequence packet ,163766,164067
250.231,Received an expired out of sequence packet ,163767,164067
250.231,Received an expired out of sequence packet ,163768,164067
250.231,Received an expired out of sequence packet ,163769,164067
250.231,Received an expired out of sequence packet ,163770,164067
250.231,Received an expired out of sequence packet ,163771,164067
250.234,Received an expired out of sequence packet ,163772,164067
250.234,Received an expired out of sequence packet ,163773,164067
250.234,Received an expired out of sequence packet ,163774,164067
250.234,Received an expired out of sequence packet ,163775,164067
250.239,Received an expired out of sequence packet ,163776,164067
250.239,Received an expired out of sequence packet ,163777,164067
250.239,Received an expired out of sequence packet ,163778,164067
250.239,Received an expired out of sequence packet ,163779,164067
250.239,Received an expired out of sequence packet ,163780,164067
250.239,Received an expired out of sequence packet ,163781,164067
250.239,Received an expired out of sequence packet ,163782,164067
250.239,Received an expired out of sequence packet ,163783,164067
250.244,Received an expired out of sequence packet ,163784,164067
250.249,Received an expired out of sequence packet ,163785,164067
250.249,Received an expired out of sequence packet ,163786,164067
250.249,Received an expired out of sequence packet ,163787,164067
250.249,Received an expired out of sequence packet ,163788,164067
250.249,Received an expired out of sequence packet ,163789,164067
250.249,Received an expired out of sequence packet ,163790,164067
250.249,Received an expired out of sequence packet ,163791,164067
250.249,Received an expired out of sequence packet ,163792,164067
250.253,Received an expired out of sequence packet ,163793,164067
250.253,Received an expired out of sequence packet ,163794,164067
250.253,Received an expired out of sequence packet ,163795,164067
250.256,Received an expired out of sequence packet ,163796,164067
250.256,Received an expired out of sequence packet ,163797,164067
250.256,Received an expired out of sequence packet ,163798,164067
250.256,Received an expired out of sequence packet ,163799,164067
250.256,Received an expired out of sequence packet ,163800,164067
250.259,Received an expired out of sequence packet ,163801,164067
250.259,Received an expired out of sequence packet ,163802,164067
250.259,Received an expired out of sequence packet ,163803,164067
250.261,Received an expired out of sequence packet ,163804,164067
250.261,Received an expired out of sequence packet ,163805,164067
250.261,Received an expired out of sequence packet ,163806,164067
250.261,Received an expired out of sequence packet ,163807,164067
250.261,Received an expired out of sequence packet ,163808,164067
250.262,Received an expired out of sequence packet ,163809,164067
250.265,Received an expired out of sequence packet ,163810,164067
250.265,Received an expired out of sequence packet ,163811,164067
250.265,Received an expired out of sequence packet ,163812,164067
250.265,Received an expired out of sequence packet ,163813,164067
250.265,Received an expired out of sequence packet ,163814,164067
250.266,Received an expired out of sequence packet ,163815,164067
250.269,Received an expired out of sequence packet ,163816,164067
250.269,Received an expired out of sequence packet ,163817,164067
250.269,Received an expired out of sequence packet ,163818,164067
250.27,Received an expired out of sequence packet ,163819,164067
250.276,Received an expired out of sequence packet ,163820,164067
250.276,Received an expired out of sequence packet ,163821,164067
250.279,Received an expired out of sequence packet ,163822,164067
250.279,Received an expired out of sequence packet ,163823,164067
250.279,Received an expired out of sequence packet ,163824,164067
250.279,Received an expired out of sequence packet ,163825,164067
250.279,Received an expired out of sequence packet ,163826,164067
250.279,Received an expired out of sequence packet ,163827,164067
250.279,Received an expired out of sequence packet ,163828,164067
250.279,Received an expired out of sequence packet ,163829,164067
250.279,Received an expired out of sequence packet ,163830,164067
250.279,Received an expired out of sequence packet ,163831,164067
250.279,Received an expired out of sequence packet ,163832,164067
250.279,Received an expired out of sequence packet ,163833,164067
250.28,Received an expired out of sequence packet ,163834,164067
250.28,Received an expired out of sequence packet ,163835,164067
250.283,Received an expired out of sequence packet ,163836,164067
250.283,Received an expired out of sequence packet ,163837,164067
250.283,Received an expired out of sequence packet ,163838,164067
250.29,Received an expired out of sequence packet ,163839,164067
250.29,Received an expired out of sequence packet ,163840,164067
250.29,Received an expired out of sequence packet ,163841,164067
250.29,Received an expired out of sequence packet ,163842,164067
250.293,Received an expired out of sequence packet ,163843,164067
250.293,Received an expired out of sequence packet ,163844,164067
250.293,Received an expired out of sequence packet ,163845,164067
250.293,Received an expired out of sequence packet ,163846,164067
250.293,Received an expired out of sequence packet ,163847,164067
250.293,Received an expired out of sequence packet ,163848,164067
250.293,Received an expired out of sequence packet ,163849,164067
250.293,Received an expired out of sequence packet ,163850,164067
250.293,Received an expired out of sequence packet ,163851,164067
250.293,Received an expired out of sequence packet ,163852,164067
250.293,Received an expired out of sequence packet ,163853,164067
250.299,Received an expired out of sequence packet ,163854,164067
250.299,Received an expired out of sequence packet ,163855,164067
250.299,Received an expired out of sequence packet ,163856,164067
250.299,Received an expired out of sequence packet ,163857,164067
250.3,Received an expired out of sequence packet ,163858,164067
250.3,Received an expired out of sequence packet ,163859,164067
250.305,Received an expired out of sequence packet ,163860,164067
250.305,Received an expired out of sequence packet ,163861,164067
250.306,Received an expired out of sequence packet ,163862,164067
250.306,Received an expired out of sequence packet ,163863,164067
250.306,Received an expired out of sequence packet ,163864,164067
250.309,Received an expired out of sequence packet ,163865,164067
250.309,Received an expired out of sequence packet ,163866,164067
250.309,Received an expired out of sequence packet ,163867,164067
250.309,Received an expired out of sequence packet ,163868,164067
250.309,Received an expired out of sequence packet ,163869,164067
250.309,Received an expired out of sequence packet ,163870,164067
250.309,Received an expired out of sequence packet ,163871,164067
250.31,Received an expired out of sequence packet ,163872,164067
250.31,Received an expired out of sequence packet ,163873,164067
250.31,Received an expired out of sequence packet ,163874,164067
250.31,Received an expired out of sequence packet ,163875,164067
250.31,Received an expired out of sequence packet ,163876,164067
250.312,Received an expired out of sequence packet ,163877,164067
250.312,Received an expired out of sequence packet ,163878,164067
250.313,Received an expired out of sequence packet ,163879,164067
250.313,Received an expired out of sequence packet ,163880,164067
250.313,Received an expired out of sequence packet ,163881,164067
250.314,Received an expired out of sequence packet ,163882,164067
250.314,Received an expired out of sequence packet ,163883,164067
250.321,Received an expired out of sequence packet ,163884,164067
250.325,Received an expired out of sequence packet ,163885,164067
250.325,Received an expired out of sequence packet ,163886,164067
250.325,Received an expired out of sequence packet ,163887,164067
250.325,Received an expired out of sequence packet ,163888,164067
250.325,Received an expired out of sequence packet ,163889,164067
250.325,Received an expired out of sequence packet ,163890,164067
250.325,Received an expired out of sequence packet ,163891,164067
250.325,Received an expired out of sequence packet ,163892,164067
250.325,Received an expired out of sequence packet ,163893,164067
250.325,Received an expired out of sequence packet ,163894,164067
250.325,Received an expired out of sequence packet ,163895,164067
250.325,Received an expired out of sequence packet ,163896,164067
250.326,Received an expired out of sequence packet ,163897,164067
250.329,Received an expired out of sequence packet ,163898,164067
250.329,Received an expired out of sequence packet ,163899,164067
250.329,Received an expired out of sequence packet ,163900,164067
250.329,Received an expired out of sequence packet ,163901,164067
250.329,Received an expired out of sequence packet ,163902,164067
250.329,Received an expired out of sequence packet ,163903,164067
250.33,Received an expired out of sequence packet ,163904,164067
250.332,Received an expired out of sequence packet ,163905,164067
250.337,Received an expired out of sequence packet ,163906,164067
250.337,Received an expired out of sequence packet ,163907,164067
250.338,Received an expired out of sequence packet ,163908,164067
250.342,Received an expired out of sequence packet ,163909,164067
250.342,Received an expired out of sequence packet ,163910,164067
250.342,Received an expired out of sequence packet ,163911,164067
250.342,Received an expired out of sequence packet ,163912,164067
250.342,Received an expired out of sequence packet ,163913,164067
250.343,Received an expired out of sequence packet ,163914,164067
250.343,Received an expired out of sequence packet ,163915,164067
250.343,Received an expired out of sequence packet ,163916,164067
250.343,Received an expired out of sequence packet ,163917,164067
250.343,Received an expired out of sequence packet ,163918,164067
250.343,Received an expired out of sequence packet ,163919,164067
250.343,Received an expired out of sequence packet ,163920,164067
250.343,Received an expired out of sequence packet ,163921,164067
250.349,Received an expired out of sequence packet ,163922,164067
250.349,Received an expired out of sequence packet ,163923,164067
250.349,Received an expired out of sequence packet ,163924,164067
250.349,Received an expired out of sequence packet ,163925,164067
250.349,Received an expired out of sequence packet ,163926,164067
250.349,Received an expired out of sequence packet ,163927,164067
250.354,Received an expired out of sequence packet ,163928,164067
250.354,Received an expired out of sequence packet ,163929,164067
250.354,Received an expired out of sequence packet ,163930,164067
250.354,Received an expired out of sequence packet ,163931,164067
250.354,Received an expired out of sequence packet ,163932,164067
250.354,Received an expired out of sequence packet ,163933,164067
250.358,Received an expired out of sequence packet ,163934,164067
250.36,Received an expired out of sequence packet ,163935,164067
250.36,Received an expired out of sequence packet ,163936,164067
250.36,Received an expired out of sequence packet ,163937,164067
250.36,Received an expired out of sequence packet ,163938,164067
250.36,Received an expired out of sequence packet ,163939,164067
250.36,Received an expired out of sequence packet ,163940,164067
250.36,Received an expired out of sequence packet ,163941,164067
250.36,Received an expired out of sequence packet ,163942,164067
250.36,Received an expired out of sequence packet ,163943,164067
250.36,Received an expired out of sequence packet ,163944,164067
250.36,Received an expired out of sequence packet ,163945,164067
250.36,Received an expired out of sequence packet ,163946,164067
250.36,Received an expired out of sequence packet ,163947,164067
250.36,Received an expired out of sequence packet ,163948,164067
250.36,Received an expired out of sequence packet ,163949,164067
250.36,Received an expired out of sequence packet ,163950,164067
250.36,Received an expired out of sequence packet ,163951,164067
250.36,Received an expired out of sequence packet ,163952,164067
250.361,Received an expired out of sequence packet ,163953,164067
250.361,Received an expired out of sequence packet ,163954,164067
250.361,Received an expired out of sequence packet ,163955,164067
250.372,Received an expired out of sequence packet ,163956,164067
250.375,Received an expired out of sequence packet ,163957,164067
250.375,Received an expired out of sequence packet ,163958,164067
250.375,Received an expired out of sequence packet ,163959,164067
250.375,Received an expired out of sequence packet ,163960,164067
250.375,Received an expired out of sequence packet ,163961,164067
250.375,Received an expired out of sequence packet ,163962,164067
250.375,Received an expired out of sequence packet ,163963,164067
250.375,Received an expired out of sequence packet ,163964,164067
250.383,Received an expired out of sequence packet ,163965,164067
250.383,Received an expired out of sequence packet ,163966,164067
250.383,Received an expired out of sequence packet ,163967,164067
250.383,Received an expired out of sequence packet ,163968,164067
250.386,Received an expired out of sequence packet ,163969,164067
250.386,Received an expired out of sequence packet ,163970,164067
250.387,Received an expired out of sequence packet ,163971,164067
250.388,Received an expired out of sequence packet ,163972,164067
250.388,Received an expired out of sequence packet ,163973,164067
250.388,Received an expired out of sequence packet ,163974,164067
250.388,Received an expired out of sequence packet ,163975,164067
250.389,Received an expired out of sequence packet ,163976,164067
250.397,Received an expired out of sequence packet ,163977,164067
250.399,Received an expired out of sequence packet ,163978,164067
250.399,Received an expired out of sequence packet ,163979,164067
250.399,Received an expired out of sequence packet ,163980,164067
250.399,Received an expired out of sequence packet ,163981,164067
250.399,Received an expired out of sequence packet ,163982,164067
250.399,Received an expired out of sequence packet ,163983,164067
250.399,Received an expired out of sequence packet ,163984,164067
250.399,Received an expired out of sequence packet ,163985,164067
250.399,Received an expired out of sequence packet ,163986,164067
250.399,Received an expired out of sequence packet ,163987,164067
250.399,Received an expired out of sequence packet ,163988,164067
250.399,Received an expired out of sequence packet ,163989,164067
250.402,Received an expired out of sequence packet ,163990,164067
250.409,Received an expired out of sequence packet ,163991,164067
250.413,Received an expired out of sequence packet ,163992,164067
250.489,Received an expired out of sequence packet ,163993,164067
250.489,Received an expired out of sequence packet ,163994,164067
250.489,Received an expired out of sequence packet ,163995,164067
250.489,Received an expired out of sequence packet ,163996,164067
250.489,Received an expired out of sequence packet ,163997,164067
250.491,Received an expired out of sequence packet ,163998,164067
250.492,Received an expired out of sequence packet ,163999,164067
250.492,Received an expired out of sequence packet ,164000,164067
250.492,Received an expired out of sequence packet ,164001,164067
250.492,Received an expired out of sequence packet ,164002,164067
250.492,Received an expired out of sequence packet ,164003,164067
250.492,Received an expired out of sequence packet ,164004,164067
250.492,Received an expired out of sequence packet ,164005,164067
250.492,Received an expired out of sequence packet ,164006,164067
250.492,Received an expired out of sequence packet ,164007,164067
250.492,Received an expired out of sequence packet ,164008,164067
250.492,Received an expired out of sequence packet ,164009,164067
250.493,Received an expired out of sequence packet ,164010,164067
250.493,Received an expired out of sequence packet ,164011,164067
250.493,Received an expired out of sequence packet ,164012,164067
250.493,Received an expired out of sequence packet ,164013,164067
250.493,Received an expired out of sequence packet ,164014,164067
250.493,Received an expired out of sequence packet ,164015,164067
250.493,Received an expired out of sequence packet ,164016,164067
250.493,Received an expired out of sequence packet ,164017,164067
250.493,Received an expired out of sequence packet ,164018,164067
250.493,Received an expired out of sequence packet ,164019,164067
250.493,Received an expired out of sequence packet ,164020,164067
250.493,Received an expired out of sequence packet ,164021,164067
250.493,Received an expired out of sequence packet ,164022,164067
250.494,Received an expired out of sequence packet ,164023,164067
250.494,Received an expired out of sequence packet ,164024,164067
250.494,Received an expired out of sequence packet ,164025,164067
250.494,Received an expired out of sequence packet ,164026,164067
250.494,Received an expired out of sequence packet ,164027,164067
250.494,Received an expired out of sequence packet ,164028,164067
250.494,Received an expired out of sequence packet ,164029,164067
250.494,Received an expired out of sequence packet ,164030,164067
250.494,Received an expired out of sequence packet ,164031,164067
250.494,Received an expired out of sequence packet ,164032,164067
250.494,Received an expired out of sequence packet ,164033,164067
250.496,Received an expired out of sequence packet ,164034,164067
250.496,Received an expired out of sequence packet ,164035,164067
250.496,Received an expired out of sequence packet ,164036,164067
250.496,Received an expired out of sequence packet ,164037,164067
250.496,Received an expired out of sequence packet ,164038,164067
250.496,Received an expired out of sequence packet ,164039,164067
250.496,Received an expired out of sequence packet ,164040,164067
250.496,Received an expired out of sequence packet ,164041,164067
250.496,Received an expired out of sequence packet ,164042,164067
250.496,Received an expired out of sequence packet ,164043,164067
250.496,Received an expired out of sequence packet ,164044,164067
250.496,Received an expired out of sequence packet 