1.06868,Timeout
1.06869,Exit slow start,timeout
1.33976,Timeout
1.33977,clearing sending list because of timeout
1.61084,Timeout
1.61085,clearing sending list because of timeout
1.81571,Received an expired out of sequence packet ,124,249
1.81572,Received an expired out of sequence packet ,125,249
1.99443,Received an expired out of sequence packet ,126,249
2.00249,Received an expired out of sequence packet ,127,249
2.00251,Received an expired out of sequence packet ,128,249
2.00557,Received an expired out of sequence packet ,129,249
2.00558,Received an expired out of sequence packet ,130,249
2.00763,Received an expired out of sequence packet ,131,249
2.01069,Received an expired out of sequence packet ,132,249
2.01072,Received an expired out of sequence packet ,133,249
2.01073,Received an expired out of sequence packet ,134,249
2.01075,Received an expired out of sequence packet ,135,249
2.01077,Received an expired out of sequence packet ,136,249
2.01078,Received an expired out of sequence packet ,137,249
2.01079,Received an expired out of sequence packet ,138,249
2.01081,Received an expired out of sequence packet ,139,249
2.01083,Received an expired out of sequence packet ,140,249
2.01084,Received an expired out of sequence packet ,141,249
2.01085,Received an expired out of sequence packet ,142,249
2.01087,Received an expired out of sequence packet ,143,249
2.01088,Received an expired out of sequence packet ,144,249
2.01179,Received an expired out of sequence packet ,145,249
2.01181,Received an expired out of sequence packet ,146,249
2.01183,Received an expired out of sequence packet ,147,249
2.01184,Received an expired out of sequence packet ,148,249
2.01186,Received an expired out of sequence packet ,149,249
2.01187,Received an expired out of sequence packet ,150,249
2.01189,Received an expired out of sequence packet ,151,249
2.0126,Received an expired out of sequence packet ,152,249
2.01263,Received an expired out of sequence packet ,153,249
2.01264,Received an expired out of sequence packet ,154,249
2.01266,Received an expired out of sequence packet ,155,249
2.01267,Received an expired out of sequence packet ,156,249
2.01269,Received an expired out of sequence packet ,157,249
2.0127,Received an expired out of sequence packet ,158,249
2.03309,Received an expired out of sequence packet ,159,249
2.03312,Received an expired out of sequence packet ,160,249
2.03313,Received an expired out of sequence packet ,161,249
2.03315,Received an expired out of sequence packet ,162,249
2.03316,Received an expired out of sequence packet ,163,249
2.03318,Received an expired out of sequence packet ,164,249
2.03319,Received an expired out of sequence packet ,165,249
2.04223,Received an expired out of sequence packet ,166,249
2.04225,Received an expired out of sequence packet ,167,249
2.04535,Received an expired out of sequence packet ,168,249
2.04537,Received an expired out of sequence packet ,169,249
2.04538,Received an expired out of sequence packet ,170,249
2.0454,Received an expired out of sequence packet ,171,249
2.04958,Received an expired out of sequence packet ,172,249
2.0496,Received an expired out of sequence packet ,173,249
2.04961,Received an expired out of sequence packet ,174,249
2.05221,Received an expired out of sequence packet ,175,249
2.05726,Received an expired out of sequence packet ,176,249
2.05728,Received an expired out of sequence packet ,177,249
2.06264,Received an expired out of sequence packet ,178,249
2.06603,Received an expired out of sequence packet ,179,249
2.06606,Received an expired out of sequence packet ,180,249
2.06609,Received an expired out of sequence packet ,181,249
2.06985,Received an expired out of sequence packet ,182,249
2.06987,Received an expired out of sequence packet ,183,249
2.06988,Received an expired out of sequence packet ,184,249
2.07096,Received an expired out of sequence packet ,185,249
2.07098,Received an expired out of sequence packet ,186,249
2.07099,Received an expired out of sequence packet ,187,249
2.07101,Received an expired out of sequence packet ,188,249
2.07102,Received an expired out of sequence packet ,189,249
2.07104,Received an expired out of sequence packet ,190,249
2.07105,Received an expired out of sequence packet ,191,249
2.07106,Received an expired out of sequence packet ,192,249
2.07108,Received an expired out of sequence packet ,193,249
2.0711,Received an expired out of sequence packet ,194,249
2.07687,Received an expired out of sequence packet ,195,249
2.07793,Received an expired out of sequence packet ,196,249
2.07795,Received an expired out of sequence packet ,197,249
2.07796,Received an expired out of sequence packet ,198,249
2.08,Received an expired out of sequence packet ,199,249
2.08002,Received an expired out of sequence packet ,200,249
2.08003,Received an expired out of sequence packet ,201,249
2.08005,Received an expired out of sequence packet ,202,249
2.08308,Received an expired out of sequence packet ,203,249
2.0831,Received an expired out of sequence packet ,204,249
2.08312,Received an expired out of sequence packet ,205,249
2.08313,Received an expired out of sequence packet ,206,249
2.08315,Received an expired out of sequence packet ,207,249
2.08316,Received an expired out of sequence packet ,208,249
2.08318,Received an expired out of sequence packet ,209,249
2.08319,Received an expired out of sequence packet ,210,249
2.08321,Received an expired out of sequence packet ,211,249
2.08322,Received an expired out of sequence packet ,212,249
2.08324,Received an expired out of sequence packet ,213,249
2.08618,Received an expired out of sequence packet ,214,249
2.08724,Received an expired out of sequence packet ,215,249
2.08726,Received an expired out of sequence packet ,216,249
2.08727,Received an expired out of sequence packet ,217,249
2.08729,Received an expired out of sequence packet ,218,249
2.08731,Received an expired out of sequence packet ,219,249
2.08732,Received an expired out of sequence packet ,220,249
2.08733,Received an expired out of sequence packet ,221,249
2.08735,Received an expired out of sequence packet ,222,249
2.08736,Received an expired out of sequence packet ,223,249
2.08933,Received an expired out of sequence packet ,224,249
2.08935,Received an expired out of sequence packet ,225,249
2.08937,Received an expired out of sequence packet ,226,249
2.08938,Received an expired out of sequence packet ,227,249
2.0894,Received an expired out of sequence packet ,228,249
2.08941,Received an expired out of sequence packet ,229,249
2.08943,Received an expired out of sequence packet ,230,249
2.08944,Received an expired out of sequence packet ,231,249
2.0895,Received an expired out of sequence packet ,232,249
2.08952,Received an expired out of sequence packet ,233,249
2.08953,Received an expired out of sequence packet ,234,249
2.08955,Received an expired out of sequence packet ,235,249
2.08956,Received an expired out of sequence packet ,236,249
2.09243,Received an expired out of sequence packet ,237,249
2.09245,Received an expired out of sequence packet ,238,249
2.09247,Received an expired out of sequence packet ,239,249
2.09248,Received an expired out of sequence packet ,240,249
2.0925,Received an expired out of sequence packet ,241,249
2.09251,Received an expired out of sequence packet ,242,249
2.09253,Received an expired out of sequence packet ,243,249
2.09254,Received an expired out of sequence packet ,244,249
2.09256,Received an expired out of sequence packet ,245,249
2.09257,Received an expired out of sequence packet ,246,249
2.22316,Received an expired out of sequence packet ,247,249
2.22318,Received an expired out of sequence packet ,248,249
2.35461,Restart,can't map delay on delay curve
4.10592,Exit slow start,exceeding SS_EXIT_THRESHOLD
7.81972,Timeout
7.81973,clearing sending list because of timeout
7.84623,Received an expired out of sequence packet ,2185,2319
7.84624,Received an expired out of sequence packet ,2186,2319
7.84625,Received an expired out of sequence packet ,2187,2319
7.84625,Received an expired out of sequence packet ,2188,2319
7.84626,Received an expired out of sequence packet ,2189,2319
7.84626,Received an expired out of sequence packet ,2190,2319
7.84629,Received an expired out of sequence packet ,2191,2319
7.8463,Received an expired out of sequence packet ,2192,2319
7.84631,Received an expired out of sequence packet ,2193,2319
7.84632,Received an expired out of sequence packet ,2194,2319
7.84633,Received an expired out of sequence packet ,2195,2319
7.84633,Received an expired out of sequence packet ,2196,2319
7.84634,Received an expired out of sequence packet ,2197,2319
7.88127,Received an expired out of sequence packet ,2198,2319
7.8844,Received an expired out of sequence packet ,2199,2319
7.88553,Received an expired out of sequence packet ,2200,2319
7.88554,Received an expired out of sequence packet ,2201,2319
7.88554,Received an expired out of sequence packet ,2202,2319
7.88555,Received an expired out of sequence packet ,2203,2319
7.88768,Received an expired out of sequence packet ,2204,2319
7.88769,Received an expired out of sequence packet ,2205,2319
7.88769,Received an expired out of sequence packet ,2206,2319
7.8877,Received an expired out of sequence packet ,2207,2319
7.88771,Received an expired out of sequence packet ,2208,2319
7.88772,Received an expired out of sequence packet ,2209,2319
7.88773,Received an expired out of sequence packet ,2210,2319
7.88774,Received an expired out of sequence packet ,2211,2319
7.88774,Received an expired out of sequence packet ,2212,2319
7.89086,Received an expired out of sequence packet ,2213,2319
7.89086,Received an expired out of sequence packet ,2214,2319
7.89087,Received an expired out of sequence packet ,2215,2319
7.89087,Received an expired out of sequence packet ,2216,2319
7.89088,Received an expired out of sequence packet ,2217,2319
7.89088,Received an expired out of sequence packet ,2218,2319
7.89089,Received an expired out of sequence packet ,2219,2319
7.8909,Received an expired out of sequence packet ,2220,2319
7.89091,Received an expired out of sequence packet ,2221,2319
7.89092,Received an expired out of sequence packet ,2222,2319
7.89093,Received an expired out of sequence packet ,2223,2319
7.89093,Received an expired out of sequence packet ,2224,2319
7.89094,Received an expired out of sequence packet ,2225,2319
7.96398,Received an expired out of sequence packet ,2226,2319
7.96399,Received an expired out of sequence packet ,2227,2319
7.96612,Received an expired out of sequence packet ,2228,2319
7.96612,Received an expired out of sequence packet ,2229,2319
7.96725,Received an expired out of sequence packet ,2230,2319
7.97038,Received an expired out of sequence packet ,2231,2319
7.97039,Received an expired out of sequence packet ,2232,2319
7.97041,Received an expired out of sequence packet ,2233,2319
7.97042,Received an expired out of sequence packet ,2234,2319
7.97042,Received an expired out of sequence packet ,2235,2319
7.97043,Received an expired out of sequence packet ,2236,2319
7.97456,Received an expired out of sequence packet ,2237,2319
7.97456,Received an expired out of sequence packet ,2238,2319
7.97457,Received an expired out of sequence packet ,2239,2319
7.97459,Received an expired out of sequence packet ,2240,2319
7.97459,Received an expired out of sequence packet ,2241,2319
7.9746,Received an expired out of sequence packet ,2242,2319
7.97573,Received an expired out of sequence packet ,2243,2319
7.97574,Received an expired out of sequence packet ,2244,2319
7.97574,Received an expired out of sequence packet ,2245,2319
7.97576,Received an expired out of sequence packet ,2246,2319
7.97576,Received an expired out of sequence packet ,2247,2319
7.97577,Received an expired out of sequence packet ,2248,2319
7.9779,Received an expired out of sequence packet ,2249,2319
7.97791,Received an expired out of sequence packet ,2250,2319
7.97793,Received an expired out of sequence packet ,2251,2319
7.97793,Received an expired out of sequence packet ,2252,2319
7.97794,Received an expired out of sequence packet ,2253,2319
7.97795,Received an expired out of sequence packet ,2254,2319
7.97795,Received an expired out of sequence packet ,2255,2319
7.97796,Received an expired out of sequence packet ,2256,2319
7.97797,Received an expired out of sequence packet ,2257,2319
7.97798,Received an expired out of sequence packet ,2258,2319
7.97799,Received an expired out of sequence packet ,2259,2319
7.97799,Received an expired out of sequence packet ,2260,2319
7.978,Received an expired out of sequence packet ,2261,2319
7.97801,Received an expired out of sequence packet ,2262,2319
7.97802,Received an expired out of sequence packet ,2263,2319
7.97802,Received an expired out of sequence packet ,2264,2319
7.97803,Received an expired out of sequence packet ,2265,2319
7.98116,Received an expired out of sequence packet ,2266,2319
7.98117,Received an expired out of sequence packet ,2267,2319
7.98118,Received an expired out of sequence packet ,2268,2319
7.98119,Received an expired out of sequence packet ,2269,2319
7.98119,Received an expired out of sequence packet ,2270,2319
7.9812,Received an expired out of sequence packet ,2271,2319
7.98121,Received an expired out of sequence packet ,2272,2319
7.98122,Received an expired out of sequence packet ,2273,2319
7.98123,Received an expired out of sequence packet ,2274,2319
7.98124,Received an expired out of sequence packet ,2275,2319
7.98124,Received an expired out of sequence packet ,2276,2319
7.98126,Received an expired out of sequence packet ,2277,2319
7.98126,Received an expired out of sequence packet ,2278,2319
7.98128,Received an expired out of sequence packet ,2279,2319
7.98128,Received an expired out of sequence packet ,2280,2319
7.98129,Received an expired out of sequence packet ,2281,2319
8.01367,Received an expired out of sequence packet ,2282,2319
8.01368,Received an expired out of sequence packet ,2283,2319
8.01368,Received an expired out of sequence packet ,2284,2319
8.01369,Received an expired out of sequence packet ,2285,2319
8.0137,Received an expired out of sequence packet ,2286,2319
8.02164,Received an expired out of sequence packet ,2287,2319
8.02164,Received an expired out of sequence packet ,2288,2319
8.02165,Received an expired out of sequence packet ,2289,2319
8.02166,Received an expired out of sequence packet ,2290,2319
8.02779,Received an expired out of sequence packet ,2291,2319
8.0278,Received an expired out of sequence packet ,2292,2319
8.02993,Received an expired out of sequence packet ,2293,2319
8.02994,Received an expired out of sequence packet ,2294,2319
8.02994,Received an expired out of sequence packet ,2295,2319
8.03308,Received an expired out of sequence packet ,2296,2319
8.03308,Received an expired out of sequence packet ,2297,2319
8.03309,Received an expired out of sequence packet ,2298,2319
8.03422,Received an expired out of sequence packet ,2299,2319
8.03423,Received an expired out of sequence packet ,2300,2319
8.03423,Received an expired out of sequence packet ,2301,2319
8.03424,Received an expired out of sequence packet ,2302,2319
8.03424,Received an expired out of sequence packet ,2303,2319
8.03425,Received an expired out of sequence packet ,2304,2319
8.03425,Received an expired out of sequence packet ,2305,2319
8.03426,Received an expired out of sequence packet ,2306,2319
8.03427,Received an expired out of sequence packet ,2307,2319
8.03636,Received an expired out of sequence packet ,2308,2319
8.03637,Received an expired out of sequence packet ,2309,2319
8.03638,Received an expired out of sequence packet ,2310,2319
8.03638,Received an expired out of sequence packet ,2311,2319
8.03639,Received an expired out of sequence packet ,2312,2319
8.03639,Received an expired out of sequence packet ,2313,2319
8.0364,Received an expired out of sequence packet ,2314,2319
8.03641,Received an expired out of sequence packet ,2315,2319
8.03641,Received an expired out of sequence packet ,2316,2319
8.03642,Received an expired out of sequence packet ,2317,2319
8.03643,Received an expired out of sequence packet ,2318,2319
11.3026,Timeout
11.3026,clearing sending list because of timeout
11.3026,Received an expired out of sequence packet ,3367,3451
12.3027,Timeout
12.3027,clearing sending list because of timeout
12.314,Received an expired out of sequence packet ,3368,3453
12.6091,Received an expired out of sequence packet ,3369,3453
12.6224,Received an expired out of sequence packet ,3370,3453
12.6235,Received an expired out of sequence packet ,3371,3453
12.6336,Received an expired out of sequence packet ,3372,3453
12.6367,Received an expired out of sequence packet ,3373,3453
12.6529,Received an expired out of sequence packet ,3374,3453
12.6529,Received an expired out of sequence packet ,3375,3453
12.6591,Received an expired out of sequence packet ,3376,3453
12.6612,Received an expired out of sequence packet ,3377,3453
12.6766,Received an expired out of sequence packet ,3378,3453
12.6796,Received an expired out of sequence packet ,3379,3453
12.6817,Received an expired out of sequence packet ,3380,3453
12.6818,Received an expired out of sequence packet ,3381,3453
12.688,Received an expired out of sequence packet ,3382,3453
12.6994,Received an expired out of sequence packet ,3383,3453
12.7016,Received an expired out of sequence packet ,3384,3453
12.7037,Received an expired out of sequence packet ,3385,3453
12.7109,Received an expired out of sequence packet ,3386,3453
12.716,Received an expired out of sequence packet ,3387,3453
12.7199,Received an expired out of sequence packet ,3388,3453
12.728,Received an expired out of sequence packet ,3389,3453
12.7302,Received an expired out of sequence packet ,3390,3453
12.7396,Received an expired out of sequence packet ,3391,3453
12.7477,Received an expired out of sequence packet ,3392,3453
12.7506,Received an expired out of sequence packet ,3393,3453
12.758,Received an expired out of sequence packet ,3394,3453
12.7704,Received an expired out of sequence packet ,3395,3453
12.7737,Received an expired out of sequence packet ,3396,3453
12.7737,Received an expired out of sequence packet ,3397,3453
12.7737,Received an expired out of sequence packet ,3398,3453
12.7792,Received an expired out of sequence packet ,3399,3453
12.7835,Received an expired out of sequence packet ,3400,3453
12.7876,Received an expired out of sequence packet ,3401,3453
12.7909,Received an expired out of sequence packet ,3402,3453
12.7921,Received an expired out of sequence packet ,3403,3453
12.7941,Received an expired out of sequence packet ,3404,3453
12.7962,Received an expired out of sequence packet ,3405,3453
12.7974,Received an expired out of sequence packet ,3406,3453
12.7985,Received an expired out of sequence packet ,3407,3453
12.8014,Received an expired out of sequence packet ,3408,3453
12.8079,Received an expired out of sequence packet ,3409,3453
12.8079,Received an expired out of sequence packet ,3410,3453
12.8101,Received an expired out of sequence packet ,3411,3453
12.8101,Received an expired out of sequence packet ,3412,3453
12.8101,Received an expired out of sequence packet ,3413,3453
12.8112,Received an expired out of sequence packet ,3414,3453
12.8143,Received an expired out of sequence packet ,3415,3453
12.8204,Received an expired out of sequence packet ,3416,3453
12.8215,Received an expired out of sequence packet ,3417,3453
12.8216,Received an expired out of sequence packet ,3418,3453
12.8227,Received an expired out of sequence packet ,3419,3453
12.8265,Received an expired out of sequence packet ,3420,3453
12.8276,Received an expired out of sequence packet ,3421,3453
12.8276,Received an expired out of sequence packet ,3422,3453
12.8317,Received an expired out of sequence packet ,3423,3453
12.8449,Received an expired out of sequence packet ,3424,3453
12.8585,Received an expired out of sequence packet ,3425,3453
12.8585,Received an expired out of sequence packet ,3426,3453
12.8595,Received an expired out of sequence packet ,3427,3453
12.8638,Received an expired out of sequence packet ,3428,3453
12.8659,Received an expired out of sequence packet ,3429,3453
12.8699,Received an expired out of sequence packet ,3430,3453
12.8699,Received an expired out of sequence packet ,3431,3453
12.8741,Received an expired out of sequence packet ,3432,3453
12.8804,Received an expired out of sequence packet ,3433,3453
12.8824,Received an expired out of sequence packet ,3434,3453
12.8866,Received an expired out of sequence packet ,3435,3453
12.8918,Received an expired out of sequence packet ,3436,3453
12.894,Received an expired out of sequence packet ,3437,3453
12.8971,Received an expired out of sequence packet ,3438,3453
12.9031,Received an expired out of sequence packet ,3439,3453
12.9094,Received an expired out of sequence packet ,3440,3453
12.9128,Received an expired out of sequence packet ,3441,3453
12.9129,Received an expired out of sequence packet ,3442,3453
12.9129,Received an expired out of sequence packet ,3443,3453
12.9181,Received an expired out of sequence packet ,3444,3453
12.9232,Received an expired out of sequence packet ,3445,3453
12.9254,Received an expired out of sequence packet ,3446,3453
12.9295,Received an expired out of sequence packet ,3447,3453
12.9323,Received an expired out of sequence packet ,3448,3453
12.9323,Received an expired out of sequence packet ,3449,3453
12.9323,Received an expired out of sequence packet ,3450,3453
12.9323,Received an expired out of sequence packet ,3451,3453
12.9344,Received an expired out of sequence packet ,3452,3453
131.302,Timeout
131.302,clearing sending list because of timeout
131.303,Received an expired out of sequence packet ,71040,71426
132.303,Timeout
132.303,clearing sending list because of timeout
132.316,Received an expired out of sequence packet ,71041,71428
132.607,Received an expired out of sequence packet ,71042,71428
132.622,Received an expired out of sequence packet ,71043,71428
132.625,Received an expired out of sequence packet ,71044,71428
132.634,Received an expired out of sequence packet ,71045,71428
132.637,Received an expired out of sequence packet ,71046,71428
132.652,Received an expired out of sequence packet ,71047,71428
132.652,Received an expired out of sequence packet ,71048,71428
132.659,Received an expired out of sequence packet ,71049,71428
132.661,Received an expired out of sequence packet ,71050,71428
132.677,Received an expired out of sequence packet ,71051,71428
132.679,Received an expired out of sequence packet ,71052,71428
132.682,Received an expired out of sequence packet ,71053,71428
132.687,Received an expired out of sequence packet ,71054,71428
132.7,Received an expired out of sequence packet ,71055,71428
132.703,Received an expired out of sequence packet ,71056,71428
132.704,Received an expired out of sequence packet ,71057,71428
132.711,Received an expired out of sequence packet ,71058,71428
132.716,Received an expired out of sequence packet ,71059,71428
132.719,Received an expired out of sequence packet ,71060,71428
132.728,Received an expired out of sequence packet ,71061,71428
132.73,Received an expired out of sequence packet ,71062,71428
132.74,Received an expired out of sequence packet ,71063,71428
132.747,Received an expired out of sequence packet ,71064,71428
132.751,Received an expired out of sequence packet ,71065,71428
132.757,Received an expired out of sequence packet ,71066,71428
132.772,Received an expired out of sequence packet ,71067,71428
132.774,Received an expired out of sequence packet ,71068,71428
132.774,Received an expired out of sequence packet ,71069,71428
132.774,Received an expired out of sequence packet ,71070,71428
132.779,Received an expired out of sequence packet ,71071,71428
132.783,Received an expired out of sequence packet ,71072,71428
132.788,Received an expired out of sequence packet ,71073,71428
132.79,Received an expired out of sequence packet ,71074,71428
132.792,Received an expired out of sequence packet ,71075,71428
132.794,Received an expired out of sequence packet ,71076,71428
132.796,Received an expired out of sequence packet ,71077,71428
132.797,Received an expired out of sequence packet ,71078,71428
132.799,Received an expired out of sequence packet ,71079,71428
132.801,Received an expired out of sequence packet ,71080,71428
132.809,Received an expired out of sequence packet ,71081,71428
132.809,Received an expired out of sequence packet ,71082,71428
132.81,Received an expired out of sequence packet ,71083,71428
132.81,Received an expired out of sequence packet ,71084,71428
132.81,Received an expired out of sequence packet ,71085,71428
132.814,Received an expired out of sequence packet ,71086,71428
132.814,Received an expired out of sequence packet ,71087,71428
132.819,Received an expired out of sequence packet ,71088,71428
132.821,Received an expired out of sequence packet ,71089,71428
132.821,Received an expired out of sequence packet ,71090,71428
132.821,Received an expired out of sequence packet ,71091,71428
132.823,Received an expired out of sequence packet ,71092,71428
132.826,Received an expired out of sequence packet ,71093,71428
132.828,Received an expired out of sequence packet ,71094,71428
132.828,Received an expired out of sequence packet ,71095,71428
132.832,Received an expired out of sequence packet ,71096,71428
132.845,Received an expired out of sequence packet ,71097,71428
132.859,Received an expired out of sequence packet ,71098,71428
132.859,Received an expired out of sequence packet ,71099,71428
132.86,Received an expired out of sequence packet ,71100,71428
132.864,Received an expired out of sequence packet ,71101,71428
132.866,Received an expired out of sequence packet ,71102,71428
132.87,Received an expired out of sequence packet ,71103,71428
132.87,Received an expired out of sequence packet ,71104,71428
132.873,Received an expired out of sequence packet ,71105,71428
132.878,Received an expired out of sequence packet ,71106,71428
132.883,Received an expired out of sequence packet ,71107,71428
132.887,Received an expired out of sequence packet ,71108,71428
132.892,Received an expired out of sequence packet ,71109,71428
132.894,Received an expired out of sequence packet ,71110,71428
132.898,Received an expired out of sequence packet ,71111,71428
132.902,Received an expired out of sequence packet ,71112,71428
132.91,Received an expired out of sequence packet ,71113,71428
132.913,Received an expired out of sequence packet ,71114,71428
132.913,Received an expired out of sequence packet ,71115,71428
132.913,Received an expired out of sequence packet ,71116,71428
132.918,Received an expired out of sequence packet ,71117,71428
132.923,Received an expired out of sequence packet ,71118,71428
132.924,Received an expired out of sequence packet ,71119,71428
132.929,Received an expired out of sequence packet ,71120,71428
132.929,Received an expired out of sequence packet ,71121,71428
132.932,Received an expired out of sequence packet ,71122,71428
132.932,Received an expired out of sequence packet ,71123,71428
132.934,Received an expired out of sequence packet ,71124,71428
132.935,Received an expired out of sequence packet ,71125,71428
132.95,Received an expired out of sequence packet ,71126,71428
132.952,Received an expired out of sequence packet ,71127,71428
132.953,Received an expired out of sequence packet ,71128,71428
132.953,Received an expired out of sequence packet ,71129,71428
132.956,Received an expired out of sequence packet ,71130,71428
132.956,Received an expired out of sequence packet ,71131,71428
132.956,Received an expired out of sequence packet ,71132,71428
132.956,Received an expired out of sequence packet ,71133,71428
132.96,Received an expired out of sequence packet ,71134,71428
132.974,Received an expired out of sequence packet ,71135,71428
132.979,Received an expired out of sequence packet ,71136,71428
132.979,Received an expired out of sequence packet ,71137,71428
132.979,Received an expired out of sequence packet ,71138,71428
132.98,Received an expired out of sequence packet ,71139,71428
132.987,Received an expired out of sequence packet ,71140,71428
132.987,Received an expired out of sequence packet ,71141,71428
132.987,Received an expired out of sequence packet ,71142,71428
132.992,Received an expired out of sequence packet ,71143,71428
132.992,Received an expired out of sequence packet ,71144,71428
132.994,Received an expired out of sequence packet ,71145,71428
132.998,Received an expired out of sequence packet ,71146,71428
132.999,Received an expired out of sequence packet ,71147,71428
133.001,Received an expired out of sequence packet ,71148,71428
133.008,Received an expired out of sequence packet ,71149,71428
133.01,Received an expired out of sequence packet ,71150,71428
133.01,Received an expired out of sequence packet ,71151,71428
133.012,Received an expired out of sequence packet ,71152,71428
133.014,Received an expired out of sequence packet ,71153,71428
133.017,Received an expired out of sequence packet ,71154,71428
133.018,Received an expired out of sequence packet ,71155,71428
133.019,Received an expired out of sequence packet ,71156,71428
133.026,Received an expired out of sequence packet ,71157,71428
133.026,Received an expired out of sequence packet ,71158,71428
133.028,Received an expired out of sequence packet ,71159,71428
133.028,Received an expired out of sequence packet ,71160,71428
133.029,Received an expired out of sequence packet ,71161,71428
133.046,Received an expired out of sequence packet ,71162,71428
133.047,Received an expired out of sequence packet ,71163,71428
133.048,Received an expired out of sequence packet ,71164,71428
133.048,Received an expired out of sequence packet ,71165,71428
133.051,Received an expired out of sequence packet ,71166,71428
133.051,Received an expired out of sequence packet ,71167,71428
133.054,Received an expired out of sequence packet ,71168,71428
133.054,Received an expired out of sequence packet ,71169,71428
133.056,Received an expired out of sequence packet ,71170,71428
133.06,Received an expired out of sequence packet ,71171,71428
133.063,Received an expired out of sequence packet ,71172,71428
133.068,Received an expired out of sequence packet ,71173,71428
133.07,Received an expired out of sequence packet ,71174,71428
133.072,Received an expired out of sequence packet ,71175,71428
133.072,Received an expired out of sequence packet ,71176,71428
133.074,Received an expired out of sequence packet ,71177,71428
133.077,Received an expired out of sequence packet ,71178,71428
133.077,Received an expired out of sequence packet ,71179,71428
133.079,Received an expired out of sequence packet ,71180,71428
133.083,Received an expired out of sequence packet ,71181,71428
133.088,Received an expired out of sequence packet ,71182,71428
133.089,Received an expired out of sequence packet ,71183,71428
133.089,Received an expired out of sequence packet ,71184,71428
133.089,Received an expired out of sequence packet ,71185,71428
133.092,Received an expired out of sequence packet ,71186,71428
133.093,Received an expired out of sequence packet ,71187,71428
133.093,Received an expired out of sequence packet ,71188,71428
133.095,Received an expired out of sequence packet ,71189,71428
133.101,Received an expired out of sequence packet ,71190,71428
133.102,Received an expired out of sequence packet ,71191,71428
133.102,Received an expired out of sequence packet ,71192,71428
133.104,Received an expired out of sequence packet ,71193,71428
133.108,Received an expired out of sequence packet ,71194,71428
133.109,Received an expired out of sequence packet ,71195,71428
133.111,Received an expired out of sequence packet ,71196,71428
133.116,Received an expired out of sequence packet ,71197,71428
133.116,Received an expired out of sequence packet ,71198,71428
133.118,Received an expired out of sequence packet ,71199,71428
133.118,Received an expired out of sequence packet ,71200,71428
133.12,Received an expired out of sequence packet ,71201,71428
133.12,Received an expired out of sequence packet ,71202,71428
133.12,Received an expired out of sequence packet ,71203,71428
133.124,Received an expired out of sequence packet ,71204,71428
133.128,Received an expired out of sequence packet ,71205,71428
133.13,Received an expired out of sequence packet ,71206,71428
133.131,Received an expired out of sequence packet ,71207,71428
133.131,Received an expired out of sequence packet ,71208,71428
133.131,Received an expired out of sequence packet ,71209,71428
133.133,Received an expired out of sequence packet ,71210,71428
133.134,Received an expired out of sequence packet ,71211,71428
133.134,Received an expired out of sequence packet ,71212,71428
133.136,Received an expired out of sequence packet ,71213,71428
133.138,Received an expired out of sequence packet ,71214,71428
133.138,Received an expired out of sequence packet ,71215,71428
133.14,Received an expired out of sequence packet ,71216,71428
133.141,Received an expired out of sequence packet ,71217,71428
133.148,Received an expired out of sequence packet ,71218,71428
133.168,Received an expired out of sequence packet ,71219,71428
133.168,Received an expired out of sequence packet ,71220,71428
133.17,Received an expired out of sequence packet ,71221,71428
133.171,Received an expired out of sequence packet ,71222,71428
133.174,Received an expired out of sequence packet ,71223,71428
133.188,Received an expired out of sequence packet ,71224,71428
133.189,Received an expired out of sequence packet ,71225,71428
133.189,Received an expired out of sequence packet ,71226,71428
133.194,Received an expired out of sequence packet ,71227,71428
133.194,Received an expired out of sequence packet ,71228,71428
133.194,Received an expired out of sequence packet ,71229,71428
133.194,Received an expired out of sequence packet ,71230,71428
133.194,Received an expired out of sequence packet ,71231,71428
133.194,Received an expired out of sequence packet ,71232,71428
133.197,Received an expired out of sequence packet ,71233,71428
133.2,Received an expired out of sequence packet ,71234,71428
133.2,Received an expired out of sequence packet ,71235,71428
133.202,Received an expired out of sequence packet ,71236,71428
133.207,Received an expired out of sequence packet ,71237,71428
133.21,Received an expired out of sequence packet ,71238,71428
133.21,Received an expired out of sequence packet ,71239,71428
133.21,Received an expired out of sequence packet ,71240,71428
133.212,Received an expired out of sequence packet ,71241,71428
133.213,Received an expired out of sequence packet ,71242,71428
133.216,Received an expired out of sequence packet ,71243,71428
133.23,Received an expired out of sequence packet ,71244,71428
133.232,Received an expired out of sequence packet ,71245,71428
133.232,Received an expired out of sequence packet ,71246,71428
133.232,Received an expired out of sequence packet ,71247,71428
133.234,Received an expired out of sequence packet ,71248,71428
133.234,Received an expired out of sequence packet ,71249,71428
133.237,Received an expired out of sequence packet ,71250,71428
133.237,Received an expired out of sequence packet ,71251,71428
133.237,Received an expired out of sequence packet ,71252,71428
133.238,Received an expired out of sequence packet ,71253,71428
133.24,Received an expired out of sequence packet ,71254,71428
133.243,Received an expired out of sequence packet ,71255,71428
133.243,Received an expired out of sequence packet ,71256,71428
133.25,Received an expired out of sequence packet ,71257,71428
133.252,Received an expired out of sequence packet ,71258,71428
133.252,Received an expired out of sequence packet ,71259,71428
133.252,Received an expired out of sequence packet ,71260,71428
133.254,Received an expired out of sequence packet ,71261,71428
133.257,Received an expired out of sequence packet ,71262,71428
133.261,Received an expired out of sequence packet ,71263,71428
133.261,Received an expired out of sequence packet ,71264,71428
133.262,Received an expired out of sequence packet ,71265,71428
133.265,Received an expired out of sequence packet ,71266,71428
133.267,Received an expired out of sequence packet ,71267,71428
133.269,Received an expired out of sequence packet ,71268,71428
133.27,Received an expired out of sequence packet ,71269,71428
133.27,Received an expired out of sequence packet ,71270,71428
133.272,Received an expired out of sequence packet ,71271,71428
133.274,Received an expired out of sequence packet ,71272,71428
133.276,Received an expired out of sequence packet ,71273,71428
133.278,Received an expired out of sequence packet ,71274,71428
133.278,Received an expired out of sequence packet ,71275,71428
133.28,Received an expired out of sequence packet ,71276,71428
133.283,Received an expired out of sequence packet ,71277,71428
133.283,Received an expired out of sequence packet ,71278,71428
133.287,Received an expired out of sequence packet ,71279,71428
133.288,Received an expired out of sequence packet ,71280,71428
133.289,Received an expired out of sequence packet ,71281,71428
133.29,Received an expired out of sequence packet ,71282,71428
133.293,Received an expired out of sequence packet ,71283,71428
133.297,Received an expired out of sequence packet ,71284,71428
133.297,Received an expired out of sequence packet ,71285,71428
133.297,Received an expired out of sequence packet ,71286,71428
133.298,Received an expired out of sequence packet ,71287,71428
133.299,Received an expired out of sequence packet ,71288,71428
133.302,Received an expired out of sequence packet ,71289,71428
133.305,Received an expired out of sequence packet ,71290,71428
133.307,Received an expired out of sequence packet ,71291,71428
133.31,Received an expired out of sequence packet ,71292,71428
133.312,Received an expired out of sequence packet ,71293,71428
133.313,Received an expired out of sequence packet ,71294,71428
133.313,Received an expired out of sequence packet ,71295,71428
133.316,Received an expired out of sequence packet ,71296,71428
133.317,Received an expired out of sequence packet ,71297,71428
133.323,Received an expired out of sequence packet ,71298,71428
133.327,Received an expired out of sequence packet ,71299,71428
133.327,Received an expired out of sequence packet ,71300,71428
133.329,Received an expired out of sequence packet ,71301,71428
133.329,Received an expired out of sequence packet ,71302,71428
133.33,Received an expired out of sequence packet ,71303,71428
133.333,Received an expired out of sequence packet ,71304,71428
133.337,Received an expired out of sequence packet ,71305,71428
133.337,Received an expired out of sequence packet ,71306,71428
133.351,Received an expired out of sequence packet ,71307,71428
133.351,Received an expired out of sequence packet ,71308,71428
133.351,Received an expired out of sequence packet ,71309,71428
133.351,Received an expired out of sequence packet ,71310,71428
133.36,Received an expired out of sequence packet ,71311,71428
133.36,Received an expired out of sequence packet ,71312,71428
133.368,Received an expired out of sequence packet ,71313,71428
133.369,Received an expired out of sequence packet ,71314,71428
133.369,Received an expired out of sequence packet ,71315,71428
133.37,Received an expired out of sequence packet ,71316,71428
133.37,Received an expired out of sequence packet ,71317,71428
133.37,Received an expired out of sequence packet ,71318,71428
133.375,Received an expired out of sequence packet ,71319,71428
133.375,Received an expired out of sequence packet ,71320,71428
133.381,Received an expired out of sequence packet ,71321,71428
133.381,Received an expired out of sequence packet ,71322,71428
133.387,Received an expired out of sequence packet ,71323,71428
133.387,Received an expired out of sequence packet ,71324,71428
133.389,Received an expired out of sequence packet ,71325,71428
133.392,Received an expired out of sequence packet ,71326,71428
133.398,Received an expired out of sequence packet ,71327,71428
133.398,Received an expired out of sequence packet ,71328,71428
133.4,Received an expired out of sequence packet ,71329,71428
133.403,Received an expired out of sequence packet ,71330,71428
133.404,Received an expired out of sequence packet ,71331,71428
133.406,Received an expired out of sequence packet ,71332,71428
133.41,Received an expired out of sequence packet ,71333,71428
133.416,Received an expired out of sequence packet ,71334,71428
133.416,Received an expired out of sequence packet ,71335,71428
133.42,Received an expired out of sequence packet ,71336,71428
133.422,Received an expired out of sequence packet ,71337,71428
133.424,Received an expired out of sequence packet ,71338,71428
133.427,Received an expired out of sequence packet ,71339,71428
133.431,Received an expired out of sequence packet ,71340,71428
133.433,Received an expired out of sequence packet ,71341,71428
133.433,Received an expired out of sequence packet ,71342,71428
133.437,Received an expired out of sequence packet ,71343,71428
133.439,Received an expired out of sequence packet ,71344,71428
133.444,Received an expired out of sequence packet ,71345,71428
133.45,Received an expired out of sequence packet ,71346,71428
133.455,Received an expired out of sequence packet ,71347,71428
133.455,Received an expired out of sequence packet ,71348,71428
133.458,Received an expired out of sequence packet ,71349,71428
133.465,Received an expired out of sequence packet ,71350,71428
133.478,Received an expired out of sequence packet ,71351,71428
133.48,Received an expired out of sequence packet ,71352,71428
133.489,Received an expired out of sequence packet ,71353,71428
133.503,Received an expired out of sequence packet ,71354,71428
133.503,Received an expired out of sequence packet ,71355,71428
133.503,Received an expired out of sequence packet ,71356,71428
133.503,Received an expired out of sequence packet ,71357,71428
133.503,Received an expired out of sequence packet ,71358,71428
133.508,Received an expired out of sequence packet ,71359,71428
133.508,Received an expired out of sequence packet ,71360,71428
133.51,Received an expired out of sequence packet ,71361,71428
133.51,Received an expired out of sequence packet ,71362,71428
133.51,Received an expired out of sequence packet ,71363,71428
133.51,Received an expired out of sequence packet ,71364,71428
133.51,Received an expired out of sequence packet ,71365,71428
133.514,Received an expired out of sequence packet ,71366,71428
133.516,Received an expired out of sequence packet ,71367,71428
133.516,Received an expired out of sequence packet ,71368,71428
133.518,Received an expired out of sequence packet ,71369,71428
133.52,Received an expired out of sequence packet ,71370,71428
133.523,Received an expired out of sequence packet ,71371,71428
133.527,Received an expired out of sequence packet ,71372,71428
133.529,Received an expired out of sequence packet ,71373,71428
133.529,Received an expired out of sequence packet ,71374,71428
133.53,Received an expired out of sequence packet ,71375,71428
133.532,Received an expired out of sequence packet ,71376,71428
133.536,Received an expired out of sequence packet ,71377,71428
133.55,Received an expired out of sequence packet ,71378,71428
133.553,Received an expired out of sequence packet ,71379,71428
133.554,Received an expired out of sequence packet ,71380,71428
133.554,Received an expired out of sequence packet ,71381,71428
133.554,Received an expired out of sequence packet ,71382,71428
133.554,Received an expired out of sequence packet ,71383,71428
133.568,Received an expired out of sequence packet ,71384,71428
133.57,Received an expired out of sequence packet ,71385,71428
133.579,Received an expired out of sequence packet ,71386,71428
133.579,Received an expired out of sequence packet ,71387,71428
133.579,Received an expired out of sequence packet ,71388,71428
133.58,Received an expired out of sequence packet ,71389,71428
133.58,Received an expired out of sequence packet ,71390,71428
133.582,Received an expired out of sequence packet ,71391,71428
133.587,Received an expired out of sequence packet ,71392,71428
133.588,Received an expired out of sequence packet ,71393,71428
133.591,Received an expired out of sequence packet ,71394,71428
133.594,Received an expired out of sequence packet ,71395,71428
133.597,Received an expired out of sequence packet ,71396,71428
133.599,Received an expired out of sequence packet ,71397,71428
133.602,Received an expired out of sequence packet ,71398,71428
133.609,Received an expired out of sequence packet ,71399,71428
133.609,Received an expired out of sequence packet ,71400,71428
133.61,Received an expired out of sequence packet ,71401,71428
133.611,Received an expired out of sequence packet ,71402,71428
133.616,Received an expired out of sequence packet ,71403,71428
133.618,Received an expired out of sequence packet ,71404,71428
133.623,Received an expired out of sequence packet ,71405,71428
133.626,Received an expired out of sequence packet ,71406,71428
133.63,Received an expired out of sequence packet ,71407,71428
133.63,Received an expired out of sequence packet ,71408,71428
133.634,Received an expired out of sequence packet ,71409,71428
133.636,Received an expired out of sequence packet ,71410,71428
133.636,Received an expired out of sequence packet ,71411,71428
133.64,Received an expired out of sequence packet ,71412,71428
133.643,Received an expired out of sequence packet ,71413,71428
133.644,Received an expired out of sequence packet ,71414,71428
133.648,Received an expired out of sequence packet ,71415,71428
133.661,Received an expired out of sequence packet ,71416,71428
133.662,Received an expired out of sequence packet ,71417,71428
133.666,Received an expired out of sequence packet ,71418,71428
133.668,Received an expired out of sequence packet ,71419,71428
133.668,Received an expired out of sequence packet ,71420,71428
133.669,Received an expired out of sequence packet ,71421,71428
133.669,Received an expired out of sequence packet ,71422,71428
133.673,Received an expired out of sequence packet ,71423,71428
133.676,Received an expired out of sequence packet ,71424,71428
133.682,Received an expired out of sequence packet ,71425,71428
133.688,Received an expired out of sequence packet ,71426,71428
133.69,Received an expired out of sequence packet ,71427,71428
202.659,Timeout
202.659,clearing sending list because of timeout
202.686,Received an expired out of sequence packet ,119987,120020
202.686,Received an expired out of sequence packet ,119988,120020
202.686,Received an expired out of sequence packet ,119989,120020
202.686,Received an expired out of sequence packet ,119990,120020
202.686,Received an expired out of sequence packet ,119991,120020
202.686,Received an expired out of sequence packet ,119992,120020
202.686,Received an expired out of sequence packet ,119993,120020
202.686,Received an expired out of sequence packet ,119994,120020
202.686,Received an expired out of sequence packet ,119995,120020
202.686,Received an expired out of sequence packet ,119996,120020
202.686,Received an expired out of sequence packet ,119997,120020
202.686,Received an expired out of sequence packet ,119998,120020
202.686,Received an expired out of sequence packet ,119999,120020
202.687,Received an expired out of sequence packet ,120000,120020
202.687,Received an expired out of sequence packet ,120001,120020
202.688,Received an expired out of sequence packet ,120002,120020
202.688,Received an expired out of sequence packet ,120003,120020
202.69,Received an expired out of sequence packet ,120004,120020
202.69,Received an expired out of sequence packet ,120005,120020
202.692,Received an expired out of sequence packet ,120006,120020
202.692,Received an expired out of sequence packet ,120007,120020
202.692,Received an expired out of sequence packet ,120008,120020
202.692,Received an expired out of sequence packet ,120009,120020
202.692,Received an expired out of sequence packet ,120010,120020
202.692,Received an expired out of sequence packet ,120011,120020
202.692,Received an expired out of sequence packet ,120012,120020
202.692,Received an expired out of sequence packet ,120013,120020
202.692,Received an expired out of sequence packet ,120014,120020
202.692,Received an expired out of sequence packet ,120015,120020
202.692,Received an expired out of sequence packet ,120016,120020
202.692,Received an expired out of sequence packet ,120017,120020
202.692,Received an expired out of sequence packet ,120018,120020
202.693,Received an expired out of sequence packet ,120019,120020
206.918,Timeout
206.918,clearing sending list because of timeout
206.925,Received an expired out of sequence packet ,120638,120840
206.925,Received an expired out of sequence packet ,120639,120840
206.925,Received an expired out of sequence packet ,120640,120840
206.925,Received an expired out of sequence packet ,120641,120840
206.925,Received an expired out of sequence packet ,120642,120840
206.928,Received an expired out of sequence packet ,120643,120840
206.928,Received an expired out of sequence packet ,120644,120840
206.928,Received an expired out of sequence packet ,120645,120840
206.928,Received an expired out of sequence packet ,120646,120840
206.929,Received an expired out of sequence packet ,120647,120840
206.929,Received an expired out of sequence packet ,120648,120840
206.929,Received an expired out of sequence packet ,120649,120840
206.93,Received an expired out of sequence packet ,120650,120840
206.93,Received an expired out of sequence packet ,120651,120840
206.93,Received an expired out of sequence packet ,120652,120840
206.93,Received an expired out of sequence packet ,120653,120840
206.93,Received an expired out of sequence packet ,120654,120840
206.93,Received an expired out of sequence packet ,120655,120840
206.93,Received an expired out of sequence packet ,120656,120840
206.93,Received an expired out of sequence packet ,120657,120840
206.93,Received an expired out of sequence packet ,120658,120840
206.93,Received an expired out of sequence packet ,120659,120840
206.93,Received an expired out of sequence packet ,120660,120840
206.93,Received an expired out of sequence packet ,120661,120840
206.931,Received an expired out of sequence packet ,120662,120840
206.931,Received an expired out of sequence packet ,120663,120840
206.931,Received an expired out of sequence packet ,120664,120840
206.931,Received an expired out of sequence packet ,120665,120840
206.931,Received an expired out of sequence packet ,120666,120840
206.931,Received an expired out of sequence packet ,120667,120840
207.028,Received an expired out of sequence packet ,120668,120840
207.028,Received an expired out of sequence packet ,120669,120840
207.028,Received an expired out of sequence packet ,120670,120840
207.028,Received an expired out of sequence packet ,120671,120840
207.028,Received an expired out of sequence packet ,120672,120840
207.028,Received an expired out of sequence packet ,120673,120840
207.028,Received an expired out of sequence packet ,120674,120840
207.028,Received an expired out of sequence packet ,120675,120840
207.028,Received an expired out of sequence packet ,120676,120840
207.028,Received an expired out of sequence packet ,120677,120840
207.029,Received an expired out of sequence packet ,120678,120840
207.032,Received an expired out of sequence packet ,120679,120840
207.034,Received an expired out of sequence packet ,120680,120840
207.034,Received an expired out of sequence packet ,120681,120840
207.034,Received an expired out of sequence packet ,120682,120840
207.464,Received an expired out of sequence packet ,120683,120840
207.464,Received an expired out of sequence packet ,120684,120840
207.464,Received an expired out of sequence packet ,120685,120840
207.468,Received an expired out of sequence packet ,120686,120840
207.469,Received an expired out of sequence packet ,120687,120840
207.469,Received an expired out of sequence packet ,120688,120840
207.469,Received an expired out of sequence packet ,120689,120840
207.47,Received an expired out of sequence packet ,120690,120840
207.47,Received an expired out of sequence packet ,120691,120840
207.504,Received an expired out of sequence packet ,120692,120840
207.504,Received an expired out of sequence packet ,120693,120840
207.504,Received an expired out of sequence packet ,120694,120840
207.504,Received an expired out of sequence packet ,120695,120840
207.504,Received an expired out of sequence packet ,120696,120840
207.504,Received an expired out of sequence packet ,120697,120840
207.504,Received an expired out of sequence packet ,120698,120840
207.504,Received an expired out of sequence packet ,120699,120840
207.508,Received an expired out of sequence packet ,120700,120840
207.529,Received an expired out of sequence packet ,120701,120840
207.542,Received an expired out of sequence packet ,120702,120840
207.542,Received an expired out of sequence packet ,120703,120840
207.542,Received an expired out of sequence packet ,120704,120840
207.542,Received an expired out of sequence packet ,120705,120840
207.542,Received an expired out of sequence packet ,120706,120840
207.545,Received an expired out of sequence packet ,120707,120840
207.545,Received an expired out of sequence packet ,120708,120840
207.545,Received an expired out of sequence packet ,120709,120840
207.545,Received an expired out of sequence packet ,120710,120840
207.545,Received an expired out of sequence packet ,120711,120840
207.547,Received an expired out of sequence packet ,120712,120840
207.863,Received an expired out of sequence packet ,120713,120840
207.863,Received an expired out of sequence packet ,120714,120840
207.873,Received an expired out of sequence packet ,120715,120840
207.873,Received an expired out of sequence packet ,120716,120840
207.873,Received an expired out of sequence packet ,120717,120840
207.873,Received an expired out of sequence packet ,120718,120840
207.875,Received an expired out of sequence packet ,120719,120840
207.93,Received an expired out of sequence packet ,120720,120840
207.93,Received an expired out of sequence packet ,120721,120840
207.93,Received an expired out of sequence packet ,120722,120840
207.93,Received an expired out of sequence packet ,120723,120840
207.93,Received an expired out of sequence packet ,120724,120840
207.937,Received an expired out of sequence packet ,120725,120840
207.937,Received an expired out of sequence packet ,120726,120840
207.939,Received an expired out of sequence packet ,120727,120840
207.94,Received an expired out of sequence packet ,120728,120840
207.94,Received an expired out of sequence packet ,120729,120840
207.94,Received an expired out of sequence packet ,120730,120840
207.94,Received an expired out of sequence packet ,120731,120840
207.94,Received an expired out of sequence packet ,120732,120840
207.94,Received an expired out of sequence packet ,120733,120840
207.94,Received an expired out of sequence packet ,120734,120840
207.945,Received an expired out of sequence packet ,120735,120840
207.945,Received an expired out of sequence packet ,120736,120840
207.945,Received an expired out of sequence packet ,120737,120840
207.945,Received an expired out of sequence packet ,120738,120840
207.945,Received an expired out of sequence packet ,120739,120840
207.945,Received an expired out of sequence packet ,120740,120840
207.945,Received an expired out of sequence packet ,120741,120840
207.945,Received an expired out of sequence packet ,120742,120840
207.945,Received an expired out of sequence packet ,120743,120840
207.945,Received an expired out of sequence packet ,120744,120840
207.945,Received an expired out of sequence packet ,120745,120840
207.945,Received an expired out of sequence packet ,120746,120840
207.945,Received an expired out of sequence packet ,120747,120840
207.945,Received an expired out of sequence packet ,120748,120840
207.945,Received an expired out of sequence packet ,120749,120840
207.945,Received an expired out of sequence packet ,120750,120840
207.945,Received an expired out of sequence packet ,120751,120840
207.945,Received an expired out of sequence packet ,120752,120840
207.945,Received an expired out of sequence packet ,120753,120840
207.96,Received an expired out of sequence packet ,120754,120840
207.96,Received an expired out of sequence packet ,120755,120840
207.971,Received an expired out of sequence packet ,120756,120840
207.971,Received an expired out of sequence packet ,120757,120840
207.971,Received an expired out of sequence packet ,120758,120840
207.971,Received an expired out of sequence packet ,120759,120840
207.975,Received an expired out of sequence packet ,120760,120840
207.982,Received an expired out of sequence packet ,120761,120840
207.982,Received an expired out of sequence packet ,120762,120840
207.982,Received an expired out of sequence packet ,120763,120840
207.992,Received an expired out of sequence packet ,120764,120840
207.992,Received an expired out of sequence packet ,120765,120840
207.996,Received an expired out of sequence packet ,120766,120840
208.192,Received an expired out of sequence packet ,120767,120840
208.193,Received an expired out of sequence packet ,120768,120840
208.193,Received an expired out of sequence packet ,120769,120840
208.193,Received an expired out of sequence packet ,120770,120840
208.193,Received an expired out of sequence packet ,120771,120840
208.193,Received an expired out of sequence packet ,120772,120840
208.193,Received an expired out of sequence packet ,120773,120840
208.193,Received an expired out of sequence packet ,120774,120840
208.193,Received an expired out of sequence packet ,120775,120840
208.193,Received an expired out of sequence packet ,120776,120840
208.193,Received an expired out of sequence packet ,120777,120840
208.231,Received an expired out of sequence packet ,120778,120840
208.234,Received an expired out of sequence packet ,120779,120840
208.241,Received an expired out of sequence packet ,120780,120840
208.246,Received an expired out of sequence packet ,120781,120840
208.247,Received an expired out of sequence packet ,120782,120840
208.247,Received an expired out of sequence packet ,120783,120840
208.247,Received an expired out of sequence packet ,120784,120840
208.247,Received an expired out of sequence packet ,120785,120840
208.248,Received an expired out of sequence packet ,120786,120840
208.248,Received an expired out of sequence packet ,120787,120840
208.248,Received an expired out of sequence packet ,120788,120840
208.248,Received an expired out of sequence packet ,120789,120840
208.248,Received an expired out of sequence packet ,120790,120840
208.248,Received an expired out of sequence packet ,120791,120840
208.248,Received an expired out of sequence packet ,120792,120840
208.248,Received an expired out of sequence packet ,120793,120840
208.248,Received an expired out of sequence packet ,120794,120840
208.248,Received an expired out of sequence packet ,120795,120840
208.248,Received an expired out of sequence packet ,120796,120840
208.248,Received an expired out of sequence packet ,120797,120840
208.248,Received an expired out of sequence packet ,120798,120840
208.248,Received an expired out of sequence packet ,120799,120840
208.248,Received an expired out of sequence packet ,120800,120840
208.248,Received an expired out of sequence packet ,120801,120840
208.248,Received an expired out of sequence packet ,120802,120840
208.276,Received an expired out of sequence packet ,120803,120840
208.277,Received an expired out of sequence packet ,120804,120840
208.277,Received an expired out of sequence packet ,120805,120840
208.277,Received an expired out of sequence packet ,120806,120840
208.277,Received an expired out of sequence packet ,120807,120840
208.277,Received an expired out of sequence packet ,120808,120840
208.277,Received an expired out of sequence packet ,120809,120840
208.277,Received an expired out of sequence packet ,120810,120840
208.277,Received an expired out of sequence packet ,120811,120840
208.278,Received an expired out of sequence packet ,120812,120840
208.278,Received an expired out of sequence packet ,120813,120840
208.278,Received an expired out of sequence packet ,120814,120840
208.281,Received an expired out of sequence packet ,120815,120840
208.282,Received an expired out of sequence packet ,120816,120840
208.282,Received an expired out of sequence packet ,120817,120840
208.283,Received an expired out of sequence packet ,120818,120840
208.283,Received an expired out of sequence packet ,120819,120840
208.283,Received an expired out of sequence packet ,120820,120840
208.283,Received an expired out of sequence packet ,120821,120840
208.283,Received an expired out of sequence packet ,120822,120840
208.283,Received an expired out of sequence packet ,120823,120840
208.283,Received an expired out of sequence packet ,120824,120840
208.284,Received an expired out of sequence packet ,120825,120840
208.284,Received an expired out of sequence packet ,120826,120840
208.284,Received an expired out of sequence packet ,120827,120840
208.284,Received an expired out of sequence packet ,120828,120840
208.284,Received an expired out of sequence packet ,120829,120840
208.284,Received an expired out of sequence packet ,120830,120840
208.284,Received an expired out of sequence packet ,120831,120840
208.284,Received an expired out of sequence packet ,120832,120840
208.284,Received an expired out of sequence packet ,120833,120840
208.284,Received an expired out of sequence packet ,120834,120840
208.284,Received an expired out of sequence packet ,120835,120840
208.284,Received an expired out of sequence packet ,120836,120840
208.284,Received an expired out of sequence packet ,120837,120840
208.285,Received an expired out of sequence packet ,120838,120840
208.285,Received an expired out of sequence packet ,120839,120840
219.054,Timeout
219.054,clearing sending list because of timeout
219.265,Received an expired out of sequence packet ,125024,125188
219.265,Received an expired out of sequence packet ,125025,125188
219.385,Received an expired out of sequence packet ,125026,125188
219.389,Received an expired out of sequence packet ,125027,125188
219.389,Received an expired out of sequence packet ,125028,125188
219.392,Received an expired out of sequence packet ,125029,125188
219.392,Received an expired out of sequence packet ,125030,125188
219.396,Received an expired out of sequence packet ,125031,125188
219.397,Received an expired out of sequence packet ,125032,125188
219.398,Received an expired out of sequence packet ,125033,125188
219.398,Received an expired out of sequence packet ,125034,125188
219.4,Received an expired out of sequence packet ,125035,125188
219.405,Received an expired out of sequence packet ,125036,125188
219.405,Received an expired out of sequence packet ,125037,125188
219.405,Received an expired out of sequence packet ,125038,125188
219.407,Received an expired out of sequence packet ,125039,125188
219.407,Received an expired out of sequence packet ,125040,125188
219.408,Received an expired out of sequence packet ,125041,125188
219.408,Received an expired out of sequence packet ,125042,125188
219.444,Received an expired out of sequence packet ,125043,125188
219.454,Received an expired out of sequence packet ,125044,125188
219.454,Received an expired out of sequence packet ,125045,125188
219.456,Received an expired out of sequence packet ,125046,125188
219.459,Received an expired out of sequence packet ,125047,125188
219.459,Received an expired out of sequence packet ,125048,125188
219.46,Received an expired out of sequence packet ,125049,125188
219.46,Received an expired out of sequence packet ,125050,125188
219.461,Received an expired out of sequence packet ,125051,125188
219.464,Received an expired out of sequence packet ,125052,125188
219.468,Received an expired out of sequence packet ,125053,125188
219.468,Received an expired out of sequence packet ,125054,125188
219.47,Received an expired out of sequence packet ,125055,125188
219.47,Received an expired out of sequence packet ,125056,125188
219.47,Received an expired out of sequence packet ,125057,125188
219.473,Received an expired out of sequence packet ,125058,125188
219.473,Received an expired out of sequence packet ,125059,125188
219.476,Received an expired out of sequence packet ,125060,125188
219.476,Received an expired out of sequence packet ,125061,125188
219.476,Received an expired out of sequence packet ,125062,125188
219.48,Received an expired out of sequence packet ,125063,125188
219.48,Received an expired out of sequence packet ,125064,125188
219.623,Received an expired out of sequence packet ,125065,125188
219.631,Received an expired out of sequence packet ,125066,125188
219.634,Received an expired out of sequence packet ,125067,125188
219.637,Received an expired out of sequence packet ,125068,125188
219.637,Received an expired out of sequence packet ,125069,125188
219.638,Received an expired out of sequence packet ,125070,125188
219.641,Received an expired out of sequence packet ,125071,125188
219.641,Received an expired out of sequence packet ,125072,125188
219.641,Received an expired out of sequence packet ,125073,125188
219.645,Received an expired out of sequence packet ,125074,125188
219.645,Received an expired out of sequence packet ,125075,125188
219.645,Received an expired out of sequence packet ,125076,125188
219.648,Received an expired out of sequence packet ,125077,125188
219.648,Received an expired out of sequence packet ,125078,125188
219.651,Received an expired out of sequence packet ,125079,125188
219.651,Received an expired out of sequence packet ,125080,125188
219.651,Received an expired out of sequence packet ,125081,125188
219.651,Received an expired out of sequence packet ,125082,125188
219.655,Received an expired out of sequence packet ,125083,125188
219.655,Received an expired out of sequence packet ,125084,125188
219.655,Received an expired out of sequence packet ,125085,125188
219.656,Received an expired out of sequence packet ,125086,125188
219.656,Received an expired out of sequence packet ,125087,125188
219.656,Received an expired out of sequence packet ,125088,125188
219.661,Received an expired out of sequence packet ,125089,125188
219.661,Received an expired out of sequence packet ,125090,125188
219.661,Received an expired out of sequence packet ,125091,125188
219.661,Received an expired out of sequence packet ,125092,125188
219.664,Received an expired out of sequence packet ,125093,125188
219.664,Received an expired out of sequence packet ,125094,125188
219.664,Received an expired out of sequence packet ,125095,125188
219.668,Received an expired out of sequence packet ,125096,125188
219.668,Received an expired out of sequence packet ,125097,125188
219.668,Received an expired out of sequence packet ,125098,125188
219.668,Received an expired out of sequence packet ,125099,125188
219.67,Received an expired out of sequence packet ,125100,125188
219.67,Received an expired out of sequence packet ,125101,125188
219.67,Received an expired out of sequence packet ,125102,125188
219.673,Received an expired out of sequence packet ,125103,125188
219.673,Received an expired out of sequence packet ,125104,125188
219.673,Received an expired out of sequence packet ,125105,125188
219.673,Received an expired out of sequence packet ,125106,125188
219.673,Received an expired out of sequence packet ,125107,125188
219.676,Received an expired out of sequence packet ,125108,125188
219.679,Received an expired out of sequence packet ,125109,125188
219.679,Received an expired out of sequence packet ,125110,125188
219.679,Received an expired out of sequence packet ,125111,125188
219.683,Received an expired out of sequence packet ,125112,125188
219.683,Received an expired out of sequence packet ,125113,125188
219.683,Received an expired out of sequence packet ,125114,125188
219.683,Received an expired out of sequence packet ,125115,125188
219.683,Received an expired out of sequence packet ,125116,125188
219.741,Received an expired out of sequence packet ,125117,125188
219.752,Received an expired out of sequence packet ,125118,125188
219.752,Received an expired out of sequence packet ,125119,125188
219.753,Received an expired out of sequence packet ,125120,125188
219.753,Received an expired out of sequence packet ,125121,125188
219.76,Received an expired out of sequence packet ,125122,125188
219.76,Received an expired out of sequence packet ,125123,125188
219.76,Received an expired out of sequence packet ,125124,125188
219.76,Received an expired out of sequence packet ,125125,125188
219.76,Received an expired out of sequence packet ,125126,125188
219.76,Received an expired out of sequence packet ,125127,125188
219.764,Received an expired out of sequence packet ,125128,125188
219.766,Received an expired out of sequence packet ,125129,125188
219.766,Received an expired out of sequence packet ,125130,125188
219.767,Received an expired out of sequence packet ,125131,125188
219.767,Received an expired out of sequence packet ,125132,125188
219.769,Received an expired out of sequence packet ,125133,125188
219.769,Received an expired out of sequence packet ,125134,125188
219.774,Received an expired out of sequence packet ,125135,125188
219.774,Received an expired out of sequence packet ,125136,125188
219.774,Received an expired out of sequence packet ,125137,125188
219.775,Received an expired out of sequence packet ,125138,125188
219.775,Received an expired out of sequence packet ,125139,125188
219.775,Received an expired out of sequence packet ,125140,125188
219.781,Received an expired out of sequence packet ,125141,125188
219.781,Received an expired out of sequence packet ,125142,125188
219.781,Received an expired out of sequence packet ,125143,125188
219.781,Received an expired out of sequence packet ,125144,125188
219.783,Received an expired out of sequence packet ,125145,125188
219.783,Received an expired out of sequence packet ,125146,125188
219.79,Received an expired out of sequence packet ,125147,125188
219.795,Received an expired out of sequence packet ,125148,125188
219.795,Received an expired out of sequence packet ,125149,125188
219.795,Received an expired out of sequence packet ,125150,125188
219.795,Received an expired out of sequence packet ,125151,125188
219.795,Received an expired out of sequence packet ,125152,125188
219.795,Received an expired out of sequence packet ,125153,125188
219.796,Received an expired out of sequence packet ,125154,125188
219.796,Received an expired out of sequence packet ,125155,125188
219.803,Received an expired out of sequence packet ,125156,125188
219.803,Received an expired out of sequence packet ,125157,125188
219.807,Received an expired out of sequence packet ,125158,125188
219.812,Received an expired out of sequence packet ,125159,125188
219.815,Received an expired out of sequence packet ,125160,125188
219.819,Received an expired out of sequence packet ,125161,125188
219.819,Received an expired out of sequence packet ,125162,125188
219.822,Received an expired out of sequence packet ,125163,125188
219.822,Received an expired out of sequence packet ,125164,125188
219.822,Received an expired out of sequence packet ,125165,125188
219.822,Received an expired out of sequence packet ,125166,125188
219.823,Received an expired out of sequence packet ,125167,125188
219.823,Received an expired out of sequence packet ,125168,125188
219.828,Received an expired out of sequence packet ,125169,125188
219.828,Received an expired out of sequence packet ,125170,125188
219.83,Received an expired out of sequence packet ,125171,125188
219.83,Received an expired out of sequence packet ,125172,125188
219.83,Received an expired out of sequence packet ,125173,125188
219.833,Received an expired out of sequence packet ,125174,125188
219.833,Received an expired out of sequence packet ,125175,125188
219.833,Received an expired out of sequence packet ,125176,125188
219.834,Received an expired out of sequence packet ,125177,125188
219.854,Received an expired out of sequence packet ,125178,125188
219.854,Received an expired out of sequence packet ,125179,125188
219.857,Received an expired out of sequence packet ,125180,125188
219.861,Received an expired out of sequence packet ,125181,125188
219.862,Received an expired out of sequence packet ,125182,125188
219.868,Received an expired out of sequence packet ,125183,125188
219.884,Received an expired out of sequence packet ,125184,125188
219.887,Received an expired out of sequence packet ,125185,125188
219.887,Received an expired out of sequence packet ,125186,125188
219.887,Received an expired out of sequence packet ,125187,125188
236.169,Timeout
236.169,clearing sending list because of timeout
236.556,Timeout
236.556,clearing sending list because of timeout
236.698,Received an expired out of sequence packet ,133023,133214
236.748,Received an expired out of sequence packet ,133024,133214
236.751,Received an expired out of sequence packet ,133025,133214
236.751,Received an expired out of sequence packet ,133026,133214
236.751,Received an expired out of sequence packet ,133027,133214
236.751,Received an expired out of sequence packet ,133028,133214
236.751,Received an expired out of sequence packet ,133029,133214
236.755,Received an expired out of sequence packet ,133030,133214
236.755,Received an expired out of sequence packet ,133031,133214
236.755,Received an expired out of sequence packet ,133032,133214
236.755,Received an expired out of sequence packet ,133033,133214
236.755,Received an expired out of sequence packet ,133034,133214
236.755,Received an expired out of sequence packet ,133035,133214
236.755,Received an expired out of sequence packet ,133036,133214
236.756,Received an expired out of sequence packet ,133037,133214
236.756,Received an expired out of sequence packet ,133038,133214
236.756,Received an expired out of sequence packet ,133039,133214
236.756,Received an expired out of sequence packet ,133040,133214
236.756,Received an expired out of sequence packet ,133041,133214
236.756,Received an expired out of sequence packet ,133042,133214
236.756,Received an expired out of sequence packet ,133043,133214
236.756,Received an expired out of sequence packet ,133044,133214
236.756,Received an expired out of sequence packet ,133045,133214
236.786,Received an expired out of sequence packet ,133046,133214
236.788,Received an expired out of sequence packet ,133047,133214
236.793,Received an expired out of sequence packet ,133048,133214
236.795,Received an expired out of sequence packet ,133049,133214
236.795,Received an expired out of sequence packet ,133050,133214
236.798,Received an expired out of sequence packet ,133051,133214
236.798,Received an expired out of sequence packet ,133052,133214
236.798,Received an expired out of sequence packet ,133053,133214
236.798,Received an expired out of sequence packet ,133054,133214
236.798,Received an expired out of sequence packet ,133055,133214
236.806,Received an expired out of sequence packet ,133056,133214
236.806,Received an expired out of sequence packet ,133057,133214
236.806,Received an expired out of sequence packet ,133058,133214
236.806,Received an expired out of sequence packet ,133059,133214
236.806,Received an expired out of sequence packet ,133060,133214
236.806,Received an expired out of sequence packet ,133061,133214
236.806,Received an expired out of sequence packet ,133062,133214
236.806,Received an expired out of sequence packet ,133063,133214
236.807,Received an expired out of sequence packet ,133064,133214
236.808,Received an expired out of sequence packet ,133065,133214
236.808,Received an expired out of sequence packet ,133066,133214
236.808,Received an expired out of sequence packet ,133067,133214
236.808,Received an expired out of sequence packet ,133068,133214
236.808,Received an expired out of sequence packet ,133069,133214
236.808,Received an expired out of sequence packet ,133070,133214
236.822,Received an expired out of sequence packet ,133071,133214
236.822,Received an expired out of sequence packet ,133072,133214
236.822,Received an expired out of sequence packet ,133073,133214
236.822,Received an expired out of sequence packet ,133074,133214
236.822,Received an expired out of sequence packet ,133075,133214
236.822,Received an expired out of sequence packet ,133076,133214
236.822,Received an expired out of sequence packet ,133077,133214
236.822,Received an expired out of sequence packet ,133078,133214
236.822,Received an expired out of sequence packet ,133079,133214
236.822,Received an expired out of sequence packet ,133080,133214
236.822,Received an expired out of sequence packet ,133081,133214
236.822,Received an expired out of sequence packet ,133082,133214
236.822,Received an expired out of sequence packet ,133083,133214
236.822,Received an expired out of sequence packet ,133084,133214
236.822,Received an expired out of sequence packet ,133085,133214
236.822,Received an expired out of sequence packet ,133086,133214
236.822,Received an expired out of sequence packet ,133087,133214
236.822,Received an expired out of sequence packet ,133088,133214
236.832,Received an expired out of sequence packet ,133089,133214
236.832,Received an expired out of sequence packet ,133090,133214
236.832,Received an expired out of sequence packet ,133091,133214
236.832,Received an expired out of sequence packet ,133092,133214
236.833,Received an expired out of sequence packet ,133093,133214
236.833,Received an expired out of sequence packet ,133094,133214
236.833,Received an expired out of sequence packet ,133095,133214
236.835,Received an expired out of sequence packet ,133096,133214
236.835,Received an expired out of sequence packet ,133097,133214
236.835,Received an expired out of sequence packet ,133098,133214
236.835,Received an expired out of sequence packet ,133099,133214
236.835,Received an expired out of sequence packet ,133100,133214
236.835,Received an expired out of sequence packet ,133101,133214
236.839,Received an expired out of sequence packet ,133102,133214
236.839,Received an expired out of sequence packet ,133103,133214
236.839,Received an expired out of sequence packet ,133104,133214
236.839,Received an expired out of sequence packet ,133105,133214
236.839,Received an expired out of sequence packet ,133106,133214
236.839,Received an expired out of sequence packet ,133107,133214
236.839,Received an expired out of sequence packet ,133108,133214
236.84,Received an expired out of sequence packet ,133109,133214
236.842,Received an expired out of sequence packet ,133110,133214
236.842,Received an expired out of sequence packet ,133111,133214
236.842,Received an expired out of sequence packet ,133112,133214
236.842,Received an expired out of sequence packet ,133113,133214
236.842,Received an expired out of sequence packet ,133114,133214
236.842,Received an expired out of sequence packet ,133115,133214
236.842,Received an expired out of sequence packet ,133116,133214
236.842,Received an expired out of sequence packet ,133117,133214
236.842,Received an expired out of sequence packet ,133118,133214
236.842,Received an expired out of sequence packet ,133119,133214
236.842,Received an expired out of sequence packet ,133120,133214
236.842,Received an expired out of sequence packet ,133121,133214
236.842,Received an expired out of sequence packet ,133122,133214
236.846,Received an expired out of sequence packet ,133123,133214
236.846,Received an expired out of sequence packet ,133124,133214
236.846,Received an expired out of sequence packet ,133125,133214
236.847,Received an expired out of sequence packet ,133126,133214
236.847,Received an expired out of sequence packet ,133127,133214
236.847,Received an expired out of sequence packet ,133128,133214
236.85,Received an expired out of sequence packet ,133129,133214
236.851,Received an expired out of sequence packet ,133130,133214
236.851,Received an expired out of sequence packet ,133131,133214
236.851,Received an expired out of sequence packet ,133132,133214
236.851,Received an expired out of sequence packet ,133133,133214
236.851,Received an expired out of sequence packet ,133134,133214
236.855,Received an expired out of sequence packet ,133135,133214
236.855,Received an expired out of sequence packet ,133136,133214
236.855,Received an expired out of sequence packet ,133137,133214
236.855,Received an expired out of sequence packet ,133138,133214
236.855,Received an expired out of sequence packet ,133139,133214
236.855,Received an expired out of sequence packet ,133140,133214
236.855,Received an expired out of sequence packet ,133141,133214
236.855,Received an expired out of sequence packet ,133142,133214
236.855,Received an expired out of sequence packet ,133143,133214
236.855,Received an expired out of sequence packet ,133144,133214
236.855,Received an expired out of sequence packet ,133145,133214
236.855,Received an expired out of sequence packet ,133146,133214
236.855,Received an expired out of sequence packet ,133147,133214
236.855,Received an expired out of sequence packet ,133148,133214
236.856,Received an expired out of sequence packet ,133149,133214
236.856,Received an expired out of sequence packet ,133150,133214
236.856,Received an expired out of sequence packet ,133151,133214
236.856,Received an expired out of sequence packet ,133152,133214
236.856,Received an expired out of sequence packet ,133153,133214
236.856,Received an expired out of sequence packet ,133154,133214
236.856,Received an expired out of sequence packet ,133155,133214
236.857,Received an expired out of sequence packet ,133156,133214
236.857,Received an expired out of sequence packet ,133157,133214