1.08337,Exit slow start,exceeding SS_EXIT_THRESHOLD
8.0968,Restart,can't map delay on delay curve
9.31132,Exit slow start,exceeding SS_EXIT_THRESHOLD
15.9776,Timeout
15.9776,clearing sending list because of timeout
16.4237,Timeout
16.4237,clearing sending list because of timeout
16.5304,Received an expired out of sequence packet ,7529,7669
16.5304,Received an expired out of sequence packet ,7530,7669
16.5304,Received an expired out of sequence packet ,7531,7669
16.5305,Received an expired out of sequence packet ,7532,7669
16.5305,Received an expired out of sequence packet ,7533,7669
16.5305,Received an expired out of sequence packet ,7534,7669
16.5305,Received an expired out of sequence packet ,7535,7669
16.5615,Received an expired out of sequence packet ,7536,7669
16.5636,Received an expired out of sequence packet ,7537,7669
16.5636,Received an expired out of sequence packet ,7538,7669
16.5636,Received an expired out of sequence packet ,7539,7669
16.5636,Received an expired out of sequence packet ,7540,7669
16.5636,Received an expired out of sequence packet ,7541,7669
16.5668,Received an expired out of sequence packet ,7542,7669
16.5668,Received an expired out of sequence packet ,7543,7669
16.5668,Received an expired out of sequence packet ,7544,7669
16.7302,Received an expired out of sequence packet ,7545,7669
16.7303,Received an expired out of sequence packet ,7546,7669
16.7303,Received an expired out of sequence packet ,7547,7669
16.7303,Received an expired out of sequence packet ,7548,7669
16.7303,Received an expired out of sequence packet ,7549,7669
16.7303,Received an expired out of sequence packet ,7550,7669
16.7303,Received an expired out of sequence packet ,7551,7669
16.7303,Received an expired out of sequence packet ,7552,7669
16.7303,Received an expired out of sequence packet ,7553,7669
16.7303,Received an expired out of sequence packet ,7554,7669
16.7303,Received an expired out of sequence packet ,7555,7669
16.7303,Received an expired out of sequence packet ,7556,7669
16.7304,Received an expired out of sequence packet ,7557,7669
16.7304,Received an expired out of sequence packet ,7558,7669
16.7304,Received an expired out of sequence packet ,7559,7669
16.739,Received an expired out of sequence packet ,7560,7669
16.739,Received an expired out of sequence packet ,7561,7669
16.739,Received an expired out of sequence packet ,7562,7669
16.739,Received an expired out of sequence packet ,7563,7669
16.748,Received an expired out of sequence packet ,7564,7669
16.7481,Received an expired out of sequence packet ,7565,7669
16.7511,Received an expired out of sequence packet ,7566,7669
16.7511,Received an expired out of sequence packet ,7567,7669
16.7511,Received an expired out of sequence packet ,7568,7669
16.7511,Received an expired out of sequence packet ,7569,7669
16.7512,Received an expired out of sequence packet ,7570,7669
16.7512,Received an expired out of sequence packet ,7571,7669
16.7512,Received an expired out of sequence packet ,7572,7669
16.7512,Received an expired out of sequence packet ,7573,7669
16.7512,Received an expired out of sequence packet ,7574,7669
16.7512,Received an expired out of sequence packet ,7575,7669
16.7512,Received an expired out of sequence packet ,7576,7669
16.7512,Received an expired out of sequence packet ,7577,7669
16.7512,Received an expired out of sequence packet ,7578,7669
16.7512,Received an expired out of sequence packet ,7579,7669
16.7512,Received an expired out of sequence packet ,7580,7669
16.7543,Received an expired out of sequence packet ,7581,7669
16.7543,Received an expired out of sequence packet ,7582,7669
16.7543,Received an expired out of sequence packet ,7583,7669
16.7543,Received an expired out of sequence packet ,7584,7669
16.7543,Received an expired out of sequence packet ,7585,7669
16.7544,Received an expired out of sequence packet ,7586,7669
16.7554,Received an expired out of sequence packet ,7587,7669
16.7554,Received an expired out of sequence packet ,7588,7669
16.7554,Received an expired out of sequence packet ,7589,7669
16.7555,Received an expired out of sequence packet ,7590,7669
16.7555,Received an expired out of sequence packet ,7591,7669
16.7555,Received an expired out of sequence packet ,7592,7669
16.7719,Received an expired out of sequence packet ,7593,7669
16.7719,Received an expired out of sequence packet ,7594,7669
16.7719,Received an expired out of sequence packet ,7595,7669
16.7719,Received an expired out of sequence packet ,7596,7669
16.7719,Received an expired out of sequence packet ,7597,7669
16.7719,Received an expired out of sequence packet ,7598,7669
16.7719,Received an expired out of sequence packet ,7599,7669
16.7719,Received an expired out of sequence packet ,7600,7669
16.7719,Received an expired out of sequence packet ,7601,7669
16.772,Received an expired out of sequence packet ,7602,7669
16.772,Received an expired out of sequence packet ,7603,7669
16.772,Received an expired out of sequence packet ,7604,7669
16.772,Received an expired out of sequence packet ,7605,7669
16.772,Received an expired out of sequence packet ,7606,7669
16.774,Received an expired out of sequence packet ,7607,7669
16.774,Received an expired out of sequence packet ,7608,7669
16.774,Received an expired out of sequence packet ,7609,7669
16.774,Received an expired out of sequence packet ,7610,7669
16.7862,Received an expired out of sequence packet ,7611,7669
16.7862,Received an expired out of sequence packet ,7612,7669
16.7862,Received an expired out of sequence packet ,7613,7669
16.7862,Received an expired out of sequence packet ,7614,7669
16.7862,Received an expired out of sequence packet ,7615,7669
16.7862,Received an expired out of sequence packet ,7616,7669
16.7862,Received an expired out of sequence packet ,7617,7669
16.7862,Received an expired out of sequence packet ,7618,7669
16.7883,Received an expired out of sequence packet ,7619,7669
16.7883,Received an expired out of sequence packet ,7620,7669
16.7883,Received an expired out of sequence packet ,7621,7669
16.7883,Received an expired out of sequence packet ,7622,7669
16.7996,Received an expired out of sequence packet ,7623,7669
16.7996,Received an expired out of sequence packet ,7624,7669
16.7996,Received an expired out of sequence packet ,7625,7669
16.7996,Received an expired out of sequence packet ,7626,7669
16.8027,Received an expired out of sequence packet ,7627,7669
16.8027,Received an expired out of sequence packet ,7628,7669
16.8028,Received an expired out of sequence packet ,7629,7669
16.8028,Received an expired out of sequence packet ,7630,7669
16.8102,Received an expired out of sequence packet ,7631,7669
16.8102,Received an expired out of sequence packet ,7632,7669
16.8102,Received an expired out of sequence packet ,7633,7669
16.8102,Received an expired out of sequence packet ,7634,7669
16.8143,Received an expired out of sequence packet ,7635,7669
16.8143,Received an expired out of sequence packet ,7636,7669
16.8143,Received an expired out of sequence packet ,7637,7669
16.8143,Received an expired out of sequence packet ,7638,7669
16.8143,Received an expired out of sequence packet ,7639,7669
16.8204,Received an expired out of sequence packet ,7640,7669
16.8204,Received an expired out of sequence packet ,7641,7669
16.8204,Received an expired out of sequence packet ,7642,7669
16.8204,Received an expired out of sequence packet ,7643,7669
16.8204,Received an expired out of sequence packet ,7644,7669
16.8255,Received an expired out of sequence packet ,7645,7669
16.8255,Received an expired out of sequence packet ,7646,7669
16.8255,Received an expired out of sequence packet ,7647,7669
16.8255,Received an expired out of sequence packet ,7648,7669
16.8255,Received an expired out of sequence packet ,7649,7669
16.8255,Received an expired out of sequence packet ,7650,7669
16.8255,Received an expired out of sequence packet ,7651,7669
16.8255,Received an expired out of sequence packet ,7652,7669
16.8255,Received an expired out of sequence packet ,7653,7669
16.8256,Received an expired out of sequence packet ,7654,7669
17.0015,Received an expired out of sequence packet ,7655,7669
17.0015,Received an expired out of sequence packet ,7656,7669
17.0056,Received an expired out of sequence packet ,7657,7669
17.0056,Received an expired out of sequence packet ,7658,7669
17.0057,Received an expired out of sequence packet ,7659,7669
17.0057,Received an expired out of sequence packet ,7660,7669
17.0057,Received an expired out of sequence packet ,7661,7669
17.0117,Received an expired out of sequence packet ,7662,7669
17.0118,Received an expired out of sequence packet ,7663,7669
17.0245,Received an expired out of sequence packet ,7664,7669
17.0245,Received an expired out of sequence packet ,7665,7669
17.0331,Received an expired out of sequence packet ,7666,7669
17.0331,Received an expired out of sequence packet ,7667,7669
17.0331,Received an expired out of sequence packet ,7668,7669
53.3867,Restart,can't map delay on delay curve
54.7341,Exit slow start,exceeding SS_EXIT_THRESHOLD
114.993,Timeout
114.993,clearing sending list because of timeout
115.356,Received an expired out of sequence packet ,47564,47619
115.356,Received an expired out of sequence packet ,47565,47619
115.356,Received an expired out of sequence packet ,47566,47619
115.37,Received an expired out of sequence packet ,47567,47619
115.372,Received an expired out of sequence packet ,47568,47619
115.372,Received an expired out of sequence packet ,47569,47619
115.372,Received an expired out of sequence packet ,47570,47619
115.376,Received an expired out of sequence packet ,47571,47619
115.391,Received an expired out of sequence packet ,47572,47619
115.391,Received an expired out of sequence packet ,47573,47619
115.391,Received an expired out of sequence packet ,47574,47619
115.391,Received an expired out of sequence packet ,47575,47619
115.393,Received an expired out of sequence packet ,47576,47619
115.398,Received an expired out of sequence packet ,47577,47619
115.398,Received an expired out of sequence packet ,47578,47619
115.398,Received an expired out of sequence packet ,47579,47619
115.411,Received an expired out of sequence packet ,47580,47619
115.413,Received an expired out of sequence packet ,47581,47619
115.413,Received an expired out of sequence packet ,47582,47619
115.416,Received an expired out of sequence packet ,47583,47619
115.416,Received an expired out of sequence packet ,47584,47619
115.422,Received an expired out of sequence packet ,47585,47619
115.422,Received an expired out of sequence packet ,47586,47619
115.435,Received an expired out of sequence packet ,47587,47619
115.435,Received an expired out of sequence packet ,47588,47619
115.435,Received an expired out of sequence packet ,47589,47619
115.437,Received an expired out of sequence packet ,47590,47619
115.45,Received an expired out of sequence packet ,47591,47619
115.45,Received an expired out of sequence packet ,47592,47619
115.466,Received an expired out of sequence packet ,47593,47619
115.466,Received an expired out of sequence packet ,47594,47619
115.468,Received an expired out of sequence packet ,47595,47619
115.471,Received an expired out of sequence packet ,47596,47619
115.471,Received an expired out of sequence packet ,47597,47619
115.471,Received an expired out of sequence packet ,47598,47619
115.471,Received an expired out of sequence packet ,47599,47619
115.471,Received an expired out of sequence packet ,47600,47619
115.471,Received an expired out of sequence packet ,47601,47619
115.471,Received an expired out of sequence packet ,47602,47619
115.471,Received an expired out of sequence packet ,47603,47619
115.471,Received an expired out of sequence packet ,47604,47619
115.471,Received an expired out of sequence packet ,47605,47619
115.473,Received an expired out of sequence packet ,47606,47619
115.473,Received an expired out of sequence packet ,47607,47619
115.473,Received an expired out of sequence packet ,47608,47619
115.473,Received an expired out of sequence packet ,47609,47619
115.475,Received an expired out of sequence packet ,47610,47619
115.475,Received an expired out of sequence packet ,47611,47619
115.475,Received an expired out of sequence packet ,47612,47619
115.475,Received an expired out of sequence packet ,47613,47619
115.478,Received an expired out of sequence packet ,47614,47619
115.478,Received an expired out of sequence packet ,47615,47619
115.491,Received an expired out of sequence packet ,47616,47619
115.491,Received an expired out of sequence packet ,47617,47619
115.493,Received an expired out of sequence packet ,47618,47619
119.418,Timeout
119.418,clearing sending list because of timeout
119.422,Received an expired out of sequence packet ,49003,49114
119.974,Received an expired out of sequence packet ,49004,49114
119.977,Received an expired out of sequence packet ,49005,49114
119.977,Received an expired out of sequence packet ,49006,49114
119.98,Received an expired out of sequence packet ,49007,49114
119.982,Received an expired out of sequence packet ,49008,49114
119.982,Received an expired out of sequence packet ,49009,49114
119.985,Received an expired out of sequence packet ,49010,49114
119.985,Received an expired out of sequence packet ,49011,49114
119.988,Received an expired out of sequence packet ,49012,49114
119.988,Received an expired out of sequence packet ,49013,49114
119.988,Received an expired out of sequence packet ,49014,49114
119.988,Received an expired out of sequence packet ,49015,49114
119.99,Received an expired out of sequence packet ,49016,49114
119.99,Received an expired out of sequence packet ,49017,49114
119.992,Received an expired out of sequence packet ,49018,49114
119.994,Received an expired out of sequence packet ,49019,49114
119.994,Received an expired out of sequence packet ,49020,49114
119.994,Received an expired out of sequence packet ,49021,49114
119.998,Received an expired out of sequence packet ,49022,49114
119.998,Received an expired out of sequence packet ,49023,49114
120.014,Received an expired out of sequence packet ,49024,49114
120.014,Received an expired out of sequence packet ,49025,49114
120.014,Received an expired out of sequence packet ,49026,49114
120.014,Received an expired out of sequence packet ,49027,49114
120.016,Received an expired out of sequence packet ,49028,49114
120.016,Received an expired out of sequence packet ,49029,49114
120.016,Received an expired out of sequence packet ,49030,49114
120.019,Received an expired out of sequence packet ,49031,49114
120.019,Received an expired out of sequence packet ,49032,49114
120.019,Received an expired out of sequence packet ,49033,49114
120.019,Received an expired out of sequence packet ,49034,49114
120.019,Received an expired out of sequence packet ,49035,49114
120.019,Received an expired out of sequence packet ,49036,49114
120.019,Received an expired out of sequence packet ,49037,49114
120.019,Received an expired out of sequence packet ,49038,49114
120.019,Received an expired out of sequence packet ,49039,49114
120.019,Received an expired out of sequence packet ,49040,49114
120.024,Received an expired out of sequence packet ,49041,49114
120.027,Received an expired out of sequence packet ,49042,49114
120.027,Received an expired out of sequence packet ,49043,49114
120.027,Received an expired out of sequence packet ,49044,49114
120.027,Received an expired out of sequence packet ,49045,49114
120.03,Received an expired out of sequence packet ,49046,49114
120.03,Received an expired out of sequence packet ,49047,49114
120.045,Received an expired out of sequence packet ,49048,49114
120.045,Received an expired out of sequence packet ,49049,49114
120.046,Received an expired out of sequence packet ,49050,49114
120.046,Received an expired out of sequence packet ,49051,49114
120.048,Received an expired out of sequence packet ,49052,49114
120.049,Received an expired out of sequence packet ,49053,49114
120.049,Received an expired out of sequence packet ,49054,49114
120.051,Received an expired out of sequence packet ,49055,49114
120.051,Received an expired out of sequence packet ,49056,49114
120.051,Received an expired out of sequence packet ,49057,49114
120.051,Received an expired out of sequence packet ,49058,49114
120.051,Received an expired out of sequence packet ,49059,49114
120.051,Received an expired out of sequence packet ,49060,49114
120.051,Received an expired out of sequence packet ,49061,49114
120.051,Received an expired out of sequence packet ,49062,49114
120.051,Received an expired out of sequence packet ,49063,49114
120.051,Received an expired out of sequence packet ,49064,49114
120.051,Received an expired out of sequence packet ,49065,49114
120.051,Received an expired out of sequence packet ,49066,49114
120.052,Received an expired out of sequence packet ,49067,49114
120.052,Received an expired out of sequence packet ,49068,49114
120.053,Received an expired out of sequence packet ,49069,49114
120.054,Received an expired out of sequence packet ,49070,49114
120.054,Received an expired out of sequence packet ,49071,49114
120.054,Received an expired out of sequence packet ,49072,49114
120.056,Received an expired out of sequence packet ,49073,49114
120.057,Received an expired out of sequence packet ,49074,49114
120.061,Received an expired out of sequence packet ,49075,49114
120.061,Received an expired out of sequence packet ,49076,49114
120.061,Received an expired out of sequence packet ,49077,49114
120.064,Received an expired out of sequence packet ,49078,49114
120.064,Received an expired out of sequence packet ,49079,49114
120.066,Received an expired out of sequence packet ,49080,49114
120.066,Received an expired out of sequence packet ,49081,49114
120.072,Received an expired out of sequence packet ,49082,49114
120.072,Received an expired out of sequence packet ,49083,49114
120.072,Received an expired out of sequence packet ,49084,49114
120.072,Received an expired out of sequence packet ,49085,49114
120.076,Received an expired out of sequence packet ,49086,49114
120.076,Received an expired out of sequence packet ,49087,49114
120.08,Received an expired out of sequence packet ,49088,49114
120.08,Received an expired out of sequence packet ,49089,49114
120.08,Received an expired out of sequence packet ,49090,49114
120.09,Received an expired out of sequence packet ,49091,49114
120.09,Received an expired out of sequence packet ,49092,49114
120.09,Received an expired out of sequence packet ,49093,49114
120.092,Received an expired out of sequence packet ,49094,49114
120.094,Received an expired out of sequence packet ,49095,49114
120.096,Received an expired out of sequence packet ,49096,49114
120.098,Received an expired out of sequence packet ,49097,49114
120.098,Received an expired out of sequence packet ,49098,49114
120.101,Received an expired out of sequence packet ,49099,49114
120.101,Received an expired out of sequence packet ,49100,49114
120.101,Received an expired out of sequence packet ,49101,49114
120.103,Received an expired out of sequence packet ,49102,49114
120.103,Received an expired out of sequence packet ,49103,49114
120.107,Received an expired out of sequence packet ,49104,49114
120.107,Received an expired out of sequence packet ,49105,49114
120.107,Received an expired out of sequence packet ,49106,49114
120.11,Received an expired out of sequence packet ,49107,49114
120.11,Received an expired out of sequence packet ,49108,49114
120.111,Received an expired out of sequence packet ,49109,49114
120.111,Received an expired out of sequence packet ,49110,49114
120.117,Received an expired out of sequence packet ,49111,49114
120.119,Received an expired out of sequence packet ,49112,49114
120.124,Received an expired out of sequence packet ,49113,49114
297.373,Timeout
297.373,clearing sending list because of timeout
297.373,Received an expired out of sequence packet ,160696,160987
298.373,Timeout
298.373,clearing sending list because of timeout
298.373,Received an expired out of sequence packet ,160697,160989
299.364,Received an expired out of sequence packet ,160698,160989
299.366,Received an expired out of sequence packet ,160699,160989
299.366,Received an expired out of sequence packet ,160700,160989
299.366,Received an expired out of sequence packet ,160701,160989
299.366,Received an expired out of sequence packet ,160702,160989
299.366,Received an expired out of sequence packet ,160703,160989
299.369,Received an expired out of sequence packet ,160704,160989
299.375,Received an expired out of sequence packet ,160705,160989
299.378,Received an expired out of sequence packet ,160706,160989
299.378,Received an expired out of sequence packet ,160707,160989
299.38,Received an expired out of sequence packet ,160708,160989
299.385,Received an expired out of sequence packet ,160709,160989
299.388,Received an expired out of sequence packet ,160710,160989
299.39,Received an expired out of sequence packet ,160711,160989
299.397,Received an expired out of sequence packet ,160712,160989
299.401,Received an expired out of sequence packet ,160713,160989
299.401,Received an expired out of sequence packet ,160714,160989
299.403,Received an expired out of sequence packet ,160715,160989
299.406,Received an expired out of sequence packet ,160716,160989
299.408,Received an expired out of sequence packet ,160717,160989
299.42,Received an expired out of sequence packet ,160718,160989
299.42,Received an expired out of sequence packet ,160719,160989
299.421,Received an expired out of sequence packet ,160720,160989
299.424,Received an expired out of sequence packet ,160721,160989
299.424,Received an expired out of sequence packet ,160722,160989
299.424,Received an expired out of sequence packet ,160723,160989
299.424,Received an expired out of sequence packet ,160724,160989
299.428,Received an expired out of sequence packet ,160725,160989
299.428,Received an expired out of sequence packet ,160726,160989
299.432,Received an expired out of sequence packet ,160727,160989
299.437,Received an expired out of sequence packet ,160728,160989
299.441,Received an expired out of sequence packet ,160729,160989
299.449,Received an expired out of sequence packet ,160730,160989
299.454,Received an expired out of sequence packet ,160731,160989
299.457,Received an expired out of sequence packet ,160732,160989
299.457,Received an expired out of sequence packet ,160733,160989
299.457,Received an expired out of sequence packet ,160734,160989
299.457,Received an expired out of sequence packet ,160735,160989
299.459,Received an expired out of sequence packet ,160736,160989
299.46,Received an expired out of sequence packet ,160737,160989
299.472,Received an expired out of sequence packet ,160738,160989
299.476,Received an expired out of sequence packet ,160739,160989
299.48,Received an expired out of sequence packet ,160740,160989
299.482,Received an expired out of sequence packet ,160741,160989
299.486,Received an expired out of sequence packet ,160742,160989
299.488,Received an expired out of sequence packet ,160743,160989
299.491,Received an expired out of sequence packet ,160744,160989
299.491,Received an expired out of sequence packet ,160745,160989
299.492,Received an expired out of sequence packet ,160746,160989
299.496,Received an expired out of sequence packet ,160747,160989
299.499,Received an expired out of sequence packet ,160748,160989
299.5,Received an expired out of sequence packet ,160749,160989
299.504,Received an expired out of sequence packet ,160750,160989
299.504,Received an expired out of sequence packet ,160751,160989
299.507,Received an expired out of sequence packet ,160752,160989
299.507,Received an expired out of sequence packet ,160753,160989
299.511,Received an expired out of sequence packet ,160754,160989
299.511,Received an expired out of sequence packet ,160755,160989
299.514,Received an expired out of sequence packet ,160756,160989
299.514,Received an expired out of sequence packet ,160757,160989
299.518,Received an expired out of sequence packet ,160758,160989
299.518,Received an expired out of sequence packet ,160759,160989
299.521,Received an expired out of sequence packet ,160760,160989
299.521,Received an expired out of sequence packet ,160761,160989
299.525,Received an expired out of sequence packet ,160762,160989
299.526,Received an expired out of sequence packet ,160763,160989
299.535,Received an expired out of sequence packet ,160764,160989
299.535,Received an expired out of sequence packet ,160765,160989
299.537,Received an expired out of sequence packet ,