1.38055,Exit slow start,exceeding SS_EXIT_THRESHOLD
6.39121,Restart,can't map delay on delay curve
8.05684,Exit slow start,exceeding SS_EXIT_THRESHOLD
42.6145,Timeout
42.6145,clearing sending list because of timeout
42.68,Received an expired out of sequence packet ,25999,26201
42.68,Received an expired out of sequence packet ,26000,26201
42.68,Received an expired out of sequence packet ,26001,26201
42.7366,Received an expired out of sequence packet ,26002,26201
42.7366,Received an expired out of sequence packet ,26003,26201
42.7366,Received an expired out of sequence packet ,26004,26201
42.7366,Received an expired out of sequence packet ,26005,26201
42.7366,Received an expired out of sequence packet ,26006,26201
42.7366,Received an expired out of sequence packet ,26007,26201
42.7366,Received an expired out of sequence packet ,26008,26201
42.7366,Received an expired out of sequence packet ,26009,26201
42.7407,Received an expired out of sequence packet ,26010,26201
42.7407,Received an expired out of sequence packet ,26011,26201
42.7407,Received an expired out of sequence packet ,26012,26201
42.7407,Received an expired out of sequence packet ,26013,26201
42.7407,Received an expired out of sequence packet ,26014,26201
42.7408,Received an expired out of sequence packet ,26015,26201
42.7734,Received an expired out of sequence packet ,26016,26201
42.7734,Received an expired out of sequence packet ,26017,26201
42.7734,Received an expired out of sequence packet ,26018,26201
42.7734,Received an expired out of sequence packet ,26019,26201
42.7735,Received an expired out of sequence packet ,26020,26201
42.7735,Received an expired out of sequence packet ,26021,26201
42.7735,Received an expired out of sequence packet ,26022,26201
42.7735,Received an expired out of sequence packet ,26023,26201
42.7807,Received an expired out of sequence packet ,26024,26201
42.7808,Received an expired out of sequence packet ,26025,26201
42.7848,Received an expired out of sequence packet ,26026,26201
42.7849,Received an expired out of sequence packet ,26027,26201
42.7849,Received an expired out of sequence packet ,26028,26201
42.7859,Received an expired out of sequence packet ,26029,26201
42.789,Received an expired out of sequence packet ,26030,26201
42.7891,Received an expired out of sequence packet ,26031,26201
42.7891,Received an expired out of sequence packet ,26032,26201
42.7891,Received an expired out of sequence packet ,26033,26201
42.7891,Received an expired out of sequence packet ,26034,26201
42.7891,Received an expired out of sequence packet ,26035,26201
42.7891,Received an expired out of sequence packet ,26036,26201
42.7891,Received an expired out of sequence packet ,26037,26201
42.7892,Received an expired out of sequence packet ,26038,26201
42.7892,Received an expired out of sequence packet ,26039,26201
42.7899,Received an expired out of sequence packet ,26040,26201
42.792,Received an expired out of sequence packet ,26041,26201
42.792,Received an expired out of sequence packet ,26042,26201
42.7931,Received an expired out of sequence packet ,26043,26201
42.7931,Received an expired out of sequence packet ,26044,26201
42.7942,Received an expired out of sequence packet ,26045,26201
42.7942,Received an expired out of sequence packet ,26046,26201
42.7942,Received an expired out of sequence packet ,26047,26201
42.7943,Received an expired out of sequence packet ,26048,26201
42.8099,Received an expired out of sequence packet ,26049,26201
42.8099,Received an expired out of sequence packet ,26050,26201
42.8099,Received an expired out of sequence packet ,26051,26201
42.8099,Received an expired out of sequence packet ,26052,26201
42.8099,Received an expired out of sequence packet ,26053,26201
42.81,Received an expired out of sequence packet ,26054,26201
42.81,Received an expired out of sequence packet ,26055,26201
42.81,Received an expired out of sequence packet ,26056,26201
42.81,Received an expired out of sequence packet ,26057,26201
42.81,Received an expired out of sequence packet ,26058,26201
42.81,Received an expired out of sequence packet ,26059,26201
42.8101,Received an expired out of sequence packet ,26060,26201
42.8101,Received an expired out of sequence packet ,26061,26201
42.8101,Received an expired out of sequence packet ,26062,26201
42.8101,Received an expired out of sequence packet ,26063,26201
42.8101,Received an expired out of sequence packet ,26064,26201
42.8101,Received an expired out of sequence packet ,26065,26201
42.8101,Received an expired out of sequence packet ,26066,26201
42.8111,Received an expired out of sequence packet ,26067,26201
42.8201,Received an expired out of sequence packet ,26068,26201
42.8201,Received an expired out of sequence packet ,26069,26201
42.8201,Received an expired out of sequence packet ,26070,26201
42.8242,Received an expired out of sequence packet ,26071,26201
42.8294,Received an expired out of sequence packet ,26072,26201
42.8294,Received an expired out of sequence packet ,26073,26201
42.8294,Received an expired out of sequence packet ,26074,26201
42.8294,Received an expired out of sequence packet ,26075,26201
42.8294,Received an expired out of sequence packet ,26076,26201
42.8295,Received an expired out of sequence packet ,26077,26201
42.8295,Received an expired out of sequence packet ,26078,26201
42.8295,Received an expired out of sequence packet ,26079,26201
42.8433,Received an expired out of sequence packet ,26080,26201
42.8433,Received an expired out of sequence packet ,26081,26201
42.8434,Received an expired out of sequence packet ,26082,26201
42.8434,Received an expired out of sequence packet ,26083,26201
42.8434,Received an expired out of sequence packet ,26084,26201
42.8434,Received an expired out of sequence packet ,26085,26201
42.8434,Received an expired out of sequence packet ,26086,26201
42.8434,Received an expired out of sequence packet ,26087,26201
42.8435,Received an expired out of sequence packet ,26088,26201
42.8435,Received an expired out of sequence packet ,26089,26201
42.8435,Received an expired out of sequence packet ,26090,26201
42.8435,Received an expired out of sequence packet ,26091,26201
42.8435,Received an expired out of sequence packet ,26092,26201
42.8505,Received an expired out of sequence packet ,26093,26201
42.8505,Received an expired out of sequence packet ,26094,26201
42.8505,Received an expired out of sequence packet ,26095,26201
42.8505,Received an expired out of sequence packet ,26096,26201
42.8505,Received an expired out of sequence packet ,26097,26201
42.8505,Received an expired out of sequence packet ,26098,26201
42.8506,Received an expired out of sequence packet ,26099,26201
42.8506,Received an expired out of sequence packet ,26100,26201
42.8506,Received an expired out of sequence packet ,26101,26201
42.8515,Received an expired out of sequence packet ,26102,26201
42.8515,Received an expired out of sequence packet ,26103,26201
42.8515,Received an expired out of sequence packet ,26104,26201
42.8516,Received an expired out of sequence packet ,26105,26201
42.8516,Received an expired out of sequence packet ,26106,26201
42.8516,Received an expired out of sequence packet ,26107,26201
42.8516,Received an expired out of sequence packet ,26108,26201
42.8516,Received an expired out of sequence packet ,26109,26201
42.8516,Received an expired out of sequence packet ,26110,26201
42.8517,Received an expired out of sequence packet ,26111,26201
42.8517,Received an expired out of sequence packet ,26112,26201
42.8517,Received an expired out of sequence packet ,26113,26201
42.8517,Received an expired out of sequence packet ,26114,26201
42.8517,Received an expired out of sequence packet ,26115,26201
42.8517,Received an expired out of sequence packet ,26116,26201
42.8537,Received an expired out of sequence packet ,26117,26201
42.8537,Received an expired out of sequence packet ,26118,26201
42.8538,Received an expired out of sequence packet ,26119,26201
42.8548,Received an expired out of sequence packet ,26120,26201
42.8548,Received an expired out of sequence packet ,26121,26201
42.8548,Received an expired out of sequence packet ,26122,26201
42.8549,Received an expired out of sequence packet ,26123,26201
42.8549,Received an expired out of sequence packet ,26124,26201
42.8549,Received an expired out of sequence packet ,26125,26201
42.8549,Received an expired out of sequence packet ,26126,26201
42.855,Received an expired out of sequence packet ,26127,26201
42.855,Received an expired out of sequence packet ,26128,26201
42.855,Received an expired out of sequence packet ,26129,26201
42.855,Received an expired out of sequence packet ,26130,26201
42.855,Received an expired out of sequence packet ,26131,26201
42.855,Received an expired out of sequence packet ,26132,26201
42.8551,Received an expired out of sequence packet ,26133,26201
42.8551,Received an expired out of sequence packet ,26134,26201
42.8599,Received an expired out of sequence packet ,26135,26201
42.8599,Received an expired out of sequence packet ,26136,26201
42.8599,Received an expired out of sequence packet ,26137,26201
42.8599,Received an expired out of sequence packet ,26138,26201
42.8599,Received an expired out of sequence packet ,26139,26201
42.86,Received an expired out of sequence packet ,26140,26201
42.86,Received an expired out of sequence packet ,26141,26201
42.86,Received an expired out of sequence packet ,26142,26201
42.86,Received an expired out of sequence packet ,26143,26201
42.86,Received an expired out of sequence packet ,26144,26201
42.86,Received an expired out of sequence packet ,26145,26201
42.8601,Received an expired out of sequence packet ,26146,26201
42.8601,Received an expired out of sequence packet ,26147,26201
42.8601,Received an expired out of sequence packet ,26148,26201
42.8601,Received an expired out of sequence packet ,26149,26201
42.861,Received an expired out of sequence packet ,26150,26201
42.861,Received an expired out of sequence packet ,26151,26201
42.861,Received an expired out of sequence packet ,26152,26201
42.861,Received an expired out of sequence packet ,26153,26201
42.8693,Received an expired out of sequence packet ,26154,26201
42.8694,Received an expired out of sequence packet ,26155,26201
42.8694,Received an expired out of sequence packet ,26156,26201
42.8694,Received an expired out of sequence packet ,26157,26201
42.8695,Received an expired out of sequence packet ,26158,26201
42.8695,Received an expired out of sequence packet ,26159,26201
42.8695,Received an expired out of sequence packet ,26160,26201
42.8695,Received an expired out of sequence packet ,26161,26201
42.8725,Received an expired out of sequence packet ,26162,26201
42.8725,Received an expired out of sequence packet ,26163,26201
42.8765,Received an expired out of sequence packet ,26164,26201
42.8766,Received an expired out of sequence packet ,26165,26201
42.8766,Received an expired out of sequence packet ,26166,26201
42.8766,Received an expired out of sequence packet ,26167,26201
42.8766,Received an expired out of sequence packet ,26168,26201
42.8766,Received an expired out of sequence packet ,26169,26201
42.8766,Received an expired out of sequence packet ,26170,26201
42.8815,Received an expired out of sequence packet ,26171,26201
42.8815,Received an expired out of sequence packet ,26172,26201
42.8815,Received an expired out of sequence packet ,26173,26201
42.8816,Received an expired out of sequence packet ,26174,26201
42.8816,Received an expired out of sequence packet ,26175,26201
42.8816,Received an expired out of sequence packet ,26176,26201
42.8816,Received an expired out of sequence packet ,26177,26201
42.8816,Received an expired out of sequence packet ,26178,26201
42.8816,Received an expired out of sequence packet ,26179,26201
42.8817,Received an expired out of sequence packet ,26180,26201
42.8817,Received an expired out of sequence packet ,26181,26201
42.8817,Received an expired out of sequence packet ,26182,26201
42.8817,Received an expired out of sequence packet ,26183,26201
42.8817,Received an expired out of sequence packet ,26184,26201
42.8817,Received an expired out of sequence packet ,26185,26201
42.8817,Received an expired out of sequence packet ,26186,26201
42.8818,Received an expired out of sequence packet ,26187,26201
42.8818,Received an expired out of sequence packet ,26188,26201
42.8818,Received an expired out of sequence packet ,26189,26201
42.8818,Received an expired out of sequence packet ,26190,26201
42.8818,Received an expired out of sequence packet ,26191,26201
42.8818,Received an expired out of sequence packet ,26192,26201
42.8819,Received an expired out of sequence packet ,26193,26201
42.8819,Received an expired out of sequence packet ,26194,26201
42.8819,Received an expired out of sequence packet ,26195,26201
42.8819,Received an expired out of sequence packet ,26196,26201
42.8819,Received an expired out of sequence packet ,26197,26201
42.8819,Received an expired out of sequence packet ,26198,26201
42.8858,Received an expired out of sequence packet ,26199,26201
42.8968,Received an expired out of sequence packet ,26200,26201
53.3336,Missing packet expired,38734
53.7687,Restart,can't map delay on delay curve
55.0562,Exit slow start,exceeding SS_EXIT_THRESHOLD
80.1523,Timeout
80.1523,clearing sending list because of timeout
80.3873,Timeout
80.3873,clearing sending list because of timeout
80.5285,Received an expired out of sequence packet ,15543,15598
80.5285,Received an expired out of sequence packet ,15544,15598
80.5285,Received an expired out of sequence packet ,15545,15598
80.5285,Received an expired out of sequence packet ,15546,15598
80.5285,Received an expired out of sequence packet ,15547,15598
81.2327,Received an expired out of sequence packet ,15548,15598
81.2349,Received an expired out of sequence packet ,15549,15598
81.2349,Received an expired out of sequence packet ,15550,15598
81.239,Received an expired out of sequence packet ,15551,15598
81.241,Received an expired out of sequence packet ,15552,15598
81.2527,Received an expired out of sequence packet ,15553,15598
81.2527,Received an expired out of sequence packet ,15554,15598
81.2548,Received an expired out of sequence packet ,15555,15598
81.2548,Received an expired out of sequence packet ,15556,15598
81.2588,Received an expired out of sequence packet ,15557,15598
81.2588,Received an expired out of sequence packet ,15558,15598
81.2588,Received an expired out of sequence packet ,15559,15598
81.2588,Received an expired out of sequence packet ,15560,15598
81.2598,Received an expired out of sequence packet ,15561,15598
81.262,Received an expired out of sequence packet ,15562,15598
81.2651,Received an expired out of sequence packet ,15563,15598
81.2682,Received an expired out of sequence packet ,15564,15598
81.2682,Received an expired out of sequence packet ,15565,15598
81.2725,Received an expired out of sequence packet ,15566,15598
81.2796,Received an expired out of sequence packet ,15567,15598
81.2796,Received an expired out of sequence packet ,15568,15598
81.2827,Received an expired out of sequence packet ,15569,15598
81.2827,Received an expired out of sequence packet ,15570,15598
81.2827,Received an expired out of sequence packet ,15571,15598
81.2857,Received an expired out of sequence packet ,15572,15598
81.2857,Received an expired out of sequence packet ,15573,15598
81.2886,Received an expired out of sequence packet ,15574,15598
81.2897,Received an expired out of sequence packet ,15575,15598
81.3076,Received an expired out of sequence packet ,15576,15598
81.3097,Received an expired out of sequence packet ,15577,15598
81.3097,Received an expired out of sequence packet ,15578,15598
81.3118,Received an expired out of sequence packet ,15579,15598
81.319,Received an expired out of sequence packet ,15580,15598
81.3191,Received an expired out of sequence packet ,15581,15598
81.3236,Received an expired out of sequence packet ,15582,15598
81.3246,Received an expired out of sequence packet ,15583,15598
81.3267,Received an expired out of sequence packet ,15584,15598
81.3342,Received an expired out of sequence packet ,15585,15598
81.3353,Received an expired out of sequence packet ,15586,15598
81.3353,Received an expired out of sequence packet ,15587,15598
81.3373,Received an expired out of sequence packet ,15588,15598
81.3393,Received an expired out of sequence packet ,15589,15598
81.3415,Received an expired out of sequence packet ,15590,15598
81.3416,Received an expired out of sequence packet ,15591,15598
81.3456,Received an expired out of sequence packet ,15592,15598
81.3467,Received an expired out of sequence packet ,15593,15598
81.3498,Received an expired out of sequence packet ,15594,15598
81.3498,Received an expired out of sequence packet ,15595,15598
81.3508,Received an expired out of sequence packet ,15596,15598
81.3509,Received an expired out of sequence packet ,15597,15598
108.459,Missing packet expired,33082
151.118,Missing packet expired,57830
153.567,Missing packet expired,64672
160.097,Missing packet expired,71809
230.828,Missing packet expired,118181
232.975,Missing packet expired,123347
236.572,Missing packet expired,131039
244.367,Timeout
244.367,clearing sending list because of timeout
244.369,Received an expired out of sequence packet ,134051,134153
245.031,Received an expired out of sequence packet ,134052,134153
245.034,Received an expired out of sequence packet ,134053,134153
245.034,Received an expired out of sequence packet ,134054,134153
245.034,Received an expired out of sequence packet ,134055,134153
245.034,Received an expired out of sequence packet ,134056,134153
245.045,Received an expired out of sequence packet ,134057,134153
245.045,Received an expired out of sequence packet ,134058,134153
245.045,Received an expired out of sequence packet ,134059,134153
245.045,Received an expired out of sequence packet ,134060,134153
245.045,Received an expired out of sequence packet ,134061,134153
245.045,Received an expired out of sequence packet ,134062,134153
245.045,Received an expired out of sequence packet ,134063,134153
245.045,Received an expired out of sequence packet ,134064,134153
245.045,Received an expired out of sequence packet ,134065,134153
245.045,Received an expired out of sequence packet ,134066,134153
245.045,Received an expired out of sequence packet ,134067,134153
245.055,Received an expired out of sequence packet ,134068,134153
245.058,Received an expired out of sequence packet ,134069,134153
245.074,Received an expired out of sequence packet ,134070,134153
245.076,Received an expired out of sequence packet ,134071,134153
245.076,Received an expired out of sequence packet ,134072,134153
245.076,Received an expired out of sequence packet ,134073,134153
245.076,Received an expired out of sequence packet ,134074,134153
245.079,Received an expired out of sequence packet ,134075,134153
245.079,Received an expired out of sequence packet ,134076,134153
245.079,Received an expired out of sequence packet ,134077,134153
245.079,Received an expired out of sequence packet ,134078,134153
245.079,Received an expired out of sequence packet ,134079,134153
245.079,Received an expired out of sequence packet ,134080,134153
245.079,Received an expired out of sequence packet ,134081,134153
245.079,Received an expired out of sequence packet ,134082,134153
245.079,Received an expired out of sequence packet ,134083,134153
245.079,Received an expired out of sequence packet ,134084,134153
245.079,Received an expired out of sequence packet ,134085,134153
245.079,Received an expired out of sequence packet ,134086,134153
245.079,Received an expired out of sequence packet ,134087,134153
245.079,Received an expired out of sequence packet ,134088,134153
245.079,Received an expired out of sequence packet ,134089,134153
245.079,Received an expired out of sequence packet ,134090,134153
245.079,Received an expired out of sequence packet ,134091,134153
245.079,Received an expired out of sequence packet ,134092,134153
245.079,Received an expired out of sequence packet ,134093,134153
245.079,Received an expired out of sequence packet ,134094,134153
245.079,Received an expired out of sequence packet ,134095,134153
245.079,Received an expired out of sequence packet ,134096,134153
245.123,Received an expired out of sequence packet ,134097,134153
245.123,Received an expired out of sequence packet ,134098,134153
245.123,Received an expired out of sequence packet ,134099,134153
245.123,Received an expired out of sequence packet ,134100,134153
245.123,Received an expired out of sequence packet ,134101,134153
245.123,Received an expired out of sequence packet ,134102,134153
245.124,Received an expired out of sequence packet ,134103,134153
245.124,Received an expired out of sequence packet ,134104,134153
245.124,Received an expired out of sequence packet ,134105,134153
245.125,Received an expired out of sequence packet ,134106,134153
245.125,Received an expired out of sequence packet ,134107,134153
245.125,Received an expired out of sequence packet ,134108,134153
245.125,Received an expired out of sequence packet ,134109,134153
245.125,Received an expired out of sequence packet ,134110,134153
245.155,Received an expired out of sequence packet ,134111,134153
245.155,Received an expired out of sequence packet ,134112,134153
245.155,Received an expired out of sequence packet ,134113,134153
245.155,Received an expired out of sequence packet ,134114,134153
245.155,Received an expired out of sequence packet ,134115,134153
245.155,Received an expired out of sequence packet ,134116,134153
245.155,Received an expired out of sequence packet ,134117,134153
245.155,Received an expired out of sequence packet ,134118,134153
245.155,Received an expired out of sequence packet ,134119,134153
245.155,Received an expired out of sequence packet ,134120,134153
245.155,Received an expired out of sequence packet ,134121,134153
245.155,Received an expired out of sequence packet ,134122,134153
245.155,Received an expired out of sequence packet ,134123,134153
245.155,Received an expired out of sequence packet ,134124,134153
245.155,Received an expired out of sequence packet ,134125,134153
245.155,Received an expired out of sequence packet ,134126,134153
245.159,Received an expired out of sequence packet ,134127,134153
245.164,Received an expired out of sequence packet ,134128,134153
245.164,Received an expired out of sequence packet ,134129,134153
245.166,Received an expired out of sequence packet ,134130,134153
245.166,Received an expired out of sequence packet ,134131,134153
245.166,Received an expired out of sequence packet ,134132,134153
245.166,Received an expired out of sequence packet ,134133,134153
245.166,Received an expired out of sequence packet ,134134,134153
245.167,Received an expired out of sequence packet ,134135,134153
245.168,Received an expired out of sequence packet ,134136,134153
245.168,Received an expired out of sequence packet ,134137,134153
245.187,Received an expired out of sequence packet ,134138,134153
245.187,Received an expired out of sequence packet ,134139,134153
245.187,Received an expired out of sequence packet ,134140,134153
245.187,Received an expired out of sequence packet ,134141,134153
245.187,Received an expired out of sequence packet ,134142,134153
245.187,Received an expired out of sequence packet ,134143,134153
245.187,Received an expired out of sequence packet ,134144,134153
245.187,Received an expired out of sequence packet ,134145,134153
245.187,Received an expired out of sequence packet ,134146,134153
245.187,Received an expired out of sequence packet ,134147,134153
245.19,Received an expired out of sequence packet ,134148,134153
245.199,Received an expired out of sequence packet ,134149,134153
245.289,Received an expired out of sequence packet ,134150,134153
245.289,Received an expired out of sequence packet ,134151,134153
245.289,Received an expired out of sequence packet ,134152,134153
248.527,Timeout
248.527,clearing sending list because of timeout
248.539,Received an expired out of sequence packet ,134921,135356
248.573,Received an expired out of sequence packet ,134922,135356
248.577,Received an expired out of sequence packet ,134923,135356
248.649,Received an expired out of sequence packet ,134924,135356
248.649,Received an expired out of sequence packet ,134925,135356
248.649,Received an expired out of sequence packet ,134926,135356
248.649,Received an expired out of sequence packet ,134927,135356
248.649,Received an expired out of sequence packet ,134928,135356
248.649,Received an expired out of sequence packet ,134929,135356
248.649,Received an expired out of sequence packet ,134930,135356
248.649,Received an expired out of sequence packet ,134931,135356
248.649,Received an expired out of sequence packet ,134932,135356
248.649,Received an expired out of sequence packet ,134933,135356
248.649,Received an expired out of sequence packet ,134934,135356
248.653,Received an expired out of sequence packet ,134935,135356
248.682,Received an expired out of sequence packet ,134936,135356
248.682,Received an expired out of sequence packet ,134937,135356
248.682,Received an expired out of sequence packet ,134938,135356
248.682,Received an expired out of sequence packet ,134939,135356
248.682,Received an expired out of sequence packet ,134940,135356
248.682,Received an expired out of sequence packet ,134941,135356
248.682,Received an expired out of sequence packet ,134942,135356
248.682,Received an expired out of sequence packet ,134943,135356
248.682,Received an expired out of sequence packet ,134944,135356
248.683,Received an expired out of sequence packet ,134945,135356
248.683,Received an expired out of sequence packet ,134946,135356
248.683,Received an expired out of sequence packet ,134947,135356
248.683,Received an expired out of sequence packet ,134948,135356
248.696,Received an expired out of sequence packet ,134949,135356
248.696,Received an expired out of sequence packet ,134950,135356
248.696,Received an expired out of sequence packet ,134951,135356
248.696,Received an expired out of sequence packet ,134952,135356
248.696,Received an expired out of sequence packet ,134953,135356
248.696,Received an expired out of sequence packet ,134954,135356
248.696,Received an expired out of sequence packet ,134955,135356
248.696,Received an expired out of sequence packet ,134956,135356
248.696,Received an expired out of sequence packet ,134957,135356
248.696,Received an expired out of sequence packet ,134958,135356
248.696,Received an expired out of sequence packet ,134959,135356
248.706,Received an expired out of sequence packet ,134960,135356
248.706,Received an expired out of sequence packet ,134961,135356
248.706,Received an expired out of sequence packet ,134962,135356
248.706,Received an expired out of sequence packet ,134963,135356
248.713,Received an expired out of sequence packet ,134964,135356
248.713,Received an expired out of sequence packet ,134965,135356
248.716,Received an expired out of sequence packet ,134966,135356
248.716,Received an expired out of sequence packet ,134967,135356
248.716,Received an expired out of sequence packet ,134968,135356
248.716,Received an expired out of sequence packet ,134969,135356
248.716,Received an expired out of sequence packet ,134970,135356
248.716,Received an expired out of sequence packet ,134971,135356
248.716,Received an expired out of sequence packet ,134972,135356
248.716,Received an expired out of sequence packet ,134973,135356
248.758,Received an expired out of sequence packet ,134974,135356
248.758,Received an expired out of sequence packet ,134975,135356
248.758,Received an expired out of sequence packet ,134976,135356
248.758,Received an expired out of sequence packet ,134977,135356
248.758,Received an expired out of sequence packet ,134978,135356
248.758,Received an expired out of sequence packet ,134979,135356
248.846,Received an expired out of sequence packet ,134980,135356
248.846,Received an expired out of sequence packet ,134981,135356
248.846,Received an expired out of sequence packet ,134982,135356
248.846,Received an expired out of sequence packet ,134983,135356
248.849,Received an expired out of sequence packet ,134984,135356
248.849,Received an expired out of sequence packet ,134985,135356
248.849,Received an expired out of sequence packet ,134986,135356
248.849,Received an expired out of sequence packet ,134987,135356
248.851,Received an expired out of sequence packet ,134988,135356
248.851,Received an expired out of sequence packet ,134989,135356
248.851,Received an expired out of sequence packet ,134990,135356
248.851,Received an expired out of sequence packet ,134991,135356
248.851,Received an expired out of sequence packet ,134992,135356
248.851,Received an expired out of sequence packet ,134993,135356
248.851,Received an expired out of sequence packet ,134994,135356
248.851,Received an expired out of sequence packet ,134995,135356
248.851,Received an expired out of sequence packet ,134996,135356
248.851,Received an expired out of sequence packet ,134997,135356
248.851,Received an expired out of sequence packet ,134998,135356
248.851,Received an expired out of sequence packet ,134999,135356
248.851,Received an expired out of sequence packet ,135000,135356
248.852,Received an expired out of sequence packet ,135001,135356
248.852,Received an expired out of sequence packet ,135002,135356
248.852,Received an expired out of sequence packet ,135003,135356
248.852,Received an expired out of sequence packet ,135004,135356
248.852,Received an expired out of sequence packet ,135005,135356
248.852,Received an expired out of sequence packet ,135006,135356
248.853,Received an expired out of sequence packet ,135007,135356
248.853,Received an expired out of sequence packet ,135008,135356
248.853,Received an expired out of sequence packet ,135009,135356
248.853,Received an expired out of sequence packet ,135010,135356
248.853,Received an expired out of sequence packet ,135011,135356
248.853,Received an expired out of sequence packet ,135012,135356
248.855,Received an expired out of sequence packet ,135013,135356
248.855,Received an expired out of sequence packet ,135014,135356
248.856,Received an expired out of sequence packet ,135015,135356
248.856,Received an expired out of sequence packet ,135016,135356
248.856,Received an expired out of sequence packet ,135017,135356
248.856,Received an expired out of sequence packet ,135018,135356
248.856,Received an expired out of sequence packet ,135019,135356
248.856,Received an expired out of sequence packet ,135020,135356
248.856,Received an expired out of sequence packet ,135021,135356
248.856,Received an expired out of sequence packet ,135022,135356
248.856,Received an expired out of sequence packet ,135023,135356
248.856,Received an expired out of sequence packet ,135024,135356
248.856,Received an expired out of sequence packet ,135025,135356
248.856,Received an expired out of sequence packet ,135026,135356
248.856,Received an expired out of sequence packet ,135027,135356
248.856,Received an expired out of sequence packet ,135028,135356
248.856,Received an expired out of sequence packet ,135029,135356
248.856,Received an expired out of sequence packet ,135030,135356
248.857,Received an expired out of sequence packet ,135031,135356
248.857,Received an expired out of sequence packet ,135032,135356
248.857,Received an expired out of sequence packet ,135033,135356
248.857,Received an expired out of sequence packet ,135034,135356
248.857,Received an expired out of sequence packet ,135035,135356
248.857,Received an expired out of sequence packet ,135036,135356
248.857,Received an expired out of sequence packet ,135037,135356
248.857,Received an expired out of sequence packet ,135038,135356
248.857,Received an expired out of sequence packet ,135039,135356
248.857,Received an expired out of sequence packet ,135040,135356
248.857,Received an expired out of sequence packet ,135041,135356
248.857,Received an expired out of sequence packet ,135042,135356
248.861,Received an expired out of sequence packet ,135043,135356
248.861,Received an expired out of sequence packet ,135044,135356
248.861,Received an expired out of sequence packet ,135045,135356
248.861,Received an expired out of sequence packet ,135046,135356
248.861,Received an expired out of sequence packet ,135047,135356
248.895,Received an expired out of sequence packet ,135048,135356
248.895,Received an expired out of sequence packet ,135049,135356
248.895,Received an expired out of sequence packet ,135050,135356
248.895,Received an expired out of sequence packet ,135051,135356
248.895,Received an expired out of sequence packet ,135052,135356
248.895,Received an expired out of sequence packet ,135053,135356
248.895,Received an expired out of sequence packet ,135054,135356
248.896,Received an expired out of sequence packet ,135055,135356
248.896,Received an expired out of sequence packet ,135056,135356
248.903,Received an expired out of sequence packet ,135057,135356
248.904,Received an expired out of sequence packet ,135058,135356
248.904,Received an expired out of sequence packet ,135059,135356
248.904,Received an expired out of sequence packet ,135060,135356
248.904,Received an expired out of sequence packet ,135061,135356
248.904,Received an expired out of sequence packet ,135062,135356
248.904,Received an expired out of sequence packet ,135063,135356
248.906,Received an expired out of sequence packet ,135064,135356
248.928,Received an expired out of sequence packet ,135065,135356
248.928,Received an expired out of sequence packet ,135066,135356
248.939,Received an expired out of sequence packet ,135067,135356
248.939,Received an expired out of sequence packet ,135068,135356
248.939,Received an expired out of sequence packet ,135069,135356
248.939,Received an expired out of sequence packet ,135070,135356
248.941,Received an expired out of sequence packet ,135071,135356
248.941,Received an expired out of sequence packet ,135072,135356
248.941,Received an expired out of sequence packet ,135073,135356
248.941,Received an expired out of sequence packet ,135074,135356
248.941,Received an expired out of sequence packet ,135075,135356
248.941,Received an expired out of sequence packet ,135076,135356
248.963,Received an expired out of sequence packet ,135077,135356
248.963,Received an expired out of sequence packet ,135078,135356
248.963,Received an expired out of sequence packet ,135079,135356
248.963,Received an expired out of sequence packet ,135080,135356
248.963,Received an expired out of sequence packet ,135081,135356
248.963,Received an expired out of sequence packet ,135082,135356
248.963,Received an expired out of sequence packet ,135083,135356
248.963,Received an expired out of sequence packet ,135084,135356
248.963,Received an expired out of sequence packet ,135085,135356
248.963,Received an expired out of sequence packet ,135086,135356
248.963,Received an expired out of sequence packet ,135087,135356
248.963,Received an expired out of sequence packet ,135088,135356
248.963,Received an expired out of sequence packet ,135089,135356
248.963,Received an expired out of sequence packet ,135090,135356
248.963,Received an expired out of sequence packet ,135091,135356
248.963,Received an expired out of sequence packet ,135092,135356
248.963,Received an expired out of sequence packet ,135093,135356
248.963,Received an expired out of sequence packet ,135094,135356
248.963,Received an expired out of sequence packet ,135095,135356
248.963,Received an expired out of sequence packet ,135096,135356
248.963,Received an expired out of sequence packet ,135097,135356
248.971,Received an expired out of sequence packet ,135098,135356
248.971,Received an expired out of sequence packet ,135099,135356
248.971,Received an expired out of sequence packet ,135100,135356
248.971,Received an expired out of sequence packet ,135101,135356
248.974,Received an expired out of sequence packet ,135102,135356
248.974,Received an expired out of sequence packet ,135103,135356
249.026,Received an expired out of sequence packet ,135104,135356
249.026,Received an expired out of sequence packet ,135105,135356
249.026,Received an expired out of sequence packet ,135106,135356
249.026,Received an expired out of sequence packet ,135107,135356
249.088,Received an expired out of sequence packet ,135108,135356
249.088,Received an expired out of sequence packet ,135109,135356
249.097,Received an expired out of sequence packet ,135110,135356
249.098,Received an expired out of sequence packet ,135111,135356
249.098,Received an expired out of sequence packet ,135112,135356
249.098,Received an expired out of sequence packet ,135113,135356
249.098,Received an expired out of sequence packet ,135114,135356
249.098,Received an expired out of sequence packet ,135115,135356
249.101,Received an expired out of sequence packet ,135116,135356
249.105,Received an expired out of sequence packet ,135117,135356
249.105,Received an expired out of sequence packet ,135118,135356
249.105,Received an expired out of sequence packet ,135119,135356
249.105,Received an expired out of sequence packet ,135120,135356
249.105,Received an expired out of sequence packet ,135121,135356
249.105,Received an expired out of sequence packet ,135122,135356
249.105,Received an expired out of sequence packet ,135123,135356
249.105,Received an expired out of sequence packet ,135124,135356
249.105,Received an expired out of sequence packet ,135125,135356
249.106,Received an expired out of sequence packet ,135126,135356
249.106,Received an expired out of sequence packet ,135127,135356
249.106,Received an expired out of sequence packet ,135128,135356
249.106,Received an expired out of sequence packet ,135129,135356
249.106,Received an expired out of sequence packet ,135130,135356
249.106,Received an expired out of sequence packet ,135131,135356
249.106,Received an expired out of sequence packet ,135132,135356
249.108,Received an expired out of sequence packet ,135133,135356
249.108,Received an expired out of sequence packet ,135134,135356
249.108,Received an expired out of sequence packet ,135135,135356
249.108,Received an expired out of sequence packet ,135136,135356
249.108,Received an expired out of sequence packet ,135137,135356
249.108,Received an expired out of sequence packet ,135138,135356
249.108,Received an expired out of sequence packet ,135139,135356
249.108,Received an expired out of sequence packet ,135140,135356
249.108,Received an expired out of sequence packet ,135141,135356
249.108,Received an expired out of sequence packet ,135142,135356
249.108,Received an expired out of sequence packet ,135143,135356
249.108,Received an expired out of sequence packet ,135144,135356
249.108,Received an expired out of sequence packet ,135145,135356
249.108,Received an expired out of sequence packet ,135146,135356
249.108,Received an expired out of sequence packet ,135147,135356
249.108,Received an expired out of sequence packet ,135148,135356
249.108,Received an expired out of sequence packet ,135149,135356
249.108,Received an expired out of sequence packet ,135150,135356
249.108,Received an expired out of sequence packet ,135151,135356
249.108,Received an expired out of sequence packet ,135152,135356
249.108,Received an expired out of sequence packet ,135153,135356
249.108,Received an expired out of sequence packet ,135154,135356
249.108,Received an expired out of sequence packet ,135155,135356
249.114,Received an expired out of sequence packet ,135156,135356
249.114,Received an expired out of sequence packet ,135157,135356
249.114,Received an expired out of sequence packet ,135158,135356
249.114,Received an expired out of sequence packet ,135159,135356
249.114,Received an expired out of sequence packet ,135160,135356
249.114,Received an expired out of sequence packet ,135161,135356
249.114,Received an expired out of sequence packet ,135162,135356
249.114,Received an expired out of sequence packet ,135163,135356
249.114,Received an expired out of sequence packet ,135164,135356
249.157,Received an expired out of sequence packet ,135165,135356
249.161,Received an expired out of sequence packet ,135166,135356
249.165,Received an expired out of sequence packet ,135167,135356
249.169,Received an expired out of sequence packet ,135168,135356
249.204,Received an expired out of sequence packet ,135169,135356
249.204,Received an expired out of sequence packet ,135170,135356
249.208,Received an expired out of sequence packet ,135171,135356
249.208,Received an expired out of sequence packet ,135172,135356
249.211,Received an expired out of sequence packet ,135173,135356
249.212,Received an expired out of sequence packet ,135174,135356
249.212,Received an expired out of sequence packet ,135175,135356
249.212,Received an expired out of sequence packet ,135176,135356
249.212,Received an expired out of sequence packet ,135177,135356
249.228,Received an expired out of sequence packet ,135178,135356
249.228,Received an expired out of sequence packet ,135179,135356
249.228,Received an expired out of sequence packet ,135180,135356
249.228,Received an expired out of sequence packet ,135181,135356
249.228,Received an expired out of sequence packet ,135182,135356
249.228,Received an expired out of sequence packet ,135183,135356
249.228,Received an expired out of sequence packet ,135184,135356
249.228,Received an expired out of sequence packet ,135185,135356
249.239,Received an expired out of sequence packet ,135186,135356
249.242,Received an expired out of sequence packet ,135187,135356
249.242,Received an expired out of sequence packet ,135188,135356
249.242,Received an expired out of sequence packet ,135189,135356
249.242,Received an expired out of sequence packet ,135190,135356
249.242,Received an expired out of sequence packet ,135191,135356
249.245,Received an expired out of sequence packet ,135192,135356
249.245,Received an expired out of sequence packet ,135193,135356
249.245,Received an expired out of sequence packet ,135194,135356
249.245,Received an expired out of sequence packet ,135195,135356
249.245,Received an expired out of sequence packet ,135196,135356
249.245,Received an expired out of sequence packet ,135197,135356
249.246,Received an expired out of sequence packet ,135198,135356
249.246,Received an expired out of sequence packet ,135199,135356
249.246,Received an expired out of sequence packet ,135200,135356
249.246,Received an expired out of sequence packet ,135201,135356
249.246,Received an expired out of sequence packet ,135202,135356
249.246,Received an expired out of sequence packet ,135203,135356
249.246,Received an expired out of sequence packet ,135204,135356
249.246,Received an expired out of sequence packet ,135205,135356
249.246,Received an expired out of sequence packet ,135206,135356
249.246,Received an expired out of sequence packet ,135207,135356
249.246,Received an expired out of sequence packet ,135208,135356
249.349,Received an expired out of sequence packet ,135209,135356
249.352,Received an expired out of sequence packet ,135210,135356
249.352,Received an expired out of sequence packet ,135211,135356
249.356,Received an expired out of sequence packet ,135212,135356
249.356,Received an expired out of sequence packet ,135213,135356
249.356,Received an expired out of sequence packet ,135214,135356
249.356,Received an expired out of sequence packet ,135215,135356
249.356,Received an expired out of sequence packet ,135216,135356
249.356,Received an expired out of sequence packet ,135217,135356
249.356,Received an expired out of sequence packet ,135218,135356
249.356,Received an expired out of sequence packet ,135219,135356
249.356,Received an expired out of sequence packet ,135220,135356
249.357,Received an expired out of sequence packet ,135221,135356
249.357,Received an expired out of sequence packet ,135222,135356
249.357,Received an expired out of sequence packet ,135223,135356
249.357,Received an expired out of sequence packet ,135224,135356
249.357,Received an expired out of sequence packet ,135225,135356
249.357,Received an expired out of sequence packet ,135226,135356
249.357,Received an expired out of sequence packet ,135227,135356
249.357,Received an expired out of sequence packet ,135228,135356
249.357,Received an expired out of sequence packet ,135229,135356
249.357,Received an expired out of sequence packet ,135230,135356
249.357,Received an expired out of sequence packet ,135231,135356
249.361,Received an expired out of sequence packet ,135232,135356
249.363,Received an expired out of sequence packet ,135233,135356
249.37,Received an expired out of sequence packet ,135234,135356
249.375,Received an expired out of sequence packet ,135235,135356
249.375,Received an expired out of sequence packet ,135236,135356
249.375,Received an expired out of sequence packet ,135237,135356
249.375,Received an expired out of sequence packet ,135238,135356
249.375,Received an expired out of sequence packet ,135239,135356
249.375,Received an expired out of sequence packet ,135240,135356
249.375,Received an expired out of sequence packet ,135241,135356
249.375,Received an expired out of sequence packet ,135242,135356
249.375,Received an expired out of sequence packet ,135243,135356
249.375,Received an expired out of sequence packet ,135244,135356
249.375,Received an expired out of sequence packet ,135245,135356
249.375,Received an expired out of sequence packet ,135246,135356
249.375,Received an expired out of sequence packet ,135247,135356
249.375,Received an expired out of sequence packet ,135248,135356
249.377,Received an expired out of sequence packet ,135249,135356
249.377,Received an expired out of sequence packet ,135250,135356
249.377,Received an expired out of sequence packet ,135251,135356
249.377,Received an expired out of sequence packet ,135252,135356
249.378,Received an expired out of sequence packet ,135253,135356
249.378,Received an expired out of sequence packet ,135254,135356
249.385,Received an expired out of sequence packet ,135255,135356
249.385,Received an expired out of sequence packet ,135256,135356
249.385,Received an expired out of sequence packet ,135257,135356
249.385,Received an expired out of sequence packet ,135258,135356
249.385,Received an expired out of sequence packet ,135259,135356
249.385,Received an expired out of sequence packet ,135260,135356
249.385,Received an expired out of sequence packet ,135261,135356
249.421,Received an expired out of sequence packet ,135262,135356
249.421,Received an expired out of sequence packet ,135263,135356
249.421,Received an expired out of sequence packet ,135264,135356
249.421,Received an expired out of sequence packet ,135265,135356
249.428,Received an expired out of sequence packet ,135266,135356
249.428,Received an expired out of sequence packet ,135267,135356
249.428,Received an expired out of sequence packet ,135268,135356
249.432,Received an expired out of sequence packet ,135269,135356
249.432,Received an expired out of sequence packet ,135270,135356
249.432,Received an expired out of sequence packet ,135271,135356
249.432,Received an expired out of sequence packet ,135272,135356
249.432,Received an expired out of sequence packet ,135273,135356
249.456,Received an expired out of sequence packet ,135274,135356
249.459,Received an expired out of sequence packet ,135275,135356
249.481,Received an expired out of sequence packet ,135276,135356
249.484,Received an expired out of sequence packet ,135277,135356
249.484,Received an expired out of sequence packet ,135278,135356
249.484,Received an expired out of sequence packet ,135279,135356
249.484,Received an expired out of sequence packet ,135280,135356
249.484,Received an expired out of sequence packet ,135281,135356
249.484,Received an expired out of sequence packet ,135282,135356
249.486,Received an expired out of sequence packet ,135283,135356
249.486,Received an expired out of sequence packet ,135284,135356
249.486,Received an expired out of sequence packet ,135285,135356
249.486,Received an expired out of sequence packet ,135286,135356
249.486,Received an expired out of sequence packet ,135287,135356
249.486,Received an expired out of sequence packet ,135288,135356
249.486,Received an expired out of sequence packet ,135289,135356
249.486,Received an expired out of sequence packet ,135290,135356
249.486,Received an expired out of sequence packet ,135291,135356
249.496,Received an expired out of sequence packet ,135292,135356
249.496,Received an expired out of sequence packet ,135293,135356
249.496,Received an expired out of sequence packet ,135294,135356
249.496,Received an expired out of sequence packet ,135295,135356
249.497,Received an expired out of sequence packet ,135296,135356
249.497,Received an expired out of sequence packet ,135297,135356
249.497,Received an expired out of sequence packet ,135298,135356
249.497,Received an expired out of sequence packet ,135299,135356
249.497,Received an expired out of sequence packet ,135300,135356
249.497,Received an expired out of sequence packet ,135301,135356
249.497,Received an expired out of sequence packet ,135302,135356
249.497,Received an expired out of sequence packet ,135303,135356
249.497,Received an expired out of sequence packet ,135304,135356
249.497,Received an expired out of sequence packet ,135305,135356
249.497,Received an expired out of sequence packet ,135306,135356
249.497,Received an expired out of sequence packet ,135307,135356
249.497,Received an expired out of sequence packet ,135308,135356
249.593,Received an expired out of sequence packet ,135309,135356
249.593,Received an expired out of sequence packet ,135310,135356
249.603,Received an expired out of sequence packet ,135311,135356
249.603,Received an expired out of sequence packet ,135312,135356
249.603,Received an expired out of sequence packet ,135313,135356
249.606,Received an expired out of sequence packet ,135314,135356
249.606,Received an expired out of sequence packet ,135315,135356
249.608,Received an expired out of sequence packet ,135316,135356
249.608,Received an expired out of sequence packet ,135317,135356
249.608,Received an expired out of sequence packet ,135318,135356
249.608,Received an expired out of sequence packet ,135319,135356
249.608,Received an expired out of sequence packet ,135320,135356
249.608,Received an expired out of sequence packet ,135321,135356
249.608,Received an expired out of sequence packet ,135322,135356
249.608,Received an expired out of sequence packet ,135323,135356
249.608,Received an expired out of sequence packet ,135324,135356
249.608,Received an expired out of sequence packet ,135325,135356
249.608,Received an expired out of sequence packet ,135326,135356
249.608,Received an expired out of sequence packet ,135327,135356
249.608,Received an expired out of sequence packet ,135328,135356
249.608,Received an expired out of sequence packet ,135329,135356
249.609,Received an expired out of sequence packet ,135330,135356
249.613,Received an expired out of sequence packet ,135331,135356
249.613,Received an expired out of sequence packet ,135332,135356
249.613,Received an expired out of sequence packet ,135333,135356
249.613,Received an expired out of sequence packet ,135334,135356
249.613,Received an expired out of sequence packet ,135335,135356
249.613,Received an expired out of sequence packet ,135336,135356
249.613,Received an expired out of sequence packet ,135337,135356
249.613,Received an expired out of sequence packet ,135338,135356
249.613,Received an expired out of sequence packet ,135339,135356
249.613,Received an expired out of sequence packet ,135340,135356
249.613,Received an expired out of sequence packet ,135341,135356
249.613,Received an expired out of sequence packet ,135342,135356
249.613,Received an expired out of sequence packet ,135343,135356
249.613,Received an expired out of sequence packet ,135344,135356
249.613,Received an expired out of sequence packet ,135345,135356
249.613,Received an expired out of sequence packet ,135346,135356
249.613,Received an expired out of sequence packet ,135347,135356
249.613,Received an expired out of sequence packet ,135348,135356
249.614,Received an expired out of sequence packet ,135349,135356
249.614,Received an expired out of sequence packet ,135350,135356
249.614,Received an expired out of sequence packet ,135351,135356
249.614,Received an expired out of sequence packet ,135352,135356
249.614,Received an expired out of sequence packet ,135353,135356
249.614,Received an expired out of sequence packet ,135354,135356
249.615,Received an expired out of sequence packet ,135355,135356
260.6,Timeout
260.6,clearing sending list because of timeout
260.863,Timeout
260.863,clearing sending list because of timeout
261.024,Received an expired out of sequence packet ,141672,141698
261.024,Received an expired out of sequence packet ,141673,141698
261.024,Received an expired out of sequence packet ,141674,141698
261.024,Received an expired out of sequence packet ,141675,141698
262.024,Timeout
262.024,clearing sending list because of timeout
262.04,Received an expired out of sequence packet ,141676,141700
263.04,Timeout
263.04,clearing sending list because of timeout
263.04,Received an expired out of sequence packet ,141677,141702
264.036,Received an expired out of sequence packet ,141678,141702
264.921,Received an expired out of sequence packet ,141679,141702
264.923,Received an expired out of sequence packet ,141680,141702
264.923,Received an expired out of sequence packet ,141681,141702
264.923,Received an expired out of sequence packet ,141682,141702
264.923,Received an expired out of sequence packet ,141683,141702
264.923,Received an expired out of sequence packet ,141684,141702
264.929,Received an expired out of sequence packet ,141685,141702
264.929,Received an expired out of sequence packet ,141686,141702
264.93,Received an expired out of sequence packet ,141687,141702
264.933,Received an expired out of sequence packet ,141688,141702
264.939,Received an expired out of sequence packet ,141689,141702
264.96,Received an expired out of sequence packet ,141690,141702
264.96,Received an expired out of sequence packet ,141691,141702
264.961,Received an expired out of sequence packet ,141692,141702
264.961,Received an expired out of sequence packet ,141693,141702
264.961,Received an expired out of sequence packet ,141694,141702
264.962,Received an expired out of sequence packet ,141695,141702
264.964,Received an expired out of sequence packet ,141696,141702
264.969,Received an expired out of sequence packet ,141697,141702
264.97,Received an expired out of sequence packet ,141698,141702
264.97,Received an expired out of sequence packet ,141699,141702
264.972,Received an expired out of sequence packet ,141700,141702
264.972,Received an expired out of sequence packet ,141701,141702
271.843,Timeout
271.843,clearing sending list because of timeout
271.882,Received an expired out of sequence packet ,143359,143669
271.882,Received an expired out of sequence packet ,143360,143669
272.061,Received an expired out of sequence packet ,143361,143669
272.069,Received an expired out of sequence packet ,143362,143669
272.069,Received an expired out of sequence packet ,143363,143669
272.072,Received an expired out of sequence packet ,143364,143669
272.072,Received an expired out of sequence packet ,143365,143669
272.074,Received an expired out of sequence packet ,143366,143669
272.077,Received an expired out of sequence packet ,143367,143669
272.077,Received an expired out of sequence packet ,143368,143669
272.077,Received an expired out of sequence packet ,143369,143669
272.077,Received an expired out of sequence packet ,143370,143669
272.077,Received an expired out of sequence packet ,143371,143669
272.077,Received an expired out of sequence packet ,143372,143669
272.077,Received an expired out of sequence packet ,143373,143669
272.077,Received an expired out of sequence packet ,143374,143669
272.077,Received an expired out of sequence packet ,143375,143669
272.077,Received an expired out of sequence packet ,143376,143669
272.077,Received an expired out of sequence packet ,143377,143669
272.077,Received an expired out of sequence packet ,143378,143669
272.077,Received an expired out of sequence packet ,143379,143669
272.078,Received an expired out of sequence packet ,143380,143669
272.079,Received an expired out of sequence packet ,143381,143669
272.079,Received an expired out of sequence packet ,143382,143669
272.079,Received an expired out of sequence packet ,143383,143669
272.079,Received an expired out of sequence packet ,143384,143669
272.079,Received an expired out of sequence packet ,143385,143669
272.079,Received an expired out of sequence packet ,143386,143669
272.079,Received an expired out of sequence packet ,143387,143669
272.079,Received an expired out of sequence packet ,143388,143669
272.079,Received an expired out of sequence packet ,143389,143669
272.079,Received an expired out of sequence packet ,143390,143669
272.079,Received an expired out of sequence packet ,143391,143669
272.079,Received an expired out of sequence packet ,143392,143669
272.079,Received an expired out of sequence packet ,143393,143669
272.099,Received an expired out of sequence packet ,143394,143669
272.099,Received an expired out of sequence packet ,143395,143669
272.099,Received an expired out of sequence packet ,143396,143669
272.099,Received an expired out of sequence packet ,143397,143669
272.099,Received an expired out of sequence packet ,143398,143669
272.099,Received an expired out of sequence packet ,143399,143669
272.099,Received an expired out of sequence packet ,143400,143669
272.099,Received an expired out of sequence packet ,143401,143669
272.108,Received an expired out of sequence packet ,143402,143669
272.108,Received an expired out of sequence packet ,143403,143669
272.112,Received an expired out of sequence packet ,143404,143669
272.112,Received an expired out of sequence packet ,143405,143669
272.112,Received an expired out of sequence packet ,143406,143669
272.112,Received an expired out of sequence packet ,143407,143669
272.116,Received an expired out of sequence packet ,143408,143669
272.116,Received an expired out of sequence packet ,143409,143669
272.116,Received an expired out of sequence packet ,143410,143669
272.118,Received an expired out of sequence packet ,143411,143669
272.125,Received an expired out of sequence packet ,143412,143669
272.125,Received an expired out of sequence packet ,143413,143669
272.129,Received an expired out of sequence packet ,143414,143669
272.132,Received an expired out of sequence packet ,143415,143669
272.132,Received an expired out of sequence packet ,143416,143669
272.132,Received an expired out of sequence packet ,143417,143669
272.136,Received an expired out of sequence packet ,143418,143669
272.136,Received an expired out of sequence packet ,143419,143669
272.137,Received an expired out of sequence packet ,143420,143669
272.137,Received an expired out of sequence packet ,143421,143669
272.137,Received an expired out of sequence packet ,143422,143669
272.137,Received an expired out of sequence packet ,143423,143669
272.137,Received an expired out of sequence packet ,143424,143669
272.137,Received an expired out of sequence packet ,143425,143669
272.137,Received an expired out of sequence packet ,143426,143669
272.137,Received an expired out of sequence packet ,143427,143669
272.137,Received an expired out of sequence packet ,143428,143669
272.137,Received an expired out of sequence packet ,143429,143669
272.143,Received an expired out of sequence packet ,143430,143669
272.143,Received an expired out of sequence packet ,143431,143669
272.143,Received an expired out of sequence packet ,143432,143669
272.143,Received an expired out of sequence packet ,143433,143669
272.147,Received an expired out of sequence packet ,143434,143669
272.147,Received an expired out of sequence packet ,143435,143669
272.147,Received an expired out of sequence packet ,143436,143669
272.147,Received an expired out of sequence packet ,143437,143669
272.149,Received an expired out of sequence packet ,143438,143669
272.149,Received an expired out of sequence packet ,143439,143669
272.149,Received an expired out of sequence packet ,143440,143669
272.149,Received an expired out of sequence packet ,143441,143669
272.149,Received an expired out of sequence packet ,143442,143669
272.149,Received an expired out of sequence packet ,143443,143669
272.149,Received an expired out of sequence packet ,143444,143669
272.149,Received an expired out of sequence packet ,143445,143669
272.149,Received an expired out of sequence packet ,143446,143669
272.149,Received an expired out of sequence packet ,143447,143669
272.149,Received an expired out of sequence packet ,143448,143669
272.152,Received an expired out of sequence packet ,143449,143669
272.152,Received an expired out of sequence packet ,143450,143669
272.152,Received an expired out of sequence packet ,143451,143669
272.152,Received an expired out of sequence packet ,143452,143669
272.152,Received an expired out of sequence packet ,143453,143669
272.152,Received an expired out of sequence packet ,143454,143669
272.152,Received an expired out of sequence packet ,143455,143669
272.152,Received an expired out of sequence packet ,143456,143669
272.152,Received an expired out of sequence packet ,143457,143669
272.152,Received an expired out of sequence packet ,143458,143669
272.155,Received an expired out of sequence packet ,143459,143669
272.155,Received an expired out of sequence packet ,143460,143669
272.155,Received an expired out of sequence packet ,143461,143669
272.155,Received an expired out of sequence packet ,143462,143669
272.155,Received an expired out of sequence packet ,143463,143669
272.155,Received an expired out of sequence packet ,143464,143669
272.155,Received an expired out of sequence packet ,143465,143669
272.155,Received an expired out of sequence packet ,143466,143669
272.155,Received an expired out of sequence packet ,143467,143669
272.155,Received an expired out of sequence packet ,143468,143669
272.155,Received an expired out of sequence packet ,143469,143669
272.155,Received an expired out of sequence packet ,143470,143669
272.155,Received an expired out of sequence packet ,143471,143669
272.155,Received an expired out of sequence packet ,143472,143669
272.157,Received an expired out of sequence packet ,143473,143669
272.159,Received an expired out of sequence packet ,143474,143669
272.159,Received an expired out of sequence packet ,143475,143669
272.159,Received an expired out of sequence packet ,143476,143669
272.159,Received an expired out of sequence packet ,143477,143669
272.159,Received an expired out of sequence packet ,143478,143669
272.159,Received an expired out of sequence packet ,143479,143669
272.159,Received an expired out of sequence packet ,143480,143669
272.159,Received an expired out of sequence packet ,143481,143669
272.159,Received an expired out of sequence packet ,143482,143669
272.289,Received an expired out of sequence packet ,143483,143669
272.289,Received an expired out of sequence packet ,143484,143669
272.297,Received an expired out of sequence packet ,143485,143669
272.297,Received an expired out of sequence packet ,143486,143669
272.301,Received an expired out of sequence packet ,143487,143669
272.301,Received an expired out of sequence packet ,143488,143669
272.301,Received an expired out of sequence packet ,143489,143669
272.304,Received an expired out of sequence packet ,143490,143669
272.304,Received an expired out of sequence packet ,143491,143669
272.304,Received an expired out of sequence packet ,143492,143669
272.304,Received an expired out of sequence packet ,143493,143669
272.304,Received an expired out of sequence packet ,143494,143669
272.304,Received an expired out of sequence packet ,143495,143669
272.304,Received an expired out of sequence packet ,143496,143669
272.304,Received an expired out of sequence packet ,143497,143669
272.304,Received an expired out of sequence packet ,143498,143669
272.304,Received an expired out of sequence packet ,143499,143669
272.304,Received an expired out of sequence packet ,143500,143669
272.304,Received an expired out of sequence packet ,143501,143669
272.305,Received an expired out of sequence packet ,143502,143669
272.305,Received an expired out of sequence packet ,143503,143669
272.305,Received an expired out of sequence packet ,143504,143669
272.305,Received an expired out of sequence packet ,143505,143669
272.308,Received an expired out of sequence packet ,143506,143669
272.308,Received an expired out of sequence packet ,143507,143669
272.308,Received an expired out of sequence packet ,143508,143669
272.308,Received an expired out of sequence packet ,143509,143669
272.308,Received an expired out of sequence packet ,143510,143669
272.308,Received an expired out of sequence packet ,143511,143669
272.308,Received an expired out of sequence packet ,143512,143669
272.308,Received an expired out of sequence packet ,143513,143669
272.308,Received an expired out of sequence packet ,143514,143669
272.312,Received an expired out of sequence packet ,143515,143669
272.312,Received an expired out of sequence packet ,143516,143669
272.312,Received an expired out of sequence packet ,143517,143669
272.312,Received an expired out of sequence packet ,143518,143669
272.312,Received an expired out of sequence packet ,143519,143669
272.313,Received an expired out of sequence packet ,143520,143669
272.313,Received an expired out of sequence packet ,143521,143669
272.313,Received an expired out of sequence packet ,143522,143669
272.313,Received an expired out of sequence packet ,143523,143669
272.313,Received an expired out of sequence packet ,143524,143669
272.313,Received an expired out of sequence packet ,143525,143669
272.339,Received an expired out of sequence packet ,143526,143669
272.339,Received an expired out of sequence packet ,143527,143669
272.343,Received an expired out of sequence packet ,143528,143669
272.343,Received an expired out of sequence packet ,143529,143669
272.343,Received an expired out of sequence packet ,143530,143669
272.345,Received an expired out of sequence packet ,143531,143669
272.345,Received an expired out of sequence packet ,143532,143669
272.345,Received an expired out of sequence packet ,143533,143669
272.345,Received an expired out of sequence packet ,143534,143669
272.345,Received an expired out of sequence packet ,143535,143669
272.345,Received an expired out of sequence packet ,143536,143669
272.345,Received an expired out of sequence packet ,143537,143669
272.345,Received an expired out of sequence packet ,143538,143669
272.346,Received an expired out of sequence packet ,143539,143669
272.346,Received an expired out of sequence packet ,143540,143669
272.346,Received an expired out of sequence packet ,143541,143669
272.346,Received an expired out of sequence packet ,143542,143669
272.346,Received an expired out of sequence packet ,143543,143669
272.35,Received an expired out of sequence packet ,143544,143669
272.35,Received an expired out of sequence packet ,143545,143669
272.35,Received an expired out of sequence packet ,143546,143669
272.35,Received an expired out of sequence packet ,143547,143669
272.35,Received an expired out of sequence packet ,143548,143669
272.35,Received an expired out of sequence packet ,143549,143669
272.35,Received an expired out of sequence packet ,143550,143669
272.35,Received an expired out of sequence packet ,143551,143669
272.35,Received an expired out of sequence packet ,143552,143669
272.35,Received an expired out of sequence packet ,143553,143669
272.351,Received an expired out of sequence packet ,143554,143669
272.369,Received an expired out of sequence packet ,143555,143669
272.369,Received an expired out of sequence packet ,143556,143669
272.369,Received an expired out of sequence packet ,143557,143669
272.369,Received an expired out of sequence packet ,143558,143669
272.369,Received an expired out of sequence packet ,143559,143669
272.373,Received an expired out of sequence packet ,143560,143669
272.373,Received an expired out of sequence packet ,143561,143669
272.377,Received an expired out of sequence packet ,143562,143669
272.377,Received an expired out of sequence packet ,143563,143669
272.377,Received an expired out of sequence packet ,143564,143669
272.377,Received an expired out of sequence packet ,143565,143669
272.377,Received an expired out of sequence packet ,143566,143669
272.377,Received an expired out of sequence packet ,143567,143669
272.384,Received an expired out of sequence packet ,143568,143669
272.384,Received an expired out of sequence packet ,143569,143669
272.384,Received an expired out of sequence packet ,143570,143669
272.384,Received an expired out of sequence packet ,143571,143669
272.384,Received an expired out of sequence packet ,143572,143669
272.384,Received an expired out of sequence packet ,143573,143669
272.384,Received an expired out of sequence packet ,143574,143669
272.385,Received an expired out of sequence packet ,143575,143669
272.385,Received an expired out of sequence packet ,143576,143669
272.385,Received an expired out of sequence packet ,143577,143669
272.385,Received an expired out of sequence packet ,143578,143669
272.386,Received an expired out of sequence packet ,143579,143669
272.386,Received an expired out of sequence packet ,143580,143669
272.559,Received an expired out of sequence packet ,143581,143669
272.559,Received an expired out of sequence packet ,143582,143669
272.559,Received an expired out of sequence packet ,143583,143669
272.559,Received an expired out of sequence packet ,143584,143669
272.567,Received an expired out of sequence packet ,143585,143669
272.567,Received an expired out of sequence packet ,143586,143669
272.568,Received an expired out of sequence packet ,143587,143669
272.568,Received an expired out of sequence packet ,143588,143669
272.576,Received an expired out of sequence packet ,143589,143669
272.576,Received an expired out of sequence packet ,143590,143669
272.579,Received an expired out of sequence packet ,143591,143669
272.58,Received an expired out of sequence packet ,143592,143669
272.58,Received an expired out of sequence packet ,143593,143669
272.58,Received an expired out of sequence packet ,143594,143669
272.58,Received an expired out of sequence packet ,143595,143669
272.58,Received an expired out of sequence packet ,143596,143669
272.58,Received an expired out of sequence packet ,143597,143669
272.584,Received an expired out of sequence packet ,143598,143669
272.584,Received an expired out of sequence packet ,143599,143669
272.587,Received an expired out of sequence packet ,143600,143669
272.587,Received an expired out of sequence packet ,143601,143669
272.587,Received an expired out of sequence packet ,143602,143669
272.587,Received an expired out of sequence packet ,143603,143669
272.587,Received an expired out of sequence packet ,143604,143669
272.587,Received an expired out of sequence packet ,143605,143669
272.587,Received an expired out of sequence packet ,143606,143669
272.587,Received an expired out of sequence packet ,143607,143669
272.587,Received an expired out of sequence packet ,143608,143669
272.589,Received an expired out of sequence packet ,143609,143669
272.589,Received an expired out of sequence packet ,143610,143669
272.589,Received an expired out of sequence packet ,143611,143669
272.589,Received an expired out of sequence packet ,143612,143669
272.589,Received an expired out of sequence packet ,143613,143669
272.589,Received an expired out of sequence packet ,143614,143669
272.589,Received an expired out of sequence packet ,143615,143669
272.589,Received an expired out of sequence packet ,143616,143669
272.589,Received an expired out of sequence packet ,143617,143669
272.589,Received an expired out of sequence packet ,143618,143669
272.59,Received an expired out of sequence packet ,143619,143669
272.595,Received an expired out of sequence packet ,143620,143669
272.595,Received an expired out of sequence packet ,143621,143669
272.595,Received an expired out of sequence packet ,143622,143669
272.595,Received an expired out of sequence packet ,143623,143669
272.595,Received an expired out of sequence packet ,143624,143669
272.595,Received an expired out of sequence packet ,143625,143669
272.595,Received an expired out of sequence packet ,143626,143669
272.596,Received an expired out of sequence packet ,143627,143669
272.596,Received an expired out of sequence packet ,143628,143669
272.596,Received an expired out of sequence packet ,143629,143669
272.596,Received an expired out of sequence packet ,143630,143669
272.596,Received an expired out of sequence packet ,143631,143669
272.596,Received an expired out of sequence packet ,143632,143669
272.596,Received an expired out of sequence packet ,143633,143669
272.596,Received an expired out of sequence packet ,143634,143669
272.604,Received an expired out of sequence packet ,143635,143669
272.622,Received an expired out of sequence packet ,143636,143669
272.623,Received an expired out of sequence packet ,143637,143669
272.626,Received an expired out of sequence packet ,143638,143669
272.629,Received an expired out of sequence packet ,143639,143669
272.629,Received an expired out of sequence packet ,143640,143669
272.631,Received an expired out of sequence packet ,143641,143669
272.633,Received an expired out of sequence packet ,143642,143669
272.633,Received an expired out of sequence packet ,143643,143669
272.633,Received an expired out of sequence packet 