1.12999,Exit slow start,exceeding SS_EXIT_THRESHOLD
55.221,Timeout
55.221,clearing sending list because of timeout
55.4681,Timeout
55.4681,clearing sending list because of timeout
55.7151,Timeout
55.7152,clearing sending list because of timeout
55.9622,Timeout
55.9622,clearing sending list because of timeout
56.2093,Timeout
56.2093,clearing sending list because of timeout
56.2913,Received an expired out of sequence packet ,40240,40277
56.2937,Received an expired out of sequence packet ,40241,40277
56.2937,Received an expired out of sequence packet ,40242,40277
56.2977,Received an expired out of sequence packet ,40243,40277
56.2989,Received an expired out of sequence packet ,40244,40277
56.3116,Received an expired out of sequence packet ,40245,40277
56.3117,Received an expired out of sequence packet ,40246,40277
56.3137,Received an expired out of sequence packet ,40247,40277
56.3137,Received an expired out of sequence packet ,40248,40277
56.3177,Received an expired out of sequence packet ,40249,40277
56.3177,Received an expired out of sequence packet ,40250,40277
56.3178,Received an expired out of sequence packet ,40251,40277
56.3178,Received an expired out of sequence packet ,40252,40277
56.3188,Received an expired out of sequence packet ,40253,40277
56.321,Received an expired out of sequence packet ,40254,40277
56.3241,Received an expired out of sequence packet ,40255,40277
56.3273,Received an expired out of sequence packet ,40256,40277
56.3273,Received an expired out of sequence packet ,40257,40277
56.3306,Received an expired out of sequence packet ,40258,40277
56.3376,Received an expired out of sequence packet ,40259,40277
56.3377,Received an expired out of sequence packet ,40260,40277
56.3387,Received an expired out of sequence packet ,40261,40277
56.3387,Received an expired out of sequence packet ,40262,40277
56.3418,Received an expired out of sequence packet ,40263,40277
56.3449,Received an expired out of sequence packet ,40264,40277
56.3449,Received an expired out of sequence packet ,40265,40277
56.3478,Received an expired out of sequence packet ,40266,40277
56.3499,Received an expired out of sequence packet ,40267,40277
56.3656,Received an expired out of sequence packet ,40268,40277
56.3687,Received an expired out of sequence packet ,40269,40277
56.3687,Received an expired out of sequence packet ,40270,40277
56.3709,Received an expired out of sequence packet ,40271,40277
56.3782,Received an expired out of sequence packet ,40272,40277
56.3782,Received an expired out of sequence packet ,40273,40277
56.3815,Received an expired out of sequence packet ,40274,40277
56.3836,Received an expired out of sequence packet ,40275,40277
56.3858,Received an expired out of sequence packet ,40276,40277
108.036,Timeout
108.036,clearing sending list because of timeout
108.501,Timeout
108.501,clearing sending list because of timeout
108.632,Received an expired out of sequence packet ,83132,83258
108.636,Received an expired out of sequence packet ,83133,83258
108.708,Received an expired out of sequence packet ,83134,83258
108.708,Received an expired out of sequence packet ,83135,83258
108.708,Received an expired out of sequence packet ,83136,83258
108.708,Received an expired out of sequence packet ,83137,83258
108.708,Received an expired out of sequence packet ,83138,83258
108.708,Received an expired out of sequence packet ,83139,83258
108.708,Received an expired out of sequence packet ,83140,83258
108.708,Received an expired out of sequence packet ,83141,83258
108.708,Received an expired out of sequence packet ,83142,83258
108.708,Received an expired out of sequence packet ,83143,83258
108.708,Received an expired out of sequence packet ,83144,83258
108.711,Received an expired out of sequence packet ,83145,83258
108.741,Received an expired out of sequence packet ,83146,83258
108.741,Received an expired out of sequence packet ,83147,83258
108.741,Received an expired out of sequence packet ,83148,83258
108.741,Received an expired out of sequence packet ,83149,83258
108.741,Received an expired out of sequence packet ,83150,83258
108.741,Received an expired out of sequence packet ,83151,83258
108.741,Received an expired out of sequence packet ,83152,83258
108.741,Received an expired out of sequence packet ,83153,83258
108.741,Received an expired out of sequence packet ,83154,83258
108.742,Received an expired out of sequence packet ,83155,83258
108.742,Received an expired out of sequence packet ,83156,83258
108.742,Received an expired out of sequence packet ,83157,83258
108.742,Received an expired out of sequence packet ,83158,83258
108.755,Received an expired out of sequence packet ,83159,83258
108.755,Received an expired out of sequence packet ,83160,83258
108.755,Received an expired out of sequence packet ,83161,83258
108.755,Received an expired out of sequence packet ,83162,83258
108.755,Received an expired out of sequence packet ,83163,83258
108.755,Received an expired out of sequence packet ,83164,83258
108.755,Received an expired out of sequence packet ,83165,83258
108.755,Received an expired out of sequence packet ,83166,83258
108.755,Received an expired out of sequence packet ,83167,83258
108.755,Received an expired out of sequence packet ,83168,83258
108.764,Received an expired out of sequence packet ,83169,83258
108.764,Received an expired out of sequence packet ,83170,83258
108.764,Received an expired out of sequence packet ,83171,83258
108.764,Received an expired out of sequence packet ,83172,83258
108.772,Received an expired out of sequence packet ,83173,83258
108.772,Received an expired out of sequence packet ,83174,83258
108.776,Received an expired out of sequence packet ,83175,83258
108.776,Received an expired out of sequence packet ,83176,83258
108.776,Received an expired out of sequence packet ,83177,83258
108.776,Received an expired out of sequence packet ,83178,83258
108.776,Received an expired out of sequence packet ,83179,83258
108.776,Received an expired out of sequence packet ,83180,83258
108.776,Received an expired out of sequence packet ,83181,83258
108.776,Received an expired out of sequence packet ,83182,83258
108.817,Received an expired out of sequence packet ,83183,83258
108.817,Received an expired out of sequence packet ,83184,83258
108.817,Received an expired out of sequence packet ,83185,83258
108.817,Received an expired out of sequence packet ,83186,83258
108.817,Received an expired out of sequence packet ,83187,83258
108.817,Received an expired out of sequence packet ,83188,83258
108.904,Received an expired out of sequence packet ,83189,83258
108.904,Received an expired out of sequence packet ,83190,83258
108.904,Received an expired out of sequence packet ,83191,83258
108.904,Received an expired out of sequence packet ,83192,83258
108.908,Received an expired out of sequence packet ,83193,83258
108.908,Received an expired out of sequence packet ,83194,83258
108.908,Received an expired out of sequence packet ,83195,83258
108.908,Received an expired out of sequence packet ,83196,83258
108.91,Received an expired out of sequence packet ,83197,83258
108.91,Received an expired out of sequence packet ,83198,83258
108.91,Received an expired out of sequence packet ,83199,83258
108.91,Received an expired out of sequence packet ,83200,83258
108.91,Received an expired out of sequence packet ,83201,83258
108.91,Received an expired out of sequence packet ,83202,83258
108.91,Received an expired out of sequence packet ,83203,83258
108.91,Received an expired out of sequence packet ,83204,83258
108.911,Received an expired out of sequence packet ,83205,83258
108.911,Received an expired out of sequence packet ,83206,83258
108.911,Received an expired out of sequence packet ,83207,83258
108.911,Received an expired out of sequence packet ,83208,83258
108.911,Received an expired out of sequence packet ,83209,83258
108.911,Received an expired out of sequence packet ,83210,83258
108.911,Received an expired out of sequence packet ,83211,83258
108.911,Received an expired out of sequence packet ,83212,83258
108.911,Received an expired out of sequence packet ,83213,83258
108.911,Received an expired out of sequence packet ,83214,83258
108.911,Received an expired out of sequence packet ,83215,83258
108.914,Received an expired out of sequence packet ,83216,83258
108.914,Received an expired out of sequence packet ,83217,83258
108.914,Received an expired out of sequence packet ,83218,83258
108.914,Received an expired out of sequence packet ,83219,83258
108.914,Received an expired out of sequence packet ,83220,83258
108.914,Received an expired out of sequence packet ,83221,83258
108.914,Received an expired out of sequence packet ,83222,83258
108.914,Received an expired out of sequence packet ,83223,83258
108.914,Received an expired out of sequence packet ,83224,83258
108.914,Received an expired out of sequence packet ,83225,83258
108.915,Received an expired out of sequence packet ,83226,83258
108.915,Received an expired out of sequence packet ,83227,83258
108.915,Received an expired out of sequence packet ,83228,83258
108.915,Received an expired out of sequence packet ,83229,83258
108.915,Received an expired out of sequence packet ,83230,83258
108.915,Received an expired out of sequence packet ,83231,83258
108.915,Received an expired out of sequence packet ,83232,83258
108.915,Received an expired out of sequence packet ,83233,83258
108.915,Received an expired out of sequence packet ,83234,83258
108.915,Received an expired out of sequence packet ,83235,83258
108.915,Received an expired out of sequence packet ,83236,83258
108.915,Received an expired out of sequence packet ,83237,83258
108.915,Received an expired out of sequence packet ,83238,83258
108.915,Received an expired out of sequence packet ,83239,83258
108.915,Received an expired out of sequence packet ,83240,83258
108.915,Received an expired out of sequence packet ,83241,83258
108.915,Received an expired out of sequence packet ,83242,83258
108.915,Received an expired out of sequence packet ,83243,83258
108.915,Received an expired out of sequence packet ,83244,83258
108.915,Received an expired out of sequence packet ,83245,83258
108.915,Received an expired out of sequence packet ,83246,83258
108.916,Received an expired out of sequence packet ,83247,83258
108.916,Received an expired out of sequence packet ,83248,83258
108.916,Received an expired out of sequence packet ,83249,83258
108.916,Received an expired out of sequence packet ,83250,83258
108.916,Received an expired out of sequence packet ,83251,83258
108.92,Received an expired out of sequence packet ,83252,83258
108.92,Received an expired out of sequence packet ,83253,83258
108.92,Received an expired out of sequence packet ,83254,83258
108.92,Received an expired out of sequence packet ,83255,83258
108.92,Received an expired out of sequence packet ,83256,83258
108.954,Received an expired out of sequence packet ,83257,83258
173.586,Timeout
173.586,clearing sending list because of timeout
173.598,Received an expired out of sequence packet ,118851,119062
173.632,Received an expired out of sequence packet ,118852,119062
173.636,Received an expired out of sequence packet ,118853,119062
173.636,Received an expired out of sequence packet ,118854,119062
173.708,Received an expired out of sequence packet ,118855,119062
173.708,Received an expired out of sequence packet ,118856,119062
173.708,Received an expired out of sequence packet ,118857,119062
173.708,Received an expired out of sequence packet ,118858,119062
173.708,Received an expired out of sequence packet ,118859,119062
173.708,Received an expired out of sequence packet ,118860,119062
173.708,Received an expired out of sequence packet ,118861,119062
173.708,Received an expired out of sequence packet ,118862,119062
173.708,Received an expired out of sequence packet ,118863,119062
173.708,Received an expired out of sequence packet ,118864,119062
173.708,Received an expired out of sequence packet ,118865,119062
173.711,Received an expired out of sequence packet ,118866,119062
173.741,Received an expired out of sequence packet ,118867,119062
173.741,Received an expired out of sequence packet ,118868,119062
173.741,Received an expired out of sequence packet ,118869,119062
173.741,Received an expired out of sequence packet ,118870,119062
173.741,Received an expired out of sequence packet ,118871,119062
173.741,Received an expired out of sequence packet ,118872,119062
173.741,Received an expired out of sequence packet ,118873,119062
173.741,Received an expired out of sequence packet ,118874,119062
173.741,Received an expired out of sequence packet ,118875,119062
173.742,Received an expired out of sequence packet ,118876,119062
173.742,Received an expired out of sequence packet ,118877,119062
173.742,Received an expired out of sequence packet ,118878,119062
173.742,Received an expired out of sequence packet ,118879,119062
173.755,Received an expired out of sequence packet ,118880,119062
173.755,Received an expired out of sequence packet ,118881,119062
173.755,Received an expired out of sequence packet ,118882,119062
173.755,Received an expired out of sequence packet ,118883,119062
173.755,Received an expired out of sequence packet ,118884,119062
173.755,Received an expired out of sequence packet ,118885,119062
173.755,Received an expired out of sequence packet ,118886,119062
173.755,Received an expired out of sequence packet ,118887,119062
173.755,Received an expired out of sequence packet ,118888,119062
173.755,Received an expired out of sequence packet ,118889,119062
173.764,Received an expired out of sequence packet ,118890,119062
173.764,Received an expired out of sequence packet ,118891,119062
173.764,Received an expired out of sequence packet ,118892,119062
173.764,Received an expired out of sequence packet ,118893,119062
173.772,Received an expired out of sequence packet ,118894,119062
173.772,Received an expired out of sequence packet ,118895,119062
173.775,Received an expired out of sequence packet ,118896,119062
173.775,Received an expired out of sequence packet ,118897,119062
173.775,Received an expired out of sequence packet ,118898,119062
173.775,Received an expired out of sequence packet ,118899,119062
173.775,Received an expired out of sequence packet ,118900,119062
173.775,Received an expired out of sequence packet ,118901,119062
173.775,Received an expired out of sequence packet ,118902,119062
173.775,Received an expired out of sequence packet ,118903,119062
173.816,Received an expired out of sequence packet ,118904,119062
173.816,Received an expired out of sequence packet ,118905,119062
173.816,Received an expired out of sequence packet ,118906,119062
173.817,Received an expired out of sequence packet ,118907,119062
173.818,Received an expired out of sequence packet ,118908,119062
173.818,Received an expired out of sequence packet ,118909,119062
173.904,Received an expired out of sequence packet ,118910,119062
173.904,Received an expired out of sequence packet ,118911,119062
173.904,Received an expired out of sequence packet ,118912,119062
173.904,Received an expired out of sequence packet ,118913,119062
173.907,Received an expired out of sequence packet ,118914,119062
173.907,Received an expired out of sequence packet ,118915,119062
173.907,Received an expired out of sequence packet ,118916,119062
173.908,Received an expired out of sequence packet ,118917,119062
173.91,Received an expired out of sequence packet ,118918,119062
173.91,Received an expired out of sequence packet ,118919,119062
173.91,Received an expired out of sequence packet ,118920,119062
173.91,Received an expired out of sequence packet ,118921,119062
173.91,Received an expired out of sequence packet ,118922,119062
173.91,Received an expired out of sequence packet ,118923,119062
173.91,Received an expired out of sequence packet ,118924,119062
173.91,Received an expired out of sequence packet ,118925,119062
173.91,Received an expired out of sequence packet ,118926,119062
173.91,Received an expired out of sequence packet ,118927,119062
173.91,Received an expired out of sequence packet ,118928,119062
173.91,Received an expired out of sequence packet ,118929,119062
173.91,Received an expired out of sequence packet ,118930,119062
173.91,Received an expired out of sequence packet ,118931,119062
173.91,Received an expired out of sequence packet ,118932,119062
173.91,Received an expired out of sequence packet ,118933,119062
173.91,Received an expired out of sequence packet ,118934,119062
173.911,Received an expired out of sequence packet ,118935,119062
173.911,Received an expired out of sequence packet ,118936,119062
173.911,Received an expired out of sequence packet ,118937,119062
173.911,Received an expired out of sequence packet ,118938,119062
173.911,Received an expired out of sequence packet ,118939,119062
173.911,Received an expired out of sequence packet ,118940,119062
173.911,Received an expired out of sequence packet ,118941,119062
173.911,Received an expired out of sequence packet ,118942,119062
173.911,Received an expired out of sequence packet ,118943,119062
173.914,Received an expired out of sequence packet ,118944,119062
173.914,Received an expired out of sequence packet ,118945,119062
173.914,Received an expired out of sequence packet ,118946,119062
173.914,Received an expired out of sequence packet ,118947,119062
173.915,Received an expired out of sequence packet ,118948,119062
173.915,Received an expired out of sequence packet ,118949,119062
173.915,Received an expired out of sequence packet ,118950,119062
173.915,Received an expired out of sequence packet ,118951,119062
173.915,Received an expired out of sequence packet ,118952,119062
173.915,Received an expired out of sequence packet ,118953,119062
173.92,Received an expired out of sequence packet ,118954,119062
173.92,Received an expired out of sequence packet ,118955,119062
173.92,Received an expired out of sequence packet ,118956,119062
173.92,Received an expired out of sequence packet ,118957,119062
173.92,Received an expired out of sequence packet ,118958,119062
173.92,Received an expired out of sequence packet ,118959,119062
173.92,Received an expired out of sequence packet ,118960,119062
173.92,Received an expired out of sequence packet ,118961,119062
173.92,Received an expired out of sequence packet ,118962,119062
173.92,Received an expired out of sequence packet ,118963,119062
173.92,Received an expired out of sequence packet ,118964,119062
173.92,Received an expired out of sequence packet ,118965,119062
173.92,Received an expired out of sequence packet ,118966,119062
173.92,Received an expired out of sequence packet ,118967,119062
173.92,Received an expired out of sequence packet ,118968,119062
173.92,Received an expired out of sequence packet ,118969,119062
173.92,Received an expired out of sequence packet ,118970,119062
173.92,Received an expired out of sequence packet ,118971,119062
173.92,Received an expired out of sequence packet ,118972,119062
173.92,Received an expired out of sequence packet ,118973,119062
173.92,Received an expired out of sequence packet ,118974,119062
173.92,Received an expired out of sequence packet ,118975,119062
173.92,Received an expired out of sequence packet ,118976,119062
173.92,Received an expired out of sequence packet ,118977,119062
173.954,Received an expired out of sequence packet ,118978,119062
173.954,Received an expired out of sequence packet ,118979,119062
173.954,Received an expired out of sequence packet ,118980,119062
173.954,Received an expired out of sequence packet ,118981,119062
173.954,Received an expired out of sequence packet ,118982,119062
173.954,Received an expired out of sequence packet ,118983,119062
173.954,Received an expired out of sequence packet ,118984,119062
173.954,Received an expired out of sequence packet ,118985,119062
173.954,Received an expired out of sequence packet ,118986,119062
173.963,Received an expired out of sequence packet ,118987,119062
173.963,Received an expired out of sequence packet ,118988,119062
173.963,Received an expired out of sequence packet ,118989,119062
173.963,Received an expired out of sequence packet ,118990,119062
173.963,Received an expired out of sequence packet ,118991,119062
173.963,Received an expired out of sequence packet ,118992,119062
173.963,Received an expired out of sequence packet ,118993,119062
173.965,Received an expired out of sequence packet ,118994,119062
173.965,Received an expired out of sequence packet ,118995,119062
173.987,Received an expired out of sequence packet ,118996,119062
173.987,Received an expired out of sequence packet ,118997,119062
173.997,Received an expired out of sequence packet ,118998,119062
173.997,Received an expired out of sequence packet ,118999,119062
173.997,Received an expired out of sequence packet ,119000,119062
173.997,Received an expired out of sequence packet ,119001,119062
174,Received an expired out of sequence packet ,119002,119062
174,Received an expired out of sequence packet ,119003,119062
174,Received an expired out of sequence packet ,119004,119062
174,Received an expired out of sequence packet ,119005,119062
174,Received an expired out of sequence packet ,119006,119062
174,Received an expired out of sequence packet ,119007,119062
174.021,Received an expired out of sequence packet ,119008,119062
174.021,Received an expired out of sequence packet ,119009,119062
174.021,Received an expired out of sequence packet ,119010,119062
174.021,Received an expired out of sequence packet ,119011,119062
174.021,Received an expired out of sequence packet ,119012,119062
174.021,Received an expired out of sequence packet ,119013,119062
174.021,Received an expired out of sequence packet ,119014,119062
174.021,Received an expired out of sequence packet ,119015,119062
174.021,Received an expired out of sequence packet ,119016,119062
174.021,Received an expired out of sequence packet ,119017,119062
174.021,Received an expired out of sequence packet ,119018,119062
174.021,Received an expired out of sequence packet ,119019,119062
174.021,Received an expired out of sequence packet ,119020,119062
174.021,Received an expired out of sequence packet ,119021,119062
174.021,Received an expired out of sequence packet ,119022,119062
174.021,Received an expired out of sequence packet ,119023,119062
174.021,Received an expired out of sequence packet ,119024,119062
174.021,Received an expired out of sequence packet ,119025,119062
174.021,Received an expired out of sequence packet ,119026,119062
174.021,Received an expired out of sequence packet ,119027,119062
174.031,Received an expired out of sequence packet ,119028,119062
174.031,Received an expired out of sequence packet ,119029,119062
174.031,Received an expired out of sequence packet ,119030,119062
174.031,Received an expired out of sequence packet ,119031,119062
174.033,Received an expired out of sequence packet ,119032,119062
174.033,Received an expired out of sequence packet ,119033,119062
174.084,Received an expired out of sequence packet ,119034,119062
174.084,Received an expired out of sequence packet ,119035,119062
174.084,Received an expired out of sequence packet ,119036,119062
174.084,Received an expired out of sequence packet ,119037,119062
174.147,Received an expired out of sequence packet ,119038,119062
174.147,Received an expired out of sequence packet ,119039,119062
174.156,Received an expired out of sequence packet ,119040,119062
174.157,Received an expired out of sequence packet ,119041,119062
174.157,Received an expired out of sequence packet ,119042,119062
174.157,Received an expired out of sequence packet ,119043,119062
174.157,Received an expired out of sequence packet ,119044,119062
174.157,Received an expired out of sequence packet ,119045,119062
174.161,Received an expired out of sequence packet ,119046,119062
174.164,Received an expired out of sequence packet ,119047,119062
174.164,Received an expired out of sequence packet ,119048,119062
174.164,Received an expired out of sequence packet ,119049,119062
174.164,Received an expired out of sequence packet ,119050,119062
174.164,Received an expired out of sequence packet ,119051,119062
174.164,Received an expired out of sequence packet ,119052,119062
174.164,Received an expired out of sequence packet ,119053,119062
174.164,Received an expired out of sequence packet ,119054,119062
174.164,Received an expired out of sequence packet ,119055,119062
174.164,Received an expired out of sequence packet ,119056,119062
174.164,Received an expired out of sequence packet ,119057,119062
174.164,Received an expired out of sequence packet ,119058,119062
174.164,Received an expired out of sequence packet ,119059,119062
174.164,Received an expired out of sequence packet ,119060,119062
174.164,Received an expired out of sequence packet ,119061,119062
187.516,Timeout
187.516,clearing sending list because of timeout
187.639,Received an expired out of sequence packet ,129270,129381
187.658,Received an expired out of sequence packet ,129271,129381
187.684,Received an expired out of sequence packet ,129272,129381
187.703,Received an expired out of sequence packet ,129273,129381
187.712,Received an expired out of sequence packet ,129274,129381
187.72,Received an expired out of sequence packet ,129275,129381
187.737,Received an expired out of sequence packet ,129276,129381
187.745,Received an expired out of sequence packet ,129277,129381
187.762,Received an expired out of sequence packet ,129278,129381
187.776,Received an expired out of sequence packet ,129279,129381
187.784,Received an expired out of sequence packet ,129280,129381
187.801,Received an expired out of sequence packet ,129281,129381
187.808,Received an expired out of sequence packet ,129282,129381
187.824,Received an expired out of sequence packet ,129283,129381
187.841,Received an expired out of sequence packet ,129284,129381
187.847,Received an expired out of sequence packet ,129285,129381
187.858,Received an expired out of sequence packet ,129286,129381
187.879,Received an expired out of sequence packet ,129287,129381
187.892,Received an expired out of sequence packet ,129288,129381
187.903,Received an expired out of sequence packet ,129289,129381
187.92,Received an expired out of sequence packet ,129290,129381
187.937,Received an expired out of sequence packet ,129291,129381
187.951,Received an expired out of sequence packet ,129292,129381
187.962,Received an expired out of sequence packet ,129293,129381
187.997,Received an expired out of sequence packet ,129294,129381
188.021,Received an expired out of sequence packet ,129295,129381
188.036,Received an expired out of sequence packet ,129296,129381
188.064,Received an expired out of sequence packet ,129297,129381
188.082,Received an expired out of sequence packet ,129298,129381
188.106,Received an expired out of sequence packet ,129299,129381
188.126,Received an expired out of sequence packet ,129300,129381
188.126,Received an expired out of sequence packet ,129301,129381
188.155,Received an expired out of sequence packet ,129302,129381
188.175,Received an expired out of sequence packet ,129303,129381
188.201,Received an expired out of sequence packet ,129304,129381
188.223,Received an expired out of sequence packet ,129305,129381
188.244,Received an expired out of sequence packet ,129306,129381
188.278,Received an expired out of sequence packet ,129307,129381
188.308,Received an expired out of sequence packet ,129308,129381
188.316,Received an expired out of sequence packet ,129309,129381
188.34,Received an expired out of sequence packet ,129310,129381
188.359,Received an expired out of sequence packet ,129311,129381
188.379,Received an expired out of sequence packet ,129312,129381
188.399,Received an expired out of sequence packet ,129313,129381
188.417,Received an expired out of sequence packet ,129314,129381
188.436,Received an expired out of sequence packet ,129315,129381
188.447,Received an expired out of sequence packet ,129316,129381
188.457,Received an expired out of sequence packet ,129317,129381
188.472,Received an expired out of sequence packet ,129318,129381
188.483,Received an expired out of sequence packet ,129319,129381
188.495,Received an expired out of sequence packet ,129320,129381
188.509,Received an expired out of sequence packet ,129321,129381
188.522,Received an expired out of sequence packet ,129322,129381
188.543,Received an expired out of sequence packet ,129323,129381
188.552,Received an expired out of sequence packet ,129324,129381
188.575,Received an expired out of sequence packet ,129325,129381
188.604,Received an expired out of sequence packet ,129326,129381
188.618,Received an expired out of sequence packet ,129327,129381
188.64,Received an expired out of sequence packet ,129328,129381
188.655,Received an expired out of sequence packet ,129329,129381
188.668,Received an expired out of sequence packet ,129330,129381
188.69,Received an expired out of sequence packet ,129331,129381
188.702,Received an expired out of sequence packet ,129332,129381
188.717,Received an expired out of sequence packet ,129333,129381
188.734,Received an expired out of sequence packet ,129334,129381
188.76,Received an expired out of sequence packet ,129335,129381
188.777,Received an expired out of sequence packet ,129336,129381
188.802,Received an expired out of sequence packet ,129337,129381
188.813,Received an expired out of sequence packet ,129338,129381
188.834,Received an expired out of sequence packet ,129339,129381
188.846,Received an expired out of sequence packet ,129340,129381
188.858,Received an expired out of sequence packet ,129341,129381
188.871,Received an expired out of sequence packet ,129342,129381
188.876,Received an expired out of sequence packet ,129343,129381
188.882,Received an expired out of sequence packet ,129344,129381
188.894,Received an expired out of sequence packet ,129345,129381
188.9,Received an expired out of sequence packet ,129346,129381
188.908,Received an expired out of sequence packet ,129347,129381
188.921,Received an expired out of sequence packet ,129348,129381
188.929,Received an expired out of sequence packet ,129349,129381
188.94,Received an expired out of sequence packet ,129350,129381
188.949,Received an expired out of sequence packet ,129351,129381
188.963,Received an expired out of sequence packet ,129352,129381
188.969,Received an expired out of sequence packet ,129353,129381
188.981,Received an expired out of sequence packet ,129354,129381
188.998,Received an expired out of sequence packet ,129355,129381
189.016,Received an expired out of sequence packet ,129356,129381
189.028,Received an expired out of sequence packet ,129357,129381
189.063,Received an expired out of sequence packet ,129358,129381
189.078,Received an expired out of sequence packet ,129359,129381
189.094,Received an expired out of sequence packet ,129360,129381
189.113,Received an expired out of sequence packet ,129361,129381
189.134,Received an expired out of sequence packet ,129362,129381
189.148,Received an expired out of sequence packet ,129363,129381
189.159,Received an expired out of sequence packet ,129364,129381
189.173,Received an expired out of sequence packet ,129365,129381
189.189,Received an expired out of sequence packet ,129366,129381
189.203,Received an expired out of sequence packet ,129367,129381
189.219,Received an expired out of sequence packet ,129368,129381
189.219,Received an expired out of sequence packet ,129369,129381
189.231,Received an expired out of sequence packet ,129370,129381
189.248,Received an expired out of sequence packet ,129371,129381
189.261,Received an expired out of sequence packet ,129372,129381
189.282,Received an expired out of sequence packet ,129373,129381
189.291,Received an expired out of sequence packet ,129374,129381
189.311,Received an expired out of sequence packet ,129375,129381
189.318,Received an expired out of sequence packet ,129376,129381
189.343,Received an expired out of sequence packet ,129377,129381
189.36,Received an expired out of sequence packet ,129378,129381
189.384,Received an expired out of sequence packet ,129379,129381
189.399,Received an expired out of sequence packet ,129380,129381
228.148,Timeout
228.148,clearing sending list because of timeout
228.164,Received an expired out of sequence packet ,151402,151465
228.164,Received an expired out of sequence packet ,151403,151465
228.167,Received an expired out of sequence packet ,151404,151465
228.167,Received an expired out of sequence packet ,151405,151465
228.167,Received an expired out of sequence packet ,151406,151465
228.167,Received an expired out of sequence packet ,151407,151465
228.17,Received an expired out of sequence packet ,151408,151465
228.17,Received an expired out of sequence packet ,151409,151465
228.171,Received an expired out of sequence packet ,151410,151465
228.175,Received an expired out of sequence packet ,151411,151465
228.175,Received an expired out of sequence packet ,151412,151465
228.175,Received an expired out of sequence packet ,151413,151465
228.175,Received an expired out of sequence packet ,151414,151465
228.175,Received an expired out of sequence packet ,151415,151465
228.175,Received an expired out of sequence packet ,151416,151465
228.196,Received an expired out of sequence packet ,151417,151465
228.196,Received an expired out of sequence packet ,151418,151465
228.196,Received an expired out of sequence packet ,151419,151465
228.196,Received an expired out of sequence packet ,151420,151465
228.196,Received an expired out of sequence packet ,151421,151465
228.196,Received an expired out of sequence packet ,151422,151465
228.196,Received an expired out of sequence packet ,151423,151465
228.196,Received an expired out of sequence packet ,151424,151465
228.196,Received an expired out of sequence packet ,151425,151465
228.197,Received an expired out of sequence packet ,151426,151465
228.197,Received an expired out of sequence packet ,151427,151465
228.197,Received an expired out of sequence packet ,151428,151465
228.211,Received an expired out of sequence packet ,151429,151465
228.211,Received an expired out of sequence packet ,151430,151465
228.214,Received an expired out of sequence packet ,151431,151465
228.214,Received an expired out of sequence packet ,151432,151465
228.214,Received an expired out of sequence packet ,151433,151465
228.214,Received an expired out of sequence packet ,151434,151465
228.215,Received an expired out of sequence packet ,151435,151465
228.215,Received an expired out of sequence packet ,151436,151465
228.215,Received an expired out of sequence packet ,151437,151465
228.215,Received an expired out of sequence packet ,151438,151465
228.222,Received an expired out of sequence packet ,151439,151465
228.224,Received an expired out of sequence packet ,151440,151465
228.224,Received an expired out of sequence packet ,151441,151465
228.224,Received an expired out of sequence packet ,151442,151465
228.228,Received an expired out of sequence packet ,151443,151465
228.228,Received an expired out of sequence packet ,151444,151465
228.228,Received an expired out of sequence packet ,151445,151465
228.228,Received an expired out of sequence packet ,151446,151465
228.228,Received an expired out of sequence packet ,151447,151465
228.228,Received an expired out of sequence packet ,151448,151465
228.228,Received an expired out of sequence packet ,151449,151465
228.228,Received an expired out of sequence packet ,151450,151465
228.228,Received an expired out of sequence packet ,151451,151465
228.228,Received an expired out of sequence packet ,151452,151465
228.228,Received an expired out of sequence packet ,151453,151465
228.228,Received an expired out of sequence packet ,151454,151465
228.228,Received an expired out of sequence packet ,151455,151465
228.228,Received an expired out of sequence packet ,151456,151465
228.228,Received an expired out of sequence packet ,151457,151465
228.229,Received an expired out of sequence packet ,151458,151465
228.229,Received an expired out of sequence packet ,151459,151465
228.229,Received an expired out of sequence packet ,151460,151465
228.229,Received an expired out of sequence packet ,151461,151465
228.229,Received an expired out of sequence packet ,151462,151465
228.229,Received an expired out of sequence packet ,151463,151465
228.229,Received an expired out of sequence packet ,151464,151465
241.923,Timeout
241.923,clearing sending list because of timeout
241.942,Received an expired out of sequence packet ,162606,162816
241.942,Received an expired out of sequence packet ,162607,162816
242.121,Received an expired out of sequence packet ,162608,162816
242.128,Received an expired out of sequence packet ,162609,162816
242.128,Received an expired out of sequence packet ,162610,162816
242.131,Received an expired out of sequence packet ,162611,162816
242.131,Received an expired out of sequence packet ,162612,162816
242.132,Received an expired out of sequence packet ,162613,162816
242.132,Received an expired out of sequence packet ,162614,162816
242.137,Received an expired out of sequence packet ,162615,162816
242.137,Received an expired out of sequence packet ,162616,162816
242.137,Received an expired out of sequence packet ,162617,162816
242.137,Received an expired out of sequence packet ,162618,162816
242.137,Received an expired out of sequence packet ,162619,162816
242.137,Received an expired out of sequence packet ,162620,162816
242.137,Received an expired out of sequence packet ,162621,162816
242.137,Received an expired out of sequence packet ,162622,162816
242.137,Received an expired out of sequence packet ,162623,162816
242.137,Received an expired out of sequence packet ,162624,162816
242.137,Received an expired out of sequence packet ,162625,162816
242.137,Received an expired out of sequence packet ,162626,162816
242.137,Received an expired out of sequence packet ,162627,162816
242.137,Received an expired out of sequence packet ,162628,162816
242.137,Received an expired out of sequence packet ,162629,162816
242.158,Received an expired out of sequence packet ,162630,162816
242.158,Received an expired out of sequence packet ,162631,162816
242.158,Received an expired out of sequence packet ,162632,162816
242.158,Received an expired out of sequence packet ,162633,162816
242.158,Received an expired out of sequence packet ,162634,162816
242.158,Received an expired out of sequence packet ,162635,162816
242.158,Received an expired out of sequence packet ,162636,162816
242.158,Received an expired out of sequence packet ,162637,162816
242.158,Received an expired out of sequence packet ,162638,162816
242.158,Received an expired out of sequence packet ,162639,162816
242.158,Received an expired out of sequence packet ,162640,162816
242.158,Received an expired out of sequence packet ,162641,162816
242.158,Received an expired out of sequence packet ,162642,162816
242.158,Received an expired out of sequence packet ,162643,162816
242.158,Received an expired out of sequence packet ,162644,162816
242.158,Received an expired out of sequence packet ,162645,162816
242.158,Received an expired out of sequence packet ,162646,162816
242.158,Received an expired out of sequence packet ,162647,162816
242.158,Received an expired out of sequence packet ,162648,162816
242.167,Received an expired out of sequence packet ,162649,162816
242.167,Received an expired out of sequence packet ,162650,162816
242.171,Received an expired out of sequence packet ,162651,162816
242.171,Received an expired out of sequence packet ,162652,162816
242.171,Received an expired out of sequence packet ,162653,162816
242.171,Received an expired out of sequence packet ,162654,162816
242.175,Received an expired out of sequence packet ,162655,162816
242.175,Received an expired out of sequence packet ,162656,162816
242.175,Received an expired out of sequence packet ,162657,162816
242.177,Received an expired out of sequence packet ,162658,162816
242.183,Received an expired out of sequence packet ,162659,162816
242.183,Received an expired out of sequence packet ,162660,162816
242.187,Received an expired out of sequence packet ,162661,162816
242.192,Received an expired out of sequence packet ,162662,162816
242.192,Received an expired out of sequence packet ,162663,162816
242.192,Received an expired out of sequence packet ,162664,162816
242.195,Received an expired out of sequence packet ,162665,162816
242.195,Received an expired out of sequence packet ,162666,162816
242.202,Received an expired out of sequence packet ,162667,162816
242.202,Received an expired out of sequence packet ,162668,162816
242.202,Received an expired out of sequence packet ,162669,162816
242.202,Received an expired out of sequence packet ,162670,162816
242.202,Received an expired out of sequence packet ,162671,162816
242.203,Received an expired out of sequence packet ,162672,162816
242.203,Received an expired out of sequence packet ,162673,162816
242.203,Received an expired out of sequence packet ,162674,162816
242.203,Received an expired out of sequence packet ,162675,162816
242.203,Received an expired out of sequence packet ,162676,162816
242.203,Received an expired out of sequence packet ,162677,162816
242.203,Received an expired out of sequence packet ,162678,162816
242.203,Received an expired out of sequence packet ,162679,162816
242.203,Received an expired out of sequence packet ,162680,162816
242.205,Received an expired out of sequence packet ,162681,162816
242.205,Received an expired out of sequence packet ,162682,162816
242.205,Received an expired out of sequence packet ,162683,162816
242.205,Received an expired out of sequence packet ,162684,162816
242.205,Received an expired out of sequence packet ,162685,162816
242.209,Received an expired out of sequence packet ,162686,162816
242.209,Received an expired out of sequence packet ,162687,162816
242.209,Received an expired out of sequence packet ,162688,162816
242.209,Received an expired out of sequence packet ,162689,162816
242.209,Received an expired out of sequence packet ,162690,162816
242.209,Received an expired out of sequence packet ,162691,162816
242.209,Received an expired out of sequence packet ,162692,162816
242.209,Received an expired out of sequence packet ,162693,162816
242.209,Received an expired out of sequence packet ,162694,162816
242.209,Received an expired out of sequence packet ,162695,162816
242.209,Received an expired out of sequence packet ,162696,162816
242.211,Received an expired out of sequence packet ,162697,162816
242.211,Received an expired out of sequence packet ,162698,162816
242.211,Received an expired out of sequence packet ,162699,162816
242.211,Received an expired out of sequence packet ,162700,162816
242.211,Received an expired out of sequence packet ,162701,162816
242.211,Received an expired out of sequence packet ,162702,162816
242.211,Received an expired out of sequence packet ,162703,162816
242.211,Received an expired out of sequence packet ,162704,162816
242.211,Received an expired out of sequence packet ,162705,162816
242.211,Received an expired out of sequence packet ,162706,162816
242.214,Received an expired out of sequence packet ,162707,162816
242.214,Received an expired out of sequence packet ,162708,162816
242.214,Received an expired out of sequence packet ,162709,162816
242.214,Received an expired out of sequence packet ,162710,162816
242.214,Received an expired out of sequence packet ,162711,162816
242.214,Received an expired out of sequence packet ,162712,162816
242.214,Received an expired out of sequence packet ,162713,162816
242.214,Received an expired out of sequence packet ,162714,162816
242.214,Received an expired out of sequence packet ,162715,162816
242.214,Received an expired out of sequence packet ,162716,162816
242.214,Received an expired out of sequence packet ,162717,162816
242.214,Received an expired out of sequence packet ,162718,162816
242.214,Received an expired out of sequence packet ,162719,162816
242.215,Received an expired out of sequence packet ,162720,162816
242.215,Received an expired out of sequence packet ,162721,162816
242.215,Received an expired out of sequence packet ,162722,162816
242.215,Received an expired out of sequence packet ,162723,162816
242.218,Received an expired out of sequence packet ,162724,162816
242.218,Received an expired out of sequence packet ,162725,162816
242.218,Received an expired out of sequence packet ,162726,162816
242.218,Received an expired out of sequence packet ,162727,162816
242.218,Received an expired out of sequence packet ,162728,162816
242.218,Received an expired out of sequence packet ,162729,162816
242.349,Received an expired out of sequence packet ,162730,162816
242.349,Received an expired out of sequence packet ,162731,162816
242.356,Received an expired out of sequence packet ,162732,162816
242.356,Received an expired out of sequence packet ,162733,162816
242.359,Received an expired out of sequence packet ,162734,162816
242.359,Received an expired out of sequence packet ,162735,162816
242.359,Received an expired out of sequence packet ,162736,162816
242.359,Received an expired out of sequence packet ,162737,162816
242.359,Received an expired out of sequence packet ,162738,162816
242.359,Received an expired out of sequence packet ,162739,162816
242.359,Received an expired out of sequence packet ,162740,162816
242.363,Received an expired out of sequence packet ,162741,162816
242.363,Received an expired out of sequence packet ,162742,162816
242.363,Received an expired out of sequence packet ,162743,162816
242.363,Received an expired out of sequence packet ,162744,162816
242.363,Received an expired out of sequence packet ,162745,162816
242.364,Received an expired out of sequence packet ,162746,162816
242.364,Received an expired out of sequence packet ,162747,162816
242.364,Received an expired out of sequence packet ,162748,162816
242.364,Received an expired out of sequence packet ,162749,162816
242.364,Received an expired out of sequence packet ,162750,162816
242.366,Received an expired out of sequence packet ,162751,162816
242.366,Received an expired out of sequence packet ,162752,162816
242.366,Received an expired out of sequence packet ,162753,162816
242.366,Received an expired out of sequence packet ,162754,162816
242.366,Received an expired out of sequence packet ,162755,162816
242.366,Received an expired out of sequence packet ,162756,162816
242.366,Received an expired out of sequence packet ,162757,162816
242.366,Received an expired out of sequence packet ,162758,162816
242.366,Received an expired out of sequence packet ,162759,162816
242.366,Received an expired out of sequence packet ,162760,162816
242.366,Received an expired out of sequence packet ,162761,162816
242.367,Received an expired out of sequence packet ,162762,162816
242.367,Received an expired out of sequence packet ,162763,162816
242.367,Received an expired out of sequence packet ,162764,162816
242.367,Received an expired out of sequence packet ,162765,162816
242.367,Received an expired out of sequence packet ,162766,162816
242.367,Received an expired out of sequence packet ,162767,162816
242.367,Received an expired out of sequence packet ,162768,162816
242.367,Received an expired out of sequence packet ,162769,162816
242.367,Received an expired out of sequence packet ,162770,162816
242.367,Received an expired out of sequence packet ,162771,162816
242.371,Received an expired out of sequence packet ,162772,162816
242.371,Received an expired out of sequence packet ,162773,162816
242.399,Received an expired out of sequence packet ,162774,162816
242.399,Received an expired out of sequence packet ,162775,162816
242.402,Received an expired out of sequence packet ,162776,162816
242.402,Received an expired out of sequence packet ,162777,162816
242.402,Received an expired out of sequence packet ,162778,162816
242.405,Received an expired out of sequence packet ,162779,162816
242.405,Received an expired out of sequence packet ,162780,162816
242.405,Received an expired out of sequence packet ,162781,162816
242.405,Received an expired out of sequence packet ,162782,162816
242.405,Received an expired out of sequence packet ,162783,162816
242.405,Received an expired out of sequence packet ,162784,162816
242.405,Received an expired out of sequence packet ,162785,162816
242.405,Received an expired out of sequence packet ,162786,162816
242.405,Received an expired out of sequence packet ,162787,162816
242.405,Received an expired out of sequence packet ,162788,162816
242.405,Received an expired out of sequence packet ,162789,162816
242.405,Received an expired out of sequence packet ,162790,162816
242.409,Received an expired out of sequence packet ,162791,162816
242.409,Received an expired out of sequence packet ,162792,162816
242.409,Received an expired out of sequence packet ,162793,162816
242.409,Received an expired out of sequence packet ,162794,162816
242.409,Received an expired out of sequence packet ,162795,162816
242.409,Received an expired out of sequence packet ,162796,162816
242.41,Received an expired out of sequence packet ,162797,162816
242.41,Received an expired out of sequence packet ,162798,162816
242.41,Received an expired out of sequence packet ,162799,162816
242.41,Received an expired out of sequence packet ,162800,162816
242.41,Received an expired out of sequence packet ,162801,162816
242.428,Received an expired out of sequence packet ,162802,162816
242.428,Received an expired out of sequence packet ,162803,162816
242.428,Received an expired out of sequence packet ,162804,162816
242.428,Received an expired out of sequence packet ,162805,162816
242.428,Received an expired out of sequence packet ,162806,162816
242.432,Received an expired out of sequence packet ,162807,162816
242.432,Received an expired out of sequence packet ,162808,162816
242.435,Received an expired out of sequence packet ,162809,162816
242.435,Received an expired out of sequence packet ,162810,162816
242.435,Received an expired out of sequence packet ,162811,162816
242.435,Received an expired out of sequence packet ,162812,162816
242.435,Received an expired out of sequence packet ,162813,162816
242.435,Received an expired out of sequence packet ,162814,162816
242.443,Received an expired out of sequence packet ,162815,162816
244.766,Timeout
244.766,clearing sending list because of timeout
244.796,Received an expired out of sequence packet ,163273,163303
244.796,Received an expired out of sequence packet ,163274,163303
244.798,Received an expired out of sequence packet ,163275,163303
244.798,Received an expired out of sequence packet ,163276,163303
244.798,Received an expired out of sequence packet ,163277,163303
244.798,Received an expired out of sequence packet ,163278,163303
244.798,Received an expired out of sequence packet ,163279,163303
244.798,Received an expired out of sequence packet ,163280,163303
244.798,Received an expired out of sequence packet ,163281,163303
244.802,Received an expired out of sequence packet ,163282,163303
244.804,Received an expired out of sequence packet ,163283,163303
244.804,Received an expired out of sequence packet ,163284,163303
244.804,Received an expired out of sequence packet ,163285,163303
244.813,Received an expired out of sequence packet ,163286,163303
244.813,Received an expired out of sequence packet ,163287,163303
244.813,Received an expired out of sequence packet ,163288,163303
244.813,Received an expired out of sequence packet ,163289,163303
244.813,Received an expired out of sequence packet ,163290,163303
244.813,Received an expired out of sequence packet ,163291,163303
244.813,Received an expired out of sequence packet ,163292,163303
244.813,Received an expired out of sequence packet ,163293,163303
244.813,Received an expired out of sequence packet ,163294,163303
244.813,Received an expired out of sequence packet ,163295,163303
244.817,Received an expired out of sequence packet ,163296,163303
244.817,Received an expired out of sequence packet ,163297,163303
244.817,Received an expired out of sequence packet ,163298,163303
244.817,Received an expired out of sequence packet ,163299,163303
244.817,Received an expired out of sequence packet ,163300,163303
244.822,Received an expired out of sequence packet ,163301,163303
244.822,Received an expired out of sequence packet ,163302,163303
245.061,Timeout
245.061,clearing sending list because of timeout
245.087,Received an expired out of sequence packet ,163306,163307
254.425,Timeout
254.425,clearing sending list because of timeout
254.427,Received an expired out of sequence packet ,165486,165582
254.98,Received an expired out of sequence packet ,165487,165582
254.987,Received an expired out of sequence packet ,165488,165582
254.987,Received an expired out of sequence packet ,165489,165582
254.987,Received an expired out of sequence packet ,165490,165582
254.988,Received an expired out of sequence packet ,165491,165582
254.988,Received an expired out of sequence packet ,165492,165582
254.988,Received an expired out of sequence packet ,165493,165582
254.988,Received an expired out of sequence packet ,165494,165582
254.988,Received an expired out of sequence packet ,165495,165582
254.988,Received an expired out of sequence packet ,165496,165582
255,Received an expired out of sequence packet ,165497,165582
255,Received an expired out of sequence packet ,165498,165582
255,Received an expired out of sequence packet ,165499,165582
255,Received an expired out of sequence packet ,165500,165582
255,Received an expired out of sequence packet ,165501,165582
255,Received an expired out of sequence packet ,165502,165582
255,Received an expired out of sequence packet ,165503,165582
255,Received an expired out of sequence packet ,165504,165582
255,Received an expired out of sequence packet ,165505,165582
255,Received an expired out of sequence packet ,165506,165582
255,Received an expired out of sequence packet ,165507,165582
255,Received an expired out of sequence packet ,165508,165582
255,Received an expired out of sequence packet ,165509,165582
255,Received an expired out of sequence packet ,165510,165582
255,Received an expired out of sequence packet ,165511,165582
255,Received an expired out of sequence packet ,165512,165582
255,Received an expired out of sequence packet ,165513,165582
255,Received an expired out of sequence packet ,165514,165582
255.001,Received an expired out of sequence packet ,165515,165582
255.001,Received an expired out of sequence packet ,165516,165582
255.001,Received an expired out of sequence packet ,165517,165582
255.001,Received an expired out of sequence packet ,165518,165582
255.002,Received an expired out of sequence packet ,165519,165582
255.002,Received an expired out of sequence packet ,165520,165582
255.002,Received an expired out of sequence packet ,165521,165582
255.002,Received an expired out of sequence packet ,165522,165582
255.003,Received an expired out of sequence packet ,165523,165582
255.003,Received an expired out of sequence packet ,165524,165582
255.003,Received an expired out of sequence packet ,165525,165582
255.003,Received an expired out of sequence packet ,165526,165582
255.003,Received an expired out of sequence packet ,165527,165582
255.003,Received an expired out of sequence packet ,165528,165582
255.003,Received an expired out of sequence packet ,165529,165582
255.003,Received an expired out of sequence packet ,165530,165582
255.003,Received an expired out of sequence packet ,165531,165582
255.005,Received an expired out of sequence packet ,165532,165582
255.005,Received an expired out of sequence packet ,165533,165582
255.008,Received an expired out of sequence packet ,165534,165582
255.008,Received an expired out of sequence packet ,165535,165582
255.01,Received an expired out of sequence packet ,165536,165582
255.01,Received an expired out of sequence packet ,165537,165582
255.01,Received an expired out of sequence packet ,165538,165582
255.01,Received an expired out of sequence packet ,165539,165582
255.017,Received an expired out of sequence packet ,165540,165582
255.017,Received an expired out of sequence packet ,165541,165582
255.017,Received an expired out of sequence packet ,165542,165582
255.017,Received an expired out of sequence packet ,165543,165582
255.017,Received an expired out of sequence packet ,165544,165582
255.017,Received an expired out of sequence packet ,165545,165582
255.017,Received an expired out of sequence packet ,165546,165582
255.017,Received an expired out of sequence packet ,165547,165582
255.017,Received an expired out of sequence packet ,165548,165582
255.017,Received an expired out of sequence packet ,165549,165582
255.018,Received an expired out of sequence packet ,165550,165582
255.018,Received an expired out of sequence packet ,165551,165582
255.018,Received an expired out of sequence packet ,165552,165582
255.022,Received an expired out of sequence packet ,165553,165582
255.022,Received an expired out of sequence packet ,165554,165582
255.027,Received an expired out of sequence packet ,165555,165582
255.027,Received an expired out of sequence packet ,165556,165582
255.028,Received an expired out of sequence packet ,165557,165582
255.028,Received an expired out of sequence packet ,165558,165582
255.028,Received an expired out of sequence packet ,165559,165582
255.028,Received an expired out of sequence packet 