1.15152,Exit slow start,exceeding SS_EXIT_THRESHOLD
42.7143,Missing packet expired,25733
92.9325,Timeout
92.9325,clearing sending list because of timeout
92.9673,Received an expired out of sequence packet ,52606,52765
92.9673,Received an expired out of sequence packet ,52607,52765
92.9673,Received an expired out of sequence packet ,52608,52765
92.9673,Received an expired out of sequence packet ,52609,52765
92.9673,Received an expired out of sequence packet ,52610,52765
92.9673,Received an expired out of sequence packet ,52611,52765
92.9674,Received an expired out of sequence packet ,52612,52765
92.9674,Received an expired out of sequence packet ,52613,52765
92.9674,Received an expired out of sequence packet ,52614,52765
92.9674,Received an expired out of sequence packet ,52615,52765
92.9674,Received an expired out of sequence packet ,52616,52765
92.9674,Received an expired out of sequence packet ,52617,52765
92.9674,Received an expired out of sequence packet ,52618,52765
93.0024,Received an expired out of sequence packet ,52619,52765
93.0065,Received an expired out of sequence packet ,52620,52765
93.0065,Received an expired out of sequence packet ,52621,52765
93.0065,Received an expired out of sequence packet ,52622,52765
93.0087,Received an expired out of sequence packet ,52623,52765
93.0087,Received an expired out of sequence packet ,52624,52765
93.0087,Received an expired out of sequence packet ,52625,52765
93.0087,Received an expired out of sequence packet ,52626,52765
93.0087,Received an expired out of sequence packet ,52627,52765
93.0087,Received an expired out of sequence packet ,52628,52765
93.0087,Received an expired out of sequence packet ,52629,52765
93.0087,Received an expired out of sequence packet ,52630,52765
93.0087,Received an expired out of sequence packet ,52631,52765
93.0087,Received an expired out of sequence packet ,52632,52765
93.0087,Received an expired out of sequence packet ,52633,52765
93.0119,Received an expired out of sequence packet ,52634,52765
93.0119,Received an expired out of sequence packet ,52635,52765
93.0119,Received an expired out of sequence packet ,52636,52765
93.0119,Received an expired out of sequence packet ,52637,52765
93.0119,Received an expired out of sequence packet ,52638,52765
93.0119,Received an expired out of sequence packet ,52639,52765
93.0119,Received an expired out of sequence packet ,52640,52765
93.0119,Received an expired out of sequence packet ,52641,52765
93.0119,Received an expired out of sequence packet ,52642,52765
93.0119,Received an expired out of sequence packet ,52643,52765
93.012,Received an expired out of sequence packet ,52644,52765
93.012,Received an expired out of sequence packet ,52645,52765
93.012,Received an expired out of sequence packet ,52646,52765
93.0853,Received an expired out of sequence packet ,52647,52765
93.0853,Received an expired out of sequence packet ,52648,52765
93.0874,Received an expired out of sequence packet ,52649,52765
93.0874,Received an expired out of sequence packet ,52650,52765
93.0874,Received an expired out of sequence packet ,52651,52765
93.0916,Received an expired out of sequence packet ,52652,52765
93.0916,Received an expired out of sequence packet ,52653,52765
93.0916,Received an expired out of sequence packet ,52654,52765
93.0916,Received an expired out of sequence packet ,52655,52765
93.0916,Received an expired out of sequence packet ,52656,52765
93.0916,Received an expired out of sequence packet ,52657,52765
93.0967,Received an expired out of sequence packet ,52658,52765
93.0967,Received an expired out of sequence packet ,52659,52765
93.0967,Received an expired out of sequence packet ,52660,52765
93.0968,Received an expired out of sequence packet ,52661,52765
93.0968,Received an expired out of sequence packet ,52662,52765
93.0968,Received an expired out of sequence packet ,52663,52765
93.0968,Received an expired out of sequence packet ,52664,52765
93.0968,Received an expired out of sequence packet ,52665,52765
93.0968,Received an expired out of sequence packet ,52666,52765
93.0968,Received an expired out of sequence packet ,52667,52765
93.0968,Received an expired out of sequence packet ,52668,52765
93.0968,Received an expired out of sequence packet ,52669,52765
93.099,Received an expired out of sequence packet ,52670,52765
93.099,Received an expired out of sequence packet ,52671,52765
93.099,Received an expired out of sequence packet ,52672,52765
93.099,Received an expired out of sequence packet ,52673,52765
93.099,Received an expired out of sequence packet ,52674,52765
93.099,Received an expired out of sequence packet ,52675,52765
93.099,Received an expired out of sequence packet ,52676,52765
93.099,Received an expired out of sequence packet ,52677,52765
93.099,Received an expired out of sequence packet ,52678,52765
93.099,Received an expired out of sequence packet ,52679,52765
93.099,Received an expired out of sequence packet ,52680,52765
93.0991,Received an expired out of sequence packet ,52681,52765
93.0991,Received an expired out of sequence packet ,52682,52765
93.0991,Received an expired out of sequence packet ,52683,52765
93.0991,Received an expired out of sequence packet ,52684,52765
93.0991,Received an expired out of sequence packet ,52685,52765
93.0991,Received an expired out of sequence packet ,52686,52765
93.1022,Received an expired out of sequence packet ,52687,52765
93.1022,Received an expired out of sequence packet ,52688,52765
93.1022,Received an expired out of sequence packet ,52689,52765
93.1022,Received an expired out of sequence packet ,52690,52765
93.1023,Received an expired out of sequence packet ,52691,52765
93.1023,Received an expired out of sequence packet ,52692,52765
93.1023,Received an expired out of sequence packet ,52693,52765
93.1023,Received an expired out of sequence packet ,52694,52765
93.1023,Received an expired out of sequence packet ,52695,52765
93.1023,Received an expired out of sequence packet ,52696,52765
93.1023,Received an expired out of sequence packet ,52697,52765
93.1023,Received an expired out of sequence packet ,52698,52765
93.1023,Received an expired out of sequence packet ,52699,52765
93.1023,Received an expired out of sequence packet ,52700,52765
93.1023,Received an expired out of sequence packet ,52701,52765
93.1024,Received an expired out of sequence packet ,52702,52765
93.1349,Received an expired out of sequence packet ,52703,52765
93.1349,Received an expired out of sequence packet ,52704,52765
93.1349,Received an expired out of sequence packet ,52705,52765
93.1349,Received an expired out of sequence packet ,52706,52765
93.1349,Received an expired out of sequence packet ,52707,52765
93.1437,Received an expired out of sequence packet ,52708,52765
93.1437,Received an expired out of sequence packet ,52709,52765
93.1437,Received an expired out of sequence packet ,52710,52765
93.1437,Received an expired out of sequence packet ,52711,52765
93.149,Received an expired out of sequence packet ,52712,52765
93.149,Received an expired out of sequence packet ,52713,52765
93.1541,Received an expired out of sequence packet ,52714,52765
93.1541,Received an expired out of sequence packet ,52715,52765
93.1541,Received an expired out of sequence packet ,52716,52765
93.1541,Received an expired out of sequence packet ,52717,52765
93.1542,Received an expired out of sequence packet ,52718,52765
93.1542,Received an expired out of sequence packet ,52719,52765
93.1553,Received an expired out of sequence packet ,52720,52765
93.1553,Received an expired out of sequence packet ,52721,52765
93.1553,Received an expired out of sequence packet ,52722,52765
93.1553,Received an expired out of sequence packet ,52723,52765
93.1553,Received an expired out of sequence packet ,52724,52765
93.1553,Received an expired out of sequence packet ,52725,52765
93.1554,Received an expired out of sequence packet ,52726,52765
93.1554,Received an expired out of sequence packet ,52727,52765
93.1554,Received an expired out of sequence packet ,52728,52765
93.1571,Received an expired out of sequence packet ,52729,52765
93.1571,Received an expired out of sequence packet ,52730,52765
93.1571,Received an expired out of sequence packet ,52731,52765
93.1571,Received an expired out of sequence packet ,52732,52765
93.1572,Received an expired out of sequence packet ,52733,52765
93.1572,Received an expired out of sequence packet ,52734,52765
93.1572,Received an expired out of sequence packet ,52735,52765
93.1572,Received an expired out of sequence packet ,52736,52765
93.1572,Received an expired out of sequence packet ,52737,52765
93.1572,Received an expired out of sequence packet ,52738,52765
93.1572,Received an expired out of sequence packet ,52739,52765
93.1572,Received an expired out of sequence packet ,52740,52765
93.1572,Received an expired out of sequence packet ,52741,52765
93.1572,Received an expired out of sequence packet ,52742,52765
93.1572,Received an expired out of sequence packet ,52743,52765
93.1573,Received an expired out of sequence packet ,52744,52765
93.1573,Received an expired out of sequence packet ,52745,52765
93.1573,Received an expired out of sequence packet ,52746,52765
93.1573,Received an expired out of sequence packet ,52747,52765
93.1573,Received an expired out of sequence packet ,52748,52765
93.1573,Received an expired out of sequence packet ,52749,52765
93.1573,Received an expired out of sequence packet ,52750,52765
93.1612,Received an expired out of sequence packet ,52751,52765
93.1613,Received an expired out of sequence packet ,52752,52765
93.1613,Received an expired out of sequence packet ,52753,52765
93.1613,Received an expired out of sequence packet ,52754,52765
93.1613,Received an expired out of sequence packet ,52755,52765
93.1613,Received an expired out of sequence packet ,52756,52765
93.1613,Received an expired out of sequence packet ,52757,52765
93.1644,Received an expired out of sequence packet ,52758,52765
93.1644,Received an expired out of sequence packet ,52759,52765
93.1644,Received an expired out of sequence packet ,52760,52765
93.1645,Received an expired out of sequence packet ,52761,52765
93.1645,Received an expired out of sequence packet ,52762,52765
93.1645,Received an expired out of sequence packet ,52763,52765
93.1645,Received an expired out of sequence packet ,52764,52765
139.142,Timeout
139.142,clearing sending list because of timeout
139.385,Received an expired out of sequence packet ,76654,76906
139.386,Received an expired out of sequence packet ,76655,76906
139.506,Received an expired out of sequence packet ,76656,76906
139.51,Received an expired out of sequence packet ,76657,76906
139.51,Received an expired out of sequence packet ,76658,76906
139.513,Received an expired out of sequence packet ,76659,76906
139.513,Received an expired out of sequence packet ,76660,76906
139.517,Received an expired out of sequence packet ,76661,76906
139.517,Received an expired out of sequence packet ,76662,76906
139.519,Received an expired out of sequence packet ,76663,76906
139.519,Received an expired out of sequence packet ,76664,76906
139.522,Received an expired out of sequence packet ,76665,76906
139.526,Received an expired out of sequence packet ,76666,76906
139.526,Received an expired out of sequence packet ,76667,76906
139.526,Received an expired out of sequence packet ,76668,76906
139.529,Received an expired out of sequence packet ,76669,76906
139.529,Received an expired out of sequence packet ,76670,76906
139.564,Received an expired out of sequence packet ,76671,76906
139.564,Received an expired out of sequence packet ,76672,76906
139.574,Received an expired out of sequence packet ,76673,76906
139.574,Received an expired out of sequence packet ,76674,76906
139.577,Received an expired out of sequence packet ,76675,76906
139.58,Received an expired out of sequence packet ,76676,76906
139.58,Received an expired out of sequence packet ,76677,76906
139.581,Received an expired out of sequence packet ,76678,76906
139.581,Received an expired out of sequence packet ,76679,76906
139.582,Received an expired out of sequence packet ,76680,76906
139.585,Received an expired out of sequence packet ,76681,76906
139.589,Received an expired out of sequence packet ,76682,76906
139.589,Received an expired out of sequence packet ,76683,76906
139.591,Received an expired out of sequence packet ,76684,76906
139.591,Received an expired out of sequence packet ,76685,76906
139.591,Received an expired out of sequence packet ,76686,76906
139.594,Received an expired out of sequence packet ,76687,76906
139.594,Received an expired out of sequence packet ,76688,76906
139.597,Received an expired out of sequence packet ,76689,76906
139.597,Received an expired out of sequence packet ,76690,76906
139.597,Received an expired out of sequence packet ,76691,76906
139.602,Received an expired out of sequence packet ,76692,76906
139.602,Received an expired out of sequence packet ,76693,76906
139.744,Received an expired out of sequence packet ,76694,76906
139.752,Received an expired out of sequence packet ,76695,76906
139.755,Received an expired out of sequence packet ,76696,76906
139.758,Received an expired out of sequence packet ,76697,76906
139.758,Received an expired out of sequence packet ,76698,76906
139.759,Received an expired out of sequence packet ,76699,76906
139.762,Received an expired out of sequence packet ,76700,76906
139.762,Received an expired out of sequence packet ,76701,76906
139.762,Received an expired out of sequence packet ,76702,76906
139.765,Received an expired out of sequence packet ,76703,76906
139.765,Received an expired out of sequence packet ,76704,76906
139.765,Received an expired out of sequence packet ,76705,76906
139.765,Received an expired out of sequence packet ,76706,76906
139.769,Received an expired out of sequence packet ,76707,76906
139.769,Received an expired out of sequence packet ,76708,76906
139.772,Received an expired out of sequence packet ,76709,76906
139.772,Received an expired out of sequence packet ,76710,76906
139.772,Received an expired out of sequence packet ,76711,76906
139.772,Received an expired out of sequence packet ,76712,76906
139.776,Received an expired out of sequence packet ,76713,76906
139.776,Received an expired out of sequence packet ,76714,76906
139.776,Received an expired out of sequence packet ,76715,76906
139.778,Received an expired out of sequence packet ,76716,76906
139.778,Received an expired out of sequence packet ,76717,76906
139.778,Received an expired out of sequence packet ,76718,76906
139.782,Received an expired out of sequence packet ,76719,76906
139.782,Received an expired out of sequence packet ,76720,76906
139.782,Received an expired out of sequence packet ,76721,76906
139.782,Received an expired out of sequence packet ,76722,76906
139.786,Received an expired out of sequence packet ,76723,76906
139.786,Received an expired out of sequence packet ,76724,76906
139.786,Received an expired out of sequence packet ,76725,76906
139.789,Received an expired out of sequence packet ,76726,76906
139.789,Received an expired out of sequence packet ,76727,76906
139.789,Received an expired out of sequence packet ,76728,76906
139.789,Received an expired out of sequence packet ,76729,76906
139.791,Received an expired out of sequence packet ,76730,76906
139.791,Received an expired out of sequence packet ,76731,76906
139.791,Received an expired out of sequence packet ,76732,76906
139.794,Received an expired out of sequence packet ,76733,76906
139.794,Received an expired out of sequence packet ,76734,76906
139.795,Received an expired out of sequence packet ,76735,76906
139.795,Received an expired out of sequence packet ,76736,76906
139.795,Received an expired out of sequence packet ,76737,76906
139.797,Received an expired out of sequence packet ,76738,76906
139.8,Received an expired out of sequence packet ,76739,76906
139.8,Received an expired out of sequence packet ,76740,76906
139.804,Received an expired out of sequence packet ,76741,76906
139.804,Received an expired out of sequence packet ,76742,76906
139.804,Received an expired out of sequence packet ,76743,76906
139.804,Received an expired out of sequence packet ,76744,76906
139.804,Received an expired out of sequence packet ,76745,76906
139.862,Received an expired out of sequence packet ,76746,76906
139.873,Received an expired out of sequence packet ,76747,76906
139.873,Received an expired out of sequence packet ,76748,76906
139.875,Received an expired out of sequence packet ,76749,76906
139.875,Received an expired out of sequence packet ,76750,76906
139.881,Received an expired out of sequence packet ,76751,76906
139.881,Received an expired out of sequence packet ,76752,76906
139.881,Received an expired out of sequence packet ,76753,76906
139.881,Received an expired out of sequence packet ,76754,76906
139.881,Received an expired out of sequence packet ,76755,76906
139.881,Received an expired out of sequence packet ,76756,76906
139.885,Received an expired out of sequence packet ,76757,76906
139.887,Received an expired out of sequence packet ,76758,76906
139.887,Received an expired out of sequence packet ,76759,76906
139.888,Received an expired out of sequence packet ,76760,76906
139.888,Received an expired out of sequence packet ,76761,76906
139.891,Received an expired out of sequence packet ,76762,76906
139.891,Received an expired out of sequence packet ,76763,76906
139.894,Received an expired out of sequence packet ,76764,76906
139.894,Received an expired out of sequence packet ,76765,76906
139.894,Received an expired out of sequence packet ,76766,76906
139.897,Received an expired out of sequence packet ,76767,76906
139.897,Received an expired out of sequence packet ,76768,76906
139.897,Received an expired out of sequence packet ,76769,76906
139.902,Received an expired out of sequence packet ,76770,76906
139.902,Received an expired out of sequence packet ,76771,76906
139.902,Received an expired out of sequence packet ,76772,76906
139.902,Received an expired out of sequence packet ,76773,76906
139.902,Received an expired out of sequence packet ,76774,76906
139.904,Received an expired out of sequence packet ,76775,76906
139.904,Received an expired out of sequence packet ,76776,76906
139.911,Received an expired out of sequence packet ,76777,76906
139.915,Received an expired out of sequence packet ,76778,76906
139.915,Received an expired out of sequence packet ,76779,76906
139.915,Received an expired out of sequence packet ,76780,76906
139.915,Received an expired out of sequence packet ,76781,76906
139.915,Received an expired out of sequence packet ,76782,76906
139.915,Received an expired out of sequence packet ,76783,76906
139.918,Received an expired out of sequence packet ,76784,76906
139.918,Received an expired out of sequence packet ,76785,76906
139.925,Received an expired out of sequence packet ,76786,76906
139.925,Received an expired out of sequence packet ,76787,76906
139.929,Received an expired out of sequence packet ,76788,76906
139.933,Received an expired out of sequence packet ,76789,76906
139.935,Received an expired out of sequence packet ,76790,76906
139.939,Received an expired out of sequence packet ,76791,76906
139.939,Received an expired out of sequence packet ,76792,76906
139.941,Received an expired out of sequence packet ,76793,76906
139.942,Received an expired out of sequence packet ,76794,76906
139.942,Received an expired out of sequence packet ,76795,76906
139.942,Received an expired out of sequence packet ,76796,76906
139.945,Received an expired out of sequence packet ,76797,76906
139.945,Received an expired out of sequence packet ,76798,76906
139.949,Received an expired out of sequence packet ,76799,76906
139.949,Received an expired out of sequence packet ,76800,76906
139.951,Received an expired out of sequence packet ,76801,76906
139.951,Received an expired out of sequence packet ,76802,76906
139.951,Received an expired out of sequence packet ,76803,76906
139.954,Received an expired out of sequence packet ,76804,76906
139.954,Received an expired out of sequence packet ,76805,76906
139.954,Received an expired out of sequence packet ,76806,76906
139.956,Received an expired out of sequence packet ,76807,76906
139.975,Received an expired out of sequence packet ,76808,76906
139.985,Received an expired out of sequence packet ,76809,76906
139.987,Received an expired out of sequence packet ,76810,76906
139.987,Received an expired out of sequence packet ,76811,76906
139.987,Received an expired out of sequence packet ,76812,76906
139.987,Received an expired out of sequence packet ,76813,76906
139.987,Received an expired out of sequence packet ,76814,76906
139.987,Received an expired out of sequence packet ,76815,76906
139.987,Received an expired out of sequence packet ,76816,76906
139.987,Received an expired out of sequence packet ,76817,76906
139.988,Received an expired out of sequence packet ,76818,76906
140.016,Received an expired out of sequence packet ,76819,76906
140.021,Received an expired out of sequence packet ,76820,76906
140.023,Received an expired out of sequence packet ,76821,76906
140.023,Received an expired out of sequence packet ,76822,76906
140.023,Received an expired out of sequence packet ,76823,76906
140.026,Received an expired out of sequence packet ,76824,76906
140.026,Received an expired out of sequence packet ,76825,76906
140.026,Received an expired out of sequence packet ,76826,76906
140.026,Received an expired out of sequence packet ,76827,76906
140.026,Received an expired out of sequence packet ,76828,76906
140.026,Received an expired out of sequence packet ,76829,76906
140.026,Received an expired out of sequence packet ,76830,76906
140.026,Received an expired out of sequence packet ,76831,76906
140.027,Received an expired out of sequence packet ,76832,76906
140.027,Received an expired out of sequence packet ,76833,76906
140.027,Received an expired out of sequence packet ,76834,76906
140.027,Received an expired out of sequence packet ,76835,76906
140.027,Received an expired out of sequence packet ,76836,76906
140.027,Received an expired out of sequence packet ,76837,76906
140.027,Received an expired out of sequence packet ,76838,76906
140.027,Received an expired out of sequence packet ,76839,76906
140.027,Received an expired out of sequence packet ,76840,76906
140.027,Received an expired out of sequence packet ,76841,76906
140.029,Received an expired out of sequence packet ,76842,76906
140.029,Received an expired out of sequence packet ,76843,76906
140.029,Received an expired out of sequence packet ,76844,76906
140.029,Received an expired out of sequence packet ,76845,76906
140.029,Received an expired out of sequence packet ,76846,76906
140.029,Received an expired out of sequence packet ,76847,76906
140.029,Received an expired out of sequence packet ,76848,76906
140.029,Received an expired out of sequence packet ,76849,76906
140.033,Received an expired out of sequence packet ,76850,76906
140.033,Received an expired out of sequence packet ,76851,76906
140.033,Received an expired out of sequence packet ,76852,76906
140.033,Received an expired out of sequence packet ,76853,76906
140.033,Received an expired out of sequence packet ,76854,76906
140.033,Received an expired out of sequence packet ,76855,76906
140.034,Received an expired out of sequence packet ,76856,76906
140.034,Received an expired out of sequence packet ,76857,76906
140.034,Received an expired out of sequence packet ,76858,76906
140.034,Received an expired out of sequence packet ,76859,76906
140.034,Received an expired out of sequence packet ,76860,76906
140.034,Received an expired out of sequence packet ,76861,76906
140.034,Received an expired out of sequence packet ,76862,76906
140.034,Received an expired out of sequence packet ,76863,76906
140.034,Received an expired out of sequence packet ,76864,76906
140.034,Received an expired out of sequence packet ,76865,76906
140.034,Received an expired out of sequence packet ,76866,76906
140.034,Received an expired out of sequence packet ,76867,76906
140.034,Received an expired out of sequence packet ,76868,76906
140.034,Received an expired out of sequence packet ,76869,76906
140.034,Received an expired out of sequence packet ,76870,76906
140.036,Received an expired out of sequence packet ,76871,76906
140.036,Received an expired out of sequence packet ,76872,76906
140.036,Received an expired out of sequence packet ,76873,76906
140.036,Received an expired out of sequence packet ,76874,76906
140.036,Received an expired out of sequence packet ,76875,76906
140.036,Received an expired out of sequence packet ,76876,76906
140.036,Received an expired out of sequence packet ,76877,76906
140.036,Received an expired out of sequence packet ,76878,76906
140.036,Received an expired out of sequence packet ,76879,76906
140.036,Received an expired out of sequence packet ,76880,76906
140.036,Received an expired out of sequence packet ,76881,76906
140.036,Received an expired out of sequence packet ,76882,76906
140.036,Received an expired out of sequence packet ,76883,76906
140.036,Received an expired out of sequence packet ,76884,76906
140.036,Received an expired out of sequence packet ,76885,76906
140.036,Received an expired out of sequence packet ,76886,76906
140.036,Received an expired out of sequence packet ,76887,76906
140.071,Received an expired out of sequence packet ,76888,76906
140.071,Received an expired out of sequence packet ,76889,76906
140.071,Received an expired out of sequence packet ,76890,76906
140.072,Received an expired out of sequence packet ,76891,76906
140.072,Received an expired out of sequence packet ,76892,76906
140.072,Received an expired out of sequence packet ,76893,76906
140.072,Received an expired out of sequence packet ,76894,76906
140.072,Received an expired out of sequence packet ,76895,76906
140.072,Received an expired out of sequence packet ,76896,76906
140.072,Received an expired out of sequence packet ,76897,76906
140.072,Received an expired out of sequence packet ,76898,76906
140.072,Received an expired out of sequence packet ,76899,76906
140.073,Received an expired out of sequence packet ,76900,76906
140.073,Received an expired out of sequence packet ,76901,76906
140.073,Received an expired out of sequence packet ,76902,76906
140.073,Received an expired out of sequence packet ,76903,76906
140.073,Received an expired out of sequence packet ,76904,76906
140.266,Received an expired out of sequence packet ,76905,76906
144.248,Timeout
144.248,clearing sending list because of timeout
144.492,Timeout
144.492,clearing sending list because of timeout
144.736,Timeout
144.736,clearing sending list because of timeout
144.828,Received an expired out of sequence packet ,77621,77626
144.829,Received an expired out of sequence packet ,77622,77626
144.83,Received an expired out of sequence packet ,77623,77626
144.832,Received an expired out of sequence packet ,77624,77626
144.832,Received an expired out of sequence packet ,77625,77626
177.08,Timeout
177.08,clearing sending list because of timeout
177.092,Received an expired out of sequence packet ,91137,91244
178.092,Timeout
178.092,clearing sending list because of timeout
178.095,Received an expired out of sequence packet ,91138,91246
178.095,Received an expired out of sequence packet ,91139,91246
179.091,Received an expired out of sequence packet ,91140,91246
179.991,Received an expired out of sequence packet ,91141,91246
179.992,Received an expired out of sequence packet ,91142,91246
179.993,Received an expired out of sequence packet ,91143,91246
179.993,Received an expired out of sequence packet ,91144,91246
179.995,Received an expired out of sequence packet ,91145,91246
179.996,Received an expired out of sequence packet ,91146,91246
179.998,Received an expired out of sequence packet ,91147,91246
179.998,Received an expired out of sequence packet ,91148,91246
180,Received an expired out of sequence packet ,91149,91246
180.001,Received an expired out of sequence packet ,91150,91246
180.002,Received an expired out of sequence packet ,91151,91246
180.002,Received an expired out of sequence packet ,91152,91246
180.005,Received an expired out of sequence packet ,91153,91246
180.005,Received an expired out of sequence packet ,91154,91246
180.007,Received an expired out of sequence packet ,91155,91246
180.009,Received an expired out of sequence packet ,91156,91246
180.011,Received an expired out of sequence packet ,91157,91246
180.011,Received an expired out of sequence packet ,91158,91246
180.011,Received an expired out of sequence packet ,91159,91246
180.011,Received an expired out of sequence packet ,91160,91246
180.013,Received an expired out of sequence packet ,91161,91246
180.013,Received an expired out of sequence packet ,91162,91246
180.013,Received an expired out of sequence packet ,91163,91246
180.013,Received an expired out of sequence packet ,91164,91246
180.014,Received an expired out of sequence packet ,91165,91246
180.016,Received an expired out of sequence packet ,91166,91246
180.02,Received an expired out of sequence packet ,91167,91246
180.02,Received an expired out of sequence packet ,91168,91246
180.022,Received an expired out of sequence packet ,91169,91246
180.022,Received an expired out of sequence packet ,91170,91246
180.022,Received an expired out of sequence packet ,91171,91246
180.022,Received an expired out of sequence packet ,91172,91246
180.024,Received an expired out of sequence packet ,91173,91246
180.024,Received an expired out of sequence packet ,91174,91246
180.028,Received an expired out of sequence packet ,91175,91246
180.029,Received an expired out of sequence packet ,91176,91246
180.031,Received an expired out of sequence packet ,91177,91246
180.031,Received an expired out of sequence packet ,91178,91246
180.031,Received an expired out of sequence packet ,91179,91246
180.031,Received an expired out of sequence packet ,91180,91246
180.032,Received an expired out of sequence packet ,91181,91246
180.034,Received an expired out of sequence packet ,91182,91246
180.034,Received an expired out of sequence packet ,91183,91246
180.036,Received an expired out of sequence packet ,91184,91246
180.038,Received an expired out of sequence packet ,91185,91246
180.038,Received an expired out of sequence packet ,91186,91246
180.038,Received an expired out of sequence packet ,91187,91246
180.039,Received an expired out of sequence packet ,91188,91246
180.04,Received an expired out of sequence packet ,91189,91246
180.04,Received an expired out of sequence packet ,91190,91246
180.042,Received an expired out of sequence packet ,91191,91246
180.045,Received an expired out of sequence packet ,91192,91246
180.045,Received an expired out of sequence packet ,91193,91246
180.049,Received an expired out of sequence packet ,91194,91246
180.049,Received an expired out of sequence packet ,91195,91246
180.05,Received an expired out of sequence packet ,91196,91246
180.05,Received an expired out of sequence packet ,91197,91246
180.05,Received an expired out of sequence packet ,91198,91246
180.05,Received an expired out of sequence packet ,91199,91246
180.05,Received an expired out of sequence packet ,91200,91246
180.053,Received an expired out of sequence packet ,91201,91246
180.055,Received an expired out of sequence packet ,91202,91246
180.055,Received an expired out of sequence packet ,91203,91246
180.055,Received an expired out of sequence packet ,91204,91246
180.058,Received an expired out of sequence packet ,91205,91246
180.058,Received an expired out of sequence packet ,91206,91246
180.058,Received an expired out of sequence packet ,91207,91246
180.058,Received an expired out of sequence packet ,91208,91246
180.059,Received an expired out of sequence packet ,91209,91246
180.061,Received an expired out of sequence packet ,91210,91246
180.061,Received an expired out of sequence packet ,91211,91246
180.062,Received an expired out of sequence packet ,91212,91246
180.071,Received an expired out of sequence packet ,91213,91246
180.071,Received an expired out of sequence packet ,91214,91246
180.072,Received an expired out of sequence packet ,91215,91246
180.072,Received an expired out of sequence packet ,91216,91246
180.074,Received an expired out of sequence packet ,91217,91246
180.074,Received an expired out of sequence packet ,91218,91246
180.077,Received an expired out of sequence packet ,91219,91246
180.077,Received an expired out of sequence packet ,91220,91246
180.078,Received an expired out of sequence packet ,91221,91246
180.078,Received an expired out of sequence packet ,91222,91246
180.081,Received an expired out of sequence packet ,91223,91246
180.081,Received an expired out of sequence packet ,91224,91246
180.083,Received an expired out of sequence packet ,91225,91246
180.083,Received an expired out of sequence packet ,91226,91246
180.084,Received an expired out of sequence packet ,91227,91246
180.084,Received an expired out of sequence packet ,91228,91246
180.086,Received an expired out of sequence packet ,91229,91246
180.086,Received an expired out of sequence packet ,91230,91246
180.089,Received an expired out of sequence packet ,91231,91246
180.089,Received an expired out of sequence packet ,91232,91246
180.091,Received an expired out of sequence packet ,91233,91246
180.091,Received an expired out of sequence packet ,91234,91246
180.092,Received an expired out of sequence packet ,91235,91246
180.092,Received an expired out of sequence packet ,91236,91246
180.095,Received an expired out of sequence packet ,91237,91246
180.095,Received an expired out of sequence packet ,91238,91246
180.096,Received an expired out of sequence packet ,91239,91246
180.096,Received an expired out of sequence packet ,91240,91246
180.099,Received an expired out of sequence packet ,91241,91246
180.099,Received an expired out of sequence packet ,91242,91246
180.099,Received an expired out of sequence packet ,91243,91246
180.099,Received an expired out of sequence packet ,91244,91246
180.152,Received an expired out of sequence packet ,91245,91246
209.775,Timeout
209.775,clearing sending list because of timeout
209.981,Received an expired out of sequence packet ,100800,100843
209.981,Received an expired out of sequence packet ,100801,100843
209.981,Received an expired out of sequence packet ,100802,100843
209.982,Received an expired out of sequence packet ,100803,100843
209.984,Received an expired out of sequence packet ,100804,100843
209.984,Received an expired out of sequence packet ,100805,100843
209.992,Received an expired out of sequence packet ,100806,100843
209.992,Received an expired out of sequence packet ,100807,100843
209.992,Received an expired out of sequence packet ,100808,100843
209.992,Received an expired out of sequence packet ,100809,100843
209.992,Received an expired out of sequence packet ,100810,100843
209.994,Received an expired out of sequence packet ,100811,100843
209.994,Received an expired out of sequence packet ,100812,100843
209.996,Received an expired out of sequence packet ,100813,100843
209.996,Received an expired out of sequence packet ,100814,100843
209.996,Received an expired out of sequence packet ,100815,100843
209.996,Received an expired out of sequence packet ,100816,100843
209.996,Received an expired out of sequence packet ,100817,100843
209.998,Received an expired out of sequence packet ,100818,100843
209.999,Received an expired out of sequence packet ,100819,100843
210.014,Received an expired out of sequence packet ,100820,100843
210.014,Received an expired out of sequence packet ,100821,100843
210.015,Received an expired out of sequence packet ,100822,100843
210.017,Received an expired out of sequence packet ,100823,100843
210.029,Received an expired out of sequence packet ,100824,100843
210.029,Received an expired out of sequence packet ,100825,100843
210.029,Received an expired out of sequence packet ,100826,100843
210.029,Received an expired out of sequence packet ,100827,100843
210.029,Received an expired out of sequence packet ,100828,100843
210.029,Received an expired out of sequence packet ,100829,100843
210.029,Received an expired out of sequence packet ,100830,100843
210.031,Received an expired out of sequence packet ,100831,100843
210.031,Received an expired out of sequence packet ,100832,100843
210.031,Received an expired out of sequence packet ,100833,100843
210.031,Received an expired out of sequence packet ,100834,100843
210.041,Received an expired out of sequence packet ,100835,100843
210.041,Received an expired out of sequence packet ,100836,100843
210.041,Received an expired out of sequence packet ,100837,100843
210.041,Received an expired out of sequence packet ,100838,100843
210.041,Received an expired out of sequence packet ,100839,100843
210.043,Received an expired out of sequence packet ,100840,100843
210.044,Received an expired out of sequence packet ,100841,100843
210.044,Received an expired out of sequence packet ,100842,100843
226.565,Missing packet expired,120711
257.217,Timeout
257.217,clearing sending list because of timeout
257.224,Received an expired out of sequence packet ,138201,138264
257.244,Received an expired out of sequence packet ,138202,138264
257.244,Received an expired out of sequence packet ,138203,138264
257.257,Received an expired out of sequence packet ,138204,138264
257.257,Received an expired out of sequence packet ,138205,138264
257.257,Received an expired out of sequence packet ,138206,138264
257.257,Received an expired out of sequence packet ,138207,138264
257.257,Received an expired out of sequence packet ,138208,138264
257.257,Received an expired out of sequence packet ,138209,138264
257.257,Received an expired out of sequence packet ,138210,138264
257.257,Received an expired out of sequence packet ,138211,138264
257.257,Received an expired out of sequence packet ,138212,138264
257.257,Received an expired out of sequence packet ,138213,138264
257.257,Received an expired out of sequence packet ,138214,138264
257.257,Received an expired out of sequence packet ,138215,138264
257.257,Received an expired out of sequence packet ,138216,138264
257.257,Received an expired out of sequence packet ,138217,138264
257.257,Received an expired out of sequence packet ,138218,138264
257.257,Received an expired out of sequence packet ,138219,138264
257.26,Received an expired out of sequence packet ,138220,138264
257.26,Received an expired out of sequence packet ,138221,138264
257.266,Received an expired out of sequence packet ,138222,138264
257.269,Received an expired out of sequence packet ,138223,138264
257.269,Received an expired out of sequence packet ,138224,138264
257.269,Received an expired out of sequence packet ,138225,138264
257.269,Received an expired out of sequence packet ,138226,138264
257.271,Received an expired out of sequence packet ,138227,138264
257.271,Received an expired out of sequence packet ,138228,138264
257.274,Received an expired out of sequence packet ,138229,138264
257.274,Received an expired out of sequence packet ,138230,138264
257.274,Received an expired out of sequence packet ,138231,138264
257.274,Received an expired out of sequence packet ,138232,138264
257.274,Received an expired out of sequence packet ,138233,138264
257.274,Received an expired out of sequence packet ,138234,138264
257.274,Received an expired out of sequence packet ,138235,138264
257.274,Received an expired out of sequence packet ,138236,138264
257.274,Received an expired out of sequence packet ,138237,138264
257.274,Received an expired out of sequence packet ,138238,138264
257.274,Received an expired out of sequence packet ,138239,138264
257.274,Received an expired out of sequence packet ,138240,138264
257.274,Received an expired out of sequence packet ,138241,138264
257.275,Received an expired out of sequence packet ,138242,138264
257.275,Received an expired out of sequence packet ,138243,138264
257.275,Received an expired out of sequence packet ,138244,138264
257.275,Received an expired out of sequence packet ,138245,138264
257.275,Received an expired out of sequence packet ,138246,138264
257.275,Received an expired out of sequence packet ,138247,138264
257.277,Received an expired out of sequence packet ,138248,138264
257.277,Received an expired out of sequence packet ,138249,138264
257.277,Received an expired out of sequence packet ,138250,138264
257.277,Received an expired out of sequence packet ,138251,138264
257.28,Received an expired out of sequence packet ,138252,138264
257.28,Received an expired out of sequence packet ,138253,138264
257.28,Received an expired out of sequence packet ,138254,138264
257.28,Received an expired out of sequence packet ,138255,138264
257.28,Received an expired out of sequence packet ,138256,138264
257.28,Received an expired out of sequence packet ,138257,138264
257.28,Received an expired out of sequence packet ,138258,138264
257.28,Received an expired out of sequence packet ,138259,138264
257.28,Received an expired out of sequence packet ,138260,138264
257.281,Received an expired out of sequence packet ,138261,138264
257.281,Received an expired out of sequence packet ,138262,138264
257.281,Received an expired out of sequence packet ,138263,138264
258.804,Timeout
258.804,clearing sending list because of timeout
258.815,Received an expired out of sequence packet ,138335,138336
271.649,Timeout
271.649,clearing sending list because of timeout
271.819,Received an expired out of sequence packet ,144112,144494
271.867,Received an expired out of sequence packet ,144113,144494
271.871,Received an expired out of sequence packet ,144114,144494
271.871,Received an expired out of sequence packet ,144115,144494
271.872,Received an expired out of sequence packet ,144116,144494
271.872,Received an expired out of sequence packet ,144117,144494
271.872,Received an expired out of sequence packet ,144118,144494
271.873,Received an expired out of sequence packet ,144119,144494
271.873,Received an expired out of sequence packet ,144120,144494
271.873,Received an expired out of sequence packet ,144121,144494
271.873,Received an expired out of sequence packet ,144122,144494
271.873,Received an expired out of sequence packet ,144123,144494
271.873,Received an expired out of sequence packet ,144124,144494
271.873,Received an expired out of sequence packet ,144125,144494
271.873,Received an expired out of sequence packet ,144126,144494
271.873,Received an expired out of sequence packet ,144127,144494
271.876,Received an expired out of sequence packet ,144128,144494
271.876,Received an expired out of sequence packet ,144129,144494
271.876,Received an expired out of sequence packet ,144130,144494
271.876,Received an expired out of sequence packet ,144131,144494
271.876,Received an expired out of sequence packet ,144132,144494
271.877,Received an expired out of sequence packet ,144133,144494
271.907,Received an expired out of sequence packet ,144134,144494
271.91,Received an expired out of sequence packet ,144135,144494
271.914,Received an expired out of sequence packet ,144136,144494
271.915,Received an expired out of sequence packet ,144137,144494
271.915,Received an expired out of sequence packet ,144138,144494
271.919,Received an expired out of sequence packet ,144139,144494
271.919,Received an expired out of sequence packet ,144140,144494
271.919,Received an expired out of sequence packet ,144141,144494
271.919,Received an expired out of sequence packet ,144142,144494
271.919,Received an expired out of sequence packet ,144143,144494
271.928,Received an expired out of sequence packet ,144144,144494
271.928,Received an expired out of sequence packet ,144145,144494
271.928,Received an expired out of sequence packet ,144146,144494
271.928,Received an expired out of sequence packet ,144147,144494
271.928,Received an expired out of sequence packet ,144148,144494
271.928,Received an expired out of sequence packet ,144149,144494
271.928,Received an expired out of sequence packet ,144150,144494
271.928,Received an expired out of sequence packet ,144151,144494
271.929,Received an expired out of sequence packet ,144152,144494
271.943,Received an expired out of sequence packet ,144153,144494
271.943,Received an expired out of sequence packet ,144154,144494
271.943,Received an expired out of sequence packet ,144155,144494
271.943,Received an expired out of sequence packet ,144156,144494
271.943,Received an expired out of sequence packet ,144157,144494
271.943,Received an expired out of sequence packet ,144158,144494
271.943,Received an expired out of sequence packet ,144159,144494
271.943,Received an expired out of sequence packet ,144160,144494
271.943,Received an expired out of sequence packet ,144161,144494
271.943,Received an expired out of sequence packet ,144162,144494
271.943,Received an expired out of sequence packet ,144163,144494
271.943,Received an expired out of sequence packet ,144164,144494
271.943,Received an expired out of sequence packet ,144165,144494
271.943,Received an expired out of sequence packet ,144166,144494
271.943,Received an expired out of sequence packet ,144167,144494
271.943,Received an expired out of sequence packet ,144168,144494
271.943,Received an expired out of sequence packet ,144169,144494
271.943,Received an expired out of sequence packet ,144170,144494
271.943,Received an expired out of sequence packet ,144171,144494
271.943,Received an expired out of sequence packet ,144172,144494
271.943,Received an expired out of sequence packet ,144173,144494
271.943,Received an expired out of sequence packet ,144174,144494
271.943,Received an expired out of sequence packet ,144175,144494
271.943,Received an expired out of sequence packet ,144176,144494
271.943,Received an expired out of sequence packet ,144177,144494
271.953,Received an expired out of sequence packet ,144178,144494
271.953,Received an expired out of sequence packet ,144179,144494
271.953,Received an expired out of sequence packet ,144180,144494
271.953,Received an expired out of sequence packet ,144181,144494
271.954,Received an expired out of sequence packet ,144182,144494
271.954,Received an expired out of sequence packet ,144183,144494
271.954,Received an expired out of sequence packet ,144184,144494
271.961,Received an expired out of sequence packet ,144185,144494
271.961,Received an expired out of sequence packet ,144186,144494
271.961,Received an expired out of sequence packet ,144187,144494
271.961,Received an expired out of sequence packet ,144188,144494
271.961,Received an expired out of sequence packet ,144189,144494
271.962,Received an expired out of sequence packet ,144190,144494
271.962,Received an expired out of sequence packet ,144191,144494
271.962,Received an expired out of sequence packet ,144192,144494
271.962,Received an expired out of sequence packet ,144193,144494
271.962,Received an expired out of sequence packet ,144194,144494
271.962,Received an expired out of sequence packet ,144195,144494
271.962,Received an expired out of sequence packet ,144196,144494
271.962,Received an expired out of sequence packet ,144197,144494
271.962,Received an expired out of sequence packet ,144198,144494
271.962,Received an expired out of sequence packet ,144199,144494
271.963,Received an expired out of sequence packet ,144200,144494
271.963,Received an expired out of sequence packet ,144201,144494
271.963,Received an expired out of sequence packet ,144202,144494
271.963,Received an expired out of sequence packet ,144203,144494
271.963,Received an expired out of sequence packet ,144204,144494
271.963,Received an expired out of sequence packet ,144205,144494
271.963,Received an expired out of sequence packet ,144206,144494
271.963,Received an expired out of sequence packet ,144207,144494
271.963,Received an expired out of sequence packet ,144208,144494
271.963,Received an expired out of sequence packet ,144209,144494
271.963,Received an expired out of sequence packet ,144210,144494
271.967,Received an expired out of sequence packet ,144211,144494
271.968,Received an expired out of sequence packet ,144212,144494
271.968,Received an expired out of sequence packet ,144213,144494
271.97,Received an expired out of sequence packet ,144214,144494
271.97,Received an expired out of sequence packet ,144215,144494
271.97,Received an expired out of sequence packet ,144216,144494
271.97,Received an expired out of sequence packet ,144217,144494
271.971,Received an expired out of sequence packet ,144218,144494
271.971,Received an expired out of sequence packet ,144219,144494
271.971,Received an expired out of sequence packet ,144220,144494
271.971,Received an expired out of sequence packet ,144221,144494
271.971,Received an expired out of sequence packet ,144222,144494
271.972,Received an expired out of sequence packet ,144223,144494
271.972,Received an expired out of sequence packet ,144224,144494
271.972,Received an expired out of sequence packet ,144225,144494
271.972,Received an expired out of sequence packet ,144226,144494
271.972,Received an expired out of sequence packet ,144227,144494
271.972,Received an expired out of sequence packet ,144228,144494
271.972,Received an expired out of sequence packet ,144229,144494
271.972,Received an expired out of sequence packet ,144230,144494
271.972,Received an expired out of sequence packet ,144231,144494
271.972,Received an expired out of sequence packet ,144232,144494
271.973,Received an expired out of sequence packet ,144233,144494
271.973,Received an expired out of sequence packet ,144234,144494
271.976,Received an expired out of sequence packet ,144235,144494
271.976,Received an expired out of sequence packet ,144236,144494
271.982,Received an expired out of sequence packet ,144237,144494
271.982,Received an expired out of sequence packet ,144238,144494
271.982,Received an expired out of sequence packet ,144239,144494
271.982,Received an expired out of sequence packet ,144240,144494
271.982,Received an expired out of sequence packet ,144241,144494
271.982,Received an expired out of sequence packet ,144242,144494
271.982,Received an expired out of sequence packet ,144243,144494
271.982,Received an expired out of sequence packet ,144244,144494
271.982,Received an expired out of sequence packet ,144245,144494
271.982,Received an expired out of sequence packet ,144246,144494
271.982,Received an expired out of sequence packet ,144247,144494
271.982,Received an expired out of sequence packet ,144248,144494
271.982,Received an expired out of sequence packet ,144249,144494
271.982,Received an expired out of sequence packet ,144250,144494
271.982,Received an expired out of sequence packet ,144251,144494
271.991,Received an expired out of sequence packet ,144252,144494
271.991,Received an expired out of sequence packet ,144253,144494
271.991,Received an expired out of sequence packet ,144254,144494
271.991,Received an expired out of sequence packet ,144255,144494
271.991,Received an expired out of sequence packet ,144256,144494
271.991,Received an expired out of sequence packet ,144257,144494
271.991,Received an expired out of sequence packet ,144258,144494
271.991,Received an expired out of sequence packet ,144259,144494
271.991,Received an expired out of sequence packet ,144260,144494
271.991,Received an expired out of sequence packet ,144261,144494
271.991,Received an expired out of sequence packet ,144262,144494
271.991,Received an expired out of sequence packet ,144263,144494
271.991,Received an expired out of sequence packet ,144264,144494
271.991,Received an expired out of sequence packet ,144265,144494
271.991,Received an expired out of sequence packet ,144266,144494
271.994,Received an expired out of sequence packet ,144267,144494
272.001,Received an expired out of sequence packet ,144268,144494
272.001,Received an expired out of sequence packet ,144269,144494
272.001,Received an expired out of sequence packet ,144270,144494
272.001,Received an expired out of sequence packet ,144271,144494
272.001,Received an expired out of sequence packet ,144272,144494
272.001,Received an expired out of sequence packet ,144273,144494
272.006,Received an expired out of sequence packet ,144274,144494
272.006,Received an expired out of sequence packet ,144275,144494
272.006,Received an expired out of sequence packet ,144276,144494
272.006,Received an expired out of sequence packet ,144277,144494
272.006,Received an expired out of sequence packet ,144278,144494
272.006,Received an expired out of sequence packet ,144279,144494
272.007,Received an expired out of sequence packet ,144280,144494
272.007,Received an expired out of sequence packet ,144281,144494
272.008,Received an expired out of sequence packet ,144282,144494
272.008,Received an expired out of sequence packet ,144283,144494
272.008,Received an expired out of sequence packet ,144284,144494
272.008,Received an expired out of sequence packet ,144285,144494
272.008,Received an expired out of sequence packet ,144286,144494
272.008,Received an expired out of sequence packet ,144287,144494
272.008,Received an expired out of sequence packet ,144288,144494
272.008,Received an expired out of sequence packet ,144289,144494
272.008,Received an expired out of sequence packet ,144290,144494
272.008,Received an expired out of sequence packet ,144291,144494
272.008,Received an expired out of sequence packet ,144292,144494
272.008,Received an expired out of sequence packet ,144293,144494
272.008,Received an expired out of sequence packet ,144294,144494
272.009,Received an expired out of sequence packet ,144295,144494
272.009,Received an expired out of sequence packet ,144296,144494
272.009,Received an expired out of sequence packet ,144297,144494
272.009,Received an expired out of sequence packet ,144298,144494
272.009,Received an expired out of sequence packet ,144299,144494
272.009,Received an expired out of sequence packet ,144300,144494
272.009,Received an expired out of sequence packet ,144301,144494
272.009,Received an expired out of sequence packet ,144302,144494
272.009,Received an expired out of sequence packet ,144303,144494
272.009,Received an expired out of sequence packet ,144304,144494
272.009,Received an expired out of sequence packet ,144305,144494
272.009,Received an expired out of sequence packet ,144306,144494
272.015,Received an expired out of sequence packet ,144307,144494
272.015,Received an expired out of sequence packet ,144308,144494
272.015,Received an expired out of sequence packet ,144309,144494
272.015,Received an expired out of sequence packet ,144310,144494
272.015,Received an expired out of sequence packet ,144311,144494
272.021,Received an expired out of sequence packet ,144312,144494
272.021,Received an expired out of sequence packet ,144313,144494
272.021,Received an expired out of sequence packet ,144314,144494
272.021,Received an expired out of sequence packet ,144315,144494
272.021,Received an expired out of sequence packet ,144316,144494
272.022,Received an expired out of sequence packet ,144317,144494
272.022,Received an expired out of sequence packet ,144318,144494
272.022,Received an expired out of sequence packet ,144319,144494
272.022,Received an expired out of sequence packet ,144320,144494
272.022,Received an expired out of sequence packet ,144321,144494
272.022,Received an expired out of sequence packet ,144322,144494
272.022,Received an expired out of sequence packet ,144323,144494
272.022,Received an expired out of sequence packet ,144324,144494
272.022,Received an expired out of sequence packet ,144325,144494
272.022,Received an expired out of sequence packet ,144326,144494
272.022,Received an expired out of sequence packet ,144327,144494
272.022,Received an expired out of sequence packet ,144328,144494
272.022,Received an expired out of sequence packet ,144329,144494
272.022,Received an expired out of sequence packet ,144330,144494
272.022,Received an expired out of sequence packet ,144331,144494
272.025,Received an expired out of sequence packet ,144332,144494
272.025,Received an expired out of sequence packet ,144333,144494
272.025,Received an expired out of sequence packet ,144334,144494
272.026,Received an expired out of sequence packet ,144335,144494
272.026,Received an expired out of sequence packet ,144336,144494
272.026,Received an expired out of sequence packet ,144337,144494
272.026,Received an expired out of sequence packet ,144338,144494
272.026,Received an expired out of sequence packet ,144339,144494
272.026,Received an expired out of sequence packet ,144340,144494
272.028,Received an expired out of sequence packet ,144341,144494
272.028,Received an expired out of sequence packet ,144342,144494
272.028,Received an expired out of sequence packet ,144343,144494
272.028,Received an expired out of sequence packet ,144344,144494
272.028,Received an expired out of sequence packet ,144345,144494
272.028,Received an expired out of sequence packet ,144346,144494
272.028,Received an expired out of sequence packet ,144347,144494
272.028,Received an expired out of sequence packet ,144348,144494
272.028,Received an expired out of sequence packet ,144349,144494
272.028,Received an expired out of sequence packet ,144350,144494
272.028,Received an expired out of sequence packet ,144351,144494
272.028,Received an expired out of sequence packet ,144352,144494
272.028,Received an expired out of sequence packet ,144353,144494
272.028,Received an expired out of sequence packet ,144354,144494
272.028,Received an expired out of sequence packet ,144355,144494
272.028,Received an expired out of sequence packet ,144356,144494
272.028,Received an expired out of sequence packet ,144357,144494
272.029,Received an expired out of sequence packet ,144358,144494
272.029,Received an expired out of sequence packet ,144359,144494
272.029,Received an expired out of sequence packet ,144360,144494
272.029,Received an expired out of sequence packet ,144361,144494
272.03,Received an expired out of sequence packet ,144362,144494
272.03,Received an expired out of sequence packet ,144363,144494
272.03,Received an expired out of sequence packet ,144364,144494
272.036,Received an expired out of sequence packet ,144365,144494
272.036,Received an expired out of sequence packet ,144366,144494
272.036,Received an expired out of sequence packet ,144367,144494
272.036,Received an expired out of sequence packet ,144368,144494
272.047,Received an expired out of sequence packet ,144369,144494
272.047,Received an expired out of sequence packet ,144370,144494
272.047,Received an expired out of sequence packet ,144371,144494
272.047,Received an expired out of sequence packet ,144372,144494
272.047,Received an expired out of sequence packet ,144373,144494
272.047,Received an expired out of sequence packet ,144374,144494
272.048,Received an expired out of sequence packet ,144375,144494
272.048,Received an expired out of sequence packet ,144376,144494
272.048,Received an expired out of sequence packet ,144377,144494
272.048,Received an expired out of sequence packet ,144378,144494
272.048,Received an expired out of sequence packet ,144379,144494
272.048,Received an expired out of sequence packet ,144380,144494
272.048,Received an expired out of sequence packet ,144381,144494
272.048,Received an expired out of sequence packet ,144382,144494
272.048,Received an expired out of sequence packet ,144383,144494
272.048,Received an expired out of sequence packet ,144384,144494
272.048,Received an expired out of sequence packet ,144385,144494
272.048,Received an expired out of sequence packet ,144386,144494
272.048,Received an expired out of sequence packet ,144387,144494
272.048,Received an expired out of sequence packet ,144388,144494
272.048,Received an expired out of sequence packet ,144389,144494
272.048,Received an expired out of sequence packet ,144390,144494
272.048,Received an expired out of sequence packet ,144391,144494
272.048,Received an expired out of sequence packet ,144392,144494
272.048,Received an expired out of sequence packet ,144393,144494
272.048,Received an expired out of sequence packet ,144394,144494
272.048,Received an expired out of sequence packet ,144395,144494
272.048,Received an expired out of sequence packet ,144396,144494
272.048,Received an expired out of sequence packet ,144397,144494
272.048,Received an expired out of sequence packet ,144398,144494
272.048,Received an expired out of sequence packet ,144399,144494
272.048,Received an expired out of sequence packet ,144400,144494
272.048,Received an expired out of sequence packet ,144401,144494
272.048,Received an expired out of sequence packet ,144402,144494
272.048,Received an expired out of sequence packet ,144403,144494
272.048,Received an expired out of sequence packet ,144404,144494
272.048,Received an expired out of sequence packet ,144405,144494
272.048,Received an expired out of sequence packet ,144406,144494
272.048,Received an expired out of sequence packet ,144407,144494
272.051,Received an expired out of sequence packet ,144408,144494
272.051,Received an expired out of sequence packet ,144409,144494
272.051,Received an expired out of sequence packet ,144410,144494
272.051,Received an expired out of sequence packet ,144411,144494
272.051,Received an expired out of sequence packet ,144412,144494
272.052,Received an expired out of sequence packet ,144413,144494
272.052,Received an expired out of sequence packet ,144414,144494
272.052,Received an expired out of sequence packet ,144415,144494
272.052,Received an expired out of sequence packet ,144416,144494
272.052,Received an expired out of sequence packet ,144417,144494
272.052,Received an expired out of sequence packet ,144418,144494
272.052,Received an expired out of sequence packet ,144419,144494
272.052,Received an expired out of sequence packet ,144420,144494
272.052,Received an expired out of sequence packet ,144421,144494
272.052,Received an expired out of sequence packet ,144422,144494
272.052,Received an expired out of sequence packet ,144423,144494
272.052,Received an expired out of sequence packet ,144424,144494
272.052,Received an expired out of sequence packet ,144425,144494
272.052,Received an expired out of sequence packet ,144426,144494
272.052,Received an expired out of sequence packet ,144427,144494
272.052,Received an expired out of sequence packet ,144428,144494
272.052,Received an expired out of sequence packet ,144429,144494
272.052,Received an expired out of sequence packet ,144430,144494
272.052,Received an expired out of sequence packet ,144431,144494
272.052,Received an expired out of sequence packet ,144432,144494
272.052,Received an expired out of sequence packet ,144433,144494
272.052,Received an expired out of sequence packet ,144434,144494
272.052,Received an expired out of sequence packet ,144435,144494
272.057,Received an expired out of sequence packet ,144436,144494
272.057,Received an expired out of sequence packet ,144437,144494
272.057,Received an expired out of sequence packet ,144438,144494
272.057,Received an expired out of sequence packet ,144439,144494
272.057,Received an expired out of sequence packet ,144440,144494
272.057,Received an expired out of sequence packet ,144441,144494
272.057,Received an expired out of sequence packet ,144442,144494
272.057,Received an expired out of sequence packet ,144443,144494
272.057,Received an expired out of sequence packet ,144444,144494
272.057,Received an expired out of sequence packet ,144445,144494
272.057,Received an expired out of sequence packet ,144446,144494
272.057,Received an expired out of sequence packet ,144447,144494
272.057,Received an expired out of sequence packet ,144448,144494
272.057,Received an expired out of sequence packet ,144449,144494
272.057,Received an expired out of sequence packet ,144450,144494
272.057,Received an expired out of sequence packet ,144451,144494
272.057,Received an expired out of sequence packet ,144452,144494
272.057,Received an expired out of sequence packet ,144453,144494
272.058,Received an expired out of sequence packet ,144454,144494
272.058,Received an expired out of sequence packet ,144455,144494
272.058,Received an expired out of sequence packet ,144456,144494
272.058,Received an expired out of sequence packet ,144457,144494
272.058,Received an expired out of sequence packet ,144458,144494
272.058,Received an expired out of sequence packet ,144459,144494
272.058,Received an expired out of sequence packet ,144460,144494
272.059,Received an expired out of sequence packet ,144461,144494
272.059,Received an expired out of sequence packet ,144462,144494
272.059,Received an expired out of sequence packet ,144463,144494
272.059,Received an expired out of sequence packet ,144464,144494
272.059,Received an expired out of sequence packet ,144465,144494
272.061,Received an expired out of sequence packet ,144466,144494
272.063,Received an expired out of sequence packet ,144467,144494
272.063,Received an expired out of sequence packet ,144468,144494
272.064,Received an expired out of sequence packet ,144469,144494
272.064,Received an expired out of sequence packet ,144470,144494
272.065,Received an expired out of sequence packet ,144471,144494
272.065,Received an expired out of sequence packet ,144472,144494
272.065,Received an expired out of sequence packet ,144473,144494
272.065,Received an expired out of sequence packet ,144474,144494
272.065,Received an expired out of sequence packet ,144475,144494
272.065,Received an expired out of sequence packet ,144476,144494
272.065,Received an expired out of sequence packet ,144477,144494
272.065,Received an expired out of sequence packet 