1.34584,Exit slow start,exceeding SS_EXIT_THRESHOLD
8.36167,Restart,can't map delay on delay curve
9.91813,Exit slow start,exceeding SS_EXIT_THRESHOLD
63.0248,Timeout
63.0249,clearing sending list because of timeout
63.1694,Received an expired out of sequence packet ,50521,50573
63.1705,Received an expired out of sequence packet ,50522,50573
63.1716,Received an expired out of sequence packet ,50523,50573
63.1726,Received an expired out of sequence packet ,50524,50573
63.1726,Received an expired out of sequence packet ,50525,50573
63.1726,Received an expired out of sequence packet ,50526,50573
63.1726,Received an expired out of sequence packet ,50527,50573
63.1749,Received an expired out of sequence packet ,50528,50573
63.1749,Received an expired out of sequence packet ,50529,50573
63.177,Received an expired out of sequence packet ,50530,50573
63.177,Received an expired out of sequence packet ,50531,50573
63.177,Received an expired out of sequence packet ,50532,50573
63.1792,Received an expired out of sequence packet ,50533,50573
63.1823,Received an expired out of sequence packet ,50534,50573
63.1823,Received an expired out of sequence packet ,50535,50573
63.1823,Received an expired out of sequence packet ,50536,50573
63.188,Received an expired out of sequence packet ,50537,50573
63.188,Received an expired out of sequence packet ,50538,50573
63.1923,Received an expired out of sequence packet ,50539,50573
63.1923,Received an expired out of sequence packet ,50540,50573
63.1935,Received an expired out of sequence packet ,50541,50573
63.1935,Received an expired out of sequence packet ,50542,50573
63.1935,Received an expired out of sequence packet ,50543,50573
63.2056,Received an expired out of sequence packet ,50544,50573
63.2077,Received an expired out of sequence packet ,50545,50573
63.2078,Received an expired out of sequence packet ,50546,50573
63.2115,Received an expired out of sequence packet ,50547,50573
63.2116,Received an expired out of sequence packet ,50548,50573
63.2318,Received an expired out of sequence packet ,50549,50573
63.2319,Received an expired out of sequence packet ,50550,50573
63.2319,Received an expired out of sequence packet ,50551,50573
63.2488,Received an expired out of sequence packet ,50552,50573
63.2539,Received an expired out of sequence packet ,50553,50573
63.2539,Received an expired out of sequence packet ,50554,50573
63.257,Received an expired out of sequence packet ,50555,50573
63.2611,Received an expired out of sequence packet ,50556,50573
63.2633,Received an expired out of sequence packet ,50557,50573
63.2633,Received an expired out of sequence packet ,50558,50573
63.2654,Received an expired out of sequence packet ,50559,50573
63.2654,Received an expired out of sequence packet ,50560,50573
63.2736,Received an expired out of sequence packet ,50561,50573
63.2941,Received an expired out of sequence packet ,50562,50573
63.2962,Received an expired out of sequence packet ,50563,50573
63.2963,Received an expired out of sequence packet ,50564,50573
63.2994,Received an expired out of sequence packet ,50565,50573
63.2994,Received an expired out of sequence packet ,50566,50573
63.3005,Received an expired out of sequence packet ,50567,50573
63.3005,Received an expired out of sequence packet ,50568,50573
63.3006,Received an expired out of sequence packet ,50569,50573
63.3006,Received an expired out of sequence packet ,50570,50573
63.3006,Received an expired out of sequence packet ,50571,50573
63.3006,Received an expired out of sequence packet ,50572,50573
82.9159,Missing packet expired,59605
98.0954,Missing packet expired,70621
117.202,Timeout
117.202,clearing sending list because of timeout
117.577,Received an expired out of sequence packet ,80860,80922
117.595,Received an expired out of sequence packet ,80861,80922
117.621,Received an expired out of sequence packet ,80862,80922
117.639,Received an expired out of sequence packet ,80863,80922
117.647,Received an expired out of sequence packet ,80864,80922
117.658,Received an expired out of sequence packet ,80865,80922
117.674,Received an expired out of sequence packet ,80866,80922
117.682,Received an expired out of sequence packet ,80867,80922
117.699,Received an expired out of sequence packet ,80868,80922
117.713,Received an expired out of sequence packet ,80869,80922
117.721,Received an expired out of sequence packet ,80870,80922
117.736,Received an expired out of sequence packet ,80871,80922
117.746,Received an expired out of sequence packet ,80872,80922
117.761,Received an expired out of sequence packet ,80873,80922
117.778,Received an expired out of sequence packet ,80874,80922
117.784,Received an expired out of sequence packet ,80875,80922
117.795,Received an expired out of sequence packet ,80876,80922
117.815,Received an expired out of sequence packet ,80877,80922
117.828,Received an expired out of sequence packet ,80878,80922
117.84,Received an expired out of sequence packet ,80879,80922
117.857,Received an expired out of sequence packet ,80880,80922
117.874,Received an expired out of sequence packet ,80881,80922
117.888,Received an expired out of sequence packet ,80882,80922
117.9,Received an expired out of sequence packet ,80883,80922
117.9,Received an expired out of sequence packet ,80884,80922
117.933,Received an expired out of sequence packet ,80885,80922
117.959,Received an expired out of sequence packet ,80886,80922
117.973,Received an expired out of sequence packet ,80887,80922
118.001,Received an expired out of sequence packet ,80888,80922
118.019,Received an expired out of sequence packet ,80889,80922
118.043,Received an expired out of sequence packet ,80890,80922
118.063,Received an expired out of sequence packet ,80891,80922
118.092,Received an expired out of sequence packet ,80892,80922
118.112,Received an expired out of sequence packet ,80893,80922
118.137,Received an expired out of sequence packet ,80894,80922
118.16,Received an expired out of sequence packet ,80895,80922
118.181,Received an expired out of sequence packet ,80896,80922
118.215,Received an expired out of sequence packet ,80897,80922
118.245,Received an expired out of sequence packet ,80898,80922
118.252,Received an expired out of sequence packet ,80899,80922
118.277,Received an expired out of sequence packet ,80900,80922
118.296,Received an expired out of sequence packet ,80901,80922
118.316,Received an expired out of sequence packet ,80902,80922
118.336,Received an expired out of sequence packet ,80903,80922
118.355,Received an expired out of sequence packet ,80904,80922
118.372,Received an expired out of sequence packet ,80905,80922
118.383,Received an expired out of sequence packet ,80906,80922
118.395,Received an expired out of sequence packet ,80907,80922
118.409,Received an expired out of sequence packet ,80908,80922
118.42,Received an expired out of sequence packet ,80909,80922
118.432,Received an expired out of sequence packet ,80910,80922
118.446,Received an expired out of sequence packet ,80911,80922
118.459,Received an expired out of sequence packet ,80912,80922
118.481,Received an expired out of sequence packet ,80913,80922
118.49,Received an expired out of sequence packet ,80914,80922
118.512,Received an expired out of sequence packet ,80915,80922
118.54,Received an expired out of sequence packet ,80916,80922
118.555,Received an expired out of sequence packet ,80917,80922
118.576,Received an expired out of sequence packet ,80918,80922
118.593,Received an expired out of sequence packet ,80919,80922
118.606,Received an expired out of sequence packet ,80920,80922
118.627,Received an expired out of sequence packet ,80921,80922
124.72,Missing packet expired,84365
211.196,Timeout
211.196,clearing sending list because of timeout
211.364,Received an expired out of sequence packet ,139599,139641
211.367,Received an expired out of sequence packet ,139600,139641
211.473,Received an expired out of sequence packet ,139601,139641
211.474,Received an expired out of sequence packet ,139602,139641
211.474,Received an expired out of sequence packet ,139603,139641
211.474,Received an expired out of sequence packet ,139604,139641
211.474,Received an expired out of sequence packet ,139605,139641
211.52,Received an expired out of sequence packet ,139606,139641
211.525,Received an expired out of sequence packet ,139607,139641
211.528,Received an expired out of sequence packet ,139608,139641
211.54,Received an expired out of sequence packet ,139609,139641
211.545,Received an expired out of sequence packet ,139610,139641
211.576,Received an expired out of sequence packet ,139611,139641
211.579,Received an expired out of sequence packet ,139612,139641
211.582,Received an expired out of sequence packet ,139613,139641
211.582,Received an expired out of sequence packet ,139614,139641
211.582,Received an expired out of sequence packet ,139615,139641
211.582,Received an expired out of sequence packet ,139616,139641
211.582,Received an expired out of sequence packet ,139617,139641
211.582,Received an expired out of sequence packet ,139618,139641
211.582,Received an expired out of sequence packet ,139619,139641
211.582,Received an expired out of sequence packet ,139620,139641
211.582,Received an expired out of sequence packet ,139621,139641
211.582,Received an expired out of sequence packet ,139622,139641
211.582,Received an expired out of sequence packet ,139623,139641
211.582,Received an expired out of sequence packet ,139624,139641
211.582,Received an expired out of sequence packet ,139625,139641
211.582,Received an expired out of sequence packet ,139626,139641
211.582,Received an expired out of sequence packet ,139627,139641
211.582,Received an expired out of sequence packet ,139628,139641
211.582,Received an expired out of sequence packet ,139629,139641
211.582,Received an expired out of sequence packet ,139630,139641
211.582,Received an expired out of sequence packet ,139631,139641
211.582,Received an expired out of sequence packet ,139632,139641
211.582,Received an expired out of sequence packet ,139633,139641
211.582,Received an expired out of sequence packet ,139634,139641
211.582,Received an expired out of sequence packet ,139635,139641
211.582,Received an expired out of sequence packet ,139636,139641
211.582,Received an expired out of sequence packet ,139637,139641
211.582,Received an expired out of sequence packet ,139638,139641
211.584,Received an expired out of sequence packet ,139639,139641
211.584,Received an expired out of sequence packet ,139640,139641
224.34,Timeout
224.34,clearing sending list because of timeout
224.628,Received an expired out of sequence packet ,151587,151639
224.628,Received an expired out of sequence packet ,151588,151639
224.628,Received an expired out of sequence packet ,151589,151639
224.628,Received an expired out of sequence packet ,151590,151639
224.662,Received an expired out of sequence packet ,151591,151639
224.666,Received an expired out of sequence packet ,151592,151639
224.667,Received an expired out of sequence packet ,151593,151639
224.671,Received an expired out of sequence packet ,151594,151639
224.671,Received an expired out of sequence packet ,151595,151639
224.671,Received an expired out of sequence packet ,151596,151639
224.671,Received an expired out of sequence packet ,151597,151639
224.671,Received an expired out of sequence packet ,151598,151639
224.671,Received an expired out of sequence packet ,151599,151639
224.671,Received an expired out of sequence packet ,151600,151639
224.672,Received an expired out of sequence packet ,151601,151639
224.672,Received an expired out of sequence packet ,151602,151639
224.672,Received an expired out of sequence packet ,151603,151639
224.707,Received an expired out of sequence packet ,151604,151639
224.707,Received an expired out of sequence packet ,151605,151639
224.711,Received an expired out of sequence packet ,151606,151639
224.711,Received an expired out of sequence packet ,151607,151639
224.717,Received an expired out of sequence packet ,151608,151639
224.718,Received an expired out of sequence packet ,151609,151639
224.718,Received an expired out of sequence packet ,151610,151639
224.718,Received an expired out of sequence packet ,151611,151639
224.718,Received an expired out of sequence packet ,151612,151639
224.728,Received an expired out of sequence packet ,151613,151639
224.728,Received an expired out of sequence packet ,151614,151639
224.728,Received an expired out of sequence packet ,151615,151639
224.734,Received an expired out of sequence packet ,151616,151639
224.734,Received an expired out of sequence packet ,151617,151639
224.736,Received an expired out of sequence packet ,151618,151639
224.736,Received an expired out of sequence packet ,151619,151639
224.736,Received an expired out of sequence packet ,151620,151639
224.736,Received an expired out of sequence packet ,151621,151639
224.736,Received an expired out of sequence packet ,151622,151639
224.736,Received an expired out of sequence packet ,151623,151639
224.736,Received an expired out of sequence packet ,151624,151639
224.736,Received an expired out of sequence packet ,151625,151639
224.736,Received an expired out of sequence packet ,151626,151639
224.736,Received an expired out of sequence packet ,151627,151639
224.736,Received an expired out of sequence packet ,151628,151639
224.736,Received an expired out of sequence packet ,151629,151639
224.736,Received an expired out of sequence packet ,151630,151639
224.744,Received an expired out of sequence packet ,151631,151639
224.744,Received an expired out of sequence packet ,151632,151639
224.744,Received an expired out of sequence packet ,151633,151639
224.744,Received an expired out of sequence packet ,151634,151639
224.745,Received an expired out of sequence packet ,151635,151639
224.756,Received an expired out of sequence packet ,151636,151639
224.759,Received an expired out of sequence packet ,151637,151639
224.762,Received an expired out of sequence packet ,151638,151639
270.701,Timeout
270.701,clearing sending list because of timeout
270.927,Timeout
270.927,clearing sending list because of timeout
271.153,Timeout
271.153,clearing sending list because of timeout
271.379,Timeout
271.379,clearing sending list because of timeout
271.474,Received an expired out of sequence packet ,179314,179389
271.474,Received an expired out of sequence packet ,179315,179389
271.503,Received an expired out of sequence packet ,179316,179389
271.506,Received an expired out of sequence packet ,179317,179389
271.506,Received an expired out of sequence packet ,179318,179389
271.506,Received an expired out of sequence packet ,179319,179389
271.507,Received an expired out of sequence packet ,179320,179389
271.507,Received an expired out of sequence packet ,179321,179389
271.509,Received an expired out of sequence packet ,179322,179389
271.509,Received an expired out of sequence packet ,179323,179389
271.51,Received an expired out of sequence packet ,179324,179389
271.672,Received an expired out of sequence packet ,179325,179389
271.672,Received an expired out of sequence packet ,179326,179389
271.672,Received an expired out of sequence packet ,179327,179389
271.672,Received an expired out of sequence packet ,179328,179389
271.672,Received an expired out of sequence packet ,179329,179389
271.673,Received an expired out of sequence packet ,179330,179389
271.673,Received an expired out of sequence packet ,179331,179389
271.673,Received an expired out of sequence packet ,179332,179389
271.673,Received an expired out of sequence packet ,179333,179389
271.673,Received an expired out of sequence packet ,179334,179389
271.673,Received an expired out of sequence packet ,179335,179389
271.673,Received an expired out of sequence packet ,179336,179389
271.673,Received an expired out of sequence packet ,179337,179389
271.673,Received an expired out of sequence packet ,179338,179389
271.673,Received an expired out of sequence packet ,179339,179389
271.674,Received an expired out of sequence packet ,179340,179389
271.674,Received an expired out of sequence packet ,179341,179389
271.682,Received an expired out of sequence packet ,179342,179389
271.682,Received an expired out of sequence packet ,179343,179389
271.692,Received an expired out of sequence packet ,179344,179389
271.692,Received an expired out of sequence packet ,179345,179389
271.694,Received an expired out of sequence packet 