1.61216,Exit slow start,exceeding SS_EXIT_THRESHOLD
12.6307,Restart,can't map delay on delay curve
13.864,Exit slow start,exceeding SS_EXIT_THRESHOLD
58.5495,Timeout
58.5495,clearing sending list because of timeout
58.5868,Received an expired out of sequence packet ,23811,24002
59.5868,Timeout
59.5868,clearing sending list because of timeout
59.6024,Received an expired out of sequence packet ,23812,24006
59.9827,Received an expired out of sequence packet ,23813,24006
59.9849,Received an expired out of sequence packet ,23814,24006
59.9849,Received an expired out of sequence packet ,23815,24006
59.9849,Received an expired out of sequence packet ,23816,24006
59.9849,Received an expired out of sequence packet ,23817,24006
59.985,Received an expired out of sequence packet ,23818,24006
59.988,Received an expired out of sequence packet ,23819,24006
59.988,Received an expired out of sequence packet ,23820,24006
59.9881,Received an expired out of sequence packet ,23821,24006
59.9892,Received an expired out of sequence packet ,23822,24006
59.9939,Received an expired out of sequence packet ,23823,24006
59.9939,Received an expired out of sequence packet ,23824,24006
59.9939,Received an expired out of sequence packet ,23825,24006
60.0002,Received an expired out of sequence packet ,23826,24006
60.0002,Received an expired out of sequence packet ,23827,24006
60.0034,Received an expired out of sequence packet ,23828,24006
60.0034,Received an expired out of sequence packet ,23829,24006
60.0034,Received an expired out of sequence packet ,23830,24006
60.0034,Received an expired out of sequence packet ,23831,24006
60.0034,Received an expired out of sequence packet ,23832,24006
60.0105,Received an expired out of sequence packet ,23833,24006
60.0105,Received an expired out of sequence packet ,23834,24006
60.0105,Received an expired out of sequence packet ,23835,24006
60.0127,Received an expired out of sequence packet ,23836,24006
60.0143,Received an expired out of sequence packet ,23837,24006
60.0144,Received an expired out of sequence packet ,23838,24006
60.0144,Received an expired out of sequence packet ,23839,24006
60.0144,Received an expired out of sequence packet ,23840,24006
60.0144,Received an expired out of sequence packet ,23841,24006
60.0165,Received an expired out of sequence packet ,23842,24006
60.0165,Received an expired out of sequence packet ,23843,24006
60.0165,Received an expired out of sequence packet ,23844,24006
60.0175,Received an expired out of sequence packet ,23845,24006
60.0175,Received an expired out of sequence packet ,23846,24006
60.0175,Received an expired out of sequence packet ,23847,24006
60.0176,Received an expired out of sequence packet ,23848,24006
60.0331,Received an expired out of sequence packet ,23849,24006
60.0331,Received an expired out of sequence packet ,23850,24006
60.0343,Received an expired out of sequence packet ,23851,24006
60.0343,Received an expired out of sequence packet ,23852,24006
60.0343,Received an expired out of sequence packet ,23853,24006
60.0343,Received an expired out of sequence packet ,23854,24006
60.0354,Received an expired out of sequence packet ,23855,24006
60.0354,Received an expired out of sequence packet ,23856,24006
60.0354,Received an expired out of sequence packet ,23857,24006
60.0355,Received an expired out of sequence packet ,23858,24006
60.0355,Received an expired out of sequence packet ,23859,24006
60.0355,Received an expired out of sequence packet ,23860,24006
60.0366,Received an expired out of sequence packet ,23861,24006
60.0366,Received an expired out of sequence packet ,23862,24006
60.0366,Received an expired out of sequence packet ,23863,24006
60.0366,Received an expired out of sequence packet ,23864,24006
60.0366,Received an expired out of sequence packet ,23865,24006
60.0377,Received an expired out of sequence packet ,23866,24006
60.0377,Received an expired out of sequence packet ,23867,24006
60.0392,Received an expired out of sequence packet ,23868,24006
60.0434,Received an expired out of sequence packet ,23869,24006
60.0435,Received an expired out of sequence packet ,23870,24006
60.0435,Received an expired out of sequence packet ,23871,24006
60.0435,Received an expired out of sequence packet ,23872,24006
60.0435,Received an expired out of sequence packet ,23873,24006
60.0456,Received an expired out of sequence packet ,23874,24006
60.0456,Received an expired out of sequence packet ,23875,24006
60.0456,Received an expired out of sequence packet ,23876,24006
60.0468,Received an expired out of sequence packet ,23877,24006
60.0468,Received an expired out of sequence packet ,23878,24006
60.0515,Received an expired out of sequence packet ,23879,24006
60.0515,Received an expired out of sequence packet ,23880,24006
60.0515,Received an expired out of sequence packet ,23881,24006
60.0525,Received an expired out of sequence packet ,23882,24006
60.0526,Received an expired out of sequence packet ,23883,24006
60.0526,Received an expired out of sequence packet ,23884,24006
60.0577,Received an expired out of sequence packet ,23885,24006
60.0577,Received an expired out of sequence packet ,23886,24006
60.0577,Received an expired out of sequence packet ,23887,24006
60.0578,Received an expired out of sequence packet ,23888,24006
60.0578,Received an expired out of sequence packet ,23889,24006
60.0589,Received an expired out of sequence packet ,23890,24006
60.0589,Received an expired out of sequence packet ,23891,24006
60.061,Received an expired out of sequence packet ,23892,24006
60.061,Received an expired out of sequence packet ,23893,24006
60.061,Received an expired out of sequence packet ,23894,24006
60.07,Received an expired out of sequence packet ,23895,24006
60.07,Received an expired out of sequence packet ,23896,24006
60.07,Received an expired out of sequence packet ,23897,24006
60.0722,Received an expired out of sequence packet ,23898,24006
60.0722,Received an expired out of sequence packet ,23899,24006
60.0722,Received an expired out of sequence packet ,23900,24006
60.0733,Received an expired out of sequence packet ,23901,24006
60.0785,Received an expired out of sequence packet ,23902,24006
60.0785,Received an expired out of sequence packet ,23903,24006
60.0785,Received an expired out of sequence packet ,23904,24006
60.0785,Received an expired out of sequence packet ,23905,24006
60.0832,Received an expired out of sequence packet ,23906,24006
60.0833,Received an expired out of sequence packet ,23907,24006
60.0833,Received an expired out of sequence packet ,23908,24006
60.0833,Received an expired out of sequence packet ,23909,24006
60.0884,Received an expired out of sequence packet ,23910,24006
60.0884,Received an expired out of sequence packet ,23911,24006
60.0884,Received an expired out of sequence packet ,23912,24006
60.0884,Received an expired out of sequence packet ,23913,24006
60.0885,Received an expired out of sequence packet ,23914,24006
60.0902,Received an expired out of sequence packet ,23915,24006
60.0902,Received an expired out of sequence packet ,23916,24006
60.0902,Received an expired out of sequence packet ,23917,24006
60.0903,Received an expired out of sequence packet ,23918,24006
60.0903,Received an expired out of sequence packet ,23919,24006
60.0914,Received an expired out of sequence packet ,23920,24006
60.0914,Received an expired out of sequence packet ,23921,24006
60.0914,Received an expired out of sequence packet ,23922,24006
60.0914,Received an expired out of sequence packet ,23923,24006
60.1016,Received an expired out of sequence packet ,23924,24006
60.1016,Received an expired out of sequence packet ,23925,24006
60.1098,Received an expired out of sequence packet ,23926,24006
60.1128,Received an expired out of sequence packet ,23927,24006
60.114,Received an expired out of sequence packet ,23928,24006
60.114,Received an expired out of sequence packet ,23929,24006
60.114,Received an expired out of sequence packet ,23930,24006
60.114,Received an expired out of sequence packet ,23931,24006
60.114,Received an expired out of sequence packet ,23932,24006
60.1191,Received an expired out of sequence packet ,23933,24006
60.1191,Received an expired out of sequence packet ,23934,24006
60.1192,Received an expired out of sequence packet ,23935,24006
60.1213,Received an expired out of sequence packet ,23936,24006
60.1213,Received an expired out of sequence packet ,23937,24006
60.1213,Received an expired out of sequence packet ,23938,24006
60.1213,Received an expired out of sequence packet ,23939,24006
60.1213,Received an expired out of sequence packet ,23940,24006
60.1213,Received an expired out of sequence packet ,23941,24006
60.1232,Received an expired out of sequence packet ,23942,24006
60.1232,Received an expired out of sequence packet ,23943,24006
60.1232,Received an expired out of sequence packet ,23944,24006
60.1232,Received an expired out of sequence packet ,23945,24006
60.1232,Received an expired out of sequence packet ,23946,24006
60.1313,Received an expired out of sequence packet ,23947,24006
60.1313,Received an expired out of sequence packet ,23948,24006
60.1313,Received an expired out of sequence packet ,23949,24006
60.1333,Received an expired out of sequence packet ,23950,24006
60.1366,Received an expired out of sequence packet ,23951,24006
60.1366,Received an expired out of sequence packet ,23952,24006
60.1366,Received an expired out of sequence packet ,23953,24006
60.1366,Received an expired out of sequence packet ,23954,24006
60.1377,Received an expired out of sequence packet ,23955,24006
60.1417,Received an expired out of sequence packet ,23956,24006
60.1417,Received an expired out of sequence packet ,23957,24006
60.1417,Received an expired out of sequence packet ,23958,24006
60.1417,Received an expired out of sequence packet ,23959,24006
60.1428,Received an expired out of sequence packet ,23960,24006
60.1428,Received an expired out of sequence packet ,23961,24006
60.1428,Received an expired out of sequence packet ,23962,24006
60.1468,Received an expired out of sequence packet ,23963,24006
60.1468,Received an expired out of sequence packet ,23964,24006
60.1509,Received an expired out of sequence packet ,23965,24006
60.1509,Received an expired out of sequence packet ,23966,24006
60.1531,Received an expired out of sequence packet ,23967,24006
60.1532,Received an expired out of sequence packet ,23968,24006
60.1532,Received an expired out of sequence packet ,23969,24006
60.1532,Received an expired out of sequence packet ,23970,24006
60.1532,Received an expired out of sequence packet ,23971,24006
60.1553,Received an expired out of sequence packet ,23972,24006
60.1553,Received an expired out of sequence packet ,23973,24006
60.1595,Received an expired out of sequence packet ,23974,24006
60.1595,Received an expired out of sequence packet ,23975,24006
60.1627,Received an expired out of sequence packet ,23976,24006
60.1627,Received an expired out of sequence packet ,23977,24006
60.1627,Received an expired out of sequence packet ,23978,24006
60.1627,Received an expired out of sequence packet ,23979,24006
60.1668,Received an expired out of sequence packet ,23980,24006
60.1668,Received an expired out of sequence packet ,23981,24006
60.1668,Received an expired out of sequence packet ,23982,24006
60.1678,Received an expired out of sequence packet ,23983,24006
60.1712,Received an expired out of sequence packet ,23984,24006
60.1712,Received an expired out of sequence packet ,23985,24006
60.1712,Received an expired out of sequence packet ,23986,24006
60.1712,Received an expired out of sequence packet ,23987,24006
60.1723,Received an expired out of sequence packet ,23988,24006
60.1723,Received an expired out of sequence packet ,23989,24006
60.1723,Received an expired out of sequence packet ,23990,24006
60.1802,Received an expired out of sequence packet ,23991,24006
60.1803,Received an expired out of sequence packet ,23992,24006
60.1803,Received an expired out of sequence packet ,23993,24006
60.1803,Received an expired out of sequence packet ,23994,24006
60.1832,Received an expired out of sequence packet ,23995,24006
60.1832,Received an expired out of sequence packet ,23996,24006
60.1832,Received an expired out of sequence packet ,23997,24006
60.1874,Received an expired out of sequence packet ,23998,24006
60.1874,Received an expired out of sequence packet ,23999,24006
60.1874,Received an expired out of sequence packet ,24000,24006
60.1875,Received an expired out of sequence packet ,24001,24006
60.1875,Received an expired out of sequence packet ,24002,24006
60.1875,Received an expired out of sequence packet ,24003,24006
60.1885,Received an expired out of sequence packet ,24004,24006
60.1896,Received an expired out of sequence packet ,24005,24006
60.7284,Timeout
60.7284,clearing sending list because of timeout
60.7971,Received an expired out of sequence packet ,24119,24159
60.7971,Received an expired out of sequence packet ,24120,24159
60.8082,Received an expired out of sequence packet ,24121,24159
60.8082,Received an expired out of sequence packet ,24122,24159
60.8102,Received an expired out of sequence packet ,24123,24159
60.8102,Received an expired out of sequence packet ,24124,24159
60.8102,Received an expired out of sequence packet ,24125,24159
60.8102,Received an expired out of sequence packet ,24126,24159
60.8102,Received an expired out of sequence packet ,24127,24159
60.8113,Received an expired out of sequence packet ,24128,24159
60.8113,Received an expired out of sequence packet ,24129,24159
60.8132,Received an expired out of sequence packet ,24130,24159
60.8133,Received an expired out of sequence packet ,24131,24159
60.8286,Received an expired out of sequence packet ,24132,24159
60.8319,Received an expired out of sequence packet ,24133,24159
60.838,Received an expired out of sequence packet ,24134,24159
60.843,Received an expired out of sequence packet ,24135,24159
60.8451,Received an expired out of sequence packet ,24136,24159
60.8451,Received an expired out of sequence packet ,24137,24159
60.8451,Received an expired out of sequence packet ,24138,24159
60.8452,Received an expired out of sequence packet ,24139,24159
60.8501,Received an expired out of sequence packet ,24140,24159
60.8501,Received an expired out of sequence packet ,24141,24159
60.8501,Received an expired out of sequence packet ,24142,24159
60.8502,Received an expired out of sequence packet ,24143,24159
60.8502,Received an expired out of sequence packet ,24144,24159
60.8502,Received an expired out of sequence packet ,24145,24159
60.8531,Received an expired out of sequence packet ,24146,24159
60.8531,Received an expired out of sequence packet ,24147,24159
60.8531,Received an expired out of sequence packet ,24148,24159
60.8532,Received an expired out of sequence packet ,24149,24159
60.8676,Received an expired out of sequence packet ,24150,24159
60.8676,Received an expired out of sequence packet ,24151,24159
60.8726,Received an expired out of sequence packet ,24152,24159
60.8727,Received an expired out of sequence packet ,24153,24159
60.8727,Received an expired out of sequence packet ,24154,24159
60.8727,Received an expired out of sequence packet ,24155,24159
60.8737,Received an expired out of sequence packet ,24156,24159
60.8738,Received an expired out of sequence packet ,24157,24159
60.8738,Received an expired out of sequence packet ,24158,24159
146.923,Timeout
146.923,clearing sending list because of timeout
146.924,Received an expired out of sequence packet ,70296,70340
147.924,Received an expired out of sequence packet ,70297,70340
148.924,Timeout
148.924,clearing sending list because of timeout
148.936,Received an expired out of sequence packet ,70298,70342
149.924,Received an expired out of sequence packet ,70299,70342
149.986,Received an expired out of sequence packet ,70300,70342
149.988,Received an expired out of sequence packet ,70301,70342
149.988,Received an expired out of sequence packet ,70302,70342
149.988,Received an expired out of sequence packet ,70303,70342
149.988,Received an expired out of sequence packet ,70304,70342
149.988,Received an expired out of sequence packet ,70305,70342
149.988,Received an expired out of sequence packet ,70306,70342
149.988,Received an expired out of sequence packet ,70307,70342
149.988,Received an expired out of sequence packet ,70308,70342
149.988,Received an expired out of sequence packet ,70309,70342
149.988,Received an expired out of sequence packet ,70310,70342
149.988,Received an expired out of sequence packet ,70311,70342
149.988,Received an expired out of sequence packet ,70312,70342
149.988,Received an expired out of sequence packet ,70313,70342
149.988,Received an expired out of sequence packet ,70314,70342
149.988,Received an expired out of sequence packet ,70315,70342
149.988,Received an expired out of sequence packet ,70316,70342
149.988,Received an expired out of sequence packet ,70317,70342
149.988,Received an expired out of sequence packet ,70318,70342
149.988,Received an expired out of sequence packet ,70319,70342
149.988,Received an expired out of sequence packet ,70320,70342
149.988,Received an expired out of sequence packet ,70321,70342
149.988,Received an expired out of sequence packet ,70322,70342
149.988,Received an expired out of sequence packet ,70323,70342
149.989,Received an expired out of sequence packet ,70324,70342
149.989,Received an expired out of sequence packet ,70325,70342
149.989,Received an expired out of sequence packet ,70326,70342
149.989,Received an expired out of sequence packet ,70327,70342
149.989,Received an expired out of sequence packet ,70328,70342
149.989,Received an expired out of sequence packet ,70329,70342
149.989,Received an expired out of sequence packet ,70330,70342
149.989,Received an expired out of sequence packet ,70331,70342
149.989,Received an expired out of sequence packet ,70332,70342
149.989,Received an expired out of sequence packet ,70333,70342
149.989,Received an expired out of sequence packet ,70334,70342
149.989,Received an expired out of sequence packet ,70335,70342
149.989,Received an expired out of sequence packet ,70336,70342
149.989,Received an expired out of sequence packet ,70337,70342
149.989,Received an expired out of sequence packet ,70338,70342
149.989,Received an expired out of sequence packet ,70339,70342
149.989,Received an expired out of sequence packet ,70340,70342
149.989,Received an expired out of sequence packet ,70341,70342
174.065,Timeout
174.065,clearing sending list because of timeout
174.093,Received an expired out of sequence packet ,107049,107285
174.093,Received an expired out of sequence packet ,107050,107285
174.093,Received an expired out of sequence packet ,107051,107285
174.093,Received an expired out of sequence packet ,107052,107285
174.093,Received an expired out of sequence packet ,107053,107285
174.093,Received an expired out of sequence packet ,107054,107285
174.093,Received an expired out of sequence packet ,107055,107285
174.093,Received an expired out of sequence packet ,107056,107285
174.166,Received an expired out of sequence packet ,107057,107285
174.168,Received an expired out of sequence packet ,107058,107285
174.168,Received an expired out of sequence packet ,107059,107285
174.168,Received an expired out of sequence packet ,107060,107285
174.168,Received an expired out of sequence packet ,107061,107285
174.169,Received an expired out of sequence packet ,107062,107285
174.199,Received an expired out of sequence packet ,107063,107285
174.199,Received an expired out of sequence packet ,107064,107285
174.199,Received an expired out of sequence packet ,107065,107285
174.199,Received an expired out of sequence packet ,107066,107285
174.199,Received an expired out of sequence packet ,107067,107285
174.199,Received an expired out of sequence packet ,107068,107285
174.199,Received an expired out of sequence packet ,107069,107285
174.201,Received an expired out of sequence packet ,107070,107285
174.201,Received an expired out of sequence packet ,107071,107285
174.208,Received an expired out of sequence packet ,107072,107285
174.208,Received an expired out of sequence packet ,107073,107285
174.211,Received an expired out of sequence packet ,107074,107285
174.211,Received an expired out of sequence packet ,107075,107285
174.211,Received an expired out of sequence packet ,107076,107285
174.211,Received an expired out of sequence packet ,107077,107285
174.211,Received an expired out of sequence packet ,107078,107285
174.225,Received an expired out of sequence packet ,107079,107285
174.229,Received an expired out of sequence packet ,107080,107285
174.229,Received an expired out of sequence packet ,107081,107285
174.229,Received an expired out of sequence packet ,107082,107285
174.229,Received an expired out of sequence packet ,107083,107285
174.229,Received an expired out of sequence packet ,107084,107285
174.248,Received an expired out of sequence packet ,107085,107285
174.248,Received an expired out of sequence packet ,107086,107285
174.248,Received an expired out of sequence packet ,107087,107285
174.248,Received an expired out of sequence packet ,107088,107285
174.248,Received an expired out of sequence packet ,107089,107285
174.248,Received an expired out of sequence packet ,107090,107285
174.248,Received an expired out of sequence packet ,107091,107285
174.248,Received an expired out of sequence packet ,107092,107285
174.248,Received an expired out of sequence packet ,107093,107285
174.264,Received an expired out of sequence packet ,107094,107285
174.264,Received an expired out of sequence packet ,107095,107285
174.265,Received an expired out of sequence packet ,107096,107285
174.265,Received an expired out of sequence packet ,107097,107285
174.266,Received an expired out of sequence packet ,107098,107285
174.266,Received an expired out of sequence packet ,107099,107285
174.266,Received an expired out of sequence packet ,107100,107285
174.266,Received an expired out of sequence packet ,107101,107285
174.266,Received an expired out of sequence packet ,107102,107285
174.269,Received an expired out of sequence packet ,107103,107285
174.269,Received an expired out of sequence packet ,107104,107285
174.269,Received an expired out of sequence packet ,107105,107285
174.269,Received an expired out of sequence packet ,107106,107285
174.27,Received an expired out of sequence packet ,107107,107285
174.27,Received an expired out of sequence packet ,107108,107285
174.27,Received an expired out of sequence packet ,107109,107285
174.27,Received an expired out of sequence packet ,107110,107285
174.27,Received an expired out of sequence packet ,107111,107285
174.27,Received an expired out of sequence packet ,107112,107285
174.27,Received an expired out of sequence packet ,107113,107285
174.27,Received an expired out of sequence packet ,107114,107285
174.27,Received an expired out of sequence packet ,107115,107285
174.27,Received an expired out of sequence packet ,107116,107285
174.27,Received an expired out of sequence packet ,107117,107285
174.274,Received an expired out of sequence packet ,107118,107285
174.274,Received an expired out of sequence packet ,107119,107285
174.274,Received an expired out of sequence packet ,107120,107285
174.276,Received an expired out of sequence packet ,107121,107285
174.282,Received an expired out of sequence packet ,107122,107285
174.285,Received an expired out of sequence packet ,107123,107285
174.285,Received an expired out of sequence packet ,107124,107285
174.285,Received an expired out of sequence packet ,107125,107285
174.285,Received an expired out of sequence packet ,107126,107285
174.285,Received an expired out of sequence packet ,107127,107285
174.292,Received an expired out of sequence packet ,107128,107285
174.292,Received an expired out of sequence packet ,107129,107285
174.292,Received an expired out of sequence packet ,107130,107285
174.292,Received an expired out of sequence packet ,107131,107285
174.292,Received an expired out of sequence packet ,107132,107285
174.292,Received an expired out of sequence packet ,107133,107285
174.295,Received an expired out of sequence packet ,107134,107285
174.295,Received an expired out of sequence packet ,107135,107285
174.295,Received an expired out of sequence packet ,107136,107285
174.295,Received an expired out of sequence packet ,107137,107285
174.295,Received an expired out of sequence packet ,107138,107285
174.305,Received an expired out of sequence packet ,107139,107285
174.305,Received an expired out of sequence packet ,107140,107285
174.305,Received an expired out of sequence packet ,107141,107285
174.305,Received an expired out of sequence packet ,107142,107285
174.305,Received an expired out of sequence packet ,107143,107285
174.305,Received an expired out of sequence packet ,107144,107285
174.305,Received an expired out of sequence packet ,107145,107285
174.305,Received an expired out of sequence packet ,107146,107285
174.305,Received an expired out of sequence packet ,107147,107285
174.305,Received an expired out of sequence packet ,107148,107285
174.305,Received an expired out of sequence packet ,107149,107285
174.305,Received an expired out of sequence packet ,107150,107285
174.307,Received an expired out of sequence packet ,107151,107285
174.315,Received an expired out of sequence packet ,107152,107285
174.318,Received an expired out of sequence packet ,107153,107285
174.318,Received an expired out of sequence packet ,107154,107285
174.318,Received an expired out of sequence packet ,107155,107285
174.318,Received an expired out of sequence packet ,107156,107285
174.318,Received an expired out of sequence packet ,107157,107285
174.318,Received an expired out of sequence packet ,107158,107285
174.318,Received an expired out of sequence packet ,107159,107285
174.319,Received an expired out of sequence packet ,107160,107285
174.319,Received an expired out of sequence packet ,107161,107285
174.319,Received an expired out of sequence packet ,107162,107285
174.326,Received an expired out of sequence packet ,107163,107285
174.326,Received an expired out of sequence packet ,107164,107285
174.326,Received an expired out of sequence packet ,107165,107285
174.326,Received an expired out of sequence packet ,107166,107285
174.326,Received an expired out of sequence packet ,107167,107285
174.329,Received an expired out of sequence packet ,107168,107285
174.329,Received an expired out of sequence packet ,107169,107285
174.339,Received an expired out of sequence packet ,107170,107285
174.339,Received an expired out of sequence packet ,107171,107285
174.339,Received an expired out of sequence packet ,107172,107285
174.339,Received an expired out of sequence packet ,107173,107285
174.339,Received an expired out of sequence packet ,107174,107285
174.339,Received an expired out of sequence packet ,107175,107285
174.341,Received an expired out of sequence packet ,107176,107285
174.341,Received an expired out of sequence packet ,107177,107285
174.341,Received an expired out of sequence packet ,107178,107285
174.341,Received an expired out of sequence packet ,107179,107285
174.341,Received an expired out of sequence packet ,107180,107285
174.342,Received an expired out of sequence packet ,107181,107285
174.342,Received an expired out of sequence packet ,107182,107285
174.345,Received an expired out of sequence packet ,107183,107285
174.345,Received an expired out of sequence packet ,107184,107285
174.345,Received an expired out of sequence packet ,107185,107285
174.345,Received an expired out of sequence packet ,107186,107285
174.345,Received an expired out of sequence packet ,107187,107285
174.345,Received an expired out of sequence packet ,107188,107285
174.345,Received an expired out of sequence packet ,107189,107285
174.345,Received an expired out of sequence packet ,107190,107285
174.345,Received an expired out of sequence packet ,107191,107285
174.345,Received an expired out of sequence packet ,107192,107285
174.345,Received an expired out of sequence packet ,107193,107285
174.345,Received an expired out of sequence packet ,107194,107285
174.345,Received an expired out of sequence packet ,107195,107285
174.345,Received an expired out of sequence packet ,107196,107285
174.345,Received an expired out of sequence packet ,107197,107285
174.351,Received an expired out of sequence packet ,107198,107285
174.351,Received an expired out of sequence packet ,107199,107285
174.351,Received an expired out of sequence packet ,107200,107285
174.351,Received an expired out of sequence packet ,107201,107285
174.351,Received an expired out of sequence packet ,107202,107285
174.351,Received an expired out of sequence packet ,107203,107285
174.351,Received an expired out of sequence packet ,107204,107285
174.351,Received an expired out of sequence packet ,107205,107285
174.355,Received an expired out of sequence packet ,107206,107285
174.355,Received an expired out of sequence packet ,107207,107285
174.356,Received an expired out of sequence packet ,107208,107285
174.356,Received an expired out of sequence packet ,107209,107285
174.356,Received an expired out of sequence packet ,107210,107285
174.356,Received an expired out of sequence packet ,107211,107285
174.356,Received an expired out of sequence packet ,107212,107285
174.356,Received an expired out of sequence packet ,107213,107285
174.356,Received an expired out of sequence packet ,107214,107285
174.358,Received an expired out of sequence packet ,107215,107285
174.358,Received an expired out of sequence packet ,107216,107285
174.358,Received an expired out of sequence packet ,107217,107285
174.358,Received an expired out of sequence packet ,107218,107285
174.358,Received an expired out of sequence packet ,107219,107285
174.358,Received an expired out of sequence packet ,107220,107285
174.358,Received an expired out of sequence packet ,107221,107285
174.358,Received an expired out of sequence packet ,107222,107285
174.358,Received an expired out of sequence packet ,107223,107285
174.358,Received an expired out of sequence packet ,107224,107285
174.358,Received an expired out of sequence packet ,107225,107285
174.358,Received an expired out of sequence packet ,107226,107285
174.358,Received an expired out of sequence packet ,107227,107285
174.358,Received an expired out of sequence packet ,107228,107285
174.358,Received an expired out of sequence packet ,107229,107285
174.358,Received an expired out of sequence packet ,107230,107285
174.358,Received an expired out of sequence packet ,107231,107285
174.358,Received an expired out of sequence packet ,107232,107285
174.358,Received an expired out of sequence packet ,107233,107285
174.358,Received an expired out of sequence packet ,107234,107285
174.358,Received an expired out of sequence packet ,107235,107285
174.358,Received an expired out of sequence packet ,107236,107285
174.358,Received an expired out of sequence packet ,107237,107285
174.358,Received an expired out of sequence packet ,107238,107285
174.366,Received an expired out of sequence packet ,107239,107285
174.366,Received an expired out of sequence packet ,107240,107285
174.366,Received an expired out of sequence packet ,107241,107285
174.366,Received an expired out of sequence packet ,107242,107285
174.366,Received an expired out of sequence packet ,107243,107285
174.366,Received an expired out of sequence packet ,107244,107285
174.366,Received an expired out of sequence packet ,107245,107285
174.366,Received an expired out of sequence packet ,107246,107285
174.366,Received an expired out of sequence packet ,107247,107285
174.366,Received an expired out of sequence packet ,107248,107285
174.366,Received an expired out of sequence packet ,107249,107285
174.366,Received an expired out of sequence packet ,107250,107285
174.366,Received an expired out of sequence packet ,107251,107285
174.366,Received an expired out of sequence packet ,107252,107285
174.366,Received an expired out of sequence packet ,107253,107285
174.366,Received an expired out of sequence packet ,107254,107285
174.366,Received an expired out of sequence packet ,107255,107285
174.366,Received an expired out of sequence packet ,107256,107285
174.366,Received an expired out of sequence packet ,107257,107285
174.371,Received an expired out of sequence packet ,107258,107285
174.371,Received an expired out of sequence packet ,107259,107285
174.378,Received an expired out of sequence packet ,107260,107285
174.378,Received an expired out of sequence packet ,107261,107285
174.378,Received an expired out of sequence packet ,107262,107285
174.378,Received an expired out of sequence packet ,107263,107285
174.381,Received an expired out of sequence packet ,107264,107285
174.381,Received an expired out of sequence packet ,107265,107285
174.381,Received an expired out of sequence packet ,107266,107285
174.381,Received an expired out of sequence packet ,107267,107285
174.381,Received an expired out of sequence packet ,107268,107285
174.381,Received an expired out of sequence packet ,107269,107285
174.381,Received an expired out of sequence packet ,107270,107285
174.381,Received an expired out of sequence packet ,107271,107285
174.381,Received an expired out of sequence packet ,107272,107285
174.381,Received an expired out of sequence packet ,107273,107285
174.381,Received an expired out of sequence packet ,107274,107285
174.407,Received an expired out of sequence packet ,107275,107285
174.407,Received an expired out of sequence packet ,107276,107285
174.407,Received an expired out of sequence packet ,107277,107285
174.407,Received an expired out of sequence packet ,107278,107285
174.407,Received an expired out of sequence packet ,107279,107285
174.411,Received an expired out of sequence packet ,107280,107285
174.411,Received an expired out of sequence packet ,107281,107285
174.411,Received an expired out of sequence packet ,107282,107285
174.411,Received an expired out of sequence packet ,107283,107285
174.411,Received an expired out of sequence packet ,107284,107285
266.666,Timeout
266.666,clearing sending list because of timeout
266.826,Received an expired out of sequence packet ,188620,188836
266.874,Received an expired out of sequence packet ,188621,188836
266.878,Received an expired out of sequence packet ,188622,188836
266.878,Received an expired out of sequence packet ,188623,188836
266.878,Received an expired out of sequence packet ,188624,188836
266.878,Received an expired out of sequence packet ,188625,188836
266.878,Received an expired out of sequence packet ,188626,188836
266.879,Received an expired out of sequence packet ,188627,188836
266.879,Received an expired out of sequence packet ,188628,188836
266.879,Received an expired out of sequence packet ,188629,188836
266.879,Received an expired out of sequence packet ,188630,188836
266.879,Received an expired out of sequence packet ,188631,188836
266.879,Received an expired out of sequence packet ,188632,188836
266.879,Received an expired out of sequence packet ,188633,188836
266.879,Received an expired out of sequence packet ,188634,188836
266.879,Received an expired out of sequence packet ,188635,188836
266.883,Received an expired out of sequence packet ,188636,188836
266.883,Received an expired out of sequence packet ,188637,188836
266.883,Received an expired out of sequence packet ,188638,188836
266.883,Received an expired out of sequence packet ,188639,188836
266.883,Received an expired out of sequence packet ,188640,188836
266.883,Received an expired out of sequence packet ,188641,188836
266.913,Received an expired out of sequence packet ,188642,188836
266.916,Received an expired out of sequence packet ,188643,188836
266.92,Received an expired out of sequence packet ,188644,188836
266.921,Received an expired out of sequence packet ,188645,188836
266.921,Received an expired out of sequence packet ,188646,188836
266.925,Received an expired out of sequence packet ,188647,188836
266.925,Received an expired out of sequence packet ,188648,188836
266.925,Received an expired out of sequence packet ,188649,188836
266.925,Received an expired out of sequence packet ,188650,188836
266.925,Received an expired out of sequence packet ,188651,188836
266.925,Received an expired out of sequence packet ,188652,188836
266.933,Received an expired out of sequence packet ,188653,188836
266.933,Received an expired out of sequence packet ,188654,188836
266.933,Received an expired out of sequence packet ,188655,188836
266.933,Received an expired out of sequence packet ,188656,188836
266.933,Received an expired out of sequence packet ,188657,188836
266.933,Received an expired out of sequence packet ,188658,188836
266.933,Received an expired out of sequence packet ,188659,188836
266.933,Received an expired out of sequence packet ,188660,188836
266.935,Received an expired out of sequence packet ,188661,188836
266.95,Received an expired out of sequence packet ,188662,188836
266.95,Received an expired out of sequence packet ,188663,188836
266.95,Received an expired out of sequence packet ,188664,188836
266.95,Received an expired out of sequence packet ,188665,188836
266.95,Received an expired out of sequence packet ,188666,188836
266.95,Received an expired out of sequence packet ,188667,188836
266.95,Received an expired out of sequence packet ,188668,188836
266.95,Received an expired out of sequence packet ,188669,188836
266.95,Received an expired out of sequence packet ,188670,188836
266.95,Received an expired out of sequence packet ,188671,188836
266.95,Received an expired out of sequence packet ,188672,188836
266.95,Received an expired out of sequence packet ,188673,188836
266.95,Received an expired out of sequence packet ,188674,188836
266.95,Received an expired out of sequence packet ,188675,188836
266.95,Received an expired out of sequence packet ,188676,188836
266.95,Received an expired out of sequence packet ,188677,188836
266.95,Received an expired out of sequence packet ,188678,188836
266.95,Received an expired out of sequence packet ,188679,188836
266.95,Received an expired out of sequence packet ,188680,188836
266.95,Received an expired out of sequence packet ,188681,188836
266.95,Received an expired out of sequence packet ,188682,188836
266.95,Received an expired out of sequence packet ,188683,188836
266.95,Received an expired out of sequence packet ,188684,188836
266.95,Received an expired out of sequence packet ,188685,188836
266.959,Received an expired out of sequence packet ,188686,188836
266.959,Received an expired out of sequence packet ,188687,188836
266.959,Received an expired out of sequence packet ,188688,188836
266.959,Received an expired out of sequence packet ,188689,188836
266.961,Received an expired out of sequence packet ,188690,188836
266.961,Received an expired out of sequence packet ,188691,188836
266.961,Received an expired out of sequence packet ,188692,188836
266.961,Received an expired out of sequence packet ,188693,188836
266.961,Received an expired out of sequence packet ,188694,188836
266.961,Received an expired out of sequence packet ,188695,188836
266.961,Received an expired out of sequence packet ,188696,188836
266.961,Received an expired out of sequence packet ,188697,188836
266.967,Received an expired out of sequence packet ,188698,188836
266.967,Received an expired out of sequence packet ,188699,188836
266.967,Received an expired out of sequence packet ,188700,188836
266.967,Received an expired out of sequence packet ,188701,188836
266.967,Received an expired out of sequence packet ,188702,188836
266.967,Received an expired out of sequence packet ,188703,188836
266.967,Received an expired out of sequence packet ,188704,188836
266.967,Received an expired out of sequence packet ,188705,188836
266.968,Received an expired out of sequence packet ,188706,188836
266.968,Received an expired out of sequence packet ,188707,188836
266.97,Received an expired out of sequence packet ,188708,188836
266.97,Received an expired out of sequence packet ,188709,188836
266.97,Received an expired out of sequence packet ,188710,188836
266.973,Received an expired out of sequence packet ,188711,188836
266.973,Received an expired out of sequence packet ,188712,188836
266.973,Received an expired out of sequence packet ,188713,188836
266.973,Received an expired out of sequence packet ,188714,188836
266.973,Received an expired out of sequence packet ,188715,188836
266.973,Received an expired out of sequence packet ,188716,188836
266.973,Received an expired out of sequence packet ,188717,188836
266.973,Received an expired out of sequence packet ,188718,188836
266.973,Received an expired out of sequence packet ,188719,188836
266.973,Received an expired out of sequence packet ,188720,188836
266.973,Received an expired out of sequence packet ,188721,188836
266.973,Received an expired out of sequence packet ,188722,188836
266.974,Received an expired out of sequence packet ,188723,188836
266.974,Received an expired out of sequence packet ,188724,188836
266.974,Received an expired out of sequence packet ,188725,188836
266.976,Received an expired out of sequence packet ,188726,188836
266.977,Received an expired out of sequence packet ,188727,188836
266.977,Received an expired out of sequence packet ,188728,188836
266.977,Received an expired out of sequence packet ,188729,188836
266.977,Received an expired out of sequence packet ,188730,188836
266.977,Received an expired out of sequence packet ,188731,188836
266.978,Received an expired out of sequence packet ,188732,188836
266.978,Received an expired out of sequence packet ,188733,188836
266.978,Received an expired out of sequence packet ,188734,188836
266.978,Received an expired out of sequence packet ,188735,188836
266.978,Received an expired out of sequence packet ,188736,188836
266.978,Received an expired out of sequence packet ,188737,188836
266.978,Received an expired out of sequence packet ,188738,188836
266.978,Received an expired out of sequence packet ,188739,188836
266.978,Received an expired out of sequence packet ,188740,188836
266.982,Received an expired out of sequence packet ,188741,188836
266.982,Received an expired out of sequence packet ,188742,188836
266.982,Received an expired out of sequence packet ,188743,188836
266.982,Received an expired out of sequence packet ,188744,188836
266.982,Received an expired out of sequence packet ,188745,188836
266.983,Received an expired out of sequence packet ,188746,188836
266.983,Received an expired out of sequence packet ,188747,188836
266.983,Received an expired out of sequence packet ,188748,188836
266.983,Received an expired out of sequence packet ,188749,188836
266.983,Received an expired out of sequence packet ,188750,188836
266.983,Received an expired out of sequence packet ,188751,188836
266.983,Received an expired out of sequence packet ,188752,188836
266.983,Received an expired out of sequence packet ,188753,188836
266.983,Received an expired out of sequence packet ,188754,188836
266.983,Received an expired out of sequence packet ,188755,188836
266.988,Received an expired out of sequence packet ,188756,188836
266.988,Received an expired out of sequence packet ,188757,188836
266.988,Received an expired out of sequence packet ,188758,188836
266.988,Received an expired out of sequence packet ,188759,188836
266.997,Received an expired out of sequence packet ,188760,188836
266.997,Received an expired out of sequence packet ,188761,188836
266.997,Received an expired out of sequence packet ,188762,188836
266.997,Received an expired out of sequence packet ,188763,188836
266.997,Received an expired out of sequence packet ,188764,188836
266.997,Received an expired out of sequence packet ,188765,188836
266.997,Received an expired out of sequence packet ,188766,188836
266.997,Received an expired out of sequence packet ,188767,188836
266.997,Received an expired out of sequence packet ,188768,188836
266.997,Received an expired out of sequence packet ,188769,188836
266.997,Received an expired out of sequence packet ,188770,188836
266.997,Received an expired out of sequence packet ,188771,188836
266.997,Received an expired out of sequence packet ,188772,188836
266.997,Received an expired out of sequence packet ,188773,188836
266.997,Received an expired out of sequence packet ,188774,188836
267.001,Received an expired out of sequence packet ,188775,188836
267.006,Received an expired out of sequence packet ,188776,188836
267.006,Received an expired out of sequence packet ,188777,188836
267.006,Received an expired out of sequence packet ,188778,188836
267.006,Received an expired out of sequence packet ,188779,188836
267.006,Received an expired out of sequence packet ,188780,188836
267.006,Received an expired out of sequence packet ,188781,188836
267.007,Received an expired out of sequence packet ,188782,188836
267.007,Received an expired out of sequence packet ,188783,188836
267.012,Received an expired out of sequence packet ,188784,188836
267.013,Received an expired out of sequence packet ,188785,188836
267.013,Received an expired out of sequence packet ,188786,188836
267.013,Received an expired out of sequence packet ,188787,188836
267.013,Received an expired out of sequence packet ,188788,188836
267.013,Received an expired out of sequence packet ,188789,188836
267.013,Received an expired out of sequence packet ,188790,188836
267.014,Received an expired out of sequence packet ,188791,188836
267.014,Received an expired out of sequence packet ,188792,188836
267.014,Received an expired out of sequence packet ,188793,188836
267.015,Received an expired out of sequence packet ,188794,188836
267.015,Received an expired out of sequence packet ,188795,188836
267.015,Received an expired out of sequence packet ,188796,188836
267.015,Received an expired out of sequence packet ,188797,188836
267.015,Received an expired out of sequence packet ,188798,188836
267.015,Received an expired out of sequence packet ,188799,188836
267.015,Received an expired out of sequence packet ,188800,188836
267.015,Received an expired out of sequence packet ,188801,188836
267.015,Received an expired out of sequence packet ,188802,188836
267.015,Received an expired out of sequence packet ,188803,188836
267.021,Received an expired out of sequence packet ,188804,188836
267.021,Received an expired out of sequence packet ,188805,188836
267.021,Received an expired out of sequence packet ,188806,188836
267.021,Received an expired out of sequence packet ,188807,188836
267.021,Received an expired out of sequence packet ,188808,188836
267.021,Received an expired out of sequence packet ,188809,188836
267.021,Received an expired out of sequence packet ,188810,188836
267.021,Received an expired out of sequence packet ,188811,188836
267.021,Received an expired out of sequence packet ,188812,188836
267.021,Received an expired out of sequence packet ,188813,188836
267.022,Received an expired out of sequence packet ,188814,188836
267.022,Received an expired out of sequence packet ,188815,188836
267.022,Received an expired out of sequence packet ,188816,188836
267.022,Received an expired out of sequence packet ,188817,188836
267.022,Received an expired out of sequence packet ,188818,188836
267.022,Received an expired out of sequence packet ,188819,188836
267.027,Received an expired out of sequence packet ,188820,188836
267.028,Received an expired out of sequence packet ,188821,188836
267.028,Received an expired out of sequence packet ,188822,188836
267.028,Received an expired out of sequence packet ,188823,188836
267.028,Received an expired out of sequence packet ,188824,188836
267.028,Received an expired out of sequence packet ,188825,188836
267.028,Received an expired out of sequence packet ,188826,188836
267.028,Received an expired out of sequence packet ,188827,188836
267.028,Received an expired out of sequence packet ,188828,188836
267.028,Received an expired out of sequence packet ,188829,188836
267.028,Received an expired out of sequence packet ,188830,188836
267.028,Received an expired out of sequence packet ,188831,188836
267.028,Received an expired out of sequence packet ,188832,188836
267.028,Received an expired out of sequence packet ,188833,188836
267.028,Received an expired out of sequence packet ,188834,188836
267.028,Received an expired out of sequence packet ,188835,188836
294.23,Timeout
294.23,clearing sending list because of timeout
294.236,Received an expired out of sequence packet ,201813,201830
294.236,Received an expired out of sequence packet ,201814,201830
294.252,Received an expired out of sequence packet ,201815,201830
294.254,Received an expired out of sequence packet ,201816,201830
294.254,Received an expired out of sequence packet ,201817,201830
294.255,Received an expired out of sequence packet ,201818,201830
294.255,Received an expired out of sequence packet ,201819,201830
294.256,Received an expired out of sequence packet ,201820,201830
294.258,Received an expired out of sequence packet ,201821,201830
294.258,Received an expired out of sequence packet ,201822,201830
294.258,Received an expired out of sequence packet ,201823,201830
294.258,Received an expired out of sequence packet ,201824,201830