1.14141,Exit slow start,exceeding SS_EXIT_THRESHOLD
14.4266,Timeout
14.4266,clearing sending list because of timeout
14.4294,Received an expired out of sequence packet ,4064,4186
14.9815,Received an expired out of sequence packet ,4065,4186
14.9926,Received an expired out of sequence packet ,4066,4186
14.9986,Received an expired out of sequence packet ,4067,4186
15.0149,Received an expired out of sequence packet ,4068,4186
15.023,Received an expired out of sequence packet ,4069,4186
15.0302,Received an expired out of sequence packet ,4070,4186
15.0383,Received an expired out of sequence packet ,4071,4186
15.0477,Received an expired out of sequence packet ,4072,4186
15.0578,Received an expired out of sequence packet ,4073,4186
15.064,Received an expired out of sequence packet ,4074,4186
15.0671,Received an expired out of sequence packet ,4075,4186
15.0733,Received an expired out of sequence packet ,4076,4186
15.0794,Received an expired out of sequence packet ,4077,4186
15.0854,Received an expired out of sequence packet ,4078,4186
15.0956,Received an expired out of sequence packet ,4079,4186
15.0977,Received an expired out of sequence packet ,4080,4186
15.1057,Received an expired out of sequence packet ,4081,4186
15.1222,Received an expired out of sequence packet ,4082,4186
15.1273,Received an expired out of sequence packet ,4083,4186
15.1293,Received an expired out of sequence packet ,4084,4186
15.1354,Received an expired out of sequence packet ,4085,4186
15.1489,Received an expired out of sequence packet ,4086,4186
15.1489,Received an expired out of sequence packet ,4087,4186
15.156,Received an expired out of sequence packet ,4088,4186
15.156,Received an expired out of sequence packet ,4089,4186
15.156,Received an expired out of sequence packet ,4090,4186
15.1621,Received an expired out of sequence packet ,4091,4186
15.1663,Received an expired out of sequence packet ,4092,4186
15.1734,Received an expired out of sequence packet ,4093,4186
15.1798,Received an expired out of sequence packet ,4094,4186
15.1849,Received an expired out of sequence packet ,4095,4186
15.187,Received an expired out of sequence packet ,4096,4186
15.1942,Received an expired out of sequence packet ,4097,4186
15.1973,Received an expired out of sequence packet ,4098,4186
15.2004,Received an expired out of sequence packet ,4099,4186
15.2056,Received an expired out of sequence packet ,4100,4186
15.2115,Received an expired out of sequence packet ,4101,4186
15.2176,Received an expired out of sequence packet ,4102,4186
15.2288,Received an expired out of sequence packet ,4103,4186
15.239,Received an expired out of sequence packet ,4104,4186
15.239,Received an expired out of sequence packet ,4105,4186
15.246,Received an expired out of sequence packet ,4106,4186
15.2521,Received an expired out of sequence packet ,4107,4186
15.2656,Received an expired out of sequence packet ,4108,4186
15.2727,Received an expired out of sequence packet ,4109,4186
15.2728,Received an expired out of sequence packet ,4110,4186
15.2767,Received an expired out of sequence packet ,4111,4186
15.2828,Received an expired out of sequence packet ,4112,4186
15.2971,Received an expired out of sequence packet ,4113,4186
15.3042,Received an expired out of sequence packet ,4114,4186
15.3143,Received an expired out of sequence packet ,4115,4186
15.3205,Received an expired out of sequence packet ,4116,4186
15.3286,Received an expired out of sequence packet ,4117,4186
15.3457,Received an expired out of sequence packet ,4118,4186
15.3589,Received an expired out of sequence packet ,4119,4186
15.3589,Received an expired out of sequence packet ,4120,4186
15.3682,Received an expired out of sequence packet ,4121,4186
15.3795,Received an expired out of sequence packet ,4122,4186
15.3806,Received an expired out of sequence packet ,4123,4186
15.3888,Received an expired out of sequence packet ,4124,4186
15.3916,Received an expired out of sequence packet ,4125,4186
15.411,Received an expired out of sequence packet ,4126,4186
15.4162,Received an expired out of sequence packet ,4127,4186
15.4173,Received an expired out of sequence packet ,4128,4186
15.4234,Received an expired out of sequence packet ,4129,4186
15.4305,Received an expired out of sequence packet ,4130,4186
15.4417,Received an expired out of sequence packet ,4131,4186
15.4448,Received an expired out of sequence packet ,4132,4186
15.4567,Received an expired out of sequence packet ,4133,4186
15.4771,Received an expired out of sequence packet ,4134,4186
15.4875,Received an expired out of sequence packet ,4135,4186
15.4946,Received an expired out of sequence packet ,4136,4186
15.4977,Received an expired out of sequence packet ,4137,4186
15.4977,Received an expired out of sequence packet ,4138,4186
15.5039,Received an expired out of sequence packet ,4139,4186
15.5129,Received an expired out of sequence packet ,4140,4186
15.5272,Received an expired out of sequence packet ,4141,4186
15.5283,Received an expired out of sequence packet ,4142,4186
15.5364,Received an expired out of sequence packet ,4143,4186
15.5434,Received an expired out of sequence packet ,4144,4186
15.5586,Received an expired out of sequence packet ,4145,4186
15.5638,Received an expired out of sequence packet ,4146,4186
15.5739,Received an expired out of sequence packet ,4147,4186
15.68,Received an expired out of sequence packet ,4148,4186
15.6882,Received an expired out of sequence packet ,4149,4186
15.6993,Received an expired out of sequence packet ,4150,4186
15.7165,Received an expired out of sequence packet ,4151,4186
15.7296,Received an expired out of sequence packet ,4152,4186
15.7398,Received an expired out of sequence packet ,4153,4186
15.7529,Received an expired out of sequence packet ,4154,4186
15.753,Received an expired out of sequence packet ,4155,4186
15.7652,Received an expired out of sequence packet ,4156,4186
15.7734,Received an expired out of sequence packet ,4157,4186
15.7824,Received an expired out of sequence packet ,4158,4186
15.7997,Received an expired out of sequence packet ,4159,4186
15.8158,Received an expired out of sequence packet ,4160,4186
15.8189,Received an expired out of sequence packet ,4161,4186
15.841,Received an expired out of sequence packet ,4162,4186
15.8551,Received an expired out of sequence packet ,4163,4186
15.8733,Received an expired out of sequence packet ,4164,4186
15.9055,Received an expired out of sequence packet ,4165,4186
15.911,Received an expired out of sequence packet ,4166,4186
15.9301,Received an expired out of sequence packet ,4167,4186
15.9517,Received an expired out of sequence packet ,4168,4186
15.9659,Received an expired out of sequence packet ,4169,4186
15.9829,Received an expired out of sequence packet ,4170,4186
16.008,Received an expired out of sequence packet ,4171,4186
16.0273,Received an expired out of sequence packet ,4172,4186
16.0424,Received an expired out of sequence packet ,4173,4186
16.0746,Received an expired out of sequence packet ,4174,4186
16.0828,Received an expired out of sequence packet ,4175,4186
16.1059,Received an expired out of sequence packet ,4176,4186
16.12,Received an expired out of sequence packet ,4177,4186
16.1352,Received an expired out of sequence packet ,4178,4186
16.1664,Received an expired out of sequence packet ,4179,4186
16.1755,Received an expired out of sequence packet ,4180,4186
16.1866,Received an expired out of sequence packet ,4181,4186
16.2086,Received an expired out of sequence packet ,4182,4186
16.2308,Received an expired out of sequence packet ,4183,4186
16.251,Received an expired out of sequence packet ,4184,4186
16.2723,Received an expired out of sequence packet ,4185,4186
42.0871,Timeout
42.0871,clearing sending list because of timeout
42.0986,Received an expired out of sequence packet ,9498,9506
43.0986,Timeout
43.0986,clearing sending list because of timeout
43.1007,Received an expired out of sequence packet ,9499,9508
44.0964,Received an expired out of sequence packet ,9500,9508
44.9864,Received an expired out of sequence packet ,9501,9508
44.9905,Received an expired out of sequence packet ,9502,9508
44.9975,Received an expired out of sequence packet ,9503,9508
45.0146,Received an expired out of sequence packet ,9504,9508
45.0157,Received an expired out of sequence packet ,9505,9508
45.0157,Received an expired out of sequence packet ,9506,9508
45.0207,Received an expired out of sequence packet ,9507,9508
63.588,Timeout
63.588,clearing sending list because of timeout
63.5995,Received an expired out of sequence packet ,13620,13760
63.634,Received an expired out of sequence packet ,13621,13760
63.6381,Received an expired out of sequence packet ,13622,13760
63.7105,Received an expired out of sequence packet ,13623,13760
63.7105,Received an expired out of sequence packet ,13624,13760
63.7106,Received an expired out of sequence packet ,13625,13760
63.7106,Received an expired out of sequence packet ,13626,13760
63.7106,Received an expired out of sequence packet ,13627,13760
63.7106,Received an expired out of sequence packet ,13628,13760
63.7106,Received an expired out of sequence packet ,13629,13760
63.7106,Received an expired out of sequence packet ,13630,13760
63.7106,Received an expired out of sequence packet ,13631,13760
63.7107,Received an expired out of sequence packet ,13632,13760
63.7107,Received an expired out of sequence packet ,13633,13760
63.7127,Received an expired out of sequence packet ,13634,13760
63.7412,Received an expired out of sequence packet ,13635,13760
63.7413,Received an expired out of sequence packet ,13636,13760
63.7413,Received an expired out of sequence packet ,13637,13760
63.7413,Received an expired out of sequence packet ,13638,13760
63.7413,Received an expired out of sequence packet ,13639,13760
63.7413,Received an expired out of sequence packet ,13640,13760
63.7413,Received an expired out of sequence packet ,13641,13760
63.7413,Received an expired out of sequence packet ,13642,13760
63.7414,Received an expired out of sequence packet ,13643,13760
63.7434,Received an expired out of sequence packet ,13644,13760
63.7434,Received an expired out of sequence packet ,13645,13760
63.7434,Received an expired out of sequence packet ,13646,13760
63.7435,Received an expired out of sequence packet ,13647,13760
63.7564,Received an expired out of sequence packet ,13648,13760
63.7565,Received an expired out of sequence packet ,13649,13760
63.7565,Received an expired out of sequence packet ,13650,13760
63.7565,Received an expired out of sequence packet ,13651,13760
63.7577,Received an expired out of sequence packet ,13652,13760
63.7578,Received an expired out of sequence packet ,13653,13760
63.7578,Received an expired out of sequence packet ,13654,13760
63.7578,Received an expired out of sequence packet ,13655,13760
63.7578,Received an expired out of sequence packet ,13656,13760
63.7578,Received an expired out of sequence packet ,13657,13760
63.7579,Received an expired out of sequence packet ,13658,13760
63.7659,Received an expired out of sequence packet ,13659,13760
63.7659,Received an expired out of sequence packet ,13660,13760
63.7659,Received an expired out of sequence packet ,13661,13760
63.7659,Received an expired out of sequence packet ,13662,13760
63.774,Received an expired out of sequence packet ,13663,13760
63.774,Received an expired out of sequence packet ,13664,13760
63.777,Received an expired out of sequence packet ,13665,13760
63.7771,Received an expired out of sequence packet ,13666,13760
63.7771,Received an expired out of sequence packet ,13667,13760
63.7771,Received an expired out of sequence packet ,13668,13760
63.7771,Received an expired out of sequence packet ,13669,13760
63.7771,Received an expired out of sequence packet ,13670,13760
63.7772,Received an expired out of sequence packet ,13671,13760
63.7772,Received an expired out of sequence packet ,13672,13760
63.8189,Received an expired out of sequence packet ,13673,13760
63.8189,Received an expired out of sequence packet ,13674,13760
63.8189,Received an expired out of sequence packet ,13675,13760
63.8189,Received an expired out of sequence packet ,13676,13760
63.8189,Received an expired out of sequence packet ,13677,13760
63.819,Received an expired out of sequence packet ,13678,13760
63.906,Received an expired out of sequence packet ,13679,13760
63.9061,Received an expired out of sequence packet ,13680,13760
63.9061,Received an expired out of sequence packet ,13681,13760
63.9061,Received an expired out of sequence packet ,13682,13760
63.9102,Received an expired out of sequence packet ,13683,13760
63.9102,Received an expired out of sequence packet ,13684,13760
63.9102,Received an expired out of sequence packet ,13685,13760
63.9102,Received an expired out of sequence packet ,13686,13760
63.9113,Received an expired out of sequence packet ,13687,13760
63.9113,Received an expired out of sequence packet ,13688,13760
63.9113,Received an expired out of sequence packet ,13689,13760
63.9114,Received an expired out of sequence packet ,13690,13760
63.9114,Received an expired out of sequence packet ,13691,13760
63.9114,Received an expired out of sequence packet ,13692,13760
63.9114,Received an expired out of sequence packet ,13693,13760
63.9114,Received an expired out of sequence packet ,13694,13760
63.9114,Received an expired out of sequence packet ,13695,13760
63.9115,Received an expired out of sequence packet ,13696,13760
63.9115,Received an expired out of sequence packet ,13697,13760
63.9115,Received an expired out of sequence packet ,13698,13760
63.9115,Received an expired out of sequence packet ,13699,13760
63.9115,Received an expired out of sequence packet ,13700,13760
63.9116,Received an expired out of sequence packet ,13701,13760
63.9116,Received an expired out of sequence packet ,13702,13760
63.9125,Received an expired out of sequence packet ,13703,13760
63.9125,Received an expired out of sequence packet ,13704,13760
63.9125,Received an expired out of sequence packet ,13705,13760
63.9125,Received an expired out of sequence packet ,13706,13760
63.9126,Received an expired out of sequence packet ,13707,13760
63.9126,Received an expired out of sequence packet ,13708,13760
63.9126,Received an expired out of sequence packet ,13709,13760
63.9126,Received an expired out of sequence packet ,13710,13760
63.9126,Received an expired out of sequence packet ,13711,13760
63.9146,Received an expired out of sequence packet ,13712,13760
63.9146,Received an expired out of sequence packet ,13713,13760
63.9157,Received an expired out of sequence packet ,13714,13760
63.9157,Received an expired out of sequence packet ,13715,13760
63.9157,Received an expired out of sequence packet ,13716,13760
63.9158,Received an expired out of sequence packet ,13717,13760
63.9158,Received an expired out of sequence packet ,13718,13760
63.9158,Received an expired out of sequence packet ,13719,13760
63.9168,Received an expired out of sequence packet ,13720,13760
63.9168,Received an expired out of sequence packet ,13721,13760
63.922,Received an expired out of sequence packet ,13722,13760
63.922,Received an expired out of sequence packet ,13723,13760
63.922,Received an expired out of sequence packet ,13724,13760
63.922,Received an expired out of sequence packet ,13725,13760
63.922,Received an expired out of sequence packet ,13726,13760
63.922,Received an expired out of sequence packet ,13727,13760
63.9221,Received an expired out of sequence packet ,13728,13760
63.9221,Received an expired out of sequence packet ,13729,13760
63.9221,Received an expired out of sequence packet ,13730,13760
63.9221,Received an expired out of sequence packet ,13731,13760
63.9221,Received an expired out of sequence packet ,13732,13760
63.9222,Received an expired out of sequence packet ,13733,13760
63.9222,Received an expired out of sequence packet ,13734,13760
63.9222,Received an expired out of sequence packet ,13735,13760
63.9222,Received an expired out of sequence packet ,13736,13760
63.9222,Received an expired out of sequence packet ,13737,13760
63.9222,Received an expired out of sequence packet ,13738,13760
63.9223,Received an expired out of sequence packet ,13739,13760
63.9223,Received an expired out of sequence packet ,13740,13760
63.9223,Received an expired out of sequence packet ,13741,13760
63.9223,Received an expired out of sequence packet ,13742,13760
63.9223,Received an expired out of sequence packet ,13743,13760
63.9224,Received an expired out of sequence packet ,13744,13760
63.9224,Received an expired out of sequence packet ,13745,13760
63.9224,Received an expired out of sequence packet ,13746,13760
63.9553,Received an expired out of sequence packet ,13747,13760
63.9553,Received an expired out of sequence packet ,13748,13760
63.9554,Received an expired out of sequence packet ,13749,13760
63.9554,Received an expired out of sequence packet ,13750,13760
63.9554,Received an expired out of sequence packet ,13751,13760
63.9554,Received an expired out of sequence packet ,13752,13760
63.9554,Received an expired out of sequence packet ,13753,13760
63.9554,Received an expired out of sequence packet ,13754,13760
63.9555,Received an expired out of sequence packet ,13755,13760
63.9635,Received an expired out of sequence packet ,13756,13760
63.9635,Received an expired out of sequence packet ,13757,13760
63.9635,Received an expired out of sequence packet ,13758,13760
63.9635,Received an expired out of sequence packet ,13759,13760
160.265,Timeout
160.265,clearing sending list because of timeout
160.398,Received an expired out of sequence packet ,71521,71559
160.398,Received an expired out of sequence packet ,71522,71559
161.381,Received an expired out of sequence packet ,71523,71559
162.381,Timeout
162.381,clearing sending list because of timeout
162.382,Received an expired out of sequence packet ,71524,71561
163.381,Received an expired out of sequence packet ,71525,71561
164.371,Received an expired out of sequence packet ,71526,71561
164.981,Received an expired out of sequence packet ,71527,71561
164.994,Received an expired out of sequence packet ,71528,71561
164.994,Received an expired out of sequence packet ,71529,71561
165.007,Received an expired out of sequence packet ,71530,71561
165.007,Received an expired out of sequence packet ,71531,71561
165.007,Received an expired out of sequence packet ,71532,71561
165.007,Received an expired out of sequence packet ,71533,71561
165.01,Received an expired out of sequence packet ,71534,71561
165.01,Received an expired out of sequence packet ,71535,71561
165.01,Received an expired out of sequence packet ,71536,71561
165.014,Received an expired out of sequence packet ,71537,71561
165.014,Received an expired out of sequence packet ,71538,71561
165.016,Received an expired out of sequence packet ,71539,71561
165.022,Received an expired out of sequence packet ,71540,71561
165.025,Received an expired out of sequence packet ,71541,71561
165.026,Received an expired out of sequence packet ,71542,71561
165.026,Received an expired out of sequence packet ,71543,71561
165.026,Received an expired out of sequence packet ,71544,71561
165.026,Received an expired out of sequence packet ,71545,71561
165.026,Received an expired out of sequence packet ,71546,71561
165.028,Received an expired out of sequence packet ,71547,71561
165.028,Received an expired out of sequence packet ,71548,71561
165.028,Received an expired out of sequence packet ,71549,71561
165.032,Received an expired out of sequence packet ,71550,71561
165.038,Received an expired out of sequence packet ,71551,71561
165.04,Received an expired out of sequence packet ,71552,71561
165.041,Received an expired out of sequence packet ,71553,71561
165.041,Received an expired out of sequence packet ,71554,71561
165.046,Received an expired out of sequence packet ,71555,71561
165.05,Received an expired out of sequence packet ,71556,71561
165.05,Received an expired out of sequence packet ,71557,71561
165.053,Received an expired out of sequence packet ,71558,71561
165.059,Received an expired out of sequence packet ,71559,71561
165.062,Received an expired out of sequence packet ,71560,71561
174.555,Timeout
174.555,clearing sending list because of timeout
174.563,Received an expired out of sequence packet ,73672,73679
174.629,Received an expired out of sequence packet ,73673,73679
174.634,Received an expired out of sequence packet ,73674,73679
174.82,Received an expired out of sequence packet ,73675,73679
174.824,Received an expired out of sequence packet ,73676,73679
174.827,Received an expired out of sequence packet ,73677,73679
174.83,Received an expired out of sequence packet ,73678,73679
209.98,Timeout
209.98,clearing sending list because of timeout
210.038,Received an expired out of sequence packet ,94801,94872
210.038,Received an expired out of sequence packet ,94802,94872
210.038,Received an expired out of sequence packet ,94803,94872
210.04,Received an expired out of sequence packet ,94804,94872
210.04,Received an expired out of sequence packet ,94805,94872
210.04,Received an expired out of sequence packet ,94806,94872
210.04,Received an expired out of sequence packet ,94807,94872
210.04,Received an expired out of sequence packet ,94808,94872
210.041,Received an expired out of sequence packet ,94809,94872
210.041,Received an expired out of sequence packet ,94810,94872
210.041,Received an expired out of sequence packet ,94811,94872
210.041,Received an expired out of sequence packet ,94812,94872
210.041,Received an expired out of sequence packet ,94813,94872
210.043,Received an expired out of sequence packet ,94814,94872
210.043,Received an expired out of sequence packet ,94815,94872
210.043,Received an expired out of sequence packet ,94816,94872
210.043,Received an expired out of sequence packet ,94817,94872
210.07,Received an expired out of sequence packet ,94818,94872
210.071,Received an expired out of sequence packet ,94819,94872
210.071,Received an expired out of sequence packet ,94820,94872
210.071,Received an expired out of sequence packet ,94821,94872
210.071,Received an expired out of sequence packet ,94822,94872
210.071,Received an expired out of sequence packet ,94823,94872
210.071,Received an expired out of sequence packet ,94824,94872
210.075,Received an expired out of sequence packet ,94825,94872
210.075,Received an expired out of sequence packet ,94826,94872
210.076,Received an expired out of sequence packet ,94827,94872
210.091,Received an expired out of sequence packet ,94828,94872
210.104,Received an expired out of sequence packet ,94829,94872
210.104,Received an expired out of sequence packet ,94830,94872
210.104,Received an expired out of sequence packet ,94831,94872
210.104,Received an expired out of sequence packet ,94832,94872
210.104,Received an expired out of sequence packet ,94833,94872
210.104,Received an expired out of sequence packet ,94834,94872
210.104,Received an expired out of sequence packet ,94835,94872
210.104,Received an expired out of sequence packet ,94836,94872
210.104,Received an expired out of sequence packet ,94837,94872
210.104,Received an expired out of sequence packet ,94838,94872
210.106,Received an expired out of sequence packet ,94839,94872
210.112,Received an expired out of sequence packet ,94840,94872
210.116,Received an expired out of sequence packet ,94841,94872
210.117,Received an expired out of sequence packet ,94842,94872
210.117,Received an expired out of sequence packet ,94843,94872
210.117,Received an expired out of sequence packet ,94844,94872
210.117,Received an expired out of sequence packet ,94845,94872
210.117,Received an expired out of sequence packet ,94846,94872
210.117,Received an expired out of sequence packet ,94847,94872
210.12,Received an expired out of sequence packet ,94848,94872
210.12,Received an expired out of sequence packet ,94849,94872
210.12,Received an expired out of sequence packet ,94850,94872
210.12,Received an expired out of sequence packet ,94851,94872
210.12,Received an expired out of sequence packet ,94852,94872
210.12,Received an expired out of sequence packet ,94853,94872
210.126,Received an expired out of sequence packet ,94854,94872
210.128,Received an expired out of sequence packet ,94855,94872
210.128,Received an expired out of sequence packet ,94856,94872
210.128,Received an expired out of sequence packet ,94857,94872
210.128,Received an expired out of sequence packet ,94858,94872
210.128,Received an expired out of sequence packet ,94859,94872
210.13,Received an expired out of sequence packet ,94860,94872
210.141,Received an expired out of sequence packet ,94861,94872
210.142,Received an expired out of sequence packet ,94862,94872
210.142,Received an expired out of sequence packet ,94863,94872
210.143,Received an expired out of sequence packet ,94864,94872
210.143,Received an expired out of sequence packet ,94865,94872
210.143,Received an expired out of sequence packet ,94866,94872
210.143,Received an expired out of sequence packet ,94867,94872
210.143,Received an expired out of sequence packet ,94868,94872
210.143,Received an expired out of sequence packet ,94869,94872
210.143,Received an expired out of sequence packet ,94870,94872
210.143,Received an expired out of sequence packet ,94871,94872
242.695,Timeout
242.695,clearing sending list because of timeout
242.74,Received an expired out of sequence packet ,118469,118685
242.74,Received an expired out of sequence packet ,118470,118685
242.74,Received an expired out of sequence packet ,118471,118685
242.797,Received an expired out of sequence packet ,118472,118685
242.798,Received an expired out of sequence packet ,118473,118685
242.798,Received an expired out of sequence packet ,118474,118685
242.798,Received an expired out of sequence packet ,118475,118685
242.798,Received an expired out of sequence packet ,118476,118685
242.798,Received an expired out of sequence packet ,118477,118685
242.798,Received an expired out of sequence packet ,118478,118685
242.798,Received an expired out of sequence packet ,118479,118685
242.801,Received an expired out of sequence packet ,118480,118685
242.801,Received an expired out of sequence packet ,118481,118685
242.801,Received an expired out of sequence packet ,118482,118685
242.801,Received an expired out of sequence packet ,118483,118685
242.801,Received an expired out of sequence packet ,118484,118685
242.801,Received an expired out of sequence packet ,118485,118685
242.832,Received an expired out of sequence packet ,118486,118685
242.832,Received an expired out of sequence packet ,118487,118685
242.832,Received an expired out of sequence packet ,118488,118685
242.832,Received an expired out of sequence packet ,118489,118685
242.832,Received an expired out of sequence packet ,118490,118685
242.832,Received an expired out of sequence packet ,118491,118685
242.832,Received an expired out of sequence packet ,118492,118685
242.832,Received an expired out of sequence packet ,118493,118685
242.842,Received an expired out of sequence packet ,118494,118685
242.842,Received an expired out of sequence packet ,118495,118685
242.842,Received an expired out of sequence packet ,118496,118685
242.846,Received an expired out of sequence packet ,118497,118685
242.847,Received an expired out of sequence packet ,118498,118685
242.847,Received an expired out of sequence packet ,118499,118685
242.848,Received an expired out of sequence packet ,118500,118685
242.849,Received an expired out of sequence packet ,118501,118685
242.849,Received an expired out of sequence packet ,118502,118685
242.849,Received an expired out of sequence packet ,118503,118685
242.849,Received an expired out of sequence packet ,118504,118685
242.849,Received an expired out of sequence packet ,118505,118685
242.849,Received an expired out of sequence packet ,118506,118685
242.849,Received an expired out of sequence packet ,118507,118685
242.849,Received an expired out of sequence packet ,118508,118685
242.849,Received an expired out of sequence packet ,118509,118685
242.849,Received an expired out of sequence packet ,118510,118685
242.853,Received an expired out of sequence packet ,118511,118685
242.853,Received an expired out of sequence packet ,118512,118685
242.853,Received an expired out of sequence packet ,118513,118685
242.854,Received an expired out of sequence packet ,118514,118685
242.854,Received an expired out of sequence packet ,118515,118685
242.854,Received an expired out of sequence packet ,118516,118685
242.854,Received an expired out of sequence packet ,118517,118685
242.855,Received an expired out of sequence packet ,118518,118685
242.855,Received an expired out of sequence packet ,118519,118685
242.855,Received an expired out of sequence packet ,118520,118685
242.855,Received an expired out of sequence packet ,118521,118685
242.87,Received an expired out of sequence packet ,118522,118685
242.87,Received an expired out of sequence packet ,118523,118685
242.87,Received an expired out of sequence packet ,118524,118685
242.87,Received an expired out of sequence packet ,118525,118685
242.87,Received an expired out of sequence packet ,118526,118685
242.87,Received an expired out of sequence packet ,118527,118685
242.87,Received an expired out of sequence packet ,118528,118685
242.87,Received an expired out of sequence packet ,118529,118685
242.87,Received an expired out of sequence packet ,118530,118685
242.87,Received an expired out of sequence packet ,118531,118685
242.87,Received an expired out of sequence packet ,118532,118685
242.87,Received an expired out of sequence packet ,118533,118685
242.87,Received an expired out of sequence packet ,118534,118685
242.87,Received an expired out of sequence packet ,118535,118685
242.87,Received an expired out of sequence packet ,118536,118685
242.871,Received an expired out of sequence packet ,118537,118685
242.88,Received an expired out of sequence packet ,118538,118685
242.88,Received an expired out of sequence packet ,118539,118685
242.88,Received an expired out of sequence packet ,118540,118685
242.884,Received an expired out of sequence packet ,118541,118685
242.889,Received an expired out of sequence packet ,118542,118685
242.889,Received an expired out of sequence packet ,118543,118685
242.889,Received an expired out of sequence packet ,118544,118685
242.889,Received an expired out of sequence packet ,118545,118685
242.889,Received an expired out of sequence packet ,118546,118685
242.889,Received an expired out of sequence packet ,118547,118685
242.889,Received an expired out of sequence packet ,118548,118685
242.889,Received an expired out of sequence packet ,118549,118685
242.903,Received an expired out of sequence packet ,118550,118685
242.903,Received an expired out of sequence packet ,118551,118685
242.903,Received an expired out of sequence packet ,118552,118685
242.903,Received an expired out of sequence packet ,118553,118685
242.903,Received an expired out of sequence packet ,118554,118685
242.903,Received an expired out of sequence packet ,118555,118685
242.903,Received an expired out of sequence packet ,118556,118685
242.903,Received an expired out of sequence packet ,118557,118685
242.903,Received an expired out of sequence packet ,118558,118685
242.903,Received an expired out of sequence packet ,118559,118685
242.903,Received an expired out of sequence packet ,118560,118685
242.903,Received an expired out of sequence packet ,118561,118685
242.903,Received an expired out of sequence packet ,118562,118685
242.904,Received an expired out of sequence packet ,118563,118685
242.91,Received an expired out of sequence packet ,118564,118685
242.91,Received an expired out of sequence packet ,118565,118685
242.91,Received an expired out of sequence packet ,118566,118685
242.91,Received an expired out of sequence packet ,118567,118685
242.911,Received an expired out of sequence packet ,118568,118685
242.911,Received an expired out of sequence packet ,118569,118685
242.911,Received an expired out of sequence packet ,118570,118685
242.911,Received an expired out of sequence packet ,118571,118685
242.911,Received an expired out of sequence packet ,118572,118685
242.911,Received an expired out of sequence packet ,118573,118685
242.911,Received an expired out of sequence packet ,118574,118685
242.911,Received an expired out of sequence packet ,118575,118685
242.911,Received an expired out of sequence packet ,118576,118685
242.911,Received an expired out of sequence packet ,118577,118685
242.911,Received an expired out of sequence packet ,118578,118685
242.911,Received an expired out of sequence packet ,118579,118685
242.912,Received an expired out of sequence packet ,118580,118685
242.912,Received an expired out of sequence packet ,118581,118685
242.912,Received an expired out of sequence packet ,118582,118685
242.912,Received an expired out of sequence packet ,118583,118685
242.913,Received an expired out of sequence packet ,118584,118685
242.913,Received an expired out of sequence packet ,118585,118685
242.913,Received an expired out of sequence packet ,118586,118685
242.913,Received an expired out of sequence packet ,118587,118685
242.914,Received an expired out of sequence packet ,118588,118685
242.914,Received an expired out of sequence packet ,118589,118685
242.914,Received an expired out of sequence packet ,118590,118685
242.915,Received an expired out of sequence packet ,118591,118685
242.915,Received an expired out of sequence packet ,118592,118685
242.915,Received an expired out of sequence packet ,118593,118685
242.915,Received an expired out of sequence packet ,118594,118685
242.915,Received an expired out of sequence packet ,118595,118685
242.915,Received an expired out of sequence packet ,118596,118685
242.915,Received an expired out of sequence packet ,118597,118685
242.915,Received an expired out of sequence packet ,118598,118685
242.915,Received an expired out of sequence packet ,118599,118685
242.915,Received an expired out of sequence packet ,118600,118685
242.915,Received an expired out of sequence packet ,118601,118685
242.915,Received an expired out of sequence packet ,118602,118685
242.915,Received an expired out of sequence packet ,118603,118685
242.915,Received an expired out of sequence packet ,118604,118685
242.916,Received an expired out of sequence packet ,118605,118685
242.916,Received an expired out of sequence packet ,118606,118685
242.916,Received an expired out of sequence packet ,118607,118685
242.916,Received an expired out of sequence packet ,118608,118685
242.916,Received an expired out of sequence packet ,118609,118685
242.916,Received an expired out of sequence packet ,118610,118685
242.916,Received an expired out of sequence packet ,118611,118685
242.916,Received an expired out of sequence packet ,118612,118685
242.916,Received an expired out of sequence packet ,118613,118685
242.921,Received an expired out of sequence packet ,118614,118685
242.921,Received an expired out of sequence packet ,118615,118685
242.921,Received an expired out of sequence packet ,118616,118685
242.921,Received an expired out of sequence packet ,118617,118685
242.921,Received an expired out of sequence packet ,118618,118685
242.921,Received an expired out of sequence packet ,118619,118685
242.923,Received an expired out of sequence packet ,118620,118685
242.923,Received an expired out of sequence packet ,118621,118685
242.923,Received an expired out of sequence packet ,118622,118685
242.923,Received an expired out of sequence packet ,118623,118685
242.93,Received an expired out of sequence packet ,118624,118685
242.93,Received an expired out of sequence packet ,118625,118685
242.93,Received an expired out of sequence packet ,118626,118685
242.93,Received an expired out of sequence packet ,118627,118685
242.93,Received an expired out of sequence packet ,118628,118685
242.93,Received an expired out of sequence packet ,118629,118685
242.93,Received an expired out of sequence packet ,118630,118685
242.93,Received an expired out of sequence packet ,118631,118685
242.932,Received an expired out of sequence packet ,118632,118685
242.932,Received an expired out of sequence packet ,118633,118685
242.932,Received an expired out of sequence packet ,118634,118685
242.937,Received an expired out of sequence packet ,118635,118685
242.937,Received an expired out of sequence packet ,118636,118685
242.937,Received an expired out of sequence packet ,118637,118685
242.937,Received an expired out of sequence packet ,118638,118685
242.937,Received an expired out of sequence packet ,118639,118685
242.937,Received an expired out of sequence packet ,118640,118685
242.937,Received an expired out of sequence packet ,118641,118685
242.937,Received an expired out of sequence packet ,118642,118685
242.937,Received an expired out of sequence packet ,118643,118685
242.937,Received an expired out of sequence packet ,118644,118685
242.937,Received an expired out of sequence packet ,118645,118685
242.937,Received an expired out of sequence packet ,118646,118685
242.937,Received an expired out of sequence packet ,118647,118685
242.937,Received an expired out of sequence packet ,118648,118685
242.937,Received an expired out of sequence packet ,118649,118685
242.937,Received an expired out of sequence packet ,118650,118685
242.942,Received an expired out of sequence packet ,118651,118685
242.942,Received an expired out of sequence packet ,118652,118685
242.942,Received an expired out of sequence packet ,118653,118685
242.942,Received an expired out of sequence packet ,118654,118685
242.942,Received an expired out of sequence packet ,118655,118685
242.942,Received an expired out of sequence packet ,118656,118685
242.942,Received an expired out of sequence packet ,118657,118685
242.942,Received an expired out of sequence packet ,118658,118685
242.942,Received an expired out of sequence packet ,118659,118685
242.942,Received an expired out of sequence packet ,118660,118685
242.942,Received an expired out of sequence packet ,118661,118685
242.942,Received an expired out of sequence packet ,118662,118685
242.942,Received an expired out of sequence packet ,118663,118685
242.942,Received an expired out of sequence packet ,118664,118685
242.942,Received an expired out of sequence packet ,118665,118685
242.942,Received an expired out of sequence packet ,118666,118685
242.942,Received an expired out of sequence packet ,118667,118685
242.942,Received an expired out of sequence packet ,118668,118685
242.946,Received an expired out of sequence packet ,118669,118685
242.957,Received an expired out of sequence packet ,118670,118685
242.957,Received an expired out of sequence packet ,118671,118685
242.957,Received an expired out of sequence packet ,118672,118685
242.957,Received an expired out of sequence packet ,118673,118685
242.957,Received an expired out of sequence packet ,118674,118685
242.958,Received an expired out of sequence packet ,118675,118685
242.963,Received an expired out of sequence packet ,118676,118685
242.963,Received an expired out of sequence packet ,118677,118685
242.964,Received an expired out of sequence packet ,118678,118685
242.964,Received an expired out of sequence packet ,118679,118685
242.964,Received an expired out of sequence packet ,118680,118685
242.964,Received an expired out of sequence packet ,118681,118685
242.966,Received an expired out of sequence packet ,118682,118685
242.966,Received an expired out of sequence packet ,118683,118685
242.966,Received an expired out of sequence packet ,118684,118685
290.963,Timeout
290.963,clearing sending list because of timeout
290.965,Received an expired out of sequence packet ,156673,156781
290.965,Received an expired out of sequence packet ,156674,156781
290.974,Received an expired out of sequence packet ,156675,156781
290.974,Received an expired out of sequence packet ,156676,156781
290.977,Received an expired out of sequence packet ,156677,156781
290.977,Received an expired out of sequence packet ,156678,156781
290.977,Received an expired out of sequence packet ,156679,156781
290.977,Received an expired out of sequence packet ,156680,156781
290.999,Received an expired out of sequence packet ,156681,156781
291.003,Received an expired out of sequence packet ,156682,156781
291.01,Received an expired out of sequence packet ,156683,156781
291.01,Received an expired out of sequence packet ,156684,156781
291.01,Received an expired out of sequence packet ,156685,156781
291.014,Received an expired out of sequence packet ,156686,156781
291.016,Received an expired out of sequence packet ,156687,156781
291.016,Received an expired out of sequence packet ,156688,156781
291.016,Received an expired out of sequence packet ,156689,156781
291.016,Received an expired out of sequence packet ,156690,156781
291.016,Received an expired out of sequence packet ,156691,156781
291.016,Received an expired out of sequence packet ,156692,156781
291.016,Received an expired out of sequence packet ,156693,156781
291.016,Received an expired out of sequence packet ,156694,156781
291.016