1.23299,Exit slow start,exceeding SS_EXIT_THRESHOLD
15.6146,Timeout
15.6146,clearing sending list because of timeout
15.8356,Timeout
15.8357,clearing sending list because of timeout
16.0567,Timeout
16.0567,clearing sending list because of timeout
16.0825,Received an expired out of sequence packet ,13383,13515
16.0825,Received an expired out of sequence packet ,13384,13515
16.0825,Received an expired out of sequence packet ,13385,13515
16.0825,Received an expired out of sequence packet ,13386,13515
17.0825,Timeout
17.0825,clearing sending list because of timeout
17.0947,Received an expired out of sequence packet ,13387,13541
18.0947,Timeout
18.0947,clearing sending list because of timeout
18.0973,Received an expired out of sequence packet ,13388,13579
19.0925,Received an expired out of sequence packet ,13389,13579
20.0054,Received an expired out of sequence packet ,13390,13579
20.0225,Received an expired out of sequence packet ,13391,13579
20.0287,Received an expired out of sequence packet ,13392,13579
20.0479,Received an expired out of sequence packet ,13393,13579
20.056,Received an expired out of sequence packet ,13394,13579
20.0702,Received an expired out of sequence packet ,13395,13579
20.0874,Received an expired out of sequence packet ,13396,13579
20.1017,Received an expired out of sequence packet ,13397,13579
20.1138,Received an expired out of sequence packet ,13398,13579
20.1179,Received an expired out of sequence packet ,13399,13579
20.128,Received an expired out of sequence packet ,13400,13579
20.1412,Received an expired out of sequence packet ,13401,13579
20.1502,Received an expired out of sequence packet ,13402,13579
20.1736,Received an expired out of sequence packet ,13403,13579
20.1847,Received an expired out of sequence packet ,13404,13579
20.1907,Received an expired out of sequence packet ,13405,13579
20.2109,Received an expired out of sequence packet ,13406,13579
20.2261,Received an expired out of sequence packet ,13407,13579
20.2362,Received an expired out of sequence packet ,13408,13579
20.2697,Received an expired out of sequence packet ,13409,13579
20.2749,Received an expired out of sequence packet ,13410,13579
20.276,Received an expired out of sequence packet ,13411,13579
20.283,Received an expired out of sequence packet ,13412,13579
20.292,Received an expired out of sequence packet ,13413,13579
20.3092,Received an expired out of sequence packet ,13414,13579
20.3213,Received an expired out of sequence packet ,13415,13579
20.3375,Received an expired out of sequence packet ,13416,13579
20.3496,Received an expired out of sequence packet ,13417,13579
20.3608,Received an expired out of sequence packet ,13418,13579
20.377,Received an expired out of sequence packet ,13419,13579
20.3841,Received an expired out of sequence packet ,13420,13579
20.4004,Received an expired out of sequence packet ,13421,13579
20.4185,Received an expired out of sequence packet ,13422,13579
20.4226,Received an expired out of sequence packet ,13423,13579
20.4407,Received an expired out of sequence packet ,13424,13579
20.4569,Received an expired out of sequence packet ,13425,13579
20.4671,Received an expired out of sequence packet ,13426,13579
20.4803,Received an expired out of sequence packet ,13427,13579
20.4873,Received an expired out of sequence packet ,13428,13579
20.5075,Received an expired out of sequence packet ,13429,13579
20.5207,Received an expired out of sequence packet ,13430,13579
20.5298,Received an expired out of sequence packet ,13431,13579
20.5471,Received an expired out of sequence packet ,13432,13579
20.5532,Received an expired out of sequence packet ,13433,13579
20.5643,Received an expired out of sequence packet ,13434,13579
20.5825,Received an expired out of sequence packet ,13435,13579
20.6038,Received an expired out of sequence packet ,13436,13579
20.6079,Received an expired out of sequence packet ,13437,13579
20.6231,Received an expired out of sequence packet ,13438,13579
20.6302,Received an expired out of sequence packet ,13439,13579
20.6412,Received an expired out of sequence packet ,13440,13579
20.6564,Received an expired out of sequence packet ,13441,13579
20.6744,Received an expired out of sequence packet ,13442,13579
20.6865,Received an expired out of sequence packet ,13443,13579
20.6947,Received an expired out of sequence packet ,13444,13579
20.7177,Received an expired out of sequence packet ,13445,13579
20.7482,Received an expired out of sequence packet ,13446,13579
20.7635,Received an expired out of sequence packet ,13447,13579
20.7636,Received an expired out of sequence packet ,13448,13579
20.7636,Received an expired out of sequence packet ,13449,13579
20.7767,Received an expired out of sequence packet ,13450,13579
20.7767,Received an expired out of sequence packet ,13451,13579
20.7767,Received an expired out of sequence packet ,13452,13579
20.7767,Received an expired out of sequence packet ,13453,13579
20.7768,Received an expired out of sequence packet ,13454,13579
20.7902,Received an expired out of sequence packet ,13455,13579
20.7963,Received an expired out of sequence packet ,13456,13579
20.7963,Received an expired out of sequence packet ,13457,13579
20.7974,Received an expired out of sequence packet ,13458,13579
20.8063,Received an expired out of sequence packet ,13459,13579
20.8266,Received an expired out of sequence packet ,13460,13579
20.8298,Received an expired out of sequence packet ,13461,13579
20.835,Received an expired out of sequence packet ,13462,13579
20.8471,Received an expired out of sequence packet ,13463,13579
20.8503,Received an expired out of sequence packet ,13464,13579
20.8503,Received an expired out of sequence packet ,13465,13579
20.8574,Received an expired out of sequence packet ,13466,13579
20.8697,Received an expired out of sequence packet ,13467,13579
20.8738,Received an expired out of sequence packet ,13468,13579
20.8789,Received an expired out of sequence packet ,13469,13579
20.8821,Received an expired out of sequence packet ,13470,13579
20.9023,Received an expired out of sequence packet ,13471,13579
20.9055,Received an expired out of sequence packet ,13472,13579
20.9146,Received an expired out of sequence packet ,13473,13579
20.9215,Received an expired out of sequence packet ,13474,13579
20.9215,Received an expired out of sequence packet ,13475,13579
20.937,Received an expired out of sequence packet ,13476,13579
20.9421,Received an expired out of sequence packet ,13477,13579
20.9453,Received an expired out of sequence packet ,13478,13579
20.9524,Received an expired out of sequence packet ,13479,13579
20.9613,Received an expired out of sequence packet ,13480,13579
20.9784,Received an expired out of sequence packet ,13481,13579
21.0739,Received an expired out of sequence packet ,13482,13579
21.0739,Received an expired out of sequence packet ,13483,13579
21.079,Received an expired out of sequence packet ,13484,13579
21.0871,Received an expired out of sequence packet ,13485,13579
21.0973,Received an expired out of sequence packet ,13486,13579
21.1043,Received an expired out of sequence packet ,13487,13579
21.1194,Received an expired out of sequence packet ,13488,13579
21.1366,Received an expired out of sequence packet ,13489,13579
21.1489,Received an expired out of sequence packet ,13490,13579
21.151,Received an expired out of sequence packet ,13491,13579
21.1562,Received an expired out of sequence packet ,13492,13579
21.1694,Received an expired out of sequence packet ,13493,13579
21.1805,Received an expired out of sequence packet ,13494,13579
21.1857,Received an expired out of sequence packet ,13495,13579
21.202,Received an expired out of sequence packet ,13496,13579
21.202,Received an expired out of sequence packet ,13497,13579
21.202,Received an expired out of sequence packet ,13498,13579
21.2091,Received an expired out of sequence packet ,13499,13579
21.2151,Received an expired out of sequence packet ,13500,13579
21.2345,Received an expired out of sequence packet ,13501,13579
21.2396,Received an expired out of sequence packet ,13502,13579
21.2397,Received an expired out of sequence packet ,13503,13579
21.2439,Received an expired out of sequence packet ,13504,13579
21.2502,Received an expired out of sequence packet ,13505,13579
21.2563,Received an expired out of sequence packet ,13506,13579
21.2595,Received an expired out of sequence packet ,13507,13579
21.2644,Received an expired out of sequence packet ,13508,13579
21.2685,Received an expired out of sequence packet ,13509,13579
21.2827,Received an expired out of sequence packet ,13510,13579
21.2858,Received an expired out of sequence packet ,13511,13579
21.2908,Received an expired out of sequence packet ,13512,13579
21.2908,Received an expired out of sequence packet ,13513,13579
21.3063,Received an expired out of sequence packet ,13514,13579
21.3205,Received an expired out of sequence packet ,13515,13579
21.3205,Received an expired out of sequence packet ,13516,13579
21.3205,Received an expired out of sequence packet ,13517,13579
21.3226,Received an expired out of sequence packet ,13518,13579
21.3244,Received an expired out of sequence packet ,13519,13579
21.3367,Received an expired out of sequence packet ,13520,13579
21.3448,Received an expired out of sequence packet ,13521,13579
21.3448,Received an expired out of sequence packet ,13522,13579
21.347,Received an expired out of sequence packet ,13523,13579
21.3624,Received an expired out of sequence packet ,13524,13579
21.3655,Received an expired out of sequence packet ,13525,13579
21.3656,Received an expired out of sequence packet ,13526,13579
21.3727,Received an expired out of sequence packet ,13527,13579
21.3739,Received an expired out of sequence packet ,13528,13579
21.378,Received an expired out of sequence packet ,13529,13579
21.3841,Received an expired out of sequence packet ,13530,13579
21.3873,Received an expired out of sequence packet ,13531,13579
21.3922,Received an expired out of sequence packet ,13532,13579
21.3963,Received an expired out of sequence packet ,13533,13579
21.4115,Received an expired out of sequence packet ,13534,13579
21.4196,Received an expired out of sequence packet ,13535,13579
21.4197,Received an expired out of sequence packet ,13536,13579
21.4277,Received an expired out of sequence packet ,13537,13579
21.436,Received an expired out of sequence packet ,13538,13579
21.4411,Received an expired out of sequence packet ,13539,13579
21.4473,Received an expired out of sequence packet ,13540,13579
21.4584,Received an expired out of sequence packet ,13541,13579
21.4799,Received an expired out of sequence packet ,13542,13579
21.488,Received an expired out of sequence packet ,13543,13579
21.488,Received an expired out of sequence packet ,13544,13579
21.4963,Received an expired out of sequence packet ,13545,13579
21.4974,Received an expired out of sequence packet ,13546,13579
21.5046,Received an expired out of sequence packet ,13547,13579
21.5087,Received an expired out of sequence packet ,13548,13579
21.5148,Received an expired out of sequence packet ,13549,13579
21.5165,Received an expired out of sequence packet ,13550,13579
21.5364,Received an expired out of sequence packet ,13551,13579
21.5375,Received an expired out of sequence packet ,13552,13579
21.5375,Received an expired out of sequence packet ,13553,13579
21.5406,Received an expired out of sequence packet ,13554,13579
21.5407,Received an expired out of sequence packet ,13555,13579
21.5468,Received an expired out of sequence packet ,13556,13579
21.5496,Received an expired out of sequence packet ,13557,13579
21.5547,Received an expired out of sequence packet ,13558,13579
21.5671,Received an expired out of sequence packet ,13559,13579
21.5682,Received an expired out of sequence packet ,13560,13579
21.5682,Received an expired out of sequence packet ,13561,13579
21.5743,Received an expired out of sequence packet ,13562,13579
21.5804,Received an expired out of sequence packet ,13563,13579
21.5804,Received an expired out of sequence packet ,13564,13579
21.5845,Received an expired out of sequence packet ,13565,13579
21.5887,Received an expired out of sequence packet ,13566,13579
21.5967,Received an expired out of sequence packet ,13567,13579
21.6028,Received an expired out of sequence packet ,13568,13579
21.6028,Received an expired out of sequence packet ,13569,13579
21.6161,Received an expired out of sequence packet ,13570,13579
21.6244,Received an expired out of sequence packet ,13571,13579
21.6295,Received an expired out of sequence packet ,13572,13579
21.6295,Received an expired out of sequence packet ,13573,13579
21.6296,Received an expired out of sequence packet ,13574,13579
21.6395,Received an expired out of sequence packet ,13575,13579
21.6415,Received an expired out of sequence packet ,13576,13579
21.658,Received an expired out of sequence packet ,13577,13579
21.6611,Received an expired out of sequence packet ,13578,13579
104.239,Timeout
104.239,clearing sending list because of timeout
104.469,Timeout
104.469,clearing sending list because of timeout
104.699,Timeout
104.699,clearing sending list because of timeout
104.83,Received an expired out of sequence packet ,54243,54284
104.831,Received an expired out of sequence packet ,54244,54284
104.831,Received an expired out of sequence packet ,54245,54284
104.835,Received an expired out of sequence packet ,54246,54284
104.835,Received an expired out of sequence packet ,54247,54284
104.835,Received an expired out of sequence packet ,54248,54284
104.835,Received an expired out of sequence packet ,54249,54284
104.835,Received an expired out of sequence packet ,54250,54284
104.835,Received an expired out of sequence packet ,54251,54284
104.835,Received an expired out of sequence packet ,54252,54284
104.835,Received an expired out of sequence packet ,54253,54284
104.98,Received an expired out of sequence packet ,54254,54284
104.98,Received an expired out of sequence packet ,54255,54284
104.98,Received an expired out of sequence packet ,54256,54284
104.98,Received an expired out of sequence packet ,54257,54284
104.98,Received an expired out of sequence packet ,54258,54284
104.98,Received an expired out of sequence packet ,54259,54284
104.98,Received an expired out of sequence packet ,54260,54284
104.98,Received an expired out of sequence packet ,54261,54284
104.98,Received an expired out of sequence packet ,54262,54284
104.98,Received an expired out of sequence packet ,54263,54284
104.98,Received an expired out of sequence packet ,54264,54284
104.98,Received an expired out of sequence packet ,54265,54284
104.982,Received an expired out of sequence packet ,54266,54284
104.985,Received an expired out of sequence packet ,54267,54284
104.985,Received an expired out of sequence packet ,54268,54284
104.985,Received an expired out of sequence packet ,54269,54284
104.985,Received an expired out of sequence packet ,54270,54284
104.985,Received an expired out of sequence packet ,54271,54284
104.985,Received an expired out of sequence packet ,54272,54284
104.985,Received an expired out of sequence packet ,54273,54284
104.985,Received an expired out of sequence packet ,54274,54284
104.985,Received an expired out of sequence packet ,54275,54284
104.985,Received an expired out of sequence packet ,54276,54284
104.985,Received an expired out of sequence packet ,54277,54284
104.985,Received an expired out of sequence packet ,54278,54284
104.985,Received an expired out of sequence packet ,54279,54284
104.985,Received an expired out of sequence packet ,54280,54284
104.985,Received an expired out of sequence packet ,54281,54284
104.985,Received an expired out of sequence packet ,54282,54284
104.985,Received an expired out of sequence packet ,54283,54284
158.46,Timeout
158.46,clearing sending list because of timeout
158.568,Received an expired out of sequence packet ,94730,94731
204.912,Timeout
204.912,clearing sending list because of timeout
204.978,Received an expired out of sequence packet ,149634,149730
204.978,Received an expired out of sequence packet ,149635,149730
204.978,Received an expired out of sequence packet ,149636,149730
204.982,Received an expired out of sequence packet ,149637,149730
204.985,Received an expired out of sequence packet ,149638,149730
204.987,Received an expired out of sequence packet ,149639,149730
204.99,Received an expired out of sequence packet ,149640,149730
204.991,Received an expired out of sequence packet ,149641