1.0943,Exit slow start,exceeding SS_EXIT_THRESHOLD
34.2124,Restart,can't map delay on delay curve
35.4196,Exit slow start,exceeding SS_EXIT_THRESHOLD
52.3234,Timeout
52.3234,clearing sending list because of timeout
52.6253,Received an expired out of sequence packet ,7721,7775
52.6434,Received an expired out of sequence packet ,7722,7775
52.6695,Received an expired out of sequence packet ,7723,7775
52.6887,Received an expired out of sequence packet ,7724,7775
52.6968,Received an expired out of sequence packet ,7725,7775
52.7058,Received an expired out of sequence packet ,7726,7775
52.722,Received an expired out of sequence packet ,7727,7775
52.7311,Received an expired out of sequence packet ,7728,7775
52.7471,Received an expired out of sequence packet ,7729,7775
52.7612,Received an expired out of sequence packet ,7730,7775
52.7693,Received an expired out of sequence packet ,7731,7775
52.7854,Received an expired out of sequence packet ,7732,7775
52.7935,Received an expired out of sequence packet ,7733,7775
52.8096,Received an expired out of sequence packet ,7734,7775
52.8268,Received an expired out of sequence packet ,7735,7775
52.8318,Received an expired out of sequence packet ,7736,7775
52.8429,Received an expired out of sequence packet ,7737,7775
52.863,Received an expired out of sequence packet ,7738,7775
52.8781,Received an expired out of sequence packet ,7739,7775
52.8882,Received an expired out of sequence packet ,7740,7775
52.9053,Received an expired out of sequence packet ,7741,7775
52.9224,Received an expired out of sequence packet ,7742,7775
52.9365,Received an expired out of sequence packet ,7743,7775
52.9485,Received an expired out of sequence packet ,7744,7775
52.9816,Received an expired out of sequence packet ,7745,7775
53.0068,Received an expired out of sequence packet ,7746,7775
53.0208,Received an expired out of sequence packet ,7747,7775
53.0209,Received an expired out of sequence packet ,7748,7775
53.05,Received an expired out of sequence packet ,7749,7775
53.0671,Received an expired out of sequence packet ,7750,7775
53.0911,Received an expired out of sequence packet ,7751,7775
53.1112,Received an expired out of sequence packet ,7752,7775
53.1403,Received an expired out of sequence packet ,7753,7775
53.1604,Received an expired out of sequence packet ,7754,7775
53.1864,Received an expired out of sequence packet ,7755,7775
53.2086,Received an expired out of sequence packet ,7756,7775
53.2296,Received an expired out of sequence packet ,7757,7775
53.2637,Received an expired out of sequence packet ,7758,7775
53.2929,Received an expired out of sequence packet ,7759,7775
53.302,Received an expired out of sequence packet ,7760,7775
53.3252,Received an expired out of sequence packet ,7761,7775
53.3442,Received an expired out of sequence packet ,7762,7775
53.3642,Received an expired out of sequence packet ,7763,7775
53.3844,Received an expired out of sequence packet ,7764,7775
53.4035,Received an expired out of sequence packet ,7765,7775
53.4206,Received an expired out of sequence packet ,7766,7775
53.4327,Received an expired out of sequence packet ,7767,7775
53.4428,Received an expired out of sequence packet ,7768,7775
53.4569,Received an expired out of sequence packet ,7769,7775
53.469,Received an expired out of sequence packet ,7770,7775
53.48,Received an expired out of sequence packet ,7771,7775
53.4942,Received an expired out of sequence packet ,7772,7775
53.5072,Received an expired out of sequence packet ,7773,7775
53.5284,Received an expired out of sequence packet ,7774,7775
58.4736,Restart,can't map delay on delay curve
59.8265,Exit slow start,exceeding SS_EXIT_THRESHOLD
164.185,Timeout
164.185,clearing sending list because of timeout
164.235,Received an expired out of sequence packet ,90301,90318
164.238,Received an expired out of sequence packet ,90302,90318
164.238,Received an expired out of sequence packet ,90303,90318
164.239,Received an expired out of sequence packet ,90304,90318
164.239,Received an expired out of sequence packet ,90305,90318
164.24,Received an expired out of sequence packet ,90306,90318
164.242,Received an expired out of sequence packet ,90307,90318
164.242,Received an expired out of sequence packet ,90308,90318
164.242,Received an expired out of sequence packet ,90309,90318
164.242,Received an expired out of sequence packet ,90310,90318
164.242,Received an expired out of sequence packet ,90311,90318
164.242,Received an expired out of sequence packet ,90312,90318
164.244,Received an expired out of sequence packet ,90313,90318
164.244,Received an expired out of sequence packet ,90314,90318
164.247,Received an expired out of sequence packet ,90315,90318
164.254,Received an expired out of sequence packet ,90316,90318
164.27,Received an expired out of sequence packet ,90317,90318
254.52,Timeout
254.52,clearing sending list because of timeout
254.697,Received an expired out of sequence packet ,153021,153201
254.697,Received an expired out of sequence packet ,153022,153201
254.697,Received an expired out of sequence packet ,153023,153201
254.697,Received an expired out of sequence packet ,153024,153201
254.697,Received an expired out of sequence packet ,153025,153201
254.731,Received an expired out of sequence packet ,153026,153201
254.732,Received an expired out of sequence packet ,153027,153201
254.734,Received an expired out of sequence packet ,153028,153201
254.735,Received an expired out of sequence packet ,153029,153201
254.735,Received an expired out of sequence packet ,153030,153201
254.735,Received an expired out of sequence packet ,153031,153201
254.739,Received an expired out of sequence packet ,153032,153201
254.739,Received an expired out of sequence packet ,153033,153201
254.739,Received an expired out of sequence packet ,153034,153201
254.739,Received an expired out of sequence packet ,153035,153201
254.74,Received an expired out of sequence packet ,153036,153201
254.74,Received an expired out of sequence packet ,153037,153201
254.74,Received an expired out of sequence packet ,153038,153201
254.74,Received an expired out of sequence packet ,153039,153201
254.763,Received an expired out of sequence packet ,153040,153201
254.763,Received an expired out of sequence packet ,153041,153201
254.763,Received an expired out of sequence packet ,153042,153201
254.763,Received an expired out of sequence packet ,153043,153201
254.763,Received an expired out of sequence packet ,153044,153201
254.763,Received an expired out of sequence packet ,153045,153201
254.763,Received an expired out of sequence packet ,153046,153201
254.763,Received an expired out of sequence packet ,153047,153201
254.769,Received an expired out of sequence packet ,153048,153201
254.77,Received an expired out of sequence packet ,153049,153201
254.77,Received an expired out of sequence packet ,153050,153201
254.77,Received an expired out of sequence packet ,153051,153201
254.781,Received an expired out of sequence packet ,153052,153201
254.781,Received an expired out of sequence packet ,153053,153201
254.788,Received an expired out of sequence packet ,153054,153201
254.788,Received an expired out of sequence packet ,153055,153201
254.788,Received an expired out of sequence packet ,153056,153201
254.788,Received an expired out of sequence packet ,153057,153201
254.788,Received an expired out of sequence packet ,153058,153201
254.788,Received an expired out of sequence packet ,153059,153201
254.789,Received an expired out of sequence packet ,153060,153201
254.789,Received an expired out of sequence packet ,153061,153201
254.789,Received an expired out of sequence packet ,153062,153201
254.789,Received an expired out of sequence packet ,153063,153201
254.791,Received an expired out of sequence packet ,153064,153201
254.791,Received an expired out of sequence packet ,153065,153201
254.791,Received an expired out of sequence packet ,153066,153201
254.791,Received an expired out of sequence packet ,153067,153201
254.791,Received an expired out of sequence packet ,153068,153201
254.791,Received an expired out of sequence packet ,153069,153201
254.791,Received an expired out of sequence packet ,153070,153201
254.791,Received an expired out of sequence packet ,153071,153201
254.791,Received an expired out of sequence packet ,153072,153201
254.792,Received an expired out of sequence packet ,153073,153201
254.792,Received an expired out of sequence packet ,153074,153201
254.792,Received an expired out of sequence packet ,153075,153201
254.792,Received an expired out of sequence packet ,153076,153201
254.792,Received an expired out of sequence packet ,153077,153201
254.795,Received an expired out of sequence packet ,153078,153201
254.795,Received an expired out of sequence packet ,153079,153201
254.795,Received an expired out of sequence packet ,153080,153201
254.795,Received an expired out of sequence packet ,153081,153201
254.795,Received an expired out of sequence packet ,153082,153201
254.795,Received an expired out of sequence packet ,153083,153201
254.795,Received an expired out of sequence packet ,153084,153201
254.795,Received an expired out of sequence packet ,153085,153201
254.8,Received an expired out of sequence packet ,153086,153201
254.8,Received an expired out of sequence packet ,153087,153201
254.8,Received an expired out of sequence packet ,153088,153201
254.8,Received an expired out of sequence packet ,153089,153201
254.801,Received an expired out of sequence packet ,153090,153201
254.801,Received an expired out of sequence packet ,153091,153201
254.801,Received an expired out of sequence packet ,153092,153201
254.803,Received an expired out of sequence packet ,153093,153201
254.803,Received an expired out of sequence packet ,153094,153201
254.805,Received an expired out of sequence packet ,153095,153201
254.805,Received an expired out of sequence packet ,153096,153201
254.805,Received an expired out of sequence packet ,153097,153201
254.805,Received an expired out of sequence packet ,153098,153201
254.81,Received an expired out of sequence packet ,153099,153201
254.81,Received an expired out of sequence packet ,153100,153201
254.81,Received an expired out of sequence packet ,153101,153201
254.81,Received an expired out of sequence packet ,153102,153201
254.814,Received an expired out of sequence packet ,153103,153201
254.823,Received an expired out of sequence packet ,153104,153201
254.826,Received an expired out of sequence packet ,153105,153201
254.826,Received an expired out of sequence packet ,153106,153201
254.826,Received an expired out of sequence packet ,153107,153201
254.83,Received an expired out of sequence packet ,153108,153201
254.833,Received an expired out of sequence packet ,153109,153201
254.833,Received an expired out of sequence packet ,153110,153201
254.834,Received an expired out of sequence packet ,153111,153201
254.834,Received an expired out of sequence packet ,153112,153201
254.837,Received an expired out of sequence packet ,153113,153201
254.837,Received an expired out of sequence packet ,153114,153201
254.837,Received an expired out of sequence packet ,153115,153201
254.837,Received an expired out of sequence packet ,153116,153201
254.837,Received an expired out of sequence packet ,153117,153201
254.839,Received an expired out of sequence packet ,153118,153201
254.839,Received an expired out of sequence packet ,153119,153201
254.84,Received an expired out of sequence packet ,153120,153201
254.844,Received an expired out of sequence packet ,153121,153201
254.844,Received an expired out of sequence packet ,153122,153201
254.844,Received an expired out of sequence packet ,153123,153201
254.844,Received an expired out of sequence packet ,153124,153201
254.845,Received an expired out of sequence packet ,153125,153201
254.845,Received an expired out of sequence packet ,153126,153201
254.846,Received an expired out of sequence packet ,153127,153201
254.846,Received an expired out of sequence packet ,153128,153201
254.846,Received an expired out of sequence packet ,153129,153201
254.846,Received an expired out of sequence packet ,153130,153201
254.846,Received an expired out of sequence packet ,153131,153201
254.846,Received an expired out of sequence packet ,153132,153201
254.846,Received an expired out of sequence packet ,153133,153201
254.85,Received an expired out of sequence packet ,153134,153201
254.85,Received an expired out of sequence packet ,153135,153201
254.85,Received an expired out of sequence packet ,153136,153201
254.85,Received an expired out of sequence packet ,153137,153201
254.85,Received an expired out of sequence packet ,153138,153201
254.85,Received an expired out of sequence packet ,153139,153201
254.85,Received an expired out of sequence packet ,153140,153201
254.85,Received an expired out of sequence packet ,153141,153201
254.85,Received an expired out of sequence packet ,153142,153201
254.85,Received an expired out of sequence packet ,153143,153201
254.853,Received an expired out of sequence packet ,153144,153201
254.853,Received an expired out of sequence packet ,153145,153201
254.853,Received an expired out of sequence packet ,153146,153201
254.853,Received an expired out of sequence packet ,153147,153201
254.853,Received an expired out of sequence packet ,153148,153201
254.853,Received an expired out of sequence packet ,153149,153201
254.853,Received an expired out of sequence packet ,153150,153201
254.857,Received an expired out of sequence packet ,153151,153201
254.857,Received an expired out of sequence packet ,153152,153201
254.857,Received an expired out of sequence packet ,153153,153201
254.857,Received an expired out of sequence packet ,153154,153201
254.857,Received an expired out of sequence packet ,153155,153201
254.857,Received an expired out of sequence packet ,153156,153201
254.857,Received an expired out of sequence packet ,153157,153201
254.857,Received an expired out of sequence packet ,153158,153201
254.858,Received an expired out of sequence packet ,153159,153201
254.858,Received an expired out of sequence packet ,153160,153201
254.858,Received an expired out of sequence packet ,153161,153201
254.858,Received an expired out of sequence packet ,153162,153201
254.859,Received an expired out of sequence packet ,153163,153201
254.859,Received an expired out of sequence packet ,153164,153201
254.861,Received an expired out of sequence packet ,153165,153201
254.861,Received an expired out of sequence packet ,153166,153201
254.864,Received an expired out of sequence packet ,153167,153201
254.864,Received an expired out of sequence packet ,153168,153201
254.864,Received an expired out of sequence packet ,153169,153201
254.864,Received an expired out of sequence packet ,153170,153201
254.864,Received an expired out of sequence packet ,153171,153201
254.864,Received an expired out of sequence packet ,153172,153201
254.864,Received an expired out of sequence packet ,153173,153201
254.864,Received an expired out of sequence packet ,153174,153201
254.867,Received an expired out of sequence packet ,153175,153201
254.867,Received an expired out of sequence packet ,153176,153201
254.867,Received an expired out of sequence packet ,153177,153201
254.867,Received an expired out of sequence packet ,153178,153201
254.867,Received an expired out of sequence packet ,153179,153201
254.867,Received an expired out of sequence packet ,153180,153201
254.867,Received an expired out of sequence packet ,153181,153201
254.867,Received an expired out of sequence packet ,153182,153201
254.869,Received an expired out of sequence packet ,153183,153201
254.869,Received an expired out of sequence packet ,153184,153201
254.869,Received an expired out of sequence packet ,153185,153201
254.869,Received an expired out of sequence packet ,153186,153201
254.869,Received an expired out of sequence packet ,153187,153201
254.869,Received an expired out of sequence packet ,153188,153201
254.869,Received an expired out of sequence packet ,153189,153201
254.869,Received an expired out of sequence packet ,153190,153201
254.871,Received an expired out of sequence packet ,153191,153201
254.871,Received an expired out of sequence packet ,153192,153201
254.871,Received an expired out of sequence packet ,153193,153201
254.871,Received an expired out of sequence packet ,153194,153201
254.871,Received an expired out of sequence packet ,153195,153201
254.871,Received an expired out of sequence packet 