1.34323,Exit slow start,exceeding SS_EXIT_THRESHOLD
5.35259,Restart,can't map delay on delay curve
6.805,Exit slow start,exceeding SS_EXIT_THRESHOLD
20.8446,Restart,can't map delay on delay curve
22.2474,Exit slow start,exceeding SS_EXIT_THRESHOLD
48.3501,Timeout
48.3501,clearing sending list because of timeout
48.3612,Received an expired out of sequence packet ,28249,28858
49.3504,Received an expired out of sequence packet ,28250,28858
49.9607,Received an expired out of sequence packet ,28251,28858
49.9669,Received an expired out of sequence packet ,28252,28858
49.967,Received an expired out of sequence packet ,28253,28858
49.967,Received an expired out of sequence packet ,28254,28858
49.967,Received an expired out of sequence packet ,28255,28858
49.967,Received an expired out of sequence packet ,28256,28858
49.967,Received an expired out of sequence packet ,28257,28858
49.9671,Received an expired out of sequence packet ,28258,28858
49.9671,Received an expired out of sequence packet ,28259,28858
49.9671,Received an expired out of sequence packet ,28260,28858
49.9671,Received an expired out of sequence packet ,28261,28858
49.9671,Received an expired out of sequence packet ,28262,28858
49.9671,Received an expired out of sequence packet ,28263,28858
49.9672,Received an expired out of sequence packet ,28264,28858
49.9681,Received an expired out of sequence packet ,28265,28858
49.9702,Received an expired out of sequence packet ,28266,28858
49.9722,Received an expired out of sequence packet ,28267,28858
49.9723,Received an expired out of sequence packet ,28268,28858
49.973,Received an expired out of sequence packet ,28269,28858
49.973,Received an expired out of sequence packet ,28270,28858
49.973,Received an expired out of sequence packet ,28271,28858
49.973,Received an expired out of sequence packet ,28272,28858
49.9731,Received an expired out of sequence packet ,28273,28858
49.9731,Received an expired out of sequence packet ,28274,28858
49.9731,Received an expired out of sequence packet ,28275,28858
49.9731,Received an expired out of sequence packet ,28276,28858
49.9731,Received an expired out of sequence packet ,28277,28858
49.9731,Received an expired out of sequence packet ,28278,28858
49.9732,Received an expired out of sequence packet ,28279,28858
49.9732,Received an expired out of sequence packet ,28280,28858
49.9732,Received an expired out of sequence packet ,28281,28858
49.9732,Received an expired out of sequence packet ,28282,28858
49.9742,Received an expired out of sequence packet ,28283,28858
49.9742,Received an expired out of sequence packet ,28284,28858
49.9742,Received an expired out of sequence packet ,28285,28858
49.9742,Received an expired out of sequence packet ,28286,28858
49.9743,Received an expired out of sequence packet ,28287,28858
49.9743,Received an expired out of sequence packet ,28288,28858
49.9786,Received an expired out of sequence packet ,28289,28858
49.9786,Received an expired out of sequence packet ,28290,28858
49.9786,Received an expired out of sequence packet ,28291,28858
49.9787,Received an expired out of sequence packet ,28292,28858
49.9787,Received an expired out of sequence packet ,28293,28858
49.9787,Received an expired out of sequence packet ,28294,28858
49.9798,Received an expired out of sequence packet ,28295,28858
49.9798,Received an expired out of sequence packet ,28296,28858
49.9798,Received an expired out of sequence packet ,28297,28858
49.9809,Received an expired out of sequence packet ,28298,28858
49.9809,Received an expired out of sequence packet ,28299,28858
49.9809,Received an expired out of sequence packet ,28300,28858
49.9809,Received an expired out of sequence packet ,28301,28858
49.9934,Received an expired out of sequence packet ,28302,28858
49.9934,Received an expired out of sequence packet ,28303,28858
49.9934,Received an expired out of sequence packet ,28304,28858
49.9935,Received an expired out of sequence packet ,28305,28858
49.9935,Received an expired out of sequence packet ,28306,28858
49.9935,Received an expired out of sequence packet ,28307,28858
49.9935,Received an expired out of sequence packet ,28308,28858
49.9936,Received an expired out of sequence packet ,28309,28858
49.9936,Received an expired out of sequence packet ,28310,28858
49.9937,Received an expired out of sequence packet ,28311,28858
49.9948,Received an expired out of sequence packet ,28312,28858
49.9948,Received an expired out of sequence packet ,28313,28858
49.9948,Received an expired out of sequence packet ,28314,28858
49.9948,Received an expired out of sequence packet ,28315,28858
49.9949,Received an expired out of sequence packet ,28316,28858
49.9958,Received an expired out of sequence packet ,28317,28858
49.9958,Received an expired out of sequence packet ,28318,28858
49.9958,Received an expired out of sequence packet ,28319,28858
49.9959,Received an expired out of sequence packet ,28320,28858
49.9999,Received an expired out of sequence packet ,28321,28858
49.9999,Received an expired out of sequence packet ,28322,28858
50,Received an expired out of sequence packet ,28323,28858
50.002,Received an expired out of sequence packet ,28324,28858
50.002,Received an expired out of sequence packet ,28325,28858
50.002,Received an expired out of sequence packet ,28326,28858
50.002,Received an expired out of sequence packet ,28327,28858
50.003,Received an expired out of sequence packet ,28328,28858
50.0031,Received an expired out of sequence packet ,28329,28858
50.0117,Received an expired out of sequence packet ,28330,28858
50.0118,Received an expired out of sequence packet ,28331,28858
50.0118,Received an expired out of sequence packet ,28332,28858
50.0118,Received an expired out of sequence packet ,28333,28858
50.0118,Received an expired out of sequence packet ,28334,28858
50.0119,Received an expired out of sequence packet ,28335,28858
50.0119,Received an expired out of sequence packet ,28336,28858
50.0128,Received an expired out of sequence packet ,28337,28858
50.0139,Received an expired out of sequence packet ,28338,28858
50.0139,Received an expired out of sequence packet ,28339,28858
50.0139,Received an expired out of sequence packet ,28340,28858
50.0139,Received an expired out of sequence packet ,28341,28858
50.014,Received an expired out of sequence packet ,28342,28858
50.014,Received an expired out of sequence packet ,28343,28858
50.014,Received an expired out of sequence packet ,28344,28858
50.014,Received an expired out of sequence packet ,28345,28858
50.0161,Received an expired out of sequence packet ,28346,28858
50.0161,Received an expired out of sequence packet ,28347,28858
50.0161,Received an expired out of sequence packet ,28348,28858
50.0161,Received an expired out of sequence packet ,28349,28858
50.0162,Received an expired out of sequence packet ,28350,28858
50.0162,Received an expired out of sequence packet ,28351,28858
50.0162,Received an expired out of sequence packet ,28352,28858
50.0172,Received an expired out of sequence packet ,28353,28858
50.0213,Received an expired out of sequence packet ,28354,28858
50.0255,Received an expired out of sequence packet ,28355,28858
50.0256,Received an expired out of sequence packet ,28356,28858
50.0256,Received an expired out of sequence packet ,28357,28858
50.0267,Received an expired out of sequence packet ,28358,28858
50.0267,Received an expired out of sequence packet ,28359,28858
50.0268,Received an expired out of sequence packet ,28360,28858
50.0268,Received an expired out of sequence packet ,28361,28858
50.0268,Received an expired out of sequence packet ,28362,28858
50.0268,Received an expired out of sequence packet ,28363,28858
50.0268,Received an expired out of sequence packet ,28364,28858
50.0269,Received an expired out of sequence packet ,28365,28858
50.0299,Received an expired out of sequence packet ,28366,28858
50.0299,Received an expired out of sequence packet ,28367,28858
50.0299,Received an expired out of sequence packet ,28368,28858
50.0299,Received an expired out of sequence packet ,28369,28858
50.03,Received an expired out of sequence packet ,28370,28858
50.03,Received an expired out of sequence packet ,28371,28858
50.0321,Received an expired out of sequence packet ,28372,28858
50.0322,Received an expired out of sequence packet ,28373,28858
50.0322,Received an expired out of sequence packet ,28374,28858
50.0322,Received an expired out of sequence packet ,28375,28858
50.0352,Received an expired out of sequence packet ,28376,28858
50.0352,Received an expired out of sequence packet ,28377,28858
50.0352,Received an expired out of sequence packet ,28378,28858
50.0352,Received an expired out of sequence packet ,28379,28858
50.0352,Received an expired out of sequence packet ,28380,28858
50.0402,Received an expired out of sequence packet ,28381,28858
50.0402,Received an expired out of sequence packet ,28382,28858
50.0403,Received an expired out of sequence packet ,28383,28858
50.0403,Received an expired out of sequence packet ,28384,28858
50.0423,Received an expired out of sequence packet ,28385,28858
50.0423,Received an expired out of sequence packet ,28386,28858
50.0423,Received an expired out of sequence packet ,28387,28858
50.0424,Received an expired out of sequence packet ,28388,28858
50.0424,Received an expired out of sequence packet ,28389,28858
50.0424,Received an expired out of sequence packet ,28390,28858
50.0459,Received an expired out of sequence packet ,28391,28858
50.0459,Received an expired out of sequence packet ,28392,28858
50.0459,Received an expired out of sequence packet ,28393,28858
50.0459,Received an expired out of sequence packet ,28394,28858
50.046,Received an expired out of sequence packet ,28395,28858
50.0479,Received an expired out of sequence packet ,28396,28858
50.048,Received an expired out of sequence packet ,28397,28858
50.048,Received an expired out of sequence packet ,28398,28858
50.048,Received an expired out of sequence packet ,28399,28858
50.048,Received an expired out of sequence packet ,28400,28858
50.0511,Received an expired out of sequence packet ,28401,28858
50.0511,Received an expired out of sequence packet ,28402,28858
50.0511,Received an expired out of sequence packet ,28403,28858
50.0512,Received an expired out of sequence packet ,28404,28858
50.0512,Received an expired out of sequence packet ,28405,28858
50.0603,Received an expired out of sequence packet ,28406,28858
50.0603,Received an expired out of sequence packet ,28407,28858
50.0603,Received an expired out of sequence packet ,28408,28858
50.0647,Received an expired out of sequence packet ,28409,28858
50.0647,Received an expired out of sequence packet ,28410,28858
50.0647,Received an expired out of sequence packet ,28411,28858
50.0647,Received an expired out of sequence packet ,28412,28858
50.0647,Received an expired out of sequence packet ,28413,28858
50.0648,Received an expired out of sequence packet ,28414,28858
50.0648,Received an expired out of sequence packet ,28415,28858
50.0648,Received an expired out of sequence packet ,28416,28858
50.0648,Received an expired out of sequence packet ,28417,28858
50.0648,Received an expired out of sequence packet ,28418,28858
50.0649,Received an expired out of sequence packet ,28419,28858
50.0649,Received an expired out of sequence packet ,28420,28858
50.0649,Received an expired out of sequence packet ,28421,28858
50.0649,Received an expired out of sequence packet ,28422,28858
50.0649,Received an expired out of sequence packet ,28423,28858
50.0649,Received an expired out of sequence packet ,28424,28858
50.065,Received an expired out of sequence packet ,28425,28858
50.0697,Received an expired out of sequence packet ,28426,28858
50.0698,Received an expired out of sequence packet ,28427,28858
50.0698,Received an expired out of sequence packet ,28428,28858
50.0698,Received an expired out of sequence packet ,28429,28858
50.0698,Received an expired out of sequence packet ,28430,28858
50.0698,Received an expired out of sequence packet ,28431,28858
50.0699,Received an expired out of sequence packet ,28432,28858
50.0699,Received an expired out of sequence packet ,28433,28858
50.0699,Received an expired out of sequence packet ,28434,28858
50.0699,Received an expired out of sequence packet ,28435,28858
50.0699,Received an expired out of sequence packet ,28436,28858
50.07,Received an expired out of sequence packet ,28437,28858
50.07,Received an expired out of sequence packet ,28438,28858
50.07,Received an expired out of sequence packet ,28439,28858
50.07,Received an expired out of sequence packet ,28440,28858
50.07,Received an expired out of sequence packet ,28441,28858
50.0749,Received an expired out of sequence packet ,28442,28858
50.075,Received an expired out of sequence packet ,28443,28858
50.075,Received an expired out of sequence packet ,28444,28858
50.075,Received an expired out of sequence packet ,28445,28858
50.075,Received an expired out of sequence packet ,28446,28858
50.075,Received an expired out of sequence packet ,28447,28858
50.0751,Received an expired out of sequence packet ,28448,28858
50.076,Received an expired out of sequence packet ,28449,28858
50.0807,Received an expired out of sequence packet ,28450,28858
50.0807,Received an expired out of sequence packet ,28451,28858
50.0807,Received an expired out of sequence packet ,28452,28858
50.0808,Received an expired out of sequence packet ,28453,28858
50.0808,Received an expired out of sequence packet ,28454,28858
50.0808,Received an expired out of sequence packet ,28455,28858
50.0808,Received an expired out of sequence packet ,28456,28858
50.0809,Received an expired out of sequence packet ,28457,28858
50.0809,Received an expired out of sequence packet ,28458,28858
50.0858,Received an expired out of sequence packet ,28459,28858
50.0858,Received an expired out of sequence packet ,28460,28858
50.0858,Received an expired out of sequence packet ,28461,28858
50.0902,Received an expired out of sequence packet ,28462,28858
50.0986,Received an expired out of sequence packet ,28463,28858
50.0986,Received an expired out of sequence packet ,28464,28858
50.0986,Received an expired out of sequence packet ,28465,28858
50.0986,Received an expired out of sequence packet ,28466,28858
50.0987,Received an expired out of sequence packet ,28467,28858
50.0987,Received an expired out of sequence packet ,28468,28858
50.0987,Received an expired out of sequence packet ,28469,28858
50.0987,Received an expired out of sequence packet ,28470,28858
50.0987,Received an expired out of sequence packet ,28471,28858
50.0988,Received an expired out of sequence packet ,28472,28858
50.0988,Received an expired out of sequence packet ,28473,28858
50.0988,Received an expired out of sequence packet ,28474,28858
50.0997,Received an expired out of sequence packet ,28475,28858
50.0997,Received an expired out of sequence packet ,28476,28858
50.0998,Received an expired out of sequence packet ,28477,28858
50.0998,Received an expired out of sequence packet ,28478,28858
50.0998,Received an expired out of sequence packet ,28479,28858
50.0998,Received an expired out of sequence packet ,28480,28858
50.0998,Received an expired out of sequence packet ,28481,28858
50.0999,Received an expired out of sequence packet ,28482,28858
50.0999,Received an expired out of sequence packet ,28483,28858
50.0999,Received an expired out of sequence packet ,28484,28858
50.1058,Received an expired out of sequence packet ,28485,28858
50.1058,Received an expired out of sequence packet ,28486,28858
50.1059,Received an expired out of sequence packet ,28487,28858
50.1059,Received an expired out of sequence packet ,28488,28858
50.1059,Received an expired out of sequence packet ,28489,28858
50.1059,Received an expired out of sequence packet ,28490,28858
50.1059,Received an expired out of sequence packet ,28491,28858
50.106,Received an expired out of sequence packet ,28492,28858
50.106,Received an expired out of sequence packet ,28493,28858
50.106,Received an expired out of sequence packet ,28494,28858
50.106,Received an expired out of sequence packet ,28495,28858
50.106,Received an expired out of sequence packet ,28496,28858
50.1061,Received an expired out of sequence packet ,28497,28858
50.1069,Received an expired out of sequence packet ,28498,28858
50.1069,Received an expired out of sequence packet ,28499,28858
50.1069,Received an expired out of sequence packet ,28500,28858
50.107,Received an expired out of sequence packet ,28501,28858
50.107,Received an expired out of sequence packet ,28502,28858
50.107,Received an expired out of sequence packet ,28503,28858
50.1071,Received an expired out of sequence packet ,28504,28858
50.1137,Received an expired out of sequence packet ,28505,28858
50.1137,Received an expired out of sequence packet ,28506,28858
50.1137,Received an expired out of sequence packet ,28507,28858
50.1137,Received an expired out of sequence packet ,28508,28858
50.1137,Received an expired out of sequence packet ,28509,28858
50.1138,Received an expired out of sequence packet ,28510,28858
50.1194,Received an expired out of sequence packet ,28511,28858
50.1194,Received an expired out of sequence packet ,28512,28858
50.1194,Received an expired out of sequence packet ,28513,28858
50.1194,Received an expired out of sequence packet ,28514,28858
50.1195,Received an expired out of sequence packet ,28515,28858
50.1195,Received an expired out of sequence packet ,28516,28858
50.127,Received an expired out of sequence packet ,28517,28858
50.127,Received an expired out of sequence packet ,28518,28858
50.127,Received an expired out of sequence packet ,28519,28858
50.127,Received an expired out of sequence packet ,28520,28858
50.1271,Received an expired out of sequence packet ,28521,28858
50.1281,Received an expired out of sequence packet ,28522,28858
50.1281,Received an expired out of sequence packet ,28523,28858
50.1281,Received an expired out of sequence packet ,28524,28858
50.1281,Received an expired out of sequence packet ,28525,28858
50.1291,Received an expired out of sequence packet ,28526,28858
50.1291,Received an expired out of sequence packet ,28527,28858
50.1292,Received an expired out of sequence packet ,28528,28858
50.1292,Received an expired out of sequence packet ,28529,28858
50.1292,Received an expired out of sequence packet ,28530,28858
50.1292,Received an expired out of sequence packet ,28531,28858
50.1293,Received an expired out of sequence packet ,28532,28858
50.1315,Received an expired out of sequence packet ,28533,28858
50.1315,Received an expired out of sequence packet ,28534,28858
50.1315,Received an expired out of sequence packet ,28535,28858
50.1315,Received an expired out of sequence packet ,28536,28858
50.1315,Received an expired out of sequence packet ,28537,28858
50.1315,Received an expired out of sequence packet ,28538,28858
50.1316,Received an expired out of sequence packet ,28539,28858
50.1355,Received an expired out of sequence packet ,28540,28858
50.1366,Received an expired out of sequence packet ,28541,28858
50.1366,Received an expired out of sequence packet ,28542,28858
50.1366,Received an expired out of sequence packet ,28543,28858
50.1366,Received an expired out of sequence packet ,28544,28858
50.1366,Received an expired out of sequence packet ,28545,28858
50.1366,Received an expired out of sequence packet ,28546,28858
50.1367,Received an expired out of sequence packet ,28547,28858
50.1377,Received an expired out of sequence packet ,28548,28858
50.1377,Received an expired out of sequence packet ,28549,28858
50.1377,Received an expired out of sequence packet ,28550,28858
50.1391,Received an expired out of sequence packet ,28551,28858
50.1425,Received an expired out of sequence packet ,28552,28858
50.1425,Received an expired out of sequence packet ,28553,28858
50.1436,Received an expired out of sequence packet ,28554,28858
50.1436,Received an expired out of sequence packet ,28555,28858
50.1437,Received an expired out of sequence packet ,28556,28858
50.1488,Received an expired out of sequence packet ,28557,28858
50.1488,Received an expired out of sequence packet ,28558,28858
50.1488,Received an expired out of sequence packet ,28559,28858
50.1499,Received an expired out of sequence packet ,28560,28858
50.1499,Received an expired out of sequence packet ,28561,28858
50.15,Received an expired out of sequence packet ,28562,28858
50.15,Received an expired out of sequence packet ,28563,28858
50.15,Received an expired out of sequence packet ,28564,28858
50.15,Received an expired out of sequence packet ,28565,28858
50.1554,Received an expired out of sequence packet ,28566,28858
50.1554,Received an expired out of sequence packet ,28567,28858
50.1575,Received an expired out of sequence packet ,28568,28858
50.1575,Received an expired out of sequence packet ,28569,28858
50.1576,Received an expired out of sequence packet ,28570,28858
50.1576,Received an expired out of sequence packet ,28571,28858
50.1577,Received an expired out of sequence packet ,28572,28858
50.1577,Received an expired out of sequence packet ,28573,28858
50.1577,Received an expired out of sequence packet ,28574,28858
50.1577,Received an expired out of sequence packet ,28575,28858
50.1577,Received an expired out of sequence packet ,28576,28858
50.1578,Received an expired out of sequence packet ,28577,28858
50.1578,Received an expired out of sequence packet ,28578,28858
50.1578,Received an expired out of sequence packet ,28579,28858
50.1578,Received an expired out of sequence packet ,28580,28858
50.1578,Received an expired out of sequence packet ,28581,28858
50.1598,Received an expired out of sequence packet ,28582,28858
50.1598,Received an expired out of sequence packet ,28583,28858
50.1598,Received an expired out of sequence packet ,28584,28858
50.1599,Received an expired out of sequence packet ,28585,28858
50.1599,Received an expired out of sequence packet ,28586,28858
50.161,Received an expired out of sequence packet ,28587,28858
50.1611,Received an expired out of sequence packet ,28588,28858
50.1611,Received an expired out of sequence packet ,28589,28858
50.1611,Received an expired out of sequence packet ,28590,28858
50.1611,Received an expired out of sequence packet ,28591,28858
50.1673,Received an expired out of sequence packet ,28592,28858
50.1673,Received an expired out of sequence packet ,28593,28858
50.1673,Received an expired out of sequence packet ,28594,28858
50.1673,Received an expired out of sequence packet ,28595,28858
50.1704,Received an expired out of sequence packet ,28596,28858
50.1704,Received an expired out of sequence packet ,28597,28858
50.1704,Received an expired out of sequence packet ,28598,28858
50.1704,Received an expired out of sequence packet ,28599,28858
50.1705,Received an expired out of sequence packet ,28600,28858
50.1705,Received an expired out of sequence packet ,28601,28858
50.1705,Received an expired out of sequence packet ,28602,28858
50.1705,Received an expired out of sequence packet ,28603,28858
50.1705,Received an expired out of sequence packet ,28604,28858
50.1706,Received an expired out of sequence packet ,28605,28858
50.1715,Received an expired out of sequence packet ,28606,28858
50.1715,Received an expired out of sequence packet ,28607,28858
50.1716,Received an expired out of sequence packet ,28608,28858
50.1716,Received an expired out of sequence packet ,28609,28858
50.1716,Received an expired out of sequence packet ,28610,28858
50.1772,Received an expired out of sequence packet ,28611,28858
50.1772,Received an expired out of sequence packet ,28612,28858
50.1772,Received an expired out of sequence packet ,28613,28858
50.1773,Received an expired out of sequence packet ,28614,28858
50.1773,Received an expired out of sequence packet ,28615,28858
50.1773,Received an expired out of sequence packet ,28616,28858
50.1784,Received an expired out of sequence packet ,28617,28858
50.1784,Received an expired out of sequence packet ,28618,28858
50.1784,Received an expired out of sequence packet ,28619,28858
50.1784,Received an expired out of sequence packet ,28620,28858
50.1804,Received an expired out of sequence packet ,28621,28858
50.1805,Received an expired out of sequence packet ,28622,28858
50.1805,Received an expired out of sequence packet ,28623,28858
50.1805,Received an expired out of sequence packet ,28624,28858
50.1805,Received an expired out of sequence packet ,28625,28858
50.1805,Received an expired out of sequence packet ,28626,28858
50.1806,Received an expired out of sequence packet ,28627,28858
50.1846,Received an expired out of sequence packet ,28628,28858
50.1846,Received an expired out of sequence packet ,28629,28858
50.1846,Received an expired out of sequence packet ,28630,28858
50.1846,Received an expired out of sequence packet ,28631,28858
50.1847,Received an expired out of sequence packet ,28632,28858
50.1847,Received an expired out of sequence packet ,28633,28858
50.1847,Received an expired out of sequence packet ,28634,28858
50.1897,Received an expired out of sequence packet ,28635,28858
50.1897,Received an expired out of sequence packet ,28636,28858
50.1897,Received an expired out of sequence packet ,28637,28858
50.1918,Received an expired out of sequence packet ,28638,28858
50.1918,Received an expired out of sequence packet ,28639,28858
50.1918,Received an expired out of sequence packet ,28640,28858
50.1918,Received an expired out of sequence packet ,28641,28858
50.1919,Received an expired out of sequence packet ,28642,28858
50.1929,Received an expired out of sequence packet ,28643,28858
50.1929,Received an expired out of sequence packet ,28644,28858
50.1929,Received an expired out of sequence packet ,28645,28858
50.1929,Received an expired out of sequence packet ,28646,28858
50.193,Received an expired out of sequence packet ,28647,28858
50.193,Received an expired out of sequence packet ,28648,28858
50.193,Received an expired out of sequence packet ,28649,28858
50.193,Received an expired out of sequence packet ,28650,28858
50.193,Received an expired out of sequence packet ,28651,28858
50.1931,Received an expired out of sequence packet ,28652,28858
50.1961,Received an expired out of sequence packet ,28653,28858
50.1961,Received an expired out of sequence packet ,28654,28858
50.1961,Received an expired out of sequence packet ,28655,28858
50.1962,Received an expired out of sequence packet ,28656,28858
50.1972,Received an expired out of sequence packet ,28657,28858
50.1972,Received an expired out of sequence packet ,28658,28858
50.1972,Received an expired out of sequence packet ,28659,28858
50.1972,Received an expired out of sequence packet ,28660,28858
50.2063,Received an expired out of sequence packet ,28661,28858
50.2063,Received an expired out of sequence packet ,28662,28858
50.2063,Received an expired out of sequence packet ,28663,28858
50.2063,Received an expired out of sequence packet ,28664,28858
50.2104,Received an expired out of sequence packet ,28665,28858
50.2104,Received an expired out of sequence packet ,28666,28858
50.2145,Received an expired out of sequence packet ,28667,28858
50.2145,Received an expired out of sequence packet ,28668,28858
50.2145,Received an expired out of sequence packet ,28669,28858
50.2145,Received an expired out of sequence packet ,28670,28858
50.2145,Received an expired out of sequence packet ,28671,28858
50.2146,Received an expired out of sequence packet ,28672,28858
50.2146,Received an expired out of sequence packet ,28673,28858
50.2146,Received an expired out of sequence packet ,28674,28858
50.2146,Received an expired out of sequence packet ,28675,28858
50.2146,Received an expired out of sequence packet ,28676,28858
50.2416,Received an expired out of sequence packet ,28677,28858
50.2417,Received an expired out of sequence packet ,28678,28858
50.2417,Received an expired out of sequence packet ,28679,28858
50.2427,Received an expired out of sequence packet ,28680,28858
50.2438,Received an expired out of sequence packet ,28681,28858
50.2458,Received an expired out of sequence packet ,28682,28858
50.2458,Received an expired out of sequence packet ,28683,28858
50.2458,Received an expired out of sequence packet ,28684,28858
50.2481,Received an expired out of sequence packet ,28685,28858
50.2482,Received an expired out of sequence packet ,28686,28858
50.2482,Received an expired out of sequence packet ,28687,28858
50.2482,Received an expired out of sequence packet ,28688,28858
50.2493,Received an expired out of sequence packet ,28689,28858
50.2493,Received an expired out of sequence packet ,28690,28858
50.2493,Received an expired out of sequence packet ,28691,28858
50.2504,Received an expired out of sequence packet ,28692,28858
50.2505,Received an expired out of sequence packet ,28693,28858
50.2505,Received an expired out of sequence packet ,28694,28858
50.2505,Received an expired out of sequence packet ,28695,28858
50.2505,Received an expired out of sequence packet ,28696,28858
50.2556,Received an expired out of sequence packet ,28697,28858
50.2556,Received an expired out of sequence packet ,28698,28858
50.2568,Received an expired out of sequence packet ,28699,28858
50.2568,Received an expired out of sequence packet ,28700,28858
50.2568,Received an expired out of sequence packet ,28701,28858
50.2656,Received an expired out of sequence packet ,28702,28858
50.2657,Received an expired out of sequence packet ,28703,28858
50.2668,Received an expired out of sequence packet ,28704,28858
50.2668,Received an expired out of sequence packet ,28705,28858
50.2679,Received an expired out of sequence packet ,28706,28858
50.2679,Received an expired out of sequence packet ,28707,28858
50.268,Received an expired out of sequence packet ,28708,28858
50.2774,Received an expired out of sequence packet ,28709,28858
50.2774,Received an expired out of sequence packet ,28710,28858
50.2776,Received an expired out of sequence packet ,28711,28858
50.2858,Received an expired out of sequence packet ,28712,28858
50.2894,Received an expired out of sequence packet ,28713,28858
50.2906,Received an expired out of sequence packet ,28714,28858
50.2906,Received an expired out of sequence packet ,28715,28858
50.2947,Received an expired out of sequence packet ,28716,28858
50.2947,Received an expired out of sequence packet ,28717,28858
50.2958,Received an expired out of sequence packet ,28718,28858
50.2969,Received an expired out of sequence packet ,28719,28858
50.2969,Received an expired out of sequence packet ,28720,28858
50.2969,Received an expired out of sequence packet ,28721,28858
50.2969,Received an expired out of sequence packet ,28722,28858
50.2969,Received an expired out of sequence packet ,28723,28858
50.298,Received an expired out of sequence packet ,28724,28858
50.3004,Received an expired out of sequence packet ,28725,28858
50.3004,Received an expired out of sequence packet ,28726,28858
50.3005,Received an expired out of sequence packet ,28727,28858
50.3014,Received an expired out of sequence packet ,28728,28858
50.3014,Received an expired out of sequence packet ,28729,28858
50.3014,Received an expired out of sequence packet ,28730,28858
50.3015,Received an expired out of sequence packet ,28731,28858
50.3015,Received an expired out of sequence packet ,28732,28858
50.3026,Received an expired out of sequence packet ,28733,28858
50.3026,Received an expired out of sequence packet ,28734,28858
50.3026,Received an expired out of sequence packet ,28735,28858
50.3026,Received an expired out of sequence packet ,28736,28858
50.3026,Received an expired out of sequence packet ,28737,28858
50.3026,Received an expired out of sequence packet ,28738,28858
50.3027,Received an expired out of sequence packet ,28739,28858
50.3027,Received an expired out of sequence packet ,28740,28858
50.3027,Received an expired out of sequence packet ,28741,28858
50.3056,Received an expired out of sequence packet ,28742,28858
50.3056,Received an expired out of sequence packet ,28743,28858
50.3056,Received an expired out of sequence packet ,28744,28858
50.3056,Received an expired out of sequence packet ,28745,28858
50.3057,Received an expired out of sequence packet ,28746,28858
50.3057,Received an expired out of sequence packet ,28747,28858
50.3067,Received an expired out of sequence packet ,28748,28858
50.3079,Received an expired out of sequence packet ,28749,28858
50.308,Received an expired out of sequence packet ,28750,28858
50.308,Received an expired out of sequence packet ,28751,28858
50.308,Received an expired out of sequence packet ,28752,28858
50.309,Received an expired out of sequence packet ,28753,28858
50.309,Received an expired out of sequence packet ,28754,28858
50.3091,Received an expired out of sequence packet ,28755,28858
50.3101,Received an expired out of sequence packet ,28756,28858
50.3177,Received an expired out of sequence packet ,28757,28858
50.3177,Received an expired out of sequence packet ,28758,28858
50.3178,Received an expired out of sequence packet ,28759,28858
50.3178,Received an expired out of sequence packet ,28760,28858
50.3178,Received an expired out of sequence packet ,28761,28858
50.3178,Received an expired out of sequence packet ,28762,28858
50.3178,Received an expired out of sequence packet ,28763,28858
50.3178,Received an expired out of sequence packet ,28764,28858
50.3179,Received an expired out of sequence packet ,28765,28858
50.3179,Received an expired out of sequence packet ,28766,28858
50.3179,Received an expired out of sequence packet ,28767,28858
50.3188,Received an expired out of sequence packet ,28768,28858
50.3188,Received an expired out of sequence packet ,28769,28858
50.3189,Received an expired out of sequence packet ,28770,28858
50.3189,Received an expired out of sequence packet ,28771,28858
50.3209,Received an expired out of sequence packet ,28772,28858
50.3234,Received an expired out of sequence packet ,28773,28858
50.3234,Received an expired out of sequence packet ,28774,28858
50.3267,Received an expired out of sequence packet ,28775,28858
50.3267,Received an expired out of sequence packet ,28776,28858
50.3268,Received an expired out of sequence packet ,28777,28858
50.3268,Received an expired out of sequence packet ,28778,28858
50.3268,Received an expired out of sequence packet ,28779,28858
50.3314,Received an expired out of sequence packet ,28780,28858
50.3314,Received an expired out of sequence packet ,28781,28858
50.3314,Received an expired out of sequence packet ,28782,28858
50.3314,Received an expired out of sequence packet ,28783,28858
50.3338,Received an expired out of sequence packet ,28784,28858
50.3338,Received an expired out of sequence packet ,28785,28858
50.3338,Received an expired out of sequence packet ,28786,28858
50.3338,Received an expired out of sequence packet ,28787,28858
50.3349,Received an expired out of sequence packet ,28788,28858
50.336,Received an expired out of sequence packet ,28789,28858
50.3361,Received an expired out of sequence packet ,28790,28858
50.3361,Received an expired out of sequence packet ,28791,28858
50.34,Received an expired out of sequence packet ,28792,28858
50.34,Received an expired out of sequence packet ,28793,28858
50.34,Received an expired out of sequence packet ,28794,28858
50.3401,Received an expired out of sequence packet ,28795,28858
50.3415,Received an expired out of sequence packet ,28796,28858
50.3427,Received an expired out of sequence packet ,28797,28858
50.3427,Received an expired out of sequence packet ,28798,28858
50.3427,Received an expired out of sequence packet ,28799,28858
50.3427,Received an expired out of sequence packet ,28800,28858
50.3427,Received an expired out of sequence packet ,28801,28858
50.3428,Received an expired out of sequence packet ,28802,28858
50.3428,Received an expired out of sequence packet ,28803,28858
50.3428,Received an expired out of sequence packet ,28804,28858
50.3458,Received an expired out of sequence packet ,28805,28858
50.3468,Received an expired out of sequence packet ,28806,28858
50.3469,Received an expired out of sequence packet ,28807,28858
50.3469,Received an expired out of sequence packet ,28808,28858
50.3469,Received an expired out of sequence packet ,28809,28858
50.3469,Received an expired out of sequence packet ,28810,28858
50.3479,Received an expired out of sequence packet ,28811,28858
50.348,Received an expired out of sequence packet ,28812,28858
50.348,Received an expired out of sequence packet ,28813,28858
50.3496,Received an expired out of sequence packet ,28814,28858
50.3496,Received an expired out of sequence packet ,28815,28858
50.3496,Received an expired out of sequence packet ,28816,28858
50.3516,Received an expired out of sequence packet ,28817,28858
50.3517,Received an expired out of sequence packet ,28818,28858
50.3517,Received an expired out of sequence packet ,28819,28858
50.3517,Received an expired out of sequence packet ,28820,28858
50.3517,Received an expired out of sequence packet ,28821,28858
50.3528,Received an expired out of sequence packet ,28822,28858
50.3528,Received an expired out of sequence packet ,28823,28858
50.3528,Received an expired out of sequence packet ,28824,28858
50.3528,Received an expired out of sequence packet ,28825,28858
50.3571,Received an expired out of sequence packet ,28826,28858
50.3571,Received an expired out of sequence packet ,28827,28858
50.3571,Received an expired out of sequence packet ,28828,28858
50.3571,Received an expired out of sequence packet ,28829,28858
50.3571,Received an expired out of sequence packet ,28830,28858
50.3604,Received an expired out of sequence packet ,28831,28858
50.3604,Received an expired out of sequence packet ,28832,28858
50.3604,Received an expired out of sequence packet ,28833,28858
50.3605,Received an expired out of sequence packet ,28834,28858
50.3605,Received an expired out of sequence packet ,28835,28858
50.3605,Received an expired out of sequence packet ,28836,28858
50.3605,Received an expired out of sequence packet ,28837,28858
50.3605,Received an expired out of sequence packet ,28838,28858
50.3606,Received an expired out of sequence packet ,28839,28858
50.3606,Received an expired out of sequence packet ,28840,28858
50.3677,Received an expired out of sequence packet ,28841,28858
50.3677,Received an expired out of sequence packet ,28842,28858
50.3678,Received an expired out of sequence packet ,28843,28858
50.3678,Received an expired out of sequence packet ,28844,28858
50.3678,Received an expired out of sequence packet ,28845,28858
50.3678,Received an expired out of sequence packet ,28846,28858
50.3723,Received an expired out of sequence packet ,28847,28858
50.3723,Received an expired out of sequence packet ,28848,28858
50.3724,Received an expired out of sequence packet ,28849,28858
50.3724,Received an expired out of sequence packet ,28850,28858
50.3734,Received an expired out of sequence packet ,28851,28858
50.3734,Received an expired out of sequence packet ,28852,28858
50.3735,Received an expired out of sequence packet ,28853,28858
50.3735,Received an expired out of sequence packet ,28854,28858
50.3735,Received an expired out of sequence packet ,28855,28858
50.3735,Received an expired out of sequence packet ,28856,28858
50.3735,Received an expired out of sequence packet ,28857,28858
55.1792,Timeout
55.1792,clearing sending list because of timeout
55.4033,Timeout
55.4033,clearing sending list because of timeout
55.6274,Timeout
55.6274,clearing sending list because of timeout
55.8515,Timeout
55.8515,clearing sending list because of timeout
56.0755,Timeout
56.0756,clearing sending list because of timeout
56.2706,Received an expired out of sequence packet ,32868,33034
56.2727,Received an expired out of sequence packet ,32869,33034
56.2727,Received an expired out of sequence packet ,32870,33034
56.2769,Received an expired out of sequence packet ,32871,33034
56.278,Received an expired out of sequence packet ,32872,33034
56.2926,Received an expired out of sequence packet ,32873,33034
56.2926,Received an expired out of sequence packet ,32874,33034
56.2927,Received an expired out of sequence packet ,32875,33034
56.2927,Received an expired out of sequence packet ,32876,33034
56.2967,Received an expired out of sequence packet ,32877,33034
56.2967,Received an expired out of sequence packet ,32878,33034
56.2967,Received an expired out of sequence packet ,32879,33034
56.2968,Received an expired out of sequence packet ,32880,33034
56.2978,Received an expired out of sequence packet ,32881,33034
56.2998,Received an expired out of sequence packet ,32882,33034
56.303,Received an expired out of sequence packet ,32883,33034
56.3061,Received an expired out of sequence packet ,32884,33034
56.3061,Received an expired out of sequence packet ,32885,33034
56.3093,Received an expired out of sequence packet ,32886,33034
56.3174,Received an expired out of sequence packet ,32887,33034
56.3174,Received an expired out of sequence packet ,32888,33034
56.3215,Received an expired out of sequence packet ,32889,33034
56.3215,Received an expired out of sequence packet ,32890,33034
56.3215,Received an expired out of sequence packet ,32891,33034
56.3246,Received an expired out of sequence packet ,32892,33034
56.3246,Received an expired out of sequence packet ,32893,33034
56.3275,Received an expired out of sequence packet ,32894,33034
56.3285,Received an expired out of sequence packet ,32895,33034
56.3454,Received an expired out of sequence packet ,32896,33034
56.3495,Received an expired out of sequence packet ,32897,33034
56.3495,Received an expired out of sequence packet ,32898,33034
56.3506,Received an expired out of sequence packet ,32899,33034
56.3569,Received an expired out of sequence packet ,32900,33034
56.3569,Received an expired out of sequence packet ,32901,33034
56.3614,Received an expired out of sequence packet ,32902,33034
56.3634,Received an expired out of sequence packet ,32903,33034
56.3645,Received an expired out of sequence packet ,32904,33034
56.3712,Received an expired out of sequence packet ,32905,33034
56.3743,Received an expired out of sequence packet ,32906,33034
56.3743,Received an expired out of sequence packet ,32907,33034
56.3755,Received an expired out of sequence packet ,32908,33034
56.3772,Received an expired out of sequence packet ,32909,33034
56.3795,Received an expired out of sequence packet ,32910,33034
56.3806,Received an expired out of sequence packet ,32911,33034
56.3827,Received an expired out of sequence packet ,32912,33034
56.3849,Received an expired out of sequence packet ,32913,33034
56.3871,Received an expired out of sequence packet ,32914,33034
56.3882,Received an expired out of sequence packet ,32915,33034
56.3893,Received an expired out of sequence packet ,32916,33034
56.3893,Received an expired out of sequence packet ,32917,33034
56.3968,Received an expired out of sequence packet ,32918,33034
56.3979,Received an expired out of sequence packet ,32919,33034
56.3979,Received an expired out of sequence packet ,32920,33034
56.4013,Received an expired out of sequence packet ,32921,33034
56.4035,Received an expired out of sequence packet ,32922,33034
56.4035,Received an expired out of sequence packet ,32923,33034
56.4055,Received an expired out of sequence packet ,32924,33034
56.4066,Received an expired out of sequence packet ,32925,33034
56.4077,Received an expired out of sequence packet ,32926,33034
56.4088,Received an expired out of sequence packet ,32927,33034
56.4119,Received an expired out of sequence packet ,32928,33034
56.4161,Received an expired out of sequence packet ,32929,33034
56.4161,Received an expired out of sequence packet ,32930,33034
56.4161,Received an expired out of sequence packet ,32931,33034
56.4182,Received an expired out of sequence packet ,32932,33034
56.4204,Received an expired out of sequence packet ,32933,33034
56.4205,Received an expired out of sequence packet ,32934,33034
56.4226,Received an expired out of sequence packet ,32935,33034
56.4226,Received an expired out of sequence packet ,32936,33034
56.4256,Received an expired out of sequence packet ,32937,33034
56.4267,Received an expired out of sequence packet ,32938,33034
56.4267,Received an expired out of sequence packet ,32939,33034
56.4289,Received an expired out of sequence packet ,32940,33034
56.431,Received an expired out of sequence packet ,32941,33034
56.4371,Received an expired out of sequence packet ,32942,33034
56.4371,Received an expired out of sequence packet ,32943,33034
56.4372,Received an expired out of sequence packet ,32944,33034
56.4393,Received an expired out of sequence packet ,32945,33034
56.4393,Received an expired out of sequence packet ,32946,33034
56.4393,Received an expired out of sequence packet ,32947,33034
56.4429,Received an expired out of sequence packet ,32948,33034
56.443,Received an expired out of sequence packet ,32949,33034
56.4471,Received an expired out of sequence packet ,32950,33034
56.4472,Received an expired out of sequence packet ,32951,33034
56.4472,Received an expired out of sequence packet ,32952,33034
56.4608,Received an expired out of sequence packet ,32953,33034
56.4608,Received an expired out of sequence packet ,32954,33034
56.4631,Received an expired out of sequence packet ,32955,33034
56.4631,Received an expired out of sequence packet ,32956,33034
56.4631,Received an expired out of sequence packet ,32957,33034
56.4631,Received an expired out of sequence packet ,32958,33034
56.4769,Received an expired out of sequence packet ,32959,33034
56.477,Received an expired out of sequence packet ,32960,33034
56.477,Received an expired out of sequence packet ,32961,33034
56.477,Received an expired out of sequence packet ,32962,33034
56.477,Received an expired out of sequence packet ,32963,33034
56.4781,Received an expired out of sequence packet ,32964,33034
56.4781,Received an expired out of sequence packet ,32965,33034
56.4781,Received an expired out of sequence packet ,32966,33034
56.4802,Received an expired out of sequence packet ,32967,33034
56.4802,Received an expired out of sequence packet ,32968,33034
56.4802,Received an expired out of sequence packet ,32969,33034
56.4802,Received an expired out of sequence packet ,32970,33034
56.4803,Received an expired out of sequence packet ,32971,33034
56.4803,Received an expired out of sequence packet ,32972,33034
56.4821,Received an expired out of sequence packet ,32973,33034
56.4822,Received an expired out of sequence packet ,32974,33034
56.4853,Received an expired out of sequence packet ,32975,33034
56.4854,Received an expired out of sequence packet ,32976,33034
56.4865,Received an expired out of sequence packet ,32977,33034
56.4887,Received an expired out of sequence packet ,32978,33034
56.4887,Received an expired out of sequence packet ,32979,33034
56.4907,Received an expired out of sequence packet ,32980,33034
56.4918,Received an expired out of sequence packet ,32981,33034
56.5013,Received an expired out of sequence packet ,32982,33034
56.5014,Received an expired out of sequence packet ,32983,33034
56.5026,Received an expired out of sequence packet ,32984,33034
56.5026,Received an expired out of sequence packet ,32985,33034
56.5026,Received an expired out of sequence packet ,32986,33034
56.5026,Received an expired out of sequence packet ,32987,33034
56.5026,Received an expired out of sequence packet ,32988,33034
56.5027,Received an expired out of sequence packet ,32989,33034
56.5047,Received an expired out of sequence packet ,32990,33034
56.5069,Received an expired out of sequence packet ,32991,33034
56.511,Received an expired out of sequence packet ,32992,33034
56.511,Received an expired out of sequence packet ,32993,33034
56.5111,Received an expired out of sequence packet ,32994,33034
56.5122,Received an expired out of sequence packet ,32995,33034
56.5176,Received an expired out of sequence packet ,32996,33034
56.5176,Received an expired out of sequence packet ,32997,33034
56.5176,Received an expired out of sequence packet ,32998,33034
56.5177,Received an expired out of sequence packet ,32999,33034
56.5177,Received an expired out of sequence packet ,33000,33034
56.5217,Received an expired out of sequence packet ,33001,33034
56.5217,Received an expired out of sequence packet ,33002,33034
56.5228,Received an expired out of sequence packet ,33003,33034
56.5229,Received an expired out of sequence packet ,33004,33034
56.5229,Received an expired out of sequence packet ,33005,33034
56.525,Received an expired out of sequence packet ,33006,33034
56.5271,Received an expired out of sequence packet ,33007,33034
56.5313,Received an expired out of sequence packet ,33008,33034
56.5313,Received an expired out of sequence packet ,33009,33034
56.5313,Received an expired out of sequence packet ,33010,33034
56.5334,Received an expired out of sequence packet ,33011,33034
56.5334,Received an expired out of sequence packet ,33012,33034
56.5359,Received an expired out of sequence packet ,33013,33034
56.5359,Received an expired out of sequence packet ,33014,33034
56.536,Received an expired out of sequence packet ,33015,33034
56.5394,Received an expired out of sequence packet ,33016,33034
56.5394,Received an expired out of sequence packet ,33017,33034
56.5542,Received an expired out of sequence packet ,33018,33034
56.5563,Received an expired out of sequence packet ,33019,33034
56.5564,Received an expired out of sequence packet ,33020,33034
56.5564,Received an expired out of sequence packet ,33021,33034
56.5564,Received an expired out of sequence packet ,33022,33034
56.5565,Received an expired out of sequence packet ,33023,33034
56.5565,Received an expired out of sequence packet ,33024,33034
56.5565,Received an expired out of sequence packet ,33025,33034
56.5565,Received an expired out of sequence packet ,33026,33034
56.5565,Received an expired out of sequence packet ,33027,33034
56.5583,Received an expired out of sequence packet ,33028,33034
56.5616,Received an expired out of sequence packet ,33029,33034
56.5626,Received an expired out of sequence packet ,33030,33034
56.5626,Received an expired out of sequence packet ,33031,33034
56.567,Received an expired out of sequence packet ,33032,33034
56.567,Received an expired out of sequence packet ,33033,33034
69.2209,Missing packet expired,38401
89.5328,Timeout
89.5328,clearing sending list because of timeout
89.5402,Received an expired out of sequence packet ,46286,46289
89.6058,Received an expired out of sequence packet ,46287,46289
89.6119,Received an expired out of sequence packet ,46288,46289
112.063,Timeout
112.063,clearing sending list because of timeout
112.076,Received an expired out of sequence packet ,59643,59890
113.076,Timeout
113.076,clearing sending list because of timeout
113.078,Received an expired out of sequence packet ,59644,59892
114.073,Received an expired out of sequence packet ,59645,59892
114.959,Received an expired out of sequence packet ,59646,59892
114.96,Received an expired out of sequence packet ,59647,59892
114.96,Received an expired out of sequence packet ,59648,59892
114.96,Received an expired out of sequence packet ,59649,59892
114.96,Received an expired out of sequence packet ,59650,59892
114.96,Received an expired out of sequence packet ,59651,59892
114.96,Received an expired out of sequence packet ,59652,59892
114.961,Received an expired out of sequence packet ,59653,59892
114.961,Received an expired out of sequence packet ,59654,59892
114.961,Received an expired out of sequence packet ,59655,59892
114.961,Received an expired out of sequence packet ,59656,59892
114.963,Received an expired out of sequence packet ,59657,59892
114.963,Received an expired out of sequence packet ,59658,59892
114.963,Received an expired out of sequence packet ,59659,59892
114.963,Received an expired out of sequence packet ,59660,59892
114.964,Received an expired out of sequence packet ,59661,59892
114.964,Received an expired out of sequence packet ,59662,59892
114.98,Received an expired out of sequence packet ,59663,59892
114.98,Received an expired out of sequence packet ,59664,59892
114.98,Received an expired out of sequence packet ,59665,59892
114.98,Received an expired out of sequence packet ,59666,59892
114.981,Received an expired out of sequence packet ,59667,59892
114.981,Received an expired out of sequence packet ,59668,59892
114.981,Received an expired out of sequence packet ,59669,59892
114.981,Received an expired out of sequence packet ,59670,59892
114.982,Received an expired out of sequence packet ,59671,59892
114.982,Received an expired out of sequence packet ,59672,59892
114.982,Received an expired out of sequence packet ,59673,59892
114.982,Received an expired out of sequence packet ,59674,59892
114.982,Received an expired out of sequence packet ,59675,59892
114.982,Received an expired out of sequence packet ,59676,59892
114.983,Received an expired out of sequence packet ,59677,59892
114.984,Received an expired out of sequence packet ,59678,59892
114.984,Received an expired out of sequence packet ,59679,59892
114.984,Received an expired out of sequence packet ,59680,59892
114.984,Received an expired out of sequence packet ,59681,59892
114.984,Received an expired out of sequence packet ,59682,59892
114.984,Received an expired out of sequence packet ,59683,59892
114.989,Received an expired out of sequence packet ,59684,59892
114.989,Received an expired out of sequence packet ,59685,59892
114.99,Received an expired out of sequence packet ,59686,59892
114.99,Received an expired out of sequence packet ,59687,59892
114.99,Received an expired out of sequence packet ,59688,59892
114.99,Received an expired out of sequence packet ,59689,59892
114.99,Received an expired out of sequence packet ,59690,59892
114.99,Received an expired out of sequence packet ,59691,59892
114.991,Received an expired out of sequence packet ,59692,59892
114.991,Received an expired out of sequence packet ,59693,59892
114.991,Received an expired out of sequence packet ,59694,59892
114.991,Received an expired out of sequence packet ,59695,59892
114.991,Received an expired out of sequence packet ,59696,59892
114.991,Received an expired out of sequence packet ,59697,59892
114.991,Received an expired out of sequence packet ,59698,59892
114.992,Received an expired out of sequence packet ,59699,59892
114.992,Received an expired out of sequence packet ,59700,59892
114.993,Received an expired out of sequence packet ,59701,59892
114.993,Received an expired out of sequence packet ,59702,59892
114.993,Received an expired out of sequence packet ,59703,59892
114.993,Received an expired out of sequence packet ,59704,59892
114.993,Received an expired out of sequence packet ,59705,59892
114.993,Received an expired out of sequence packet ,59706,59892
114.997,Received an expired out of sequence packet ,59707,59892
114.997,Received an expired out of sequence packet ,59708,59892
114.997,Received an expired out of sequence packet ,59709,59892
114.997,Received an expired out of sequence packet ,59710,59892
114.997,Received an expired out of sequence packet ,59711,59892
114.997,Received an expired out of sequence packet ,59712,59892
114.997,Received an expired out of sequence packet ,59713,59892
115.002,Received an expired out of sequence packet ,59714,59892
115.002,Received an expired out of sequence packet ,59715,59892
115.002,Received an expired out of sequence packet ,59716,59892
115.002,Received an expired out of sequence packet ,59717,59892
115.002,Received an expired out of sequence packet ,59718,59892
115.003,Received an expired out of sequence packet ,59719,59892
115.003,Received an expired out of sequence packet ,59720,59892
115.003,Received an expired out of sequence packet ,59721,59892
115.003,Received an expired out of sequence packet ,59722,59892
115.003,Received an expired out of sequence packet ,59723,59892
115.003,Received an expired out of sequence packet ,59724,59892
115.003,Received an expired out of sequence packet ,59725,59892
115.009,Received an expired out of sequence packet ,59726,59892
115.009,Received an expired out of sequence packet ,59727,59892
115.009,Received an expired out of sequence packet ,59728,59892
115.009,Received an expired out of sequence packet ,59729,59892
115.009,Received an expired out of sequence packet ,59730,59892
115.01,Received an expired out of sequence packet ,59731,59892
115.01,Received an expired out of sequence packet ,59732,59892
115.011,Received an expired out of sequence packet ,59733,59892
115.011,Received an expired out of sequence packet ,59734,59892
115.011,Received an expired out of sequence packet ,59735,59892
115.011,Received an expired out of sequence packet ,59736,59892
115.011,Received an expired out of sequence packet ,59737,59892
115.011,Received an expired out of sequence packet ,59738,59892
115.011,Received an expired out of sequence packet ,59739,59892
115.013,Received an expired out of sequence packet ,59740,59892
115.013,Received an expired out of sequence packet ,59741,59892
115.013,Received an expired out of sequence packet ,59742,59892
115.013,Received an expired out of sequence packet ,59743,59892
115.017,Received an expired out of sequence packet ,59744,59892
115.017,Received an expired out of sequence packet ,59745,59892
115.019,Received an expired out of sequence packet ,59746,59892
115.019,Received an expired out of sequence packet ,59747,59892
115.02,Received an expired out of sequence packet ,59748,59892
115.021,Received an expired out of sequence packet ,59749,59892
115.021,Received an expired out of sequence packet ,59750,59892
115.021,Received an expired out of sequence packet ,59751,59892
115.021,Received an expired out of sequence packet ,59752,59892
115.022,Received an expired out of sequence packet ,59753,59892
115.022,Received an expired out of sequence packet ,59754,59892
115.022,Received an expired out of sequence packet ,59755,59892
115.022,Received an expired out of sequence packet ,59756,59892
115.029,Received an expired out of sequence packet ,59757,59892
115.029,Received an expired out of sequence packet ,59758,59892
115.029,Received an expired out of sequence packet ,59759,59892
115.029,Received an expired out of sequence packet ,59760,59892
115.029,Received an expired out of sequence packet ,59761,59892
115.029,Received an expired out of sequence packet ,59762,59892
115.03,Received an expired out of sequence packet ,59763,59892
115.03,Received an expired out of sequence packet ,59764,59892
115.032,Received an expired out of sequence packet ,59765,59892
115.033,Received an expired out of sequence packet ,59766,59892
115.033,Received an expired out of sequence packet ,59767,59892
115.033,Received an expired out of sequence packet ,59768,59892
115.033,Received an expired out of sequence packet ,59769,59892
115.038,Received an expired out of sequence packet ,59770,59892
115.039,Received an expired out of sequence packet ,59771,59892
115.039,Received an expired out of sequence packet ,59772,59892
115.039,Received an expired out of sequence packet ,59773,59892
115.039,Received an expired out of sequence packet ,59774,59892
115.039,Received an expired out of sequence packet ,59775,59892
115.039,Received an expired out of sequence packet ,59776,59892
115.04,Received an expired out of sequence packet ,59777,59892
115.044,Received an expired out of sequence packet ,59778,59892
115.044,Received an expired out of sequence packet ,59779,59892
115.044,Received an expired out of sequence packet ,59780,59892
115.044,Received an expired out of sequence packet ,59781,59892
115.044,Received an expired out of sequence packet ,59782,59892
115.044,Received an expired out of sequence packet ,59783,59892
115.044,Received an expired out of sequence packet ,59784,59892
115.044,Received an expired out of sequence packet ,59785,59892
115.044,Received an expired out of sequence packet ,59786,59892
115.044,Received an expired out of sequence packet ,59787,59892
115.045,Received an expired out of sequence packet ,59788,59892
115.045,Received an expired out of sequence packet ,59789,59892
115.045,Received an expired out of sequence packet ,59790,59892
115.045,Received an expired out of sequence packet ,59791,59892
115.045,Received an expired out of sequence packet ,59792,59892
115.045,Received an expired out of sequence packet ,59793,59892
115.046,Received an expired out of sequence packet ,59794,59892
115.046,Received an expired out of sequence packet ,59795,59892
115.046,Received an expired out of sequence packet ,59796,59892
115.046,Received an expired out of sequence packet ,59797,59892
115.051,Received an expired out of sequence packet ,59798,59892
115.054,Received an expired out of sequence packet ,59799,59892
115.054,Received an expired out of sequence packet ,59800,59892
115.054,Received an expired out of sequence packet ,59801,59892
115.054,Received an expired out of sequence packet ,59802,59892
115.054,Received an expired out of sequence packet ,59803,59892
115.054,Received an expired out of sequence packet ,59804,59892
115.054,Received an expired out of sequence packet ,59805,59892
115.054,Received an expired out of sequence packet ,59806,59892
115.054,Received an expired out of sequence packet ,59807,59892
115.054,Received an expired out of sequence packet ,59808,59892
115.054,Received an expired out of sequence packet ,59809,59892
115.054,Received an expired out of sequence packet ,59810,59892
115.054,Received an expired out of sequence packet ,59811,59892
115.055,Received an expired out of sequence packet ,59812,59892
115.055,Received an expired out of sequence packet ,59813,59892
115.059,Received an expired out of sequence packet ,59814,59892
115.059,Received an expired out of sequence packet ,59815,59892
115.059,Received an expired out of sequence packet ,59816,59892
115.059,Received an expired out of sequence packet ,59817,59892
115.059,Received an expired out of sequence packet ,59818,59892
115.059,Received an expired out of sequence packet ,59819,59892
115.066,Received an expired out of sequence packet ,59820,59892
115.066,Received an expired out of sequence packet ,59821,59892
115.066,Received an expired out of sequence packet ,59822,59892
115.066,Received an expired out of sequence packet ,59823,59892
115.066,Received an expired out of sequence packet ,59824,59892
115.066,Received an expired out of sequence packet ,59825,59892
115.066,Received an expired out of sequence packet ,59826,59892
115.07,Received an expired out of sequence packet ,59827,59892
115.07,Received an expired out of sequence packet ,59828,59892
115.07,Received an expired out of sequence packet ,59829,59892
115.071,Received an expired out of sequence packet ,59830,59892
115.071,Received an expired out of sequence packet ,59831,59892
115.071,Received an expired out of sequence packet ,59832,59892
115.071,Received an expired out of sequence packet ,59833,59892
115.073,Received an expired out of sequence packet ,59834,59892
115.073,Received an expired out of sequence packet ,59835,59892
115.073,Received an expired out of sequence packet ,59836,59892
115.073,Received an expired out of sequence packet ,59837,59892
115.073,Received an expired out of sequence packet ,59838,59892
115.073,Received an expired out of sequence packet ,59839,59892
115.073,Received an expired out of sequence packet ,59840,59892
115.073,Received an expired out of sequence packet ,59841,59892
115.078,Received an expired out of sequence packet ,59842,59892
115.078,Received an expired out of sequence packet ,59843,59892
115.078,Received an expired out of sequence packet ,59844,59892
115.078,Received an expired out of sequence packet ,59845,59892
115.086,Received an expired out of sequence packet ,59846,59892
115.086,Received an expired out of sequence packet ,59847,59892
115.086,Received an expired out of sequence packet ,59848,59892
115.086,Received an expired out of sequence packet ,59849,59892
115.086,Received an expired out of sequence packet ,59850,59892
115.086,Received an expired out of sequence packet ,59851,59892
115.086,Received an expired out of sequence packet ,59852,59892
115.087,Received an expired out of sequence packet ,59853,59892
115.087,Received an expired out of sequence packet ,59854,59892
115.087,Received an expired out of sequence packet ,59855,59892
115.087,Received an expired out of sequence packet ,59856,59892
115.087,Received an expired out of sequence packet ,59857,59892
115.087,Received an expired out of sequence packet ,59858,59892
115.089,Received an expired out of sequence packet ,59859,59892
115.089,Received an expired out of sequence packet ,59860,59892
115.089,Received an expired out of sequence packet ,59861,59892
115.089,Received an expired out of sequence packet ,59862,59892
115.089,Received an expired out of sequence packet ,59863,59892
115.09,Received an expired out of sequence packet ,59864,59892
115.09,Received an expired out of sequence packet ,59865,59892
115.093,Received an expired out of sequence packet ,59866,59892
115.093,Received an expired out of sequence packet ,59867,59892
115.095,Received an expired out of sequence packet ,59868,59892
115.096,Received an expired out of sequence packet ,59869,59892
115.096,Received an expired out of sequence packet ,59870,59892
115.096,Received an expired out of sequence packet ,59871,59892
115.096,Received an expired out of sequence packet ,59872,59892
115.096,Received an expired out of sequence packet ,59873,59892
115.098,Received an expired out of sequence packet ,59874,59892
115.098,Received an expired out of sequence packet ,59875,59892
115.098,Received an expired out of sequence packet ,59876,59892
115.098,Received an expired out of sequence packet ,59877,59892
115.098,Received an expired out of sequence packet ,59878,59892
115.099,Received an expired out of sequence packet ,59879,59892
115.101,Received an expired out of sequence packet ,59880,59892
115.102,Received an expired out of sequence packet ,59881,59892
115.102,Received an expired out of sequence packet ,59882,59892
115.102,Received an expired out of sequence packet ,59883,59892
115.102,Received an expired out of sequence packet ,59884,59892
115.102,Received an expired out of sequence packet ,59885,59892
115.103,Received an expired out of sequence packet ,59886,59892
115.103,Received an expired out of sequence packet ,59887,59892
115.103,Received an expired out of sequence packet ,59888,59892
115.103,Received an expired out of sequence packet ,59889,59892
115.103,Received an expired out of sequence packet ,59890,59892
115.103,Received an expired out of sequence packet ,59891,59892
267.063,Timeout
267.063,clearing sending list because of timeout
267.075,Received an expired out of sequence packet ,144573,144841
268.075,Timeout
268.075,clearing sending list because of timeout
268.078,Received an expired out of sequence packet ,144574,144849
269.074,Received an expired out of sequence packet ,144575,144849
270.074,Timeout
270.074,clearing sending list because of timeout
270.407,Received an expired out of sequence packet ,144576,144866
271.407,Timeout
271.407,clearing sending list because of timeout
271.407,Received an expired out of sequence packet ,144577,144893
272.407,Timeout
272.407,clearing sending list because of timeout
272.419,Received an expired out of sequence packet ,144578,144929
272.713,Received an expired out of sequence packet ,144579,144929
272.726,Received an expired out of sequence packet ,144580,144929
272.728,Received an expired out of sequence packet ,144581,144929
272.738,Received an expired out of sequence packet ,144582,144929
272.741,Received an expired out of sequence packet ,144583,144929
272.756,Received an expired out of sequence packet ,144584,144929
272.756,Received an expired out of sequence packet ,144585,144929
272.764,Received an expired out of sequence packet ,144586,144929
272.765,Received an expired out of sequence packet ,144587,144929
272.781,Received an expired out of sequence packet ,144588,144929
272.785,Received an expired out of sequence packet ,144589,144929
272.786,Received an expired out of sequence packet ,144590,144929
272.791,Received an expired out of sequence packet ,144591,144929
272.804,Received an expired out of sequence packet ,144592,144929
272.806,Received an expired out of sequence packet ,144593,144929
272.808,Received an expired out of sequence packet ,144594,144929
272.816,Received an expired out of sequence packet ,144595,144929
272.82,Received an expired out of sequence packet ,144596,144929
272.824,Received an expired out of sequence packet ,144597,144929
272.832,Received an expired out of sequence packet ,144598,144929
272.835,Received an expired out of sequence packet ,144599,144929
272.844,Received an expired out of sequence packet ,144600,144929
272.852,Received an expired out of sequence packet ,144601,144929
272.856,Received an expired out of sequence packet ,144602,144929
272.861,Received an expired out of sequence packet ,144603,144929
272.875,Received an expired out of sequence packet ,144604,144929
272.878,Received an expired out of sequence packet ,144605,144929
272.878,Received an expired out of sequence packet ,144606,144929
272.878,Received an expired out of sequence packet ,144607,144929
272.883,Received an expired out of sequence packet ,144608,144929
272.889,Received an expired out of sequence packet ,144609,144929
272.892,Received an expired out of sequence packet ,144610,144929
272.895,Received an expired out of sequence packet ,144611,144929
272.896,Received an expired out of sequence packet ,144612,144929
272.898,Received an expired out of sequence packet ,144613,144929
272.9,Received an expired out of sequence packet ,144614,144929
272.901,Received an expired out of sequence packet ,144615,144929
272.903,Received an expired out of sequence packet ,144616,144929
272.904,Received an expired out of sequence packet ,144617,144929
272.913,Received an expired out of sequence packet ,144618,144929
272.913,Received an expired out of sequence packet ,144619,144929
272.915,Received an expired out of sequence packet ,144620,144929
272.915,Received an expired out of sequence packet ,144621,144929
272.915,Received an expired out of sequence packet ,144622,144929
272.919,Received an expired out of sequence packet ,144623,144929
272.919,Received an expired out of sequence packet ,144624,144929
272.924,Received an expired out of sequence packet ,144625,144929
272.925,Received an expired out of sequence packet ,144626,144929
272.925,Received an expired out of sequence packet ,144627,144929
272.927,Received an expired out of sequence packet ,144628,144929
272.931,Received an expired out of sequence packet ,144629,144929
272.931,Received an expired out of sequence packet ,144630,144929
272.932,Received an expired out of sequence packet ,144631,144929
272.932,Received an expired out of sequence packet ,144632,144929
272.936,Received an expired out of sequence packet ,144633,144929
272.949,Received an expired out of sequence packet ,144634,144929
272.963,Received an expired out of sequence packet ,144635,144929
272.963,Received an expired out of sequence packet ,144636,144929
272.964,Received an expired out of sequence packet ,144637,144929
272.968,Received an expired out of sequence packet ,144638,144929
272.97,Received an expired out of sequence packet ,144639,144929
272.974,Received an expired out of sequence packet ,144640,144929
272.974,Received an expired out of sequence packet ,144641,144929
272.978,Received an expired out of sequence packet ,144642,144929
272.983,Received an expired out of sequence packet ,144643,144929
272.987,Received an expired out of sequence packet ,144644,144929
272.991,Received an expired out of sequence packet ,144645,144929
272.996,Received an expired out of sequence packet ,144646,144929
272.999,Received an expired out of sequence packet ,144647,144929
273.001,Received an expired out of sequence packet ,144648,144929
273.006,Received an expired out of sequence packet ,144649,144929
273.014,Received an expired out of sequence packet ,144650,144929
273.017,Received an expired out of sequence packet ,144651,144929
273.017,Received an expired out of sequence packet ,144652,144929
273.017,Received an expired out of sequence packet ,144653,144929
273.022,Received an expired out of sequence packet ,144654,144929
273.027,Received an expired out of sequence packet ,144655,144929
273.028,Received an expired out of sequence packet ,144656,144929
273.033,Received an expired out of sequence packet ,144657,144929
273.034,Received an expired out of sequence packet ,144658,144929
273.037,Received an expired out of sequence packet ,144659,144929
273.037,Received an expired out of sequence packet ,144660,144929
273.039,Received an expired out of sequence packet ,144661,144929
273.04,Received an expired out of sequence packet ,144662,144929
273.054,Received an expired out of sequence packet ,144663,144929
273.057,Received an expired out of sequence packet ,144664,144929
273.057,Received an expired out of sequence packet ,144665,144929
273.057,Received an expired out of sequence packet ,144666,144929
273.058,Received an expired out of sequence packet ,144667,144929
273.058,Received an expired out of sequence packet ,144668,144929
273.058,Received an expired out of sequence packet ,144669,144929
273.061,Received an expired out of sequence packet ,144670,144929
273.064,Received an expired out of sequence packet ,144671,144929
273.078,Received an expired out of sequence packet ,144672,144929
273.084,Received an expired out of sequence packet ,144673,144929
273.084,Received an expired out of sequence packet ,144674,144929
273.084,Received an expired out of sequence packet ,144675,144929
273.084,Received an expired out of sequence packet ,144676,144929
273.091,Received an expired out of sequence packet ,144677,144929
273.091,Received an expired out of sequence packet ,144678,144929
273.091,Received an expired out of sequence packet ,144679,144929
273.097,Received an expired out of sequence packet ,144680,144929
273.097,Received an expired out of sequence packet ,144681,144929
273.098,Received an expired out of sequence packet ,144682,144929
273.102,Received an expired out of sequence packet ,144683,144929
273.104,Received an expired out of sequence packet ,144684,144929
273.106,Received an expired out of sequence packet ,144685,144929
273.111,Received an expired out of sequence packet ,144686,144929
273.112,Received an expired out of sequence packet ,144687,144929
273.114,Received an expired out of sequence packet ,144688,144929
273.117,Received an expired out of sequence packet ,144689,144929
273.119,Received an expired out of sequence packet ,144690,144929
273.122,Received an expired out of sequence packet ,144691,144929
273.123,Received an expired out of sequence packet ,144692,144929
273.123,Received an expired out of sequence packet ,144693,144929
273.13,Received an expired out of sequence packet ,144694,144929
273.132,Received an expired out of sequence packet ,144695,144929
273.132,Received an expired out of sequence packet ,144696,144929
273.135,Received an expired out of sequence packet ,144697,144929
273.135,Received an expired out of sequence packet ,144698,144929
273.15,Received an expired out of sequence packet ,144699,144929
273.151,Received an expired out of sequence packet ,144700,144929
273.152,Received an expired out of sequence packet ,144701,144929
273.152,Received an expired out of sequence packet ,144702,144929
273.156,Received an expired out of sequence packet ,144703,144929
273.156,Received an expired out of sequence packet ,144704,144929
273.158,Received an expired out of sequence packet ,144705,144929
273.158,Received an expired out of sequence packet ,144706,144929
273.161,Received an expired out of sequence packet ,144707,144929
273.165,Received an expired out of sequence packet ,144708,144929
273.168,Received an expired out of sequence packet ,144709,144929
273.172,Received an expired out of sequence packet ,144710,144929
273.173,Received an expired out of sequence packet ,144711,144929
273.174,Received an expired out of sequence packet ,144712,144929
273.176,Received an expired out of sequence packet ,144713,144929
273.178,Received an expired out of sequence packet ,144714,144929
273.181,Received an expired out of sequence packet ,144715,144929
273.182,Received an expired out of sequence packet ,144716,144929
273.185,Received an expired out of sequence packet ,144717,144929
273.186,Received an expired out of sequence packet ,144718,144929
273.193,Received an expired out of sequence packet ,144719,144929
273.193,Received an expired out of sequence packet ,144720,144929
273.193,Received an expired out of sequence packet ,144721,144929
273.193,Received an expired out of sequence packet ,144722,144929
273.196,Received an expired out of sequence packet ,144723,144929
273.197,Received an expired out of sequence packet ,144724,144929
273.197,Received an expired out of sequence packet ,144725,144929
273.2,Received an expired out of sequence packet ,144726,144929
273.204,Received an expired out of sequence packet ,144727,144929
273.206,Received an expired out of sequence packet ,144728,144929
273.206,Received an expired out of sequence packet ,144729,144929
273.208,Received an expired out of sequence packet ,144730,144929
273.213,Received an expired out of sequence packet ,144731,144929
273.215,Received an expired out of sequence packet ,144732,144929
273.216,Received an expired out of sequence packet ,144733,144929
273.22,Received an expired out of sequence packet ,144734,144929
273.22,Received an expired out of sequence packet ,144735,144929
273.222,Received an expired out of sequence packet ,144736,144929
273.222,Received an expired out of sequence packet ,144737,144929
273.224,Received an expired out of sequence packet ,144738,144929
273.224,Received an expired out of sequence packet ,144739,144929
273.224,Received an expired out of sequence packet ,144740,144929
273.228,Received an expired out of sequence packet ,144741,144929
273.233,Received an expired out of sequence packet ,144742,144929
273.234,Received an expired out of sequence packet ,144743,144929
273.236,Received an expired out of sequence packet ,144744,144929
273.236,Received an expired out of sequence packet ,144745,144929
273.236,Received an expired out of sequence packet ,144746,144929
273.237,Received an expired out of sequence packet ,144747,144929
273.238,Received an expired out of sequence packet ,144748,144929
273.238,Received an expired out of sequence packet ,144749,144929
273.24,Received an expired out of sequence packet ,144750,144929
273.242,Received an expired out of sequence packet ,144751,144929
273.242,Received an expired out of sequence packet ,144752,144929
273.244,Received an expired out of sequence packet ,144753,144929
273.246,Received an expired out of sequence packet ,144754,144929
273.252,Received an expired out of sequence packet ,144755,144929
273.273,Received an expired out of sequence packet ,144756,144929
273.273,Received an expired out of sequence packet ,144757,144929
273.274,Received an expired out of sequence packet ,144758,144929
273.276,Received an expired out of sequence packet ,144759,144929
273.278,Received an expired out of sequence packet ,144760,144929
273.294,Received an expired out of sequence packet ,144761,144929
273.294,Received an expired out of sequence packet ,144762,144929
273.298,Received an expired out of sequence packet ,144763,144929
273.298,Received an expired out of sequence packet ,144764,144929
273.298,Received an expired out of sequence packet ,144765,144929
273.298,Received an expired out of sequence packet ,144766,144929
273.298,Received an expired out of sequence packet ,144767,144929
273.298,Received an expired out of sequence packet ,144768,144929
273.298,Received an expired out of sequence packet ,144769,144929
273.301,Received an expired out of sequence packet ,144770,144929
273.304,Received an expired out of sequence packet ,144771,144929
273.304,Received an expired out of sequence packet ,144772,144929
273.306,Received an expired out of sequence packet ,144773,144929
273.313,Received an expired out of sequence packet ,144774,144929
273.315,Received an expired out of sequence packet ,144775,144929
273.315,Received an expired out of sequence packet ,144776,144929
273.315,Received an expired out of sequence packet ,144777,144929
273.316,Received an expired out of sequence packet ,144778,144929
273.318,Received an expired out of sequence packet ,144779,144929
273.32,Received an expired out of sequence packet ,144780,144929
273.336,Received an expired out of sequence packet ,144781,144929
273.336,Received an expired out of sequence packet ,144782,144929
273.336,Received an expired out of sequence packet ,144783,144929
273.336,Received an expired out of sequence packet ,144784,144929
273.338,Received an expired out of sequence packet ,144785,144929
273.338,Received an expired out of sequence packet ,144786,144929
273.338,Received an expired out of sequence packet ,144787,144929
273.341,Received an expired out of sequence packet ,144788,144929
273.341,Received an expired out of sequence packet ,144789,144929
273.344,Received an expired out of sequence packet ,144790,144929
273.344,Received an expired out of sequence packet ,144791,144929
273.347,Received an expired out of sequence packet ,144792,144929
273.348,Received an expired out of sequence packet ,144793,144929
273.354,Received an expired out of sequence packet ,144794,144929
273.357,Received an expired out of sequence packet ,144795,144929
273.357,Received an expired out of sequence packet ,144796,144929
273.357,Received an expired out of sequence packet ,144797,144929
273.358,Received an expired out of sequence packet ,144798,144929
273.362,Received an expired out of sequence packet ,144799,144929
273.366,Received an expired out of sequence packet ,144800,144929
273.366,Received an expired out of sequence packet ,144801,144929
273.366,Received an expired out of sequence packet ,144802,144929
273.368,Received an expired out of sequence packet ,144803,144929
273.371,Received an expired out of sequence packet ,144804,144929
273.374,Received an expired out of sequence packet ,144805,144929
273.377,Received an expired out of sequence packet ,144806,144929
273.377,Received an expired out of sequence packet ,144807,144929
273.377,Received an expired out of sequence packet ,144808,144929
273.378,Received an expired out of sequence packet ,144809,144929
273.381,Received an expired out of sequence packet ,144810,144929
273.383,Received an expired out of sequence packet ,144811,144929
273.383,Received an expired out of sequence packet ,144812,144929
273.384,Received an expired out of sequence packet ,144813,144929
273.388,Received an expired out of sequence packet ,144814,144929
273.388,Received an expired out of sequence packet ,144815,144929
273.392,Received an expired out of sequence packet ,144816,144929
273.394,Received an expired out of sequence packet ,144817,144929
273.394,Received an expired out of sequence packet ,144818,144929
273.394,Received an expired out of sequence packet ,144819,144929
273.398,Received an expired out of sequence packet ,144820,144929
273.398,Received an expired out of sequence packet ,144821,144929
273.398,Received an expired out of sequence packet ,144822,144929
273.401,Received an expired out of sequence packet ,144823,144929
273.403,Received an expired out of sequence packet ,144824,144929
273.404,Received an expired out of sequence packet ,144825,144929
273.407,Received an expired out of sequence packet ,144826,144929
273.41,Received an expired out of sequence packet ,144827,144929
273.411,Received an expired out of sequence packet ,144828,144929
273.415,Received an expired out of sequence packet ,144829,144929
273.417,Received an expired out of sequence packet ,144830,144929
273.418,Received an expired out of sequence packet ,144831,144929
273.42,Received an expired out of sequence packet ,144832,144929
273.426,Received an expired out of sequence packet ,144833,144929
273.426,Received an expired out of sequence packet ,144834,144929
273.426,Received an expired out of sequence packet ,144835,144929
273.432,Received an expired out of sequence packet ,144836,144929
273.432,Received an expired out of sequence packet ,144837,144929
273.433,Received an expired out of sequence packet ,144838,144929
273.433,Received an expired out of sequence packet ,144839,144929
273.435,Received an expired out of sequence packet ,144840,144929
273.438,Received an expired out of sequence packet ,144841,144929
273.441,Received an expired out of sequence packet ,144842,144929
273.441,Received an expired out of sequence packet ,144843,144929
273.454,Received an expired out of sequence packet ,144844,144929
273.456,Received an expired out of sequence packet ,144845,144929
273.456,Received an expired out of sequence packet ,144846,144929
273.456,Received an expired out of sequence packet ,144847,144929
273.456,Received an expired out of sequence packet ,144848,144929
273.464,Received an expired out of sequence packet ,144849,144929
273.473,Received an expired out of sequence packet ,144850,144929
273.474,Received an expired out of sequence packet ,144851,144929
273.474,Received an expired out of sequence packet ,144852,144929
273.474,Received an expired out of sequence packet ,144853,144929
273.478,Received an expired out of sequence packet ,144854,144929
273.478,Received an expired out of sequence packet ,144855,144929
273.478,Received an expired out of sequence packet ,144856,144929
273.48,Received an expired out of sequence packet ,144857,144929
273.481,Received an expired out of sequence packet ,144858,144929
273.486,Received an expired out of sequence packet ,144859,144929
273.491,Received an expired out of sequence packet ,144860,144929
273.493,Received an expired out of sequence packet ,144861,144929
273.494,Received an expired out of sequence packet ,144862,144929
273.497,Received an expired out of sequence packet ,144863,144929
273.498,Received an expired out of sequence packet ,144864,144929
273.502,Received an expired out of sequence packet ,144865,144929
273.504,Received an expired out of sequence packet ,144866,144929
273.507,Received an expired out of sequence packet ,144867,144929
273.509,Received an expired out of sequence packet ,144868,144929
273.51,Received an expired out of sequence packet ,144869,144929
273.514,Received an expired out of sequence packet ,144870,144929
273.515,Received an expired out of sequence packet ,144871,144929
273.52,Received an expired out of sequence packet ,144872,144929
273.524,Received an expired out of sequence packet ,144873,144929
273.527,Received an expired out of sequence packet ,144874,144929
273.529,Received an expired out of sequence packet ,144875,144929
273.531,Received an expired out of sequence packet ,144876,144929
273.534,Received an expired out of sequence packet ,144877,144929
273.535,Received an expired out of sequence packet ,144878,144929
273.538,Received an expired out of sequence packet ,144879,144929
273.542,Received an expired out of sequence packet ,144880,144929
273.544,Received an expired out of sequence packet ,144881,144929
273.549,Received an expired out of sequence packet ,144882,144929
273.555,Received an expired out of sequence packet ,144883,144929
273.559,Received an expired out of sequence packet ,144884,144929
273.559,Received an expired out of sequence packet ,144885,144929
273.562,Received an expired out of sequence packet ,144886,144929
273.569,Received an expired out of sequence packet ,144887,144929
273.582,Received an expired out of sequence packet ,144888,144929
273.585,Received an expired out of sequence packet ,144889,144929
273.593,Received an expired out of sequence packet ,144890,144929
273.607,Received an expired out of sequence packet ,144891,144929
273.607,Received an expired out of sequence packet ,144892,144929
273.607,Received an expired out of sequence packet ,144893,144929
273.607,Received an expired out of sequence packet ,144894,144929
273.607,Received an expired out of sequence packet ,144895,144929
273.613,Received an expired out of sequence packet ,144896,144929
273.613,Received an expired out of sequence packet ,144897,144929
273.613,Received an expired out of sequence packet ,144898,144929
273.614,Received an expired out of sequence packet ,144899,144929
273.614,Received an expired out of sequence packet ,144900,144929
273.614,Received an expired out of sequence packet ,144901,144929
273.619,Received an expired out of sequence packet ,144902,144929
273.619,Received an expired out of sequence packet ,144903,144929
273.62,Received an expired out of sequence packet ,144904,144929
273.62,Received an expired out of sequence packet ,144905,144929
273.622,Received an expired out of sequence packet ,144906,144929
273.624,Received an expired out of sequence packet ,144907,144929
273.627,Received an expired out of sequence packet ,144908,144929
273.632,Received an expired out of sequence packet ,144909,144929
273.634,Received an expired out of sequence packet ,144910,144929
273.634,Received an expired out of sequence packet ,144911,144929
273.634,Received an expired out of sequence packet ,144912,144929
273.636,Received an expired out of sequence packet ,144913,144929
273.641,Received an expired out of sequence packet ,144914,144929
273.654,Received an expired out of sequence packet ,144915,144929
273.656,Received an expired out of sequence packet ,144916,144929
273.658,Received an expired out of sequence packet ,144917,144929
273.658,Received an expired out of sequence packet ,144918,144929
273.658,Received an expired out of sequence packet ,144919,144929
273.658,Received an expired out of sequence packet ,144920,144929
273.674,Received an expired out of sequence packet ,144921,144929
273.675,Received an expired out of sequence packet ,144922,144929
273.683,Received an expired out of sequence packet ,144923,144929
273.683,Received an expired out of sequence packet ,144924,144929
273.683,Received an expired out of sequence packet ,144925,144929
273.687,Received an expired out of sequence packet ,144926,144929
273.687,Received an expired out of sequence packet ,144927,144929
273.687,Received an expired out of sequence packet 