1.66354,Exit slow start,exceeding SS_EXIT_THRESHOLD
3.47202,Timeout
3.47204,clearing sending list because of timeout
3.48355,Received an expired out of sequence packet ,776,926
3.51801,Received an expired out of sequence packet ,777,926
3.52215,Received an expired out of sequence packet ,778,926
3.59468,Received an expired out of sequence packet ,779,926
3.5947,Received an expired out of sequence packet ,780,926
3.59471,Received an expired out of sequence packet ,781,926
3.59473,Received an expired out of sequence packet ,782,926
3.59474,Received an expired out of sequence packet ,783,926
3.59476,Received an expired out of sequence packet ,784,926
3.59477,Received an expired out of sequence packet ,785,926
3.59479,Received an expired out of sequence packet ,786,926
3.59481,Received an expired out of sequence packet ,787,926
3.59482,Received an expired out of sequence packet ,788,926
3.59484,Received an expired out of sequence packet ,789,926
3.59681,Received an expired out of sequence packet ,790,926
3.62549,Received an expired out of sequence packet ,791,926
3.62551,Received an expired out of sequence packet ,792,926
3.62552,Received an expired out of sequence packet ,793,926
3.62554,Received an expired out of sequence packet ,794,926
3.62555,Received an expired out of sequence packet ,795,926
3.62557,Received an expired out of sequence packet ,796,926
3.62559,Received an expired out of sequence packet ,797,926
3.6256,Received an expired out of sequence packet ,798,926
3.62562,Received an expired out of sequence packet ,799,926
3.62763,Received an expired out of sequence packet ,800,926
3.62765,Received an expired out of sequence packet ,801,926
3.62767,Received an expired out of sequence packet ,802,926
3.62768,Received an expired out of sequence packet ,803,926
3.64215,Received an expired out of sequence packet ,804,926
3.64217,Received an expired out of sequence packet ,805,926
3.64219,Received an expired out of sequence packet ,806,926
3.6422,Received an expired out of sequence packet ,807,926
3.64222,Received an expired out of sequence packet ,808,926
3.64223,Received an expired out of sequence packet ,809,926
3.64225,Received an expired out of sequence packet ,810,926
3.64226,Received an expired out of sequence packet ,811,926
3.64228,Received an expired out of sequence packet ,812,926
3.64229,Received an expired out of sequence packet ,813,926
3.64928,Received an expired out of sequence packet ,814,926
3.6493,Received an expired out of sequence packet ,815,926
3.64932,Received an expired out of sequence packet ,816,926
3.64933,Received an expired out of sequence packet ,817,926
3.65744,Received an expired out of sequence packet ,818,926
3.65746,Received an expired out of sequence packet ,819,926
3.66057,Received an expired out of sequence packet ,820,926
3.66059,Received an expired out of sequence packet ,821,926
3.6606,Received an expired out of sequence packet ,822,926
3.66062,Received an expired out of sequence packet ,823,926
3.66063,Received an expired out of sequence packet ,824,926
3.66065,Received an expired out of sequence packet ,825,926
3.66066,Received an expired out of sequence packet ,826,926
3.66068,Received an expired out of sequence packet ,827,926
3.66069,Received an expired out of sequence packet ,828,926
3.70232,Received an expired out of sequence packet ,829,926
3.70234,Received an expired out of sequence packet ,830,926
3.70236,Received an expired out of sequence packet ,831,926
3.70237,Received an expired out of sequence packet ,832,926
3.70239,Received an expired out of sequence packet ,833,926
3.70347,Received an expired out of sequence packet ,834,926
3.78983,Received an expired out of sequence packet ,835,926
3.78985,Received an expired out of sequence packet ,836,926
3.78986,Received an expired out of sequence packet ,837,926
3.78988,Received an expired out of sequence packet ,838,926
3.79398,Received an expired out of sequence packet ,839,926
3.79399,Received an expired out of sequence packet ,840,926
3.79401,Received an expired out of sequence packet ,841,926
3.79403,Received an expired out of sequence packet ,842,926
3.79607,Received an expired out of sequence packet ,843,926
3.79609,Received an expired out of sequence packet ,844,926
3.7961,Received an expired out of sequence packet ,845,926
3.79612,Received an expired out of sequence packet ,846,926
3.79614,Received an expired out of sequence packet ,847,926
3.79615,Received an expired out of sequence packet ,848,926
3.79617,Received an expired out of sequence packet ,849,926
3.79618,Received an expired out of sequence packet ,850,926
3.79619,Received an expired out of sequence packet ,851,926
3.79621,Received an expired out of sequence packet ,852,926
3.79623,Received an expired out of sequence packet ,853,926
3.79624,Received an expired out of sequence packet ,854,926
3.79625,Received an expired out of sequence packet ,855,926
3.79627,Received an expired out of sequence packet ,856,926
3.79628,Received an expired out of sequence packet ,857,926
3.7963,Received an expired out of sequence packet ,858,926
3.79723,Received an expired out of sequence packet ,859,926
3.79725,Received an expired out of sequence packet ,860,926
3.79726,Received an expired out of sequence packet ,861,926
3.79728,Received an expired out of sequence packet ,862,926
3.79931,Received an expired out of sequence packet ,863,926
3.79934,Received an expired out of sequence packet ,864,926
3.79935,Received an expired out of sequence packet ,865,926
3.79937,Received an expired out of sequence packet ,866,926
3.79938,Received an expired out of sequence packet ,867,926
3.7994,Received an expired out of sequence packet ,868,926
3.79941,Received an expired out of sequence packet ,869,926
3.80042,Received an expired out of sequence packet ,870,926
3.80044,Received an expired out of sequence packet ,871,926
3.80046,Received an expired out of sequence packet ,872,926
3.80047,Received an expired out of sequence packet ,873,926
3.80049,Received an expired out of sequence packet ,874,926
3.8005,Received an expired out of sequence packet ,875,926
3.80152,Received an expired out of sequence packet ,876,926
3.80154,Received an expired out of sequence packet ,877,926
3.80159,Received an expired out of sequence packet ,878,926
3.80161,Received an expired out of sequence packet ,879,926
3.80162,Received an expired out of sequence packet ,880,926
3.80164,Received an expired out of sequence packet ,881,926
3.80165,Received an expired out of sequence packet ,882,926
3.80167,Received an expired out of sequence packet ,883,926
3.80168,Received an expired out of sequence packet ,884,926
3.8017,Received an expired out of sequence packet ,885,926
3.80172,Received an expired out of sequence packet ,886,926
3.80173,Received an expired out of sequence packet ,887,926
3.80174,Received an expired out of sequence packet ,888,926
3.80176,Received an expired out of sequence packet ,889,926
3.80178,Received an expired out of sequence packet ,890,926
3.80179,Received an expired out of sequence packet ,891,926
3.8018,Received an expired out of sequence packet ,892,926
3.80182,Received an expired out of sequence packet ,893,926
3.80184,Received an expired out of sequence packet ,894,926
3.80185,Received an expired out of sequence packet ,895,926
3.80186,Received an expired out of sequence packet ,896,926
3.80188,Received an expired out of sequence packet ,897,926
3.80572,Received an expired out of sequence packet ,898,926
3.80574,Received an expired out of sequence packet ,899,926
3.80576,Received an expired out of sequence packet ,900,926
3.80577,Received an expired out of sequence packet ,901,926
3.80579,Received an expired out of sequence packet ,902,926
3.84011,Received an expired out of sequence packet ,903,926
3.84013,Received an expired out of sequence packet ,904,926
3.84015,Received an expired out of sequence packet ,905,926
3.84016,Received an expired out of sequence packet ,906,926
3.84018,Received an expired out of sequence packet ,907,926
3.8402,Received an expired out of sequence packet ,908,926
3.84021,Received an expired out of sequence packet ,909,926
3.84023,Received an expired out of sequence packet ,910,926
3.84028,Received an expired out of sequence packet ,911,926
3.84823,Received an expired out of sequence packet ,912,926
3.84825,Received an expired out of sequence packet ,913,926
3.84827,Received an expired out of sequence packet ,914,926
3.84828,Received an expired out of sequence packet ,915,926
3.8483,Received an expired out of sequence packet ,916,926
3.84831,Received an expired out of sequence packet ,917,926
3.84833,Received an expired out of sequence packet ,918,926
3.85034,Received an expired out of sequence packet ,919,926
3.87278,Received an expired out of sequence packet ,920,926
3.8728,Received an expired out of sequence packet ,921,926
3.884,Received an expired out of sequence packet ,922,926
3.88402,Received an expired out of sequence packet ,923,926
3.88404,Received an expired out of sequence packet ,924,926
3.88405,Received an expired out of sequence packet ,925,926
24.6902,Restart,can't map delay on delay curve
25.9736,Exit slow start,exceeding SS_EXIT_THRESHOLD
34.7072,Timeout
34.7072,clearing sending list because of timeout
34.866,Received an expired out of sequence packet ,3848,3891
34.866,Received an expired out of sequence packet ,3849,3891
34.866,Received an expired out of sequence packet ,3850,3891
34.867,Received an expired out of sequence packet ,3851,3891
34.867,Received an expired out of sequence packet ,3852,3891
34.8693,Received an expired out of sequence packet ,3853,3891
34.8693,Received an expired out of sequence packet ,3854,3891
34.8693,Received an expired out of sequence packet ,3855,3891
34.8693,Received an expired out of sequence packet ,3856,3891
34.8693,Received an expired out of sequence packet ,3857,3891
34.8693,Received an expired out of sequence packet ,3858,3891
34.8693,Received an expired out of sequence packet ,3859,3891
34.8714,Received an expired out of sequence packet ,3860,3891
34.8714,Received an expired out of sequence packet ,3861,3891
34.8714,Received an expired out of sequence packet ,3862,3891
34.8714,Received an expired out of sequence packet ,3863,3891
34.8714,Received an expired out of sequence packet ,3864,3891
34.8725,Received an expired out of sequence packet ,3865,3891
34.8725,Received an expired out of sequence packet ,3866,3891
34.8726,Received an expired out of sequence packet ,3867,3891
34.8757,Received an expired out of sequence packet ,3868,3891
34.8757,Received an expired out of sequence packet ,3869,3891
34.8768,Received an expired out of sequence packet ,3870,3891
34.8768,Received an expired out of sequence packet ,3871,3891
34.8768,Received an expired out of sequence packet ,3872,3891
34.879,Received an expired out of sequence packet ,3873,3891
34.879,Received an expired out of sequence packet ,3874,3891
34.879,Received an expired out of sequence packet ,3875,3891
34.879,Received an expired out of sequence packet ,3876,3891
34.879,Received an expired out of sequence packet ,3877,3891
34.879,Received an expired out of sequence packet ,3878,3891
34.8841,Received an expired out of sequence packet ,3879,3891
34.8841,Received an expired out of sequence packet ,3880,3891
34.8842,Received an expired out of sequence packet ,3881,3891
34.8842,Received an expired out of sequence packet ,3882,3891
34.8842,Received an expired out of sequence packet ,3883,3891
34.8842,Received an expired out of sequence packet ,3884,3891
34.8842,Received an expired out of sequence packet ,3885,3891
34.8842,Received an expired out of sequence packet ,3886,3891
34.8842,Received an expired out of sequence packet ,3887,3891
34.8842,Received an expired out of sequence packet ,3888,3891
34.8842,Received an expired out of sequence packet ,3889,3891
34.8863,Received an expired out of sequence packet ,3890,3891
84.0277,Restart,can't map delay on delay curve
85.162,Exit slow start,exceeding SS_EXIT_THRESHOLD
127.976,Timeout
127.976,clearing sending list because of timeout
128.033,Received an expired out of sequence packet ,30180,30199
128.046,Received an expired out of sequence packet ,30181,30199
128.048,Received an expired out of sequence packet ,30182,30199
128.048,Received an expired out of sequence packet ,30183,30199
128.056,Received an expired out of sequence packet ,30184,30199
128.056,Received an expired out of sequence packet ,30185,30199
128.056,Received an expired out of sequence packet ,30186,30199
128.056,Received an expired out of sequence packet ,30187,30199
128.065,Received an expired out of sequence packet ,30188,30199
128.065,Received an expired out of sequence packet ,30189,30199
128.068,Received an expired out of sequence packet ,30190,30199
128.068,Received an expired out of sequence packet ,30191,30199
128.068,Received an expired out of sequence packet ,30192,30199
128.068,Received an expired out of sequence packet ,30193,30199
128.068,Received an expired out of sequence packet ,30194,30199
128.082,Received an expired out of sequence packet ,30195,30199
128.082,Received an expired out of sequence packet ,30196,30199
128.082,Received an expired out of sequence packet ,30197,30199
128.082,Received an expired out of sequence packet ,30198,30199
263.976,Timeout
263.976,clearing sending list because of timeout
264.195,Timeout
264.195,clearing sending list because of timeout
264.414,Timeout
264.414,clearing sending list because of timeout
264.593,Received an expired out of sequence packet ,125248,125350
264.597,Received an expired out of sequence packet ,125249,125350
264.597,Received an expired out of sequence packet ,125250,125350
264.597,Received an expired out of sequence packet ,125251,125350
264.597,Received an expired out of sequence packet ,125252,125350
264.598,Received an expired out of sequence packet ,125253,125350
264.598,Received an expired out of sequence packet ,125254,125350
264.598,Received an expired out of sequence packet ,125255,125350
264.665,Received an expired out of sequence packet ,125256,125350
264.665,Received an expired out of sequence packet ,125257,125350
264.665,Received an expired out of sequence packet ,125258,125350
264.665,Received an expired out of sequence packet ,125259,125350
264.665,Received an expired out of sequence packet ,125260,125350
264.665,Received an expired out of sequence packet ,125261,125350
264.665,Received an expired out of sequence packet ,125262,125350
264.665,Received an expired out of sequence packet ,125263,125350
264.665,Received an expired out of sequence packet ,125264,125350
264.665,Received an expired out of sequence packet ,125265,125350
264.665,Received an expired out of sequence packet ,125266,125350
264.665,Received an expired out of sequence packet ,125267,125350
264.665,Received an expired out of sequence packet ,125268,125350
264.665,Received an expired out of sequence packet ,125269,125350
264.667,Received an expired out of sequence packet ,125270,125350
264.667,Received an expired out of sequence packet ,125271,125350
264.671,Received an expired out of sequence packet ,125272,125350
264.671,Received an expired out of sequence packet ,125273,125350
264.675,Received an expired out of sequence packet ,125274,125350
264.675,Received an expired out of sequence packet ,125275,125350
264.675,Received an expired out of sequence packet ,125276,125350
264.675,Received an expired out of sequence packet ,125277,125350
264.675,Received an expired out of sequence packet ,125278,125350
264.675,Received an expired out of sequence packet ,125279,125350
264.675,Received an expired out of sequence packet ,125280,125350
264.675,Received an expired out of sequence packet ,125281,125350
264.675,Received an expired out of sequence packet ,125282,125350
264.675,Received an expired out of sequence packet ,125283,125350
264.676,Received an expired out of sequence packet ,125284,125350
264.676,Received an expired out of sequence packet ,125285,125350
264.676,Received an expired out of sequence packet ,125286,125350
264.676,Received an expired out of sequence packet ,125287,125350
264.676,Received an expired out of sequence packet ,125288,125350
264.677,Received an expired out of sequence packet ,125289,125350
264.677,Received an expired out of sequence packet ,125290,125350
264.677,Received an expired out of sequence packet ,125291