1.64495,Exit slow start,exceeding SS_EXIT_THRESHOLD
123.921,Timeout
123.921,clearing sending list because of timeout
123.921,Received an expired out of sequence packet ,63548,63730
124.921,Received an expired out of sequence packet ,63549,63730
124.991,Received an expired out of sequence packet ,63550,63730
124.993,Received an expired out of sequence packet ,63551,63730
124.993,Received an expired out of sequence packet ,63552,63730
124.993,Received an expired out of sequence packet ,63553,63730
125.018,Received an expired out of sequence packet ,63554,63730
125.018,Received an expired out of sequence packet ,63555,63730
125.018,Received an expired out of sequence packet ,63556,63730
125.019,Received an expired out of sequence packet ,63557,63730
125.019,Received an expired out of sequence packet ,63558,63730
125.019,Received an expired out of sequence packet ,63559,63730
125.019,Received an expired out of sequence packet ,63560,63730
125.019,Received an expired out of sequence packet ,63561,63730
125.019,Received an expired out of sequence packet ,63562,63730
125.02,Received an expired out of sequence packet ,63563,63730
125.02,Received an expired out of sequence packet ,63564,63730
125.02,Received an expired out of sequence packet ,63565,63730
125.02,Received an expired out of sequence packet ,63566,63730
125.02,Received an expired out of sequence packet ,63567,63730
125.02,Received an expired out of sequence packet ,63568,63730
125.02,Received an expired out of sequence packet ,63569,63730
125.02,Received an expired out of sequence packet ,63570,63730
125.02,Received an expired out of sequence packet ,63571,63730
125.02,Received an expired out of sequence packet ,63572,63730
125.02,Received an expired out of sequence packet ,63573,63730
125.021,Received an expired out of sequence packet ,63574,63730
125.021,Received an expired out of sequence packet ,63575,63730
125.021,Received an expired out of sequence packet ,63576,63730
125.021,Received an expired out of sequence packet ,63577,63730
125.021,Received an expired out of sequence packet ,63578,63730
125.021,Received an expired out of sequence packet ,63579,63730
125.021,Received an expired out of sequence packet ,63580,63730
125.024,Received an expired out of sequence packet ,63581,63730
125.024,Received an expired out of sequence packet ,63582,63730
125.024,Received an expired out of sequence packet ,63583,63730
125.024,Received an expired out of sequence packet ,63584,63730
125.024,Received an expired out of sequence packet ,63585,63730
125.024,Received an expired out of sequence packet ,63586,63730
125.024,Received an expired out of sequence packet ,63587,63730
125.024,Received an expired out of sequence packet ,63588,63730
125.024,Received an expired out of sequence packet ,63589,63730
125.024,Received an expired out of sequence packet ,63590,63730
125.024,Received an expired out of sequence packet ,63591,63730
125.024,Received an expired out of sequence packet ,63592,63730
125.032,Received an expired out of sequence packet ,63593,63730
125.032,Received an expired out of sequence packet ,63594,63730
125.032,Received an expired out of sequence packet ,63595,63730
125.032,Received an expired out of sequence packet ,63596,63730
125.032,Received an expired out of sequence packet ,63597,63730
125.032,Received an expired out of sequence packet ,63598,63730
125.032,Received an expired out of sequence packet ,63599,63730
125.032,Received an expired out of sequence packet ,63600,63730
125.032,Received an expired out of sequence packet ,63601,63730
125.054,Received an expired out of sequence packet ,63602,63730
125.054,Received an expired out of sequence packet ,63603,63730
125.054,Received an expired out of sequence packet ,63604,63730
125.054,Received an expired out of sequence packet ,63605,63730
125.054,Received an expired out of sequence packet ,63606,63730
125.054,Received an expired out of sequence packet ,63607,63730
125.054,Received an expired out of sequence packet ,63608,63730
125.054,Received an expired out of sequence packet ,63609,63730
125.054,Received an expired out of sequence packet ,63610,63730
125.054,Received an expired out of sequence packet ,63611,63730
125.054,Received an expired out of sequence packet ,63612,63730
125.056,Received an expired out of sequence packet ,63613,63730
125.056,Received an expired out of sequence packet ,63614,63730
125.057,Received an expired out of sequence packet ,63615,63730
125.057,Received an expired out of sequence packet ,63616,63730
125.057,Received an expired out of sequence packet ,63617,63730
125.057,Received an expired out of sequence packet ,63618,63730
125.057,Received an expired out of sequence packet ,63619,63730
125.057,Received an expired out of sequence packet ,63620,63730
125.065,Received an expired out of sequence packet ,63621,63730
125.065,Received an expired out of sequence packet ,63622,63730
125.065,Received an expired out of sequence packet ,63623,63730
125.065,Received an expired out of sequence packet ,63624,63730
125.065,Received an expired out of sequence packet ,63625,63730
125.065,Received an expired out of sequence packet ,63626,63730
125.065,Received an expired out of sequence packet ,63627,63730
125.065,Received an expired out of sequence packet ,63628,63730
125.069,Received an expired out of sequence packet ,63629,63730
125.073,Received an expired out of sequence packet ,63630,63730
125.074,Received an expired out of sequence packet ,63631,63730
125.082,Received an expired out of sequence packet ,63632,63730
125.082,Received an expired out of sequence packet ,63633,63730
125.082,Received an expired out of sequence packet ,63634,63730
125.084,Received an expired out of sequence packet ,63635,63730
125.084,Received an expired out of sequence packet ,63636,63730
125.086,Received an expired out of sequence packet ,63637,63730
125.086,Received an expired out of sequence packet ,63638,63730
125.086,Received an expired out of sequence packet ,63639,63730
125.202,Received an expired out of sequence packet ,63640,63730
125.202,Received an expired out of sequence packet ,63641,63730
125.202,Received an expired out of sequence packet ,63642,63730
125.202,Received an expired out of sequence packet ,63643,63730
125.202,Received an expired out of sequence packet ,63644,63730
125.202,Received an expired out of sequence packet ,63645,63730
125.202,Received an expired out of sequence packet ,63646,63730
125.202,Received an expired out of sequence packet ,63647,63730
125.202,Received an expired out of sequence packet ,63648,63730
125.202,Received an expired out of sequence packet ,63649,63730
125.202,Received an expired out of sequence packet ,63650,63730
125.233,Received an expired out of sequence packet ,63651,63730
125.233,Received an expired out of sequence packet ,63652,63730
125.233,Received an expired out of sequence packet ,63653,63730
125.233,Received an expired out of sequence packet ,63654,63730
125.265,Received an expired out of sequence packet ,63655,63730
125.265,Received an expired out of sequence packet ,63656,63730
125.265,Received an expired out of sequence packet ,63657,63730
125.265,Received an expired out of sequence packet ,63658,63730
125.265,Received an expired out of sequence packet ,63659,63730
125.265,Received an expired out of sequence packet ,63660,63730
125.265,Received an expired out of sequence packet ,63661,63730
125.265,Received an expired out of sequence packet ,63662,63730
125.265,Received an expired out of sequence packet ,63663,63730
125.265,Received an expired out of sequence packet ,63664,63730
125.265,Received an expired out of sequence packet ,63665,63730
125.265,Received an expired out of sequence packet ,63666,63730
125.265,Received an expired out of sequence packet ,63667,63730
125.265,Received an expired out of sequence packet ,63668,63730
125.265,Received an expired out of sequence packet ,63669,63730
125.265,Received an expired out of sequence packet ,63670,63730
125.265,Received an expired out of sequence packet ,63671,63730
125.265,Received an expired out of sequence packet ,63672,63730
125.265,Received an expired out of sequence packet ,63673,63730
125.265,Received an expired out of sequence packet ,63674,63730
125.265,Received an expired out of sequence packet ,63675,63730
125.265,Received an expired out of sequence packet ,63676,63730
125.265,Received an expired out of sequence packet ,63677,63730
125.265,Received an expired out of sequence packet ,63678,63730
125.265,Received an expired out of sequence packet ,63679,63730
125.265,Received an expired out of sequence packet ,63680,63730
125.267,Received an expired out of sequence packet ,63681,63730
125.267,Received an expired out of sequence packet ,63682,63730
125.267,Received an expired out of sequence packet ,63683,63730
125.267,Received an expired out of sequence packet ,63684,63730
125.267,Received an expired out of sequence packet ,63685,63730
125.318,Received an expired out of sequence packet ,63686,63730
125.318,Received an expired out of sequence packet ,63687,63730
125.32,Received an expired out of sequence packet ,63688,63730
125.32,Received an expired out of sequence packet ,63689,63730
125.322,Received an expired out of sequence packet ,63690,63730
125.322,Received an expired out of sequence packet ,63691,63730
125.322,Received an expired out of sequence packet ,63692,63730
125.322,Received an expired out of sequence packet ,63693,63730
125.325,Received an expired out of sequence packet ,63694,63730
125.325,Received an expired out of sequence packet ,63695,63730
125.325,Received an expired out of sequence packet ,63696,63730
125.325,Received an expired out of sequence packet ,63697,63730
125.325,Received an expired out of sequence packet ,63698,63730
125.325,Received an expired out of sequence packet ,63699,63730
125.325,Received an expired out of sequence packet ,63700,63730
125.325,Received an expired out of sequence packet ,63701,63730
125.325,Received an expired out of sequence packet ,63702,63730
125.325,Received an expired out of sequence packet ,63703,63730
125.325,Received an expired out of sequence packet ,63704,63730
125.325,Received an expired out of sequence packet ,63705,63730
125.325,Received an expired out of sequence packet ,63706,63730
125.325,Received an expired out of sequence packet ,63707,63730
125.325,Received an expired out of sequence packet ,63708,63730
125.325,Received an expired out of sequence packet ,63709,63730
125.325,Received an expired out of sequence packet ,63710,63730
125.327,Received an expired out of sequence packet ,63711,63730
125.327,Received an expired out of sequence packet ,63712,63730
125.327,Received an expired out of sequence packet ,63713,63730
125.329,Received an expired out of sequence packet ,63714,63730
125.329,Received an expired out of sequence packet ,63715,63730
125.329,Received an expired out of sequence packet ,63716,63730
125.329,Received an expired out of sequence packet ,63717,63730
125.329,Received an expired out of sequence packet ,63718,63730
125.329,Received an expired out of sequence packet ,63719,63730
125.329,Received an expired out of sequence packet ,63720,63730
125.329,Received an expired out of sequence packet ,63721,63730
125.329,Received an expired out of sequence packet ,63722,63730
125.329,Received an expired out of sequence packet ,63723,63730
125.329,Received an expired out of sequence packet ,63724,63730
125.329,Received an expired out of sequence packet ,63725,63730
125.329,Received an expired out of sequence packet ,63726,63730
125.329,Received an expired out of sequence packet ,63727,63730
125.33,Received an expired out of sequence packet ,63728,63730
125.33,Received an expired out of sequence packet ,63729,63730
130.951,Timeout
130.951,clearing sending list because of timeout
131.365,Timeout
131.365,clearing sending list because of timeout
131.535,Received an expired out of sequence packet ,65421,65486
131.535,Received an expired out of sequence packet ,65422,65486
131.535,Received an expired out of sequence packet ,65423,65486
131.565,Received an expired out of sequence packet ,65424,65486
131.568,Received an expired out of sequence packet ,65425,65486
131.568,Received an expired out of sequence packet ,65426,65486
131.568,Received an expired out of sequence packet ,65427,65486
131.568,Received an expired out of sequence packet ,65428,65486
131.568,Received an expired out of sequence packet ,65429,65486
131.569,Received an expired out of sequence packet ,65430,65486
131.569,Received an expired out of sequence packet ,65431,65486
131.571,Received an expired out of sequence packet ,65432,65486
131.734,Received an expired out of sequence packet ,65433,65486
131.734,Received an expired out of sequence packet ,65434,65486
131.734,Received an expired out of sequence packet ,65435,65486
131.734,Received an expired out of sequence packet ,65436,65486
131.734,Received an expired out of sequence packet ,65437,65486
131.734,Received an expired out of sequence packet ,65438,65486
131.734,Received an expired out of sequence packet ,65439,65486
131.734,Received an expired out of sequence packet ,65440,65486
131.734,Received an expired out of sequence packet ,65441,65486
131.734,Received an expired out of sequence packet ,65442,65486
131.734,Received an expired out of sequence packet ,65443,65486
131.734,Received an expired out of sequence packet ,65444,65486
131.734,Received an expired out of sequence packet ,65445,65486
131.734,Received an expired out of sequence packet ,65446,65486
131.734,Received an expired out of sequence packet ,65447,65486
131.735,Received an expired out of sequence packet ,65448,65486
131.735,Received an expired out of sequence packet ,65449,65486
131.743,Received an expired out of sequence packet ,65450,65486
131.743,Received an expired out of sequence packet ,65451,65486
131.754,Received an expired out of sequence packet ,65452,65486
131.754,Received an expired out of sequence packet ,65453,65486
131.755,Received an expired out of sequence packet ,65454,65486
131.755,Received an expired out of sequence packet ,65455,65486
131.755,Received an expired out of sequence packet ,65456,65486
131.755,Received an expired out of sequence packet ,65457,65486
131.755,Received an expired out of sequence packet ,65458,65486
131.755,Received an expired out of sequence packet ,65459,65486
131.755,Received an expired out of sequence packet ,65460,65486
131.755,Received an expired out of sequence packet ,65461,65486
131.755,Received an expired out of sequence packet ,65462,65486
131.755,Received an expired out of sequence packet ,65463,65486
131.755,Received an expired out of sequence packet ,65464,65486
131.755,Received an expired out of sequence packet ,65465,65486
131.755,Received an expired out of sequence packet ,65466,65486
131.755,Received an expired out of sequence packet ,65467,65486
131.755,Received an expired out of sequence packet ,65468,65486
131.755,Received an expired out of sequence packet ,65469,65486
131.756,Received an expired out of sequence packet ,65470,65486
131.756,Received an expired out of sequence packet ,65471,65486
131.756,Received an expired out of sequence packet ,65472,65486
131.759,Received an expired out of sequence packet ,65473,65486
131.759,Received an expired out of sequence packet ,65474,65486
131.759,Received an expired out of sequence packet ,65475,65486
131.759,Received an expired out of sequence packet ,65476,65486
131.759,Received an expired out of sequence packet ,65477,65486
131.759,Received an expired out of sequence packet ,65478,65486
131.759,Received an expired out of sequence packet ,65479,65486
131.759,Received an expired out of sequence packet ,65480,65486
131.759,Received an expired out of sequence packet ,65481,65486
131.761,Received an expired out of sequence packet ,65482,65486
131.761,Received an expired out of sequence packet ,65483,65486
131.761,Received an expired out of sequence packet ,65484,65486
131.761,Received an expired out of sequence packet ,65485,65486
200.206,Timeout
200.206,clearing sending list because of timeout
200.389,Received an expired out of sequence packet ,105274,105283
200.393,Received an expired out of sequence packet ,105275,105283
200.394,Received an expired out of sequence packet ,105276,105283
200.395,Received an expired out of sequence packet ,105277,105283
200.395,Received an expired out of sequence packet ,105278,105283
200.395,Received an expired out of sequence packet ,105279,105283
200.395,Received an expired out of sequence packet ,105280,105283
200.395,Received an expired out of sequence packet ,105281,105283
200.4,Received an expired out of sequence packet ,105282,105283
207.278,Timeout
207.278,clearing sending list because of timeout
207.5,Received an expired out of sequence packet ,111742,111902
207.545,Received an expired out of sequence packet ,111743,111902
207.554,Received an expired out of sequence packet ,111744,111902
207.557,Received an expired out of sequence packet ,111745,111902
207.557,Received an expired out of sequence packet ,111746,111902
207.557,Received an expired out of sequence packet ,111747,111902
207.558,Received an expired out of sequence packet ,111748,111902
207.558,Received an expired out of sequence packet ,111749,111902
207.558,Received an expired out of sequence packet ,111750,111902
207.558,Received an expired out of sequence packet ,111751,111902
207.558,Received an expired out of sequence packet ,111752,111902
207.558,Received an expired out of sequence packet ,111753,111902
207.558,Received an expired out of sequence packet ,111754,111902
207.558,Received an expired out of sequence packet ,111755,111902
207.558,Received an expired out of sequence packet ,111756,111902
207.558,Received an expired out of sequence packet ,111757,111902
207.559,Received an expired out of sequence packet ,111758,111902
207.559,Received an expired out of sequence packet ,111759,111902
207.559,Received an expired out of sequence packet ,111760,111902
207.559,Received an expired out of sequence packet ,111761,111902
207.736,Received an expired out of sequence packet ,111762,111902
207.75,Received an expired out of sequence packet ,111763,111902
207.842,Received an expired out of sequence packet ,111764,111902
207.869,Received an expired out of sequence packet ,111765,111902
207.894,Received an expired out of sequence packet ,111766,111902
207.921,Received an expired out of sequence packet ,111767,111902
207.954,Received an expired out of sequence packet ,111768,111902
207.966,Received an expired out of sequence packet ,111769,111902
207.994,Received an expired out of sequence packet ,111770,111902
208.063,Received an expired out of sequence packet ,111771,111902
208.094,Received an expired out of sequence packet ,111772,111902
208.22,Received an expired out of sequence packet ,111773,111902
208.228,Received an expired out of sequence packet ,111774,111902
208.236,Received an expired out of sequence packet ,111775,111902
208.239,Received an expired out of sequence packet ,111776,111902
208.24,Received an expired out of sequence packet ,111777,111902
208.24,Received an expired out of sequence packet ,111778,111902
208.242,Received an expired out of sequence packet ,111779,111902
208.242,Received an expired out of sequence packet ,111780,111902
208.242,Received an expired out of sequence packet ,111781,111902
208.242,Received an expired out of sequence packet ,111782,111902
208.242,Received an expired out of sequence packet ,111783,111902
208.242,Received an expired out of sequence packet ,111784,111902
208.242,Received an expired out of sequence packet ,111785,111902
208.242,Received an expired out of sequence packet ,111786,111902
208.245,Received an expired out of sequence packet ,111787,111902
208.245,Received an expired out of sequence packet ,111788,111902
208.245,Received an expired out of sequence packet ,111789,111902
208.245,Received an expired out of sequence packet ,111790,111902
208.245,Received an expired out of sequence packet ,111791,111902
208.245,Received an expired out of sequence packet ,111792,111902
208.245,Received an expired out of sequence packet ,111793,111902
208.245,Received an expired out of sequence packet ,111794,111902
208.246,Received an expired out of sequence packet ,111795,111902
208.246,Received an expired out of sequence packet ,111796,111902
208.246,Received an expired out of sequence packet ,111797,111902
208.246,Received an expired out of sequence packet ,111798,111902
208.246,Received an expired out of sequence packet ,111799,111902
208.254,Received an expired out of sequence packet ,111800,111902
208.269,Received an expired out of sequence packet ,111801,111902
208.275,Received an expired out of sequence packet ,111802,111902
208.278,Received an expired out of sequence packet ,111803,111902
208.278,Received an expired out of sequence packet ,111804,111902
208.282,Received an expired out of sequence packet ,111805,111902
208.297,Received an expired out of sequence packet ,111806,111902
208.299,Received an expired out of sequence packet ,111807,111902
208.299,Received an expired out of sequence packet ,111808,111902
208.299,Received an expired out of sequence packet ,111809,111902
208.299,Received an expired out of sequence packet ,111810,111902
208.299,Received an expired out of sequence packet ,111811,111902
208.317,Received an expired out of sequence packet ,111812,111902
208.32,Received an expired out of sequence packet ,111813,111902
208.32,Received an expired out of sequence packet ,111814,111902
208.327,Received an expired out of sequence packet ,111815,111902
208.33,Received an expired out of sequence packet ,111816,111902
208.332,Received an expired out of sequence packet ,111817,111902
208.336,Received an expired out of sequence packet ,111818,111902
208.336,Received an expired out of sequence packet ,111819,111902
208.338,Received an expired out of sequence packet ,111820,111902
208.341,Received an expired out of sequence packet ,111821,111902
208.344,Received an expired out of sequence packet ,111822,111902
208.35,Received an expired out of sequence packet ,111823,111902
208.367,Received an expired out of sequence packet ,111824,111902
208.368,Received an expired out of sequence packet ,111825,111902
208.375,Received an expired out of sequence packet ,111826,111902
208.385,Received an expired out of sequence packet ,111827,111902
208.385,Received an expired out of sequence packet ,111828,111902
208.385,Received an expired out of sequence packet ,111829,111902
208.398,Received an expired out of sequence packet ,111830,111902
208.404,Received an expired out of sequence packet ,111831,111902
208.404,Received an expired out of sequence packet ,111832,111902
208.408,Received an expired out of sequence packet ,111833,111902
208.411,Received an expired out of sequence packet ,111834,111902
208.415,Received an expired out of sequence packet ,111835,111902
208.424,Received an expired out of sequence packet ,111836,111902
208.428,Received an expired out of sequence packet ,111837,111902
208.443,Received an expired out of sequence packet ,111838,111902
208.457,Received an expired out of sequence packet ,111839,111902
208.464,Received an expired out of sequence packet ,111840,111902
208.465,Received an expired out of sequence packet ,111841,111902
208.469,Received an expired out of sequence packet ,111842,111902
208.473,Received an expired out of sequence packet ,111843,111902
208.475,Received an expired out of sequence packet ,111844,111902
208.482,Received an expired out of sequence packet ,111845,111902
208.482,Received an expired out of sequence packet ,111846,111902
208.482,Received an expired out of sequence packet ,111847,111902
208.489,Received an expired out of sequence packet ,111848,111902
208.495,Received an expired out of sequence packet ,111849,111902
208.496,Received an expired out of sequence packet ,111850,111902
208.496,Received an expired out of sequence packet ,111851,111902
208.503,Received an expired out of sequence packet ,111852,111902
208.515,Received an expired out of sequence packet ,111853,111902
208.517,Received an expired out of sequence packet ,111854,111902
208.517,Received an expired out of sequence packet ,111855,111902
208.517,Received an expired out of sequence packet ,111856,111902
208.518,Received an expired out of sequence packet ,111857,111902
208.518,Received an expired out of sequence packet ,111858,111902
208.521,Received an expired out of sequence packet ,111859,111902
208.524,Received an expired out of sequence packet ,111860,111902
208.527,Received an expired out of sequence packet ,111861,111902
208.532,Received an expired out of sequence packet ,111862,111902
208.536,Received an expired out of sequence packet ,111863,111902
208.536,Received an expired out of sequence packet ,111864,111902
208.556,Received an expired out of sequence packet ,111865,111902
208.557,Received an expired out of sequence packet ,111866,111902
208.557,Received an expired out of sequence packet ,111867,111902
208.561,Received an expired out of sequence packet ,111868,111902
208.567,Received an expired out of sequence packet ,111869,111902
208.567,Received an expired out of sequence packet ,111870,111902
208.572,Received an expired out of sequence packet ,111871,111902
208.576,Received an expired out of sequence packet ,111872,111902
208.576,Received an expired out of sequence packet ,111873,111902
208.586,Received an expired out of sequence packet ,111874,111902
208.586,Received an expired out of sequence packet ,111875,111902
208.593,Received an expired out of sequence packet ,111876,111902
208.593,Received an expired out of sequence packet ,111877,111902
208.593,Received an expired out of sequence packet ,111878,111902
208.593,Received an expired out of sequence packet ,111879,111902
208.595,Received an expired out of sequence packet ,111880,111902
208.595,Received an expired out of sequence packet ,111881,111902
208.595,Received an expired out of sequence packet ,111882,111902
208.605,Received an expired out of sequence packet ,111883,111902
208.607,Received an expired out of sequence packet ,111884,111902
208.607,Received an expired out of sequence packet ,111885,111902
208.607,Received an expired out of sequence packet ,111886,111902
208.61,Received an expired out of sequence packet ,111887,111902
208.61,Received an expired out of sequence packet ,111888,111902
208.61,Received an expired out of sequence packet ,111889,111902
208.626,Received an expired out of sequence packet ,111890,111902
208.626,Received an expired out of sequence packet ,111891,111902
208.64,Received an expired out of sequence packet ,111892,111902
208.64,Received an expired out of sequence packet ,111893,111902
208.64,Received an expired out of sequence packet ,111894,111902
208.64,Received an expired out of sequence packet ,111895,111902
208.641,Received an expired out of sequence packet ,111896,111902
208.641,Received an expired out of sequence packet ,111897,111902
208.656,Received an expired out of sequence packet ,111898,111902
208.656,Received an expired out of sequence packet ,111899,111902
208.656,Received an expired out of sequence packet ,111900,111902
208.659,Received an expired out of sequence packet ,111901,111902
260.444,Timeout
260.444,clearing sending list because of timeout
260.689,Received an expired out of sequence packet ,148881,149154
260.689,Received an expired out of sequence packet ,148882,149154
260.689,Received an expired out of sequence packet ,148883,149154
260.689,Received an expired out of sequence packet ,148884,149154
260.689,Received an expired out of sequence packet ,148885,149154
260.689,Received an expired out of sequence packet ,148886,149154
260.689,Received an expired out of sequence packet ,148887,149154
260.689,Received an expired out of sequence packet ,148888,149154
260.689,Received an expired out of sequence packet ,148889,149154
260.689,Received an expired out of sequence packet ,148890,149154
260.689,Received an expired out of sequence packet ,148891,149154
260.689,Received an expired out of sequence packet ,148892,149154
260.689,Received an expired out of sequence packet ,148893,149154
260.689,Received an expired out of sequence packet ,148894,149154
260.689,Received an expired out of sequence packet ,148895,149154
260.689,Received an expired out of sequence packet ,148896,149154
260.69,Received an expired out of sequence packet ,148897,149154
260.69,Received an expired out of sequence packet ,148898,149154
260.69,Received an expired out of sequence packet ,148899,149154
260.749,Received an expired out of sequence packet ,148900,149154
260.75,Received an expired out of sequence packet ,148901,149154
260.75,Received an expired out of sequence packet ,148902,149154
260.75,Received an expired out of sequence packet ,148903,149154
260.75,Received an expired out of sequence packet ,148904,149154
260.75,Received an expired out of sequence packet ,148905,149154
260.75,Received an expired out of sequence packet ,148906,149154
260.75,Received an expired out of sequence packet ,148907,149154
260.75,Received an expired out of sequence packet ,148908,149154
260.752,Received an expired out of sequence packet ,148909,149154
260.752,Received an expired out of sequence packet ,148910,149154
260.752,Received an expired out of sequence packet ,148911,149154
260.752,Received an expired out of sequence packet ,148912,149154
260.752,Received an expired out of sequence packet ,148913,149154
260.752,Received an expired out of sequence packet ,148914,149154
260.752,Received an expired out of sequence packet ,148915,149154
260.752,Received an expired out of sequence packet ,148916,149154
260.752,Received an expired out of sequence packet ,148917,149154
260.752,Received an expired out of sequence packet ,148918,149154
260.752,Received an expired out of sequence packet ,148919,149154
260.752,Received an expired out of sequence packet ,148920,149154
260.786,Received an expired out of sequence packet ,148921,149154
260.786,Received an expired out of sequence packet ,148922,149154
260.786,Received an expired out of sequence packet ,148923,149154
260.794,Received an expired out of sequence packet ,148924,149154
260.794,Received an expired out of sequence packet ,148925,149154
260.797,Received an expired out of sequence packet ,148926,149154
260.797,Received an expired out of sequence packet ,148927,149154
260.797,Received an expired out of sequence packet ,148928,149154
260.797,Received an expired out of sequence packet ,148929,149154
260.797,Received an expired out of sequence packet ,148930,149154
260.799,Received an expired out of sequence packet ,148931,149154
260.799,Received an expired out of sequence packet ,148932,149154
260.799,Received an expired out of sequence packet ,148933,149154
260.799,Received an expired out of sequence packet ,148934,149154
260.799,Received an expired out of sequence packet ,148935,149154
260.799,Received an expired out of sequence packet ,148936,149154
260.799,Received an expired out of sequence packet ,148937,149154
260.799,Received an expired out of sequence packet ,148938,149154
260.799,Received an expired out of sequence packet ,148939,149154
260.801,Received an expired out of sequence packet ,148940,149154
260.801,Received an expired out of sequence packet ,148941,149154
260.801,Received an expired out of sequence packet ,148942,149154
260.801,Received an expired out of sequence packet ,148943,149154
260.801,Received an expired out of sequence packet ,148944,149154
260.801,Received an expired out of sequence packet ,148945,149154
260.801,Received an expired out of sequence packet ,148946,149154
260.801,Received an expired out of sequence packet ,148947,149154
260.824,Received an expired out of sequence packet ,148948,149154
260.824,Received an expired out of sequence packet ,148949,149154
260.824,Received an expired out of sequence packet ,148950,149154
260.824,Received an expired out of sequence packet ,148951,149154
260.824,Received an expired out of sequence packet ,148952,149154
260.824,Received an expired out of sequence packet ,148953,149154
260.824,Received an expired out of sequence packet ,148954,149154
260.824,Received an expired out of sequence packet ,148955,149154
260.824,Received an expired out of sequence packet ,148956,149154
260.824,Received an expired out of sequence packet ,148957,149154
260.824,Received an expired out of sequence packet ,148958,149154
260.824,Received an expired out of sequence packet ,148959,149154
260.824,Received an expired out of sequence packet ,148960,149154
260.824,Received an expired out of sequence packet ,148961,149154
260.824,Received an expired out of sequence packet ,148962,149154
260.824,Received an expired out of sequence packet ,148963,149154
260.824,Received an expired out of sequence packet ,148964,149154
260.824,Received an expired out of sequence packet ,148965,149154
260.824,Received an expired out of sequence packet ,148966,149154
260.824,Received an expired out of sequence packet ,148967,149154
260.844,Received an expired out of sequence packet ,148968,149154
260.844,Received an expired out of sequence packet ,148969,149154
260.844,Received an expired out of sequence packet ,148970,149154
260.844,Received an expired out of sequence packet ,148971,149154
260.845,Received an expired out of sequence packet ,148972,149154
260.845,Received an expired out of sequence packet ,148973,149154
260.854,Received an expired out of sequence packet ,148974,149154
260.854,Received an expired out of sequence packet ,148975,149154
260.857,Received an expired out of sequence packet ,148976,149154
260.857,Received an expired out of sequence packet ,148977,149154
260.857,Received an expired out of sequence packet ,148978,149154
260.857,Received an expired out of sequence packet ,148979,149154
260.861,Received an expired out of sequence packet ,148980,149154
260.861,Received an expired out of sequence packet ,148981,149154
260.861,Received an expired out of sequence packet ,148982,149154
260.861,Received an expired out of sequence packet ,148983,149154
260.861,Received an expired out of sequence packet ,148984,149154
260.861,Received an expired out of sequence packet ,148985,149154
260.861,Received an expired out of sequence packet ,148986,149154
260.861,Received an expired out of sequence packet ,148987,149154
260.861,Received an expired out of sequence packet ,148988,149154
260.861,Received an expired out of sequence packet ,148989,149154
260.861,Received an expired out of sequence packet ,148990,149154
260.861,Received an expired out of sequence packet ,148991,149154
260.861,Received an expired out of sequence packet ,148992,149154
260.861,Received an expired out of sequence packet ,148993,149154
260.861,Received an expired out of sequence packet ,148994,149154
260.863,Received an expired out of sequence packet ,148995,149154
260.863,Received an expired out of sequence packet ,148996,149154
260.879,Received an expired out of sequence packet ,148997,149154
260.879,Received an expired out of sequence packet ,148998,149154
260.879,Received an expired out of sequence packet ,148999,149154
260.879,Received an expired out of sequence packet ,149000,149154
260.879,Received an expired out of sequence packet ,149001,149154
260.879,Received an expired out of sequence packet ,149002,149154
260.879,Received an expired out of sequence packet ,149003,149154
260.879,Received an expired out of sequence packet ,149004,149154
260.879,Received an expired out of sequence packet ,149005,149154
260.879,Received an expired out of sequence packet ,149006,149154
260.879,Received an expired out of sequence packet ,149007,149154
260.879,Received an expired out of sequence packet ,149008,149154
260.879,Received an expired out of sequence packet ,149009,149154
260.879,Received an expired out of sequence packet ,149010,149154
260.886,Received an expired out of sequence packet ,149011,149154
260.886,Received an expired out of sequence packet ,149012,149154
260.886,Received an expired out of sequence packet ,149013,149154
260.886,Received an expired out of sequence packet ,149014,149154
260.889,Received an expired out of sequence packet ,149015,149154
260.889,Received an expired out of sequence packet ,149016,149154
260.889,Received an expired out of sequence packet ,149017,149154
260.889,Received an expired out of sequence packet ,149018,149154
260.889,Received an expired out of sequence packet ,149019,149154
260.898,Received an expired out of sequence packet ,149020,149154
260.898,Received an expired out of sequence packet ,149021,149154
260.898,Received an expired out of sequence packet ,149022,149154
260.898,Received an expired out of sequence packet ,149023,149154
260.898,Received an expired out of sequence packet ,149024,149154
260.901,Received an expired out of sequence packet ,149025,149154
260.901,Received an expired out of sequence packet ,149026,149154
260.901,Received an expired out of sequence packet ,149027,149154
260.901,Received an expired out of sequence packet ,149028,149154
260.901,Received an expired out of sequence packet ,149029,149154
260.901,Received an expired out of sequence packet ,149030,149154
260.901,Received an expired out of sequence packet ,149031,149154
260.901,Received an expired out of sequence packet ,149032,149154
260.901,Received an expired out of sequence packet ,149033,149154
260.901,Received an expired out of sequence packet ,149034,149154
260.901,Received an expired out of sequence packet ,149035,149154
260.901,Received an expired out of sequence packet ,149036,149154
260.901,Received an expired out of sequence packet ,149037,149154
260.901,Received an expired out of sequence packet ,149038,149154
260.901,Received an expired out of sequence packet ,149039,149154
260.901,Received an expired out of sequence packet ,149040,149154
260.901,Received an expired out of sequence packet ,149041,149154
260.901,Received an expired out of sequence packet ,149042,149154
260.911,Received an expired out of sequence packet ,149043,149154
260.911,Received an expired out of sequence packet ,149044,149154
260.911,Received an expired out of sequence packet ,149045,149154
260.911,Received an expired out of sequence packet ,149046,149154
260.911,Received an expired out of sequence packet ,149047,149154
260.911,Received an expired out of sequence packet ,149048,149154
260.911,Received an expired out of sequence packet ,149049,149154
260.911,Received an expired out of sequence packet ,149050,149154
260.911,Received an expired out of sequence packet ,149051,149154
260.911,Received an expired out of sequence packet ,149052,149154
260.911,Received an expired out of sequence packet ,149053,149154
260.911,Received an expired out of sequence packet ,149054,149154
260.911,Received an expired out of sequence packet ,149055,149154
260.911,Received an expired out of sequence packet ,149056,149154
260.911,Received an expired out of sequence packet ,149057,149154
260.911,Received an expired out of sequence packet ,149058,149154
260.911,Received an expired out of sequence packet ,149059,149154
260.911,Received an expired out of sequence packet ,149060,149154
260.911,Received an expired out of sequence packet ,149061,149154
260.917,Received an expired out of sequence packet ,149062,149154
260.917,Received an expired out of sequence packet ,149063,149154
260.917,Received an expired out of sequence packet ,149064,149154
260.917,Received an expired out of sequence packet ,149065,149154
260.921,Received an expired out of sequence packet ,149066,149154
260.921,Received an expired out of sequence packet ,149067,149154
260.921,Received an expired out of sequence packet ,149068,149154
260.921,Received an expired out of sequence packet ,149069,149154
260.93,Received an expired out of sequence packet ,149070,149154
260.93,Received an expired out of sequence packet ,149071,149154
260.93,Received an expired out of sequence packet ,149072,149154
260.93,Received an expired out of sequence packet ,149073,149154
260.934,Received an expired out of sequence packet ,149074,149154
260.934,Received an expired out of sequence packet ,149075,149154
260.934,Received an expired out of sequence packet ,149076,149154
260.934,Received an expired out of sequence packet ,149077,149154
260.934,Received an expired out of sequence packet ,149078,149154
260.937,Received an expired out of sequence packet ,149079,149154
260.937,Received an expired out of sequence packet ,149080,149154
260.937,Received an expired out of sequence packet ,149081,149154
260.937,Received an expired out of sequence packet ,149082,149154
260.937,Received an expired out of sequence packet ,149083,149154
260.937,Received an expired out of sequence packet ,149084,149154
260.937,Received an expired out of sequence packet ,149085,149154
260.937,Received an expired out of sequence packet ,149086,149154
260.937,Received an expired out of sequence packet ,149087,149154