1.30356,Exit slow start,exceeding SS_EXIT_THRESHOLD
8.57805,Timeout
8.57807,clearing sending list because of timeout
8.58722,Received an expired out of sequence packet ,6182,6337
9.58721,Timeout
9.58722,clearing sending list because of timeout
9.60099,Received an expired out of sequence packet ,6183,6344
9.98444,Received an expired out of sequence packet ,6184,6344
9.99049,Received an expired out of sequence packet ,6185,6344
9.99051,Received an expired out of sequence packet ,6186,6344
9.99053,Received an expired out of sequence packet ,6187,6344
9.99054,Received an expired out of sequence packet ,6188,6344
9.99056,Received an expired out of sequence packet ,6189,6344
9.99057,Received an expired out of sequence packet ,6190,6344
9.9906,Received an expired out of sequence packet ,6191,6344
9.99061,Received an expired out of sequence packet ,6192,6344
9.99063,Received an expired out of sequence packet ,6193,6344
10.0146,Received an expired out of sequence packet ,6194,6344
10.0146,Received an expired out of sequence packet ,6195,6344
10.0146,Received an expired out of sequence packet ,6196,6344
10.0147,Received an expired out of sequence packet ,6197,6344
10.0147,Received an expired out of sequence packet ,6198,6344
10.0147,Received an expired out of sequence packet ,6199,6344
10.0147,Received an expired out of sequence packet ,6200,6344
10.0148,Received an expired out of sequence packet ,6201,6344
10.0148,Received an expired out of sequence packet ,6202,6344
10.0148,Received an expired out of sequence packet ,6203,6344
10.0148,Received an expired out of sequence packet ,6204,6344
10.0149,Received an expired out of sequence packet ,6205,6344
10.0149,Received an expired out of sequence packet ,6206,6344
10.0149,Received an expired out of sequence packet ,6207,6344
10.0167,Received an expired out of sequence packet ,6208,6344
10.0167,Received an expired out of sequence packet ,6209,6344
10.0301,Received an expired out of sequence packet ,6210,6344
10.0302,Received an expired out of sequence packet ,6211,6344
10.0302,Received an expired out of sequence packet ,6212,6344
10.0302,Received an expired out of sequence packet ,6213,6344
10.0302,Received an expired out of sequence packet ,6214,6344
10.0302,Received an expired out of sequence packet ,6215,6344
10.0303,Received an expired out of sequence packet ,6216,6344
10.0303,Received an expired out of sequence packet ,6217,6344
10.0303,Received an expired out of sequence packet ,6218,6344
10.0303,Received an expired out of sequence packet ,6219,6344
10.0304,Received an expired out of sequence packet ,6220,6344
10.0304,Received an expired out of sequence packet ,6221,6344
10.0304,Received an expired out of sequence packet ,6222,6344
10.0304,Received an expired out of sequence packet ,6223,6344
10.0304,Received an expired out of sequence packet ,6224,6344
10.0305,Received an expired out of sequence packet ,6225,6344
10.0305,Received an expired out of sequence packet ,6226,6344
10.0312,Received an expired out of sequence packet ,6227,6344
10.0313,Received an expired out of sequence packet ,6228,6344
10.0313,Received an expired out of sequence packet ,6229,6344
10.0313,Received an expired out of sequence packet ,6230,6344
10.0313,Received an expired out of sequence packet ,6231,6344
10.0313,Received an expired out of sequence packet ,6232,6344
10.0314,Received an expired out of sequence packet ,6233,6344
10.0353,Received an expired out of sequence packet ,6234,6344
10.0353,Received an expired out of sequence packet ,6235,6344
10.0353,Received an expired out of sequence packet ,6236,6344
10.0354,Received an expired out of sequence packet ,6237,6344
10.0354,Received an expired out of sequence packet ,6238,6344
10.0476,Received an expired out of sequence packet ,6239,6344
10.0477,Received an expired out of sequence packet ,6240,6344
10.0477,Received an expired out of sequence packet ,6241,6344
10.0477,Received an expired out of sequence packet ,6242,6344
10.0477,Received an expired out of sequence packet ,6243,6344
10.0477,Received an expired out of sequence packet ,6244,6344
10.0478,Received an expired out of sequence packet ,6245,6344
10.0478,Received an expired out of sequence packet ,6246,6344
10.0478,Received an expired out of sequence packet ,6247,6344
10.0478,Received an expired out of sequence packet ,6248,6344
10.0478,Received an expired out of sequence packet ,6249,6344
10.0479,Received an expired out of sequence packet ,6250,6344
10.0479,Received an expired out of sequence packet ,6251,6344
10.0597,Received an expired out of sequence packet ,6252,6344
10.0598,Received an expired out of sequence packet ,6253,6344
10.0598,Received an expired out of sequence packet ,6254,6344
10.0598,Received an expired out of sequence packet ,6255,6344
10.0598,Received an expired out of sequence packet ,6256,6344
10.0598,Received an expired out of sequence packet ,6257,6344
10.0599,Received an expired out of sequence packet ,6258,6344
10.0599,Received an expired out of sequence packet ,6259,6344
10.0599,Received an expired out of sequence packet ,6260,6344
10.0599,Received an expired out of sequence packet ,6261,6344
10.06,Received an expired out of sequence packet ,6262,6344
10.06,Received an expired out of sequence packet ,6263,6344
10.06,Received an expired out of sequence packet ,6264,6344
10.06,Received an expired out of sequence packet ,6265,6344
10.0601,Received an expired out of sequence packet ,6266,6344
10.0601,Received an expired out of sequence packet ,6267,6344
10.0601,Received an expired out of sequence packet ,6268,6344
10.0601,Received an expired out of sequence packet ,6269,6344
10.0601,Received an expired out of sequence packet ,6270,6344
10.0628,Received an expired out of sequence packet ,6271,6344
10.0628,Received an expired out of sequence packet ,6272,6344
10.0628,Received an expired out of sequence packet ,6273,6344
10.0629,Received an expired out of sequence packet ,6274,6344
10.0629,Received an expired out of sequence packet ,6275,6344
10.0629,Received an expired out of sequence packet ,6276,6344
10.063,Received an expired out of sequence packet ,6277,6344
10.0659,Received an expired out of sequence packet ,6278,6344
10.0659,Received an expired out of sequence packet ,6279,6344
10.1494,Received an expired out of sequence packet ,6280,6344
10.1494,Received an expired out of sequence packet ,6281,6344
10.1495,Received an expired out of sequence packet ,6282,6344
10.1495,Received an expired out of sequence packet ,6283,6344
10.1495,Received an expired out of sequence packet ,6284,6344
10.1495,Received an expired out of sequence packet ,6285,6344
10.1515,Received an expired out of sequence packet ,6286,6344
10.1516,Received an expired out of sequence packet ,6287,6344
10.1516,Received an expired out of sequence packet ,6288,6344
10.1516,Received an expired out of sequence packet ,6289,6344
10.1516,Received an expired out of sequence packet ,6290,6344
10.1516,Received an expired out of sequence packet ,6291,6344
10.1517,Received an expired out of sequence packet ,6292,6344
10.1517,Received an expired out of sequence packet ,6293,6344
10.1517,Received an expired out of sequence packet ,6294,6344
10.1517,Received an expired out of sequence packet ,6295,6344
10.1518,Received an expired out of sequence packet ,6296,6344
10.1518,Received an expired out of sequence packet ,6297,6344
10.1518,Received an expired out of sequence packet ,6298,6344
10.1518,Received an expired out of sequence packet ,6299,6344
10.1519,Received an expired out of sequence packet ,6300,6344
10.1519,Received an expired out of sequence packet ,6301,6344
10.1519,Received an expired out of sequence packet ,6302,6344
10.1519,Received an expired out of sequence packet ,6303,6344
10.1519,Received an expired out of sequence packet ,6304,6344
10.1872,Received an expired out of sequence packet ,6305,6344
10.1873,Received an expired out of sequence packet ,6306,6344
10.1873,Received an expired out of sequence packet ,6307,6344
10.1963,Received an expired out of sequence packet ,6308,6344
10.1963,Received an expired out of sequence packet ,6309,6344
10.1963,Received an expired out of sequence packet ,6310,6344
10.1993,Received an expired out of sequence packet ,6311,6344
10.1994,Received an expired out of sequence packet ,6312,6344
10.1994,Received an expired out of sequence packet ,6313,6344
10.1994,Received an expired out of sequence packet ,6314,6344
10.2014,Received an expired out of sequence packet ,6315,6344
10.2014,Received an expired out of sequence packet ,6316,6344
10.2025,Received an expired out of sequence packet ,6317,6344
10.2025,Received an expired out of sequence packet ,6318,6344
10.2026,Received an expired out of sequence packet ,6319,6344
10.2026,Received an expired out of sequence packet ,6320,6344
10.2026,Received an expired out of sequence packet ,6321,6344
10.2026,Received an expired out of sequence packet ,6322,6344
10.2027,Received an expired out of sequence packet ,6323,6344
10.2027,Received an expired out of sequence packet ,6324,6344
10.2027,Received an expired out of sequence packet ,6325,6344
10.2027,Received an expired out of sequence packet ,6326,6344
10.2027,Received an expired out of sequence packet ,6327,6344
10.2028,Received an expired out of sequence packet ,6328,6344
10.2028,Received an expired out of sequence packet ,6329,6344
10.2028,Received an expired out of sequence packet ,6330,6344
10.2028,Received an expired out of sequence packet ,6331,6344
10.2029,Received an expired out of sequence packet ,6332,6344
10.2029,Received an expired out of sequence packet ,6333,6344
10.2029,Received an expired out of sequence packet ,6334,6344
10.2029,Received an expired out of sequence packet ,6335,6344
10.2029,Received an expired out of sequence packet ,6336,6344
10.203,Received an expired out of sequence packet ,6337,6344
10.2036,Received an expired out of sequence packet ,6338,6344
10.2036,Received an expired out of sequence packet ,6339,6344
10.2036,Received an expired out of sequence packet ,6340,6344
10.2036,Received an expired out of sequence packet ,6341,6344
10.2036,Received an expired out of sequence packet ,6342,6344
10.2037,Received an expired out of sequence packet ,6343,6344
59.8296,Restart,can't map delay on delay curve
61.3684,Exit slow start,exceeding SS_EXIT_THRESHOLD
66.9233,Timeout
66.9233,clearing sending list because of timeout
66.9375,Received an expired out of sequence packet ,3461,3541
66.9375,Received an expired out of sequence packet ,3462,3541
66.9375,Received an expired out of sequence packet ,3463,3541
66.9375,Received an expired out of sequence packet ,3464,3541
67.0717,Received an expired out of sequence packet ,3465,3541
67.0748,Received an expired out of sequence packet ,3466,3541
67.0748,Received an expired out of sequence packet ,3467,3541
67.0748,Received an expired out of sequence packet ,3468,3541
67.0748,Received an expired out of sequence packet ,3469,3541
67.0749,Received an expired out of sequence packet ,3470,3541
67.0759,Received an expired out of sequence packet ,3471,3541
67.0759,Received an expired out of sequence packet ,3472,3541
67.08,Received an expired out of sequence packet ,3473,3541
67.08,Received an expired out of sequence packet ,3474,3541
67.08,Received an expired out of sequence packet ,3475,3541
67.0801,Received an expired out of sequence packet ,3476,3541
67.0801,Received an expired out of sequence packet ,3477,3541
67.0801,Received an expired out of sequence packet ,3478,3541
67.0801,Received an expired out of sequence packet ,3479,3541
67.0801,Received an expired out of sequence packet ,3480,3541
67.0802,Received an expired out of sequence packet ,3481,3541
67.0802,Received an expired out of sequence packet ,3482,3541
67.0802,Received an expired out of sequence packet ,3483,3541
67.0802,Received an expired out of sequence packet ,3484,3541
67.1102,Received an expired out of sequence packet ,3485,3541
67.1103,Received an expired out of sequence packet ,3486,3541
67.1103,Received an expired out of sequence packet ,3487,3541
67.1103,Received an expired out of sequence packet ,3488,3541
67.1194,Received an expired out of sequence packet ,3489,3541
67.1194,Received an expired out of sequence packet ,3490,3541
67.1194,Received an expired out of sequence packet ,3491,3541
67.1194,Received an expired out of sequence packet ,3492,3541
67.1225,Received an expired out of sequence packet ,3493,3541
67.1226,Received an expired out of sequence packet ,3494,3541
67.1226,Received an expired out of sequence packet ,3495,3541
67.1226,Received an expired out of sequence packet ,3496,3541
67.1226,Received an expired out of sequence packet ,3497,3541
67.1538,Received an expired out of sequence packet ,3498,3541
67.1559,Received an expired out of sequence packet ,3499,3541
67.1559,Received an expired out of sequence packet ,3500,3541
67.1559,Received an expired out of sequence packet ,3501,3541
67.1673,Received an expired out of sequence packet ,3502,3541
67.1694,Received an expired out of sequence packet ,3503,3541
67.1694,Received an expired out of sequence packet ,3504,3541
67.1715,Received an expired out of sequence packet ,3505,3541
67.1716,Received an expired out of sequence packet ,3506,3541
67.1716,Received an expired out of sequence packet ,3507,3541
67.1716,Received an expired out of sequence packet ,3508,3541
67.1716,Received an expired out of sequence packet ,3509,3541
67.1716,Received an expired out of sequence packet ,3510,3541
67.1716,Received an expired out of sequence packet ,3511,3541
67.1717,Received an expired out of sequence packet ,3512,3541
67.1717,Received an expired out of sequence packet ,3513,3541
67.1717,Received an expired out of sequence packet ,3514,3541
67.1717,Received an expired out of sequence packet ,3515,3541
67.1727,Received an expired out of sequence packet ,3516,3541
67.1727,Received an expired out of sequence packet ,3517,3541
67.1728,Received an expired out of sequence packet ,3518,3541
67.1728,Received an expired out of sequence packet ,3519,3541
67.1728,Received an expired out of sequence packet ,3520,3541
67.1728,Received an expired out of sequence packet ,3521,3541
67.1728,Received an expired out of sequence packet ,3522,3541
67.1728,Received an expired out of sequence packet ,3523,3541
67.1759,Received an expired out of sequence packet ,3524,3541
67.1759,Received an expired out of sequence packet ,3525,3541
67.1759,Received an expired out of sequence packet ,3526,3541
67.1759,Received an expired out of sequence packet ,3527,3541
67.176,Received an expired out of sequence packet ,3528,3541
67.176,Received an expired out of sequence packet ,3529,3541
67.176,Received an expired out of sequence packet ,3530,3541
67.176,Received an expired out of sequence packet ,3531,3541
67.176,Received an expired out of sequence packet ,3532,3541
67.1761,Received an expired out of sequence packet ,3533,3541
67.1761,Received an expired out of sequence packet ,3534,3541
67.1761,Received an expired out of sequence packet ,3535,3541
67.1761,Received an expired out of sequence packet ,3536,3541
67.1761,Received an expired out of sequence packet ,3537,3541
67.1762,Received an expired out of sequence packet ,3538,3541
67.1762,Received an expired out of sequence packet ,3539,3541
67.1762,Received an expired out of sequence packet ,3540,3541
78.2721,Missing packet expired,14774
246.923,Timeout
246.923,clearing sending list because of timeout
246.938,Received an expired out of sequence packet ,129010,129097
246.938,Received an expired out of sequence packet ,129011,129097
246.938,Received an expired out of sequence packet ,129012,129097
246.938,Received an expired out of sequence packet ,129013,129097
247.072,Received an expired out of sequence packet ,129014,129097
247.075,Received an expired out of sequence packet ,129015,129097
247.075,Received an expired out of sequence packet ,129016,129097
247.075,Received an expired out of sequence packet ,129017,129097
247.075,Received an expired out of sequence packet ,129018,129097
247.075,Received an expired out of sequence packet ,129019,129097
247.076,Received an expired out of sequence packet ,129020,129097
247.076,Received an expired out of sequence packet ,129021,129097
247.08,Received an expired out of sequence packet ,129022,129097
247.08,Received an expired out of sequence packet ,129023,129097
247.08,Received an expired out of sequence packet ,129024,129097