1.5085,Exit slow start,exceeding SS_EXIT_THRESHOLD
19.2998,Timeout
19.2999,clearing sending list because of timeout
19.6409,Received an expired out of sequence packet ,20044,20276
19.641,Received an expired out of sequence packet ,20045,20276
19.641,Received an expired out of sequence packet ,20046,20276
19.641,Received an expired out of sequence packet ,20047,20276
19.641,Received an expired out of sequence packet ,20048,20276
19.641,Received an expired out of sequence packet ,20049,20276
19.6805,Received an expired out of sequence packet ,20050,20276
19.6826,Received an expired out of sequence packet ,20051,20276
19.6826,Received an expired out of sequence packet ,20052,20276
19.6827,Received an expired out of sequence packet ,20053,20276
19.6827,Received an expired out of sequence packet ,20054,20276
19.6827,Received an expired out of sequence packet ,20055,20276
19.6827,Received an expired out of sequence packet ,20056,20276
19.6827,Received an expired out of sequence packet ,20057,20276
19.7509,Received an expired out of sequence packet ,20058,20276
19.7509,Received an expired out of sequence packet ,20059,20276
19.7509,Received an expired out of sequence packet ,20060,20276
19.7509,Received an expired out of sequence packet ,20061,20276
19.751,Received an expired out of sequence packet ,20062,20276
19.751,Received an expired out of sequence packet ,20063,20276
19.751,Received an expired out of sequence packet ,20064,20276
19.751,Received an expired out of sequence packet ,20065,20276
19.751,Received an expired out of sequence packet ,20066,20276
19.751,Received an expired out of sequence packet ,20067,20276
19.7511,Received an expired out of sequence packet ,20068,20276
19.7511,Received an expired out of sequence packet ,20069,20276
19.7511,Received an expired out of sequence packet ,20070,20276
19.7511,Received an expired out of sequence packet ,20071,20276
19.7521,Received an expired out of sequence packet ,20072,20276
19.7521,Received an expired out of sequence packet ,20073,20276
19.7562,Received an expired out of sequence packet ,20074,20276
19.7563,Received an expired out of sequence packet ,20075,20276
19.7604,Received an expired out of sequence packet ,20076,20276
19.7604,Received an expired out of sequence packet ,20077,20276
19.7604,Received an expired out of sequence packet ,20078,20276
19.7604,Received an expired out of sequence packet ,20079,20276
19.7604,Received an expired out of sequence packet ,20080,20276
19.7605,Received an expired out of sequence packet ,20081,20276
19.7605,Received an expired out of sequence packet ,20082,20276
19.7605,Received an expired out of sequence packet ,20083,20276
19.7605,Received an expired out of sequence packet ,20084,20276
19.7605,Received an expired out of sequence packet ,20085,20276
19.7605,Received an expired out of sequence packet ,20086,20276
19.7606,Received an expired out of sequence packet ,20087,20276
19.7606,Received an expired out of sequence packet ,20088,20276
19.7606,Received an expired out of sequence packet ,20089,20276
19.7606,Received an expired out of sequence packet ,20090,20276
19.7626,Received an expired out of sequence packet ,20091,20276
19.7626,Received an expired out of sequence packet ,20092,20276
19.7626,Received an expired out of sequence packet ,20093,20276
19.7626,Received an expired out of sequence packet ,20094,20276
19.7626,Received an expired out of sequence packet ,20095,20276
19.7627,Received an expired out of sequence packet ,20096,20276
19.7627,Received an expired out of sequence packet ,20097,20276
19.7637,Received an expired out of sequence packet ,20098,20276
19.7638,Received an expired out of sequence packet ,20099,20276
19.7638,Received an expired out of sequence packet ,20100,20276
19.7638,Received an expired out of sequence packet ,20101,20276
19.7638,Received an expired out of sequence packet ,20102,20276
19.7638,Received an expired out of sequence packet ,20103,20276
19.7638,Received an expired out of sequence packet ,20104,20276
19.7639,Received an expired out of sequence packet ,20105,20276
19.7639,Received an expired out of sequence packet ,20106,20276
19.7669,Received an expired out of sequence packet ,20107,20276
19.7669,Received an expired out of sequence packet ,20108,20276
19.767,Received an expired out of sequence packet ,20109,20276
19.767,Received an expired out of sequence packet ,20110,20276
19.8123,Received an expired out of sequence packet ,20111,20276
19.8123,Received an expired out of sequence packet ,20112,20276
19.8175,Received an expired out of sequence packet ,20113,20276
19.8175,Received an expired out of sequence packet ,20114,20276
19.8195,Received an expired out of sequence packet ,20115,20276
19.8195,Received an expired out of sequence packet ,20116,20276
19.8195,Received an expired out of sequence packet ,20117,20276
19.8195,Received an expired out of sequence packet ,20118,20276
19.8196,Received an expired out of sequence packet ,20119,20276
19.8196,Received an expired out of sequence packet ,20120,20276
19.8196,Received an expired out of sequence packet ,20121,20276
19.8196,Received an expired out of sequence packet ,20122,20276
19.8196,Received an expired out of sequence packet ,20123,20276
19.8196,Received an expired out of sequence packet ,20124,20276
19.8197,Received an expired out of sequence packet ,20125,20276
19.8197,Received an expired out of sequence packet ,20126,20276
19.8197,Received an expired out of sequence packet ,20127,20276
19.8197,Received an expired out of sequence packet ,20128,20276
19.8197,Received an expired out of sequence packet ,20129,20276
19.8197,Received an expired out of sequence packet ,20130,20276
19.8198,Received an expired out of sequence packet ,20131,20276
19.8198,Received an expired out of sequence packet ,20132,20276
19.8198,Received an expired out of sequence packet ,20133,20276
19.8198,Received an expired out of sequence packet ,20134,20276
19.8277,Received an expired out of sequence packet ,20135,20276
19.8277,Received an expired out of sequence packet ,20136,20276
19.8278,Received an expired out of sequence packet ,20137,20276
19.8278,Received an expired out of sequence packet ,20138,20276
19.8278,Received an expired out of sequence packet ,20139,20276
19.8278,Received an expired out of sequence packet ,20140,20276
19.8291,Received an expired out of sequence packet ,20141,20276
19.8291,Received an expired out of sequence packet ,20142,20276
19.8291,Received an expired out of sequence packet ,20143,20276
19.8292,Received an expired out of sequence packet ,20144,20276
19.8292,Received an expired out of sequence packet ,20145,20276
19.8292,Received an expired out of sequence packet ,20146,20276
19.8292,Received an expired out of sequence packet ,20147,20276
19.8292,Received an expired out of sequence packet ,20148,20276
19.8292,Received an expired out of sequence packet ,20149,20276
19.8292,Received an expired out of sequence packet ,20150,20276
19.8364,Received an expired out of sequence packet ,20151,20276
19.8364,Received an expired out of sequence packet ,20152,20276
19.8364,Received an expired out of sequence packet ,20153,20276
19.8364,Received an expired out of sequence packet ,20154,20276
19.8364,Received an expired out of sequence packet ,20155,20276
19.8364,Received an expired out of sequence packet ,20156,20276
19.8364,Received an expired out of sequence packet ,20157,20276
19.8364,Received an expired out of sequence packet ,20158,20276
19.8364,Received an expired out of sequence packet ,20159,20276
19.8365,Received an expired out of sequence packet ,20160,20276
19.8365,Received an expired out of sequence packet ,20161,20276
19.8399,Received an expired out of sequence packet ,20162,20276
19.8442,Received an expired out of sequence packet ,20163,20276
19.8473,Received an expired out of sequence packet ,20164,20276
19.8473,Received an expired out of sequence packet ,20165,20276
19.8483,Received an expired out of sequence packet ,20166,20276
19.8483,Received an expired out of sequence packet ,20167,20276
19.8483,Received an expired out of sequence packet ,20168,20276
19.8483,Received an expired out of sequence packet ,20169,20276
19.8483,Received an expired out of sequence packet ,20170,20276
19.8483,Received an expired out of sequence packet ,20171,20276
19.8578,Received an expired out of sequence packet ,20172,20276
19.8578,Received an expired out of sequence packet ,20173,20276
19.8578,Received an expired out of sequence packet ,20174,20276
19.8578,Received an expired out of sequence packet ,20175,20276
19.8579,Received an expired out of sequence packet ,20176,20276
19.8579,Received an expired out of sequence packet ,20177,20276
19.8579,Received an expired out of sequence packet ,20178,20276
19.8579,Received an expired out of sequence packet ,20179,20276
19.8579,Received an expired out of sequence packet ,20180,20276
19.8579,Received an expired out of sequence packet ,20181,20276
19.8579,Received an expired out of sequence packet ,20182,20276
19.8579,Received an expired out of sequence packet ,20183,20276
19.8579,Received an expired out of sequence packet ,20184,20276
19.8579,Received an expired out of sequence packet ,20185,20276
19.858,Received an expired out of sequence packet ,20186,20276
19.858,Received an expired out of sequence packet ,20187,20276
19.859,Received an expired out of sequence packet ,20188,20276
19.859,Received an expired out of sequence packet ,20189,20276
19.8591,Received an expired out of sequence packet ,20190,20276
19.8591,Received an expired out of sequence packet ,20191,20276
19.8591,Received an expired out of sequence packet ,20192,20276
19.8591,Received an expired out of sequence packet ,20193,20276
19.8591,Received an expired out of sequence packet ,20194,20276
19.864,Received an expired out of sequence packet ,20195,20276
19.864,Received an expired out of sequence packet ,20196,20276
19.864,Received an expired out of sequence packet ,20197,20276
19.864,Received an expired out of sequence packet ,20198,20276
19.864,Received an expired out of sequence packet ,20199,20276
19.864,Received an expired out of sequence packet ,20200,20276
19.864,Received an expired out of sequence packet ,20201,20276
19.864,Received an expired out of sequence packet ,20202,20276
19.8681,Received an expired out of sequence packet ,20203,20276
19.872,Received an expired out of sequence packet ,20204,20276
19.872,Received an expired out of sequence packet ,20205,20276
19.872,Received an expired out of sequence packet ,20206,20276
19.872,Received an expired out of sequence packet ,20207,20276
19.872,Received an expired out of sequence packet ,20208,20276
19.872,Received an expired out of sequence packet ,20209,20276
19.8753,Received an expired out of sequence packet ,20210,20276
19.8753,Received an expired out of sequence packet ,20211,20276
19.8824,Received an expired out of sequence packet ,20212,20276
19.8824,Received an expired out of sequence packet ,20213,20276
19.8879,Received an expired out of sequence packet ,20214,20276
19.8879,Received an expired out of sequence packet ,20215,20276
19.8902,Received an expired out of sequence packet ,20216,20276
19.8902,Received an expired out of sequence packet ,20217,20276
19.8902,Received an expired out of sequence packet ,20218,20276
19.8902,Received an expired out of sequence packet ,20219,20276
19.8902,Received an expired out of sequence packet ,20220,20276
19.8902,Received an expired out of sequence packet ,20221,20276
19.8902,Received an expired out of sequence packet ,20222,20276
19.8902,Received an expired out of sequence packet ,20223,20276
19.8903,Received an expired out of sequence packet ,20224,20276
19.8903,Received an expired out of sequence packet ,20225,20276
19.8903,Received an expired out of sequence packet ,20226,20276
19.8903,Received an expired out of sequence packet ,20227,20276
19.8903,Received an expired out of sequence packet ,20228,20276
19.8903,Received an expired out of sequence packet ,20229,20276
19.8903,Received an expired out of sequence packet ,20230,20276
19.8903,Received an expired out of sequence packet ,20231,20276
19.8903,Received an expired out of sequence packet ,20232,20276
19.8924,Received an expired out of sequence packet ,20233,20276
19.8924,Received an expired out of sequence packet ,20234,20276
19.8924,Received an expired out of sequence packet ,20235,20276
19.8924,Received an expired out of sequence packet ,20236,20276
19.8925,Received an expired out of sequence packet ,20237,20276
19.8925,Received an expired out of sequence packet ,20238,20276
19.8925,Received an expired out of sequence packet ,20239,20276
19.8925,Received an expired out of sequence packet ,20240,20276
19.8925,Received an expired out of sequence packet ,20241,20276
19.8925,Received an expired out of sequence packet ,20242,20276
19.8925,Received an expired out of sequence packet ,20243,20276
19.8925,Received an expired out of sequence packet ,20244,20276
19.8925,Received an expired out of sequence packet ,20245,20276
19.8925,Received an expired out of sequence packet ,20246,20276
19.8926,Received an expired out of sequence packet ,20247,20276
19.8926,Received an expired out of sequence packet ,20248,20276
19.8926,Received an expired out of sequence packet ,20249,20276
19.8936,Received an expired out of sequence packet ,20250,20276
19.8936,Received an expired out of sequence packet ,20251,20276
19.8936,Received an expired out of sequence packet ,20252,20276
19.8936,Received an expired out of sequence packet ,20253,20276
19.8936,Received an expired out of sequence packet ,20254,20276
19.8936,Received an expired out of sequence packet ,20255,20276
19.9017,Received an expired out of sequence packet ,20256,20276
19.9048,Received an expired out of sequence packet ,20257,20276
19.9049,Received an expired out of sequence packet ,20258,20276
19.9049,Received an expired out of sequence packet ,20259,20276
19.906,Received an expired out of sequence packet ,20260,20276
19.906,Received an expired out of sequence packet ,20261,20276
19.906,Received an expired out of sequence packet ,20262,20276
19.906,Received an expired out of sequence packet ,20263,20276
19.9061,Received an expired out of sequence packet ,20264,20276
19.9061,Received an expired out of sequence packet ,20265,20276
19.9061,Received an expired out of sequence packet ,20266,20276
19.9061,Received an expired out of sequence packet ,20267,20276
19.9092,Received an expired out of sequence packet ,20268,20276
19.9092,Received an expired out of sequence packet ,20269,20276
19.9092,Received an expired out of sequence packet ,20270,20276
19.9092,Received an expired out of sequence packet ,20271,20276
19.9092,Received an expired out of sequence packet ,20272,20276
19.9093,Received an expired out of sequence packet ,20273,20276
19.9093,Received an expired out of sequence packet ,20274,20276
19.9093,Received an expired out of sequence packet ,20275,20276
41.3524,Timeout
41.3525,clearing sending list because of timeout
41.3526,Received an expired out of sequence packet ,31741,31864
42.3433,Received an expired out of sequence packet ,31742,31864
43.3433,Timeout
43.3433,clearing sending list because of timeout
43.3551,Received an expired out of sequence packet ,31743,31866
44.3431,Received an expired out of sequence packet ,31744,31866
44.9518,Received an expired out of sequence packet ,31745,31866
45.0149,Received an expired out of sequence packet ,31746,31866
45.0383,Received an expired out of sequence packet ,31747,31866
45.0493,Received an expired out of sequence packet ,31748,31866
45.0524,Received an expired out of sequence packet ,31749,31866
45.0524,Received an expired out of sequence packet ,31750,31866
45.0665,Received an expired out of sequence packet ,31751,31866
45.0816,Received an expired out of sequence packet ,31752,31866
45.2177,Received an expired out of sequence packet ,31753,31866
45.2177,Received an expired out of sequence packet ,31754,31866
45.275,Received an expired out of sequence packet ,31755,31866
45.275,Received an expired out of sequence packet ,31756,31866
45.2771,Received an expired out of sequence packet ,31757,31866
45.2801,Received an expired out of sequence packet ,31758,31866
45.3433,Received an expired out of sequence packet ,31759,31866
45.3604,Received an expired out of sequence packet ,31760,31866
45.3665,Received an expired out of sequence packet ,31761,31866
45.3675,Received an expired out of sequence packet ,31762,31866
45.4247,Received an expired out of sequence packet ,31763,31866
45.4297,Received an expired out of sequence packet ,31764,31866
45.4358,Received an expired out of sequence packet ,31765,31866
45.472,Received an expired out of sequence packet ,31766,31866
45.4783,Received an expired out of sequence packet ,31767,31866
45.4874,Received an expired out of sequence packet ,31768,31866
45.4894,Received an expired out of sequence packet ,31769,31866
45.4953,Received an expired out of sequence packet ,31770,31866
45.4973,Received an expired out of sequence packet ,31771,31866
45.5155,Received an expired out of sequence packet ,31772,31866
45.5155,Received an expired out of sequence packet ,31773,31866
45.5175,Received an expired out of sequence packet ,31774,31866
45.5176,Received an expired out of sequence packet ,31775,31866
45.5566,Received an expired out of sequence packet ,31776,31866
45.5567,Received an expired out of sequence packet ,31777,31866
45.5687,Received an expired out of sequence packet ,31778,31866
45.5818,Received an expired out of sequence packet ,31779,31866
45.6128,Received an expired out of sequence packet ,31780,31866
45.6522,Received an expired out of sequence packet ,31781,31866
45.6522,Received an expired out of sequence packet ,31782,31866
45.6563,Received an expired out of sequence packet ,31783,31866
45.6693,Received an expired out of sequence packet ,31784,31866
45.6783,Received an expired out of sequence packet ,31785,31866
45.7585,Received an expired out of sequence packet ,31786,31866
45.7616,Received an expired out of sequence packet ,31787,31866
45.7777,Received an expired out of sequence packet ,31788,31866
45.7996,Received an expired out of sequence packet ,31789,31866
45.8319,Received an expired out of sequence packet ,31790,31866
45.84,Received an expired out of sequence packet ,31791,31866
45.85,Received an expired out of sequence packet ,31792,31866
45.8501,Received an expired out of sequence packet ,31793,31866
45.9091,Received an expired out of sequence packet ,31794,31866
45.9173,Received an expired out of sequence packet ,31795,31866
45.9363,Received an expired out of sequence packet ,31796,31866
45.9394,Received an expired out of sequence packet ,31797,31866
45.9525,Received an expired out of sequence packet ,31798,31866
45.9956,Received an expired out of sequence packet ,31799,31866
45.9997,Received an expired out of sequence packet ,31800,31866
46.0128,Received an expired out of sequence packet ,31801,31866
46.0487,Received an expired out of sequence packet ,31802,31866
46.0768,Received an expired out of sequence packet ,31803,31866
46.1,Received an expired out of sequence packet ,31804,31866
46.1091,Received an expired out of sequence packet ,31805,31866
46.1223,Received an expired out of sequence packet ,31806,31866
46.1373,Received an expired out of sequence packet ,31807,31866
46.1533,Received an expired out of sequence packet ,31808,31866
46.1744,Received an expired out of sequence packet ,31809,31866
46.1945,Received an expired out of sequence packet ,31810,31866
46.2195,Received an expired out of sequence packet ,31811,31866
46.2398,Received an expired out of sequence packet ,31812,31866
46.2528,Received an expired out of sequence packet ,31813,31866
46.3081,Received an expired out of sequence packet ,31814,31866
46.3102,Received an expired out of sequence packet ,31815,31866
46.3152,Received an expired out of sequence packet ,31816,31866
46.3764,Received an expired out of sequence packet ,31817,31866
46.3815,Received an expired out of sequence packet ,31818,31866
46.3916,Received an expired out of sequence packet ,31819,31866
46.3927,Received an expired out of sequence packet ,31820,31866
46.4296,Received an expired out of sequence packet ,31821,31866
46.4477,Received an expired out of sequence packet ,31822,31866
46.4578,Received an expired out of sequence packet ,31823,31866
46.4808,Received an expired out of sequence packet ,31824,31866
46.505,Received an expired out of sequence packet ,31825,31866
46.515,Received an expired out of sequence packet ,31826,31866
46.5341,Received an expired out of sequence packet ,31827,31866
46.5602,Received an expired out of sequence packet ,31828,31866
46.5813,Received an expired out of sequence packet ,31829,31866
46.5954,Received an expired out of sequence packet ,31830,31866
46.6146,Received an expired out of sequence packet ,31831,31866
46.6207,Received an expired out of sequence packet ,31832,31866
46.6298,Received an expired out of sequence packet ,31833,31866
46.6429,Received an expired out of sequence packet ,31834,31866
46.6479,Received an expired out of sequence packet ,31835,31866
46.65,Received an expired out of sequence packet ,31836,31866
46.677,Received an expired out of sequence packet ,31837,31866
46.7663,Received an expired out of sequence packet ,31838,31866
46.7828,Received an expired out of sequence packet ,31839,31866
46.7899,Received an expired out of sequence packet ,31840,31866
46.7931,Received an expired out of sequence packet ,31841,31866
46.7962,Received an expired out of sequence packet ,31842,31866
46.8003,Received an expired out of sequence packet ,31843,31866
46.8074,Received an expired out of sequence packet ,31844,31866
46.8105,Received an expired out of sequence packet ,31845,31866
46.8105,Received an expired out of sequence packet ,31846,31866
46.8167,Received an expired out of sequence packet ,31847,31866
46.8704,Received an expired out of sequence packet ,31848,31866
46.8896,Received an expired out of sequence packet ,31849,31866
46.8946,Received an expired out of sequence packet ,31850,31866
46.9219,Received an expired out of sequence packet ,31851,31866
46.936,Received an expired out of sequence packet ,31852,31866
46.9521,Received an expired out of sequence packet ,31853,31866
46.9724,Received an expired out of sequence packet ,31854,31866
46.9805,Received an expired out of sequence packet ,31855,31866
46.9936,Received an expired out of sequence packet ,31856,31866
47.0087,Received an expired out of sequence packet ,31857,31866
47.0229,Received an expired out of sequence packet ,31858,31866
47.0351,Received an expired out of sequence packet ,31859,31866
47.0603,Received an expired out of sequence packet ,31860,31866
47.0715,Received an expired out of sequence packet ,31861,31866
47.1018,Received an expired out of sequence packet ,31862,31866
47.1129,Received an expired out of sequence packet ,31863,31866
47.1171,Received an expired out of sequence packet ,31864,31866
47.138,Received an expired out of sequence packet ,31865,31866
61.3991,Timeout
61.3992,clearing sending list because of timeout
61.3992,Received an expired out of sequence packet ,37903,38008
62.3992,Timeout
62.3993,clearing sending list because of timeout
62.4114,Received an expired out of sequence packet ,37904,38010
62.7049,Received an expired out of sequence packet ,37905,38010
62.7182,Received an expired out of sequence packet ,37906,38010
62.7203,Received an expired out of sequence packet ,37907,38010
62.7313,Received an expired out of sequence packet ,37908,38010
62.7334,Received an expired out of sequence packet ,37909,38010
62.7484,Received an expired out of sequence packet ,37910,38010
62.7484,Received an expired out of sequence packet ,37911,38010
62.7555,Received an expired out of sequence packet ,37912,38010
62.7576,Received an expired out of sequence packet ,37913,38010
62.7738,Received an expired out of sequence packet ,37914,38010
62.7768,Received an expired out of sequence packet ,37915,38010
62.7788,Received an expired out of sequence packet ,37916,38010
62.783,Received an expired out of sequence packet ,37917,38010
62.7963,Received an expired out of sequence packet ,37918,38010
62.7984,Received an expired out of sequence packet ,37919,38010
62.8016,Received an expired out of sequence packet ,37920,38010
62.8085,Received an expired out of sequence packet ,37921,38010
62.8126,Received an expired out of sequence packet ,37922,38010
62.8157,Received an expired out of sequence packet ,37923,38010
62.8246,Received an expired out of sequence packet ,37924,38010
62.8267,Received an expired out of sequence packet ,37925,38010
62.8368,Received an expired out of sequence packet ,37926,38010
62.845,Received an expired out of sequence packet ,37927,38010
62.8471,Received an expired out of sequence packet ,37928,38010
62.8531,Received an expired out of sequence packet ,37929,38010
62.8675,Received an expired out of sequence packet ,37930,38010
62.8717,Received an expired out of sequence packet ,37931,38010
62.8717,Received an expired out of sequence packet ,37932,38010
62.8717,Received an expired out of sequence packet ,37933,38010
62.8758,Received an expired out of sequence packet ,37934,38010
62.88,Received an expired out of sequence packet ,37935,38010
62.8841,Received an expired out of sequence packet ,37936,38010
62.8862,Received an expired out of sequence packet ,37937,38010
62.8884,Received an expired out of sequence packet ,37938,38010
62.8902,Received an expired out of sequence packet ,37939,38010
62.8924,Received an expired out of sequence packet ,37940,38010
62.8935,Received an expired out of sequence packet ,37941,38010
62.8956,Received an expired out of sequence packet ,37942,38010
62.8975,Received an expired out of sequence packet ,37943,38010
62.9059,Received an expired out of sequence packet ,37944,38010
62.9059,Received an expired out of sequence packet ,37945,38010
62.9059,Received an expired out of sequence packet ,37946,38010
62.9059,Received an expired out of sequence packet ,37947,38010
62.906,Received an expired out of sequence packet ,37948,38010
62.911,Received an expired out of sequence packet ,37949,38010
62.911,Received an expired out of sequence packet ,37950,38010
62.9161,Received an expired out of sequence packet ,37951,38010
62.9172,Received an expired out of sequence packet ,37952,38010
62.9172,Received an expired out of sequence packet ,37953,38010
62.9194,Received an expired out of sequence packet ,37954,38010
62.923,Received an expired out of sequence packet ,37955,38010
62.9242,Received an expired out of sequence packet ,37956,38010
62.9242,Received an expired out of sequence packet ,37957,38010
62.9283,Received an expired out of sequence packet ,37958,38010
62.9413,Received an expired out of sequence packet ,37959,38010
62.9546,Received an expired out of sequence packet ,37960,38010
62.9547,Received an expired out of sequence packet ,37961,38010
62.9567,Received an expired out of sequence packet ,37962,38010
62.9567,Received an expired out of sequence packet ,37963,38010
62.9608,Received an expired out of sequence packet ,37964,38010
62.9629,Received an expired out of sequence packet ,37965,38010
62.9669,Received an expired out of sequence packet ,37966,38010
62.9669,Received an expired out of sequence packet ,37967,38010
62.97,Received an expired out of sequence packet ,37968,38010
62.9752,Received an expired out of sequence packet ,37969,38010
62.9793,Received an expired out of sequence packet ,37970,38010
62.9834,Received an expired out of sequence packet ,37971,38010
62.9884,Received an expired out of sequence packet ,37972,38010
62.9915,Received an expired out of sequence packet ,37973,38010
62.9936,Received an expired out of sequence packet ,37974,38010
62.9986,Received an expired out of sequence packet ,37975,38010
63.0068,Received an expired out of sequence packet ,37976,38010
63.0089,Received an expired out of sequence packet ,37977,38010
63.0089,Received an expired out of sequence packet ,37978,38010
63.0089,Received an expired out of sequence packet ,37979,38010
63.0143,Received an expired out of sequence packet ,37980,38010
63.0194,Received an expired out of sequence packet ,37981,38010
63.0206,Received an expired out of sequence packet ,37982,38010
63.0257,Received an expired out of sequence packet ,37983,38010
63.0261,Received an expired out of sequence packet ,37984,38010
63.0282,Received an expired out of sequence packet ,37985,38010
63.0294,Received an expired out of sequence packet ,37986,38010
63.0317,Received an expired out of sequence packet ,37987,38010
63.0326,Received an expired out of sequence packet ,37988,38010
63.0468,Received an expired out of sequence packet ,37989,38010
63.0489,Received an expired out of sequence packet ,37990,38010
63.049,Received an expired out of sequence packet ,37991,38010
63.049,Received an expired out of sequence packet ,37992,38010
63.0501,Received an expired out of sequence packet ,37993,38010
63.0501,Received an expired out of sequence packet ,37994,38010
63.0501,Received an expired out of sequence packet ,37995,38010
63.053,Received an expired out of sequence packet ,37996,38010
63.056,Received an expired out of sequence packet ,37997,38010
63.0703,Received an expired out of sequence packet ,37998,38010
63.0765,Received an expired out of sequence packet ,37999,38010
63.0765,Received an expired out of sequence packet ,38000,38010
63.0765,Received an expired out of sequence packet ,38001,38010
63.0766,Received an expired out of sequence packet ,38002,38010
63.0837,Received an expired out of sequence packet ,38003,38010
63.0838,Received an expired out of sequence packet ,38004,38010
63.0838,Received an expired out of sequence packet ,38005,38010
63.0889,Received an expired out of sequence packet ,38006,38010
63.0889,Received an expired out of sequence packet ,38007,38010
63.09,Received an expired out of sequence packet ,38008,38010
63.0942,Received an expired out of sequence packet ,38009,38010
70.53,Timeout
70.53,clearing sending list because of timeout
70.9045,Received an expired out of sequence packet ,43189,43449
70.9045,Received an expired out of sequence packet ,43190,43449
70.9045,Received an expired out of sequence packet ,43191,43449
70.9045,Received an expired out of sequence packet ,43192,43449
71.7629,Received an expired out of sequence packet ,43193,43449
71.7711,Received an expired out of sequence packet ,43194,43449
71.7762,Received an expired out of sequence packet ,43195,43449
71.7774,Received an expired out of sequence packet ,43196,43449
71.7774,Received an expired out of sequence packet ,43197,43449
71.7795,Received an expired out of sequence packet ,43198,43449
71.7795,Received an expired out of sequence packet ,43199,43449
71.7852,Received an expired out of sequence packet ,43200,43449
71.7852,Received an expired out of sequence packet ,43201,43449
71.8035,Received an expired out of sequence packet ,43202,43449
71.8036,Received an expired out of sequence packet ,43203,43449
71.8036,Received an expired out of sequence packet ,43204,43449
71.8036,Received an expired out of sequence packet ,43205,43449
71.8137,Received an expired out of sequence packet ,43206,43449
71.8137,Received an expired out of sequence packet ,43207,43449
71.8228,Received an expired out of sequence packet ,43208,43449
71.8453,Received an expired out of sequence packet ,43209,43449
71.8464,Received an expired out of sequence packet ,43210,43449
71.8465,Received an expired out of sequence packet ,43211,43449
71.8465,Received an expired out of sequence packet ,43212,43449
71.8505,Received an expired out of sequence packet ,43213,43449
71.8532,Received an expired out of sequence packet ,43214,43449
71.8543,Received an expired out of sequence packet ,43215,43449
71.8584,Received an expired out of sequence packet ,43216,43449
71.8584,Received an expired out of sequence packet ,43217,43449
71.8594,Received an expired out of sequence packet ,43218,43449
71.8594,Received an expired out of sequence packet ,43219,43449
71.8737,Received an expired out of sequence packet ,43220,43449
71.8737,Received an expired out of sequence packet ,43221,43449
71.8797,Received an expired out of sequence packet ,43222,43449
71.8798,Received an expired out of sequence packet ,43223,43449
71.8798,Received an expired out of sequence packet ,43224,43449
71.8798,Received an expired out of sequence packet ,43225,43449
71.8798,Received an expired out of sequence packet ,43226,43449
71.8839,Received an expired out of sequence packet ,43227,43449
71.8849,Received an expired out of sequence packet ,43228,43449
71.8849,Received an expired out of sequence packet ,43229,43449
71.8983,Received an expired out of sequence packet ,43230,43449
71.8983,Received an expired out of sequence packet ,43231,43449
71.9004,Received an expired out of sequence packet ,43232,43449
71.9044,Received an expired out of sequence packet ,43233,43449
71.9045,Received an expired out of sequence packet ,43234,43449
71.9055,Received an expired out of sequence packet ,43235,43449
71.9076,Received an expired out of sequence packet ,43236,43449
71.9076,Received an expired out of sequence packet ,43237,43449
71.9107,Received an expired out of sequence packet ,43238,43449
71.9335,Received an expired out of sequence packet ,43239,43449
71.9336,Received an expired out of sequence packet ,43240,43449
71.9346,Received an expired out of sequence packet ,43241,43449
71.9357,Received an expired out of sequence packet ,43242,43449
71.9357,Received an expired out of sequence packet ,43243,43449
71.9357,Received an expired out of sequence packet ,43244,43449
71.9357,Received an expired out of sequence packet ,43245,43449
71.9368,Received an expired out of sequence packet ,43246,43449
71.9387,Received an expired out of sequence packet ,43247,43449
71.9387,Received an expired out of sequence packet ,43248,43449
71.9387,Received an expired out of sequence packet ,43249,43449
71.9387,Received an expired out of sequence packet ,43250,43449
71.9387,Received an expired out of sequence packet ,43251,43449
71.9387,Received an expired out of sequence packet ,43252,43449
71.9407,Received an expired out of sequence packet ,43253,43449
71.9408,Received an expired out of sequence packet ,43254,43449
71.9408,Received an expired out of sequence packet ,43255,43449
71.9408,Received an expired out of sequence packet ,43256,43449
71.9408,Received an expired out of sequence packet ,43257,43449
71.9408,Received an expired out of sequence packet ,43258,43449
71.9408,Received an expired out of sequence packet ,43259,43449
71.944,Received an expired out of sequence packet ,43260,43449
71.944,Received an expired out of sequence packet ,43261,43449
71.944,Received an expired out of sequence packet ,43262,43449
71.944,Received an expired out of sequence packet ,43263,43449
71.9441,Received an expired out of sequence packet ,43264,43449
71.9441,Received an expired out of sequence packet ,43265,43449
71.9451,Received an expired out of sequence packet ,43266,43449
71.9451,Received an expired out of sequence packet ,43267,43449
71.9451,Received an expired out of sequence packet ,43268,43449
71.9462,Received an expired out of sequence packet ,43269,43449
71.9462,Received an expired out of sequence packet ,43270,43449
71.9573,Received an expired out of sequence packet ,43271,43449
71.9594,Received an expired out of sequence packet ,43272,43449
71.9594,Received an expired out of sequence packet ,43273,43449
71.9604,Received an expired out of sequence packet ,43274,43449
71.9625,Received an expired out of sequence packet ,43275,43449
71.9646,Received an expired out of sequence packet ,43276,43449
71.9646,Received an expired out of sequence packet ,43277,43449
71.9646,Received an expired out of sequence packet ,43278,43449
71.9859,Received an expired out of sequence packet ,43279,43449
71.988,Received an expired out of sequence packet ,43280,43449
71.992,Received an expired out of sequence packet ,43281,43449
71.992,Received an expired out of sequence packet ,43282,43449
71.992,Received an expired out of sequence packet ,43283,43449
71.992,Received an expired out of sequence packet ,43284,43449
71.992,Received an expired out of sequence packet ,43285,43449
71.9931,Received an expired out of sequence packet ,43286,43449
71.9931,Received an expired out of sequence packet ,43287,43449
71.9952,Received an expired out of sequence packet ,43288,43449
71.9952,Received an expired out of sequence packet ,43289,43449
71.9971,Received an expired out of sequence packet ,43290,43449
71.9971,Received an expired out of sequence packet ,43291,43449
71.9991,Received an expired out of sequence packet ,43292,43449
71.9992,Received an expired out of sequence packet ,43293,43449
72.0083,Received an expired out of sequence packet ,43294,43449
72.0083,Received an expired out of sequence packet ,43295,43449
72.0159,Received an expired out of sequence packet ,43296,43449
72.0159,Received an expired out of sequence packet ,43297,43449
72.0223,Received an expired out of sequence packet ,43298,43449
72.0255,Received an expired out of sequence packet ,43299,43449
72.0255,Received an expired out of sequence packet ,43300,43449
72.0296,Received an expired out of sequence packet ,43301,43449
72.0296,Received an expired out of sequence packet ,43302,43449
72.0296,Received an expired out of sequence packet ,43303,43449
72.0297,Received an expired out of sequence packet ,43304,43449
72.0297,Received an expired out of sequence packet ,43305,43449
72.0297,Received an expired out of sequence packet ,43306,43449
72.0307,Received an expired out of sequence packet ,43307,43449
72.0318,Received an expired out of sequence packet ,43308,43449
72.0318,Received an expired out of sequence packet ,43309,43449
72.0318,Received an expired out of sequence packet ,43310,43449
72.0318,Received an expired out of sequence packet ,43311,43449
72.0319,Received an expired out of sequence packet ,43312,43449
72.0319,Received an expired out of sequence packet ,43313,43449
72.0329,Received an expired out of sequence packet ,43314,43449
72.0329,Received an expired out of sequence packet ,43315,43449
72.034,Received an expired out of sequence packet ,43316,43449
72.034,Received an expired out of sequence packet ,43317,43449
72.035,Received an expired out of sequence packet ,43318,43449
72.0361,Received an expired out of sequence packet ,43319,43449
72.0372,Received an expired out of sequence packet ,43320,43449
72.0386,Received an expired out of sequence packet ,43321,43449
72.0397,Received an expired out of sequence packet ,43322,43449
72.0397,Received an expired out of sequence packet ,43323,43449
72.0428,Received an expired out of sequence packet ,43324,43449
72.0448,Received an expired out of sequence packet ,43325,43449
72.0571,Received an expired out of sequence packet ,43326,43449
72.0571,Received an expired out of sequence packet ,43327,43449
72.0571,Received an expired out of sequence packet ,43328,43449
72.0582,Received an expired out of sequence packet ,43329,43449
72.0654,Received an expired out of sequence packet ,43330,43449
72.0664,Received an expired out of sequence packet ,43331,43449
72.0674,Received an expired out of sequence packet ,43332,43449
72.0674,Received an expired out of sequence packet ,43333,43449
72.0695,Received an expired out of sequence packet ,43334,43449
72.0696,Received an expired out of sequence packet ,43335,43449
72.0806,Received an expired out of sequence packet ,43336,43449
72.0806,Received an expired out of sequence packet ,43337,43449
72.0806,Received an expired out of sequence packet ,43338,43449
72.0807,Received an expired out of sequence packet ,43339,43449
72.0877,Received an expired out of sequence packet ,43340,43449
72.0877,Received an expired out of sequence packet ,43341,43449
72.0877,Received an expired out of sequence packet ,43342,43449
72.0878,Received an expired out of sequence packet ,43343,43449
72.0878,Received an expired out of sequence packet ,43344,43449
72.1016,Received an expired out of sequence packet ,43345,43449
72.1016,Received an expired out of sequence packet ,43346,43449
72.1057,Received an expired out of sequence packet ,43347,43449
72.1057,Received an expired out of sequence packet ,43348,43449
72.1077,Received an expired out of sequence packet ,43349,43449
72.1078,Received an expired out of sequence packet ,43350,43449
72.1078,Received an expired out of sequence packet ,43351,43449
72.1078,Received an expired out of sequence packet ,43352,43449
72.1108,Received an expired out of sequence packet ,43353,43449
72.1109,Received an expired out of sequence packet ,43354,43449
72.1109,Received an expired out of sequence packet ,43355,43449
72.1109,Received an expired out of sequence packet ,43356,43449
72.1109,Received an expired out of sequence packet ,43357,43449
72.1109,Received an expired out of sequence packet ,43358,43449
72.1109,Received an expired out of sequence packet ,43359,43449
72.1129,Received an expired out of sequence packet ,43360,43449
72.113,Received an expired out of sequence packet ,43361,43449
72.113,Received an expired out of sequence packet ,43362,43449
72.113,Received an expired out of sequence packet ,43363,43449
72.113,Received an expired out of sequence packet ,43364,43449
72.1131,Received an expired out of sequence packet ,43365,43449
72.1131,Received an expired out of sequence packet ,43366,43449
72.1131,Received an expired out of sequence packet ,43367,43449
72.1141,Received an expired out of sequence packet ,43368,43449
72.1141,Received an expired out of sequence packet ,43369,43449
72.1141,Received an expired out of sequence packet ,43370,43449
72.1161,Received an expired out of sequence packet ,43371,43449
72.1172,Received an expired out of sequence packet ,43372,43449
72.1172,Received an expired out of sequence packet ,43373,43449
72.1453,Received an expired out of sequence packet ,43374,43449
72.1611,Received an expired out of sequence packet ,43375,43449
72.1611,Received an expired out of sequence packet ,43376,43449
72.1631,Received an expired out of sequence packet ,43377,43449
72.1632,Received an expired out of sequence packet ,43378,43449
72.1632,Received an expired out of sequence packet ,43379,43449
72.1632,Received an expired out of sequence packet ,43380,43449
72.1642,Received an expired out of sequence packet ,43381,43449
72.1642,Received an expired out of sequence packet ,43382,43449
72.1642,Received an expired out of sequence packet ,43383,43449
72.1642,Received an expired out of sequence packet ,43384,43449
72.1643,Received an expired out of sequence packet ,43385,43449
72.1663,Received an expired out of sequence packet ,43386,43449
72.1663,Received an expired out of sequence packet ,43387,43449
72.1664,Received an expired out of sequence packet ,43388,43449
72.1664,Received an expired out of sequence packet ,43389,43449
72.1664,Received an expired out of sequence packet ,43390,43449
72.1664,Received an expired out of sequence packet ,43391,43449
72.1664,Received an expired out of sequence packet ,43392,43449
72.1674,Received an expired out of sequence packet ,43393,43449
72.1685,Received an expired out of sequence packet ,43394,43449
72.1686,Received an expired out of sequence packet ,43395,43449
72.1706,Received an expired out of sequence packet ,43396,43449
72.1706,Received an expired out of sequence packet ,43397,43449
72.1727,Received an expired out of sequence packet ,43398,43449
72.1727,Received an expired out of sequence packet ,43399,43449
72.1747,Received an expired out of sequence packet ,43400,43449
72.1758,Received an expired out of sequence packet ,43401,43449
72.1779,Received an expired out of sequence packet ,43402,43449
72.1779,Received an expired out of sequence packet ,43403,43449
72.18,Received an expired out of sequence packet ,43404,43449
72.18,Received an expired out of sequence packet ,43405,43449
72.1841,Received an expired out of sequence packet ,43406,43449
72.1841,Received an expired out of sequence packet ,43407,43449
72.1861,Received an expired out of sequence packet ,43408,43449
72.1862,Received an expired out of sequence packet ,43409,43449
72.1862,Received an expired out of sequence packet ,43410,43449
72.1862,Received an expired out of sequence packet ,43411,43449
72.1862,Received an expired out of sequence packet ,43412,43449
72.1872,Received an expired out of sequence packet ,43413,43449
72.1903,Received an expired out of sequence packet ,43414,43449
72.1903,Received an expired out of sequence packet ,43415,43449
72.1932,Received an expired out of sequence packet ,43416,43449
72.1932,Received an expired out of sequence packet ,43417,43449
72.1933,Received an expired out of sequence packet ,43418,43449
72.1944,Received an expired out of sequence packet ,43419,43449
72.1955,Received an expired out of sequence packet ,43420,43449
72.2119,Received an expired out of sequence packet ,43421,43449
72.2119,Received an expired out of sequence packet ,43422,43449
72.2119,Received an expired out of sequence packet ,43423,43449
72.213,Received an expired out of sequence packet ,43424,43449
72.213,Received an expired out of sequence packet ,43425,43449
72.213,Received an expired out of sequence packet ,43426,43449
72.213,Received an expired out of sequence packet ,43427,43449
72.213,Received an expired out of sequence packet ,43428,43449
72.2265,Received an expired out of sequence packet ,43429,43449
72.2265,Received an expired out of sequence packet ,43430,43449
72.2266,Received an expired out of sequence packet ,43431,43449
72.2266,Received an expired out of sequence packet ,43432,43449
72.2266,Received an expired out of sequence packet ,43433,43449
72.2266,Received an expired out of sequence packet ,43434,43449
72.2276,Received an expired out of sequence packet ,43435,43449
72.2287,Received an expired out of sequence packet ,43436,43449
72.2298,Received an expired out of sequence packet ,43437,43449
72.2298,Received an expired out of sequence packet ,43438,43449
72.2309,Received an expired out of sequence packet ,43439,43449
72.2309,Received an expired out of sequence packet ,43440,43449
72.234,Received an expired out of sequence packet ,43441,43449
72.234,Received an expired out of sequence packet ,43442,43449
72.237,Received an expired out of sequence packet ,43443,43449
72.2371,Received an expired out of sequence packet ,43444,43449
72.2371,Received an expired out of sequence packet ,43445,43449
72.2401,Received an expired out of sequence packet ,43446,43449
72.2402,Received an expired out of sequence packet ,43447,43449
72.2402,Received an expired out of sequence packet ,43448,43449
81.399,Timeout
81.399,clearing sending list because of timeout
81.3991,Received an expired out of sequence packet ,48954,49194
82.3991,Timeout
82.3991,clearing sending list because of timeout
82.4113,Received an expired out of sequence packet ,48955,49196
82.704,Received an expired out of sequence packet ,48956,49196
82.7183,Received an expired out of sequence packet ,48957,49196
82.7214,Received an expired out of sequence packet ,48958,49196
82.7304,Received an expired out of sequence packet ,48959,49196
82.7335,Received an expired out of sequence packet ,48960,49196
82.7487,Received an expired out of sequence packet ,48961,49196
82.7487,Received an expired out of sequence packet ,48962,49196
82.7559,Received an expired out of sequence packet ,48963,49196
82.7569,Received an expired out of sequence packet ,48964,49196
82.7732,Received an expired out of sequence packet ,48965,49196
82.7774,Received an expired out of sequence packet ,48966,49196
82.7784,Received an expired out of sequence packet ,48967,49196
82.7836,Received an expired out of sequence packet ,48968,49196
82.796,Received an expired out of sequence packet ,48969,49196
82.7981,Received an expired out of sequence packet ,48970,49196
82.8002,Received an expired out of sequence packet ,48971,49196
82.8073,Received an expired out of sequence packet ,48972,49196
82.8124,Received an expired out of sequence packet ,48973,49196
82.8164,Received an expired out of sequence packet ,48974,49196
82.8245,Received an expired out of sequence packet ,48975,49196
82.8266,Received an expired out of sequence packet ,48976,49196
82.8369,Received an expired out of sequence packet ,48977,49196
82.8449,Received an expired out of sequence packet ,48978,49196
82.847,Received an expired out of sequence packet ,48979,49196
82.8533,Received an expired out of sequence packet ,48980,49196
82.8688,Received an expired out of sequence packet ,48981,49196
82.8709,Received an expired out of sequence packet ,48982,49196
82.8709,Received an expired out of sequence packet ,48983,49196
82.871,Received an expired out of sequence packet ,48984,49196
82.8752,Received an expired out of sequence packet ,48985,49196
82.8805,Received an expired out of sequence packet ,48986,49196
82.8846,Received an expired out of sequence packet ,48987,49196
82.8867,Received an expired out of sequence packet ,48988,49196
82.8879,Received an expired out of sequence packet ,48989,49196
82.8911,Received an expired out of sequence packet ,48990,49196
82.8922,Received an expired out of sequence packet ,48991,49196
82.8953,Received an expired out of sequence packet ,48992,49196
82.8953,Received an expired out of sequence packet ,48993,49196
82.8962,Received an expired out of sequence packet ,48994,49196
82.9046,Received an expired out of sequence packet ,48995,49196
82.9046,Received an expired out of sequence packet ,48996,49196
82.9069,Received an expired out of sequence packet ,48997,49196
82.9069,Received an expired out of sequence packet ,48998,49196
82.9069,Received an expired out of sequence packet ,48999,49196
82.9088,Received an expired out of sequence packet ,49000,49196
82.9109,Received an expired out of sequence packet ,49001,49196
82.917,Received an expired out of sequence packet ,49002,49196
82.917,Received an expired out of sequence packet ,49003,49196
82.917,Received an expired out of sequence packet ,49004,49196
82.917,Received an expired out of sequence packet ,49005,49196
82.919,Received an expired out of sequence packet ,49006,49196
82.923,Received an expired out of sequence packet ,49007,49196
82.924,Received an expired out of sequence packet ,49008,49196
82.9241,Received an expired out of sequence packet ,49009,49196
82.9281,Received an expired out of sequence packet ,49010,49196
82.9413,Received an expired out of sequence packet ,49011,49196
82.9546,Received an expired out of sequence packet ,49012,49196
82.9546,Received an expired out of sequence packet ,49013,49196
82.9567,Received an expired out of sequence packet ,49014,49196
82.9608,Received an expired out of sequence packet ,49015,49196
82.9629,Received an expired out of sequence packet ,49016,49196
82.9669,Received an expired out of sequence packet ,49017,49196
82.9669,Received an expired out of sequence packet ,49018,49196
82.97,Received an expired out of sequence packet ,49019,49196
82.9752,Received an expired out of sequence packet ,49020,49196
82.9792,Received an expired out of sequence packet ,49021,49196
82.9833,Received an expired out of sequence packet ,49022,49196
82.9884,Received an expired out of sequence packet ,49023,49196
82.9915,Received an expired out of sequence packet ,49024,49196
82.9936,Received an expired out of sequence packet ,49025,49196
82.9986,Received an expired out of sequence packet ,49026,49196
83.0068,Received an expired out of sequence packet ,49027,49196
83.0089,Received an expired out of sequence packet ,49028,49196
83.0089,Received an expired out of sequence packet ,49029,49196
83.009,Received an expired out of sequence packet ,49030,49196
83.0142,Received an expired out of sequence packet ,49031,49196
83.0193,Received an expired out of sequence packet ,49032,49196
83.0203,Received an expired out of sequence packet ,49033,49196
83.0254,Received an expired out of sequence packet ,49034,49196
83.0262,Received an expired out of sequence packet ,49035,49196
83.0294,Received an expired out of sequence packet ,49036,49196
83.0294,Received an expired out of sequence packet ,49037,49196
83.0305,Received an expired out of sequence packet ,49038,49196
83.0326,Received an expired out of sequence packet ,49039,49196
83.0468,Received an expired out of sequence packet ,49040,49196
83.0489,Received an expired out of sequence packet ,49041,49196
83.0499,Received an expired out of sequence packet ,49042,49196
83.0499,Received an expired out of sequence packet ,49043,49196
83.0508,Received an expired out of sequence packet ,49044,49196
83.0508,Received an expired out of sequence packet ,49045,49196
83.0508,Received an expired out of sequence packet ,49046,49196
83.0529,Received an expired out of sequence packet ,49047,49196
83.056,Received an expired out of sequence packet ,49048,49196
83.0704,Received an expired out of sequence packet ,49049,49196
83.0766,Received an expired out of sequence packet ,49050,49196
83.0766,Received an expired out of sequence packet ,49051,49196
83.0766,Received an expired out of sequence packet ,49052,49196
83.0766,Received an expired out of sequence packet ,49053,49196
83.0837,Received an expired out of sequence packet ,49054,49196
83.0838,Received an expired out of sequence packet ,49055,49196
83.0838,Received an expired out of sequence packet ,49056,49196
83.0848,Received an expired out of sequence packet ,49057,49196
83.088,Received an expired out of sequence packet ,49058,49196
83.0901,Received an expired out of sequence packet ,49059,49196
83.0943,Received an expired out of sequence packet ,49060,49196
83.0965,Received an expired out of sequence packet ,49061,49196
83.0985,Received an expired out of sequence packet ,49062,49196
83.1036,Received an expired out of sequence packet ,49063,49196
83.1046,Received an expired out of sequence packet ,49064,49196
83.1078,Received an expired out of sequence packet ,49065,49196
83.1089,Received an expired out of sequence packet ,49066,49196
83.1109,Received an expired out of sequence packet ,49067,49196
83.114,Received an expired out of sequence packet ,49068,49196
83.114,Received an expired out of sequence packet ,49069,49196
83.115,Received an expired out of sequence packet ,49070,49196
83.1221,Received an expired out of sequence packet ,49071,49196
83.1239,Received an expired out of sequence packet ,49072,49196
83.124,Received an expired out of sequence packet ,49073,49196
83.124,Received an expired out of sequence packet ,49074,49196
83.126,Received an expired out of sequence packet ,49075,49196
83.1425,Received an expired out of sequence packet ,49076,49196
83.1446,Received an expired out of sequence packet ,49077,49196
83.1446,Received an expired out of sequence packet ,49078,49196
83.1479,Received an expired out of sequence packet ,49079,49196
83.1479,Received an expired out of sequence packet ,49080,49196
83.1479,Received an expired out of sequence packet ,49081,49196
83.1509,Received an expired out of sequence packet ,49082,49196
83.1509,Received an expired out of sequence packet ,49083,49196
83.152,Received an expired out of sequence packet ,49084,49196
83.1561,Received an expired out of sequence packet ,49085,49196
83.1604,Received an expired out of sequence packet ,49086,49196
83.1644,Received an expired out of sequence packet ,49087,49196
83.1654,Received an expired out of sequence packet ,49088,49196
83.1666,Received an expired out of sequence packet ,49089,49196
83.1686,Received an expired out of sequence packet ,49090,49196
83.1718,Received an expired out of sequence packet ,49091,49196
83.1738,Received an expired out of sequence packet ,49092,49196
83.1769,Received an expired out of sequence packet ,49093,49196
83.1769,Received an expired out of sequence packet ,49094,49196
83.1789,Received an expired out of sequence packet ,49095,49196
83.1841,Received an expired out of sequence packet ,49096,49196
83.1852,Received an expired out of sequence packet ,49097,49196
83.1852,Received an expired out of sequence packet ,49098,49196
83.1852,Received an expired out of sequence packet ,49099,49196
83.1884,Received an expired out of sequence packet ,49100,49196
83.1895,Received an expired out of sequence packet ,49101,49196
83.1895,Received an expired out of sequence packet ,49102,49196
83.1924,Received an expired out of sequence packet ,49103,49196
83.1967,Received an expired out of sequence packet ,49104,49196
83.1998,Received an expired out of sequence packet ,49105,49196
83.1998,Received an expired out of sequence packet ,49106,49196
83.2007,Received an expired out of sequence packet ,49107,49196
83.2048,Received an expired out of sequence packet ,49108,49196
83.2058,Received an expired out of sequence packet ,49109,49196
83.207,Received an expired out of sequence packet ,49110,49196
83.2123,Received an expired out of sequence packet ,49111,49196
83.2123,Received an expired out of sequence packet ,49112,49196
83.2144,Received an expired out of sequence packet ,49113,49196
83.2144,Received an expired out of sequence packet ,49114,49196
83.2165,Received an expired out of sequence packet ,49115,49196
83.2165,Received an expired out of sequence packet ,49116,49196
83.2165,Received an expired out of sequence packet ,49117,49196
83.2207,Received an expired out of sequence packet ,49118,49196
83.2258,Received an expired out of sequence packet ,49119,49196
83.2278,Received an expired out of sequence packet ,49120,49196
83.2289,Received an expired out of sequence packet ,49121,49196
83.2289,Received an expired out of sequence packet ,49122,49196
83.2289,Received an expired out of sequence packet ,49123,49196
83.231,Received an expired out of sequence packet ,49124,49196
83.231,Received an expired out of sequence packet ,49125,49196
83.231,Received an expired out of sequence packet ,49126,49196
83.232,Received an expired out of sequence packet ,49127,49196
83.2341,Received an expired out of sequence packet ,49128,49196
83.2341,Received an expired out of sequence packet ,49129,49196
83.2362,Received an expired out of sequence packet ,49130,49196
83.2382,Received an expired out of sequence packet ,49131,49196
83.2433,Received an expired out of sequence packet ,49132,49196
83.2641,Received an expired out of sequence packet ,49133,49196
83.2641,Received an expired out of sequence packet ,49134,49196
83.2662,Received an expired out of sequence packet ,49135,49196
83.2694,Received an expired out of sequence packet ,49136,49196
83.2704,Received an expired out of sequence packet ,49137,49196
83.2848,Received an expired out of sequence packet ,49138,49196
83.2869,Received an expired out of sequence packet ,49139,49196
83.2869,Received an expired out of sequence packet ,49140,49196
83.2869,Received an expired out of sequence packet ,49141,49196
83.2869,Received an expired out of sequence packet ,49142,49196
83.2901,Received an expired out of sequence packet ,49143,49196
83.2901,Received an expired out of sequence packet ,49144,49196
83.2901,Received an expired out of sequence packet ,49145,49196
83.2902,Received an expired out of sequence packet ,49146,49196
83.2932,Received an expired out of sequence packet ,49147,49196
83.2963,Received an expired out of sequence packet ,49148,49196
83.2963,Received an expired out of sequence packet ,49149,49196
83.2984,Received an expired out of sequence packet ,49150,49196
83.3045,Received an expired out of sequence packet ,49151,49196
83.3072,Received an expired out of sequence packet ,49152,49196
83.3073,Received an expired out of sequence packet ,49153,49196
83.3073,Received an expired out of sequence packet ,49154,49196
83.3083,Received an expired out of sequence packet ,49155,49196
83.3106,Received an expired out of sequence packet ,49156,49196
83.3127,Received an expired out of sequence packet ,49157,49196
83.3273,Received an expired out of sequence packet ,49158,49196
83.3283,Received an expired out of sequence packet ,49159,49196
83.3283,Received an expired out of sequence packet ,49160,49196
83.3284,Received an expired out of sequence packet ,49161,49196
83.3294,Received an expired out of sequence packet ,49162,49196
83.3294,Received an expired out of sequence packet ,49163,49196
83.3304,Received an expired out of sequence packet ,49164,49196
83.3304,Received an expired out of sequence packet ,49165,49196
83.3335,Received an expired out of sequence packet ,49166,49196
83.3345,Received an expired out of sequence packet ,49167,49196
83.3366,Received an expired out of sequence packet ,49168,49196
83.3407,Received an expired out of sequence packet ,49169,49196
83.3459,Received an expired out of sequence packet ,49170,49196
83.3459,Received an expired out of sequence packet ,49171,49196
83.3486,Received an expired out of sequence packet ,49172,49196
83.3486,Received an expired out of sequence packet ,49173,49196
83.3486,Received an expired out of sequence packet ,49174,49196
83.3507,Received an expired out of sequence packet ,49175,49196
83.3548,Received an expired out of sequence packet ,49176,49196
83.3569,Received an expired out of sequence packet ,49177,49196
83.357,Received an expired out of sequence packet ,49178,49196
83.358,Received an expired out of sequence packet ,49179,49196
83.3602,Received an expired out of sequence packet ,49180,49196
83.3632,Received an expired out of sequence packet ,49181,49196
83.3672,Received an expired out of sequence packet ,49182,49196
83.3692,Received an expired out of sequence packet ,49183,49196
83.3692,Received an expired out of sequence packet ,49184,49196
83.3692,Received an expired out of sequence packet ,49185,49196
83.3703,Received an expired out of sequence packet ,49186,49196
83.3724,Received an expired out of sequence packet ,49187,49196
83.3744,Received an expired out of sequence packet ,49188,49196
83.3744,Received an expired out of sequence packet ,49189,49196
83.3775,Received an expired out of sequence packet ,49190,49196
83.3795,Received an expired out of sequence packet ,49191,49196
83.3795,Received an expired out of sequence packet ,49192,49196
83.3856,Received an expired out of sequence packet ,49193,49196
83.3867,Received an expired out of sequence packet ,49194,49196
83.3867,Received an expired out of sequence packet ,49195,49196
149.229,Timeout
149.229,clearing sending list because of timeout
149.519,Received an expired out of sequence packet ,96856,96857
253.62,Timeout
253.62,clearing sending list because of timeout
253.874,Timeout
253.874,clearing sending list because of timeout
254.128,Timeout
254.128,clearing sending list because of timeout
254.382,Timeout
254.382,clearing sending list because of timeout
254.636,Timeout
254.636,clearing sending list because of timeout
254.89,Timeout
254.89,clearing sending list because of timeout
254.922,Received an expired out of sequence packet ,176020,176182
254.922,Received an expired out of sequence packet ,176021,176182
254.925,Received an expired out of sequence packet ,176022,176182
254.925,Received an expired out of sequence packet ,176023,176182
254.925,Received an expired out of sequence packet ,176024,176182
254.925,Received an expired out of sequence packet ,176025,176182
254.925,Received an expired out of sequence packet ,176026,176182
254.927,Received an expired out of sequence packet ,176027,176182
254.927,Received an expired out of sequence packet ,176028,176182
254.928,Received an expired out of sequence packet ,176029,176182
254.928,Received an expired out of sequence packet ,176030,176182
254.93,Received an expired out of sequence packet ,176031,176182
254.93,Received an expired out of sequence packet ,176032,176182
254.93,Received an expired out of sequence packet ,176033,176182
254.93,Received an expired out of sequence packet ,176034,176182
254.93,Received an expired out of sequence packet ,176035,176182
254.932,Received an expired out of sequence packet ,176036,176182
254.933,Received an expired out of sequence packet ,176037,176182
254.937,Received an expired out of sequence packet ,176038,176182
254.937,Received an expired out of sequence packet ,176039,176182
254.941,Received an expired out of sequence packet ,176040,176182
254.942,Received an expired out of sequence packet ,176041,176182
254.942,Received an expired out of sequence packet ,176042,176182
254.945,Received an expired out of sequence packet ,176043,176182
254.947,Received an expired out of sequence packet ,176044,176182
254.949,Received an expired out of sequence packet ,176045,176182
254.949,Received an expired out of sequence packet ,176046,176182
255.485,Received an expired out of sequence packet ,176047,176182
255.532,Received an expired out of sequence packet ,176048,176182
255.537,Received an expired out of sequence packet ,176049,176182
255.54,Received an expired out of sequence packet ,176050,176182
255.54,Received an expired out of sequence packet ,176051,176182
255.541,Received an expired out of sequence packet ,176052,176182
255.541,Received an expired out of sequence packet ,176053,176182
255.541,Received an expired out of sequence packet ,176054,176182
255.542,Received an expired out of sequence packet ,176055,176182
255.542,Received an expired out of sequence packet ,176056,176182
255.546,Received an expired out of sequence packet ,176057,176182
255.559,Received an expired out of sequence packet ,176058,176182
255.559,Received an expired out of sequence packet ,176059,176182
255.563,Received an expired out of sequence packet ,176060,176182
255.563,Received an expired out of sequence packet ,176061,176182
255.563,Received an expired out of sequence packet ,176062,176182
255.563,Received an expired out of sequence packet ,176063,176182
255.603,Received an expired out of sequence packet ,176064,176182
255.621,Received an expired out of sequence packet ,176065,176182
255.621,Received an expired out of sequence packet ,176066,176182
255.621,Received an expired out of sequence packet ,176067,176182
255.621,Received an expired out of sequence packet ,176068,176182
255.621,Received an expired out of sequence packet ,176069,176182
255.623,Received an expired out of sequence packet ,176070,176182
255.623,Received an expired out of sequence packet ,176071,176182
255.625,Received an expired out of sequence packet ,176072,176182
255.625,Received an expired out of sequence packet ,176073,176182
255.625,Received an expired out of sequence packet ,176074,176182
255.627,Received an expired out of sequence packet ,176075,176182
255.627,Received an expired out of sequence packet ,176076,176182
255.628,Received an expired out of sequence packet ,176077,176182
255.628,Received an expired out of sequence packet ,176078,176182
255.632,Received an expired out of sequence packet ,176079,176182
255.632,Received an expired out of sequence packet ,176080,176182
255.7,Received an expired out of sequence packet ,176081,176182
255.7,Received an expired out of sequence packet ,176082,176182
255.707,Received an expired out of sequence packet ,176083,176182
255.707,Received an expired out of sequence packet ,176084,176182
255.711,Received an expired out of sequence packet ,176085,176182
255.714,Received an expired out of sequence packet ,176086,176182
255.714,Received an expired out of sequence packet ,176087,176182
255.714,Received an expired out of sequence packet ,176088,176182
255.714,Received an expired out of sequence packet ,176089,176182
255.714,Received an expired out of sequence packet ,176090,176182
255.718,Received an expired out of sequence packet ,176091,176182
255.718,Received an expired out of sequence packet ,176092,176182
255.722,Received an expired out of sequence packet ,176093,176182
255.722,Received an expired out of sequence packet ,176094,176182
255.722,Received an expired out of sequence packet ,176095,176182
255.722,Received an expired out of sequence packet ,176096,176182
255.724,Received an expired out of sequence packet ,176097,176182
255.732,Received an expired out of sequence packet ,176098,176182
255.732,Received an expired out of sequence packet ,176099,176182
255.735,Received an expired out of sequence packet ,176100,176182
255.735,Received an expired out of sequence packet ,176101,176182
255.738,Received an expired out of sequence packet ,176102,176182
255.738,Received an expired out of sequence packet ,176103,176182
255.74,Received an expired out of sequence packet ,176104,176182
255.74,Received an expired out of sequence packet ,176105,176182
255.74,Received an expired out of sequence packet ,176106,176182
255.74,Received an expired out of sequence packet ,176107,176182
255.74,Received an expired out of sequence packet ,176108,176182
255.745,Received an expired out of sequence packet ,176109,176182
255.747,Received an expired out of sequence packet ,176110,176182
255.747,Received an expired out of sequence packet ,176111,176182
255.751,Received an expired out of sequence packet ,176112,176182
255.751,Received an expired out of sequence packet ,176113,176182
255.751,Received an expired out of sequence packet ,176114,176182
255.751,Received an expired out of sequence packet ,176115,176182
255.754,Received an expired out of sequence packet ,176116,176182
255.754,Received an expired out of sequence packet ,176117,176182
255.754,Received an expired out of sequence packet ,176118,176182
255.756,Received an expired out of sequence packet ,176119,176182
255.756,Received an expired out of sequence packet ,176120,176182
255.76,Received an expired out of sequence packet ,176121,176182
255.76,Received an expired out of sequence packet ,176122,176182
255.76,Received an expired out of sequence packet ,176123,176182
255.762,Received an expired out of sequence packet ,176124,176182
255.762,Received an expired out of sequence packet ,176125,176182
255.762,Received an expired out of sequence packet ,176126,176182
255.762,Received an expired out of sequence packet ,176127,176182
255.767,Received an expired out of sequence packet ,176128,176182
255.767,Received an expired out of sequence packet ,176129,176182
255.767,Received an expired out of sequence packet ,176130,176182
255.767,Received an expired out of sequence packet ,176131,176182
255.772,Received an expired out of sequence packet ,176132,176182
255.772,Received an expired out of sequence packet ,176133,176182
255.772,Received an expired out of sequence packet ,176134,176182
255.772,Received an expired out of sequence packet ,176135,176182
255.776,Received an expired out of sequence packet ,176136,176182
255.776,Received an expired out of sequence packet ,176137,176182
255.776,Received an expired out of sequence packet ,176138,176182
255.781,Received an expired out of sequence packet ,176139,176182
255.781,Received an expired out of sequence packet ,176140,176182
255.781,Received an expired out of sequence packet ,176141,176182
255.781,Received an expired out of sequence packet ,176142,176182
255.781,Received an expired out of sequence packet ,176143,176182
255.781,Received an expired out of sequence packet ,176144,176182
255.781,Received an expired out of sequence packet ,176145,176182
255.786,Received an expired out of sequence packet ,176146,176182
255.793,Received an expired out of sequence packet ,176147,176182
255.793,Received an expired out of sequence packet ,176148,176182
255.793,Received an expired out of sequence packet ,176149,176182
255.793,Received an expired out of sequence packet ,176150,176182
255.793,Received an expired out of sequence packet ,176151,176182
255.793,Received an expired out of sequence packet ,176152,176182
255.793,Received an expired out of sequence packet ,176153,176182
255.793,Received an expired out of sequence packet ,176154,176182
255.793,Received an expired out of sequence packet ,176155,176182
255.793,Received an expired out of sequence packet ,176156,176182
255.793,Received an expired out of sequence packet ,176157,176182
255.793,Received an expired out of sequence packet ,176158,176182
255.793,Received an expired out of sequence packet ,176159,176182
255.793,Received an expired out of sequence packet ,176160,176182
255.799,Received an expired out of sequence packet ,176161,176182
255.801,Received an expired out of sequence packet ,176162,176182
255.801,Received an expired out of sequence packet ,176163,176182
255.801,Received an expired out of sequence packet ,176164,176182
255.804,Received an expired out of sequence packet ,176165,176182
255.804,Received an expired out of sequence packet ,176166,176182
255.804,Received an expired out of sequence packet ,176167,176182
255.811,Received an expired out of sequence packet ,176168,176182
255.811,Received an expired out of sequence packet ,176169,176182
255.811,Received an expired out of sequence packet ,176170,176182
255.816,Received an expired out of sequence packet ,176171,176182
255.816,Received an expired out of sequence packet ,176172,176182
255.818,Received an expired out of sequence packet ,176173,176182
255.898,Received an expired out of sequence packet ,176174,176182
255.901,Received an expired out of sequence packet ,176175,176182
255.901,Received an expired out of sequence packet ,176176,176182
255.902,Received an expired out of sequence packet ,176177,176182
255.907,Received an expired out of sequence packet ,176178,176182
255.91,Received an expired out of sequence packet ,176179,176182
255.912,Received an expired out of sequence packet ,176180,176182
255.917,Received an expired out of sequence packet ,176181,176182
262.055,Timeout
262.055,clearing sending list because of timeout
262.068,Received an expired out of sequence packet ,177342,177469
263.068,Timeout
263.068,clearing sending list because of timeout
263.07,Received an expired out of sequence packet ,177343,177471
264.066,Received an expired out of sequence packet ,177344,177471
264.952,Received an expired out of sequence packet ,177345,177471
264.966,Received an expired out of sequence packet ,177346,177471
264.971,Received an expired out of sequence packet ,177347,177471
264.971,Received an expired out of sequence packet ,177348,177471
264.977,Received an expired out of sequence packet ,177349,177471
264.979,Received an expired out of sequence packet ,177350,177471
264.979,Received an expired out of sequence packet ,177351,177471
264.979,Received an expired out of sequence packet ,177352,177471
264.981,Received an expired out of sequence packet ,177353,177471
264.986,Received an expired out of sequence packet ,177354,177471
264.987,Received an expired out of sequence packet ,177355,177471
265.008,Received an expired out of sequence packet ,177356,177471
265.009,Received an expired out of sequence packet ,177357,177471
265.009,Received an expired out of sequence packet ,177358,177471
265.012,Received an expired out of sequence packet ,177359,177471
265.018,Received an expired out of sequence packet ,177360,177471
265.024,Received an expired out of sequence packet ,177361,177471
265.025,Received an expired out of sequence packet ,177362,177471
265.027,Received an expired out of sequence packet ,177363,177471
265.029,Received an expired out of sequence packet ,177364,177471
265.042,Received an expired out of sequence packet ,177365,177471
265.043,Received an expired out of sequence packet ,177366,177471
265.046,Received an expired out of sequence packet ,177367,177471
265.071,Received an expired out of sequence packet ,177368,177471
265.073,Received an expired out of sequence packet ,177369,177471
265.075,Received an expired out of sequence packet ,177370,177471
265.078,Received an expired out of sequence packet ,177371,177471
265.078,Received an expired out of sequence packet ,177372,177471
265.083,Received an expired out of sequence packet ,177373,177471
265.083,Received an expired out of sequence packet ,177374,177471
265.083,Received an expired out of sequence packet ,177375,177471
265.086,Received an expired out of sequence packet ,177376,177471
265.088,Received an expired out of sequence packet ,177377,177471
265.099,Received an expired out of sequence packet ,177378,177471
265.104,Received an expired out of sequence packet ,177379,177471
265.106,Received an expired out of sequence packet ,177380,177471
265.108,Received an expired out of sequence packet ,177381,177471
265.108,Received an expired out of sequence packet ,177382,177471
265.11,Received an expired out of sequence packet ,177383,177471
265.112,Received an expired out of sequence packet ,177384,177471
265.113,Received an expired out of sequence packet ,177385,177471
265.118,Received an expired out of sequence packet ,177386,177471
265.122,Received an expired out of sequence packet ,177387,177471
265.18,Received an expired out of sequence packet ,177388,177471
265.18,Received an expired out of sequence packet ,177389,177471
265.185,Received an expired out of sequence packet ,177390,177471
265.188,Received an expired out of sequence packet ,177391,177471
265.192,Received an expired out of sequence packet ,177392,177471
265.198,Received an expired out of sequence packet ,177393,177471
265.201,Received an expired out of sequence packet ,177394,177471
265.204,Received an expired out of sequence packet ,177395,177471
265.21,Received an expired out of sequence packet ,177396,177471
265.214,Received an expired out of sequence packet ,177397,177471
265.225,Received an expired out of sequence packet ,177398,177471
265.226,Received an expired out of sequence packet ,177399,177471
265.226,Received an expired out of sequence packet ,177400,177471
265.226,Received an expired out of sequence packet ,177401,177471
265.229,Received an expired out of sequence packet ,177402,177471
265.231,Received an expired out of sequence packet ,177403,177471
265.233,Received an expired out of sequence packet ,177404,177471
265.246,Received an expired out of sequence packet ,177405,177471
265.247,Received an expired out of sequence packet ,177406,177471
265.247,Received an expired out of sequence packet ,177407,177471
265.252,Received an expired out of sequence packet ,177408,177471
265.253,Received an expired out of sequence packet ,177409,177471
265.253,Received an expired out of sequence packet ,177410,177471
265.256,Received an expired out of sequence packet ,177411,177471
265.256,Received an expired out of sequence packet ,177412,177471
265.27,Received an expired out of sequence packet ,177413,177471
265.273,Received an expired out of sequence packet ,177414,177471
265.279,Received an expired out of sequence packet ,177415,177471
265.279,Received an expired out of sequence packet ,177416,177471
265.279,Received an expired out of sequence packet ,177417,177471
265.282,Received an expired out of sequence packet ,177418,177471
265.283,Received an expired out of sequence packet ,177419,177471
265.289,Received an expired out of sequence packet ,177420,177471
265.316,Received an expired out of sequence packet ,177421,177471
265.319,Received an expired out of sequence packet ,177422,177471
265.338,Received an expired out of sequence packet ,177423,177471
265.346,Received an expired out of sequence packet ,177424,177471
265.348,Received an expired out of sequence packet ,177425,177471
265.348,Received an expired out of sequence packet ,177426,177471
265.35,Received an expired out of sequence packet ,177427,177471
265.352,Received an expired out of sequence packet ,177428,177471
265.354,Received an expired out of sequence packet ,177429,177471
265.356,Received an expired out of sequence packet ,177430,177471
265.362,Received an expired out of sequence packet ,177431,177471
265.365,Received an expired out of sequence packet ,177432,177471
265.366,Received an expired out of sequence packet ,177433,177471
265.368,Received an expired out of sequence packet ,177434,177471
265.368,Received an expired out of sequence packet ,177435,177471
265.376,Received an expired out of sequence packet ,177436,177471
265.378,Received an expired out of sequence packet ,177437,177471
265.386,Received an expired out of sequence packet ,177438,177471
265.389,Received an expired out of sequence packet ,177439,177471
265.389,Received an expired out of sequence packet ,177440,177471
265.392,Received an expired out of sequence packet ,177441,177471
265.398,Received an expired out of sequence packet ,177442,177471
265.399,Received an expired out of sequence packet ,177443,177471
265.399,Received an expired out of sequence packet ,177444,177471
265.403,Received an expired out of sequence packet ,177445,177471
265.405,Received an expired out of sequence packet ,177446,177471
265.409,Received an expired out of sequence packet ,177447,177471
265.426,Received an expired out of sequence packet ,177448,177471
265.427,Received an expired out of sequence packet ,177449,177471
265.427,Received an expired out of sequence packet ,177450,177471
265.429,Received an expired out of sequence packet ,177451,177471
265.444,Received an expired out of sequence packet ,177452,177471
265.445,Received an expired out of sequence packet ,177453,177471
265.446,Received an expired out of sequence packet ,177454,177471
265.447,Received an expired out of sequence packet ,177455,177471
265.452,Received an expired out of sequence packet ,177456,177471
265.454,Received an expired out of sequence packet ,177457,177471
265.457,Received an expired out of sequence packet ,177458,177471
265.468,Received an expired out of sequence packet ,177459,177471
265.468,Received an expired out of sequence packet ,177460,177471
265.473,Received an expired out of sequence packet ,177461,177471
265.486,Received an expired out of sequence packet ,177462,177471
265.492,Received an expired out of sequence packet ,177463,177471
265.494,Received an expired out of sequence packet ,177464,177471
265.505,Received an expired out of sequence packet ,177465,177471
265.508,Received an expired out of sequence packet ,177466,177471
265.513,Received an expired out of sequence packet ,177467,177471
265.516,Received an expired out of sequence packet ,177468,177471
265.516,Received an expired out of sequence packet ,177469,177471
265.525,Received an expired out of sequence packet 