1.27644,Exit slow start,exceeding SS_EXIT_THRESHOLD
47.9455,Timeout
47.9456,clearing sending list because of timeout
47.9631,Received an expired out of sequence packet ,39240,39391
47.9631,Received an expired out of sequence packet ,39241,39391
47.9631,Received an expired out of sequence packet ,39242,39391
47.9632,Received an expired out of sequence packet ,39243,39391
47.9632,Received an expired out of sequence packet ,39244,39391
47.9632,Received an expired out of sequence packet ,39245,39391
47.9632,Received an expired out of sequence packet ,39246,39391
47.9632,Received an expired out of sequence packet ,39247,39391
47.9632,Received an expired out of sequence packet ,39248,39391
47.9633,Received an expired out of sequence packet ,39249,39391
47.9633,Received an expired out of sequence packet ,39250,39391
47.9633,Received an expired out of sequence packet ,39251,39391
47.9633,Received an expired out of sequence packet ,39252,39391
47.997,Received an expired out of sequence packet ,39253,39391
48.0011,Received an expired out of sequence packet ,39254,39391
48.0011,Received an expired out of sequence packet ,39255,39391
48.0012,Received an expired out of sequence packet ,39256,39391
48.0023,Received an expired out of sequence packet ,39257,39391
48.0023,Received an expired out of sequence packet ,39258,39391
48.0023,Received an expired out of sequence packet ,39259,39391
48.0023,Received an expired out of sequence packet ,39260,39391
48.0023,Received an expired out of sequence packet ,39261,39391
48.0054,Received an expired out of sequence packet ,39262,39391
48.0054,Received an expired out of sequence packet ,39263,39391
48.0055,Received an expired out of sequence packet ,39264,39391
48.0055,Received an expired out of sequence packet ,39265,39391
48.0055,Received an expired out of sequence packet ,39266,39391
48.0055,Received an expired out of sequence packet ,39267,39391
48.0065,Received an expired out of sequence packet ,39268,39391
48.0066,Received an expired out of sequence packet ,39269,39391
48.0066,Received an expired out of sequence packet ,39270,39391
48.0066,Received an expired out of sequence packet ,39271,39391
48.0066,Received an expired out of sequence packet ,39272,39391
48.0066,Received an expired out of sequence packet ,39273,39391
48.0066,Received an expired out of sequence packet ,39274,39391
48.0066,Received an expired out of sequence packet ,39275,39391
48.0067,Received an expired out of sequence packet ,39276,39391
48.0067,Received an expired out of sequence packet ,39277,39391
48.0067,Received an expired out of sequence packet ,39278,39391
48.0067,Received an expired out of sequence packet ,39279,39391
48.0067,Received an expired out of sequence packet ,39280,39391
48.0803,Received an expired out of sequence packet ,39281,39391
48.0803,Received an expired out of sequence packet ,39282,39391
48.0814,Received an expired out of sequence packet ,39283,39391
48.0815,Received an expired out of sequence packet ,39284,39391
48.0825,Received an expired out of sequence packet ,39285,39391
48.0877,Received an expired out of sequence packet ,39286,39391
48.0877,Received an expired out of sequence packet ,39287,39391
48.0877,Received an expired out of sequence packet ,39288,39391
48.0877,Received an expired out of sequence packet ,39289,39391
48.0877,Received an expired out of sequence packet ,39290,39391
48.0878,Received an expired out of sequence packet ,39291,39391
48.0908,Received an expired out of sequence packet ,39292,39391
48.0909,Received an expired out of sequence packet ,39293,39391
48.0909,Received an expired out of sequence packet ,39294,39391
48.0909,Received an expired out of sequence packet ,39295,39391
48.0909,Received an expired out of sequence packet ,39296,39391
48.0909,Received an expired out of sequence packet ,39297,39391
48.0909,Received an expired out of sequence packet ,39298,39391
48.091,Received an expired out of sequence packet ,39299,39391
48.091,Received an expired out of sequence packet ,39300,39391
48.091,Received an expired out of sequence packet ,39301,39391
48.091,Received an expired out of sequence packet ,39302,39391
48.091,Received an expired out of sequence packet ,39303,39391
48.095,Received an expired out of sequence packet ,39304,39391
48.095,Received an expired out of sequence packet ,39305,39391
48.0951,Received an expired out of sequence packet ,39306,39391
48.0951,Received an expired out of sequence packet ,39307,39391
48.0951,Received an expired out of sequence packet ,39308,39391
48.0951,Received an expired out of sequence packet ,39309,39391
48.0951,Received an expired out of sequence packet ,39310,39391
48.0951,Received an expired out of sequence packet ,39311,39391
48.0952,Received an expired out of sequence packet ,39312,39391
48.0952,Received an expired out of sequence packet ,39313,39391
48.0952,Received an expired out of sequence packet ,39314,39391
48.0952,Received an expired out of sequence packet ,39315,39391
48.0952,Received an expired out of sequence packet ,39316,39391
48.0952,Received an expired out of sequence packet ,39317,39391
48.0953,Received an expired out of sequence packet ,39318,39391
48.0953,Received an expired out of sequence packet ,39319,39391
48.0953,Received an expired out of sequence packet ,39320,39391
48.0972,Received an expired out of sequence packet ,39321,39391
48.0973,Received an expired out of sequence packet ,39322,39391
48.0973,Received an expired out of sequence packet ,39323,39391
48.0973,Received an expired out of sequence packet ,39324,39391
48.0973,Received an expired out of sequence packet ,39325,39391
48.0973,Received an expired out of sequence packet ,39326,39391
48.0973,Received an expired out of sequence packet ,39327,39391
48.0974,Received an expired out of sequence packet ,39328,39391
48.0974,Received an expired out of sequence packet ,39329,39391
48.0974,Received an expired out of sequence packet ,39330,39391
48.0974,Received an expired out of sequence packet ,39331,39391
48.0974,Received an expired out of sequence packet ,39332,39391
48.0974,Received an expired out of sequence packet ,39333,39391
48.0975,Received an expired out of sequence packet ,39334,39391
48.0975,Received an expired out of sequence packet ,39335,39391
48.0975,Received an expired out of sequence packet ,39336,39391
48.1295,Received an expired out of sequence packet ,39337,39391
48.1295,Received an expired out of sequence packet ,39338,39391
48.1295,Received an expired out of sequence packet ,39339,39391
48.1296,Received an expired out of sequence packet ,39340,39391
48.1296,Received an expired out of sequence packet ,39341,39391
48.138,Received an expired out of sequence packet ,39342,39391
48.138,Received an expired out of sequence packet ,39343,39391
48.138,Received an expired out of sequence packet ,39344,39391
48.138,Received an expired out of sequence packet ,39345,39391
48.1435,Received an expired out of sequence packet ,39346,39391
48.1436,Received an expired out of sequence packet ,39347,39391
48.1447,Received an expired out of sequence packet ,39348,39391
48.1447,Received an expired out of sequence packet ,39349,39391
48.1447,Received an expired out of sequence packet ,39350,39391
48.1498,Received an expired out of sequence packet ,39351,39391
48.1498,Received an expired out of sequence packet ,39352,39391
48.1499,Received an expired out of sequence packet ,39353,39391
48.152,Received an expired out of sequence packet ,39354,39391
48.152,Received an expired out of sequence packet ,39355,39391
48.152,Received an expired out of sequence packet ,39356,39391
48.152,Received an expired out of sequence packet ,39357,39391
48.1521,Received an expired out of sequence packet ,39358,39391
48.1521,Received an expired out of sequence packet ,39359,39391
48.1531,Received an expired out of sequence packet ,39360,39391
48.1532,Received an expired out of sequence packet ,39361,39391
48.1532,Received an expired out of sequence packet ,39362,39391
48.1532,Received an expired out of sequence packet ,39363,39391
48.1532,Received an expired out of sequence packet ,39364,39391
48.1532,Received an expired out of sequence packet ,39365,39391
48.1532,Received an expired out of sequence packet ,39366,39391
48.1533,Received an expired out of sequence packet ,39367,39391
48.1533,Received an expired out of sequence packet ,39368,39391
48.1533,Received an expired out of sequence packet ,39369,39391
48.1534,Received an expired out of sequence packet ,39370,39391
48.1534,Received an expired out of sequence packet ,39371,39391
48.1534,Received an expired out of sequence packet ,39372,39391
48.1534,Received an expired out of sequence packet ,39373,39391
48.1534,Received an expired out of sequence packet ,39374,39391
48.1534,Received an expired out of sequence packet ,39375,39391
48.1535,Received an expired out of sequence packet ,39376,39391
48.1535,Received an expired out of sequence packet ,39377,39391
48.1535,Received an expired out of sequence packet ,39378,39391
48.1535,Received an expired out of sequence packet ,39379,39391
48.1535,Received an expired out of sequence packet ,39380,39391
48.1535,Received an expired out of sequence packet ,39381,39391
48.1535,Received an expired out of sequence packet ,39382,39391
48.1536,Received an expired out of sequence packet ,39383,39391
48.1536,Received an expired out of sequence packet ,39384,39391
48.1564,Received an expired out of sequence packet ,39385,39391
48.1564,Received an expired out of sequence packet ,39386,39391
48.1564,Received an expired out of sequence packet ,39387,39391
48.1565,Received an expired out of sequence packet ,39388,39391
48.1565,Received an expired out of sequence packet ,39389,39391
48.1565,Received an expired out of sequence packet ,39390,39391
89.4097,Timeout
89.4097,clearing sending list because of timeout
89.9247,Received an expired out of sequence packet ,57359,57445
89.9406,Received an expired out of sequence packet ,57360,57445
89.9417,Received an expired out of sequence packet ,57361,57445
89.9418,Received an expired out of sequence packet ,57362,57445
89.944,Received an expired out of sequence packet ,57363,57445
89.944,Received an expired out of sequence packet ,57364,57445
89.944,Received an expired out of sequence packet ,57365,57445
89.944,Received an expired out of sequence packet ,57366,57445
89.944,Received an expired out of sequence packet ,57367,57445
89.9461,Received an expired out of sequence packet ,57368,57445
89.9461,Received an expired out of sequence packet ,57369,57445
89.9462,Received an expired out of sequence packet ,57370,57445
89.9462,Received an expired out of sequence packet ,57371,57445
89.9472,Received an expired out of sequence packet ,57372,57445
89.9472,Received an expired out of sequence packet ,57373,57445
89.9472,Received an expired out of sequence packet ,57374,57445
89.9473,Received an expired out of sequence packet ,57375,57445
89.9492,Received an expired out of sequence packet ,57376,57445
89.9524,Received an expired out of sequence packet ,57377,57445
89.9534,Received an expired out of sequence packet ,57378,57445
89.9575,Received an expired out of sequence packet ,57379,57445
89.9575,Received an expired out of sequence packet ,57380,57445
89.9605,Received an expired out of sequence packet ,57381,57445
89.9616,Received an expired out of sequence packet ,57382,57445
89.9616,Received an expired out of sequence packet ,57383,57445
89.9645,Received an expired out of sequence packet ,57384,57445
89.9666,Received an expired out of sequence packet ,57385,57445
89.9687,Received an expired out of sequence packet ,57386,57445
89.9687,Received an expired out of sequence packet ,57387,57445
89.9848,Received an expired out of sequence packet ,57388,57445
89.9889,Received an expired out of sequence packet ,57389,57445
89.9889,Received an expired out of sequence packet ,57390,57445
89.9889,Received an expired out of sequence packet ,57391,57445
89.9889,Received an expired out of sequence packet ,57392,57445
89.9889,Received an expired out of sequence packet ,57393,57445
89.989,Received an expired out of sequence packet ,57394,57445
89.989,Received an expired out of sequence packet ,57395,57445
89.99,Received an expired out of sequence packet ,57396,57445
89.991,Received an expired out of sequence packet ,57397,57445
89.991,Received an expired out of sequence packet ,57398,57445
89.991,Received an expired out of sequence packet ,57399,57445
89.9911,Received an expired out of sequence packet ,57400,57445
89.9911,Received an expired out of sequence packet ,57401,57445
89.9911,Received an expired out of sequence packet ,57402,57445
89.9911,Received an expired out of sequence packet ,57403,57445
89.9911,Received an expired out of sequence packet ,57404,57445
89.9911,Received an expired out of sequence packet ,57405,57445
89.9912,Received an expired out of sequence packet ,57406,57445
89.9912,Received an expired out of sequence packet ,57407,57445
89.9912,Received an expired out of sequence packet ,57408,57445
89.9912,Received an expired out of sequence packet ,57409,57445
89.9912,Received an expired out of sequence packet ,57410,57445
89.9912,Received an expired out of sequence packet ,57411,57445
89.9913,Received an expired out of sequence packet ,57412,57445
89.9913,Received an expired out of sequence packet ,57413,57445
89.9921,Received an expired out of sequence packet ,57414,57445
89.9921,Received an expired out of sequence packet ,57415,57445
89.9931,Received an expired out of sequence packet ,57416,57445
89.9932,Received an expired out of sequence packet ,57417,57445
89.9932,Received an expired out of sequence packet ,57418,57445
89.9932,Received an expired out of sequence packet ,57419,57445
89.9932,Received an expired out of sequence packet ,57420,57445
89.9932,Received an expired out of sequence packet ,57421,57445
89.9953,Received an expired out of sequence packet ,57422,57445
89.9953,Received an expired out of sequence packet ,57423,57445
89.9953,Received an expired out of sequence packet ,57424,57445
89.9954,Received an expired out of sequence packet ,57425,57445
89.9954,Received an expired out of sequence packet ,57426,57445
89.9954,Received an expired out of sequence packet ,57427,57445
89.9954,Received an expired out of sequence packet ,57428,57445
89.9954,Received an expired out of sequence packet ,57429,57445
89.9954,Received an expired out of sequence packet ,57430,57445
89.9955,Received an expired out of sequence packet ,57431,57445
89.9955,Received an expired out of sequence packet ,57432,57445
89.9955,Received an expired out of sequence packet ,57433,57445
89.9955,Received an expired out of sequence packet ,57434,57445
89.9955,Received an expired out of sequence packet ,57435,57445
89.9955,Received an expired out of sequence packet ,57436,57445
89.9956,Received an expired out of sequence packet ,57437,57445
89.9956,Received an expired out of sequence packet ,57438,57445
89.9956,Received an expired out of sequence packet ,57439,57445
89.9956,Received an expired out of sequence packet ,57440,57445
89.9956,Received an expired out of sequence packet ,57441,57445
89.9956,Received an expired out of sequence packet ,57442,57445
89.9956,Received an expired out of sequence packet ,57443,57445
89.9957,Received an expired out of sequence packet ,57444,57445
190.546,Timeout
190.546,clearing sending list because of timeout
190.683,Received an expired out of sequence packet ,167545,167746
190.683,Received an expired out of sequence packet ,167546,167746
190.742,Received an expired out of sequence packet ,167547,167746
190.744,Received an expired out of sequence packet ,167548,167746
190.744,Received an expired out of sequence packet ,167549,167746
190.744,Received an expired out of sequence packet ,167550,167746
190.744,Received an expired out of sequence packet ,167551,167746
190.744,Received an expired out of sequence packet ,167552,167746
190.744,Received an expired out of sequence packet ,167553,167746
190.744,Received an expired out of sequence packet ,167554,167746
190.744,Received an expired out of sequence packet ,167555,167746
190.744,Received an expired out of sequence packet ,167556,167746
190.744,Received an expired out of sequence packet ,167557,167746
190.744,Received an expired out of sequence packet ,167558,167746
190.744,Received an expired out of sequence packet ,167559,167746
190.744,Received an expired out of sequence packet ,167560,167746
190.744,Received an expired out of sequence packet ,167561,167746
190.744,Received an expired out of sequence packet ,167562,167746
190.744,Received an expired out of sequence packet ,167563,167746
190.744,Received an expired out of sequence packet ,167564,167746
190.744,Received an expired out of sequence packet ,167565,167746
190.744,Received an expired out of sequence packet ,167566,167746
190.779,Received an expired out of sequence packet ,167567,167746
190.779,Received an expired out of sequence packet ,167568,167746
190.779,Received an expired out of sequence packet ,167569,167746
190.788,Received an expired out of sequence packet ,167570,167746
190.788,Received an expired out of sequence packet ,167571,167746
190.79,Received an expired out of sequence packet ,167572,167746
190.79,Received an expired out of sequence packet ,167573,167746
190.79,Received an expired out of sequence packet ,167574,167746
190.79,Received an expired out of sequence packet ,167575,167746
190.79,Received an expired out of sequence packet ,167576,167746
190.793,Received an expired out of sequence packet ,167577,167746
190.793,Received an expired out of sequence packet ,167578,167746
190.793,Received an expired out of sequence packet ,167579,167746
190.793,Received an expired out of sequence packet ,167580,167746
190.793,Received an expired out of sequence packet ,167581,167746
190.793,Received an expired out of sequence packet ,167582,167746
190.793,Received an expired out of sequence packet ,167583,167746
190.793,Received an expired out of sequence packet ,167584,167746
190.793,Received an expired out of sequence packet ,167585,167746
190.793,Received an expired out of sequence packet ,167586,167746
190.793,Received an expired out of sequence packet ,167587,167746
190.793,Received an expired out of sequence packet ,167588,167746
190.793,Received an expired out of sequence packet ,167589,167746
190.793,Received an expired out of sequence packet ,167590,167746
190.793,Received an expired out of sequence packet ,167591,167746
190.793,Received an expired out of sequence packet ,167592,167746
190.793,Received an expired out of sequence packet ,167593,167746
190.795,Received an expired out of sequence packet ,167594,167746
190.795,Received an expired out of sequence packet ,167595,167746
190.795,Received an expired out of sequence packet ,167596,167746
190.795,Received an expired out of sequence packet ,167597,167746
190.795,Received an expired out of sequence packet ,167598,167746
190.795,Received an expired out of sequence packet ,167599,167746
190.795,Received an expired out of sequence packet ,167600,167746
190.795,Received an expired out of sequence packet ,167601,167746
190.795,Received an expired out of sequence packet ,167602,167746
190.795,Received an expired out of sequence packet ,167603,167746
190.816,Received an expired out of sequence packet ,167604,167746
190.816,Received an expired out of sequence packet ,167605,167746
190.816,Received an expired out of sequence packet ,167606,167746
190.816,Received an expired out of sequence packet ,167607,167746
190.816,Received an expired out of sequence packet ,167608,167746
190.816,Received an expired out of sequence packet ,167609,167746
190.816,Received an expired out of sequence packet ,167610,167746
190.816,Received an expired out of sequence packet ,167611,167746
190.816,Received an expired out of sequence packet ,167612,167746
190.816,Received an expired out of sequence packet ,167613,167746
190.816,Received an expired out of sequence packet ,167614,167746
190.837,Received an expired out of sequence packet ,167615,167746
190.837,Received an expired out of sequence packet ,167616,167746
190.837,Received an expired out of sequence packet ,167617,167746
190.837,Received an expired out of sequence packet ,167618,167746
190.838,Received an expired out of sequence packet ,167619,167746
190.838,Received an expired out of sequence packet ,167620,167746
190.846,Received an expired out of sequence packet ,167621,167746
190.846,Received an expired out of sequence packet ,167622,167746
190.851,Received an expired out of sequence packet ,167623,167746
190.851,Received an expired out of sequence packet ,167624,167746
190.851,Received an expired out of sequence packet ,167625,167746
190.851,Received an expired out of sequence packet ,167626,167746
190.854,Received an expired out of sequence packet ,167627,167746
190.854,Received an expired out of sequence packet ,167628,167746
190.855,Received an expired out of sequence packet ,167629,167746
190.855,Received an expired out of sequence packet ,167630,167746
190.855,Received an expired out of sequence packet ,167631,167746
190.855,Received an expired out of sequence packet ,167632,167746
190.855,Received an expired out of sequence packet ,167633,167746
190.855,Received an expired out of sequence packet ,167634,167746
190.855,Received an expired out of sequence packet ,167635,167746
190.855,Received an expired out of sequence packet ,167636,167746
190.855,Received an expired out of sequence packet ,167637,167746
190.855,Received an expired out of sequence packet ,167638,167746
190.855,Received an expired out of sequence packet ,167639,167746
190.855,Received an expired out of sequence packet ,167640,167746
190.855,Received an expired out of sequence packet ,167641,167746
190.855,Received an expired out of sequence packet ,167642,167746
190.871,Received an expired out of sequence packet ,167643,167746
190.871,Received an expired out of sequence packet ,167644,167746
190.871,Received an expired out of sequence packet ,167645,167746
190.871,Received an expired out of sequence packet ,167646,167746
190.871,Received an expired out of sequence packet ,167647,167746
190.871,Received an expired out of sequence packet ,167648,167746
190.871,Received an expired out of sequence packet ,167649,167746
190.871,Received an expired out of sequence packet ,167650,167746
190.871,Received an expired out of sequence packet ,167651,167746
190.871,Received an expired out of sequence packet ,167652,167746
190.871,Received an expired out of sequence packet ,167653,167746
190.871,Received an expired out of sequence packet ,167654,167746
190.871,Received an expired out of sequence packet ,167655,167746
190.871,Received an expired out of sequence packet ,167656,167746
190.88,Received an expired out of sequence packet ,167657,167746
190.88,Received an expired out of sequence packet ,167658,167746
190.88,Received an expired out of sequence packet ,167659,167746
190.88,Received an expired out of sequence packet ,167660,167746
190.882,Received an expired out of sequence packet ,167661,167746
190.882,Received an expired out of sequence packet ,167662,167746
190.882,Received an expired out of sequence packet ,167663,167746
190.882,Received an expired out of sequence packet ,167664,167746
190.882,Received an expired out of sequence packet ,167665,167746
190.89,Received an expired out of sequence packet ,167666,167746
190.89,Received an expired out of sequence packet ,167667,167746
190.89,Received an expired out of sequence packet ,167668,167746
190.89,Received an expired out of sequence packet ,167669,167746
190.89,Received an expired out of sequence packet ,167670,167746
190.892,Received an expired out of sequence packet ,167671,167746
190.892,Received an expired out of sequence packet ,167672,167746
190.892,Received an expired out of sequence packet ,167673,167746
190.892,Received an expired out of sequence packet ,167674,167746
190.892,Received an expired out of sequence packet ,167675,167746
190.892,Received an expired out of sequence packet ,167676,167746
190.892,Received an expired out of sequence packet ,167677,167746
190.892,Received an expired out of sequence packet ,167678,167746
190.892,Received an expired out of sequence packet ,167679,167746
190.893,Received an expired out of sequence packet ,167680,167746
190.893,Received an expired out of sequence packet ,167681,167746
190.893,Received an expired out of sequence packet ,167682,167746
190.893,Received an expired out of sequence packet ,167683,167746
190.893,Received an expired out of sequence packet ,167684,167746
190.893,Received an expired out of sequence packet ,167685,167746
190.893,Received an expired out of sequence packet ,167686,167746
190.893,Received an expired out of sequence packet ,167687,167746
190.893,Received an expired out of sequence packet ,167688,167746
190.893,Received an expired out of sequence packet ,167689,167746
190.904,Received an expired out of sequence packet ,167690,167746
190.904,Received an expired out of sequence packet ,167691,167746
190.904,Received an expired out of sequence packet ,167692,167746
190.904,Received an expired out of sequence packet ,167693,167746
190.904,Received an expired out of sequence packet ,167694,167746
190.904,Received an expired out of sequence packet ,167695,167746
190.904,Received an expired out of sequence packet ,167696,167746
190.904,Received an expired out of sequence packet ,167697,167746
190.904,Received an expired out of sequence packet ,167698,167746
190.904,Received an expired out of sequence packet ,167699,167746
190.904,Received an expired out of sequence packet ,167700,167746
190.904,Received an expired out of sequence packet ,167701,167746
190.904,Received an expired out of sequence packet ,167702,167746
190.904,Received an expired out of sequence packet ,167703,167746
190.904,Received an expired out of sequence packet ,167704,167746
190.904,Received an expired out of sequence packet ,167705,167746
190.904,Received an expired out of sequence packet ,167706,167746
190.904,Received an expired out of sequence packet ,167707,167746
190.909,Received an expired out of sequence packet ,167708,167746
190.909,Received an expired out of sequence packet ,167709,167746
190.909,Received an expired out of sequence packet ,167710,167746
190.909,Received an expired out of sequence packet ,167711,167746
190.913,Received an expired out of sequence packet ,167712,167746
190.913,Received an expired out of sequence packet ,167713,167746
190.913,Received an expired out of sequence packet ,167714,167746
190.913,Received an expired out of sequence packet ,167715,167746
190.923,Received an expired out of sequence packet ,167716,167746
190.923,Received an expired out of sequence packet ,167717,167746
190.923,Received an expired out of sequence packet ,167718,167746
190.923,Received an expired out of sequence packet ,167719,167746
190.923,Received an expired out of sequence packet ,167720,167746
190.926,Received an expired out of sequence packet ,167721,167746
190.926,Received an expired out of sequence packet ,167722,167746
190.926,Received an expired out of sequence packet ,167723,167746
190.926,Received an expired out of sequence packet ,167724,167746
190.929,Received an expired out of sequence packet ,167725,167746
190.929,Received an expired out of sequence packet ,167726,167746
190.93,Received an expired out of sequence packet ,167727,167746
190.93,Received an expired out of sequence packet ,167728,167746
190.93,Received an expired out of sequence packet ,167729,167746
190.93,Received an expired out of sequence packet ,167730,167746
190.93,Received an expired out of sequence packet ,167731,167746
190.931,Received an expired out of sequence packet ,167732,167746
190.931,Received an expired out of sequence packet ,167733,167746
190.931,Received an expired out of sequence packet ,167734,167746
190.931,Received an expired out of sequence packet ,167735,167746
190.931,Received an expired out of sequence packet ,167736,167746
190.931,Received an expired out of sequence packet ,167737,167746
190.931,Received an expired out of sequence packet ,167738,167746
190.931,Received an expired out of sequence packet ,167739,167746
190.931,Received an expired out of sequence packet ,167740,167746
190.932,Received an expired out of sequence packet ,167741,167746
190.932,Received an expired out of sequence packet ,167742,167746
190.932,Received an expired out of sequence packet ,167743,167746
190.932,Received an expired out of sequence packet ,167744,167746
190.932,Received an expired out of sequence packet ,167745,167746
197.913,Timeout
197.913,clearing sending list because of timeout
197.913,Received an expired out of sequence packet ,169701,169962
198.913,Timeout
198.913,clearing sending list because of timeout
198.925,Received an expired out of sequence packet ,169702,169968
199.913,Received an expired out of sequence packet ,169703,169968
199.97,Received an expired out of sequence packet ,169704,169968
199.973,Received an expired out of sequence packet ,169705,169968
199.978,Received an expired out of sequence packet ,169706,169968
199.981,Received an expired out of sequence packet ,169707,169968
199.984,Received an expired out of sequence packet ,169708,169968
199.986,Received an expired out of sequence packet ,169709,169968
199.992,Received an expired out of sequence packet ,169710,169968
199.992,Received an expired out of sequence packet ,169711,169968
199.996,Received an expired out of sequence packet ,169712,169968
199.998,Received an expired out of sequence packet ,169713,169968
200.004,Received an expired out of sequence packet ,169714,169968
200.006,Received an expired out of sequence packet ,169715,169968
200.006,Received an expired out of sequence packet ,169716,169968
200.006,Received an expired out of sequence packet ,169717,169968
200.009,Received an expired out of sequence packet ,169718,169968
200.01,Received an expired out of sequence packet ,169719,169968
200.011,Received an expired out of sequence packet ,169720,169968
200.014,Received an expired out of sequence packet ,169721,169968
200.016,Received an expired out of sequence packet ,169722,169968
200.018,Received an expired out of sequence packet ,169723,169968
200.023,Received an expired out of sequence packet ,169724,169968
200.026,Received an expired out of sequence packet ,169725,169968
200.026,Received an expired out of sequence packet ,169726,169968
200.026,Received an expired out of sequence packet ,169727,169968
200.028,Received an expired out of sequence packet ,169728,169968
200.03,Received an expired out of sequence packet ,169729,169968
200.032,Received an expired out of sequence packet ,169730,169968
200.034,Received an expired out of sequence packet ,169731,169968
200.036,Received an expired out of sequence packet ,169732,169968
200.058,Received an expired out of sequence packet ,169733,169968
200.072,Received an expired out of sequence packet ,169734,169968
200.075,Received an expired out of sequence packet ,169735,169968
200.075,Received an expired out of sequence packet ,169736,169968
200.075,Received an expired out of sequence packet ,169737,169968
200.078,Received an expired out of sequence packet ,169738,169968
200.085,Received an expired out of sequence packet ,169739,169968
200.088,Received an expired out of sequence packet ,169740,169968
200.088,Received an expired out of sequence packet ,169741,169968
200.088,Received an expired out of sequence packet ,169742,169968
200.09,Received an expired out of sequence packet ,169743,169968
200.094,Received an expired out of sequence packet ,169744,169968
200.094,Received an expired out of sequence packet ,169745,169968
200.096,Received an expired out of sequence packet ,169746,169968
200.102,Received an expired out of sequence packet ,169747,169968
200.102,Received an expired out of sequence packet ,169748,169968
200.104,Received an expired out of sequence packet ,169749,169968
200.106,Received an expired out of sequence packet ,169750,169968
200.106,Received an expired out of sequence packet ,169751,169968
200.169,Received an expired out of sequence packet ,169752,169968
200.183,Received an expired out of sequence packet ,169753,169968
200.192,Received an expired out of sequence packet ,169754,169968
200.192,Received an expired out of sequence packet ,169755,169968
200.192,Received an expired out of sequence packet ,169756,169968
200.192,Received an expired out of sequence packet ,169757,169968
200.194,Received an expired out of sequence packet ,169758,169968
200.194,Received an expired out of sequence packet ,169759,169968
200.198,Received an expired out of sequence packet ,169760,169968
200.198,Received an expired out of sequence packet ,169761,169968
200.198,Received an expired out of sequence packet ,169762,169968
200.198,Received an expired out of sequence packet ,169763,169968
200.198,Received an expired out of sequence packet ,169764,169968
200.204,Received an expired out of sequence packet ,169765,169968
200.205,Received an expired out of sequence packet ,169766,169968
200.206,Received an expired out of sequence packet ,169767,169968
200.206,Received an expired out of sequence packet ,169768,169968
200.21,Received an expired out of sequence packet ,169769,169968
200.213,Received an expired out of sequence packet ,169770,169968
200.213,Received an expired out of sequence packet ,169771,169968
200.217,Received an expired out of sequence packet ,169772,169968
200.217,Received an expired out of sequence packet ,169773,169968
200.22,Received an expired out of sequence packet ,169774,169968
200.222,Received an expired out of sequence packet ,169775,169968
200.224,Received an expired out of sequence packet ,169776,169968
200.227,Received an expired out of sequence packet ,169777,169968
200.228,Received an expired out of sequence packet ,169778,169968
200.23,Received an expired out of sequence packet ,169779,169968
200.232,Received an expired out of sequence packet ,169780,169968
200.233,Received an expired out of sequence packet ,169781,169968
200.235,Received an expired out of sequence packet ,169782,169968
200.25,Received an expired out of sequence packet ,169783,169968
200.253,Received an expired out of sequence packet ,169784,169968
200.254,Received an expired out of sequence packet ,169785,169968
200.254,Received an expired out of sequence packet ,169786,169968
200.254,Received an expired out of sequence packet ,169787,169968
200.266,Received an expired out of sequence packet ,169788,169968
200.278,Received an expired out of sequence packet ,169789,169968
200.278,Received an expired out of sequence packet ,169790,169968
200.283,Received an expired out of sequence packet ,169791,169968
200.284,Received an expired out of sequence packet ,169792,169968
200.287,Received an expired out of sequence packet ,169793,169968
200.29,Received an expired out of sequence packet ,169794,169968
200.294,Received an expired out of sequence packet ,169795,169968
200.296,Received an expired out of sequence packet ,169796,169968
200.312,Received an expired out of sequence packet ,169797,169968
200.312,Received an expired out of sequence packet ,169798,169968
200.313,Received an expired out of sequence packet ,169799,169968
200.313,Received an expired out of sequence packet ,169800,169968
200.315,Received an expired out of sequence packet ,169801,169968
200.315,Received an expired out of sequence packet ,169802,169968
200.318,Received an expired out of sequence packet ,169803,169968
200.323,Received an expired out of sequence packet ,169804,169968
200.338,Received an expired out of sequence packet ,169805,169968
200.338,Received an expired out of sequence packet ,169806,169968
200.342,Received an expired out of sequence packet ,169807,169968
200.343,Received an expired out of sequence packet ,169808,169968
200.351,Received an expired out of sequence packet ,169809,169968
200.353,Received an expired out of sequence packet ,169810,169968
200.356,Received an expired out of sequence packet ,169811,169968
200.363,Received an expired out of sequence packet ,169812,169968
200.363,Received an expired out of sequence packet ,169813,169968
200.363,Received an expired out of sequence packet ,169814,169968
200.366,Received an expired out of sequence packet ,169815,169968
200.368,Received an expired out of sequence packet ,169816,169968
200.368,Received an expired out of sequence packet ,169817,169968
200.372,Received an expired out of sequence packet ,169818,169968
200.372,Received an expired out of sequence packet ,169819,169968
200.375,Received an expired out of sequence packet ,169820,169968
200.382,Received an expired out of sequence packet ,169821,169968
200.384,Received an expired out of sequence packet ,169822,169968
200.384,Received an expired out of sequence packet ,169823,169968
200.389,Received an expired out of sequence packet ,169824,169968
200.389,Received an expired out of sequence packet ,169825,169968
200.392,Received an expired out of sequence packet ,169826,169968
200.393,Received an expired out of sequence packet ,169827,169968
200.396,Received an expired out of sequence packet ,169828,169968
200.398,Received an expired out of sequence packet ,169829,169968
200.399,Received an expired out of sequence packet ,169830,169968
200.404,Received an expired out of sequence packet ,169831,169968
200.405,Received an expired out of sequence packet ,169832,169968
200.408,Received an expired out of sequence packet ,169833,169968
200.412,Received an expired out of sequence packet ,169834,169968
200.415,Received an expired out of sequence packet ,169835,169968
200.455,Received an expired out of sequence packet ,169836,169968
200.457,Received an expired out of sequence packet ,169837,169968
200.457,Received an expired out of sequence packet ,169838,169968
200.458,Received an expired out of sequence packet ,169839,169968
200.458,Received an expired out of sequence packet ,169840,169968
200.458,Received an expired out of sequence packet ,169841,169968
200.458,Received an expired out of sequence packet ,169842,169968
200.458,Received an expired out of sequence packet ,169843,169968
200.458,Received an expired out of sequence packet ,169844,169968
200.458,Received an expired out of sequence packet ,169845,169968
200.458,Received an expired out of sequence packet ,169846,169968
200.458,Received an expired out of sequence packet ,169847,169968
200.458,Received an expired out of sequence packet ,169848,169968
200.458,Received an expired out of sequence packet ,169849,169968
200.463,Received an expired out of sequence packet ,169850,169968
200.464,Received an expired out of sequence packet ,169851,169968
200.466,Received an expired out of sequence packet ,169852,169968
200.467,Received an expired out of sequence packet ,169853,169968
200.47,Received an expired out of sequence packet ,169854,169968
200.471,Received an expired out of sequence packet ,169855,169968
200.478,Received an expired out of sequence packet ,169856,169968
200.482,Received an expired out of sequence packet ,169857,169968
200.494,Received an expired out of sequence packet ,169858,169968
200.494,Received an expired out of sequence packet ,169859,169968
200.494,Received an expired out of sequence packet ,169860,169968
200.494,Received an expired out of sequence packet ,169861,169968
200.496,Received an expired out of sequence packet ,169862,169968
200.496,Received an expired out of sequence packet ,169863,169968
200.496,Received an expired out of sequence packet ,169864,169968
200.503,Received an expired out of sequence packet ,169865,169968
200.504,Received an expired out of sequence packet ,169866,169968
200.504,Received an expired out of sequence packet ,169867,169968
200.508,Received an expired out of sequence packet ,169868,169968
200.51,Received an expired out of sequence packet ,169869,169968
200.514,Received an expired out of sequence packet ,169870,169968
200.519,Received an expired out of sequence packet ,169871,169968
200.524,Received an expired out of sequence packet ,169872,169968
200.528,Received an expired out of sequence packet ,169873,169968
200.528,Received an expired out of sequence packet ,169874,169968
200.528,Received an expired out of sequence packet ,169875,169968
200.528,Received an expired out of sequence packet ,169876,169968
200.528,Received an expired out of sequence packet ,169877,169968
200.529,Received an expired out of sequence packet ,169878,169968
200.529,Received an expired out of sequence packet ,169879,169968
200.545,Received an expired out of sequence packet ,169880,169968
200.546,Received an expired out of sequence packet ,169881,169968
200.546,Received an expired out of sequence packet ,169882,169968
200.547,Received an expired out of sequence packet ,169883,169968
200.548,Received an expired out of sequence packet ,169884,169968
200.548,Received an expired out of sequence packet ,169885,169968
200.553,Received an expired out of sequence packet ,169886,169968
200.554,Received an expired out of sequence packet ,169887,169968
200.555,Received an expired out of sequence packet ,169888,169968
200.555,Received an expired out of sequence packet ,169889,169968
200.555,Received an expired out of sequence packet ,169890,169968
200.556,Received an expired out of sequence packet ,169891,169968
200.558,Received an expired out of sequence packet ,169892,169968
200.564,Received an expired out of sequence packet ,169893,169968
200.567,Received an expired out of sequence packet ,169894,169968
200.567,Received an expired out of sequence packet ,169895,169968
200.567,Received an expired out of sequence packet ,169896,169968
200.568,Received an expired out of sequence packet ,169897,169968
200.584,Received an expired out of sequence packet ,169898,169968
200.584,Received an expired out of sequence packet ,169899,169968
200.586,Received an expired out of sequence packet ,169900,169968
200.593,Received an expired out of sequence packet ,169901,169968
200.593,Received an expired out of sequence packet ,169902,169968
200.593,Received an expired out of sequence packet ,169903,169968
200.596,Received an expired out of sequence packet ,169904,169968
200.596,Received an expired out of sequence packet ,169905,169968
200.596,Received an expired out of sequence packet ,169906,169968
200.599,Received an expired out of sequence packet ,169907,169968
200.604,Received an expired out of sequence packet ,169908,169968
200.604,Received an expired out of sequence packet ,169909,169968
200.618,Received an expired out of sequence packet ,169910,169968
200.618,Received an expired out of sequence packet ,169911,169968
200.62,Received an expired out of sequence packet ,169912,169968
200.62,Received an expired out of sequence packet ,169913,169968
200.62,Received an expired out of sequence packet ,169914,169968
200.631,Received an expired out of sequence packet ,169915,169968
200.64,Received an expired out of sequence packet ,169916,169968
200.64,Received an expired out of sequence packet ,169917,169968
200.641,Received an expired out of sequence packet ,169918,169968
200.641,Received an expired out of sequence packet ,169919,169968
200.641,Received an expired out of sequence packet ,169920,169968
200.641,Received an expired out of sequence packet ,169921,169968
200.641,Received an expired out of sequence packet ,169922,169968
200.646,Received an expired out of sequence packet ,169923,169968
200.653,Received an expired out of sequence packet ,169924,169968
200.653,Received an expired out of sequence packet ,169925,169968
200.653,Received an expired out of sequence packet ,169926,169968
200.664,Received an expired out of sequence packet ,169927,169968
200.664,Received an expired out of sequence packet ,169928,169968
200.665,Received an expired out of sequence packet ,169929,169968
200.666,Received an expired out of sequence packet ,169930,169968
200.673,Received an expired out of sequence packet ,169931,169968
200.673,Received an expired out of sequence packet ,169932,169968
200.676,Received an expired out of sequence packet ,169933,169968
200.676,Received an expired out of sequence packet ,169934,169968
200.676,Received an expired out of sequence packet ,169935,169968
200.676,Received an expired out of sequence packet ,169936,169968
200.678,Received an expired out of sequence packet ,169937,169968
200.684,Received an expired out of sequence packet ,169938,169968
200.686,Received an expired out of sequence packet ,169939,169968
200.686,Received an expired out of sequence packet ,169940,169968
200.687,Received an expired out of sequence packet ,169941,169968
200.69,Received an expired out of sequence packet ,169942,169968
200.704,Received an expired out of sequence packet ,169943,169968
200.704,Received an expired out of sequence packet ,169944,169968
200.705,Received an expired out of sequence packet ,169945,169968
200.705,Received an expired out of sequence packet ,169946,169968
200.712,Received an expired out of sequence packet ,169947,169968
200.712,Received an expired out of sequence packet ,169948,169968
200.713,Received an expired out of sequence packet ,169949,169968
200.714,Received an expired out of sequence packet ,169950,169968
200.714,Received an expired out of sequence packet ,169951,169968
200.714,Received an expired out of sequence packet ,169952,169968
200.719,Received an expired out of sequence packet ,169953,169968
200.719,Received an expired out of sequence packet ,169954,169968
200.723,Received an expired out of sequence packet ,169955,169968
200.734,Received an expired out of sequence packet ,169956,169968
200.734,Received an expired out of sequence packet ,169957,169968
200.736,Received an expired out of sequence packet ,169958,169968
200.737,Received an expired out of sequence packet ,169959,169968
200.738,Received an expired out of sequence packet ,169960,169968
200.738,Received an expired out of sequence packet ,169961,169968
200.743,Received an expired out of sequence packet ,169962,169968
200.748,Received an expired out of sequence packet ,169963,169968
200.748,Received an expired out of sequence packet ,169964,169968
200.748,Received an expired out of sequence packet ,169965,169968
200.75,Received an expired out of sequence packet ,169966,169968
200.752,Received an expired out of sequence packet ,169967,169968
244.416,Timeout
244.416,clearing sending list because of timeout
244.419,Received an expired out of sequence packet ,207504,207597
244.97,Received an expired out of sequence packet ,207505,207597
244.973,Received an expired out of sequence packet ,207506,207597
244.978,Received an expired out of sequence packet ,207507,207597
244.982,Received an expired out of sequence packet ,207508,207597
244.982,Received an expired out of sequence packet ,207509,207597
244.984,Received an expired out of sequence packet ,207510,207597
244.986,Received an expired out of sequence packet ,207511,207597
244.987,Received an expired out of sequence packet ,207512,207597
244.992,Received an expired out of sequence packet ,207513,207597
244.996,Received an expired out of sequence packet ,207514,207597
244.998,Received an expired out of sequence packet ,207515,207597
245.005,Received an expired out of sequence packet ,207516,207597
245.006,Received an expired out of sequence packet ,207517,207597
245.006,Received an expired out of sequence packet ,207518,207597
245.006,Received an expired out of sequence packet ,207519,207597
245.008,Received an expired out of sequence packet ,207520,207597
245.01,Received an expired out of sequence packet ,207521,207597
245.011,Received an expired out of sequence packet ,207522,207597
245.014,Received an expired out of sequence packet ,207523,207597
245.017,Received an expired out of sequence packet ,207524,207597
245.018,Received an expired out of sequence packet ,207525,207597
245.022,Received an expired out of sequence packet ,207526,207597
245.023,Received an expired out of sequence packet ,207527,207597
245.023,Received an expired out of sequence packet ,207528,207597
245.026,Received an expired out of sequence packet ,207529,207597
245.028,Received an expired out of sequence packet ,207530,207597
245.03,Received an expired out of sequence packet ,207531,207597
245.033,Received an expired out of sequence packet ,207532,207597
245.034,Received an expired out of sequence packet ,207533,207597
245.036,Received an expired out of sequence packet ,207534,207597
245.058,Received an expired out of sequence packet ,207535,207597
245.073,Received an expired out of sequence packet ,207536,207597
245.075,Received an expired out of sequence packet ,207537,207597
245.075,Received an expired out of sequence packet ,207538,207597
245.075,Received an expired out of sequence packet ,207539,207597
245.079,Received an expired out of sequence packet ,207540,207597
245.085,Received an expired out of sequence packet ,207541,207597
245.088,Received an expired out of sequence packet ,207542,207597
245.088,Received an expired out of sequence packet ,207543,207597
245.088,Received an expired out of sequence packet ,207544,207597
245.09,Received an expired out of sequence packet ,207545,207597
245.092,Received an expired out of sequence packet ,207546,207597
245.094,Received an expired out of sequence packet ,207547,207597
245.096,Received an expired out of sequence packet ,207548,207597
245.103,Received an expired out of sequence packet ,207549,207597
245.104,Received an expired out of sequence packet ,207550,207597
245.106,Received an expired out of sequence packet ,207551,207597
245.106,Received an expired out of sequence packet ,207552,207597
245.17,Received an expired out of sequence packet ,207553,207597
245.182,Received an expired out of sequence packet ,207554,207597
245.193,Received an expired out of sequence packet ,207555,207597
245.193,Received an expired out of sequence packet ,207556,207597
245.193,Received an expired out of sequence packet ,207557,207597
245.193,Received an expired out of sequence packet ,207558,207597
245.193,Received an expired out of sequence packet ,207559,207597
245.198,Received an expired out of sequence packet ,207560,207597
245.198,Received an expired out of sequence packet ,207561,207597
245.198,Received an expired out of sequence packet ,207562,207597
245.198,Received an expired out of sequence packet ,207563,207597
245.198,Received an expired out of sequence packet ,207564,207597
245.198,Received an expired out of sequence packet ,207565,207597
245.204,Received an expired out of sequence packet ,207566,207597
245.205,Received an expired out of sequence packet ,207567,207597
245.207,Received an expired out of sequence packet ,207568,207597
245.207,Received an expired out of sequence packet ,207569,207597
245.209,Received an expired out of sequence packet ,207570,207597
245.21,Received an expired out of sequence packet ,207571,207597
245.214,Received an expired out of sequence packet ,207572,207597
245.217,Received an expired out of sequence packet ,207573,207597
245.217,Received an expired out of sequence packet ,207574,207597
245.22,Received an expired out of sequence packet ,207575,207597
245.222,Received an expired out of sequence packet ,207576,207597
245.222,Received an expired out of sequence packet ,207577,207597
245.224,Received an expired out of sequence packet ,207578,207597
245.226,Received an expired out of sequence packet ,207579,207597
245.228,Received an expired out of sequence packet ,207580,207597
245.23,Received an expired out of sequence packet ,207581,207597
245.232,Received an expired out of sequence packet ,207582,207597
245.233,Received an expired out of sequence packet ,207583,207597
245.235,Received an expired out of sequence packet ,207584,207597
245.25,Received an expired out of sequence packet ,207585,207597
245.253,Received an expired out of sequence packet ,207586,207597
245.254,Received an expired out of sequence packet ,207587,207597
245.254,Received an expired out of sequence packet ,207588,207597
245.266,Received an expired out of sequence packet ,207589,207597
245.266,Received an expired out of sequence packet ,207590,207597
245.278,Received an expired out of sequence packet ,207591,207597
245.278,Received an expired out of sequence packet ,207592,207597
245.282,Received an expired out of sequence packet ,207593,207597
245.284,Received an expired out of sequence packet ,207594,207597
245.287,Received an expired out of sequence packet ,207595,207597
245.29,Received an expired out of sequence packet ,207596,207597
271.634,Timeout
271.634,clearing sending list because of timeout
271.655,Received an expired out of sequence packet ,227303,227423
271.658,Received an expired out of sequence packet ,227304,227423
271.658,Received an expired out of sequence packet ,227305,227423
271.658,Received an expired out of sequence packet ,227306,227423
271.659,Received an expired out of sequence packet ,227307,227423
271.659,Received an expired out of sequence packet ,227308,227423
271.659,Received an expired out of sequence packet ,227309,227423
271.66,Received an expired out of sequence packet ,227310,227423
271.66,Received an expired out of sequence packet ,227311,227423
271.66,Received an expired out of sequence packet ,227312,227423
271.666,Received an expired out of sequence packet ,227313,227423
271.667,Received an expired out of sequence packet ,227314,227423
271.667,Received an expired out of sequence packet ,227315,227423
271.672,Received an expired out of sequence packet ,227316,227423
271.672,Received an expired out of sequence packet ,227317,227423
271.672,Received an expired out of sequence packet ,227318,227423
271.672,Received an expired out of sequence packet ,227319,227423
271.672,Received an expired out of sequence packet ,227320,227423
271.68,Received an expired out of sequence packet ,227321,227423
271.684,Received an expired out of sequence packet ,227322,227423
271.684,Received an expired out of sequence packet ,227323,227423
271.687,Received an expired out of sequence packet ,227324,227423
271.687,Received an expired out of sequence packet ,227325,227423
271.688,Received an expired out of sequence packet ,227326,227423
271.688,Received an expired out of sequence packet ,227327,227423
271.688,Received an expired out of sequence packet ,227328,227423
271.688,Received an expired out of sequence packet ,227329,227423
271.688,Received an expired out of sequence packet ,227330,227423
271.688,Received an expired out of sequence packet ,227331,227423
271.688,Received an expired out of sequence packet ,227332,227423
271.688,Received an expired out of sequence packet ,227333,227423
271.691,Received an expired out of sequence packet ,227334,227423
271.691,Received an expired out of sequence packet ,227335,227423
271.691,Received an expired out of sequence packet ,227336,227423
271.691,Received an expired out of sequence packet ,227337,227423
271.691,Received an expired out of sequence packet ,227338,227423
271.691,Received an expired out of sequence packet ,227339,227423
271.691,Received an expired out of sequence packet ,227340,227423
271.691,Received an expired out of sequence packet ,227341,227423
271.691,Received an expired out of sequence packet ,227342,227423
271.691,Received an expired out of sequence packet ,227343,227423
271.691,Received an expired out of sequence packet ,227344,227423
271.693,Received an expired out of sequence packet ,227345,227423
271.693,Received an expired out of sequence packet ,227346,227423
271.693,Received an expired out of sequence packet ,227347,227423
271.693,Received an expired out of sequence packet ,227348,227423
271.693,Received an expired out of sequence packet ,227349,227423
271.693,Received an expired out of sequence packet ,227350,227423
271.693,Received an expired out of sequence packet ,227351,227423
271.693,Received an expired out of sequence packet ,227352,227423
271.693,Received an expired out of sequence packet ,227353,227423
271.693,Received an expired out of sequence packet ,227354,227423
271.694,Received an expired out of sequence packet ,227355,227423
271.694,Received an expired out of sequence packet ,227356,227423
271.694,Received an expired out of sequence packet ,227357,227423
271.694,Received an expired out of sequence packet ,227358,227423
271.694,Received an expired out of sequence packet ,227359,227423
271.699,Received an expired out of sequence packet ,227360,227423
271.699,Received an expired out of sequence packet ,227361,227423
271.699,Received an expired out of sequence packet ,227362,227423
271.699,Received an expired out of sequence packet ,227363,227423
271.699,Received an expired out of sequence packet ,227364,227423
271.699,Received an expired out of sequence packet ,227365,227423
271.699,Received an expired out of sequence packet ,227366,227423
271.699,Received an expired out of sequence packet ,227367,227423
271.699,Received an expired out of sequence packet ,227368,227423
271.699,Received an expired out of sequence packet ,227369,227423
271.7,Received an expired out of sequence packet ,227370,227423
271.7,Received an expired out of sequence packet ,227371,227423
271.7,Received an expired out of sequence packet ,227372,227423
271.7,Received an expired out of sequence packet ,227373,227423
271.7,Received an expired out of sequence packet ,227374,227423
271.7,Received an expired out of sequence packet ,227375,227423
271.7,Received an expired out of sequence packet ,227376,227423
271.7,Received an expired out of sequence packet ,227377,227423
271.7,Received an expired out of sequence packet ,227378,227423
271.7,Received an expired out of sequence packet ,227379,227423
271.7,Received an expired out of sequence packet ,227380,227423
271.703,Received an expired out of sequence packet ,227381,227423
271.703,Received an expired out of sequence packet ,227382,227423
271.706,Received an expired out of sequence packet ,227383,227423
271.706,Received an expired out of sequence packet ,227384,227423
271.706,Received an expired out of sequence packet ,227385,227423
271.706,Received an expired out of sequence packet ,227386,227423
271.706,Received an expired out of sequence packet ,227387,227423
271.706,Received an expired out of sequence packet ,227388,227423
271.706,Received an expired out of sequence packet ,227389,227423
271.706,Received an expired out of sequence packet ,227390,227423
271.708,Received an expired out of sequence packet ,227391,227423
271.708,Received an expired out of sequence packet ,227392,227423
271.708,Received an expired out of sequence packet ,227393,227423
271.708,Received an expired out of sequence packet ,227394,227423
271.708,Received an expired out of sequence packet ,227395,227423
271.708,Received an expired out of sequence packet ,227396,227423
271.708,Received an expired out of sequence packet ,227397,227423
271.709,Received an expired out of sequence packet ,227398,227423
271.709,Received an expired out of sequence packet ,227399,227423
271.709,Received an expired out of sequence packet ,227400,227423
271.709,Received an expired out of sequence packet ,227401,227423
271.91,Received an expired out of sequence packet ,227402,227423
271.919,Received an expired out of sequence packet ,227403,227423
271.919,Received an expired out of sequence packet ,227404,227423
271.92,Received an expired out of sequence packet ,227405,227423
271.923,Received an expired out of sequence packet ,227406,227423
271.923,Received an expired out of sequence packet ,227407,227423
271.923,Received an expired out of sequence packet ,227408,227423
271.924,Received an expired out of sequence packet ,227409,227423
271.924,Received an expired out of sequence packet ,227410,227423
271.924,Received an expired out of sequence packet ,227411,227423
271.924,Received an expired out of sequence packet ,227412,227423
271.924,Received an expired out of sequence packet ,227413,227423
271.924,Received an expired out of sequence packet ,227414,227423
271.924,Received an expired out of sequence packet ,227415,227423
271.924,Received an expired out of sequence packet ,227416,227423
271.953,Received an expired out of sequence packet ,227417,227423
271.953,Received an expired out of sequence packet ,227418,227423
271.953,Received an expired out of sequence packet ,227419,227423
271.953,Received an expired out of sequence packet ,227420,227423
271.955,Received an expired out of sequence packet ,227421,227423
271.955,Received an expired out of sequence packet ,227422,227423
280.575,Timeout
280.575,clearing sending list because of timeout
280.925,Received an expired out of sequence packet ,229005,229039
280.925,Received an expired out of sequence packet ,229006,229039
281.782,Received an expired out of sequence packet ,229007,229039
281.791,Received an expired out of sequence packet ,229008,229039
281.796,Received an expired out of sequence packet ,229009,229039
281.797,Received an expired out of sequence packet ,229010,229039
281.797,Received an expired out of sequence packet ,229011,229039
281.799,Received an expired out of sequence packet ,229012,229039
281.799,Received an expired out of sequence packet ,229013,229039
281.805,Received an expired out of sequence packet ,229014,229039
281.805,Received an expired out of sequence packet ,229015,229039
281.822,Received an expired out of sequence packet ,229016,229039
281.822,Received an expired out of sequence packet ,229017,229039
281.822,Received an expired out of sequence packet ,229018,229039
281.823,Received an expired out of sequence packet ,229019,229039
281.824,Received an expired out of sequence packet ,229020,229039
281.832,Received an expired out of sequence packet ,229021,229039
281.842,Received an expired out of sequence packet ,229022,229039
281.865,Received an expired out of sequence packet ,229023,229039
281.87,Received an expired out of sequence packet ,229024,229039
281.87,Received an expired out of sequence packet ,229025,229039
281.87,Received an expired out of sequence packet ,229026,229039
281.87,Received an expired out of sequence packet ,229027,229039
281.873,Received an expired out of sequence packet ,229028,229039
281.874,Received an expired out of sequence packet ,229029,229039
281.877,Received an expired out of sequence packet ,229030,229039
281.879,Received an expired out of sequence packet ,229031,229039
281.879,Received an expired out of sequence packet ,229032,229039
281.893,Received an expired out of sequence packet ,229033,229039
281.893,Received an expired out of sequence packet ,229034,229039
281.899,Received an expired out of sequence packet ,229035,229039
281.899,Received an expired out of sequence packet ,229036,229039
281.899,Received an expired out of sequence packet ,229037,229039
281.899,Received an expired out of sequence packet ,229038,229039
293.913,Timeout
293.913,clearing sending list because of timeout
293.913,Received an expired out of sequence packet ,233271,233368
294.913,Received an expired out of sequence packet ,233272,233368
295.913,Timeout
295.913,clearing sending list because of timeout
295.924,Received an expired out of sequence packet ,233273,233370
296.782,Received an expired out of sequence packet ,233274,233370
296.791,Received an expired out of sequence packet ,233275,233370
296.796,Received an expired out of sequence packet ,233276,233370
296.797,Received an expired out of sequence packet ,233277,233370
296.797,Received an expired out of sequence packet ,233278,233370
296.799,Received an expired out of sequence packet ,233279,233370
296.799,Received an expired out of sequence packet ,233280,233370
296.805,Received an expired out of sequence packet ,233281,233370
296.805,Received an expired out of sequence packet ,233282,233370
296.822,Received an expired out of sequence packet ,233283,233370
296.822,Received an expired out of sequence packet ,233284,233370
296.822,Received an expired out of sequence packet ,233285,233370
296.823,Received an expired out of sequence packet ,233286,233370
296.824,Received an expired out of sequence packet ,233287,233370
296.833,Received an expired out of sequence packet ,233288,233370
296.842,Received an expired out of sequence packet ,233289,233370
296.865,Received an expired out of sequence packet ,233290,233370
296.87,Received an expired out of sequence packet ,233291,233370
296.87,Received an expired out of sequence packet ,233292,233370
296.87,Received an expired out of sequence packet ,233293,233370
296.87,Received an expired out of sequence packet ,233294,233370
296.873,Received an expired out of sequence packet ,233295,233370
296.874,Received an expired out of sequence packet ,233296,233370
296.877,Received an expired out of sequence packet ,233297,233370
296.88,Received an expired out of sequence packet ,233298,233370
296.88,Received an expired out of sequence packet ,233299,233370
296.893,Received an expired out of sequence packet ,233300,233370
296.893,Received an expired out of sequence packet ,233301,233370
296.899,Received an expired out of sequence packet ,233302,233370
296.899,Received an expired out of sequence packet ,233303,233370
296.899,Received an expired out of sequence packet ,233304,233370
296.899,Received an expired out of sequence packet ,233305,233370
296.899,Received an expired out of sequence packet ,233306,233370
296.903,Received an expired out of sequence packet ,233307,233370
296.903,Received an expired out of sequence packet ,233308,233370
296.903,Received an expired out of sequence packet ,233309,233370
296.918,Received an expired out of sequence packet ,233310,233370
296.918,Received an expired out of sequence packet ,233311,233370
296.92,Received an expired out of sequence packet 