1.7252,Exit slow start,exceeding SS_EXIT_THRESHOLD
27.7666,Restart,can't map delay on delay curve
29.1774,Exit slow start,exceeding SS_EXIT_THRESHOLD
36.1964,Restart,can't map delay on delay curve
37.2738,Timeout
37.2738,Exit slow start,timeout
102.814,Timeout
102.814,clearing sending list because of timeout
102.831,Received an expired out of sequence packet ,39505,39659
102.831,Received an expired out of sequence packet ,39506,39659
102.831,Received an expired out of sequence packet ,39507,39659
102.831,Received an expired out of sequence packet ,39508,39659
102.831,Received an expired out of sequence packet ,39509,39659
102.831,Received an expired out of sequence packet ,39510,39659
102.831,Received an expired out of sequence packet ,39511,39659
102.831,Received an expired out of sequence packet ,39512,39659
102.831,Received an expired out of sequence packet ,39513,39659
102.831,Received an expired out of sequence packet ,39514,39659
102.831,Received an expired out of sequence packet ,39515,39659
102.831,Received an expired out of sequence packet ,39516,39659
102.832,Received an expired out of sequence packet ,39517,39659
102.832,Received an expired out of sequence packet ,39518,39659
102.866,Received an expired out of sequence packet ,39519,39659
102.87,Received an expired out of sequence packet ,39520,39659
102.87,Received an expired out of sequence packet ,39521,39659
102.87,Received an expired out of sequence packet ,39522,39659
102.87,Received an expired out of sequence packet ,39523,39659
102.87,Received an expired out of sequence packet ,39524,39659
102.87,Received an expired out of sequence packet ,39525,39659
102.87,Received an expired out of sequence packet ,39526,39659
102.87,Received an expired out of sequence packet ,39527,39659
102.872,Received an expired out of sequence packet ,39528,39659
102.872,Received an expired out of sequence packet ,39529,39659
102.872,Received an expired out of sequence packet ,39530,39659
102.872,Received an expired out of sequence packet ,39531,39659
102.872,Received an expired out of sequence packet ,39532,39659
102.872,Received an expired out of sequence packet ,39533,39659
102.876,Received an expired out of sequence packet ,39534,39659
102.876,Received an expired out of sequence packet ,39535,39659
102.876,Received an expired out of sequence packet ,39536,39659
102.876,Received an expired out of sequence packet ,39537,39659
102.876,Received an expired out of sequence packet ,39538,39659
102.876,Received an expired out of sequence packet ,39539,39659
102.876,Received an expired out of sequence packet ,39540,39659
102.876,Received an expired out of sequence packet ,39541,39659
102.876,Received an expired out of sequence packet ,39542,39659
102.876,Received an expired out of sequence packet ,39543,39659
102.876,Received an expired out of sequence packet ,39544,39659
102.876,Received an expired out of sequence packet ,39545,39659
102.876,Received an expired out of sequence packet ,39546,39659
102.949,Received an expired out of sequence packet ,39547,39659
102.949,Received an expired out of sequence packet ,39548,39659
102.95,Received an expired out of sequence packet ,39549,39659
102.95,Received an expired out of sequence packet ,39550,39659
102.952,Received an expired out of sequence packet ,39551,39659
102.957,Received an expired out of sequence packet ,39552,39659
102.957,Received an expired out of sequence packet ,39553,39659
102.957,Received an expired out of sequence packet ,39554,39659
102.957,Received an expired out of sequence packet ,39555,39659
102.957,Received an expired out of sequence packet ,39556,39659
102.96,Received an expired out of sequence packet ,39557,39659
102.96,Received an expired out of sequence packet ,39558,39659
102.96,Received an expired out of sequence packet ,39559,39659
102.96,Received an expired out of sequence packet ,39560,39659
102.96,Received an expired out of sequence packet ,39561,39659
102.96,Received an expired out of sequence packet ,39562,39659
102.96,Received an expired out of sequence packet ,39563,39659
102.96,Received an expired out of sequence packet ,39564,39659
102.96,Received an expired out of sequence packet ,39565,39659
102.96,Received an expired out of sequence packet ,39566,39659
102.96,Received an expired out of sequence packet ,39567,39659
102.96,Received an expired out of sequence packet ,39568,39659
102.962,Received an expired out of sequence packet ,39569,39659
102.962,Received an expired out of sequence packet ,39570,39659
102.962,Received an expired out of sequence packet ,39571,39659
102.962,Received an expired out of sequence packet ,39572,39659
102.962,Received an expired out of sequence packet ,39573,39659
102.962,Received an expired out of sequence packet ,39574,39659
102.962,Received an expired out of sequence packet ,39575,39659
102.962,Received an expired out of sequence packet ,39576,39659
102.962,Received an expired out of sequence packet ,39577,39659
102.962,Received an expired out of sequence packet ,39578,39659
102.962,Received an expired out of sequence packet ,39579,39659
102.962,Received an expired out of sequence packet ,39580,39659
102.962,Received an expired out of sequence packet ,39581,39659
102.963,Received an expired out of sequence packet ,39582,39659
102.963,Received an expired out of sequence packet ,39583,39659
102.963,Received an expired out of sequence packet ,39584,39659
102.963,Received an expired out of sequence packet ,39585,39659
102.963,Received an expired out of sequence packet ,39586,39659
102.965,Received an expired out of sequence packet ,39587,39659
102.965,Received an expired out of sequence packet ,39588,39659
102.965,Received an expired out of sequence packet ,39589,39659
102.966,Received an expired out of sequence packet ,39590,39659
102.966,Received an expired out of sequence packet ,39591,39659
102.966,Received an expired out of sequence packet ,39592,39659
102.966,Received an expired out of sequence packet ,39593,39659
102.966,Received an expired out of sequence packet ,39594,39659
102.966,Received an expired out of sequence packet ,39595,39659
102.966,Received an expired out of sequence packet ,39596,39659
102.966,Received an expired out of sequence packet ,39597,39659
102.966,Received an expired out of sequence packet ,39598,39659
102.966,Received an expired out of sequence packet ,39599,39659
102.966,Received an expired out of sequence packet ,39600,39659
102.966,Received an expired out of sequence packet ,39601,39659
102.966,Received an expired out of sequence packet ,39602,39659
102.998,Received an expired out of sequence packet ,39603,39659
102.998,Received an expired out of sequence packet ,39604,39659
102.998,Received an expired out of sequence packet ,39605,39659
102.998,Received an expired out of sequence packet ,39606,39659
102.998,Received an expired out of sequence packet ,39607,39659
103.007,Received an expired out of sequence packet ,39608,39659
103.007,Received an expired out of sequence packet ,39609,39659
103.007,Received an expired out of sequence packet ,39610,39659
103.007,Received an expired out of sequence packet ,39611,39659
103.013,Received an expired out of sequence packet ,39612,39659
103.013,Received an expired out of sequence packet ,39613,39659
103.014,Received an expired out of sequence packet ,39614,39659
103.014,Received an expired out of sequence packet ,39615,39659
103.014,Received an expired out of sequence packet ,39616,39659
103.018,Received an expired out of sequence packet ,39617,39659
103.018,Received an expired out of sequence packet ,39618,39659
103.018,Received an expired out of sequence packet ,39619,39659
103.018,Received an expired out of sequence packet ,39620,39659
103.018,Received an expired out of sequence packet ,39621,39659
103.018,Received an expired out of sequence packet ,39622,39659
103.018,Received an expired out of sequence packet ,39623,39659
103.018,Received an expired out of sequence packet ,39624,39659
103.018,Received an expired out of sequence packet ,39625,39659
103.018,Received an expired out of sequence packet ,39626,39659
103.02,Received an expired out of sequence packet ,39627,39659
103.02,Received an expired out of sequence packet ,39628,39659
103.02,Received an expired out of sequence packet ,39629,39659
103.02,Received an expired out of sequence packet ,39630,39659
103.02,Received an expired out of sequence packet ,39631,39659
103.02,Received an expired out of sequence packet ,39632,39659
103.02,Received an expired out of sequence packet ,39633,39659
103.02,Received an expired out of sequence packet ,39634,39659
103.02,Received an expired out of sequence packet ,39635,39659
103.021,Received an expired out of sequence packet ,39636,39659
103.021,Received an expired out of sequence packet ,39637,39659
103.021,Received an expired out of sequence packet ,39638,39659
103.021,Received an expired out of sequence packet ,39639,39659
103.021,Received an expired out of sequence packet ,39640,39659
103.021,Received an expired out of sequence packet ,39641,39659
103.021,Received an expired out of sequence packet ,39642,39659
103.021,Received an expired out of sequence packet ,39643,39659
103.021,Received an expired out of sequence packet ,39644,39659
103.021,Received an expired out of sequence packet ,39645,39659
103.021,Received an expired out of sequence packet ,39646,39659
103.021,Received an expired out of sequence packet ,39647,39659
103.021,Received an expired out of sequence packet ,39648,39659
103.021,Received an expired out of sequence packet ,39649,39659
103.021,Received an expired out of sequence packet ,39650,39659
103.025,Received an expired out of sequence packet ,39651,39659
103.025,Received an expired out of sequence packet ,39652,39659
103.025,Received an expired out of sequence packet ,39653,39659
103.025,Received an expired out of sequence packet ,39654,39659
103.025,Received an expired out of sequence packet ,39655,39659
103.025,Received an expired out of sequence packet ,39656,39659
103.025,Received an expired out of sequence packet ,39657,39659
103.028,Received an expired out of sequence packet ,39658,39659
147.541,Timeout
147.541,clearing sending list because of timeout
147.599,Received an expired out of sequence packet ,71024,71226
147.599,Received an expired out of sequence packet ,71025,71226
147.599,Received an expired out of sequence packet ,71026,71226
147.654,Received an expired out of sequence packet ,71027,71226
147.655,Received an expired out of sequence packet ,71028,71226
147.655,Received an expired out of sequence packet ,71029,71226
147.655,Received an expired out of sequence packet ,71030,71226
147.655,Received an expired out of sequence packet ,71031,71226
147.655,Received an expired out of sequence packet ,71032,71226
147.655,Received an expired out of sequence packet ,71033,71226
147.655,Received an expired out of sequence packet ,71034,71226
147.66,Received an expired out of sequence packet ,71035,71226
147.661,Received an expired out of sequence packet ,71036,71226
147.661,Received an expired out of sequence packet ,71037,71226
147.661,Received an expired out of sequence packet ,71038,71226
147.661,Received an expired out of sequence packet ,71039,71226
147.661,Received an expired out of sequence packet ,71040,71226
147.69,Received an expired out of sequence packet ,71041,71226
147.69,Received an expired out of sequence packet ,71042,71226
147.69,Received an expired out of sequence packet ,71043,71226
147.69,Received an expired out of sequence packet ,71044,71226
147.69,Received an expired out of sequence packet ,71045,71226
147.69,Received an expired out of sequence packet ,71046,71226
147.69,Received an expired out of sequence packet ,71047,71226
147.69,Received an expired out of sequence packet ,71048,71226
147.7,Received an expired out of sequence packet ,71049,71226
147.7,Received an expired out of sequence packet ,71050,71226
147.704,Received an expired out of sequence packet ,71051,71226
147.704,Received an expired out of sequence packet ,71052,71226
147.704,Received an expired out of sequence packet ,71053,71226
147.704,Received an expired out of sequence packet ,71054,71226
147.708,Received an expired out of sequence packet ,71055,71226
147.708,Received an expired out of sequence packet ,71056,71226
147.708,Received an expired out of sequence packet ,71057,71226
147.708,Received an expired out of sequence packet ,71058,71226
147.708,Received an expired out of sequence packet ,71059,71226
147.708,Received an expired out of sequence packet ,71060,71226
147.708,Received an expired out of sequence packet ,71061,71226
147.708,Received an expired out of sequence packet ,71062,71226
147.708,Received an expired out of sequence packet ,71063,71226
147.708,Received an expired out of sequence packet ,71064,71226
147.708,Received an expired out of sequence packet ,71065,71226
147.711,Received an expired out of sequence packet ,71066,71226
147.711,Received an expired out of sequence packet ,71067,71226
147.712,Received an expired out of sequence packet ,71068,71226
147.712,Received an expired out of sequence packet ,71069,71226
147.712,Received an expired out of sequence packet ,71070,71226
147.712,Received an expired out of sequence packet ,71071,71226
147.713,Received an expired out of sequence packet ,71072,71226
147.713,Received an expired out of sequence packet ,71073,71226
147.713,Received an expired out of sequence packet ,71074,71226
147.713,Received an expired out of sequence packet ,71075,71226
147.729,Received an expired out of sequence packet ,71076,71226
147.729,Received an expired out of sequence packet ,71077,71226
147.729,Received an expired out of sequence packet ,71078,71226
147.729,Received an expired out of sequence packet ,71079,71226
147.729,Received an expired out of sequence packet ,71080,71226
147.729,Received an expired out of sequence packet ,71081,71226
147.729,Received an expired out of sequence packet ,71082,71226
147.729,Received an expired out of sequence packet ,71083,71226
147.729,Received an expired out of sequence packet ,71084,71226
147.729,Received an expired out of sequence packet ,71085,71226
147.729,Received an expired out of sequence packet ,71086,71226
147.729,Received an expired out of sequence packet ,71087,71226
147.729,Received an expired out of sequence packet ,71088,71226
147.729,Received an expired out of sequence packet ,71089,71226
147.729,Received an expired out of sequence packet ,71090,71226
147.729,Received an expired out of sequence packet ,71091,71226
147.739,Received an expired out of sequence packet ,71092,71226
147.739,Received an expired out of sequence packet ,71093,71226
147.739,Received an expired out of sequence packet ,71094,71226
147.739,Received an expired out of sequence packet ,71095,71226
147.743,Received an expired out of sequence packet ,71096,71226
147.747,Received an expired out of sequence packet ,71097,71226
147.747,Received an expired out of sequence packet ,71098,71226
147.747,Received an expired out of sequence packet ,71099,71226
147.747,Received an expired out of sequence packet ,71100,71226
147.747,Received an expired out of sequence packet ,71101,71226
147.747,Received an expired out of sequence packet ,71102,71226
147.747,Received an expired out of sequence packet ,71103,71226
147.747,Received an expired out of sequence packet ,71104,71226
147.761,Received an expired out of sequence packet ,71105,71226
147.761,Received an expired out of sequence packet ,71106,71226
147.761,Received an expired out of sequence packet ,71107,71226
147.761,Received an expired out of sequence packet ,71108,71226
147.761,Received an expired out of sequence packet ,71109,71226
147.761,Received an expired out of sequence packet ,71110,71226
147.762,Received an expired out of sequence packet ,71111,71226
147.762,Received an expired out of sequence packet ,71112,71226
147.762,Received an expired out of sequence packet ,71113,71226
147.762,Received an expired out of sequence packet ,71114,71226
147.762,Received an expired out of sequence packet ,71115,71226
147.762,Received an expired out of sequence packet ,71116,71226
147.762,Received an expired out of sequence packet ,71117,71226
147.763,Received an expired out of sequence packet ,71118,71226
147.763,Received an expired out of sequence packet ,71119,71226
147.763,Received an expired out of sequence packet ,71120,71226
147.77,Received an expired out of sequence packet ,71121,71226
147.77,Received an expired out of sequence packet ,71122,71226
147.77,Received an expired out of sequence packet ,71123,71226
147.77,Received an expired out of sequence packet ,71124,71226
147.77,Received an expired out of sequence packet ,71125,71226
147.77,Received an expired out of sequence packet ,71126,71226
147.771,Received an expired out of sequence packet ,71127,71226
147.771,Received an expired out of sequence packet ,71128,71226
147.771,Received an expired out of sequence packet ,71129,71226
147.771,Received an expired out of sequence packet ,71130,71226
147.771,Received an expired out of sequence packet ,71131,71226
147.771,Received an expired out of sequence packet ,71132,71226
147.771,Received an expired out of sequence packet ,71133,71226
147.771,Received an expired out of sequence packet ,71134,71226
147.771,Received an expired out of sequence packet ,71135,71226
147.771,Received an expired out of sequence packet ,71136,71226
147.771,Received an expired out of sequence packet ,71137,71226
147.771,Received an expired out of sequence packet ,71138,71226
147.771,Received an expired out of sequence packet ,71139,71226
147.771,Received an expired out of sequence packet ,71140,71226
147.771,Received an expired out of sequence packet ,71141,71226
147.772,Received an expired out of sequence packet ,71142,71226
147.772,Received an expired out of sequence packet ,71143,71226
147.772,Received an expired out of sequence packet ,71144,71226
147.773,Received an expired out of sequence packet ,71145,71226
147.773,Received an expired out of sequence packet ,71146,71226
147.773,Received an expired out of sequence packet ,71147,71226
147.773,Received an expired out of sequence packet ,71148,71226
147.773,Received an expired out of sequence packet ,71149,71226
147.773,Received an expired out of sequence packet ,71150,71226
147.773,Received an expired out of sequence packet ,71151,71226
147.773,Received an expired out of sequence packet ,71152,71226
147.773,Received an expired out of sequence packet ,71153,71226
147.773,Received an expired out of sequence packet ,71154,71226
147.773,Received an expired out of sequence packet ,71155,71226
147.773,Received an expired out of sequence packet ,71156,71226
147.773,Received an expired out of sequence packet ,71157,71226
147.773,Received an expired out of sequence packet ,71158,71226
147.773,Received an expired out of sequence packet ,71159,71226
147.774,Received an expired out of sequence packet ,71160,71226
147.774,Received an expired out of sequence packet ,71161,71226
147.774,Received an expired out of sequence packet ,71162,71226
147.774,Received an expired out of sequence packet ,71163,71226
147.774,Received an expired out of sequence packet ,71164,71226
147.774,Received an expired out of sequence packet ,71165,71226
147.774,Received an expired out of sequence packet ,71166,71226
147.774,Received an expired out of sequence packet ,71167,71226
147.774,Received an expired out of sequence packet ,71168,71226
147.774,Received an expired out of sequence packet ,71169,71226
147.779,Received an expired out of sequence packet ,71170,71226
147.779,Received an expired out of sequence packet ,71171,71226
147.779,Received an expired out of sequence packet ,71172,71226
147.779,Received an expired out of sequence packet ,71173,71226
147.779,Received an expired out of sequence packet ,71174,71226
147.787,Received an expired out of sequence packet ,71175,71226
147.788,Received an expired out of sequence packet ,71176,71226
147.788,Received an expired out of sequence packet ,71177,71226
147.788,Received an expired out of sequence packet ,71178,71226
147.788,Received an expired out of sequence packet ,71179,71226
147.788,Received an expired out of sequence packet ,71180,71226
147.788,Received an expired out of sequence packet ,71181,71226
147.788,Received an expired out of sequence packet ,71182,71226
147.788,Received an expired out of sequence packet ,71183,71226
147.788,Received an expired out of sequence packet ,71184,71226
147.788,Received an expired out of sequence packet ,71185,71226
147.788,Received an expired out of sequence packet ,71186,71226
147.79,Received an expired out of sequence packet ,71187,71226
147.79,Received an expired out of sequence packet ,71188,71226
147.795,Received an expired out of sequence packet ,71189,71226
147.795,Received an expired out of sequence packet ,71190,71226
147.795,Received an expired out of sequence packet ,71191,71226
147.795,Received an expired out of sequence packet ,71192,71226
147.795,Received an expired out of sequence packet ,71193,71226
147.795,Received an expired out of sequence packet ,71194,71226
147.795,Received an expired out of sequence packet ,71195,71226
147.795,Received an expired out of sequence packet ,71196,71226
147.795,Received an expired out of sequence packet ,71197,71226
147.796,Received an expired out of sequence packet ,71198,71226
147.796,Received an expired out of sequence packet ,71199,71226
147.796,Received an expired out of sequence packet ,71200,71226
147.796,Received an expired out of sequence packet ,71201,71226
147.796,Received an expired out of sequence packet ,71202,71226
147.796,Received an expired out of sequence packet ,71203,71226
147.796,Received an expired out of sequence packet ,71204,71226
147.8,Received an expired out of sequence packet ,71205,71226
147.8,Received an expired out of sequence packet ,71206,71226
147.8,Received an expired out of sequence packet ,71207,71226
147.8,Received an expired out of sequence packet ,71208,71226
147.8,Received an expired out of sequence packet ,71209,71226
147.8,Received an expired out of sequence packet ,71210,71226
147.8,Received an expired out of sequence packet ,71211,71226
147.8,Received an expired out of sequence packet ,71212,71226
147.8,Received an expired out of sequence packet ,71213,71226
147.8,Received an expired out of sequence packet ,71214,71226
147.8,Received an expired out of sequence packet ,71215,71226
147.805,Received an expired out of sequence packet ,71216,71226
147.805,Received an expired out of sequence packet ,71217,71226
147.805,Received an expired out of sequence packet ,71218,71226
147.805,Received an expired out of sequence packet ,71219,71226
147.805,Received an expired out of sequence packet ,71220,71226
147.805,Received an expired out of sequence packet ,71221,71226
147.805,Received an expired out of sequence packet ,71222,71226
147.805,Received an expired out of sequence packet ,71223,71226
147.805,Received an expired out of sequence packet ,71224,71226
147.816,Received an expired out of sequence packet ,71225,71226
169.438,Restart,can't map delay on delay curve
170.79,Exit slow start,exceeding SS_EXIT_THRESHOLD
187.08,Timeout
187.08,clearing sending list because of timeout
187.108,Received an expired out of sequence packet ,14360,14370
187.108,Received an expired out of sequence packet ,14361,14370
187.121,Received an expired out of sequence packet ,14362,14370
187.121,Received an expired out of sequence packet ,14363,14370
187.121,Received an expired out of sequence packet ,14364,14370
187.121,Received an expired out of sequence packet ,14365,14370
187.121,Received an expired out of sequence packet ,14366,14370
187.121,Received an expired out of sequence packet ,14367,14370
187.121,Received an expired out of sequence packet ,14368,14370
187.121,Received an expired out of sequence packet ,14369,14370
188.675,Timeout
188.675,clearing sending list because of timeout
188.714,Received an expired out of sequence packet ,14440,14450
188.735,Received an expired out of sequence packet ,14441,14450
188.735,Received an expired out of sequence packet ,14442,14450
188.736,Received an expired out of sequence packet ,14443,14450
188.736,Received an expired out of sequence packet ,14444,14450
188.736,Received an expired out of sequence packet ,14445,14450
188.736,Received an expired out of sequence packet ,14446,14450
188.747,Received an expired out of sequence packet ,14447,14450
188.747,Received an expired out of sequence packet ,14448,14450
188.747,Received an expired out of sequence packet ,14449,14450
253.654,Timeout
253.654,clearing sending list because of timeout
254.03,Timeout
254.03,clearing sending list because of timeout
254.406,Timeout
254.406,clearing sending list because of timeout
254.782,Timeout
254.782,clearing sending list because of timeout
254.795,Received an expired out of sequence packet ,53262,53361
254.809,Received an expired out of sequence packet ,53263,53361
254.809,Received an expired out of sequence packet ,53264,53361
254.813,Received an expired out of sequence packet ,53265,53361
254.813,Received an expired out of sequence packet ,53266,53361
254.813,Received an expired out of sequence packet ,53267,53361
254.813,Received an expired out of sequence packet ,53268,53361
254.813,Received an expired out of sequence packet ,53269,53361
254.814,Received an expired out of sequence packet ,53270,53361
254.815,Received an expired out of sequence packet ,53271,53361
254.815,Received an expired out of sequence packet ,53272,53361
254.815,Received an expired out of sequence packet ,53273,53361
254.815,Received an expired out of sequence packet ,53274,53361
254.816,Received an expired out of sequence packet ,53275,53361
254.816,Received an expired out of sequence packet ,53276,53361
254.816,Received an expired out of sequence packet ,53277,53361
254.816,Received an expired out of sequence packet ,53278,53361
254.818,Received an expired out of sequence packet ,53279,53361
254.822,Received an expired out of sequence packet ,53280,53361
254.822,Received an expired out of sequence packet ,53281,53361
254.826,Received an expired out of sequence packet ,53282,53361
254.826,Received an expired out of sequence packet ,53283,53361
254.83,Received an expired out of sequence packet ,53284,53361
254.831,Received an expired out of sequence packet ,53285,53361
254.831,Received an expired out of sequence packet ,53286,53361
254.834,Received an expired out of sequence packet ,53287,53361
254.835,Received an expired out of sequence packet ,53288,53361
254.837,Received an expired out of sequence packet ,53289,53361
254.837,Received an expired out of sequence packet ,53290,53361
254.848,Received an expired out of sequence packet ,53291,53361
254.851,Received an expired out of sequence packet ,53292,53361
254.851,Received an expired out of sequence packet ,53293,53361
254.851,Received an expired out of sequence packet ,53294,53361
254.851,Received an expired out of sequence packet ,53295,53361
254.851,Received an expired out of sequence packet ,53296,53361
254.851,Received an expired out of sequence packet ,53297,53361
254.851,Received an expired out of sequence packet ,53298,53361
254.856,Received an expired out of sequence packet ,53299,53361
254.856,Received an expired out of sequence packet ,53300,53361
254.856,Received an expired out of sequence packet ,53301,53361
254.858,Received an expired out of sequence packet ,53302,53361
254.858,Received an expired out of sequence packet ,53303,53361
254.858,Received an expired out of sequence packet ,53304,53361
254.858,Received an expired out of sequence packet ,53305,53361
254.858,Received an expired out of sequence packet ,53306,53361
254.861,Received an expired out of sequence packet ,53307,53361
254.861,Received an expired out of sequence packet ,53308,53361
254.864,Received an expired out of sequence packet ,53309,53361
254.864,Received an expired out of sequence packet ,53310,53361
254.864,Received an expired out of sequence packet ,53311,53361
254.864,Received an expired out of sequence packet ,53312,53361
254.887,Received an expired out of sequence packet ,53313,53361
254.9,Received an expired out of sequence packet ,53314,53361
254.905,Received an expired out of sequence packet ,53315,53361
254.905,Received an expired out of sequence packet ,53316,53361
254.905,Received an expired out of sequence packet ,53317,53361
254.906,Received an expired out of sequence packet ,53318,53361
254.906,Received an expired out of sequence packet ,53319,53361
254.914,Received an expired out of sequence packet ,53320,53361
254.914,Received an expired out of sequence packet ,53321,53361
254.916,Received an expired out of sequence packet ,53322,53361
254.919,Received an expired out of sequence packet ,53323,53361
254.919,Received an expired out of sequence packet ,53324,53361
254.923,Received an expired out of sequence packet ,53325,53361
254.923,Received an expired out of sequence packet ,53326,53361
254.927,Received an expired out of sequence packet ,53327,53361
254.937,Received an expired out of sequence packet ,53328,53361
254.941,Received an expired out of sequence packet ,53329,53361
254.941,Received an expired out of sequence packet ,53330,53361
254.944,Received an expired out of sequence packet ,53331,53361
254.944,Received an expired out of sequence packet ,53332,53361
254.944,Received an expired out of sequence packet ,53333,53361
254.944,Received an expired out of sequence packet ,53334,53361
254.946,Received an expired out of sequence packet ,53335,53361
254.946,Received an expired out of sequence packet ,53336,53361
254.946,Received an expired out of sequence packet ,53337,53361
254.946,Received an expired out of sequence packet ,53338,53361
254.946,Received an expired out of sequence packet ,53339,53361
254.962,Received an expired out of sequence packet ,53340,53361
254.967,Received an expired out of sequence packet ,53341,53361
254.967,Received an expired out of sequence packet ,53342,53361
254.967,Received an expired out of sequence packet ,53343,53361
254.968,Received an expired out of sequence packet ,53344,53361
254.968,Received an expired out of sequence packet ,53345,53361
254.968,Received an expired out of sequence packet ,53346,53361
254.968,Received an expired out of sequence packet ,53347,53361
254.99,Received an expired out of sequence packet ,53348,53361
254.99,Received an expired out of sequence packet ,53349,53361
254.99,Received an expired out of sequence packet ,53350,53361
254.99,Received an expired out of sequence packet ,53351,53361
254.996,Received an expired out of sequence packet ,53352,53361
255.001,Received an expired out of sequence packet ,53353,53361
255.001,Received an expired out of sequence packet ,53354,53361
255.001,Received an expired out of sequence packet ,53355,53361
255.001,Received an expired out of sequence packet ,53356,53361
255.001,Received an expired out of sequence packet ,53357,53361
255.007,Received an expired out of sequence packet ,53358,53361
255.012,Received an expired out of sequence packet ,53359,53361
255.015,Received an expired out of sequence packet ,53360,53361
293.782,Timeout
293.782,clearing sending list because of timeout
293.783,Received an expired out of sequence packet ,74660,74752
294.781,Received an expired out of sequence packet ,74661,74752
294.94,Received an expired out of sequence packet ,74662,74752
294.947,Received an expired out of sequence packet ,74663,74752
294.95,Received an expired out of sequence packet ,74664,74752
295.027,Received an expired out of sequence packet ,74665,74752
295.03,Received an expired out of sequence packet ,74666,74752
295.038,Received an expired out of sequence packet ,74667,74752
295.038,Received an expired out of sequence packet ,74668,74752
295.044,Received an expired out of sequence packet ,74669,74752
295.044,Received an expired out of sequence packet ,74670,74752
295.044,Received an expired out of sequence packet ,74671,74752
295.044,Received an expired out of sequence packet ,74672,74752
295.044,Received an expired out of sequence packet ,74673,74752
295.044,Received an expired out of sequence packet ,74674,74752
295.044,Received an expired out of sequence packet ,74675,74752
295.044,Received an expired out of sequence packet ,74676,74752
295.044,Received an expired out of sequence packet ,74677,74752
295.053,Received an expired out of sequence packet ,74678,74752
295.053,Received an expired out of sequence packet ,74679,74752
295.053,Received an expired out of sequence packet ,74680,74752
295.053,Received an expired out of sequence packet ,74681,74752
295.053,Received an expired out of sequence packet ,74682,74752
295.053,Received an expired out of sequence packet ,74683,74752
295.053,Received an expired out of sequence packet 