1.08493,Exit slow start,exceeding SS_EXIT_THRESHOLD
42.5108,Timeout
42.5108,clearing sending list because of timeout
42.6346,Received an expired out of sequence packet ,34902,35222
42.6526,Received an expired out of sequence packet ,34903,35222
42.6787,Received an expired out of sequence packet ,34904,35222
42.6979,Received an expired out of sequence packet ,34905,35222
42.7059,Received an expired out of sequence packet ,34906,35222
42.715,Received an expired out of sequence packet ,34907,35222
42.7322,Received an expired out of sequence packet ,34908,35222
42.7394,Received an expired out of sequence packet ,34909,35222
42.7575,Received an expired out of sequence packet ,34910,35222
42.7707,Received an expired out of sequence packet ,34911,35222
42.7707,Received an expired out of sequence packet ,34912,35222
42.7788,Received an expired out of sequence packet ,34913,35222
42.7949,Received an expired out of sequence packet ,34914,35222
42.8031,Received an expired out of sequence packet ,34915,35222
42.8192,Received an expired out of sequence packet ,34916,35222
42.8355,Received an expired out of sequence packet ,34917,35222
42.8426,Received an expired out of sequence packet ,34918,35222
42.8526,Received an expired out of sequence packet ,34919,35222
42.8728,Received an expired out of sequence packet ,34920,35222
42.887,Received an expired out of sequence packet ,34921,35222
42.8982,Received an expired out of sequence packet ,34922,35222
42.9153,Received an expired out of sequence packet ,34923,35222
42.9315,Received an expired out of sequence packet ,34924,35222
42.9456,Received an expired out of sequence packet ,34925,35222
42.9577,Received an expired out of sequence packet ,34926,35222
42.9908,Received an expired out of sequence packet ,34927,35222
43.0161,Received an expired out of sequence packet ,34928,35222
43.0312,Received an expired out of sequence packet ,34929,35222
43.0584,Received an expired out of sequence packet ,34930,35222
43.0765,Received an expired out of sequence packet ,34931,35222
43.1006,Received an expired out of sequence packet ,34932,35222
43.1208,Received an expired out of sequence packet ,34933,35222
43.1499,Received an expired out of sequence packet ,34934,35222
43.17,Received an expired out of sequence packet ,34935,35222
43.1962,Received an expired out of sequence packet ,34936,35222
43.2183,Received an expired out of sequence packet ,34937,35222
43.2394,Received an expired out of sequence packet ,34938,35222
43.2726,Received an expired out of sequence packet ,34939,35222
43.3028,Received an expired out of sequence packet ,34940,35222
43.3109,Received an expired out of sequence packet ,34941,35222
43.3351,Received an expired out of sequence packet ,34942,35222
43.3542,Received an expired out of sequence packet ,34943,35222
43.3743,Received an expired out of sequence packet ,34944,35222
43.3952,Received an expired out of sequence packet ,34945,35222
43.4138,Received an expired out of sequence packet ,34946,35222
43.4299,Received an expired out of sequence packet ,34947,35222
43.442,Received an expired out of sequence packet ,34948,35222
43.452,Received an expired out of sequence packet ,34949,35222
43.4671,Received an expired out of sequence packet ,34950,35222
43.4782,Received an expired out of sequence packet ,34951,35222
43.4903,Received an expired out of sequence packet ,34952,35222
43.5034,Received an expired out of sequence packet ,34953,35222
43.5174,Received an expired out of sequence packet ,34954,35222
43.5376,Received an expired out of sequence packet ,34955,35222
43.5466,Received an expired out of sequence packet ,34956,35222
43.5697,Received an expired out of sequence packet ,34957,35222
43.5979,Received an expired out of sequence packet ,34958,35222
43.613,Received an expired out of sequence packet ,34959,35222
43.6353,Received an expired out of sequence packet ,34960,35222
43.6494,Received an expired out of sequence packet ,34961,35222
43.6635,Received an expired out of sequence packet ,34962,35222
43.6847,Received an expired out of sequence packet ,34963,35222
43.6968,Received an expired out of sequence packet ,34964,35222
43.712,Received an expired out of sequence packet ,34965,35222
43.729,Received an expired out of sequence packet ,34966,35222
43.7563,Received an expired out of sequence packet ,34967,35222
43.7704,Received an expired out of sequence packet ,34968,35222
43.7977,Received an expired out of sequence packet ,34969,35222
43.8077,Received an expired out of sequence packet ,34970,35222
43.829,Received an expired out of sequence packet ,34971,35222
43.8411,Received an expired out of sequence packet ,34972,35222
43.8524,Received an expired out of sequence packet ,34973,35222
43.8656,Received an expired out of sequence packet ,34974,35222
43.8717,Received an expired out of sequence packet ,34975,35222
43.8769,Received an expired out of sequence packet ,34976,35222
43.889,Received an expired out of sequence packet ,34977,35222
43.8951,Received an expired out of sequence packet ,34978,35222
43.9022,Received an expired out of sequence packet ,34979,35222
43.9022,Received an expired out of sequence packet ,34980,35222
43.9155,Received an expired out of sequence packet ,34981,35222
43.9246,Received an expired out of sequence packet ,34982,35222
43.9346,Received an expired out of sequence packet ,34983,35222
43.9437,Received an expired out of sequence packet ,34984,35222
43.958,Received an expired out of sequence packet ,34985,35222
43.9641,Received an expired out of sequence packet ,34986,35222
43.9763,Received an expired out of sequence packet ,34987,35222
43.9924,Received an expired out of sequence packet ,34988,35222
44.0127,Received an expired out of sequence packet ,34989,35222
44.0218,Received an expired out of sequence packet ,34990,35222
44.058,Received an expired out of sequence packet ,34991,35222
44.0732,Received an expired out of sequence packet ,34992,35222
44.0894,Received an expired out of sequence packet ,34993,35222
44.1075,Received an expired out of sequence packet ,34994,35222
44.1297,Received an expired out of sequence packet ,34995,35222
44.1429,Received an expired out of sequence packet ,34996,35222
44.154,Received an expired out of sequence packet ,34997,35222
44.1682,Received an expired out of sequence packet ,34998,35222
44.1843,Received an expired out of sequence packet ,34999,35222
44.1965,Received an expired out of sequence packet ,35000,35222
44.2147,Received an expired out of sequence packet ,35001,35222
44.2258,Received an expired out of sequence packet ,35002,35222
44.243,Received an expired out of sequence packet ,35003,35222
44.2561,Received an expired out of sequence packet ,35004,35222
44.2773,Received an expired out of sequence packet ,35005,35222
44.2855,Received an expired out of sequence packet ,35006,35222
44.3067,Received an expired out of sequence packet ,35007,35222
44.3128,Received an expired out of sequence packet ,35008,35222
44.3391,Received an expired out of sequence packet ,35009,35222
44.3542,Received an expired out of sequence packet ,35010,35222
44.3783,Received an expired out of sequence packet ,35011,35222
44.3934,Received an expired out of sequence packet ,35012,35222
44.4157,Received an expired out of sequence packet ,35013,35222
44.4279,Received an expired out of sequence packet ,35014,35222
44.447,Received an expired out of sequence packet ,35015,35222
44.469,Received an expired out of sequence packet ,35016,35222
44.5073,Received an expired out of sequence packet ,35017,35222
44.5215,Received an expired out of sequence packet ,35018,35222
44.5495,Received an expired out of sequence packet ,35019,35222
44.5827,Received an expired out of sequence packet ,35020,35222
44.6069,Received an expired out of sequence packet ,35021,35222
44.6311,Received an expired out of sequence packet ,35022,35222
44.6513,Received an expired out of sequence packet ,35023,35222
44.6645,Received an expired out of sequence packet ,35024,35222
44.6827,Received an expired out of sequence packet ,35025,35222
44.6948,Received an expired out of sequence packet ,35026,35222
44.71,Received an expired out of sequence packet ,35027,35222
44.7252,Received an expired out of sequence packet ,35028,35222
44.7443,Received an expired out of sequence packet ,35029,35222
44.7525,Received an expired out of sequence packet ,35030,35222
44.7668,Received an expired out of sequence packet ,35031,35222
44.7739,Received an expired out of sequence packet ,35032,35222
44.7862,Received an expired out of sequence packet ,35033,35222
44.8023,Received an expired out of sequence packet ,35034,35222
44.8034,Received an expired out of sequence packet ,35035,35222
44.8125,Received an expired out of sequence packet ,35036,35222
44.8287,Received an expired out of sequence packet ,35037,35222
44.8428,Received an expired out of sequence packet ,35038,35222
44.856,Received an expired out of sequence packet ,35039,35222
44.8742,Received an expired out of sequence packet ,35040,35222
44.8873,Received an expired out of sequence packet ,35041,35222
44.9025,Received an expired out of sequence packet ,35042,35222
44.9126,Received an expired out of sequence packet ,35043,35222
44.9318,Received an expired out of sequence packet ,35044,35222
44.9539,Received an expired out of sequence packet ,35045,35222
44.9725,Received an expired out of sequence packet ,35046,35222
44.9777,Received an expired out of sequence packet ,35047,35222
44.9777,Received an expired out of sequence packet ,35048,35222
44.9789,Received an expired out of sequence packet ,35049,35222
44.98,Received an expired out of sequence packet ,35050,35222
44.9913,Received an expired out of sequence packet ,35051,35222
44.9953,Received an expired out of sequence packet ,35052,35222
45.0036,Received an expired out of sequence packet ,35053,35222
45.0036,Received an expired out of sequence packet ,35054,35222
45.0047,Received an expired out of sequence packet ,35055,35222
45.0047,Received an expired out of sequence packet ,35056,35222
45.0047,Received an expired out of sequence packet ,35057,35222
45.0059,Received an expired out of sequence packet ,35058,35222
45.0156,Received an expired out of sequence packet ,35059,35222
45.0188,Received an expired out of sequence packet ,35060,35222
45.0188,Received an expired out of sequence packet ,35061,35222
45.0359,Received an expired out of sequence packet ,35062,35222
45.0412,Received an expired out of sequence packet ,35063,35222
45.0575,Received an expired out of sequence packet ,35064,35222
45.0575,Received an expired out of sequence packet ,35065,35222
45.0575,Received an expired out of sequence packet ,35066,35222
45.0608,Received an expired out of sequence packet ,35067,35222
45.0608,Received an expired out of sequence packet ,35068,35222
45.067,Received an expired out of sequence packet ,35069,35222
45.0802,Received an expired out of sequence packet ,35070,35222
45.0802,Received an expired out of sequence packet ,35071,35222
45.0803,Received an expired out of sequence packet ,35072,35222
45.0814,Received an expired out of sequence packet ,35073,35222
45.0843,Received an expired out of sequence packet ,35074,35222
45.0843,Received an expired out of sequence packet ,35075,35222
45.0843,Received an expired out of sequence packet ,35076,35222
45.098,Received an expired out of sequence packet ,35077,35222
45.1052,Received an expired out of sequence packet ,35078,35222
45.1063,Received an expired out of sequence packet ,35079,35222
45.1063,Received an expired out of sequence packet ,35080,35222
45.1063,Received an expired out of sequence packet ,35081,35222
45.1074,Received an expired out of sequence packet ,35082,35222
45.1135,Received an expired out of sequence packet ,35083,35222
45.1157,Received an expired out of sequence packet ,35084,35222
45.1218,Received an expired out of sequence packet ,35085,35222
45.1259,Received an expired out of sequence packet ,35086,35222
45.129,Received an expired out of sequence packet ,35087,35222
45.1432,Received an expired out of sequence packet ,35088,35222
45.1443,Received an expired out of sequence packet ,35089,35222
45.1443,Received an expired out of sequence packet ,35090,35222
45.1474,Received an expired out of sequence packet ,35091,35222
45.1583,Received an expired out of sequence packet ,35092,35222
45.1584,Received an expired out of sequence packet ,35093,35222
45.1717,Received an expired out of sequence packet ,35094,35222
45.179,Received an expired out of sequence packet ,35095,35222
45.1802,Received an expired out of sequence packet ,35096,35222
45.1813,Received an expired out of sequence packet ,35097,35222
45.195,Received an expired out of sequence packet ,35098,35222
45.195,Received an expired out of sequence packet ,35099,35222
45.195,Received an expired out of sequence packet ,35100,35222
45.1981,Received an expired out of sequence packet ,35101,35222
45.1992,Received an expired out of sequence packet ,35102,35222
45.1993,Received an expired out of sequence packet ,35103,35222
45.2004,Received an expired out of sequence packet ,35104,35222
45.2015,Received an expired out of sequence packet ,35105,35222
45.2034,Received an expired out of sequence packet ,35106,35222
45.2067,Received an expired out of sequence packet ,35107,35222
45.2077,Received an expired out of sequence packet ,35108,35222
45.215,Received an expired out of sequence packet ,35109,35222
45.2182,Received an expired out of sequence packet ,35110,35222
45.2182,Received an expired out of sequence packet ,35111,35222
45.2223,Received an expired out of sequence packet ,35112,35222
45.2235,Received an expired out of sequence packet ,35113,35222
45.2255,Received an expired out of sequence packet ,35114,35222
45.2276,Received an expired out of sequence packet ,35115,35222
45.2337,Received an expired out of sequence packet ,35116,35222
45.2337,Received an expired out of sequence packet ,35117,35222
45.2349,Received an expired out of sequence packet ,35118,35222
45.2399,Received an expired out of sequence packet ,35119,35222
45.2452,Received an expired out of sequence packet ,35120,35222
45.2584,Received an expired out of sequence packet ,35121,35222
45.2584,Received an expired out of sequence packet ,35122,35222
45.2584,Received an expired out of sequence packet ,35123,35222
45.2584,Received an expired out of sequence packet ,35124,35222
45.2605,Received an expired out of sequence packet ,35125,35222
45.2636,Received an expired out of sequence packet ,35126,35222
45.2637,Received an expired out of sequence packet ,35127,35222
45.2667,Received an expired out of sequence packet ,35128,35222
45.2847,Received an expired out of sequence packet ,35129,35222
45.2858,Received an expired out of sequence packet ,35130,35222
45.2889,Received an expired out of sequence packet ,35131,35222
45.2889,Received an expired out of sequence packet ,35132,35222
45.2952,Received an expired out of sequence packet ,35133,35222
45.2964,Received an expired out of sequence packet ,35134,35222
45.2964,Received an expired out of sequence packet ,35135,35222
45.2964,Received an expired out of sequence packet ,35136,35222
45.2995,Received an expired out of sequence packet ,35137,35222
45.3015,Received an expired out of sequence packet ,35138,35222
45.3037,Received an expired out of sequence packet ,35139,35222
45.3058,Received an expired out of sequence packet ,35140,35222
45.3099,Received an expired out of sequence packet ,35141,35222
45.314,Received an expired out of sequence packet ,35142,35222
45.3141,Received an expired out of sequence packet ,35143,35222
45.3152,Received an expired out of sequence packet ,35144,35222
45.3208,Received an expired out of sequence packet ,35145,35222
45.3376,Received an expired out of sequence packet ,35146,35222
45.3376,Received an expired out of sequence packet ,35147,35222
45.3409,Received an expired out of sequence packet ,35148,35222
45.3409,Received an expired out of sequence packet ,35149,35222
45.344,Received an expired out of sequence packet ,35150,35222
45.3492,Received an expired out of sequence packet ,35151,35222
45.3503,Received an expired out of sequence packet ,35152,35222
45.3525,Received an expired out of sequence packet ,35153,35222
45.3561,Received an expired out of sequence packet ,35154,35222
45.3584,Received an expired out of sequence packet ,35155,35222
45.3584,Received an expired out of sequence packet ,35156,35222
45.374,Received an expired out of sequence packet ,35157,35222
45.3762,Received an expired out of sequence packet ,35158,35222
45.3773,Received an expired out of sequence packet ,35159,35222
45.3803,Received an expired out of sequence packet ,35160,35222
45.3803,Received an expired out of sequence packet ,35161,35222
45.3803,Received an expired out of sequence packet ,35162,35222
45.3846,Received an expired out of sequence packet ,35163,35222
45.3846,Received an expired out of sequence packet ,35164,35222
45.3877,Received an expired out of sequence packet ,35165,35222
45.3928,Received an expired out of sequence packet ,35166,35222
45.395,Received an expired out of sequence packet ,35167,35222
45.3977,Received an expired out of sequence packet ,35168,35222
45.4009,Received an expired out of sequence packet ,35169,35222
45.4041,Received an expired out of sequence packet ,35170,35222
45.4178,Received an expired out of sequence packet ,35171,35222
45.4199,Received an expired out of sequence packet ,35172,35222
45.4211,Received an expired out of sequence packet ,35173,35222
45.4282,Received an expired out of sequence packet ,35174,35222
45.4333,Received an expired out of sequence packet ,35175,35222
45.4345,Received an expired out of sequence packet ,35176,35222
45.4345,Received an expired out of sequence packet ,35177,35222
45.4356,Received an expired out of sequence packet ,35178,35222
45.4383,Received an expired out of sequence packet ,35179,35222
45.4404,Received an expired out of sequence packet ,35180,35222
45.4564,Received an expired out of sequence packet ,35181,35222
45.4608,Received an expired out of sequence packet ,35182,35222
45.4608,Received an expired out of sequence packet ,35183,35222
45.4608,Received an expired out of sequence packet ,35184,35222
45.4608,Received an expired out of sequence packet ,35185,35222
45.4608,Received an expired out of sequence packet ,35186,35222
45.4608,Received an expired out of sequence packet ,35187,35222
45.4639,Received an expired out of sequence packet ,35188,35222
45.466,Received an expired out of sequence packet ,35189,35222
45.4682,Received an expired out of sequence packet ,35190,35222
45.4733,Received an expired out of sequence packet ,35191,35222
45.4744,Received an expired out of sequence packet ,35192,35222
45.4745,Received an expired out of sequence packet ,35193,35222
45.4766,Received an expired out of sequence packet ,35194,35222
45.478,Received an expired out of sequence packet ,35195,35222
45.4801,Received an expired out of sequence packet ,35196,35222
45.497,Received an expired out of sequence packet ,35197,35222
45.497,Received an expired out of sequence packet ,35198,35222
45.4981,Received an expired out of sequence packet ,35199,35222
45.4981,Received an expired out of sequence packet ,35200,35222
45.4982,Received an expired out of sequence packet ,35201,35222
45.4982,Received an expired out of sequence packet ,35202,35222
45.5002,Received an expired out of sequence packet ,35203,35222
45.5003,Received an expired out of sequence packet ,35204,35222
45.5013,Received an expired out of sequence packet ,35205,35222
45.5035,Received an expired out of sequence packet ,35206,35222
45.5076,Received an expired out of sequence packet ,35207,35222
45.5076,Received an expired out of sequence packet ,35208,35222
45.5157,Received an expired out of sequence packet ,35209,35222
45.5168,Received an expired out of sequence packet ,35210,35222
45.5169,Received an expired out of sequence packet ,35211,35222
45.518,Received an expired out of sequence packet ,35212,35222
45.5211,Received an expired out of sequence packet ,35213,35222
45.5268,Received an expired out of sequence packet ,35214,35222
45.5456,Received an expired out of sequence packet ,35215,35222
45.5456,Received an expired out of sequence packet ,35216,35222
45.5467,Received an expired out of sequence packet ,35217,35222
45.5467,Received an expired out of sequence packet ,35218,35222
45.5479,Received an expired out of sequence packet ,35219,35222
45.5479,Received an expired out of sequence packet ,35220,35222
45.549,Received an expired out of sequence packet ,35221,35222
128.917,Timeout
128.917,clearing sending list because of timeout
128.928,Received an expired out of sequence packet ,101703,101717
129.917,Received an expired out of sequence packet ,101704,101717
129.974,Received an expired out of sequence packet ,101705,101717
129.976,Received an expired out of sequence packet ,101706,101717
129.977,Received an expired out of sequence packet ,101707,101717
129.979,Received an expired out of sequence packet ,101708,101717
129.979,Received an expired out of sequence packet ,101709,101717
129.979,Received an expired out of sequence packet ,101710,101717
129.979,Received an expired out of sequence packet ,101711,101717
129.979,Received an expired out of sequence packet ,101712,101717
129.979,Received an expired out of sequence packet ,101713,101717
129.982,Received an expired out of sequence packet ,101714,101717
129.985,Received an expired out of sequence packet ,101715,101717
129.986,Received an expired out of sequence packet ,101716,101717
130.993,Timeout
130.993,clearing sending list because of timeout
131.374,Received an expired out of sequence packet ,101722,101729
132.374,Timeout
132.374,clearing sending list because of timeout
132.375,Received an expired out of sequence packet ,101723,101738
133.375,Received an expired out of sequence packet ,101724,101738
134.365,Received an expired out of sequence packet ,101725,101738
134.975,Received an expired out of sequence packet ,101726,101738
134.977,Received an expired out of sequence packet ,101727,101738
134.977,Received an expired out of sequence packet ,101728,101738
134.978,Received an expired out of sequence packet ,101729,101738
134.979,Received an expired out of sequence packet ,101730,101738
134.98,Received an expired out of sequence packet ,101731,101738
134.98,Received an expired out of sequence packet ,101732,101738
134.983,Received an expired out of sequence packet ,101733,101738
134.986,Received an expired out of sequence packet ,101734,101738
134.986,Received an expired out of sequence packet ,101735,101738
134.986,Received an expired out of sequence packet ,101736,101738
134.99,Received an expired out of sequence packet ,101737,101738
193.004,Timeout
193.004,clearing sending list because of timeout
193.013,Received an expired out of sequence packet ,136857,136918
193.013,Received an expired out of sequence packet ,136858,136918
193.013,Received an expired out of sequence packet ,136859,136918
193.015,Received an expired out of sequence packet ,136860,136918
193.015,Received an expired out of sequence packet ,136861,136918
193.022,Received an expired out of sequence packet ,136862,136918
193.022,Received an expired out of sequence packet ,136863,136918
193.022,Received an expired out of sequence packet ,136864,136918
193.022,Received an expired out of sequence packet ,136865,136918
193.022,Received an expired out of sequence packet ,136866,136918
193.022,Received an expired out of sequence packet ,136867,136918
193.022,Received an expired out of sequence packet ,136868,136918
193.022,Received an expired out of sequence packet ,136869,136918
193.022,Received an expired out of sequence packet ,136870,136918
193.024,Received an expired out of sequence packet ,136871,136918
193.027,Received an expired out of sequence packet ,136872,136918
193.027,Received an expired out of sequence packet ,136873,136918
193.039,Received an expired out of sequence packet ,136874,136918
193.039,Received an expired out of sequence packet ,136875,136918
193.039,Received an expired out of sequence packet ,136876,136918
193.039,Received an expired out of sequence packet ,136877,136918
193.039,Received an expired out of sequence packet ,136878,136918
193.039,Received an expired out of sequence packet ,136879,136918
193.043,Received an expired out of sequence packet ,136880,136918
193.043,Received an expired out of sequence packet ,136881,136918
193.043,Received an expired out of sequence packet ,136882,136918
193.045,Received an expired out of sequence packet ,136883,136918
193.045,Received an expired out of sequence packet 