1.24674,Exit slow start,exceeding SS_EXIT_THRESHOLD
8.26022,Restart,can't map delay on delay curve
9.9352,Exit slow start,exceeding SS_EXIT_THRESHOLD
52.2098,Missing packet expired,26709
68.1611,Missing packet expired,50556
82.9129,Timeout
82.9129,clearing sending list because of timeout
82.9669,Received an expired out of sequence packet ,64386,64450
82.974,Received an expired out of sequence packet ,64387,64450
82.974,Received an expired out of sequence packet ,64388,64450
82.974,Received an expired out of sequence packet ,64389,64450
82.979,Received an expired out of sequence packet ,64390,64450
82.9801,Received an expired out of sequence packet ,64391,64450
83.0983,Received an expired out of sequence packet ,64392,64450
83.1086,Received an expired out of sequence packet ,64393,64450
83.1186,Received an expired out of sequence packet ,64394,64450
83.1277,Received an expired out of sequence packet ,64395,64450
83.1277,Received an expired out of sequence packet ,64396,64450
83.1277,Received an expired out of sequence packet ,64397,64450
83.1388,Received an expired out of sequence packet ,64398,64450
83.1912,Received an expired out of sequence packet ,64399,64450
83.1943,Received an expired out of sequence packet ,64400,64450
83.1993,Received an expired out of sequence packet ,64401,64450
83.2004,Received an expired out of sequence packet ,64402,64450
83.2726,Received an expired out of sequence packet ,64403,64450
83.2726,Received an expired out of sequence packet ,64404,64450
83.291,Received an expired out of sequence packet ,64405,64450
83.2931,Received an expired out of sequence packet ,64406,64450
83.2991,Received an expired out of sequence packet ,64407,64450
83.2991,Received an expired out of sequence packet ,64408,64450
83.3022,Received an expired out of sequence packet ,64409,64450
83.3593,Received an expired out of sequence packet ,64410,64450
83.3594,Received an expired out of sequence packet ,64411,64450
83.3594,Received an expired out of sequence packet ,64412,64450
83.3988,Received an expired out of sequence packet ,64413,64450
83.412,Received an expired out of sequence packet ,64414,64450
83.4131,Received an expired out of sequence packet ,64415,64450
83.4182,Received an expired out of sequence packet ,64416,64450
83.4192,Received an expired out of sequence packet ,64417,64450
83.4192,Received an expired out of sequence packet ,64418,64450
83.4193,Received an expired out of sequence packet ,64419,64450
83.4935,Received an expired out of sequence packet ,64420,64450
83.4935,Received an expired out of sequence packet ,64421,64450
83.4935,Received an expired out of sequence packet ,64422,64450
83.4936,Received an expired out of sequence packet ,64423,64450
83.4936,Received an expired out of sequence packet ,64424,64450
83.4956,Received an expired out of sequence packet ,64425,64450
83.5658,Received an expired out of sequence packet ,64426,64450
83.5699,Received an expired out of sequence packet ,64427,64450
83.6026,Received an expired out of sequence packet ,64428,64450
83.6118,Received an expired out of sequence packet ,64429,64450
83.6151,Received an expired out of sequence packet ,64430,64450
83.6151,Received an expired out of sequence packet ,64431,64450
83.6152,Received an expired out of sequence packet ,64432,64450
83.6194,Received an expired out of sequence packet ,64433,64450
83.6215,Received an expired out of sequence packet ,64434,64450
83.6278,Received an expired out of sequence packet ,64435,64450
83.6278,Received an expired out of sequence packet ,64436,64450
83.6319,Received an expired out of sequence packet ,64437,64450
83.6319,Received an expired out of sequence packet ,64438,64450
83.6319,Received an expired out of sequence packet ,64439,64450
83.6319,Received an expired out of sequence packet ,64440,64450
83.6319,Received an expired out of sequence packet ,64441,64450
83.6319,Received an expired out of sequence packet ,64442,64450
83.6379,Received an expired out of sequence packet ,64443,64450
83.638,Received an expired out of sequence packet ,64444,64450
83.64,Received an expired out of sequence packet ,64445,64450
83.64,Received an expired out of sequence packet ,64446,64450
83.64,Received an expired out of sequence packet ,64447,64450
83.6401,Received an expired out of sequence packet ,64448,64450
83.6431,Received an expired out of sequence packet ,64449,64450
88.8344,Missing packet expired,70905
102.084,Timeout
102.084,clearing sending list because of timeout
102.097,Received an expired out of sequence packet ,77429,78619
103.097,Timeout
103.097,clearing sending list because of timeout
103.099,Received an expired out of sequence packet ,77430,78640
104.095,Received an expired out of sequence packet ,77431,78640
105.095,Timeout
105.095,clearing sending list because of timeout
105.471,Received an expired out of sequence packet ,77432,78665
105.471,Received an expired out of sequence packet ,77433,78665
105.471,Received an expired out of sequence packet ,77434,78665
105.617,Received an expired out of sequence packet ,77435,78665
105.617,Received an expired out of sequence packet ,77436,78665
105.617,Received an expired out of sequence packet ,77437,78665
105.617,Received an expired out of sequence packet ,77438,78665
105.617,Received an expired out of sequence packet ,77439,78665
105.617,Received an expired out of sequence packet ,77440,78665
105.617,Received an expired out of sequence packet ,77441,78665
105.617,Received an expired out of sequence packet ,77442,78665
105.617,Received an expired out of sequence packet ,77443,78665
105.617,Received an expired out of sequence packet ,77444,78665
105.617,Received an expired out of sequence packet ,77445,78665
105.617,Received an expired out of sequence packet ,77446,78665
105.619,Received an expired out of sequence packet ,77447,78665
105.619,Received an expired out of sequence packet ,77448,78665
105.667,Received an expired out of sequence packet ,77449,78665
105.667,Received an expired out of sequence packet ,77450,78665
105.667,Received an expired out of sequence packet ,77451,78665
105.667,Received an expired out of sequence packet ,77452,78665
105.667,Received an expired out of sequence packet ,77453,78665
105.671,Received an expired out of sequence packet ,77454,78665
105.671,Received an expired out of sequence packet ,77455,78665
105.727,Received an expired out of sequence packet ,77456,78665
105.727,Received an expired out of sequence packet ,77457,78665
105.727,Received an expired out of sequence packet ,77458,78665
105.727,Received an expired out of sequence packet ,77459,78665
105.727,Received an expired out of sequence packet ,77460,78665
105.727,Received an expired out of sequence packet ,77461,78665
105.733,Received an expired out of sequence packet ,77462,78665
105.738,Received an expired out of sequence packet ,77463,78665
105.738,Received an expired out of sequence packet ,77464,78665
105.738,Received an expired out of sequence packet ,77465,78665
105.745,Received an expired out of sequence packet ,77466,78665
105.745,Received an expired out of sequence packet ,77467,78665
105.745,Received an expired out of sequence packet ,77468,78665
105.745,Received an expired out of sequence packet ,77469,78665
105.745,Received an expired out of sequence packet ,77470,78665
105.745,Received an expired out of sequence packet ,77471,78665
105.745,Received an expired out of sequence packet ,77472,78665
105.745,Received an expired out of sequence packet ,77473,78665
105.745,Received an expired out of sequence packet ,77474,78665
105.745,Received an expired out of sequence packet ,77475,78665
105.751,Received an expired out of sequence packet ,77476,78665
105.751,Received an expired out of sequence packet ,77477,78665
105.751,Received an expired out of sequence packet ,77478,78665
105.751,Received an expired out of sequence packet ,77479,78665
105.751,Received an expired out of sequence packet ,77480,78665
105.783,Received an expired out of sequence packet ,77481,78665
105.783,Received an expired out of sequence packet ,77482,78665
105.783,Received an expired out of sequence packet ,77483,78665
105.783,Received an expired out of sequence packet ,77484,78665
105.783,Received an expired out of sequence packet ,77485,78665
105.783,Received an expired out of sequence packet ,77486,78665
105.783,Received an expired out of sequence packet ,77487,78665
105.783,Received an expired out of sequence packet ,77488,78665
105.783,Received an expired out of sequence packet ,77489,78665
105.783,Received an expired out of sequence packet ,77490,78665
105.783,Received an expired out of sequence packet ,77491,78665
105.783,Received an expired out of sequence packet ,77492,78665
105.783,Received an expired out of sequence packet ,77493,78665
105.787,Received an expired out of sequence packet ,77494,78665
105.907,Received an expired out of sequence packet ,77495,78665
105.935,Received an expired out of sequence packet ,77496,78665
105.935,Received an expired out of sequence packet ,77497,78665
105.935,Received an expired out of sequence packet ,77498,78665
105.935,Received an expired out of sequence packet ,77499,78665
105.949,Received an expired out of sequence packet ,77500,78665
105.949,Received an expired out of sequence packet ,77501,78665
105.949,Received an expired out of sequence packet ,77502,78665
105.949,Received an expired out of sequence packet ,77503,78665
105.951,Received an expired out of sequence packet ,77504,78665
105.951,Received an expired out of sequence packet ,77505,78665
105.978,Received an expired out of sequence packet ,77506,78665
105.978,Received an expired out of sequence packet ,77507,78665
105.978,Received an expired out of sequence packet ,77508,78665
105.978,Received an expired out of sequence packet ,77509,78665
105.982,Received an expired out of sequence packet ,77510,78665
105.986,Received an expired out of sequence packet ,77511,78665
106,Received an expired out of sequence packet ,77512,78665
106,Received an expired out of sequence packet ,77513,78665
106.012,Received an expired out of sequence packet ,77514,78665
106.012,Received an expired out of sequence packet ,77515,78665
106.012,Received an expired out of sequence packet ,77516,78665
106.012,Received an expired out of sequence packet ,77517,78665
106.012,Received an expired out of sequence packet ,77518,78665
106.012,Received an expired out of sequence packet ,77519,78665
106.012,Received an expired out of sequence packet ,77520,78665
106.012,Received an expired out of sequence packet ,77521,78665
106.021,Received an expired out of sequence packet ,77522,78665
106.021,Received an expired out of sequence packet ,77523,78665
106.025,Received an expired out of sequence packet ,77524,78665
106.026,Received an expired out of sequence packet ,77525,78665
106.026,Received an expired out of sequence packet ,77526,78665
106.026,Received an expired out of sequence packet ,77527,78665
106.026,Received an expired out of sequence packet ,77528,78665
106.026,Received an expired out of sequence packet ,77529,78665
106.026,Received an expired out of sequence packet ,77530,78665
106.026,Received an expired out of sequence packet ,77531,78665
106.026,Received an expired out of sequence packet ,77532,78665
106.026,Received an expired out of sequence packet ,77533,78665
106.026,Received an expired out of sequence packet ,77534,78665
106.026,Received an expired out of sequence packet ,77535,78665
106.04,Received an expired out of sequence packet ,77536,78665
106.04,Received an expired out of sequence packet ,77537,78665
106.04,Received an expired out of sequence packet ,77538,78665
106.04,Received an expired out of sequence packet ,77539,78665
106.04,Received an expired out of sequence packet ,77540,78665
106.04,Received an expired out of sequence packet ,77541,78665
106.04,Received an expired out of sequence packet ,77542,78665
106.041,Received an expired out of sequence packet ,77543,78665
106.041,Received an expired out of sequence packet ,77544,78665
106.041,Received an expired out of sequence packet ,77545,78665
106.041,Received an expired out of sequence packet ,77546,78665
106.041,Received an expired out of sequence packet ,77547,78665
106.041,Received an expired out of sequence packet ,77548,78665
106.041,Received an expired out of sequence packet ,77549,78665
106.041,Received an expired out of sequence packet ,77550,78665
106.041,Received an expired out of sequence packet ,77551,78665
106.041,Received an expired out of sequence packet ,77552,78665
106.041,Received an expired out of sequence packet ,77553,78665
106.041,Received an expired out of sequence packet ,77554,78665
106.041,Received an expired out of sequence packet ,77555,78665
106.041,Received an expired out of sequence packet ,77556,78665
106.041,Received an expired out of sequence packet ,77557,78665
106.041,Received an expired out of sequence packet ,77558,78665
106.041,Received an expired out of sequence packet ,77559,78665
106.041,Received an expired out of sequence packet ,77560,78665
106.041,Received an expired out of sequence packet ,77561,78665
106.041,Received an expired out of sequence packet ,77562,78665
106.041,Received an expired out of sequence packet ,77563,78665
106.044,Received an expired out of sequence packet ,77564,78665
106.044,Received an expired out of sequence packet ,77565,78665
106.044,Received an expired out of sequence packet ,77566,78665
106.044,Received an expired out of sequence packet ,77567,78665
106.044,Received an expired out of sequence packet ,77568,78665
106.175,Received an expired out of sequence packet ,77569,78665
106.175,Received an expired out of sequence packet ,77570,78665
106.175,Received an expired out of sequence packet ,77571,78665
106.175,Received an expired out of sequence packet ,77572,78665
106.175,Received an expired out of sequence packet ,77573,78665
106.175,Received an expired out of sequence packet ,77574,78665
106.176,Received an expired out of sequence packet ,77575,78665
106.21,Received an expired out of sequence packet ,77576,78665
106.21,Received an expired out of sequence packet ,77577,78665
106.211,Received an expired out of sequence packet ,77578,78665
106.211,Received an expired out of sequence packet ,77579,78665
106.217,Received an expired out of sequence packet ,77580,78665
106.217,Received an expired out of sequence packet ,77581,78665
106.22,Received an expired out of sequence packet ,77582,78665
106.231,Received an expired out of sequence packet ,77583,78665
106.231,Received an expired out of sequence packet ,77584,78665
106.257,Received an expired out of sequence packet ,77585,78665
106.257,Received an expired out of sequence packet ,77586,78665
106.257,Received an expired out of sequence packet ,77587,78665
106.262,Received an expired out of sequence packet ,77588,78665
106.267,Received an expired out of sequence packet ,77589,78665
106.267,Received an expired out of sequence packet ,77590,78665
106.267,Received an expired out of sequence packet ,77591,78665
106.267,Received an expired out of sequence packet ,77592,78665
106.268,Received an expired out of sequence packet ,77593,78665
106.268,Received an expired out of sequence packet ,77594,78665
106.271,Received an expired out of sequence packet ,77595,78665
106.271,Received an expired out of sequence packet ,77596,78665
106.271,Received an expired out of sequence packet ,77597,78665
106.271,Received an expired out of sequence packet ,77598,78665
106.271,Received an expired out of sequence packet ,77599,78665
106.271,Received an expired out of sequence packet ,77600,78665
106.271,Received an expired out of sequence packet ,77601,78665
106.277,Received an expired out of sequence packet ,77602,78665
106.277,Received an expired out of sequence packet ,77603,78665
106.277,Received an expired out of sequence packet ,77604,78665
106.284,Received an expired out of sequence packet ,77605,78665
106.287,Received an expired out of sequence packet ,77606,78665
106.292,Received an expired out of sequence packet ,77607,78665
106.297,Received an expired out of sequence packet ,77608,78665
106.297,Received an expired out of sequence packet ,77609,78665
106.297,Received an expired out of sequence packet ,77610,78665
106.297,Received an expired out of sequence packet ,77611,78665
106.298,Received an expired out of sequence packet ,77612,78665
106.298,Received an expired out of sequence packet ,77613,78665
106.298,Received an expired out of sequence packet ,77614,78665
106.298,Received an expired out of sequence packet ,77615,78665
106.301,Received an expired out of sequence packet ,77616,78665
106.301,Received an expired out of sequence packet ,77617,78665
106.301,Received an expired out of sequence packet ,77618,78665
106.301,Received an expired out of sequence packet ,77619,78665
106.301,Received an expired out of sequence packet ,77620,78665
106.301,Received an expired out of sequence packet ,77621,78665
106.301,Received an expired out of sequence packet ,77622,78665
106.301,Received an expired out of sequence packet ,77623,78665
106.301,Received an expired out of sequence packet ,77624,78665
106.301,Received an expired out of sequence packet ,77625,78665
106.301,Received an expired out of sequence packet ,77626,78665
106.303,Received an expired out of sequence packet ,77627,78665
106.303,Received an expired out of sequence packet ,77628,78665
106.303,Received an expired out of sequence packet ,77629,78665
106.303,Received an expired out of sequence packet ,77630,78665
106.303,Received an expired out of sequence packet ,77631,78665
106.303,Received an expired out of sequence packet ,77632,78665
106.303,Received an expired out of sequence packet ,77633,78665
106.303,Received an expired out of sequence packet ,77634,78665
106.303,Received an expired out of sequence packet ,77635,78665
106.307,Received an expired out of sequence packet ,77636,78665
106.307,Received an expired out of sequence packet ,77637,78665
106.307,Received an expired out of sequence packet ,77638,78665
106.307,Received an expired out of sequence packet ,77639,78665
106.307,Received an expired out of sequence packet ,77640,78665
106.307,Received an expired out of sequence packet ,77641,78665
106.307,Received an expired out of sequence packet ,77642,78665
106.307,Received an expired out of sequence packet ,77643,78665
106.307,Received an expired out of sequence packet ,77644,78665
106.307,Received an expired out of sequence packet ,77645,78665
106.307,Received an expired out of sequence packet ,77646,78665
106.307,Received an expired out of sequence packet ,77647,78665
106.307,Received an expired out of sequence packet ,77648,78665
106.307,Received an expired out of sequence packet ,77649,78665
106.308,Received an expired out of sequence packet ,77650,78665
106.308,Received an expired out of sequence packet ,77651,78665
106.308,Received an expired out of sequence packet ,77652,78665
106.308,Received an expired out of sequence packet ,77653,78665
106.308,Received an expired out of sequence packet ,77654,78665
106.309,Received an expired out of sequence packet ,77655,78665
106.309,Received an expired out of sequence packet ,77656,78665
106.309,Received an expired out of sequence packet ,77657,78665
106.309,Received an expired out of sequence packet ,77658,78665
106.309,Received an expired out of sequence packet ,77659,78665
106.31,Received an expired out of sequence packet ,77660,78665
106.31,Received an expired out of sequence packet ,77661,78665
106.31,Received an expired out of sequence packet ,77662,78665
106.31,Received an expired out of sequence packet ,77663,78665
106.311,Received an expired out of sequence packet ,77664,78665
106.311,Received an expired out of sequence packet ,77665,78665
106.311,Received an expired out of sequence packet ,77666,78665
106.315,Received an expired out of sequence packet ,77667,78665
106.315,Received an expired out of sequence packet ,77668,78665
106.315,Received an expired out of sequence packet ,77669,78665
106.315,Received an expired out of sequence packet ,77670,78665
106.315,Received an expired out of sequence packet ,77671,78665
106.317,Received an expired out of sequence packet ,77672,78665
106.317,Received an expired out of sequence packet ,77673,78665
106.317,Received an expired out of sequence packet ,77674,78665
106.317,Received an expired out of sequence packet ,77675,78665
106.317,Received an expired out of sequence packet ,77676,78665
106.317,Received an expired out of sequence packet ,77677,78665
106.317,Received an expired out of sequence packet ,77678,78665
106.317,Received an expired out of sequence packet ,77679,78665
106.317,Received an expired out of sequence packet ,77680,78665
106.317,Received an expired out of sequence packet ,77681,78665
106.317,Received an expired out of sequence packet ,77682,78665
106.317,Received an expired out of sequence packet ,77683,78665
106.317,Received an expired out of sequence packet ,77684,78665
106.317,Received an expired out of sequence packet ,77685,78665
106.317,Received an expired out of sequence packet ,77686,78665
106.427,Received an expired out of sequence packet ,77687,78665
106.427,Received an expired out of sequence packet ,77688,78665
106.427,Received an expired out of sequence packet ,77689,78665
106.427,Received an expired out of sequence packet ,77690,78665
106.427,Received an expired out of sequence packet ,77691,78665
106.427,Received an expired out of sequence packet ,77692,78665
106.431,Received an expired out of sequence packet ,77693,78665
106.453,Received an expired out of sequence packet ,77694,78665
106.453,Received an expired out of sequence packet ,77695,78665
106.453,Received an expired out of sequence packet ,77696,78665
106.459,Received an expired out of sequence packet ,77697,78665
106.459,Received an expired out of sequence packet ,77698,78665
106.459,Received an expired out of sequence packet ,77699,78665
106.459,Received an expired out of sequence packet ,77700,78665
106.461,Received an expired out of sequence packet ,77701,78665
106.523,Received an expired out of sequence packet ,77702,78665
106.527,Received an expired out of sequence packet ,77703,78665
106.532,Received an expired out of sequence packet ,77704,78665
106.541,Received an expired out of sequence packet ,77705,78665
106.541,Received an expired out of sequence packet ,77706,78665
106.541,Received an expired out of sequence packet ,77707,78665
106.542,Received an expired out of sequence packet ,77708,78665
106.542,Received an expired out of sequence packet ,77709,78665
106.542,Received an expired out of sequence packet ,77710,78665
106.542,Received an expired out of sequence packet ,77711,78665
106.542,Received an expired out of sequence packet ,77712,78665
106.542,Received an expired out of sequence packet ,77713,78665
106.558,Received an expired out of sequence packet ,77714,78665
106.558,Received an expired out of sequence packet ,77715,78665
106.558,Received an expired out of sequence packet ,77716,78665
106.558,Received an expired out of sequence packet ,77717,78665
106.558,Received an expired out of sequence packet ,77718,78665
106.558,Received an expired out of sequence packet ,77719,78665
106.56,Received an expired out of sequence packet ,77720,78665
106.582,Received an expired out of sequence packet ,77721,78665
106.583,Received an expired out of sequence packet ,77722,78665
106.583,Received an expired out of sequence packet ,77723,78665
106.583,Received an expired out of sequence packet ,77724,78665
106.583,Received an expired out of sequence packet ,77725,78665
106.583,Received an expired out of sequence packet ,77726,78665
106.583,Received an expired out of sequence packet ,77727,78665
106.583,Received an expired out of sequence packet ,77728,78665
106.583,Received an expired out of sequence packet ,77729,78665
106.588,Received an expired out of sequence packet ,77730,78665
106.588,Received an expired out of sequence packet ,77731,78665
106.588,Received an expired out of sequence packet ,77732,78665
106.588,Received an expired out of sequence packet ,77733,78665
106.588,Received an expired out of sequence packet ,77734,78665
106.588,Received an expired out of sequence packet ,77735,78665
106.588,Received an expired out of sequence packet ,77736,78665
106.59,Received an expired out of sequence packet ,77737,78665
106.59,Received an expired out of sequence packet ,77738,78665
106.59,Received an expired out of sequence packet ,77739,78665
106.59,Received an expired out of sequence packet ,77740,78665
106.59,Received an expired out of sequence packet ,77741,78665
106.59,Received an expired out of sequence packet ,77742,78665
106.59,Received an expired out of sequence packet ,77743,78665
106.59,Received an expired out of sequence packet ,77744,78665
106.59,Received an expired out of sequence packet ,77745,78665
106.59,Received an expired out of sequence packet ,77746,78665
106.59,Received an expired out of sequence packet ,77747,78665
106.59,Received an expired out of sequence packet ,77748,78665
106.59,Received an expired out of sequence packet ,77749,78665
106.59,Received an expired out of sequence packet ,77750,78665
106.59,Received an expired out of sequence packet ,77751,78665
106.59,Received an expired out of sequence packet ,77752,78665
106.59,Received an expired out of sequence packet ,77753,78665
106.59,Received an expired out of sequence packet ,77754,78665
106.59,Received an expired out of sequence packet ,77755,78665
106.59,Received an expired out of sequence packet ,77756,78665
106.59,Received an expired out of sequence packet ,77757,78665
106.59,Received an expired out of sequence packet ,77758,78665
106.59,Received an expired out of sequence packet ,77759,78665
106.59,Received an expired out of sequence packet ,77760,78665
106.59,Received an expired out of sequence packet ,77761,78665
106.59,Received an expired out of sequence packet ,77762,78665
106.59,Received an expired out of sequence packet ,77763,78665
106.59,Received an expired out of sequence packet ,77764,78665
106.591,Received an expired out of sequence packet ,77765,78665
106.591,Received an expired out of sequence packet ,77766,78665
106.591,Received an expired out of sequence packet ,77767,78665
106.591,Received an expired out of sequence packet ,77768,78665
106.591,Received an expired out of sequence packet ,77769,78665
106.591,Received an expired out of sequence packet ,77770,78665
106.591,Received an expired out of sequence packet ,77771,78665
106.591,Received an expired out of sequence packet ,77772,78665
106.591,Received an expired out of sequence packet ,77773,78665
106.591,Received an expired out of sequence packet ,77774,78665
106.591,Received an expired out of sequence packet ,77775,78665
106.591,Received an expired out of sequence packet ,77776,78665
106.708,Received an expired out of sequence packet ,77777,78665
106.708,Received an expired out of sequence packet ,77778,78665
106.708,Received an expired out of sequence packet ,77779,78665
106.708,Received an expired out of sequence packet ,77780,78665
106.708,Received an expired out of sequence packet ,77781,78665
106.708,Received an expired out of sequence packet ,77782,78665
106.708,Received an expired out of sequence packet ,77783,78665
106.708,Received an expired out of sequence packet ,77784,78665
106.708,Received an expired out of sequence packet ,77785,78665
106.708,Received an expired out of sequence packet ,77786,78665
106.708,Received an expired out of sequence packet ,77787,78665
106.708,Received an expired out of sequence packet ,77788,78665
106.708,Received an expired out of sequence packet ,77789,78665
106.739,Received an expired out of sequence packet ,77790,78665
106.739,Received an expired out of sequence packet ,77791,78665
106.739,Received an expired out of sequence packet ,77792,78665
106.739,Received an expired out of sequence packet ,77793,78665
106.746,Received an expired out of sequence packet ,77794,78665
106.749,Received an expired out of sequence packet ,77795,78665
106.749,Received an expired out of sequence packet ,77796,78665
106.749,Received an expired out of sequence packet ,77797,78665
106.749,Received an expired out of sequence packet ,77798,78665
106.749,Received an expired out of sequence packet ,77799,78665
106.801,Received an expired out of sequence packet ,77800,78665
106.808,Received an expired out of sequence packet ,77801,78665
106.808,Received an expired out of sequence packet ,77802,78665
106.812,Received an expired out of sequence packet ,77803,78665
106.812,Received an expired out of sequence packet ,77804,78665
106.819,Received an expired out of sequence packet ,77805,78665
106.819,Received an expired out of sequence packet ,77806,78665
106.819,Received an expired out of sequence packet ,77807,78665
106.819,Received an expired out of sequence packet ,77808,78665
106.819,Received an expired out of sequence packet ,77809,78665
106.819,Received an expired out of sequence packet ,77810,78665
106.819,Received an expired out of sequence packet ,77811,78665
106.819,Received an expired out of sequence packet ,77812,78665
106.819,Received an expired out of sequence packet ,77813,78665
106.819,Received an expired out of sequence packet ,77814,78665
106.82,Received an expired out of sequence packet ,77815,78665
106.82,Received an expired out of sequence packet ,77816,78665
106.82,Received an expired out of sequence packet ,77817,78665
106.82,Received an expired out of sequence packet ,77818,78665
106.82,Received an expired out of sequence packet ,77819,78665
106.824,Received an expired out of sequence packet ,77820,78665
106.838,Received an expired out of sequence packet ,77821,78665
106.84,Received an expired out of sequence packet ,77822,78665
106.84,Received an expired out of sequence packet ,77823,78665
106.84,Received an expired out of sequence packet ,77824,78665
106.84,Received an expired out of sequence packet ,77825,78665
106.841,Received an expired out of sequence packet ,77826,78665
106.841,Received an expired out of sequence packet ,77827,78665
106.841,Received an expired out of sequence packet ,77828,78665
106.841,Received an expired out of sequence packet ,77829,78665
106.841,Received an expired out of sequence packet ,77830,78665
106.841,Received an expired out of sequence packet ,77831,78665
106.841,Received an expired out of sequence packet ,77832,78665
106.841,Received an expired out of sequence packet ,77833,78665
106.841,Received an expired out of sequence packet ,77834,78665
106.841,Received an expired out of sequence packet ,77835,78665
106.841,Received an expired out of sequence packet ,77836,78665
106.841,Received an expired out of sequence packet ,77837,78665
106.841,Received an expired out of sequence packet ,77838,78665
106.841,Received an expired out of sequence packet ,77839,78665
106.852,Received an expired out of sequence packet ,77840,78665
106.852,Received an expired out of sequence packet ,77841,78665
106.854,Received an expired out of sequence packet ,77842,78665
106.854,Received an expired out of sequence packet ,77843,78665
106.854,Received an expired out of sequence packet ,77844,78665
106.854,Received an expired out of sequence packet ,77845,78665
106.854,Received an expired out of sequence packet ,77846,78665
106.854,Received an expired out of sequence packet ,77847,78665
106.854,Received an expired out of sequence packet ,77848,78665
106.854,Received an expired out of sequence packet ,77849,78665
106.854,Received an expired out of sequence packet ,77850,78665
106.854,Received an expired out of sequence packet ,77851,78665
106.854,Received an expired out of sequence packet ,77852,78665
106.854,Received an expired out of sequence packet ,77853,78665
106.854,Received an expired out of sequence packet ,77854,78665
106.854,Received an expired out of sequence packet ,77855,78665
106.854,Received an expired out of sequence packet ,77856,78665
106.854,Received an expired out of sequence packet ,77857,78665
106.854,Received an expired out of sequence packet ,77858,78665
106.854,Received an expired out of sequence packet ,77859,78665
106.854,Received an expired out of sequence packet ,77860,78665
106.854,Received an expired out of sequence packet ,77861,78665
106.854,Received an expired out of sequence packet ,77862,78665
106.854,Received an expired out of sequence packet ,77863,78665
106.854,Received an expired out of sequence packet ,77864,78665
106.854,Received an expired out of sequence packet ,77865,78665
106.855,Received an expired out of sequence packet ,77866,78665
106.855,Received an expired out of sequence packet ,77867,78665
106.855,Received an expired out of sequence packet ,77868,78665
106.855,Received an expired out of sequence packet ,77869,78665
106.855,Received an expired out of sequence packet ,77870,78665
106.855,Received an expired out of sequence packet ,77871,78665
106.855,Received an expired out of sequence packet ,77872,78665
106.855,Received an expired out of sequence packet ,77873,78665
106.855,Received an expired out of sequence packet ,77874,78665
106.941,Received an expired out of sequence packet ,77875,78665
106.941,Received an expired out of sequence packet ,77876,78665
106.941,Received an expired out of sequence packet ,77877,78665
106.941,Received an expired out of sequence packet ,77878,78665
106.941,Received an expired out of sequence packet ,77879,78665
106.941,Received an expired out of sequence packet ,77880,78665
106.941,Received an expired out of sequence packet ,77881,78665
106.941,Received an expired out of sequence packet ,77882,78665
106.941,Received an expired out of sequence packet ,77883,78665
107.011,Received an expired out of sequence packet ,77884,78665
107.011,Received an expired out of sequence packet ,77885,78665
107.018,Received an expired out of sequence packet ,77886,78665
107.018,Received an expired out of sequence packet ,77887,78665
107.018,Received an expired out of sequence packet ,77888,78665
107.018,Received an expired out of sequence packet ,77889,78665
107.068,Received an expired out of sequence packet ,77890,78665
107.068,Received an expired out of sequence packet ,77891,78665
107.068,Received an expired out of sequence packet ,77892,78665
107.068,Received an expired out of sequence packet ,77893,78665
107.071,Received an expired out of sequence packet ,77894,78665
107.079,Received an expired out of sequence packet ,77895,78665
107.082,Received an expired out of sequence packet ,77896,78665
107.082,Received an expired out of sequence packet ,77897,78665
107.082,Received an expired out of sequence packet ,77898,78665
107.082,Received an expired out of sequence packet ,77899,78665
107.082,Received an expired out of sequence packet ,77900,78665
107.086,Received an expired out of sequence packet ,77901,78665
107.086,Received an expired out of sequence packet ,77902,78665
107.086,Received an expired out of sequence packet ,77903,78665
107.086,Received an expired out of sequence packet ,77904,78665
107.086,Received an expired out of sequence packet ,77905,78665
107.086,Received an expired out of sequence packet ,77906,78665
107.086,Received an expired out of sequence packet ,77907,78665
107.086,Received an expired out of sequence packet ,77908,78665
107.086,Received an expired out of sequence packet ,77909,78665
107.086,Received an expired out of sequence packet ,77910,78665
107.086,Received an expired out of sequence packet ,77911,78665
107.086,Received an expired out of sequence packet ,77912,78665
107.086,Received an expired out of sequence packet ,77913,78665
107.088,Received an expired out of sequence packet ,77914,78665
107.088,Received an expired out of sequence packet ,77915,78665
107.088,Received an expired out of sequence packet ,77916,78665
107.088,Received an expired out of sequence packet ,77917,78665
107.088,Received an expired out of sequence packet ,77918,78665
107.089,Received an expired out of sequence packet ,77919,78665
107.089,Received an expired out of sequence packet ,77920,78665
107.089,Received an expired out of sequence packet ,77921,78665
107.089,Received an expired out of sequence packet ,77922,78665
107.089,Received an expired out of sequence packet ,77923,78665
107.089,Received an expired out of sequence packet ,77924,78665
107.089,Received an expired out of sequence packet ,77925,78665
107.089,Received an expired out of sequence packet ,77926,78665
107.089,Received an expired out of sequence packet ,77927,78665
107.089,Received an expired out of sequence packet ,77928,78665
107.089,Received an expired out of sequence packet ,77929,78665
107.089,Received an expired out of sequence packet ,77930,78665
107.089,Received an expired out of sequence packet ,77931,78665
107.089,Received an expired out of sequence packet ,77932,78665
107.089,Received an expired out of sequence packet ,77933,78665
107.089,Received an expired out of sequence packet ,77934,78665
107.089,Received an expired out of sequence packet ,77935,78665
107.089,Received an expired out of sequence packet ,77936,78665
107.089,Received an expired out of sequence packet ,77937,78665
107.104,Received an expired out of sequence packet ,77938,78665
107.104,Received an expired out of sequence packet ,77939,78665
107.104,Received an expired out of sequence packet ,77940,78665
107.104,Received an expired out of sequence packet ,77941,78665
107.104,Received an expired out of sequence packet ,77942,78665
107.104,Received an expired out of sequence packet ,77943,78665
107.104,Received an expired out of sequence packet ,77944,78665
107.104,Received an expired out of sequence packet ,77945,78665
107.104,Received an expired out of sequence packet ,77946,78665
107.111,Received an expired out of sequence packet ,77947,78665
107.111,Received an expired out of sequence packet ,77948,78665
107.12,Received an expired out of sequence packet ,77949,78665
107.12,Received an expired out of sequence packet ,77950,78665
107.12,Received an expired out of sequence packet ,77951,78665
107.123,Received an expired out of sequence packet ,77952,78665
107.123,Received an expired out of sequence packet ,77953,78665
107.123,Received an expired out of sequence packet ,77954,78665
107.123,Received an expired out of sequence packet ,77955,78665
107.123,Received an expired out of sequence packet ,77956,78665
107.125,Received an expired out of sequence packet ,77957,78665
107.125,Received an expired out of sequence packet ,77958,78665
107.125,Received an expired out of sequence packet ,77959,78665
107.125,Received an expired out of sequence packet ,77960,78665
107.125,Received an expired out of sequence packet ,77961,78665
107.125,Received an expired out of sequence packet ,77962,78665
107.125,Received an expired out of sequence packet ,77963,78665
107.125,Received an expired out of sequence packet ,77964,78665
107.125,Received an expired out of sequence packet ,77965,78665
107.125,Received an expired out of sequence packet ,77966,78665
107.125,Received an expired out of sequence packet ,77967,78665
107.125,Received an expired out of sequence packet ,77968,78665
107.125,Received an expired out of sequence packet ,77969,78665
107.125,Received an expired out of sequence packet ,77970,78665
107.125,Received an expired out of sequence packet ,77971,78665
107.125,Received an expired out of sequence packet ,77972,78665
107.209,Received an expired out of sequence packet ,77973,78665
107.209,Received an expired out of sequence packet ,77974,78665
107.209,Received an expired out of sequence packet ,77975,78665
107.236,Received an expired out of sequence packet ,77976,78665
107.236,Received an expired out of sequence packet ,77977,78665
107.239,Received an expired out of sequence packet ,77978,78665
107.263,Received an expired out of sequence packet ,77979,78665
107.271,Received an expired out of sequence packet ,77980,78665
107.271,Received an expired out of sequence packet ,77981,78665
107.271,Received an expired out of sequence packet ,77982,78665
107.271,Received an expired out of sequence packet ,77983,78665
107.278,Received an expired out of sequence packet ,77984,78665
107.278,Received an expired out of sequence packet ,77985,78665
107.308,Received an expired out of sequence packet ,77986,78665
107.308,Received an expired out of sequence packet ,77987,78665
107.308,Received an expired out of sequence packet ,77988,78665
107.308,Received an expired out of sequence packet ,77989,78665
107.308,Received an expired out of sequence packet ,77990,78665
107.308,Received an expired out of sequence packet ,77991,78665
107.308,Received an expired out of sequence packet ,77992,78665
107.308,Received an expired out of sequence packet ,77993,78665
107.316,Received an expired out of sequence packet ,77994,78665
107.316,Received an expired out of sequence packet ,77995,78665
107.316,Received an expired out of sequence packet ,77996,78665
107.341,Received an expired out of sequence packet ,77997,78665
107.341,Received an expired out of sequence packet ,77998,78665
107.341,Received an expired out of sequence packet ,77999,78665
107.341,Received an expired out of sequence packet ,78000,78665
107.341,Received an expired out of sequence packet ,78001,78665
107.341,Received an expired out of sequence packet ,78002,78665
107.358,Received an expired out of sequence packet ,78003,78665
107.358,Received an expired out of sequence packet ,78004,78665
107.361,Received an expired out of sequence packet ,78005,78665
107.361,Received an expired out of sequence packet ,78006,78665
107.361,Received an expired out of sequence packet ,78007,78665
107.361,Received an expired out of sequence packet ,78008,78665
107.361,Received an expired out of sequence packet ,78009,78665
107.365,Received an expired out of sequence packet ,78010,78665
107.365,Received an expired out of sequence packet ,78011,78665
107.365,Received an expired out of sequence packet ,78012,78665
107.365,Received an expired out of sequence packet ,78013,78665
107.365,Received an expired out of sequence packet ,78014,78665
107.365,Received an expired out of sequence packet ,78015,78665
107.365,Received an expired out of sequence packet ,78016,78665
107.365,Received an expired out of sequence packet ,78017,78665
107.365,Received an expired out of sequence packet ,78018,78665
107.365,Received an expired out of sequence packet ,78019,78665
107.365,Received an expired out of sequence packet ,78020,78665
107.366,Received an expired out of sequence packet ,78021,78665
107.366,Received an expired out of sequence packet ,78022,78665
107.366,Received an expired out of sequence packet ,78023,78665
107.366,Received an expired out of sequence packet ,78024,78665
107.366,Received an expired out of sequence packet ,78025,78665
107.366,Received an expired out of sequence packet ,78026,78665
107.366,Received an expired out of sequence packet ,78027,78665
107.366,Received an expired out of sequence packet ,78028,78665
107.373,Received an expired out of sequence packet ,78029,78665
107.373,Received an expired out of sequence packet ,78030,78665
107.373,Received an expired out of sequence packet ,78031,78665
107.373,Received an expired out of sequence packet ,78032,78665
107.373,Received an expired out of sequence packet ,78033,78665
107.373,Received an expired out of sequence packet ,78034,78665
107.373,Received an expired out of sequence packet ,78035,78665
107.373,Received an expired out of sequence packet ,78036,78665
107.373,Received an expired out of sequence packet ,78037,78665
107.373,Received an expired out of sequence packet ,78038,78665
107.373,Received an expired out of sequence packet ,78039,78665
107.373,Received an expired out of sequence packet ,78040,78665
107.373,Received an expired out of sequence packet ,78041,78665
107.373,Received an expired out of sequence packet ,78042,78665
107.373,Received an expired out of sequence packet ,78043,78665
107.373,Received an expired out of sequence packet ,78044,78665
107.373,Received an expired out of sequence packet ,78045,78665
107.373,Received an expired out of sequence packet ,78046,78665
107.382,Received an expired out of sequence packet ,78047,78665
107.382,Received an expired out of sequence packet ,78048,78665
107.385,Received an expired out of sequence packet ,78049,78665
107.385,Received an expired out of sequence packet ,78050,78665
107.385,Received an expired out of sequence packet ,78051,78665
107.385,Received an expired out of sequence packet ,78052,78665
107.389,Received an expired out of sequence packet ,78053,78665
107.389,Received an expired out of sequence packet ,78054,78665
107.389,Received an expired out of sequence packet ,78055,78665
107.389,Received an expired out of sequence packet ,78056,78665
107.389,Received an expired out of sequence packet ,78057,78665
107.389,Received an expired out of sequence packet ,78058,78665
107.389,Received an expired out of sequence packet ,78059,78665
107.389,Received an expired out of sequence packet ,78060,78665
107.389,Received an expired out of sequence packet ,78061,78665
107.389,Received an expired out of sequence packet ,78062,78665
107.39,Received an expired out of sequence packet ,78063,78665
107.39,Received an expired out of sequence packet ,78064,78665
107.39,Received an expired out of sequence packet ,78065,78665
107.39,Received an expired out of sequence packet ,78066,78665
107.39,Received an expired out of sequence packet ,78067,78665
107.47,Received an expired out of sequence packet ,78068,78665
107.47,Received an expired out of sequence packet ,78069,78665
107.47,Received an expired out of sequence packet ,78070,78665
107.47,Received an expired out of sequence packet ,78071,78665
107.47,Received an expired out of sequence packet ,78072,78665
107.47,Received an expired out of sequence packet ,78073,78665
107.47,Received an expired out of sequence packet ,78074,78665
107.47,Received an expired out of sequence packet ,78075,78665
107.47,Received an expired out of sequence packet ,78076,78665
107.521,Received an expired out of sequence packet ,78077,78665
107.524,Received an expired out of sequence packet ,78078,78665
107.541,Received an expired out of sequence packet ,78079,78665
107.545,Received an expired out of sequence packet ,78080,78665
107.559,Received an expired out of sequence packet ,78081,78665
107.561,Received an expired out of sequence packet ,78082,78665
107.561,Received an expired out of sequence packet ,78083,78665
107.561,Received an expired out of sequence packet ,78084,78665
107.561,Received an expired out of sequence packet ,78085,78665
107.561,Received an expired out of sequence packet ,78086,78665
107.578,Received an expired out of sequence packet ,78087,78665
107.58,Received an expired out of sequence packet ,78088,78665
107.584,Received an expired out of sequence packet ,78089,78665
107.589,Received an expired out of sequence packet ,78090,78665
107.589,Received an expired out of sequence packet ,78091,78665
107.589,Received an expired out of sequence packet ,78092,78665
107.589,Received an expired out of sequence packet ,78093,78665
107.589,Received an expired out of sequence packet ,78094,78665
107.594,Received an expired out of sequence packet ,78095,78665
107.594,Received an expired out of sequence packet ,78096,78665
107.594,Received an expired out of sequence packet ,78097,78665
107.594,Received an expired out of sequence packet ,78098,78665
107.594,Received an expired out of sequence packet ,78099,78665
107.594,Received an expired out of sequence packet ,78100,78665
107.612,Received an expired out of sequence packet ,78101,78665
107.612,Received an expired out of sequence packet ,78102,78665
107.612,Received an expired out of sequence packet ,78103,78665
107.632,Received an expired out of sequence packet ,78104,78665
107.632,Received an expired out of sequence packet ,78105,78665
107.634,Received an expired out of sequence packet ,78106,78665
107.634,Received an expired out of sequence packet ,78107,78665
107.634,Received an expired out of sequence packet ,78108,78665
107.634,Received an expired out of sequence packet ,78109,78665
107.634,Received an expired out of sequence packet ,78110,78665
107.634,Received an expired out of sequence packet ,78111,78665
107.634,Received an expired out of sequence packet ,78112,78665
107.634,Received an expired out of sequence packet ,78113,78665
107.634,Received an expired out of sequence packet ,78114,78665
107.634,Received an expired out of sequence packet ,78115,78665
107.634,Received an expired out of sequence packet ,78116,78665
107.634,Received an expired out of sequence packet ,78117,78665
107.634,Received an expired out of sequence packet ,78118,78665
107.634,Received an expired out of sequence packet ,78119,78665
107.634,Received an expired out of sequence packet ,78120,78665
107.634,Received an expired out of sequence packet ,78121,78665
107.634,Received an expired out of sequence packet ,78122,78665
107.634,Received an expired out of sequence packet ,78123,78665
107.646,Received an expired out of sequence packet ,78124,78665
107.646,Received an expired out of sequence packet ,78125,78665
107.646,Received an expired out of sequence packet ,78126,78665
107.646,Received an expired out of sequence packet ,78127,78665
107.646,Received an expired out of sequence packet ,78128,78665
107.646,Received an expired out of sequence packet ,78129,78665
107.646,Received an expired out of sequence packet ,78130,78665
107.646,Received an expired out of sequence packet ,78131,78665
107.646,Received an expired out of sequence packet ,78132,78665
107.646,Received an expired out of sequence packet ,78133,78665
107.646,Received an expired out of sequence packet ,78134,78665
107.646,Received an expired out of sequence packet ,78135,78665
107.646,Received an expired out of sequence packet ,78136,78665
107.646,Received an expired out of sequence packet ,78137,78665
107.646,Received an expired out of sequence packet ,78138,78665
107.646,Received an expired out of sequence packet ,78139,78665
107.646,Received an expired out of sequence packet ,78140,78665
107.649,Received an expired out of sequence packet ,78141,78665
107.656,Received an expired out of sequence packet ,78142,78665
107.66,Received an expired out of sequence packet ,78143,78665
107.66,Received an expired out of sequence packet ,78144,78665
107.66,Received an expired out of sequence packet ,78145,78665
107.66,Received an expired out of sequence packet ,78146,78665
107.66,Received an expired out of sequence packet ,78147,78665
107.66,Received an expired out of sequence packet ,78148,78665
107.662,Received an expired out of sequence packet ,78149,78665
107.662,Received an expired out of sequence packet ,78150,78665
107.662,Received an expired out of sequence packet ,78151,78665
107.662,Received an expired out of sequence packet ,78152,78665
107.662,Received an expired out of sequence packet ,78153,78665
107.662,Received an expired out of sequence packet ,78154,78665
107.662,Received an expired out of sequence packet ,78155,78665
107.662,Received an expired out of sequence packet ,78156,78665
107.662,Received an expired out of sequence packet ,78157,78665
107.663,Received an expired out of sequence packet ,78158,78665
107.663,Received an expired out of sequence packet ,78159,78665
107.663,Received an expired out of sequence packet ,78160,78665
107.663,Received an expired out of sequence packet ,78161,78665
107.663,Received an expired out of sequence packet ,78162,78665
107.663,Received an expired out of sequence packet ,78163,78665
107.663,Received an expired out of sequence packet ,78164,78665
107.663,Received an expired out of sequence packet ,78165,78665
107.663,Received an expired out of sequence packet ,78166,78665
107.663,Received an expired out of sequence packet ,78167,78665
107.736,Received an expired out of sequence packet ,78168,78665
107.736,Received an expired out of sequence packet ,78169,78665
107.736,Received an expired out of sequence packet ,78170,78665
107.736,Received an expired out of sequence packet ,78171,78665
107.736,Received an expired out of sequence packet ,78172,78665
107.736,Received an expired out of sequence packet ,78173,78665
107.736,Received an expired out of sequence packet ,78174,78665
107.736,Received an expired out of sequence packet ,78175,78665
107.736,Received an expired out of sequence packet ,78176,78665
107.738,Received an expired out of sequence packet ,78177,78665
107.823,Received an expired out of sequence packet ,78178,78665
107.825,Received an expired out of sequence packet ,78179,78665
107.825,Received an expired out of sequence packet ,78180,78665
107.825,Received an expired out of sequence packet ,78181,78665
107.825,Received an expired out of sequence packet ,78182,78665
107.827,Received an expired out of sequence packet ,78183,78665
107.827,Received an expired out of sequence packet ,78184,78665
107.827,Received an expired out of sequence packet ,78185,78665
107.849,Received an expired out of sequence packet ,78186,78665
107.851,Received an expired out of sequence packet ,78187,78665
107.862,Received an expired out of sequence packet ,78188,78665
107.893,Received an expired out of sequence packet ,78189,78665
107.893,Received an expired out of sequence packet ,78190,78665
107.893,Received an expired out of sequence packet ,78191,78665
107.893,Received an expired out of sequence packet ,78192,78665
107.893,Received an expired out of sequence packet ,78193,78665
107.893,Received an expired out of sequence packet ,78194,78665
107.893,Received an expired out of sequence packet ,78195,78665
107.893,Received an expired out of sequence packet ,78196,78665
107.893,Received an expired out of sequence packet ,78197,78665
107.893,Received an expired out of sequence packet ,78198,78665
107.893,Received an expired out of sequence packet ,78199,78665
107.893,Received an expired out of sequence packet ,78200,78665
107.893,Received an expired out of sequence packet ,78201,78665
107.893,Received an expired out of sequence packet ,78202,78665
107.893,Received an expired out of sequence packet ,78203,78665
107.896,Received an expired out of sequence packet ,78204,78665
107.896,Received an expired out of sequence packet ,78205,78665
107.896,Received an expired out of sequence packet ,78206,78665
107.896,Received an expired out of sequence packet ,78207,78665
107.896,Received an expired out of sequence packet ,78208,78665
107.896,Received an expired out of sequence packet ,78209,78665
107.899,Received an expired out of sequence packet ,78210,78665
107.899,Received an expired out of sequence packet ,78211,78665
107.899,Received an expired out of sequence packet ,78212,78665
107.899,Received an expired out of sequence packet ,78213,78665
107.899,Received an expired out of sequence packet ,78214,78665
107.899,Received an expired out of sequence packet ,78215,78665
107.899,Received an expired out of sequence packet ,78216,78665
107.899,Received an expired out of sequence packet ,78217,78665
107.899,Received an expired out of sequence packet ,78218,78665
107.902,Received an expired out of sequence packet ,78219,78665
107.907,Received an expired out of sequence packet ,78220,78665
107.907,Received an expired out of sequence packet ,78221,78665
107.907,Received an expired out of sequence packet ,78222,78665
107.911,Received an expired out of sequence packet ,78223,78665
107.911,Received an expired out of sequence packet ,78224,78665
107.911,Received an expired out of sequence packet ,78225,78665
107.911,Received an expired out of sequence packet ,78226,78665
107.917,Received an expired out of sequence packet ,78227,78665
107.917,Received an expired out of sequence packet ,78228,78665
107.918,Received an expired out of sequence packet ,78229,78665
107.918,Received an expired out of sequence packet ,78230,78665
107.918,Received an expired out of sequence packet ,78231,78665
107.918,Received an expired out of sequence packet ,78232,78665
107.918,Received an expired out of sequence packet ,78233,78665
107.919,Received an expired out of sequence packet ,78234,78665
107.919,Received an expired out of sequence packet ,78235,78665
107.933,Received an expired out of sequence packet ,78236,78665
107.933,Received an expired out of sequence packet ,78237,78665
107.933,Received an expired out of sequence packet ,78238,78665
107.933,Received an expired out of sequence packet ,78239,78665
107.934,Received an expired out of sequence packet ,78240,78665
107.937,Received an expired out of sequence packet ,78241,78665
107.94,Received an expired out of sequence packet ,78242,78665
107.94,Received an expired out of sequence packet ,78243,78665
107.94,Received an expired out of sequence packet ,78244,78665
107.94,Received an expired out of sequence packet ,78245,78665
107.941,Received an expired out of sequence packet ,78246,78665
107.941,Received an expired out of sequence packet ,78247,78665
107.941,Received an expired out of sequence packet ,78248,78665
107.941,Received an expired out of sequence packet ,78249,78665
107.941,Received an expired out of sequence packet ,78250,78665
107.941,Received an expired out of sequence packet ,78251,78665
107.941,Received an expired out of sequence packet ,78252,78665
107.941,Received an expired out of sequence packet ,78253,78665
107.941,Received an expired out of sequence packet ,78254,78665
107.941,Received an expired out of sequence packet ,78255,78665
107.941,Received an expired out of sequence packet ,78256,78665
107.941,Received an expired out of sequence packet ,78257,78665
107.941,Received an expired out of sequence packet ,78258,78665
107.941,Received an expired out of sequence packet ,78259,78665
107.941,Received an expired out of sequence packet ,78260,78665
107.941,Received an expired out of sequence packet ,78261,78665
107.946,Received an expired out of sequence packet ,78262,78665
107.946,Received an expired out of sequence packet ,78263,78665
107.946,Received an expired out of sequence packet ,78264,78665
107.946,Received an expired out of sequence packet ,78265,78665
107.946,Received an expired out of sequence packet ,78266,78665
107.946,Received an expired out of sequence packet ,78267,78665
107.976,Received an expired out of sequence packet ,78268,78665
107.976,Received an expired out of sequence packet ,78269,78665
107.976,Received an expired out of sequence packet ,78270,78665
107.976,Received an expired out of sequence packet ,78271,78665
107.976,Received an expired out of sequence packet ,78272,78665
107.976,Received an expired out of sequence packet ,78273,78665
107.976,Received an expired out of sequence packet ,78274,78665
107.976,Received an expired out of sequence packet ,78275,78665
107.976,Received an expired out of sequence packet ,78276,78665
107.976,Received an expired out of sequence packet ,78277,78665
108.007,Received an expired out of sequence packet ,78278,78665
108.107,Received an expired out of sequence packet ,78279,78665
108.115,Received an expired out of sequence packet ,78280,78665
108.115,Received an expired out of sequence packet ,78281,78665
108.119,Received an expired out of sequence packet ,78282,78665
108.119,Received an expired out of sequence packet ,78283,78665
108.119,Received an expired out of sequence packet ,78284,78665
108.119,Received an expired out of sequence packet ,78285,78665
108.119,Received an expired out of sequence packet ,78286,78665
108.119,Received an expired out of sequence packet ,78287,78665
108.158,Received an expired out of sequence packet ,78288,78665
108.158,Received an expired out of sequence packet ,78289,78665
108.158,Received an expired out of sequence packet ,78290,78665
108.158,Received an expired out of sequence packet ,78291,78665
108.158,Received an expired out of sequence packet ,78292,78665
108.158,Received an expired out of sequence packet ,78293,78665
108.159,Received an expired out of sequence packet ,78294,78665
108.161,Received an expired out of sequence packet ,78295,78665
108.161,Received an expired out of sequence packet ,78296,78665
108.161,Received an expired out of sequence packet ,78297,78665
108.161,Received an expired out of sequence packet ,78298,78665
108.161,Received an expired out of sequence packet ,78299,78665
108.162,Received an expired out of sequence packet ,78300,78665
108.162,Received an expired out of sequence packet ,78301,78665
108.162,Received an expired out of sequence packet ,78302,78665
108.162,Received an expired out of sequence packet ,78303,78665
108.162,Received an expired out of sequence packet ,78304,78665
108.162,Received an expired out of sequence packet ,78305,78665
108.162,Received an expired out of sequence packet ,78306,78665
108.162,Received an expired out of sequence packet ,78307,78665
108.162,Received an expired out of sequence packet ,78308,78665
108.162,Received an expired out of sequence packet ,78309,78665
108.162,Received an expired out of sequence packet ,78310,78665
108.162,Received an expired out of sequence packet ,78311,78665
108.162,Received an expired out of sequence packet ,78312,78665
108.162,Received an expired out of sequence packet ,78313,78665
108.205,Received an expired out of sequence packet ,78314,78665
108.205,Received an expired out of sequence packet ,78315,78665
108.205,Received an expired out of sequence packet ,78316,78665
108.205,Received an expired out of sequence packet ,78317,78665
108.205,Received an expired out of sequence packet ,78318,78665
108.205,Received an expired out of sequence packet ,78319,78665
108.205,Received an expired out of sequence packet ,78320,78665
108.205,Received an expired out of sequence packet ,78321,78665
108.205,Received an expired out of sequence packet ,78322,78665
108.205,Received an expired out of sequence packet ,78323,78665
108.205,Received an expired out of sequence packet ,78324,78665
108.205,Received an expired out of sequence packet ,78325,78665
108.205,Received an expired out of sequence packet ,78326,78665
108.205,Received an expired out of sequence packet ,78327,78665
108.207,Received an expired out of sequence packet ,78328,78665
108.207,Received an expired out of sequence packet ,78329,78665
108.207,Received an expired out of sequence packet ,78330,78665
108.207,Received an expired out of sequence packet ,78331,78665
108.208,Received an expired out of sequence packet ,78332,78665
108.211,Received an expired out of sequence packet ,78333,78665
108.211,Received an expired out of sequence packet ,78334,78665
108.211,Received an expired out of sequence packet ,78335,78665
108.211,Received an expired out of sequence packet ,78336,78665
108.211,Received an expired out of sequence packet ,78337,78665
108.211,Received an expired out of sequence packet ,78338,78665
108.211,Received an expired out of sequence packet ,78339,78665
108.211,Received an expired out of sequence packet ,78340,78665
108.211,Received an expired out of sequence packet ,78341,78665
108.211,Received an expired out of sequence packet ,78342,78665
108.211,Received an expired out of sequence packet ,78343,78665
108.211,Received an expired out of sequence packet ,78344,78665
108.212,Received an expired out of sequence packet ,78345,78665
108.212,Received an expired out of sequence packet ,78346,78665
108.212,Received an expired out of sequence packet ,78347,78665
108.212,Received an expired out of sequence packet ,78348,78665
108.212,Received an expired out of sequence packet ,78349,78665
108.212,Received an expired out of sequence packet ,78350,78665
108.212,Received an expired out of sequence packet ,78351,78665
108.212,Received an expired out of sequence packet ,78352,78665
108.212,Received an expired out of sequence packet ,78353,78665
108.213,Received an expired out of sequence packet ,78354,78665
108.213,Received an expired out of sequence packet ,78355,78665
108.213,Received an expired out of sequence packet ,78356,78665
108.213,Received an expired out of sequence packet ,78357,78665
108.213,Received an expired out of sequence packet ,78358,78665
108.213,Received an expired out of sequence packet ,78359,78665
108.213,Received an expired out of sequence packet ,78360,78665
108.213,Received an expired out of sequence packet ,78361,78665
108.213,Received an expired out of sequence packet ,78362,78665
108.213,Received an expired out of sequence packet ,78363,78665
108.213,Received an expired out of sequence packet ,78364,78665
108.213,Received an expired out of sequence packet ,78365,78665
108.213,Received an expired out of sequence packet ,78366,78665
108.213,Received an expired out of sequence packet ,78367,78665
108.213,Received an expired out of sequence packet ,78368,78665
108.213,Received an expired out of sequence packet ,78369,78665
108.213,Received an expired out of sequence packet ,78370,78665
108.213,Received an expired out of sequence packet ,78371,78665
108.213,Received an expired out of sequence packet ,78372,78665
108.275,Received an expired out of sequence packet ,78373,78665
108.275,Received an expired out of sequence packet ,78374,78665
108.275,Received an expired out of sequence packet ,78375,78665
108.275,Received an expired out of sequence packet ,78376,78665
108.275,Received an expired out of sequence packet ,78377,78665
108.379,Received an expired out of sequence packet ,78378,78665
108.379,Received an expired out of sequence packet ,78379,78665
108.383,Received an expired out of sequence packet ,78380,78665
108.386,Received an expired out of sequence packet ,78381,78665
108.386,Received an expired out of sequence packet ,78382,78665
108.386,Received an expired out of sequence packet ,78383,78665
108.386,Received an expired out of sequence packet ,78384,78665
108.386,Received an expired out of sequence packet ,78385,78665
108.388,Received an expired out of sequence packet ,78386,78665
108.414,Received an expired out of sequence packet ,78387,78665
108.415,Received an expired out of sequence packet ,78388,78665
108.415,Received an expired out of sequence packet ,78389,78665
108.415,Received an expired out of sequence packet ,78390,78665
108.415,Received an expired out of sequence packet ,78391,78665
108.415,Received an expired out of sequence packet ,78392,78665
108.415,Received an expired out of sequence packet ,78393,78665
108.419,Received an expired out of sequence packet ,78394,78665
108.422,Received an expired out of sequence packet ,78395,78665
108.422,Received an expired out of sequence packet ,78396,78665
108.432,Received an expired out of sequence packet ,78397,78665
108.432,Received an expired out of sequence packet ,78398,78665
108.432,Received an expired out of sequence packet ,78399,78665
108.435,Received an expired out of sequence packet ,78400,78665
108.435,Received an expired out of sequence packet ,78401,78665
108.435,Received an expired out of sequence packet ,78402,78665
108.435,Received an expired out of sequence packet ,78403,78665
108.435,Received an expired out of sequence packet ,78404,78665
108.437,Received an expired out of sequence packet ,78405,78665
108.437,Received an expired out of sequence packet ,78406,78665
108.437,Received an expired out of sequence packet ,78407,78665
108.437,Received an expired out of sequence packet ,78408,78665
108.437,Received an expired out of sequence packet ,78409,78665
108.437,Received an expired out of sequence packet ,78410,78665
108.437,Received an expired out of sequence packet ,78411,78665
108.437,Received an expired out of sequence packet ,78412,78665
108.449,Received an expired out of sequence packet ,78413,78665
108.449,Received an expired out of sequence packet ,78414,78665
108.449,Received an expired out of sequence packet ,78415,78665
108.449,Received an expired out of sequence packet ,78416,78665
108.449,Received an expired out of sequence packet ,78417,78665
108.449,Received an expired out of sequence packet ,78418,78665
108.449,Received an expired out of sequence packet ,78419,78665
108.449,Received an expired out of sequence packet ,78420,78665
108.449,Received an expired out of sequence packet ,78421,78665
108.449,Received an expired out of sequence packet ,78422,78665
108.449,Received an expired out of sequence packet ,78423,78665
108.449,Received an expired out of sequence packet ,78424,78665
108.449,Received an expired out of sequence packet ,78425,78665
108.449,Received an expired out of sequence packet ,78426,78665
108.449,Received an expired out of sequence packet ,78427,78665
108.449,Received an expired out of sequence packet ,78428,78665
108.449,Received an expired out of sequence packet ,78429,78665
108.449,Received an expired out of sequence packet ,78430,78665
108.45,Received an expired out of sequence packet ,78431,78665
108.45,Received an expired out of sequence packet ,78432,78665
108.452,Received an expired out of sequence packet ,78433,78665
108.452,Received an expired out of sequence packet ,78434,78665
108.452,Received an expired out of sequence packet ,78435,78665
108.452,Received an expired out of sequence packet ,78436,78665
108.453,Received an expired out of sequence packet ,78437,78665
108.457,Received an expired out of sequence packet ,78438,78665
108.457,Received an expired out of sequence packet ,78439,78665
108.457,Received an expired out of sequence packet ,78440,78665
108.457,Received an expired out of sequence packet ,78441,78665
108.457,Received an expired out of sequence packet ,78442,78665
108.457,Received an expired out of sequence packet ,78443,78665
108.457,Received an expired out of sequence packet ,78444,78665
108.457,Received an expired out of sequence packet ,78445,78665
108.457,Received an expired out of sequence packet ,78446,78665
108.457,Received an expired out of sequence packet ,78447,78665
108.457,Received an expired out of sequence packet ,78448,78665
108.457,Received an expired out of sequence packet ,78449,78665
108.457,Received an expired out of sequence packet ,78450,78665
108.457,Received an expired out of sequence packet ,78451,78665
108.457,Received an expired out of sequence packet ,78452,78665
108.457,Received an expired out of sequence packet ,78453,78665
108.457,Received an expired out of sequence packet ,78454,78665
108.457,Received an expired out of sequence packet ,78455,78665
108.462,Received an expired out of sequence packet ,78456,78665
108.466,Received an expired out of sequence packet ,78457,78665
108.474,Received an expired out of sequence packet ,78458,78665
108.476,Received an expired out of sequence packet ,78459,78665
108.476,Received an expired out of sequence packet ,78460,78665
108.477,Received an expired out of sequence packet ,78461,78665
108.477,Received an expired out of sequence packet ,78462,78665
108.477,Received an expired out of sequence packet ,78463,78665
108.481,Received an expired out of sequence packet ,78464,78665
108.485,Received an expired out of sequence packet ,78465,78665
108.485,Received an expired out of sequence packet ,78466,78665
108.485,Received an expired out of sequence packet ,78467,78665
108.485,Received an expired out of sequence packet ,78468,78665
108.485,Received an expired out of sequence packet ,78469,78665
108.485,Received an expired out of sequence packet ,78470,78665
108.485,Received an expired out of sequence packet ,78471,78665
108.485,Received an expired out of sequence packet ,78472,78665
108.485,Received an expired out of sequence packet ,78473,78665
108.485,Received an expired out of sequence packet ,78474,78665
108.485,Received an expired out of sequence packet ,78475,78665
108.485,Received an expired out of sequence packet ,78476,78665
108.505,Received an expired out of sequence packet ,78477,78665
108.548,Received an expired out of sequence packet ,78478,78665
108.633,Received an expired out of sequence packet ,78479,78665
108.633,Received an expired out of sequence packet ,78480,78665
108.641,Received an expired out of sequence packet ,78481,78665
108.641,Received an expired out of sequence packet ,78482,78665
108.645,Received an expired out of sequence packet ,78483,78665
108.645,Received an expired out of sequence packet ,78484,78665
108.645,Received an expired out of sequence packet ,78485,78665
108.645,Received an expired out of sequence packet ,78486,78665
108.645,Received an expired out of sequence packet ,78487,78665
108.663,Received an expired out of sequence packet ,78488,78665
108.665,Received an expired out of sequence packet ,78489,78665
108.673,Received an expired out of sequence packet ,78490,78665
108.678,Received an expired out of sequence packet ,78491,78665
108.68,Received an expired out of sequence packet ,78492,78665
108.68,Received an expired out of sequence packet ,78493,78665
108.68,Received an expired out of sequence packet ,78494,78665
108.68,Received an expired out of sequence packet ,78495,78665
108.68,Received an expired out of sequence packet ,78496,78665
108.68,Received an expired out of sequence packet ,78497,78665
108.68,Received an expired out of sequence packet ,78498,78665
108.68,Received an expired out of sequence packet ,78499,78665
108.68,Received an expired out of sequence packet ,78500,78665
108.68,Received an expired out of sequence packet ,78501,78665
108.681,Received an expired out of sequence packet ,78502,78665
108.681,Received an expired out of sequence packet ,78503,78665
108.681,Received an expired out of sequence packet ,78504,78665
108.681,Received an expired out of sequence packet ,78505,78665
108.681,Received an expired out of sequence packet ,78506,78665
108.681,Received an expired out of sequence packet ,78507,78665
108.681,Received an expired out of sequence packet ,78508,78665
108.684,Received an expired out of sequence packet ,78509,78665
108.684,Received an expired out of sequence packet ,78510,78665
108.686,Received an expired out of sequence packet ,78511,78665
108.686,Received an expired out of sequence packet ,78512,78665
108.686,Received an expired out of sequence packet ,78513,78665
108.686,Received an expired out of sequence packet ,78514,78665
108.686,Received an expired out of sequence packet ,78515,78665
108.686,Received an expired out of sequence packet ,78516,78665
108.686,Received an expired out of sequence packet ,78517,78665
108.686,Received an expired out of sequence packet ,78518,78665
108.686,Received an expired out of sequence packet ,78519,78665
108.686,Received an expired out of sequence packet ,78520,78665
108.686,Received an expired out of sequence packet ,78521,78665
108.686,Received an expired out of sequence packet ,78522,78665
108.702,Received an expired out of sequence packet ,78523,78665
108.702,Received an expired out of sequence packet ,78524,78665
108.712,Received an expired out of sequence packet ,78525,78665
108.712,Received an expired out of sequence packet ,78526,78665
108.712,Received an expired out of sequence packet ,78527,78665
108.715,Received an expired out of sequence packet ,78528,78665
108.715,Received an expired out of sequence packet ,78529,78665
108.715,Received an expired out of sequence packet ,78530,78665
108.715,Received an expired out of sequence packet ,78531,78665
108.715,Received an expired out of sequence packet ,78532,78665
108.715,Received an expired out of sequence packet ,78533,78665
108.719,Received an expired out of sequence packet ,78534,78665
108.719,Received an expired out of sequence packet ,78535,78665
108.719,Received an expired out of sequence packet ,78536,78665
108.719,Received an expired out of sequence packet ,78537,78665
108.719,Received an expired out of sequence packet ,78538,78665
108.719,Received an expired out of sequence packet ,78539,78665
108.719,Received an expired out of sequence packet ,78540,78665
108.719,Received an expired out of sequence packet ,78541,78665
108.719,Received an expired out of sequence packet ,78542,78665
108.719,Received an expired out of sequence packet ,78543,78665
108.719,Received an expired out of sequence packet ,78544,78665
108.719,Received an expired out of sequence packet ,78545,78665
108.719,Received an expired out of sequence packet ,78546,78665
108.719,Received an expired out of sequence packet ,78547,78665
108.719,Received an expired out of sequence packet ,78548,78665
108.719,Received an expired out of sequence packet ,78549,78665
108.75,Received an expired out of sequence packet ,78550,78665
108.75,Received an expired out of sequence packet ,78551,78665
108.75,Received an expired out of sequence packet ,78552,78665
108.75,Received an expired out of sequence packet ,78553,78665
108.75,Received an expired out of sequence packet ,78554,78665
108.75,Received an expired out of sequence packet ,78555,78665
108.75,Received an expired out of sequence packet ,78556,78665
108.75,Received an expired out of sequence packet ,78557,78665
108.761,Received an expired out of sequence packet ,78558,78665
108.761,Received an expired out of sequence packet ,78559,78665
108.761,Received an expired out of sequence packet ,78560,78665
108.762,Received an expired out of sequence packet ,78561,78665
108.762,Received an expired out of sequence packet ,78562,78665
108.762,Received an expired out of sequence packet ,78563,78665
108.762,Received an expired out of sequence packet ,78564,78665
108.762,Received an expired out of sequence packet ,78565,78665
108.762,Received an expired out of sequence packet ,78566,78665
108.762,Received an expired out of sequence packet ,78567,78665
108.762,Received an expired out of sequence packet ,78568,78665
108.762,Received an expired out of sequence packet ,78569,78665
108.762,Received an expired out of sequence packet ,78570,78665
108.762,Received an expired out of sequence packet ,78571,78665
108.762,Received an expired out of sequence packet ,78572,78665
108.762,Received an expired out of sequence packet ,78573,78665
108.762,Received an expired out of sequence packet ,78574,78665
108.777,Received an expired out of sequence packet ,78575,78665
108.777,Received an expired out of sequence packet ,78576,78665
108.777,Received an expired out of sequence packet ,78577,78665
108.777,Received an expired out of sequence packet ,78578,78665
108.839,Received an expired out of sequence packet ,78579,78665
108.911,Received an expired out of sequence packet ,78580,78665
108.913,Received an expired out of sequence packet ,78581,78665
108.921,Received an expired out of sequence packet ,78582,78665
108.947,Received an expired out of sequence packet ,78583,78665
108.947,Received an expired out of sequence packet ,78584,78665
108.947,Received an expired out of sequence packet ,78585,78665
108.947,Received an expired out of sequence packet ,78586,78665
108.947,Received an expired out of sequence packet ,78587,78665
108.947,Received an expired out of sequence packet ,78588,78665
108.955,Received an expired out of sequence packet ,78589,78665
108.955,Received an expired out of sequence packet ,78590,78665
108.958,Received an expired out of sequence packet ,78591,78665
108.958,Received an expired out of sequence packet ,78592,78665
108.958,Received an expired out of sequence packet ,78593,78665
108.958,Received an expired out of sequence packet ,78594,78665
108.958,Received an expired out of sequence packet ,78595,78665
108.961,Received an expired out of sequence packet ,78596,78665
108.961,Received an expired out of sequence packet ,78597,78665
108.961,Received an expired out of sequence packet ,78598,78665
108.961,Received an expired out of sequence packet ,78599,78665
108.961,Received an expired out of sequence packet ,78600,78665
108.961,Received an expired out of sequence packet ,78601,78665
108.961,Received an expired out of sequence packet ,78602,78665
108.966,Received an expired out of sequence packet ,78603,78665
108.966,Received an expired out of sequence packet ,78604,78665
108.966,Received an expired out of sequence packet ,78605,78665
108.966,Received an expired out of sequence packet ,78606,78665
108.966,Received an expired out of sequence packet ,78607,78665
108.966,Received an expired out of sequence packet ,78608,78665
108.966,Received an expired out of sequence packet ,78609,78665
108.966,Received an expired out of sequence packet ,78610,78665
108.966,Received an expired out of sequence packet ,78611,78665
108.966,Received an expired out of sequence packet ,78612,78665
108.966,Received an expired out of sequence packet ,78613,78665
108.966,Received an expired out of sequence packet ,78614,78665
108.966,Received an expired out of sequence packet ,78615,78665
108.978,Received an expired out of sequence packet ,78616,78665
108.978,Received an expired out of sequence packet ,78617,78665
108.978,Received an expired out of sequence packet ,78618,78665
108.978,Received an expired out of sequence packet ,78619,78665
108.978,Received an expired out of sequence packet ,78620,78665
108.978,Received an expired out of sequence packet ,78621,78665
108.978,Received an expired out of sequence packet ,78622,78665
108.978,Received an expired out of sequence packet ,78623,78665
108.978,Received an expired out of sequence packet ,78624,78665
108.978,Received an expired out of sequence packet ,78625,78665
108.978,Received an expired out of sequence packet ,78626,78665
108.978,Received an expired out of sequence packet ,78627,78665
108.978,Received an expired out of sequence packet ,78628,78665
108.978,Received an expired out of sequence packet ,78629,78665
108.98,Received an expired out of sequence packet ,78630,78665
108.985,Received an expired out of sequence packet ,78631,78665
108.989,Received an expired out of sequence packet ,78632,78665
108.996,Received an expired out of sequence packet ,78633,78665
109.001,Received an expired out of sequence packet ,78634,78665
109.001,Received an expired out of sequence packet ,78635,78665
109.001,Received an expired out of sequence packet ,78636,78665
109.001,Received an expired out of sequence packet ,78637,78665
109.001,Received an expired out of sequence packet ,78638,78665
109.009,Received an expired out of sequence packet ,78639,78665
109.009,Received an expired out of sequence packet ,78640,78665
109.009,Received an expired out of sequence packet ,78641,78665
109.009,Received an expired out of sequence packet ,78642,78665
109.009,Received an expired out of sequence packet ,78643,78665
109.009,Received an expired out of sequence packet ,78644,78665
109.009,Received an expired out of sequence packet ,78645,78665
109.009,Received an expired out of sequence packet ,78646,78665
109.009,Received an expired out of sequence packet ,78647,78665
109.009,Received an expired out of sequence packet ,78648,78665
109.009,Received an expired out of sequence packet ,78649,78665
109.009,Received an expired out of sequence packet ,78650,78665
109.009,Received an expired out of sequence packet ,78651,78665
109.009,Received an expired out of sequence packet ,78652,78665
109.024,Received an expired out of sequence packet ,78653,78665
109.024,Received an expired out of sequence packet ,78654,78665
109.024,Received an expired out of sequence packet ,78655,78665
109.024,Received an expired out of sequence packet ,78656,78665
109.024,Received an expired out of sequence packet ,78657,78665
109.028,Received an expired out of sequence packet ,78658,78665
109.036,Received an expired out of sequence packet ,78659,78665
109.037,Received an expired out of sequence packet ,78660,78665
109.037,Received an expired out of sequence packet ,78661,78665
109.037,Received an expired out of sequence packet ,78662,78665
109.039,Received an expired out of sequence packet ,78663,78665
109.039,Received an expired out of sequence packet ,78664,78665
113.067,Timeout
113.067,clearing sending list because of timeout
113.548,Timeout
113.548,clearing sending list because of timeout
113.598,Received an expired out of sequence packet ,79672,79831
113.632,Received an expired out of sequence packet ,79673,79831
113.636,Received an expired out of sequence packet ,79674,79831
113.708,Received an expired out of sequence packet ,79675,79831
113.708,Received an expired out of sequence packet ,79676,79831
113.708,Received an expired out of sequence packet ,79677,79831
113.708,Received an expired out of sequence packet ,79678,79831
113.708,Received an expired out of sequence packet ,79679,79831
113.708,Received an expired out of sequence packet ,79680,79831
113.708,Received an expired out of sequence packet ,79681,79831
113.708,Received an expired out of sequence packet ,79682,79831
113.708,Received an expired out of sequence packet ,79683,79831
113.708,Received an expired out of sequence packet ,79684,79831
113.708,Received an expired out of sequence packet ,79685,79831
113.712,Received an expired out of sequence packet ,79686,79831
113.74,Received an expired out of sequence packet ,79687,79831
113.74,Received an expired out of sequence packet ,79688,79831
113.74,Received an expired out of sequence packet ,79689,79831
113.74,Received an expired out of sequence packet ,79690,79831
113.74,Received an expired out of sequence packet ,79691,79831
113.74,Received an expired out of sequence packet ,79692,79831
113.74,Received an expired out of sequence packet ,79693,79831
113.74,Received an expired out of sequence packet ,79694,79831
113.74,Received an expired out of sequence packet ,79695,79831
113.742,Received an expired out of sequence packet ,79696,79831
113.742,Received an expired out of sequence packet ,79697,79831
113.742,Received an expired out of sequence packet ,79698,79831
113.742,Received an expired out of sequence packet ,79699,79831
113.755,Received an expired out of sequence packet ,79700,79831
113.755,Received an expired out of sequence packet ,79701,79831
113.755,Received an expired out of sequence packet ,79702,79831
113.755,Received an expired out of sequence packet ,79703,79831
113.755,Received an expired out of sequence packet ,79704,79831
113.755,Received an expired out of sequence packet ,79705,79831
113.755,Received an expired out of sequence packet ,79706,79831
113.755,Received an expired out of sequence packet ,79707,79831
113.755,Received an expired out of sequence packet ,79708,79831
113.755,Received an expired out of sequence packet ,79709,79831
113.755,Received an expired out of sequence packet ,79710,79831
113.765,Received an expired out of sequence packet ,79711,79831
113.765,Received an expired out of sequence packet ,79712,79831
113.765,Received an expired out of sequence packet ,79713,79831
113.765,Received an expired out of sequence packet ,79714,79831
113.772,Received an expired out of sequence packet ,79715,79831
113.772,Received an expired out of sequence packet ,79716,79831
113.775,Received an expired out of sequence packet ,79717,79831
113.775,Received an expired out of sequence packet ,79718,79831
113.775,Received an expired out of sequence packet ,79719,79831
113.775,Received an expired out of sequence packet ,79720,79831
113.775,Received an expired out of sequence packet ,79721,79831
113.775,Received an expired out of sequence packet ,79722,79831
113.775,Received an expired out of sequence packet ,79723,79831
113.775,Received an expired out of sequence packet ,79724,79831
113.817,Received an expired out of sequence packet ,79725,79831
113.817,Received an expired out of sequence packet ,79726,79831
113.817,Received an expired out of sequence packet ,79727,79831
113.817,Received an expired out of sequence packet ,79728,79831
113.817,Received an expired out of sequence packet ,79729,79831
113.817,Received an expired out of sequence packet ,79730,79831
113.903,Received an expired out of sequence packet ,79731,79831
113.903,Received an expired out of sequence packet ,79732,79831
113.903,Received an expired out of sequence packet ,79733,79831
113.903,Received an expired out of sequence packet ,79734,79831
113.909,Received an expired out of sequence packet ,79735,79831
113.909,Received an expired out of sequence packet ,79736,79831
113.909,Received an expired out of sequence packet ,79737,79831
113.909,Received an expired out of sequence packet ,79738,79831
113.91,Received an expired out of sequence packet ,79739,79831
113.91,Received an expired out of sequence packet ,79740,79831
113.91,Received an expired out of sequence packet ,79741,79831
113.91,Received an expired out of sequence packet ,79742,79831
113.91,Received an expired out of sequence packet ,79743,79831
113.91,Received an expired out of sequence packet ,79744,79831
113.91,Received an expired out of sequence packet ,79745,79831
113.91,Received an expired out of sequence packet ,79746,79831
113.91,Received an expired out of sequence packet ,79747,79831
113.91,Received an expired out of sequence packet ,79748,79831
113.91,Received an expired out of sequence packet ,79749,79831
113.91,Received an expired out of sequence packet ,79750,79831
113.91,Received an expired out of sequence packet ,79751,79831
113.91,Received an expired out of sequence packet ,79752,79831
113.91,Received an expired out of sequence packet ,79753,79831
113.91,Received an expired out of sequence packet ,79754,79831
113.911,Received an expired out of sequence packet ,79755,79831
113.911,Received an expired out of sequence packet ,79756,79831
113.911,Received an expired out of sequence packet ,79757,79831
113.911,Received an expired out of sequence packet ,79758,79831
113.911,Received an expired out of sequence packet ,79759,79831
113.911,Received an expired out of sequence packet ,79760,79831
113.911,Received an expired out of sequence packet ,79761,79831
113.911,Received an expired out of sequence packet ,79762,79831
113.911,Received an expired out of sequence packet ,79763,79831
113.913,Received an expired out of sequence packet ,79764,79831
113.913,Received an expired out of sequence packet ,79765,79831
113.914,Received an expired out of sequence packet ,79766,79831
113.914,Received an expired out of sequence packet ,79767,79831
113.914,Received an expired out of sequence packet ,79768,79831
113.914,Received an expired out of sequence packet ,79769,79831
113.914,Received an expired out of sequence packet ,79770,79831
113.914,Received an expired out of sequence packet ,79771,79831
113.915,Received an expired out of sequence packet ,79772,79831
113.915,Received an expired out of sequence packet 