1.23788,Exit slow start,exceeding SS_EXIT_THRESHOLD
15.6689,Timeout
15.6689,clearing sending list because of timeout
15.6866,Received an expired out of sequence packet ,8854,9040
15.6867,Received an expired out of sequence packet ,8855,9040
15.6867,Received an expired out of sequence packet ,8856,9040
15.6867,Received an expired out of sequence packet ,8857,9040
15.6867,Received an expired out of sequence packet ,8858,9040
15.6867,Received an expired out of sequence packet ,8859,9040
15.6868,Received an expired out of sequence packet ,8860,9040
15.6868,Received an expired out of sequence packet ,8861,9040
15.6868,Received an expired out of sequence packet ,8862,9040
15.6868,Received an expired out of sequence packet ,8863,9040
15.6868,Received an expired out of sequence packet ,8864,9040
15.6869,Received an expired out of sequence packet ,8865,9040
15.6869,Received an expired out of sequence packet ,8866,9040
15.6869,Received an expired out of sequence packet ,8867,9040
15.6869,Received an expired out of sequence packet ,8868,9040
15.6869,Received an expired out of sequence packet ,8869,9040
15.687,Received an expired out of sequence packet ,8870,9040
15.687,Received an expired out of sequence packet ,8871,9040
15.687,Received an expired out of sequence packet ,8872,9040
15.687,Received an expired out of sequence packet ,8873,9040
15.7457,Received an expired out of sequence packet ,8874,9040
15.7488,Received an expired out of sequence packet ,8875,9040
15.7488,Received an expired out of sequence packet ,8876,9040
15.7488,Received an expired out of sequence packet ,8877,9040
15.7488,Received an expired out of sequence packet ,8878,9040
15.7488,Received an expired out of sequence packet ,8879,9040
15.7489,Received an expired out of sequence packet ,8880,9040
15.7489,Received an expired out of sequence packet ,8881,9040
15.7489,Received an expired out of sequence packet ,8882,9040
15.783,Received an expired out of sequence packet ,8883,9040
15.783,Received an expired out of sequence packet ,8884,9040
15.783,Received an expired out of sequence packet ,8885,9040
15.783,Received an expired out of sequence packet ,8886,9040
15.7831,Received an expired out of sequence packet ,8887,9040
15.7831,Received an expired out of sequence packet ,8888,9040
15.7831,Received an expired out of sequence packet ,8889,9040
15.7831,Received an expired out of sequence packet ,8890,9040
15.7831,Received an expired out of sequence packet ,8891,9040
15.7832,Received an expired out of sequence packet ,8892,9040
15.7832,Received an expired out of sequence packet ,8893,9040
15.7832,Received an expired out of sequence packet ,8894,9040
15.7832,Received an expired out of sequence packet ,8895,9040
15.7832,Received an expired out of sequence packet ,8896,9040
15.7911,Received an expired out of sequence packet ,8897,9040
15.7911,Received an expired out of sequence packet ,8898,9040
15.7942,Received an expired out of sequence packet ,8899,9040
15.7942,Received an expired out of sequence packet ,8900,9040
15.7942,Received an expired out of sequence packet ,8901,9040
15.7942,Received an expired out of sequence packet ,8902,9040
15.7942,Received an expired out of sequence packet ,8903,9040
15.7972,Received an expired out of sequence packet ,8904,9040
15.7973,Received an expired out of sequence packet ,8905,9040
15.7973,Received an expired out of sequence packet ,8906,9040
15.7973,Received an expired out of sequence packet ,8907,9040
15.7973,Received an expired out of sequence packet ,8908,9040
15.7973,Received an expired out of sequence packet ,8909,9040
15.7973,Received an expired out of sequence packet ,8910,9040
15.7974,Received an expired out of sequence packet ,8911,9040
15.7974,Received an expired out of sequence packet ,8912,9040
15.7983,Received an expired out of sequence packet ,8913,9040
15.7983,Received an expired out of sequence packet ,8914,9040
15.7983,Received an expired out of sequence packet ,8915,9040
15.7984,Received an expired out of sequence packet ,8916,9040
15.7984,Received an expired out of sequence packet ,8917,9040
15.7984,Received an expired out of sequence packet ,8918,9040
15.7984,Received an expired out of sequence packet ,8919,9040
15.7984,Received an expired out of sequence packet ,8920,9040
15.8206,Received an expired out of sequence packet ,8921,9040
15.8206,Received an expired out of sequence packet ,8922,9040
15.8207,Received an expired out of sequence packet ,8923,9040
15.8207,Received an expired out of sequence packet ,8924,9040
15.8207,Received an expired out of sequence packet ,8925,9040
15.8207,Received an expired out of sequence packet ,8926,9040
15.8207,Received an expired out of sequence packet ,8927,9040
15.8208,Received an expired out of sequence packet ,8928,9040
15.8208,Received an expired out of sequence packet ,8929,9040
15.8208,Received an expired out of sequence packet ,8930,9040
15.8208,Received an expired out of sequence packet ,8931,9040
15.8208,Received an expired out of sequence packet ,8932,9040
15.8208,Received an expired out of sequence packet ,8933,9040
15.8209,Received an expired out of sequence packet ,8934,9040
15.8209,Received an expired out of sequence packet ,8935,9040
15.8209,Received an expired out of sequence packet ,8936,9040
15.8209,Received an expired out of sequence packet ,8937,9040
15.8209,Received an expired out of sequence packet ,8938,9040
15.821,Received an expired out of sequence packet ,8939,9040
15.821,Received an expired out of sequence packet ,8940,9040
15.821,Received an expired out of sequence packet ,8941,9040
15.8418,Received an expired out of sequence packet ,8942,9040
15.8418,Received an expired out of sequence packet ,8943,9040
15.8418,Received an expired out of sequence packet ,8944,9040
15.8418,Received an expired out of sequence packet ,8945,9040
15.8498,Received an expired out of sequence packet ,8946,9040
15.8498,Received an expired out of sequence packet ,8947,9040
15.8499,Received an expired out of sequence packet ,8948,9040
15.8499,Received an expired out of sequence packet ,8949,9040
15.8539,Received an expired out of sequence packet ,8950,9040
15.8539,Received an expired out of sequence packet ,8951,9040
15.8539,Received an expired out of sequence packet ,8952,9040
15.854,Received an expired out of sequence packet ,8953,9040
15.859,Received an expired out of sequence packet ,8954,9040
15.859,Received an expired out of sequence packet ,8955,9040
15.859,Received an expired out of sequence packet ,8956,9040
15.859,Received an expired out of sequence packet ,8957,9040
15.859,Received an expired out of sequence packet ,8958,9040
15.8591,Received an expired out of sequence packet ,8959,9040
15.8591,Received an expired out of sequence packet ,8960,9040
15.8591,Received an expired out of sequence packet ,8961,9040
15.8591,Received an expired out of sequence packet ,8962,9040
15.8591,Received an expired out of sequence packet ,8963,9040
15.8592,Received an expired out of sequence packet ,8964,9040
15.8592,Received an expired out of sequence packet ,8965,9040
15.8592,Received an expired out of sequence packet ,8966,9040
15.8592,Received an expired out of sequence packet ,8967,9040
15.8592,Received an expired out of sequence packet ,8968,9040
15.8593,Received an expired out of sequence packet ,8969,9040
15.8744,Received an expired out of sequence packet ,8970,9040
15.8744,Received an expired out of sequence packet ,8971,9040
15.8744,Received an expired out of sequence packet ,8972,9040
15.8744,Received an expired out of sequence packet ,8973,9040
15.8744,Received an expired out of sequence packet ,8974,9040
15.8745,Received an expired out of sequence packet ,8975,9040
15.8745,Received an expired out of sequence packet ,8976,9040
15.8745,Received an expired out of sequence packet ,8977,9040
15.8745,Received an expired out of sequence packet ,8978,9040
15.8745,Received an expired out of sequence packet ,8979,9040
15.8746,Received an expired out of sequence packet ,8980,9040
15.8746,Received an expired out of sequence packet ,8981,9040
15.8746,Received an expired out of sequence packet ,8982,9040
15.8746,Received an expired out of sequence packet ,8983,9040
15.8831,Received an expired out of sequence packet ,8984,9040
15.8832,Received an expired out of sequence packet ,8985,9040
15.8832,Received an expired out of sequence packet ,8986,9040
15.8832,Received an expired out of sequence packet ,8987,9040
15.8862,Received an expired out of sequence packet ,8988,9040
15.8862,Received an expired out of sequence packet ,8989,9040
15.8862,Received an expired out of sequence packet ,8990,9040
15.8862,Received an expired out of sequence packet ,8991,9040
15.8862,Received an expired out of sequence packet ,8992,9040
15.8953,Received an expired out of sequence packet ,8993,9040
15.8953,Received an expired out of sequence packet ,8994,9040
15.8953,Received an expired out of sequence packet ,8995,9040
15.8953,Received an expired out of sequence packet ,8996,9040
15.8954,Received an expired out of sequence packet ,8997,9040
15.8964,Received an expired out of sequence packet ,8998,9040
15.8974,Received an expired out of sequence packet ,8999,9040
15.8974,Received an expired out of sequence packet ,9000,9040
15.8974,Received an expired out of sequence packet ,9001,9040
15.8974,Received an expired out of sequence packet ,9002,9040
15.8974,Received an expired out of sequence packet ,9003,9040
15.8975,Received an expired out of sequence packet ,9004,9040
15.8975,Received an expired out of sequence packet ,9005,9040
15.8975,Received an expired out of sequence packet ,9006,9040
15.8975,Received an expired out of sequence packet ,9007,9040
15.8975,Received an expired out of sequence packet ,9008,9040
15.8976,Received an expired out of sequence packet ,9009,9040
15.8976,Received an expired out of sequence packet ,9010,9040
15.8976,Received an expired out of sequence packet ,9011,9040
15.8976,Received an expired out of sequence packet ,9012,9040
15.8976,Received an expired out of sequence packet ,9013,9040
15.8977,Received an expired out of sequence packet ,9014,9040
15.8977,Received an expired out of sequence packet ,9015,9040
15.9076,Received an expired out of sequence packet ,9016,9040
15.9076,Received an expired out of sequence packet ,9017,9040
15.9077,Received an expired out of sequence packet ,9018,9040
15.9077,Received an expired out of sequence packet ,9019,9040
15.9077,Received an expired out of sequence packet ,9020,9040
15.9077,Received an expired out of sequence packet ,9021,9040
15.9077,Received an expired out of sequence packet ,9022,9040
15.9078,Received an expired out of sequence packet ,9023,9040
15.9078,Received an expired out of sequence packet ,9024,9040
15.9078,Received an expired out of sequence packet ,9025,9040
15.9078,Received an expired out of sequence packet ,9026,9040
15.9078,Received an expired out of sequence packet ,9027,9040
15.9079,Received an expired out of sequence packet ,9028,9040
15.9079,Received an expired out of sequence packet ,9029,9040
15.9079,Received an expired out of sequence packet ,9030,9040
15.9079,Received an expired out of sequence packet ,9031,9040
15.9079,Received an expired out of sequence packet ,9032,9040
15.9079,Received an expired out of sequence packet ,9033,9040
15.908,Received an expired out of sequence packet ,9034,9040
15.9138,Received an expired out of sequence packet ,9035,9040
15.9138,Received an expired out of sequence packet ,9036,9040
15.9138,Received an expired out of sequence packet ,9037,9040
15.9138,Received an expired out of sequence packet ,9038,9040
15.9178,Received an expired out of sequence packet ,9039,9040
34.2862,Restart,can't map delay on delay curve
35.4613,Exit slow start,exceeding SS_EXIT_THRESHOLD
42.0789,Timeout
42.0789,clearing sending list because of timeout
42.092,Received an expired out of sequence packet ,3493,3611
43.092,Timeout
43.092,clearing sending list because of timeout
43.0933,Received an expired out of sequence packet ,3494,3619
44.089,Received an expired out of sequence packet ,3495,3619
44.9781,Received an expired out of sequence packet ,3496,3619
44.9811,Received an expired out of sequence packet ,3497,3619
44.9811,Received an expired out of sequence packet ,3498,3619
44.9811,Received an expired out of sequence packet ,3499,3619
44.9811,Received an expired out of sequence packet ,3500,3619
44.9811,Received an expired out of sequence packet ,3501,3619
44.9811,Received an expired out of sequence packet ,3502,3619
44.9862,Received an expired out of sequence packet ,3503,3619
44.9862,Received an expired out of sequence packet ,3504,3619
44.9863,Received an expired out of sequence packet ,3505,3619
44.9863,Received an expired out of sequence packet ,3506,3619
44.9863,Received an expired out of sequence packet ,3507,3619
44.9863,Received an expired out of sequence packet ,3508,3619
44.9863,Received an expired out of sequence packet ,3509,3619
44.9863,Received an expired out of sequence packet ,3510,3619
44.9863,Received an expired out of sequence packet ,3511,3619
44.9863,Received an expired out of sequence packet ,3512,3619
44.9863,Received an expired out of sequence packet ,3513,3619
44.9863,Received an expired out of sequence packet ,3514,3619
44.9863,Received an expired out of sequence packet ,3515,3619
44.9864,Received an expired out of sequence packet ,3516,3619
44.9864,Received an expired out of sequence packet ,3517,3619
44.9864,Received an expired out of sequence packet ,3518,3619
44.9864,Received an expired out of sequence packet ,3519,3619
44.9864,Received an expired out of sequence packet ,3520,3619
44.9864,Received an expired out of sequence packet ,3521,3619
44.9864,Received an expired out of sequence packet ,3522,3619
44.9864,Received an expired out of sequence packet ,3523,3619
44.9864,Received an expired out of sequence packet ,3524,3619
44.9864,Received an expired out of sequence packet ,3525,3619
44.9884,Received an expired out of sequence packet ,3526,3619
44.9885,Received an expired out of sequence packet ,3527,3619
44.9885,Received an expired out of sequence packet ,3528,3619
44.9885,Received an expired out of sequence packet ,3529,3619
44.9885,Received an expired out of sequence packet ,3530,3619
44.9885,Received an expired out of sequence packet ,3531,3619
44.9885,Received an expired out of sequence packet ,3532,3619
44.9885,Received an expired out of sequence packet ,3533,3619
44.9885,Received an expired out of sequence packet ,3534,3619
44.9885,Received an expired out of sequence packet ,3535,3619
44.9926,Received an expired out of sequence packet ,3536,3619
44.9926,Received an expired out of sequence packet ,3537,3619
44.9926,Received an expired out of sequence packet ,3538,3619
44.9926,Received an expired out of sequence packet ,3539,3619
44.9926,Received an expired out of sequence packet ,3540,3619
44.9926,Received an expired out of sequence packet ,3541,3619
44.9926,Received an expired out of sequence packet ,3542,3619
44.9926,Received an expired out of sequence packet ,3543,3619
44.9926,Received an expired out of sequence packet ,3544,3619
44.9927,Received an expired out of sequence packet ,3545,3619
44.9987,Received an expired out of sequence packet ,3546,3619
44.9987,Received an expired out of sequence packet ,3547,3619
44.9987,Received an expired out of sequence packet ,3548,3619
44.9987,Received an expired out of sequence packet ,3549,3619
45.0026,Received an expired out of sequence packet ,3550,3619
45.0026,Received an expired out of sequence packet ,3551,3619
45.0227,Received an expired out of sequence packet ,3552,3619
45.0227,Received an expired out of sequence packet ,3553,3619
45.0227,Received an expired out of sequence packet ,3554,3619
45.0227,Received an expired out of sequence packet ,3555,3619
45.0227,Received an expired out of sequence packet ,3556,3619
45.0227,Received an expired out of sequence packet ,3557,3619
45.0227,Received an expired out of sequence packet ,3558,3619
45.0228,Received an expired out of sequence packet ,3559,3619
45.0228,Received an expired out of sequence packet ,3560,3619
45.0228,Received an expired out of sequence packet ,3561,3619
45.0228,Received an expired out of sequence packet ,3562,3619
45.0228,Received an expired out of sequence packet ,3563,3619
45.0228,Received an expired out of sequence packet ,3564,3619
45.0228,Received an expired out of sequence packet ,3565,3619
45.0228,Received an expired out of sequence packet ,3566,3619
45.0229,Received an expired out of sequence packet ,3567,3619
45.0229,Received an expired out of sequence packet ,3568,3619
45.0229,Received an expired out of sequence packet ,3569,3619
45.0229,Received an expired out of sequence packet ,3570,3619
45.0229,Received an expired out of sequence packet ,3571,3619
45.0265,Received an expired out of sequence packet ,3572,3619
45.0266,Received an expired out of sequence packet ,3573,3619
45.0266,Received an expired out of sequence packet ,3574,3619
45.0266,Received an expired out of sequence packet ,3575,3619
45.0266,Received an expired out of sequence packet ,3576,3619
45.0267,Received an expired out of sequence packet ,3577,3619
45.0301,Received an expired out of sequence packet ,3578,3619
45.0301,Received an expired out of sequence packet ,3579,3619
45.0301,Received an expired out of sequence packet ,3580,3619
45.0302,Received an expired out of sequence packet ,3581,3619
45.0302,Received an expired out of sequence packet ,3582,3619
45.0302,Received an expired out of sequence packet ,3583,3619
45.0303,Received an expired out of sequence packet ,3584,3619
45.0303,Received an expired out of sequence packet ,3585,3619
45.0303,Received an expired out of sequence packet ,3586,3619
45.0303,Received an expired out of sequence packet ,3587,3619
45.0303,Received an expired out of sequence packet ,3588,3619
45.0373,Received an expired out of sequence packet ,3589,3619
45.0373,Received an expired out of sequence packet ,3590,3619
45.0424,Received an expired out of sequence packet ,3591,3619
45.0424,Received an expired out of sequence packet ,3592,3619
45.0424,Received an expired out of sequence packet ,3593,3619
45.0424,Received an expired out of sequence packet ,3594,3619
45.0425,Received an expired out of sequence packet ,3595,3619
45.0425,Received an expired out of sequence packet ,3596,3619
45.0425,Received an expired out of sequence packet ,3597,3619
45.0425,Received an expired out of sequence packet ,3598,3619
45.0426,Received an expired out of sequence packet ,3599,3619
45.0426,Received an expired out of sequence packet ,3600,3619
45.0426,Received an expired out of sequence packet ,3601,3619
45.0426,Received an expired out of sequence packet ,3602,3619
45.0427,Received an expired out of sequence packet ,3603,3619
45.0427,Received an expired out of sequence packet ,3604,3619
45.0427,Received an expired out of sequence packet ,3605,3619
45.0427,Received an expired out of sequence packet ,3606,3619
45.0428,Received an expired out of sequence packet ,3607,3619
45.0428,Received an expired out of sequence packet ,3608,3619
45.0428,Received an expired out of sequence packet ,3609,3619
45.0428,Received an expired out of sequence packet ,3610,3619
45.0428,Received an expired out of sequence packet ,3611,3619
45.0429,Received an expired out of sequence packet ,3612,3619
45.0429,Received an expired out of sequence packet ,3613,3619
45.0455,Received an expired out of sequence packet ,3614,3619
45.0455,Received an expired out of sequence packet ,3615,3619
45.0456,Received an expired out of sequence packet ,3616,3619
45.0456,Received an expired out of sequence packet ,3617,3619
45.0476,Received an expired out of sequence packet ,3618,3619
165.305,Timeout
165.305,clearing sending list because of timeout
165.327,Received an expired out of sequence packet ,75700,75701
166.095,Timeout
166.095,clearing sending list because of timeout
166.314,Timeout
166.314,clearing sending list because of timeout
166.533,Timeout
166.533,clearing sending list because of timeout
166.752,Timeout
166.752,clearing sending list because of timeout
166.971,Timeout
166.971,clearing sending list because of timeout
167.066,Received an expired out of sequence packet ,75715,75728
167.069,Received an expired out of sequence packet ,75716,75728
167.069,Received an expired out of sequence packet ,75717,75728
167.069,Received an expired out of sequence packet ,75718,75728
167.069,Received an expired out of sequence packet ,75719,75728
167.069,Received an expired out of sequence packet ,75720,75728
167.073,Received an expired out of sequence packet ,75721,75728
167.073,Received an expired out of sequence packet ,75722,75728
167.073,Received an expired out of sequence packet ,75723,75728
167.073,Received an expired out of sequence packet ,75724,75728
167.073,Received an expired out of sequence packet ,75725,75728
167.073,Received an expired out of sequence packet ,75726,75728
167.073,Received an expired out of sequence packet ,75727,75728
190.195,Timeout
190.195,clearing sending list because of timeout
190.419,Timeout
190.419,clearing sending list because of timeout
190.643,Timeout
190.643,clearing sending list because of timeout
190.746,Received an expired out of sequence packet ,86759,86764
190.748,Received an expired out of sequence packet ,86760,86764
190.748,Received an expired out of sequence packet ,86761,86764
190.748,Received an expired out of sequence packet ,86762,86764
190.748,Received an expired out of sequence packet ,86763,86764
268.913,Timeout
268.913,clearing sending list because of timeout
269.413,Timeout
269.413,clearing sending list because of timeout
269.913,Timeout
269.914,clearing sending list because of timeout
269.928,Received an expired out of sequence packet ,155475,155608
269.928,Received an expired out of sequence packet ,155476,155608
269.945,Received an expired out of sequence packet ,155477,155608
269.945,Received an expired out of sequence packet ,155478,155608
269.949,Received an expired out of sequence packet ,155479,155608
269.949,Received an expired out of sequence packet ,155480,155608
269.949,Received an expired out of sequence packet ,155481,155608
269.949,Received an expired out of sequence packet ,155482,155608
269.949,Received an expired out of sequence packet ,155483,155608
269.951,Received an expired out of sequence packet ,155484,155608
269.951,Received an expired out of sequence packet ,155485,155608
269.951,Received an expired out of sequence packet ,155486,155608
269.951,Received an expired out of sequence packet ,155487,155608
269.953,Received an expired out of sequence packet ,155488,155608
269.953,Received an expired out of sequence packet ,155489,155608
269.953,Received an expired out of sequence packet ,155490,155608
269.953,Received an expired out of sequence packet ,155491,155608
269.953,Received an expired out of sequence packet ,155492,155608
269.956,Received an expired out of sequence packet ,155493,155608
269.962,Received an expired out of sequence packet ,155494,155608
269.962,Received an expired out of sequence packet ,155495,155608
269.962,Received an expired out of sequence packet ,155496,155608
269.965,Received an expired out of sequence packet ,155497,155608
269.969,Received an expired out of sequence packet ,155498,155608
269.969,Received an expired out of sequence packet ,155499,155608
269.969,Received an expired out of sequence packet ,155500,155608
269.971,Received an expired out of sequence packet ,155501,155608
269.974,Received an expired out of sequence packet ,155502,155608
269.974,Received an expired out of sequence packet ,155503,155608
269.978,Received an expired out of sequence packet ,155504,155608
269.981,Received an expired out of sequence packet ,155505,155608
269.981,Received an expired out of sequence packet ,155506,155608
269.981,Received an expired out of sequence packet ,155507,155608
269.984,Received an expired out of sequence packet ,155508,155608
269.984,Received an expired out of sequence packet ,155509,155608
269.987,Received an expired out of sequence packet ,155510,155608
269.992,Received an expired out of sequence packet ,155511,155608
269.992,Received an expired out of sequence packet ,155512,155608
269.995,Received an expired out of sequence packet ,155513,155608
269.999,Received an expired out of sequence packet ,155514,155608
270.017,Received an expired out of sequence packet ,155515,155608
270.021,Received an expired out of sequence packet ,155516,155608
270.021,Received an expired out of sequence packet ,155517,155608
270.021,Received an expired out of sequence packet ,155518,155608
270.034,Received an expired out of sequence packet ,155519