0.277596,Timeout
0.277613,Exit slow start,timeout
0.277848,Restart,Alglib M<4!
1.74231,Exit slow start,exceeding SS_EXIT_THRESHOLD
62.5149,Timeout
62.5149,clearing sending list because of timeout
62.968,Timeout
62.968,clearing sending list because of timeout
63.0731,Received an expired out of sequence packet ,36441,36544
63.1085,Received an expired out of sequence packet ,36442,36544
63.1126,Received an expired out of sequence packet ,36443,36544
63.184,Received an expired out of sequence packet ,36444,36544
63.184,Received an expired out of sequence packet ,36445,36544
63.184,Received an expired out of sequence packet ,36446,36544
63.1841,Received an expired out of sequence packet ,36447,36544
63.1841,Received an expired out of sequence packet ,36448,36544
63.1841,Received an expired out of sequence packet ,36449,36544
63.1841,Received an expired out of sequence packet ,36450,36544
63.1841,Received an expired out of sequence packet ,36451,36544
63.1841,Received an expired out of sequence packet ,36452,36544
63.1842,Received an expired out of sequence packet ,36453,36544
63.1842,Received an expired out of sequence packet ,36454,36544
63.1842,Received an expired out of sequence packet ,36455,36544
63.1871,Received an expired out of sequence packet ,36456,36544
63.2159,Received an expired out of sequence packet ,36457,36544
63.2159,Received an expired out of sequence packet ,36458,36544
63.2159,Received an expired out of sequence packet ,36459,36544
63.216,Received an expired out of sequence packet ,36460,36544
63.216,Received an expired out of sequence packet ,36461,36544
63.216,Received an expired out of sequence packet ,36462,36544
63.216,Received an expired out of sequence packet ,36463,36544
63.216,Received an expired out of sequence packet ,36464,36544
63.216,Received an expired out of sequence packet ,36465,36544
63.2181,Received an expired out of sequence packet ,36466,36544
63.2181,Received an expired out of sequence packet ,36467,36544
63.2181,Received an expired out of sequence packet ,36468,36544
63.2181,Received an expired out of sequence packet ,36469,36544
63.2309,Received an expired out of sequence packet ,36470,36544
63.231,Received an expired out of sequence packet ,36471,36544
63.231,Received an expired out of sequence packet ,36472,36544
63.231,Received an expired out of sequence packet ,36473,36544
63.231,Received an expired out of sequence packet ,36474,36544
63.231,Received an expired out of sequence packet ,36475,36544
63.231,Received an expired out of sequence packet ,36476,36544
63.231,Received an expired out of sequence packet ,36477,36544
63.231,Received an expired out of sequence packet ,36478,36544
63.231,Received an expired out of sequence packet ,36479,36544
63.2403,Received an expired out of sequence packet ,36480,36544
63.2403,Received an expired out of sequence packet ,36481,36544
63.2403,Received an expired out of sequence packet ,36482,36544
63.2403,Received an expired out of sequence packet ,36483,36544
63.2484,Received an expired out of sequence packet ,36484,36544
63.2484,Received an expired out of sequence packet ,36485,36544
63.2516,Received an expired out of sequence packet ,36486,36544
63.2516,Received an expired out of sequence packet ,36487,36544
63.2516,Received an expired out of sequence packet ,36488,36544
63.2516,Received an expired out of sequence packet ,36489,36544
63.2516,Received an expired out of sequence packet ,36490,36544
63.2516,Received an expired out of sequence packet ,36491,36544
63.2516,Received an expired out of sequence packet ,36492,36544
63.2516,Received an expired out of sequence packet ,36493,36544
63.2935,Received an expired out of sequence packet ,36494,36544
63.2936,Received an expired out of sequence packet ,36495,36544
63.2936,Received an expired out of sequence packet ,36496,36544
63.2936,Received an expired out of sequence packet ,36497,36544
63.2936,Received an expired out of sequence packet ,36498,36544
63.2936,Received an expired out of sequence packet ,36499,36544
63.3813,Received an expired out of sequence packet ,36500,36544
63.3813,Received an expired out of sequence packet ,36501,36544
63.3813,Received an expired out of sequence packet ,36502,36544
63.3813,Received an expired out of sequence packet ,36503,36544
63.3844,Received an expired out of sequence packet ,36504,36544
63.3844,Received an expired out of sequence packet ,36505,36544
63.3845,Received an expired out of sequence packet ,36506,36544
63.3845,Received an expired out of sequence packet ,36507,36544
63.3866,Received an expired out of sequence packet ,36508,36544
63.3866,Received an expired out of sequence packet ,36509,36544
63.3866,Received an expired out of sequence packet ,36510,36544
63.3866,Received an expired out of sequence packet ,36511,36544
63.3866,Received an expired out of sequence packet ,36512,36544
63.3867,Received an expired out of sequence packet ,36513,36544
63.3867,Received an expired out of sequence packet ,36514,36544
63.3867,Received an expired out of sequence packet ,36515,36544
63.3867,Received an expired out of sequence packet ,36516,36544
63.3867,Received an expired out of sequence packet ,36517,36544
63.3867,Received an expired out of sequence packet ,36518,36544
63.3868,Received an expired out of sequence packet ,36519,36544
63.3868,Received an expired out of sequence packet ,36520,36544
63.3868,Received an expired out of sequence packet ,36521,36544
63.3868,Received an expired out of sequence packet ,36522,36544
63.3868,Received an expired out of sequence packet ,36523,36544
63.3868,Received an expired out of sequence packet ,36524,36544
63.3868,Received an expired out of sequence packet ,36525,36544
63.3869,Received an expired out of sequence packet ,36526,36544
63.3869,Received an expired out of sequence packet ,36527,36544
63.3869,Received an expired out of sequence packet ,36528,36544
63.3869,Received an expired out of sequence packet ,36529,36544
63.3869,Received an expired out of sequence packet ,36530,36544
63.3869,Received an expired out of sequence packet ,36531,36544
63.3869,Received an expired out of sequence packet ,36532,36544
63.387,Received an expired out of sequence packet ,36533,36544
63.3899,Received an expired out of sequence packet ,36534,36544
63.3899,Received an expired out of sequence packet ,36535,36544
63.391,Received an expired out of sequence packet ,36536,36544
63.391,Received an expired out of sequence packet ,36537,36544
63.391,Received an expired out of sequence packet ,36538,36544
63.391,Received an expired out of sequence packet ,36539,36544
63.3911,Received an expired out of sequence packet ,36540,36544
63.3911,Received an expired out of sequence packet ,36541,36544
63.3911,Received an expired out of sequence packet ,36542,36544
63.3911,Received an expired out of sequence packet ,36543,36544
182.482,Timeout
182.482,clearing sending list because of timeout
182.494,Received an expired out of sequence packet ,114587,114622
182.494,Received an expired out of sequence packet ,114588,114622
182.494,Received an expired out of sequence packet ,114589,114622
182.495,Received an expired out of sequence packet ,114590,114622
182.495,Received an expired out of sequence packet ,114591,114622
182.503,Received an expired out of sequence packet ,114592,114622
182.503,Received an expired out of sequence packet ,114593,114622
182.503,Received an expired out of sequence packet ,114594,114622
182.503,Received an expired out of sequence packet ,114595,114622
182.504,Received an expired out of sequence packet ,114596,114622
182.504,Received an expired out of sequence packet ,114597,114622
182.504,Received an expired out of sequence packet ,114598,114622
182.504,Received an expired out of sequence packet ,114599,114622
182.504,Received an expired out of sequence packet ,114600,114622
182.505,Received an expired out of sequence packet ,114601,114622
182.509,Received an expired out of sequence packet ,114602,114622
182.509,Received an expired out of sequence packet ,114603,114622
182.52,Received an expired out of sequence packet ,114604,114622
182.52,Received an expired out of sequence packet ,114605,114622
182.52,Received an expired out of sequence packet 