1.65188,Exit slow start,exceeding SS_EXIT_THRESHOLD
22.6934,Restart,can't map delay on delay curve
24.2129,Exit slow start,exceeding SS_EXIT_THRESHOLD
31.4487,Timeout
31.4487,clearing sending list because of timeout
31.4489,Received an expired out of sequence packet ,7511,7882
31.4489,Received an expired out of sequence packet ,7512,7882
31.4489,Received an expired out of sequence packet ,7513,7882
31.4489,Received an expired out of sequence packet ,7514,7882
31.4489,Received an expired out of sequence packet ,7515,7882
31.449,Received an expired out of sequence packet ,7516,7882
31.449,Received an expired out of sequence packet ,7517,7882
31.449,Received an expired out of sequence packet ,7518,7882
31.4776,Received an expired out of sequence packet ,7519,7882
31.4807,Received an expired out of sequence packet ,7520,7882
31.4807,Received an expired out of sequence packet ,7521,7882
31.4808,Received an expired out of sequence packet ,7522,7882
31.4808,Received an expired out of sequence packet ,7523,7882
31.4808,Received an expired out of sequence packet ,7524,7882
31.4819,Received an expired out of sequence packet ,7525,7882
31.4819,Received an expired out of sequence packet ,7526,7882
31.483,Received an expired out of sequence packet ,7527,7882
31.4841,Received an expired out of sequence packet ,7528,7882
31.4842,Received an expired out of sequence packet ,7529,7882
31.4842,Received an expired out of sequence packet ,7530,7882
31.4842,Received an expired out of sequence packet ,7531,7882
31.4842,Received an expired out of sequence packet ,7532,7882
31.6466,Received an expired out of sequence packet ,7533,7882
31.6466,Received an expired out of sequence packet ,7534,7882
31.6466,Received an expired out of sequence packet ,7535,7882
31.6467,Received an expired out of sequence packet ,7536,7882
31.6467,Received an expired out of sequence packet ,7537,7882
31.6467,Received an expired out of sequence packet ,7538,7882
31.6467,Received an expired out of sequence packet ,7539,7882
31.6467,Received an expired out of sequence packet ,7540,7882
31.6468,Received an expired out of sequence packet ,7541,7882
31.6468,Received an expired out of sequence packet ,7542,7882
31.6468,Received an expired out of sequence packet ,7543,7882
31.6477,Received an expired out of sequence packet ,7544,7882
31.6477,Received an expired out of sequence packet ,7545,7882
31.6556,Received an expired out of sequence packet ,7546,7882
31.6556,Received an expired out of sequence packet ,7547,7882
31.6667,Received an expired out of sequence packet ,7548,7882
31.6667,Received an expired out of sequence packet ,7549,7882
31.6679,Received an expired out of sequence packet ,7550,7882
31.6679,Received an expired out of sequence packet ,7551,7882
31.6679,Received an expired out of sequence packet ,7552,7882
31.6679,Received an expired out of sequence packet ,7553,7882
31.6679,Received an expired out of sequence packet ,7554,7882
31.6679,Received an expired out of sequence packet ,7555,7882
31.668,Received an expired out of sequence packet ,7556,7882
31.668,Received an expired out of sequence packet ,7557,7882
31.668,Received an expired out of sequence packet ,7558,7882
31.668,Received an expired out of sequence packet ,7559,7882
31.668,Received an expired out of sequence packet ,7560,7882
31.6681,Received an expired out of sequence packet ,7561,7882
31.6681,Received an expired out of sequence packet ,7562,7882
31.6681,Received an expired out of sequence packet ,7563,7882
31.6681,Received an expired out of sequence packet ,7564,7882
31.6687,Received an expired out of sequence packet ,7565,7882
31.6687,Received an expired out of sequence packet ,7566,7882
31.6687,Received an expired out of sequence packet ,7567,7882
31.6716,Received an expired out of sequence packet ,7568,7882
31.6717,Received an expired out of sequence packet ,7569,7882
31.6717,Received an expired out of sequence packet ,7570,7882
31.6717,Received an expired out of sequence packet ,7571,7882
31.6717,Received an expired out of sequence packet ,7572,7882
31.6717,Received an expired out of sequence packet ,7573,7882
31.6718,Received an expired out of sequence packet ,7574,7882
31.6718,Received an expired out of sequence packet ,7575,7882
31.6718,Received an expired out of sequence packet ,7576,7882
31.6739,Received an expired out of sequence packet ,7577,7882
31.6739,Received an expired out of sequence packet ,7578,7882
31.6739,Received an expired out of sequence packet ,7579,7882
31.6739,Received an expired out of sequence packet ,7580,7882
31.674,Received an expired out of sequence packet ,7581,7882
31.674,Received an expired out of sequence packet ,7582,7882
31.674,Received an expired out of sequence packet ,7583,7882
31.6892,Received an expired out of sequence packet ,7584,7882
31.6892,Received an expired out of sequence packet ,7585,7882
31.6892,Received an expired out of sequence packet ,7586,7882
31.6892,Received an expired out of sequence packet ,7587,7882
31.6892,Received an expired out of sequence packet ,7588,7882
31.6892,Received an expired out of sequence packet ,7589,7882
31.6923,Received an expired out of sequence packet ,7590,7882
31.6923,Received an expired out of sequence packet ,7591,7882
31.6924,Received an expired out of sequence packet ,7592,7882
31.6924,Received an expired out of sequence packet ,7593,7882
31.6924,Received an expired out of sequence packet ,7594,7882
31.6924,Received an expired out of sequence packet ,7595,7882
31.7035,Received an expired out of sequence packet ,7596,7882
31.7035,Received an expired out of sequence packet ,7597,7882
31.7035,Received an expired out of sequence packet ,7598,7882
31.7035,Received an expired out of sequence packet ,7599,7882
31.7036,Received an expired out of sequence packet ,7600,7882
31.7036,Received an expired out of sequence packet ,7601,7882
31.7057,Received an expired out of sequence packet ,7602,7882
31.7057,Received an expired out of sequence packet ,7603,7882
31.7057,Received an expired out of sequence packet ,7604,7882
31.7057,Received an expired out of sequence packet ,7605,7882
31.7057,Received an expired out of sequence packet ,7606,7882
31.7159,Received an expired out of sequence packet ,7607,7882
31.7159,Received an expired out of sequence packet ,7608,7882
31.716,Received an expired out of sequence packet ,7609,7882
31.716,Received an expired out of sequence packet ,7610,7882
31.7213,Received an expired out of sequence packet ,7611,7882
31.7213,Received an expired out of sequence packet ,7612,7882
31.7213,Received an expired out of sequence packet ,7613,7882
31.7213,Received an expired out of sequence packet ,7614,7882
31.7214,Received an expired out of sequence packet ,7615,7882
31.7275,Received an expired out of sequence packet ,7616,7882
31.7275,Received an expired out of sequence packet ,7617,7882
31.7275,Received an expired out of sequence packet ,7618,7882
31.7317,Received an expired out of sequence packet ,7619,7882
31.7317,Received an expired out of sequence packet ,7620,7882
31.7317,Received an expired out of sequence packet ,7621,7882
31.7317,Received an expired out of sequence packet ,7622,7882
31.7317,Received an expired out of sequence packet ,7623,7882
31.7378,Received an expired out of sequence packet ,7624,7882
31.7378,Received an expired out of sequence packet ,7625,7882
31.7379,Received an expired out of sequence packet ,7626,7882
31.7379,Received an expired out of sequence packet ,7627,7882
31.7379,Received an expired out of sequence packet ,7628,7882
31.7389,Received an expired out of sequence packet ,7629,7882
31.7431,Received an expired out of sequence packet ,7630,7882
31.7431,Received an expired out of sequence packet ,7631,7882
31.7431,Received an expired out of sequence packet ,7632,7882
31.7431,Received an expired out of sequence packet ,7633,7882
31.7431,Received an expired out of sequence packet ,7634,7882
31.7432,Received an expired out of sequence packet ,7635,7882
31.7432,Received an expired out of sequence packet ,7636,7882
31.7432,Received an expired out of sequence packet ,7637,7882
31.7432,Received an expired out of sequence packet ,7638,7882
31.9191,Received an expired out of sequence packet ,7639,7882
31.9192,Received an expired out of sequence packet ,7640,7882
31.9233,Received an expired out of sequence packet ,7641,7882
31.9233,Received an expired out of sequence packet ,7642,7882
31.9234,Received an expired out of sequence packet ,7643,7882
31.9234,Received an expired out of sequence packet ,7644,7882
31.9234,Received an expired out of sequence packet ,7645,7882
31.9285,Received an expired out of sequence packet ,7646,7882
31.9285,Received an expired out of sequence packet ,7647,7882
31.9423,Received an expired out of sequence packet ,7648,7882
31.9423,Received an expired out of sequence packet ,7649,7882
31.9514,Received an expired out of sequence packet ,7650,7882
31.9515,Received an expired out of sequence packet ,7651,7882
31.9515,Received an expired out of sequence packet ,7652,7882
31.9515,Received an expired out of sequence packet ,7653,7882
31.9515,Received an expired out of sequence packet ,7654,7882
31.9547,Received an expired out of sequence packet ,7655,7882
31.9548,Received an expired out of sequence packet ,7656,7882
31.9548,Received an expired out of sequence packet ,7657,7882
31.9548,Received an expired out of sequence packet ,7658,7882
31.9548,Received an expired out of sequence packet ,7659,7882
31.9569,Received an expired out of sequence packet ,7660,7882
31.9569,Received an expired out of sequence packet ,7661,7882
31.957,Received an expired out of sequence packet ,7662,7882
31.957,Received an expired out of sequence packet ,7663,7882
31.957,Received an expired out of sequence packet ,7664,7882
31.957,Received an expired out of sequence packet ,7665,7882
31.957,Received an expired out of sequence packet ,7666,7882
31.957,Received an expired out of sequence packet ,7667,7882
31.9571,Received an expired out of sequence packet ,7668,7882
31.9571,Received an expired out of sequence packet ,7669,7882
31.9601,Received an expired out of sequence packet ,7670,7882
31.9601,Received an expired out of sequence packet ,7671,7882
31.9601,Received an expired out of sequence packet ,7672,7882
31.9601,Received an expired out of sequence packet ,7673,7882
31.9601,Received an expired out of sequence packet ,7674,7882
31.9602,Received an expired out of sequence packet ,7675,7882
31.9639,Received an expired out of sequence packet ,7676,7882
31.9639,Received an expired out of sequence packet ,7677,7882
31.9639,Received an expired out of sequence packet ,7678,7882
31.964,Received an expired out of sequence packet ,7679,7882
31.964,Received an expired out of sequence packet ,7680,7882
31.965,Received an expired out of sequence packet ,7681,7882
31.965,Received an expired out of sequence packet ,7682,7882
31.965,Received an expired out of sequence packet ,7683,7882
31.9651,Received an expired out of sequence packet ,7684,7882
31.9651,Received an expired out of sequence packet ,7685,7882
31.9681,Received an expired out of sequence packet ,7686,7882
31.9681,Received an expired out of sequence packet ,7687,7882
31.9681,Received an expired out of sequence packet ,7688,7882
31.9682,Received an expired out of sequence packet ,7689,7882
31.9682,Received an expired out of sequence packet ,7690,7882
31.9682,Received an expired out of sequence packet ,7691,7882
31.9682,Received an expired out of sequence packet ,7692,7882
31.9682,Received an expired out of sequence packet ,7693,7882
31.9683,Received an expired out of sequence packet ,7694,7882
31.9683,Received an expired out of sequence packet ,7695,7882
31.9683,Received an expired out of sequence packet ,7696,7882
31.9683,Received an expired out of sequence packet ,7697,7882
31.9693,Received an expired out of sequence packet ,7698,7882
31.9693,Received an expired out of sequence packet ,7699,7882
31.9693,Received an expired out of sequence packet ,7700,7882
31.9693,Received an expired out of sequence packet ,7701,7882
31.9693,Received an expired out of sequence packet ,7702,7882
31.9693,Received an expired out of sequence packet ,7703,7882
31.9694,Received an expired out of sequence packet ,7704,7882
31.9694,Received an expired out of sequence packet ,7705,7882
31.9694,Received an expired out of sequence packet ,7706,7882
31.9694,Received an expired out of sequence packet ,7707,7882
31.9694,Received an expired out of sequence packet ,7708,7882
31.9695,Received an expired out of sequence packet ,7709,7882
31.9695,Received an expired out of sequence packet ,7710,7882
31.9695,Received an expired out of sequence packet ,7711,7882
31.9714,Received an expired out of sequence packet ,7712,7882
31.9714,Received an expired out of sequence packet ,7713,7882
31.9715,Received an expired out of sequence packet ,7714,7882
31.9715,Received an expired out of sequence packet ,7715,7882
31.9715,Received an expired out of sequence packet ,7716,7882
31.9715,Received an expired out of sequence packet ,7717,7882
31.9715,Received an expired out of sequence packet ,7718,7882
31.9825,Received an expired out of sequence packet ,7719,7882
31.9826,Received an expired out of sequence packet ,7720,7882
31.9826,Received an expired out of sequence packet ,7721,7882
31.9826,Received an expired out of sequence packet ,7722,7882
31.9826,Received an expired out of sequence packet ,7723,7882
31.9826,Received an expired out of sequence packet ,7724,7882
31.9827,Received an expired out of sequence packet ,7725,7882
31.9827,Received an expired out of sequence packet ,7726,7882
31.9827,Received an expired out of sequence packet ,7727,7882
31.9827,Received an expired out of sequence packet ,7728,7882
31.9827,Received an expired out of sequence packet ,7729,7882
31.9828,Received an expired out of sequence packet ,7730,7882
32.1694,Received an expired out of sequence packet ,7731,7882
32.1694,Received an expired out of sequence packet ,7732,7882
32.1694,Received an expired out of sequence packet ,7733,7882
32.1745,Received an expired out of sequence packet ,7734,7882
32.1745,Received an expired out of sequence packet ,7735,7882
32.1992,Received an expired out of sequence packet ,7736,7882
32.1992,Received an expired out of sequence packet ,7737,7882
32.1992,Received an expired out of sequence packet ,7738,7882
32.1992,Received an expired out of sequence packet ,7739,7882
32.1993,Received an expired out of sequence packet ,7740,7882
32.2083,Received an expired out of sequence packet ,7741,7882
32.2084,Received an expired out of sequence packet ,7742,7882
32.2084,Received an expired out of sequence packet ,7743,7882
32.2114,Received an expired out of sequence packet ,7744,7882
32.2114,Received an expired out of sequence packet ,7745,7882
32.2114,Received an expired out of sequence packet ,7746,7882
32.2114,Received an expired out of sequence packet ,7747,7882
32.2114,Received an expired out of sequence packet ,7748,7882
32.2115,Received an expired out of sequence packet ,7749,7882
32.2115,Received an expired out of sequence packet ,7750,7882
32.2115,Received an expired out of sequence packet ,7751,7882
32.2115,Received an expired out of sequence packet ,7752,7882
32.2115,Received an expired out of sequence packet ,7753,7882
32.2116,Received an expired out of sequence packet ,7754,7882
32.2116,Received an expired out of sequence packet ,7755,7882
32.2116,Received an expired out of sequence packet ,7756,7882
32.2116,Received an expired out of sequence packet ,7757,7882
32.2125,Received an expired out of sequence packet ,7758,7882
32.2126,Received an expired out of sequence packet ,7759,7882
32.2126,Received an expired out of sequence packet ,7760,7882
32.2126,Received an expired out of sequence packet ,7761,7882
32.2126,Received an expired out of sequence packet ,7762,7882
32.2126,Received an expired out of sequence packet ,7763,7882
32.2127,Received an expired out of sequence packet ,7764,7882
32.2137,Received an expired out of sequence packet ,7765,7882
32.2167,Received an expired out of sequence packet ,7766,7882
32.2168,Received an expired out of sequence packet ,7767,7882
32.2168,Received an expired out of sequence packet ,7768,7882
32.2168,Received an expired out of sequence packet ,7769,7882
32.2168,Received an expired out of sequence packet ,7770,7882
32.2168,Received an expired out of sequence packet ,7771,7882
32.2168,Received an expired out of sequence packet ,7772,7882
32.2169,Received an expired out of sequence packet ,7773,7882
32.2169,Received an expired out of sequence packet ,7774,7882
32.2169,Received an expired out of sequence packet ,7775,7882
32.2169,Received an expired out of sequence packet ,7776,7882
32.2173,Received an expired out of sequence packet ,7777,7882
32.2173,Received an expired out of sequence packet ,7778,7882
32.2174,Received an expired out of sequence packet ,7779,7882
32.2174,Received an expired out of sequence packet ,7780,7882
32.2174,Received an expired out of sequence packet ,7781,7882
32.2296,Received an expired out of sequence packet ,7782,7882
32.2297,Received an expired out of sequence packet ,7783,7882
32.2297,Received an expired out of sequence packet ,7784,7882
32.2297,Received an expired out of sequence packet ,7785,7882
32.2297,Received an expired out of sequence packet ,7786,7882
32.2377,Received an expired out of sequence packet ,7787,7882
32.2378,Received an expired out of sequence packet ,7788,7882
32.2409,Received an expired out of sequence packet ,7789,7882
32.2409,Received an expired out of sequence packet ,7790,7882
32.2409,Received an expired out of sequence packet ,7791,7882
32.2409,Received an expired out of sequence packet ,7792,7882
32.2409,Received an expired out of sequence packet ,7793,7882
32.241,Received an expired out of sequence packet ,7794,7882
32.2567,Received an expired out of sequence packet ,7795,7882
32.2567,Received an expired out of sequence packet ,7796,7882
32.2567,Received an expired out of sequence packet ,7797,7882
32.2608,Received an expired out of sequence packet ,7798,7882
32.2608,Received an expired out of sequence packet ,7799,7882
32.2608,Received an expired out of sequence packet ,7800,7882
32.2608,Received an expired out of sequence packet ,7801,7882
32.2609,Received an expired out of sequence packet ,7802,7882
32.2609,Received an expired out of sequence packet ,7803,7882
32.2609,Received an expired out of sequence packet ,7804,7882
32.2609,Received an expired out of sequence packet ,7805,7882
32.2609,Received an expired out of sequence packet ,7806,7882
32.261,Received an expired out of sequence packet ,7807,7882
32.261,Received an expired out of sequence packet ,7808,7882
32.261,Received an expired out of sequence packet ,7809,7882
32.2619,Received an expired out of sequence packet ,7810,7882
32.2619,Received an expired out of sequence packet ,7811,7882
32.262,Received an expired out of sequence packet ,7812,7882
32.262,Received an expired out of sequence packet ,7813,7882
32.262,Received an expired out of sequence packet ,7814,7882
32.262,Received an expired out of sequence packet ,7815,7882
32.262,Received an expired out of sequence packet ,7816,7882
32.263,Received an expired out of sequence packet ,7817,7882
32.263,Received an expired out of sequence packet ,7818,7882
32.2631,Received an expired out of sequence packet ,7819,7882
32.2631,Received an expired out of sequence packet ,7820,7882
32.2631,Received an expired out of sequence packet ,7821,7882
32.2631,Received an expired out of sequence packet ,7822,7882
32.4179,Received an expired out of sequence packet ,7823,7882
32.4179,Received an expired out of sequence packet ,7824,7882
32.425,Received an expired out of sequence packet ,7825,7882
32.4281,Received an expired out of sequence packet ,7826,7882
32.4523,Received an expired out of sequence packet ,7827,7882
32.4523,Received an expired out of sequence packet ,7828,7882
32.4523,Received an expired out of sequence packet ,7829,7882
32.4523,Received an expired out of sequence packet ,7830,7882
32.4524,Received an expired out of sequence packet ,7831,7882
32.4621,Received an expired out of sequence packet ,7832,7882
32.4622,Received an expired out of sequence packet ,7833,7882
32.4652,Received an expired out of sequence packet ,7834,7882
32.4653,Received an expired out of sequence packet ,7835,7882
32.4653,Received an expired out of sequence packet ,7836,7882
32.4653,Received an expired out of sequence packet ,7837,7882
32.4653,Received an expired out of sequence packet ,7838,7882
32.4653,Received an expired out of sequence packet ,7839,7882
32.4653,Received an expired out of sequence packet ,7840,7882
32.4684,Received an expired out of sequence packet ,7841,7882
32.4684,Received an expired out of sequence packet ,7842,7882
32.4685,Received an expired out of sequence packet ,7843,7882
32.4685,Received an expired out of sequence packet ,7844,7882
32.4685,Received an expired out of sequence packet ,7845,7882
32.4685,Received an expired out of sequence packet ,7846,7882
32.4685,Received an expired out of sequence packet ,7847,7882
32.4685,Received an expired out of sequence packet ,7848,7882
32.4686,Received an expired out of sequence packet ,7849,7882
32.4686,Received an expired out of sequence packet ,7850,7882
32.4686,Received an expired out of sequence packet ,7851,7882
32.4686,Received an expired out of sequence packet ,7852,7882
32.4686,Received an expired out of sequence packet ,7853,7882
32.4686,Received an expired out of sequence packet ,7854,7882
32.4687,Received an expired out of sequence packet ,7855,7882
32.4687,Received an expired out of sequence packet ,7856,7882
32.4687,Received an expired out of sequence packet ,7857,7882
32.4687,Received an expired out of sequence packet ,7858,7882
32.4687,Received an expired out of sequence packet ,7859,7882
32.4687,Received an expired out of sequence packet ,7860,7882
32.4688,Received an expired out of sequence packet ,7861,7882
32.4688,Received an expired out of sequence packet ,7862,7882
32.4688,Received an expired out of sequence packet ,7863,7882
32.4688,Received an expired out of sequence packet ,7864,7882
32.4767,Received an expired out of sequence packet ,7865,7882
32.4767,Received an expired out of sequence packet ,7866,7882
32.4767,Received an expired out of sequence packet ,7867,7882
32.4837,Received an expired out of sequence packet ,7868,7882
32.4837,Received an expired out of sequence packet ,7869,7882
32.4865,Received an expired out of sequence packet ,7870,7882
32.4866,Received an expired out of sequence packet ,7871,7882
32.4877,Received an expired out of sequence packet ,7872,7882
32.4877,Received an expired out of sequence packet ,7873,7882
32.4877,Received an expired out of sequence packet ,7874,7882
32.5057,Received an expired out of sequence packet ,7875,7882
32.5057,Received an expired out of sequence packet ,7876,7882
32.5098,Received an expired out of sequence packet ,7877,7882
32.5098,Received an expired out of sequence packet ,7878,7882
32.5098,Received an expired out of sequence packet ,7879,7882
32.5098,Received an expired out of sequence packet ,7880,7882
32.5149,Received an expired out of sequence packet ,7881,7882
43.35,Timeout
43.3501,clearing sending list because of timeout
43.4463,Received an expired out of sequence packet ,13787,13838
43.4474,Received an expired out of sequence packet ,13788,13838
43.482,Received an expired out of sequence packet ,13789,13838
43.4821,Received an expired out of sequence packet ,13790,13838
43.4821,Received an expired out of sequence packet ,13791,13838
43.4821,Received an expired out of sequence packet ,13792,13838
43.4821,Received an expired out of sequence packet ,13793,13838
43.4821,Received an expired out of sequence packet ,13794,13838
43.4821,Received an expired out of sequence packet ,13795,13838
43.4822,Received an expired out of sequence packet ,13796,13838
43.4822,Received an expired out of sequence packet ,13797,13838
43.4822,Received an expired out of sequence packet ,13798,13838
43.4924,Received an expired out of sequence packet ,13799,13838
43.4924,Received an expired out of sequence packet ,13800,13838
43.4955,Received an expired out of sequence packet ,13801,13838
43.4955,Received an expired out of sequence packet ,13802,13838
43.4955,Received an expired out of sequence packet ,13803,13838
43.4956,Received an expired out of sequence packet ,13804,13838
43.4956,Received an expired out of sequence packet ,13805,13838
43.4956,Received an expired out of sequence packet ,13806,13838
43.4956,Received an expired out of sequence packet ,13807,13838
43.4956,Received an expired out of sequence packet ,13808,13838
43.4957,Received an expired out of sequence packet ,13809,13838
43.4957,Received an expired out of sequence packet ,13810,13838
43.4957,Received an expired out of sequence packet ,13811,13838
43.4957,Received an expired out of sequence packet ,13812,13838
43.4977,Received an expired out of sequence packet ,13813,13838
43.4977,Received an expired out of sequence packet ,13814,13838
43.4977,Received an expired out of sequence packet ,13815,13838
43.4977,Received an expired out of sequence packet ,13816,13838
43.4978,Received an expired out of sequence packet ,13817,13838
43.4978,Received an expired out of sequence packet ,13818,13838
43.5007,Received an expired out of sequence packet ,13819,13838
43.504,Received an expired out of sequence packet ,13820,13838
43.5052,Received an expired out of sequence packet ,13821,13838
43.5113,Received an expired out of sequence packet ,13822,13838
43.5113,Received an expired out of sequence packet ,13823,13838
43.5134,Received an expired out of sequence packet ,13824,13838
43.5134,Received an expired out of sequence packet ,13825,13838
43.5135,Received an expired out of sequence packet ,13826,13838
43.5135,Received an expired out of sequence packet ,13827,13838
43.5135,Received an expired out of sequence packet ,13828,13838
43.5135,Received an expired out of sequence packet ,13829,13838
43.5186,Received an expired out of sequence packet ,13830,13838
43.5186,Received an expired out of sequence packet ,13831,13838
43.5227,Received an expired out of sequence packet ,13832,13838
43.5227,Received an expired out of sequence packet ,13833,13838
43.5228,Received an expired out of sequence packet ,13834,13838
43.5228,Received an expired out of sequence packet ,13835,13838
43.5228,Received an expired out of sequence packet ,13836,13838
43.5228,Received an expired out of sequence packet ,13837,13838
232.426,Timeout
232.426,clearing sending list because of timeout
232.55,Received an expired out of sequence packet ,159654,159828
232.569,Received an expired out of sequence packet ,159655,159828
232.595,Received an expired out of sequence packet ,159656,159828
232.614,Received an expired out of sequence packet ,159657,159828
232.623,Received an expired out of sequence packet ,159658,159828
232.632,Received an expired out of sequence packet ,159659,159828
232.648,Received an expired out of sequence packet ,159660,159828
232.656,Received an expired out of sequence packet ,159661,159828
232.673,Received an expired out of sequence packet ,159662,159828
232.687,Received an expired out of sequence packet ,159663,159828
232.695,Received an expired out of sequence packet ,159664,159828
232.711,Received an expired out of sequence packet ,159665,159828
232.719,Received an expired out of sequence packet ,159666,159828
232.735,Received an expired out of sequence packet ,159667,159828
232.751,Received an expired out of sequence packet ,159668,159828
232.757,Received an expired out of sequence packet ,159669,159828
232.769,Received an expired out of sequence packet ,159670,159828
232.789,Received an expired out of sequence packet ,159671,159828
232.803,Received an expired out of sequence packet ,159672,159828
232.814,Received an expired out of sequence packet ,159673,159828
232.831,Received an expired out of sequence packet ,159674,159828
232.848,Received an expired out of sequence packet ,159675,159828
232.861,Received an expired out of sequence packet ,159676,159828
232.874,Received an expired out of sequence packet ,159677,159828
232.906,Received an expired out of sequence packet ,159678,159828
232.932,Received an expired out of sequence packet ,159679,159828
232.947,Received an expired out of sequence packet ,159680,159828
232.975,Received an expired out of sequence packet ,159681,159828
232.993,Received an expired out of sequence packet ,159682,159828
233.017,Received an expired out of sequence packet ,159683,159828
233.017,Received an expired out of sequence packet ,159684,159828
233.037,Received an expired out of sequence packet ,159685,159828
233.067,Received an expired out of sequence packet ,159686,159828
233.086,Received an expired out of sequence packet ,159687,159828
233.112,Received an expired out of sequence packet ,159688,159828
233.134,Received an expired out of sequence packet ,159689,159828
233.155,Received an expired out of sequence packet ,159690,159828
233.189,Received an expired out of sequence packet ,159691,159828
233.22,Received an expired out of sequence packet ,159692,159828
233.227,Received an expired out of sequence packet ,159693,159828
233.251,Received an expired out of sequence packet ,159694,159828
233.27,Received an expired out of sequence packet ,159695,159828
233.29,Received an expired out of sequence packet ,159696,159828
233.31,Received an expired out of sequence packet ,159697,159828
233.329,Received an expired out of sequence packet ,159698,159828
233.347,Received an expired out of sequence packet ,159699,159828
233.358,Received an expired out of sequence packet ,159700,159828
233.368,Received an expired out of sequence packet ,159701,159828
233.383,Received an expired out of sequence packet ,159702,159828
233.394,Received an expired out of sequence packet ,159703,159828
233.405,Received an expired out of sequence packet ,159704,159828
233.421,Received an expired out of sequence packet ,159705,159828
233.433,Received an expired out of sequence packet ,159706,159828
233.454,Received an expired out of sequence packet ,159707,159828
233.463,Received an expired out of sequence packet ,159708,159828
233.486,Received an expired out of sequence packet ,159709,159828
233.514,Received an expired out of sequence packet ,159710,159828
233.529,Received an expired out of sequence packet ,159711,159828
233.552,Received an expired out of sequence packet ,159712,159828
233.566,Received an expired out of sequence packet ,159713,159828
233.579,Received an expired out of sequence packet ,159714,159828
233.601,Received an expired out of sequence packet ,159715,159828
233.613,Received an expired out of sequence packet ,159716,159828
233.628,Received an expired out of sequence packet ,159717,159828
233.644,Received an expired out of sequence packet ,159718,159828
233.673,Received an expired out of sequence packet ,159719,159828
233.687,Received an expired out of sequence packet ,159720,159828
233.713,Received an expired out of sequence packet ,159721,159828
233.724,Received an expired out of sequence packet ,159722,159828
233.745,Received an expired out of sequence packet ,159723,159828
233.756,Received an expired out of sequence packet ,159724,159828
233.77,Received an expired out of sequence packet ,159725,159828
233.782,Received an expired out of sequence packet ,159726,159828
233.787,Received an expired out of sequence packet ,159727,159828
233.793,Received an expired out of sequence packet ,159728,159828
233.805,Received an expired out of sequence packet ,159729,159828
233.81,Received an expired out of sequence packet ,159730,159828
233.818,Received an expired out of sequence packet ,159731,159828
233.833,Received an expired out of sequence packet ,159732,159828
233.84,Received an expired out of sequence packet ,159733,159828
233.851,Received an expired out of sequence packet ,159734,159828
233.86,Received an expired out of sequence packet ,159735,159828
233.873,Received an expired out of sequence packet ,159736,159828
233.88,Received an expired out of sequence packet ,159737,159828
233.893,Received an expired out of sequence packet ,159738,159828
233.909,Received an expired out of sequence packet ,159739,159828
233.928,Received an expired out of sequence packet ,159740,159828
233.938,Received an expired out of sequence packet ,159741,159828
233.974,Received an expired out of sequence packet ,159742,159828
233.989,Received an expired out of sequence packet ,159743,159828
234.004,Received an expired out of sequence packet ,159744,159828
234.025,Received an expired out of sequence packet ,159745,159828
234.045,Received an expired out of sequence packet ,159746,159828
234.059,Received an expired out of sequence packet ,159747,159828
234.07,Received an expired out of sequence packet ,159748,159828
234.084,Received an expired out of sequence packet ,159749,159828
234.099,Received an expired out of sequence packet ,159750,159828
234.114,Received an expired out of sequence packet ,159751,159828
234.114,Received an expired out of sequence packet ,159752,159828
234.13,Received an expired out of sequence packet ,159753,159828
234.142,Received an expired out of sequence packet ,159754,159828
234.159,Received an expired out of sequence packet ,159755,159828
234.172,Received an expired out of sequence packet ,159756,159828
234.193,Received an expired out of sequence packet ,159757,159828
234.201,Received an expired out of sequence packet ,159758,159828
234.223,Received an expired out of sequence packet ,159759,159828
234.229,Received an expired out of sequence packet ,159760,159828
234.255,Received an expired out of sequence packet ,159761,159828
234.27,Received an expired out of sequence packet ,159762,159828
234.293,Received an expired out of sequence packet ,159763,159828
234.31,Received an expired out of sequence packet ,159764,159828
234.332,Received an expired out of sequence packet ,159765,159828
234.344,Received an expired out of sequence packet ,159766,159828
234.363,Received an expired out of sequence packet ,159767,159828
234.385,Received an expired out of sequence packet ,159768,159828
234.423,Received an expired out of sequence packet ,159769,159828
234.437,Received an expired out of sequence packet ,159770,159828
234.465,Received an expired out of sequence packet ,159771,159828
234.499,Received an expired out of sequence packet ,159772,159828
234.523,Received an expired out of sequence packet ,159773,159828
234.547,Received an expired out of sequence packet ,159774,159828
234.567,Received an expired out of sequence packet ,159775,159828
234.581,Received an expired out of sequence packet ,159776,159828
234.598,Received an expired out of sequence packet ,159777,159828
234.61,Received an expired out of sequence packet ,159778,159828
234.627,Received an expired out of sequence packet ,159779,159828
234.641,Received an expired out of sequence packet ,159780,159828
234.66,Received an expired out of sequence packet ,159781,159828
234.669,Received an expired out of sequence packet ,159782,159828
234.682,Received an expired out of sequence packet ,159783,159828
234.689,Received an expired out of sequence packet ,159784,159828
234.703,Received an expired out of sequence packet ,159785,159828
234.718,Received an expired out of sequence packet ,159786,159828
234.72,Received an expired out of sequence packet ,159787,159828
234.729,Received an expired out of sequence packet ,159788,159828
234.744,Received an expired out of sequence packet ,159789,159828
234.759,Received an expired out of sequence packet ,159790,159828
234.771,Received an expired out of sequence packet ,159791,159828
234.791,Received an expired out of sequence packet ,159792,159828
234.803,Received an expired out of sequence packet ,159793,159828
234.819,Received an expired out of sequence packet ,159794,159828
234.828,Received an expired out of sequence packet ,159795,159828
234.848,Received an expired out of sequence packet ,159796,159828
234.869,Received an expired out of sequence packet ,159797,159828
234.89,Received an expired out of sequence packet ,159798,159828
234.892,Received an expired out of sequence packet ,159799,159828
234.896,Received an expired out of sequence packet ,159800,159828
234.897,Received an expired out of sequence packet ,159801,159828
234.897,Received an expired out of sequence packet ,159802,159828
234.897,Received an expired out of sequence packet ,159803,159828
234.901,Received an expired out of sequence packet ,159804,159828
234.901,Received an expired out of sequence packet ,159805,159828
234.903,Received an expired out of sequence packet ,159806,159828
234.903,Received an expired out of sequence packet ,159807,159828
234.903,Received an expired out of sequence packet ,159808,159828
234.903,Received an expired out of sequence packet ,159809,159828
234.903,Received an expired out of sequence packet ,159810,159828
234.903,Received an expired out of sequence packet ,159811,159828
234.908,Received an expired out of sequence packet ,159812,159828
234.908,Received an expired out of sequence packet ,159813,159828
234.919,Received an expired out of sequence packet ,159814,159828
234.919,Received an expired out of sequence packet ,159815,159828
234.919,Received an expired out of sequence packet ,159816,159828
234.919,Received an expired out of sequence packet ,159817,159828
234.919,Received an expired out of sequence packet ,159818,159828
234.919,Received an expired out of sequence packet ,159819,159828
234.924,Received an expired out of sequence packet ,159820,159828
234.924,Received an expired out of sequence packet ,159821,159828
234.924,Received an expired out of sequence packet ,159822,159828
234.924,Received an expired out of sequence packet ,159823,159828
234.924,Received an expired out of sequence packet ,159824,159828
234.924,Received an expired out of sequence packet ,159825,159828
234.924,Received an expired out of sequence packet ,159826,159828
234.924,Received an expired out of sequence packet ,159827,159828
284.259,Timeout
284.259,clearing sending list because of timeout
284.301,Received an expired out of sequence packet ,193827,193872
284.301,Received an expired out of sequence packet ,193828,193872
284.421,Received an expired out of sequence packet ,193829,193872
284.425,Received an expired out of sequence packet ,193830,193872
284.425,Received an expired out of sequence packet ,193831,193872
284.428,Received an expired out of sequence packet ,193832,193872
284.428,Received an expired out of sequence packet ,193833,193872
284.432,Received an expired out of sequence packet ,193834,193872
284.432,Received an expired out of sequence packet ,193835,193872
284.434,Received an expired out of sequence packet ,193836,193872
284.434,Received an expired out of sequence packet ,193837,193872
284.437,Received an expired out of sequence packet ,193838,193872
284.441,Received an expired out of sequence packet ,193839,193872
284.441,Received an expired out of sequence packet ,193840,193872
284.441,Received an expired out of sequence packet ,193841,193872
284.443,Received an expired out of sequence packet ,193842,193872
284.443,Received an expired out of sequence packet ,193843,193872
284.445,Received an expired out of sequence packet ,193844,193872
284.48,Received an expired out of sequence packet ,193845,193872
284.489,Received an expired out of sequence packet ,193846,193872
284.489,Received an expired out of sequence packet ,193847,193872
284.492,Received an expired out of sequence packet ,193848,193872
284.495,Received an expired out of sequence packet ,193849,193872
284.495,Received an expired out of sequence packet ,193850,193872
284.495,Received an expired out of sequence packet ,193851,193872
284.495,Received an expired out of sequence packet ,193852,193872
284.498,Received an expired out of sequence packet ,193853,193872
284.5,Received an expired out of sequence packet ,193854,193872
284.504,Received an expired out of sequence packet ,193855,193872
284.504,Received an expired out of sequence packet ,193856,193872
284.506,Received an expired out of sequence packet ,193857,193872
284.506,Received an expired out of sequence packet ,193858,193872
284.506,Received an expired out of sequence packet ,193859,193872
284.509,Received an expired out of sequence packet ,193860,193872
284.509,Received an expired out of sequence packet ,193861,193872
284.512,Received an expired out of sequence packet ,193862,193872
284.512,Received an expired out of sequence packet ,193863,193872
284.512,Received an expired out of sequence packet ,193864,193872
284.517,Received an expired out of sequence packet ,193865,193872
284.517,Received an expired out of sequence packet ,193866,193872
284.659,Received an expired out of sequence packet ,193867,193872
284.667,Received an expired out of sequence packet ,193868,193872
284.67,Received an expired out of sequence packet ,193869,193872
284.673,Received an expired out of sequence packet ,193870,193872
284.673,Received an expired out of sequence packet 