1.08152,Exit slow start,exceeding SS_EXIT_THRESHOLD
9.4804,Timeout
9.48042,clearing sending list because of timeout
9.54118,Received an expired out of sequence packet ,1523,1583
9.54536,Received an expired out of sequence packet ,1524,1583
9.55049,Received an expired out of sequence packet ,1525,1583
9.55458,Received an expired out of sequence packet ,1526,1583
9.55778,Received an expired out of sequence packet ,1527,1583
9.56431,Received an expired out of sequence packet ,1528,1583
9.56649,Received an expired out of sequence packet ,1529,1583
9.57156,Received an expired out of sequence packet ,1530,1583
9.57488,Received an expired out of sequence packet ,1531,1583
9.5781,Received an expired out of sequence packet ,1532,1583
9.57914,Received an expired out of sequence packet ,1533,1583
9.5824,Received an expired out of sequence packet ,1534,1583
9.58455,Received an expired out of sequence packet ,1535,1583
9.58967,Received an expired out of sequence packet ,1536,1583
9.58969,Received an expired out of sequence packet ,1537,1583
9.59183,Received an expired out of sequence packet ,1538,1583
9.59305,Received an expired out of sequence packet ,1539,1583
9.59504,Received an expired out of sequence packet ,1540,1583
9.59832,Received an expired out of sequence packet ,1541,1583
9.60143,Received an expired out of sequence packet ,1542,1583
9.60574,Received an expired out of sequence packet ,1543,1583
9.60576,Received an expired out of sequence packet ,1544,1583
9.60988,Received an expired out of sequence packet ,1545,1583
9.61201,Received an expired out of sequence packet ,1546,1583
9.61515,Received an expired out of sequence packet ,1547,1583
9.61694,Received an expired out of sequence packet ,1548,1583
9.62007,Received an expired out of sequence packet ,1549,1583
9.6222,Received an expired out of sequence packet ,1550,1583
9.62222,Received an expired out of sequence packet ,1551,1583
9.63535,Received an expired out of sequence packet ,1552,1583
9.78879,Received an expired out of sequence packet ,1553,1583
9.78881,Received an expired out of sequence packet ,1554,1583
9.79102,Received an expired out of sequence packet ,1555,1583
9.79316,Received an expired out of sequence packet ,1556,1583
9.79629,Received an expired out of sequence packet ,1557,1583
9.79843,Received an expired out of sequence packet ,1558,1583
9.80844,Received an expired out of sequence packet ,1559,1583
9.81979,Received an expired out of sequence packet ,1560,1583
9.81981,Received an expired out of sequence packet ,1561,1583
9.82393,Received an expired out of sequence packet ,1562,1583
9.82706,Received an expired out of sequence packet ,1563,1583
9.8292,Received an expired out of sequence packet ,1564,1583
9.83821,Received an expired out of sequence packet ,1565,1583
9.84981,Received an expired out of sequence packet ,1566,1583
9.85219,Received an expired out of sequence packet ,1567,1583
9.85679,Received an expired out of sequence packet ,1568,1583
9.86007,Received an expired out of sequence packet ,1569,1583
9.86226,Received an expired out of sequence packet ,1570,1583
9.86326,Received an expired out of sequence packet ,1571,1583
9.86655,Received an expired out of sequence packet ,1572,1583
9.86965,Received an expired out of sequence packet ,1573,1583
9.87082,Received an expired out of sequence packet ,1574,1583
9.87288,Received an expired out of sequence packet ,1575,1583
9.8729,Received an expired out of sequence packet ,1576,1583
9.87292,Received an expired out of sequence packet ,1577,1583
9.87506,Received an expired out of sequence packet ,1578,1583
9.87613,Received an expired out of sequence packet ,1579,1583
9.87723,Received an expired out of sequence packet ,1580,1583
9.8784,Received an expired out of sequence packet ,1581,1583
9.87948,Received an expired out of sequence packet ,1582,1583
28.5768,Timeout
28.5768,clearing sending list because of timeout
28.5853,Received an expired out of sequence packet ,9876,10010
29.5853,Timeout
29.5853,clearing sending list because of timeout
29.5986,Received an expired out of sequence packet ,9877,10012
29.9784,Received an expired out of sequence packet ,9878,10012
29.9805,Received an expired out of sequence packet ,9879,10012
29.9805,Received an expired out of sequence packet ,9880,10012
29.9805,Received an expired out of sequence packet ,9881,10012
29.9805,Received an expired out of sequence packet ,9882,10012
29.9805,Received an expired out of sequence packet ,9883,10012
29.9806,Received an expired out of sequence packet ,9884,10012
29.9851,Received an expired out of sequence packet ,9885,10012
29.9852,Received an expired out of sequence packet ,9886,10012
29.9852,Received an expired out of sequence packet ,9887,10012
29.9874,Received an expired out of sequence packet ,9888,10012
29.9875,Received an expired out of sequence packet ,9889,10012
29.9875,Received an expired out of sequence packet ,9890,10012
29.9875,Received an expired out of sequence packet ,9891,10012
29.9875,Received an expired out of sequence packet ,9892,10012
29.9896,Received an expired out of sequence packet ,9893,10012
29.9896,Received an expired out of sequence packet ,9894,10012
29.9896,Received an expired out of sequence packet ,9895,10012
29.9897,Received an expired out of sequence packet ,9896,10012
29.9897,Received an expired out of sequence packet ,9897,10012
29.9897,Received an expired out of sequence packet ,9898,10012
29.9897,Received an expired out of sequence packet ,9899,10012
29.9908,Received an expired out of sequence packet ,9900,10012
29.9908,Received an expired out of sequence packet ,9901,10012
29.9908,Received an expired out of sequence packet ,9902,10012
29.9915,Received an expired out of sequence packet ,9903,10012
29.9915,Received an expired out of sequence packet ,9904,10012
29.9916,Received an expired out of sequence packet ,9905,10012
29.9937,Received an expired out of sequence packet ,9906,10012
29.9937,Received an expired out of sequence packet ,9907,10012
29.9937,Received an expired out of sequence packet ,9908,10012
30.0011,Received an expired out of sequence packet ,9909,10012
30.0011,Received an expired out of sequence packet ,9910,10012
30.0011,Received an expired out of sequence packet ,9911,10012
30.0012,Received an expired out of sequence packet ,9912,10012
30.0012,Received an expired out of sequence packet ,9913,10012
30.0012,Received an expired out of sequence packet ,9914,10012
30.0012,Received an expired out of sequence packet ,9915,10012
30.0012,Received an expired out of sequence packet ,9916,10012
30.0012,Received an expired out of sequence packet ,9917,10012
30.0013,Received an expired out of sequence packet ,9918,10012
30.0013,Received an expired out of sequence packet ,9919,10012
30.0023,Received an expired out of sequence packet ,9920,10012
30.0034,Received an expired out of sequence packet ,9921,10012
30.0035,Received an expired out of sequence packet ,9922,10012
30.0058,Received an expired out of sequence packet ,9923,10012
30.0058,Received an expired out of sequence packet ,9924,10012
30.0058,Received an expired out of sequence packet ,9925,10012
30.0058,Received an expired out of sequence packet ,9926,10012
30.0058,Received an expired out of sequence packet ,9927,10012
30.0059,Received an expired out of sequence packet ,9928,10012
30.012,Received an expired out of sequence packet ,9929,10012
30.012,Received an expired out of sequence packet ,9930,10012
30.0121,Received an expired out of sequence packet ,9931,10012
30.0142,Received an expired out of sequence packet ,9932,10012
30.018,Received an expired out of sequence packet ,9933,10012
30.0191,Received an expired out of sequence packet ,9934,10012
30.0202,Received an expired out of sequence packet ,9935,10012
30.0202,Received an expired out of sequence packet ,9936,10012
30.0213,Received an expired out of sequence packet ,9937,10012
30.0214,Received an expired out of sequence packet ,9938,10012
30.0214,Received an expired out of sequence packet ,9939,10012
30.0234,Received an expired out of sequence packet ,9940,10012
30.0234,Received an expired out of sequence packet ,9941,10012
30.0234,Received an expired out of sequence packet ,9942,10012
30.0234,Received an expired out of sequence packet ,9943,10012
30.0235,Received an expired out of sequence packet ,9944,10012
30.0245,Received an expired out of sequence packet ,9945,10012
30.0245,Received an expired out of sequence packet ,9946,10012
30.0246,Received an expired out of sequence packet ,9947,10012
30.0246,Received an expired out of sequence packet ,9948,10012
30.0307,Received an expired out of sequence packet ,9949,10012
30.0307,Received an expired out of sequence packet ,9950,10012
30.0307,Received an expired out of sequence packet ,9951,10012
30.0307,Received an expired out of sequence packet ,9952,10012
30.0308,Received an expired out of sequence packet ,9953,10012
30.0308,Received an expired out of sequence packet ,9954,10012
30.0318,Received an expired out of sequence packet ,9955,10012
30.0318,Received an expired out of sequence packet ,9956,10012
30.033,Received an expired out of sequence packet ,9957,10012
30.033,Received an expired out of sequence packet ,9958,10012
30.033,Received an expired out of sequence packet ,9959,10012
30.035,Received an expired out of sequence packet ,9960,10012
30.035,Received an expired out of sequence packet ,9961,10012
30.035,Received an expired out of sequence packet ,9962,10012
30.0351,Received an expired out of sequence packet ,9963,10012
30.0351,Received an expired out of sequence packet ,9964,10012
30.0351,Received an expired out of sequence packet ,9965,10012
30.0351,Received an expired out of sequence packet ,9966,10012
30.0351,Received an expired out of sequence packet ,9967,10012
30.0351,Received an expired out of sequence packet ,9968,10012
30.0362,Received an expired out of sequence packet ,9969,10012
30.0362,Received an expired out of sequence packet ,9970,10012
30.0363,Received an expired out of sequence packet ,9971,10012
30.0363,Received an expired out of sequence packet ,9972,10012
30.0426,Received an expired out of sequence packet ,9973,10012
30.0426,Received an expired out of sequence packet ,9974,10012
30.0426,Received an expired out of sequence packet ,9975,10012
30.0426,Received an expired out of sequence packet ,9976,10012
30.0426,Received an expired out of sequence packet ,9977,10012
30.0426,Received an expired out of sequence packet ,9978,10012
30.0427,Received an expired out of sequence packet ,9979,10012
30.0427,Received an expired out of sequence packet ,9980,10012
30.0427,Received an expired out of sequence packet ,9981,10012
30.0427,Received an expired out of sequence packet ,9982,10012
30.0427,Received an expired out of sequence packet ,9983,10012
30.0457,Received an expired out of sequence packet ,9984,10012
30.0499,Received an expired out of sequence packet ,9985,10012
30.0499,Received an expired out of sequence packet ,9986,10012
30.0499,Received an expired out of sequence packet ,9987,10012
30.0499,Received an expired out of sequence packet ,9988,10012
30.0499,Received an expired out of sequence packet ,9989,10012
30.05,Received an expired out of sequence packet ,9990,10012
30.05,Received an expired out of sequence packet ,9991,10012
30.05,Received an expired out of sequence packet ,9992,10012
30.05,Received an expired out of sequence packet ,9993,10012
30.05,Received an expired out of sequence packet ,9994,10012
30.05,Received an expired out of sequence packet ,9995,10012
30.0501,Received an expired out of sequence packet ,9996,10012
30.0501,Received an expired out of sequence packet ,9997,10012
30.0501,Received an expired out of sequence packet ,9998,10012
30.051,Received an expired out of sequence packet ,9999,10012
30.0522,Received an expired out of sequence packet ,10000,10012
30.0522,Received an expired out of sequence packet ,10001,10012
30.0522,Received an expired out of sequence packet ,10002,10012
30.0543,Received an expired out of sequence packet ,10003,10012
30.0543,Received an expired out of sequence packet ,10004,10012
30.0543,Received an expired out of sequence packet ,10005,10012
30.0543,Received an expired out of sequence packet ,10006,10012
30.0594,Received an expired out of sequence packet ,10007,10012
30.0595,Received an expired out of sequence packet ,10008,10012
30.0595,Received an expired out of sequence packet ,10009,10012
30.0595,Received an expired out of sequence packet ,10010,10012
30.0595,Received an expired out of sequence packet ,10011,10012
37.5157,Timeout
37.5157,clearing sending list because of timeout
37.6382,Received an expired out of sequence packet ,15602,15681
37.6583,Received an expired out of sequence packet ,15603,15681
37.6836,Received an expired out of sequence packet ,15604,15681
37.7029,Received an expired out of sequence packet ,15605,15681
37.7109,Received an expired out of sequence packet ,15606,15681
37.72,Received an expired out of sequence packet ,15607,15681
37.7372,Received an expired out of sequence packet ,15608,15681
37.7443,Received an expired out of sequence packet ,15609,15681
37.7625,Received an expired out of sequence packet ,15610,15681
37.7757,Received an expired out of sequence packet ,15611,15681
37.7838,Received an expired out of sequence packet ,15612,15681
37.8,Received an expired out of sequence packet ,15613,15681
37.8081,Received an expired out of sequence packet ,15614,15681
37.8233,Received an expired out of sequence packet ,15615,15681
37.8233,Received an expired out of sequence packet ,15616,15681
37.8416,Received an expired out of sequence packet ,15617,15681
37.8467,Received an expired out of sequence packet ,15618,15681
37.8577,Received an expired out of sequence packet ,15619,15681
37.8779,Received an expired out of sequence packet ,15620,15681
37.892,Received an expired out of sequence packet ,15621,15681
37.9022,Received an expired out of sequence packet ,15622,15681
37.9204,Received an expired out of sequence packet ,15623,15681
37.9365,Received an expired out of sequence packet ,15624,15681
37.9507,Received an expired out of sequence packet ,15625,15681
37.9627,Received an expired out of sequence packet ,15626,15681
37.9959,Received an expired out of sequence packet ,15627,15681
38.0212,Received an expired out of sequence packet ,15628,15681
38.0352,Received an expired out of sequence packet ,15629,15681
38.0645,Received an expired out of sequence packet ,15630,15681
38.0815,Received an expired out of sequence packet ,15631,15681
38.1056,Received an expired out of sequence packet ,15632,15681
38.1258,Received an expired out of sequence packet ,15633,15681
38.1549,Received an expired out of sequence packet ,15634,15681
38.1751,Received an expired out of sequence packet ,15635,15681
38.2013,Received an expired out of sequence packet ,15636,15681
38.2225,Received an expired out of sequence packet ,15637,15681
38.2436,Received an expired out of sequence packet ,15638,15681
38.2777,Received an expired out of sequence packet ,15639,15681
38.3081,Received an expired out of sequence packet ,15640,15681
38.3161,Received an expired out of sequence packet ,15641,15681
38.3404,Received an expired out of sequence packet ,15642,15681
38.3584,Received an expired out of sequence packet ,15643,15681
38.3786,Received an expired out of sequence packet ,15644,15681
38.3988,Received an expired out of sequence packet ,15645,15681
38.4179,Received an expired out of sequence packet ,15646,15681
38.4351,Received an expired out of sequence packet ,15647,15681
38.4472,Received an expired out of sequence packet ,15648,15681
38.4563,Received an expired out of sequence packet ,15649,15681
38.4724,Received an expired out of sequence packet ,15650,15681
38.4826,Received an expired out of sequence packet ,15651,15681
38.4947,Received an expired out of sequence packet ,15652,15681
38.5089,Received an expired out of sequence packet ,15653,15681
38.522,Received an expired out of sequence packet ,15654,15681
38.5422,Received an expired out of sequence packet ,15655,15681
38.5523,Received an expired out of sequence packet ,15656,15681
38.5744,Received an expired out of sequence packet ,15657,15681
38.6027,Received an expired out of sequence packet ,15658,15681
38.6178,Received an expired out of sequence packet ,15659,15681
38.64,Received an expired out of sequence packet ,15660,15681
38.6552,Received an expired out of sequence packet ,15661,15681
38.6673,Received an expired out of sequence packet ,15662,15681
38.6895,Received an expired out of sequence packet ,15663,15681
38.7017,Received an expired out of sequence packet ,15664,15681
38.7168,Received an expired out of sequence packet ,15665,15681
38.7339,Received an expired out of sequence packet ,15666,15681
38.7611,Received an expired out of sequence packet ,15667,15681
38.7762,Received an expired out of sequence packet ,15668,15681
38.8024,Received an expired out of sequence packet ,15669,15681
38.8125,Received an expired out of sequence packet ,15670,15681
38.8337,Received an expired out of sequence packet ,15671,15681
38.8459,Received an expired out of sequence packet ,15672,15681
38.8582,Received an expired out of sequence packet ,15673,15681
38.8704,Received an expired out of sequence packet ,15674,15681
38.8755,Received an expired out of sequence packet ,15675,15681
38.8816,Received an expired out of sequence packet ,15676,15681
38.8938,Received an expired out of sequence packet ,15677,15681
38.8998,Received an expired out of sequence packet ,15678,15681
38.9069,Received an expired out of sequence packet ,15679,15681
38.9202,Received an expired out of sequence packet ,15680,15681
71.1655,Restart,can't map delay on delay curve
73.1086,Exit slow start,exceeding SS_EXIT_THRESHOLD
91.0384,Missing packet expired,19752
93.408,Missing packet expired,22689
101.231,Missing packet expired,28756
175.001,Timeout
175.001,clearing sending list because of timeout
175.038,Received an expired out of sequence packet ,72203,72291
175.038,Received an expired out of sequence packet ,72204,72291
175.038,Received an expired out of sequence packet ,72205,72291
175.038,Received an expired out of sequence packet ,72206,72291
175.041,Received an expired out of sequence packet ,72207,72291
175.06,Received an expired out of sequence packet ,72208,72291
175.06,Received an expired out of sequence packet ,72209,72291
175.063,Received an expired out of sequence packet ,72210,72291
175.063,Received an expired out of sequence packet ,72211,72291
175.072,Received an expired out of sequence packet ,72212,72291
175.072,Received an expired out of sequence packet ,72213,72291
175.072,Received an expired out of sequence packet ,72214,72291
175.075,Received an expired out of sequence packet ,72215,72291
175.075,Received an expired out of sequence packet ,72216,72291
175.075,Received an expired out of sequence packet ,72217,72291
175.077,Received an expired out of sequence packet ,72218,72291
175.077,Received an expired out of sequence packet ,72219,72291
175.077,Received an expired out of sequence packet ,72220,72291
175.077,Received an expired out of sequence packet ,72221,72291
175.077,Received an expired out of sequence packet ,72222,72291
175.077,Received an expired out of sequence packet ,72223,72291
175.077,Received an expired out of sequence packet ,72224,72291
175.077,Received an expired out of sequence packet ,72225,72291
175.077,Received an expired out of sequence packet ,72226,72291
175.077,Received an expired out of sequence packet ,72227,72291
175.077,Received an expired out of sequence packet ,72228,72291
175.077,Received an expired out of sequence packet ,72229,72291
175.077,Received an expired out of sequence packet ,72230,72291
175.077,Received an expired out of sequence packet ,72231,72291
175.078,Received an expired out of sequence packet ,72232,72291
175.078,Received an expired out of sequence packet ,72233,72291
175.078,Received an expired out of sequence packet ,72234,72291
175.078,Received an expired out of sequence packet ,72235,72291
175.078,Received an expired out of sequence packet ,72236,72291
175.078,Received an expired out of sequence packet ,72237,72291
175.078,Received an expired out of sequence packet ,72238,72291
175.078,Received an expired out of sequence packet ,72239,72291
175.088,Received an expired out of sequence packet ,72240,72291
175.103,Received an expired out of sequence packet ,72241,72291
175.103,Received an expired out of sequence packet ,72242,72291
175.109,Received an expired out of sequence packet ,72243,72291
175.109,Received an expired out of sequence packet ,72244,72291
175.124,Received an expired out of sequence packet ,72245,72291
175.124,Received an expired out of sequence packet ,72246,72291
175.125,Received an expired out of sequence packet ,72247,72291
175.125,Received an expired out of sequence packet ,72248,72291
175.125,Received an expired out of sequence packet ,72249,72291
175.129,Received an expired out of sequence packet ,72250,72291
175.137,Received an expired out of sequence packet ,72251,72291
175.137,Received an expired out of sequence packet ,72252,72291
175.137,Received an expired out of sequence packet ,72253,72291
175.138,Received an expired out of sequence packet ,72254,72291
175.138,Received an expired out of sequence packet ,72255,72291
175.138,Received an expired out of sequence packet ,72256,72291
175.141,Received an expired out of sequence packet ,72257,72291
175.141,Received an expired out of sequence packet ,72258,72291
175.141,Received an expired out of sequence packet ,72259,72291
175.141,Received an expired out of sequence packet ,72260,72291
175.141,Received an expired out of sequence packet ,72261,72291
175.142,Received an expired out of sequence packet ,72262,72291
175.142,Received an expired out of sequence packet ,72263,72291
175.142,Received an expired out of sequence packet ,72264,72291
175.142,Received an expired out of sequence packet ,72265,72291
175.142,Received an expired out of sequence packet ,72266,72291
175.142,Received an expired out of sequence packet ,72267,72291
175.142,Received an expired out of sequence packet ,72268,72291
175.184,Received an expired out of sequence packet ,72269,72291
175.184,Received an expired out of sequence packet ,72270,72291
175.184,Received an expired out of sequence packet ,72271,72291
175.184,Received an expired out of sequence packet ,72272,72291
175.184,Received an expired out of sequence packet ,72273,72291
175.184,Received an expired out of sequence packet ,72274,72291
175.184,Received an expired out of sequence packet ,72275,72291
175.184,Received an expired out of sequence packet ,72276,72291
175.184,Received an expired out of sequence packet ,72277,72291
175.184,Received an expired out of sequence packet ,72278,72291
175.184,Received an expired out of sequence packet ,72279,72291
175.184,Received an expired out of sequence packet ,72280,72291
175.184,Received an expired out of sequence packet ,72281,72291
175.184,Received an expired out of sequence packet ,72282,72291
175.184,Received an expired out of sequence packet ,72283,72291
175.185,Received an expired out of sequence packet ,72284,72291
175.185,Received an expired out of sequence packet ,72285,72291
175.185,Received an expired out of sequence packet ,72286,72291
175.185,Received an expired out of sequence packet ,72287,72291
175.185,Received an expired out of sequence packet ,72288,72291
175.185,Received an expired out of sequence packet ,72289,72291
175.185,Received an expired out of sequence packet ,72290,72291
198.766,Timeout
198.766,clearing sending list because of timeout
199.112,Timeout
199.112,clearing sending list because of timeout
199.458,Timeout
199.458,clearing sending list because of timeout
199.804,Timeout
199.804,clearing sending list because of timeout
199.933,Received an expired out of sequence packet ,80327,80408
199.949,Received an expired out of sequence packet ,80328,80408
199.949,Received an expired out of sequence packet ,80329,80408
199.952,Received an expired out of sequence packet ,80330,80408
199.952,Received an expired out of sequence packet ,80331,80408
199.952,Received an expired out of sequence packet ,80332,80408
199.953,Received an expired out of sequence packet ,80333,80408
199.953,Received an expired out of sequence packet ,80334,80408
199.955,Received an expired out of sequence packet ,80335,80408
199.956,Received an expired out of sequence packet ,80336,80408
199.956,Received an expired out of sequence packet ,80337,80408
199.956,Received an expired out of sequence packet ,80338,80408
199.956,Received an expired out of sequence packet ,80339,80408
199.956,Received an expired out of sequence packet ,80340,80408
199.956,Received an expired out of sequence packet ,80341,80408
199.956,Received an expired out of sequence packet ,80342,80408
199.958,Received an expired out of sequence packet ,80343,80408
199.961,Received an expired out of sequence packet ,80344,80408
199.962,Received an expired out of sequence packet ,80345,80408
199.967,Received an expired out of sequence packet ,80346,80408
199.967,Received an expired out of sequence packet ,80347,80408
199.969,Received an expired out of sequence packet ,80348,80408
199.973,Received an expired out of sequence packet ,80349,80408
199.973,Received an expired out of sequence packet ,80350,80408
199.973,Received an expired out of sequence packet ,80351,80408
199.976,Received an expired out of sequence packet ,80352,80408
199.977,Received an expired out of sequence packet ,80353,80408
199.977,Received an expired out of sequence packet ,80354,80408
199.994,Received an expired out of sequence packet ,80355,80408
199.995,Received an expired out of sequence packet ,80356,80408
199.995,Received an expired out of sequence packet ,80357,80408
199.999,Received an expired out of sequence packet ,80358,80408
199.999,Received an expired out of sequence packet ,80359,80408
199.999,Received an expired out of sequence packet ,80360,80408
200.013,Received an expired out of sequence packet ,80361,80408
200.013,Received an expired out of sequence packet ,80362,80408
200.015,Received an expired out of sequence packet ,80363,80408
200.018,Received an expired out of sequence packet ,80364,80408
200.018,Received an expired out of sequence packet ,80365,80408
200.018,Received an expired out of sequence packet ,80366,80408
200.02,Received an expired out of sequence packet ,80367,80408
200.02,Received an expired out of sequence packet ,80368,80408
200.02,Received an expired out of sequence packet ,80369,80408
200.02,Received an expired out of sequence packet ,80370,80408
200.02,Received an expired out of sequence packet ,80371,80408
200.02,Received an expired out of sequence packet ,80372,80408
200.02,Received an expired out of sequence packet ,80373,80408
200.02,Received an expired out of sequence packet ,80374,80408
200.02,Received an expired out of sequence packet ,80375,80408
200.02,Received an expired out of sequence packet ,80376,80408
200.022,Received an expired out of sequence packet ,80377,80408
200.022,Received an expired out of sequence packet ,80378,80408
200.022,Received an expired out of sequence packet ,80379,80408
200.022,Received an expired out of sequence packet ,80380,80408
200.025,Received an expired out of sequence packet ,80381,80408
200.025,Received an expired out of sequence packet ,80382,80408
200.026,Received an expired out of sequence packet ,80383,80408
200.028,Received an expired out of sequence packet ,80384,80408
200.028,Received an expired out of sequence packet ,80385,80408
200.033,Received an expired out of sequence packet ,80386,80408
200.033,Received an expired out of sequence packet ,80387,80408
200.034,Received an expired out of sequence packet ,80388,80408
200.034,Received an expired out of sequence packet ,80389,80408
200.034,Received an expired out of sequence packet ,80390,80408
200.035,Received an expired out of sequence packet ,80391,80408
200.035,Received an expired out of sequence packet ,80392,80408
200.035,Received an expired out of sequence packet ,80393,80408
200.036,Received an expired out of sequence packet ,80394,80408
200.036,Received an expired out of sequence packet ,80395,80408
200.039,Received an expired out of sequence packet ,80396,80408
200.039,Received an expired out of sequence packet ,80397,80408
200.056,Received an expired out of sequence packet ,80398,80408
200.056,Received an expired out of sequence packet ,80399,80408
200.057,Received an expired out of sequence packet ,80400,80408
200.057,Received an expired out of sequence packet ,80401,80408
200.057,Received an expired out of sequence packet ,80402,80408
200.057,Received an expired out of sequence packet ,80403,80408
200.059,Received an expired out of sequence packet ,80404,80408
200.059,Received an expired out of sequence packet ,80405,80408
200.059,Received an expired out of sequence packet ,80406,80408
200.059,Received an expired out of sequence packet ,80407,80408
208,Timeout
208,clearing sending list because of timeout
208.016,Received an expired out of sequence packet ,84148,84226
208.016,Received an expired out of sequence packet ,84149,84226
208.016,Received an expired out of sequence packet ,84150,84226
208.016,Received an expired out of sequence packet ,84151,84226
208.016,Received an expired out of sequence packet ,84152,84226
208.016,Received an expired out of sequence packet ,84153,84226
208.016,Received an expired out of sequence packet ,84154,84226
208.018,Received an expired out of sequence packet ,84155,84226
208.018,Received an expired out of sequence packet ,84156,84226
208.018,Received an expired out of sequence packet ,84157,84226
208.019,Received an expired out of sequence packet ,84158,84226
208.019,Received an expired out of sequence packet ,84159,84226
208.027,Received an expired out of sequence packet ,84160,84226
208.027,Received an expired out of sequence packet ,84161,84226
208.027,Received an expired out of sequence packet ,84162,84226
208.027,Received an expired out of sequence packet ,84163,84226
208.027,Received an expired out of sequence packet ,84164,84226
208.027,Received an expired out of sequence packet ,84165,84226
208.027,Received an expired out of sequence packet ,84166,84226
208.027,Received an expired out of sequence packet ,84167,84226
208.027,Received an expired out of sequence packet ,84168,84226
208.028,Received an expired out of sequence packet ,84169,84226
208.033,Received an expired out of sequence packet ,84170,84226
208.033,Received an expired out of sequence packet ,84171,84226
208.044,Received an expired out of sequence packet ,84172,84226
208.044,Received an expired out of sequence packet ,84173,84226
208.044,Received an expired out of sequence packet ,84174,84226
208.044,Received an expired out of sequence packet ,84175,84226
208.044,Received an expired out of sequence packet ,84176,84226
208.044,Received an expired out of sequence packet ,84177,84226
208.048,Received an expired out of sequence packet ,84178,84226
208.048,Received an expired out of sequence packet ,84179,84226
208.048,Received an expired out of sequence packet ,84180,84226
208.05,Received an expired out of sequence packet ,84181,84226
208.05,Received an expired out of sequence packet ,84182,84226
208.05,Received an expired out of sequence packet ,84183,84226
208.05,Received an expired out of sequence packet ,84184,84226
208.05,Received an expired out of sequence packet ,84185,84226
208.05,Received an expired out of sequence packet ,84186,84226
208.05,Received an expired out of sequence packet ,84187,84226
208.05,Received an expired out of sequence packet ,84188,84226
208.05,Received an expired out of sequence packet ,84189,84226
208.05,Received an expired out of sequence packet ,84190,84226
208.05,Received an expired out of sequence packet ,84191,84226
208.05,Received an expired out of sequence packet ,84192,84226
208.05,Received an expired out of sequence packet ,84193,84226
208.05,Received an expired out of sequence packet ,84194,84226
208.05,Received an expired out of sequence packet ,84195,84226
208.052,Received an expired out of sequence packet ,84196,84226
208.052,Received an expired out of sequence packet ,84197,84226
208.052,Received an expired out of sequence packet ,84198,84226
208.052,Received an expired out of sequence packet ,84199,84226
208.052,Received an expired out of sequence packet ,84200,84226
208.052,Received an expired out of sequence packet ,84201,84226
208.052,Received an expired out of sequence packet ,84202,84226
208.052,Received an expired out of sequence packet ,84203,84226
208.052,Received an expired out of sequence packet ,84204,84226
208.052,Received an expired out of sequence packet ,84205,84226
208.052,Received an expired out of sequence packet ,84206,84226
208.052,Received an expired out of sequence packet ,84207,84226
208.052,Received an expired out of sequence packet ,84208,84226
208.052,Received an expired out of sequence packet ,84209,84226
208.052,Received an expired out of sequence packet ,84210,84226
208.052,Received an expired out of sequence packet ,84211,84226
208.052,Received an expired out of sequence packet ,84212,84226
208.052,Received an expired out of sequence packet ,84213,84226
208.052,Received an expired out of sequence packet ,84214,84226
208.053,Received an expired out of sequence packet ,84215,84226
208.053,Received an expired out of sequence packet ,84216,84226
208.053,Received an expired out of sequence packet ,84217,84226
208.053,Received an expired out of sequence packet ,84218,84226
208.053,Received an expired out of sequence packet ,84219,84226
208.053,Received an expired out of sequence packet ,84220,84226
208.053,Received an expired out of sequence packet ,84221,84226
208.055,Received an expired out of sequence packet ,84222,84226
208.055,Received an expired out of sequence packet ,84223,84226
208.055,Received an expired out of sequence packet ,84224,84226
208.055,Received an expired out of sequence packet ,84225,84226
244.524,Timeout
244.524,clearing sending list because of timeout
244.711,Received an expired out of sequence packet ,110133,110452
244.711,Received an expired out of sequence packet ,110134,110452
244.711,Received an expired out of sequence packet ,110135,110452
244.711,Received an expired out of sequence packet ,110136,110452
244.711,Received an expired out of sequence packet ,110137,110452
244.746,Received an expired out of sequence packet ,110138,110452
244.747,Received an expired out of sequence packet ,110139,110452
244.748,Received an expired out of sequence packet ,110140,110452
244.749,Received an expired out of sequence packet ,110141,110452
244.749,Received an expired out of sequence packet ,110142,110452
244.75,Received an expired out of sequence packet ,110143,110452
244.753,Received an expired out of sequence packet ,110144,110452
244.753,Received an expired out of sequence packet ,110145,110452
244.753,Received an expired out of sequence packet ,110146,110452
244.753,Received an expired out of sequence packet ,110147,110452
244.753,Received an expired out of sequence packet ,110148,110452
244.754,Received an expired out of sequence packet ,110149,110452
244.754,Received an expired out of sequence packet ,110150,110452
244.754,Received an expired out of sequence packet ,110151,110452
244.754,Received an expired out of sequence packet ,110152,110452
244.778,Received an expired out of sequence packet ,110153,110452
244.778,Received an expired out of sequence packet ,110154,110452
244.778,Received an expired out of sequence packet ,110155,110452
244.778,Received an expired out of sequence packet ,110156,110452
244.778,Received an expired out of sequence packet ,110157,110452
244.778,Received an expired out of sequence packet ,110158,110452
244.778,Received an expired out of sequence packet ,110159,110452
244.779,Received an expired out of sequence packet ,110160,110452
244.785,Received an expired out of sequence packet ,110161,110452
244.785,Received an expired out of sequence packet ,110162,110452
244.785,Received an expired out of sequence packet ,110163,110452
244.796,Received an expired out of sequence packet ,110164,110452
244.796,Received an expired out of sequence packet ,110165,110452
244.803,Received an expired out of sequence packet ,110166,110452
244.803,Received an expired out of sequence packet ,110167,110452
244.803,Received an expired out of sequence packet ,110168,110452
244.803,Received an expired out of sequence packet ,110169,110452
244.803,Received an expired out of sequence packet ,110170,110452
244.803,Received an expired out of sequence packet ,110171,110452
244.804,Received an expired out of sequence packet ,110172,110452
244.804,Received an expired out of sequence packet ,110173,110452
244.804,Received an expired out of sequence packet ,110174,110452
244.804,Received an expired out of sequence packet ,110175,110452
244.807,Received an expired out of sequence packet ,110176,110452
244.807,Received an expired out of sequence packet ,110177,110452
244.807,Received an expired out of sequence packet ,110178,110452
244.807,Received an expired out of sequence packet ,110179,110452
244.807,Received an expired out of sequence packet ,110180,110452
244.807,Received an expired out of sequence packet ,110181,110452
244.807,Received an expired out of sequence packet ,110182,110452
244.807,Received an expired out of sequence packet ,110183,110452
244.807,Received an expired out of sequence packet ,110184,110452
244.807,Received an expired out of sequence packet ,110185,110452
244.807,Received an expired out of sequence packet ,110186,110452
244.807,Received an expired out of sequence packet ,110187,110452
244.807,Received an expired out of sequence packet ,110188,110452
244.807,Received an expired out of sequence packet ,110189,110452
244.81,Received an expired out of sequence packet ,110190,110452
244.81,Received an expired out of sequence packet ,110191,110452
244.81,Received an expired out of sequence packet ,110192,110452
244.81,Received an expired out of sequence packet ,110193,110452
244.81,Received an expired out of sequence packet ,110194,110452
244.81,Received an expired out of sequence packet ,110195,110452
244.81,Received an expired out of sequence packet ,110196,110452
244.81,Received an expired out of sequence packet ,110197,110452
244.815,Received an expired out of sequence packet ,110198,110452
244.815,Received an expired out of sequence packet ,110199,110452
244.815,Received an expired out of sequence packet ,110200,110452
244.815,Received an expired out of sequence packet ,110201,110452
244.815,Received an expired out of sequence packet ,110202,110452
244.815,Received an expired out of sequence packet ,110203,110452
244.815,Received an expired out of sequence packet ,110204,110452
244.818,Received an expired out of sequence packet ,110205,110452
244.818,Received an expired out of sequence packet ,110206,110452
244.819,Received an expired out of sequence packet ,110207,110452
244.819,Received an expired out of sequence packet ,110208,110452
244.819,Received an expired out of sequence packet ,110209,110452
244.819,Received an expired out of sequence packet ,110210,110452
244.825,Received an expired out of sequence packet ,110211,110452
244.825,Received an expired out of sequence packet ,110212,110452
244.825,Received an expired out of sequence packet ,110213,110452
244.825,Received an expired out of sequence packet ,110214,110452
244.828,Received an expired out of sequence packet ,110215,110452
244.837,Received an expired out of sequence packet ,110216,110452
244.841,Received an expired out of sequence packet ,110217,110452
244.841,Received an expired out of sequence packet ,110218,110452
244.841,Received an expired out of sequence packet ,110219,110452
244.846,Received an expired out of sequence packet ,110220,110452
244.848,Received an expired out of sequence packet ,110221,110452
244.848,Received an expired out of sequence packet ,110222,110452
244.851,Received an expired out of sequence packet ,110223,110452
244.851,Received an expired out of sequence packet ,110224,110452
244.851,Received an expired out of sequence packet ,110225,110452
244.851,Received an expired out of sequence packet ,110226,110452
244.851,Received an expired out of sequence packet ,110227,110452
244.851,Received an expired out of sequence packet ,110228,110452
244.851,Received an expired out of sequence packet ,110229,110452
244.854,Received an expired out of sequence packet ,110230,110452
244.854,Received an expired out of sequence packet ,110231,110452
244.854,Received an expired out of sequence packet ,110232,110452
244.857,Received an expired out of sequence packet ,110233,110452
244.857,Received an expired out of sequence packet ,110234,110452
244.857,Received an expired out of sequence packet ,110235,110452
244.857,Received an expired out of sequence packet ,110236,110452
244.857,Received an expired out of sequence packet ,110237,110452
244.857,Received an expired out of sequence packet ,110238,110452
244.862,Received an expired out of sequence packet ,110239,110452
244.862,Received an expired out of sequence packet ,110240,110452
244.862,Received an expired out of sequence packet ,110241,110452
244.862,Received an expired out of sequence packet ,110242,110452
244.862,Received an expired out of sequence packet ,110243,110452
244.862,Received an expired out of sequence packet ,110244,110452
244.862,Received an expired out of sequence packet ,110245,110452
244.862,Received an expired out of sequence packet ,110246,110452
244.865,Received an expired out of sequence packet ,110247,110452
244.865,Received an expired out of sequence packet ,110248,110452
244.865,Received an expired out of sequence packet ,110249,110452
244.865,Received an expired out of sequence packet ,110250,110452
244.865,Received an expired out of sequence packet ,110251,110452
244.865,Received an expired out of sequence packet ,110252,110452
244.865,Received an expired out of sequence packet ,110253,110452
244.865,Received an expired out of sequence packet ,110254,110452
244.865,Received an expired out of sequence packet ,110255,110452
244.868,Received an expired out of sequence packet ,110256,110452
244.868,Received an expired out of sequence packet ,110257,110452
244.868,Received an expired out of sequence packet ,110258,110452
244.868,Received an expired out of sequence packet ,110259,110452
244.868,Received an expired out of sequence packet ,110260,110452
244.868,Received an expired out of sequence packet ,110261,110452
244.868,Received an expired out of sequence packet ,110262,110452
244.871,Received an expired out of sequence packet ,110263,110452
244.871,Received an expired out of sequence packet ,110264,110452
244.871,Received an expired out of sequence packet ,110265,110452
244.871,Received an expired out of sequence packet ,110266,110452
244.871,Received an expired out of sequence packet ,110267,110452
244.871,Received an expired out of sequence packet ,110268,110452
244.871,Received an expired out of sequence packet ,110269,110452
244.871,Received an expired out of sequence packet ,110270,110452
244.872,Received an expired out of sequence packet ,110271,110452
244.872,Received an expired out of sequence packet ,110272,110452
244.872,Received an expired out of sequence packet ,110273,110452
244.872,Received an expired out of sequence packet ,110274,110452
244.873,Received an expired out of sequence packet ,110275,110452
244.873,Received an expired out of sequence packet ,110276,110452
244.876,Received an expired out of sequence packet ,110277,110452
244.876,Received an expired out of sequence packet ,110278,110452
244.878,Received an expired out of sequence packet ,110279,110452
244.878,Received an expired out of sequence packet ,110280,110452
244.878,Received an expired out of sequence packet ,110281,110452
244.878,Received an expired out of sequence packet ,110282,110452
244.878,Received an expired out of sequence packet ,110283,110452
244.878,Received an expired out of sequence packet ,110284,110452
244.878,Received an expired out of sequence packet ,110285,110452
244.878,Received an expired out of sequence packet ,110286,110452
244.881,Received an expired out of sequence packet ,110287,110452
244.881,Received an expired out of sequence packet ,110288,110452
244.881,Received an expired out of sequence packet ,110289,110452
244.881,Received an expired out of sequence packet ,110290,110452
244.881,Received an expired out of sequence packet ,110291,110452
244.881,Received an expired out of sequence packet ,110292,110452
244.881,Received an expired out of sequence packet ,110293,110452
244.881,Received an expired out of sequence packet ,110294,110452
244.884,Received an expired out of sequence packet ,110295,110452
244.884,Received an expired out of sequence packet ,110296,110452
244.884,Received an expired out of sequence packet ,110297,110452
244.884,Received an expired out of sequence packet ,110298,110452
244.884,Received an expired out of sequence packet ,110299,110452
244.884,Received an expired out of sequence packet ,110300,110452
244.884,Received an expired out of sequence packet ,110301,110452
244.884,Received an expired out of sequence packet ,110302,110452
244.884,Received an expired out of sequence packet ,110303,110452
244.884,Received an expired out of sequence packet ,110304,110452
244.884,Received an expired out of sequence packet ,110305,110452
244.884,Received an expired out of sequence packet ,110306,110452
244.884,Received an expired out of sequence packet ,110307,110452
244.884,Received an expired out of sequence packet ,110308,110452
244.884,Received an expired out of sequence packet ,110309,110452
244.884,Received an expired out of sequence packet ,110310,110452
244.888,Received an expired out of sequence packet ,110311,110452
244.888,Received an expired out of sequence packet ,110312,110452
244.889,Received an expired out of sequence packet ,110313,110452
244.889,Received an expired out of sequence packet ,110314,110452
244.904,Received an expired out of sequence packet ,110315,110452
244.904,Received an expired out of sequence packet ,110316,110452
244.904,Received an expired out of sequence packet ,110317,110452
244.904,Received an expired out of sequence packet ,110318,110452
244.906,Received an expired out of sequence packet ,110319,110452
244.906,Received an expired out of sequence packet ,110320,110452
244.906,Received an expired out of sequence packet ,110321,110452
244.906,Received an expired out of sequence packet ,110322,110452
244.906,Received an expired out of sequence packet ,110323,110452
244.906,Received an expired out of sequence packet ,110324,110452
244.906,Received an expired out of sequence packet ,110325,110452
244.906,Received an expired out of sequence packet ,110326,110452
244.906,Received an expired out of sequence packet ,110327,110452
244.906,Received an expired out of sequence packet ,110328,110452
244.906,Received an expired out of sequence packet ,110329,110452
244.906,Received an expired out of sequence packet ,110330,110452
244.906,Received an expired out of sequence packet ,110331,110452
244.906,Received an expired out of sequence packet ,110332,110452
244.906,Received an expired out of sequence packet ,110333,110452
244.906,Received an expired out of sequence packet ,110334,110452
244.906,Received an expired out of sequence packet ,110335,110452
244.906,Received an expired out of sequence packet ,110336,110452
244.907,Received an expired out of sequence packet ,110337,110452
244.907,Received an expired out of sequence packet ,110338,110452
244.907,Received an expired out of sequence packet ,110339,110452
244.908,Received an expired out of sequence packet ,110340,110452
244.908,Received an expired out of sequence packet ,110341,110452
244.908,Received an expired out of sequence packet ,110342,110452
244.908,Received an expired out of sequence packet ,110343,110452
244.908,Received an expired out of sequence packet ,110344,110452
244.911,Received an expired out of sequence packet ,110345,110452
244.911,Received an expired out of sequence packet ,110346,110452
244.911,Received an expired out of sequence packet ,110347,110452
244.911,Received an expired out of sequence packet ,110348,110452
244.911,Received an expired out of sequence packet ,110349,110452
244.911,Received an expired out of sequence packet ,110350,110452
244.913,Received an expired out of sequence packet ,110351,110452
244.913,Received an expired out of sequence packet ,110352,110452
244.913,Received an expired out of sequence packet ,110353,110452
244.913,Received an expired out of sequence packet ,110354,110452
244.913,Received an expired out of sequence packet ,110355,110452
244.913,Received an expired out of sequence packet ,110356,110452
244.913,Received an expired out of sequence packet ,110357,110452
244.913,Received an expired out of sequence packet ,110358,110452
244.915,Received an expired out of sequence packet ,110359,110452
244.917,Received an expired out of sequence packet ,110360,110452
244.917,Received an expired out of sequence packet ,110361,110452
244.917,Received an expired out of sequence packet ,110362