1.0597,Exit slow start,exceeding SS_EXIT_THRESHOLD
44.2686,Missing packet expired,24121
50.3736,Timeout
50.3736,clearing sending list because of timeout
50.7686,Timeout
50.7686,clearing sending list because of timeout
51.1637,Timeout
51.1637,clearing sending list because of timeout
51.5587,Timeout
51.5587,clearing sending list because of timeout
51.7904,Received an expired out of sequence packet ,31585,31736
51.8005,Received an expired out of sequence packet ,31586,31736
51.8056,Received an expired out of sequence packet ,31587,31736
51.8078,Received an expired out of sequence packet ,31588,31736
51.8078,Received an expired out of sequence packet ,31589,31736
51.8089,Received an expired out of sequence packet ,31590,31736
51.8089,Received an expired out of sequence packet ,31591,31736
51.8138,Received an expired out of sequence packet ,31592,31736
51.8138,Received an expired out of sequence packet ,31593,31736
51.8311,Received an expired out of sequence packet ,31594,31736
51.8311,Received an expired out of sequence packet ,31595,31736
51.8311,Received an expired out of sequence packet ,31596,31736
51.8323,Received an expired out of sequence packet ,31597,31736
51.8334,Received an expired out of sequence packet ,31598,31736
51.8435,Received an expired out of sequence packet ,31599,31736
51.8517,Received an expired out of sequence packet ,31600,31736
51.8743,Received an expired out of sequence packet ,31601,31736
51.8755,Received an expired out of sequence packet ,31602,31736
51.8755,Received an expired out of sequence packet ,31603,31736
51.8755,Received an expired out of sequence packet ,31604,31736
51.8796,Received an expired out of sequence packet ,31605,31736
51.8824,Received an expired out of sequence packet ,31606,31736
51.8835,Received an expired out of sequence packet ,31607,31736
51.8877,Received an expired out of sequence packet ,31608,31736
51.8887,Received an expired out of sequence packet ,31609,31736
51.8887,Received an expired out of sequence packet ,31610,31736
51.9021,Received an expired out of sequence packet ,31611,31736
51.9021,Received an expired out of sequence packet ,31612,31736
51.9033,Received an expired out of sequence packet ,31613,31736
51.9033,Received an expired out of sequence packet ,31614,31736
51.9033,Received an expired out of sequence packet ,31615,31736
51.9083,Received an expired out of sequence packet ,31616,31736
51.9083,Received an expired out of sequence packet ,31617,31736
51.9124,Received an expired out of sequence packet ,31618,31736
51.9146,Received an expired out of sequence packet ,31619,31736
51.9146,Received an expired out of sequence packet ,31620,31736
51.9281,Received an expired out of sequence packet ,31621,31736
51.9281,Received an expired out of sequence packet ,31622,31736
51.9292,Received an expired out of sequence packet ,31623,31736
51.9333,Received an expired out of sequence packet ,31624,31736
51.9333,Received an expired out of sequence packet ,31625,31736
51.9345,Received an expired out of sequence packet ,31626,31736
51.9356,Received an expired out of sequence packet ,31627,31736
51.9356,Received an expired out of sequence packet ,31628,31736
51.9397,Received an expired out of sequence packet ,31629,31736
51.9628,Received an expired out of sequence packet ,31630,31736
51.9628,Received an expired out of sequence packet ,31631,31736
51.9649,Received an expired out of sequence packet ,31632,31736
51.9649,Received an expired out of sequence packet ,31633,31736
51.965,Received an expired out of sequence packet ,31634,31736
51.965,Received an expired out of sequence packet ,31635,31736
51.965,Received an expired out of sequence packet ,31636,31736
51.965,Received an expired out of sequence packet ,31637,31736
51.9679,Received an expired out of sequence packet ,31638,31736
51.9679,Received an expired out of sequence packet ,31639,31736
51.9679,Received an expired out of sequence packet ,31640,31736
51.9679,Received an expired out of sequence packet ,31641,31736
51.9679,Received an expired out of sequence packet ,31642,31736
51.9679,Received an expired out of sequence packet ,31643,31736
51.9701,Received an expired out of sequence packet ,31644,31736
51.9701,Received an expired out of sequence packet ,31645,31736
51.9701,Received an expired out of sequence packet ,31646,31736
51.9701,Received an expired out of sequence packet ,31647,31736
51.9701,Received an expired out of sequence packet ,31648,31736
51.9701,Received an expired out of sequence packet ,31649,31736
51.9736,Received an expired out of sequence packet ,31650,31736
51.9736,Received an expired out of sequence packet ,31651,31736
51.9736,Received an expired out of sequence packet ,31652,31736
51.9736,Received an expired out of sequence packet ,31653,31736
51.9736,Received an expired out of sequence packet ,31654,31736
51.9736,Received an expired out of sequence packet ,31655,31736
51.9736,Received an expired out of sequence packet ,31656,31736
51.9736,Received an expired out of sequence packet ,31657,31736
51.9748,Received an expired out of sequence packet ,31658,31736
51.9748,Received an expired out of sequence packet ,31659,31736
51.9748,Received an expired out of sequence packet ,31660,31736
51.9759,Received an expired out of sequence packet ,31661,31736
51.9759,Received an expired out of sequence packet ,31662,31736
51.9871,Received an expired out of sequence packet ,31663,31736
51.9882,Received an expired out of sequence packet ,31664,31736
51.9882,Received an expired out of sequence packet ,31665,31736
51.9903,Received an expired out of sequence packet ,31666,31736
51.9915,Received an expired out of sequence packet ,31667,31736
51.9926,Received an expired out of sequence packet ,31668,31736
51.9926,Received an expired out of sequence packet ,31669,31736
51.9926,Received an expired out of sequence packet ,31670,31736
52.0149,Received an expired out of sequence packet ,31671,31736
52.017,Received an expired out of sequence packet ,31672,31736
52.017,Received an expired out of sequence packet ,31673,31736
52.017,Received an expired out of sequence packet ,31674,31736
52.022,Received an expired out of sequence packet ,31675,31736
52.022,Received an expired out of sequence packet ,31676,31736
52.022,Received an expired out of sequence packet ,31677,31736
52.022,Received an expired out of sequence packet ,31678,31736
52.0241,Received an expired out of sequence packet ,31679,31736
52.0241,Received an expired out of sequence packet ,31680,31736
52.0263,Received an expired out of sequence packet ,31681,31736
52.0263,Received an expired out of sequence packet ,31682,31736
52.0284,Received an expired out of sequence packet ,31683,31736
52.0284,Received an expired out of sequence packet ,31684,31736
52.0375,Received an expired out of sequence packet ,31685,31736
52.0376,Received an expired out of sequence packet ,31686,31736
52.0445,Received an expired out of sequence packet ,31687,31736
52.0445,Received an expired out of sequence packet ,31688,31736
52.0511,Received an expired out of sequence packet ,31689,31736
52.0545,Received an expired out of sequence packet ,31690,31736
52.0545,Received an expired out of sequence packet ,31691,31736
52.0587,Received an expired out of sequence packet ,31692,31736
52.0587,Received an expired out of sequence packet ,31693,31736
52.0587,Received an expired out of sequence packet ,31694,31736
52.0587,Received an expired out of sequence packet ,31695,31736
52.0587,Received an expired out of sequence packet ,31696,31736
52.0587,Received an expired out of sequence packet ,31697,31736
52.0598,Received an expired out of sequence packet ,31698,31736
52.0619,Received an expired out of sequence packet ,31699,31736
52.062,Received an expired out of sequence packet ,31700,31736
52.062,Received an expired out of sequence packet ,31701,31736
52.062,Received an expired out of sequence packet ,31702,31736
52.062,Received an expired out of sequence packet ,31703,31736
52.062,Received an expired out of sequence packet ,31704,31736
52.062,Received an expired out of sequence packet ,31705,31736
52.062,Received an expired out of sequence packet ,31706,31736
52.0631,Received an expired out of sequence packet ,31707,31736
52.0632,Received an expired out of sequence packet ,31708,31736
52.0643,Received an expired out of sequence packet ,31709,31736
52.0643,Received an expired out of sequence packet ,31710,31736
52.0654,Received an expired out of sequence packet ,31711,31736
52.0666,Received an expired out of sequence packet ,31712,31736
52.0679,Received an expired out of sequence packet ,31713,31736
52.072,Received an expired out of sequence packet ,31714,31736
52.072,Received an expired out of sequence packet ,31715,31736
52.0731,Received an expired out of sequence packet ,31716,31736
52.0866,Received an expired out of sequence packet ,31717,31736
52.0866,Received an expired out of sequence packet ,31718,31736
52.0866,Received an expired out of sequence packet ,31719,31736
52.0877,Received an expired out of sequence packet ,31720,31736
52.0877,Received an expired out of sequence packet ,31721,31736
52.0948,Received an expired out of sequence packet ,31722,31736
52.0969,Received an expired out of sequence packet ,31723,31736
52.098,Received an expired out of sequence packet ,31724,31736
52.098,Received an expired out of sequence packet ,31725,31736
52.098,Received an expired out of sequence packet ,31726,31736
52.098,Received an expired out of sequence packet ,31727,31736
52.0981,Received an expired out of sequence packet ,31728,31736
52.0981,Received an expired out of sequence packet ,31729,31736
52.1092,Received an expired out of sequence packet ,31730,31736
52.1092,Received an expired out of sequence packet ,31731,31736
52.1163,Received an expired out of sequence packet ,31732,31736
52.1164,Received an expired out of sequence packet ,31733,31736
52.1164,Received an expired out of sequence packet ,31734,31736
52.1164,Received an expired out of sequence packet ,31735,31736
101.481,Timeout
101.481,clearing sending list because of timeout
101.563,Received an expired out of sequence packet ,63918,63963
101.565,Received an expired out of sequence packet ,63919,63963
101.565,Received an expired out of sequence packet ,63920,63963
101.566,Received an expired out of sequence packet ,63921,63963
101.566,Received an expired out of sequence packet ,63922,63963
101.566,Received an expired out of sequence packet ,63923,63963
101.566,Received an expired out of sequence packet ,63924,63963
101.57,Received an expired out of sequence packet ,63925,63963
101.57,Received an expired out of sequence packet ,63926,63963
101.57,Received an expired out of sequence packet ,63927,63963
101.57,Received an expired out of sequence packet ,63928,63963
101.57,Received an expired out of sequence packet ,63929,63963
101.57,Received an expired out of sequence packet ,63930,63963
101.57,Received an expired out of sequence packet ,63931,63963
101.57,Received an expired out of sequence packet ,63932,63963
101.57,Received an expired out of sequence packet ,63933,63963
101.57,Received an expired out of sequence packet ,63934,63963
101.57,Received an expired out of sequence packet ,63935,63963
101.57,Received an expired out of sequence packet ,63936,63963
101.57,Received an expired out of sequence packet ,63937,63963
101.57,Received an expired out of sequence packet ,63938,63963
101.57,Received an expired out of sequence packet ,63939,63963
101.57,Received an expired out of sequence packet ,63940,63963
101.57,Received an expired out of sequence packet ,63941,63963
101.57,Received an expired out of sequence packet ,63942,63963
101.57,Received an expired out of sequence packet ,63943,63963
101.571,Received an expired out of sequence packet ,63944,63963
101.571,Received an expired out of sequence packet ,63945,63963
101.571,Received an expired out of sequence packet ,63946,63963
101.571,Received an expired out of sequence packet ,63947,63963
101.571,Received an expired out of sequence packet ,63948,63963
101.571,Received an expired out of sequence packet ,63949,63963
101.571,Received an expired out of sequence packet ,63950,63963
101.577,Received an expired out of sequence packet ,63951,63963
101.577,Received an expired out of sequence packet ,63952,63963
101.577,Received an expired out of sequence packet ,63953,63963
101.577,Received an expired out of sequence packet ,63954,63963
101.578,Received an expired out of sequence packet ,63955,63963
101.578,Received an expired out of sequence packet ,63956,63963
101.578,Received an expired out of sequence packet ,63957,63963
101.578,Received an expired out of sequence packet ,63958,63963
101.578,Received an expired out of sequence packet ,63959,63963
101.581,Received an expired out of sequence packet ,63960,63963
101.588,Received an expired out of sequence packet ,63961,63963
101.588,Received an expired out of sequence packet ,63962,63963
114.426,Timeout
114.426,clearing sending list because of timeout
114.429,Received an expired out of sequence packet ,70770,70861
114.991,Received an expired out of sequence packet ,70771,70861
114.992,Received an expired out of sequence packet ,70772,70861
114.992,Received an expired out of sequence packet ,70773,70861
114.992,Received an expired out of sequence packet ,70774,70861
114.992,Received an expired out of sequence packet ,70775,70861
114.992,Received an expired out of sequence packet ,70776,70861
114.992,Received an expired out of sequence packet ,70777,70861
114.992,Received an expired out of sequence packet ,70778,70861
114.992,Received an expired out of sequence packet ,70779,70861
114.992,Received an expired out of sequence packet ,70780,70861
114.992,Received an expired out of sequence packet ,70781,70861
114.992,Received an expired out of sequence packet ,70782,70861
115.026,Received an expired out of sequence packet ,70783,70861
115.027,Received an expired out of sequence packet ,70784,70861
115.027,Received an expired out of sequence packet ,70785,70861
115.027,Received an expired out of sequence packet ,70786,70861
115.027,Received an expired out of sequence packet ,70787,70861
115.028,Received an expired out of sequence packet ,70788,70861
115.028,Received an expired out of sequence packet ,70789,70861
115.028,Received an expired out of sequence packet ,70790,70861
115.028,Received an expired out of sequence packet ,70791,70861
115.028,Received an expired out of sequence packet ,70792,70861
115.028,Received an expired out of sequence packet ,70793,70861
115.028,Received an expired out of sequence packet ,70794,70861
115.031,Received an expired out of sequence packet ,70795,70861
115.031,Received an expired out of sequence packet ,70796,70861
115.032,Received an expired out of sequence packet ,70797,70861
115.032,Received an expired out of sequence packet ,70798,70861
115.032,Received an expired out of sequence packet ,70799,70861
115.032,Received an expired out of sequence packet ,70800,70861
115.032,Received an expired out of sequence packet ,70801,70861
115.035,Received an expired out of sequence packet ,70802,70861
115.035,Received an expired out of sequence packet ,70803,70861
115.038,Received an expired out of sequence packet ,70804,70861
115.039,Received an expired out of sequence packet ,70805,70861
115.041,Received an expired out of sequence packet ,70806,70861
115.041,Received an expired out of sequence packet ,70807,70861
115.041,Received an expired out of sequence packet ,70808,70861
115.047,Received an expired out of sequence packet ,70809,70861
115.048,Received an expired out of sequence packet ,70810,70861
115.048,Received an expired out of sequence packet ,70811,70861
115.051,Received an expired out of sequence packet ,70812,70861
115.051,Received an expired out of sequence packet ,70813,70861
115.052,Received an expired out of sequence packet ,70814,70861
115.055,Received an expired out of sequence packet ,70815,70861
115.055,Received an expired out of sequence packet ,70816,70861
115.06,Received an expired out of sequence packet ,70817,70861
115.063,Received an expired out of sequence packet ,70818,70861
115.063,Received an expired out of sequence packet ,70819,70861
115.063,Received an expired out of sequence packet ,70820,70861
115.063,Received an expired out of sequence packet ,70821,70861
115.066,Received an expired out of sequence packet ,70822,70861
115.066,Received an expired out of sequence packet ,70823,70861
115.068,Received an expired out of sequence packet ,70824,70861
115.068,Received an expired out of sequence packet ,70825,70861
115.068,Received an expired out of sequence packet ,70826,70861
115.068,Received an expired out of sequence packet ,70827,70861
115.068,Received an expired out of sequence packet ,70828,70861
115.071,Received an expired out of sequence packet ,70829,70861
115.072,Received an expired out of sequence packet ,70830,70861
115.072,Received an expired out of sequence packet ,70831,70861
115.075,Received an expired out of sequence packet ,70832,70861
115.076,Received an expired out of sequence packet ,70833,70861
115.076,Received an expired out of sequence packet ,70834,70861
115.076,Received an expired out of sequence packet ,70835,70861
115.079,Received an expired out of sequence packet ,70836,70861
115.081,Received an expired out of sequence packet ,70837,70861
115.084,Received an expired out of sequence packet ,70838,70861
115.084,Received an expired out of sequence packet ,70839,70861
115.086,Received an expired out of sequence packet ,70840,70861
115.086,Received an expired out of sequence packet ,70841,70861
115.086,Received an expired out of sequence packet ,70842,70861
115.1,Received an expired out of sequence packet ,70843,70861
115.1,Received an expired out of sequence packet ,70844,70861
115.105,Received an expired out of sequence packet ,70845,70861
115.105,Received an expired out of sequence packet ,70846,70861
115.106,Received an expired out of sequence packet ,70847,70861
115.106,Received an expired out of sequence packet ,70848,70861
115.106,Received an expired out of sequence packet ,70849,70861
115.106,Received an expired out of sequence packet ,70850,70861
115.12,Received an expired out of sequence packet ,70851,70861
115.12,Received an expired out of sequence packet ,70852,70861
115.12,Received an expired out of sequence packet ,70853,70861
115.12,Received an expired out of sequence packet ,70854,70861
115.12,Received an expired out of sequence packet ,70855,70861
115.121,Received an expired out of sequence packet ,70856,70861
115.121,Received an expired out of sequence packet ,70857,70861
115.121,Received an expired out of sequence packet ,70858,70861
115.121,Received an expired out of sequence packet ,70859,70861
115.121,Received an expired out of sequence packet ,70860,70861
142.65,Timeout
142.65,clearing sending list because of timeout
142.874,Timeout
142.874,clearing sending list because of timeout
143.008,Received an expired out of sequence packet ,88018,88025
143.011,Received an expired out of sequence packet ,88019,88025
143.011,Received an expired out of sequence packet ,88020,88025
143.011,Received an expired out of sequence packet ,88021,88025
143.014,Received an expired out of sequence packet ,88022,88025
143.014,Received an expired out of sequence packet ,88023,88025
143.014,Received an expired out of sequence packet ,88024,88025
179.542,Timeout
179.542,clearing sending list because of timeout
179.712,Received an expired out of sequence packet ,117657,117853
179.712,Received an expired out of sequence packet ,117658,117853
179.712,Received an expired out of sequence packet ,117659,117853
179.712,Received an expired out of sequence packet ,117660,117853
179.712,Received an expired out of sequence packet ,117661,117853
179.746,Received an expired out of sequence packet ,117662,117853
179.747,Received an expired out of sequence packet ,117663,117853
179.75,Received an expired out of sequence packet ,117664,117853
179.751,Received an expired out of sequence packet ,117665,117853
179.751,Received an expired out of sequence packet ,117666,117853
179.751,Received an expired out of sequence packet ,117667,117853
179.754,Received an expired out of sequence packet ,117668,117853
179.754,Received an expired out of sequence packet ,117669,117853
179.754,Received an expired out of sequence packet ,117670,117853
179.754,Received an expired out of sequence packet ,117671,117853
179.754,Received an expired out of sequence packet ,117672,117853
179.779,Received an expired out of sequence packet ,117673,117853
179.779,Received an expired out of sequence packet ,117674,117853
179.779,Received an expired out of sequence packet ,117675,117853
179.779,Received an expired out of sequence packet ,117676,117853
179.779,Received an expired out of sequence packet ,117677,117853
179.779,Received an expired out of sequence packet ,117678,117853
179.779,Received an expired out of sequence packet ,117679,117853
179.779,Received an expired out of sequence packet ,117680,117853
179.779,Received an expired out of sequence packet ,117681,117853
179.779,Received an expired out of sequence packet ,117682,117853
179.779,Received an expired out of sequence packet ,117683,117853
179.78,Received an expired out of sequence packet ,117684,117853
179.784,Received an expired out of sequence packet ,117685,117853
179.784,Received an expired out of sequence packet ,117686,117853
179.784,Received an expired out of sequence packet ,117687,117853
179.797,Received an expired out of sequence packet ,117688,117853
179.797,Received an expired out of sequence packet ,117689,117853
179.804,Received an expired out of sequence packet ,117690,117853
179.804,Received an expired out of sequence packet ,117691,117853
179.804,Received an expired out of sequence packet ,117692,117853
179.804,Received an expired out of sequence packet ,117693,117853
179.804,Received an expired out of sequence packet ,117694,117853
179.804,Received an expired out of sequence packet ,117695,117853
179.804,Received an expired out of sequence packet ,117696,117853
179.804,Received an expired out of sequence packet ,117697,117853
179.806,Received an expired out of sequence packet ,117698,117853
179.806,Received an expired out of sequence packet ,117699,117853
179.806,Received an expired out of sequence packet ,117700,117853
179.806,Received an expired out of sequence packet ,117701,117853
179.806,Received an expired out of sequence packet ,117702,117853
179.807,Received an expired out of sequence packet ,117703,117853
179.807,Received an expired out of sequence packet ,117704,117853
179.807,Received an expired out of sequence packet ,117705,117853
179.807,Received an expired out of sequence packet ,117706,117853
179.807,Received an expired out of sequence packet ,117707,117853
179.807,Received an expired out of sequence packet ,117708,117853
179.807,Received an expired out of sequence packet ,117709,117853
179.807,Received an expired out of sequence packet ,117710,117853
179.807,Received an expired out of sequence packet ,117711,117853
179.807,Received an expired out of sequence packet ,117712,117853
179.807,Received an expired out of sequence packet ,117713,117853
179.81,Received an expired out of sequence packet ,117714,117853
179.81,Received an expired out of sequence packet ,117715,117853
179.81,Received an expired out of sequence packet ,117716,117853
179.81,Received an expired out of sequence packet ,117717,117853
179.81,Received an expired out of sequence packet ,117718,117853
179.81,Received an expired out of sequence packet ,117719,117853
179.811,Received an expired out of sequence packet ,117720,117853
179.811,Received an expired out of sequence packet ,117721,117853
179.816,Received an expired out of sequence packet ,117722,117853
179.816,Received an expired out of sequence packet ,117723,117853
179.816,Received an expired out of sequence packet ,117724,117853
179.816,Received an expired out of sequence packet ,117725,117853
179.816,Received an expired out of sequence packet ,117726,117853
179.816,Received an expired out of sequence packet ,117727,117853
179.816,Received an expired out of sequence packet ,117728,117853
179.819,Received an expired out of sequence packet ,117729,117853
179.819,Received an expired out of sequence packet ,117730,117853
179.821,Received an expired out of sequence packet ,117731,117853
179.821,Received an expired out of sequence packet ,117732,117853
179.821,Received an expired out of sequence packet ,117733,117853
179.821,Received an expired out of sequence packet ,117734,117853
179.826,Received an expired out of sequence packet ,117735,117853
179.826,Received an expired out of sequence packet ,117736,117853
179.826,Received an expired out of sequence packet ,117737,117853
179.826,Received an expired out of sequence packet ,117738,117853
179.83,Received an expired out of sequence packet ,117739,117853
179.837,Received an expired out of sequence packet ,117740,117853
179.842,Received an expired out of sequence packet ,117741,117853
179.842,Received an expired out of sequence packet ,117742,117853
179.842,Received an expired out of sequence packet ,117743,117853
179.845,Received an expired out of sequence packet ,117744,117853
179.848,Received an expired out of sequence packet ,117745,117853
179.848,Received an expired out of sequence packet ,117746,117853
179.85,Received an expired out of sequence packet ,117747,117853
179.85,Received an expired out of sequence packet ,117748,117853
179.852,Received an expired out of sequence packet ,117749,117853
179.852,Received an expired out of sequence packet ,117750,117853
179.852,Received an expired out of sequence packet ,117751,117853
179.852,Received an expired out of sequence packet ,117752,117853
179.852,Received an expired out of sequence packet ,117753,117853
179.855,Received an expired out of sequence packet ,117754,117853
179.855,Received an expired out of sequence packet ,117755,117853
179.855,Received an expired out of sequence packet ,117756,117853
179.858,Received an expired out of sequence packet ,117757,117853
179.858,Received an expired out of sequence packet ,117758,117853
179.858,Received an expired out of sequence packet ,117759,117853
179.858,Received an expired out of sequence packet ,117760,117853
179.858,Received an expired out of sequence packet ,117761,117853
179.858,Received an expired out of sequence packet ,117762,117853
179.862,Received an expired out of sequence packet ,117763,117853
179.862,Received an expired out of sequence packet ,117764,117853
179.862,Received an expired out of sequence packet ,117765,117853
179.862,Received an expired out of sequence packet ,117766,117853
179.862,Received an expired out of sequence packet ,117767,117853
179.862,Received an expired out of sequence packet ,117768,117853
179.862,Received an expired out of sequence packet ,117769,117853
179.862,Received an expired out of sequence packet ,117770,117853
179.865,Received an expired out of sequence packet ,117771,117853
179.865,Received an expired out of sequence packet ,117772,117853
179.865,Received an expired out of sequence packet ,117773,117853
179.865,Received an expired out of sequence packet ,117774,117853
179.865,Received an expired out of sequence packet ,117775,117853
179.865,Received an expired out of sequence packet ,117776,117853
179.865,Received an expired out of sequence packet ,117777,117853
179.865,Received an expired out of sequence packet ,117778,117853
179.865,Received an expired out of sequence packet ,117779,117853
179.866,Received an expired out of sequence packet ,117780,117853
179.868,Received an expired out of sequence packet ,117781,117853
179.868,Received an expired out of sequence packet ,117782,117853
179.868,Received an expired out of sequence packet ,117783,117853
179.868,Received an expired out of sequence packet ,117784,117853
179.868,Received an expired out of sequence packet ,117785,117853
179.868,Received an expired out of sequence packet ,117786,117853
179.872,Received an expired out of sequence packet ,117787,117853
179.872,Received an expired out of sequence packet ,117788,117853
179.872,Received an expired out of sequence packet ,117789,117853
179.872,Received an expired out of sequence packet ,117790,117853
179.872,Received an expired out of sequence packet ,117791,117853
179.873,Received an expired out of sequence packet ,117792,117853
179.873,Received an expired out of sequence packet ,117793,117853
179.873,Received an expired out of sequence packet ,117794,117853
179.874,Received an expired out of sequence packet ,117795,117853
179.874,Received an expired out of sequence packet ,117796,117853
179.874,Received an expired out of sequence packet ,117797,117853
179.874,Received an expired out of sequence packet ,117798,117853
179.874,Received an expired out of sequence packet ,117799,117853
179.874,Received an expired out of sequence packet ,117800,117853
179.877,Received an expired out of sequence packet ,117801,117853
179.877,Received an expired out of sequence packet ,117802,117853
179.879,Received an expired out of sequence packet ,117803,117853
179.879,Received an expired out of sequence packet ,117804,117853
179.879,Received an expired out of sequence packet ,117805,117853
179.879,Received an expired out of sequence packet ,117806,117853
179.879,Received an expired out of sequence packet ,117807,117853
179.879,Received an expired out of sequence packet ,117808,117853
179.879,Received an expired out of sequence packet ,117809,117853
179.879,Received an expired out of sequence packet ,117810,117853
179.882,Received an expired out of sequence packet ,117811,117853
179.882,Received an expired out of sequence packet ,117812,117853
179.882,Received an expired out of sequence packet ,117813,117853
179.882,Received an expired out of sequence packet ,117814,117853
179.882,Received an expired out of sequence packet ,117815,117853
179.882,Received an expired out of sequence packet ,117816,117853
179.882,Received an expired out of sequence packet ,117817,117853
179.882,Received an expired out of sequence packet ,117818,117853
179.884,Received an expired out of sequence packet ,117819,117853
179.884,Received an expired out of sequence packet ,117820,117853
179.885,Received an expired out of sequence packet ,117821,117853
179.885,Received an expired out of sequence packet ,117822,117853
179.885,Received an expired out of sequence packet ,117823,117853
179.885,Received an expired out of sequence packet ,117824,117853
179.885,Received an expired out of sequence packet ,117825,117853
179.885,Received an expired out of sequence packet ,117826,117853
179.886,Received an expired out of sequence packet ,117827,117853
179.886,Received an expired out of sequence packet ,117828,117853
179.886,Received an expired out of sequence packet ,117829,117853
179.886,Received an expired out of sequence packet ,117830,117853
179.886,Received an expired out of sequence packet ,117831,117853
179.888,Received an expired out of sequence packet ,117832,117853
179.888,Received an expired out of sequence packet ,117833,117853
179.888,Received an expired out of sequence packet ,117834,117853
179.888,Received an expired out of sequence packet ,117835,117853
179.888,Received an expired out of sequence packet ,117836,117853
179.888,Received an expired out of sequence packet ,117837,117853
179.888,Received an expired out of sequence packet ,117838,117853
179.904,Received an expired out of sequence packet ,117839,117853
179.904,Received an expired out of sequence packet ,117840,117853
179.904,Received an expired out of sequence packet ,117841,117853
179.904,Received an expired out of sequence packet ,117842,117853
179.905,Received an expired out of sequence packet ,117843,117853
179.905,Received an expired out of sequence packet ,117844,117853
179.905,Received an expired out of sequence packet ,117845,117853
179.905,Received an expired out of sequence packet ,117846,117853
179.905,Received an expired out of sequence packet ,117847,117853
179.905,Received an expired out of sequence packet ,117848,117853
179.905,Received an expired out of sequence packet ,117849,117853
179.905,Received an expired out of sequence packet ,117850,117853
179.905,Received an expired out of sequence packet ,117851,117853
179.905,Received an expired out of sequence packet ,117852,117853
202.961,Timeout
202.961,clearing sending list because of timeout
203.35,Timeout
203.35,clearing sending list because of timeout
203.633,Received an expired out of sequence packet ,125586,125639
203.637,Received an expired out of sequence packet ,125587,125639
203.708,Received an expired out of sequence packet ,125588,125639
203.708,Received an expired out of sequence packet ,125589,125639
203.708,Received an expired out of sequence packet ,125590,125639
203.708,Received an expired out of sequence packet ,125591,125639
203.708,Received an expired out of sequence packet ,125592,125639
203.708,Received an expired out of sequence packet ,125593,125639
203.708,Received an expired out of sequence packet ,125594,125639
203.708,Received an expired out of sequence packet ,125595,125639
203.708,Received an expired out of sequence packet ,125596,125639
203.708,Received an expired out of sequence packet ,125597,125639
203.708,Received an expired out of sequence packet ,125598,125639
203.712,Received an expired out of sequence packet ,125599,125639
203.741,Received an expired out of sequence packet ,125600,125639
203.741,Received an expired out of sequence packet ,125601,125639
203.741,Received an expired out of sequence packet ,125602,125639
203.741,Received an expired out of sequence packet ,125603,125639
203.741,Received an expired out of sequence packet ,125604,125639
203.741,Received an expired out of sequence packet ,125605,125639
203.741,Received an expired out of sequence packet ,125606,125639
203.741,Received an expired out of sequence packet ,125607,125639
203.741,Received an expired out of sequence packet ,125608,125639
203.743,Received an expired out of sequence packet ,125609,125639
203.743,Received an expired out of sequence packet ,125610,125639
203.743,Received an expired out of sequence packet ,125611,125639
203.743,Received an expired out of sequence packet ,125612,125639
203.756,Received an expired out of sequence packet ,125613,125639
203.756,Received an expired out of sequence packet ,125614,125639
203.756,Received an expired out of sequence packet ,125615,125639
203.756,Received an expired out of sequence packet ,125616,125639
203.756,Received an expired out of sequence packet ,125617,125639
203.756,Received an expired out of sequence packet ,125618,125639
203.756,Received an expired out of sequence packet ,125619,125639
203.756,Received an expired out of sequence packet ,125620,125639
203.756,Received an expired out of sequence packet ,125621,125639
203.756,Received an expired out of sequence packet ,125622,125639
203.764,Received an expired out of sequence packet ,125623,125639
203.764,Received an expired out of sequence packet ,125624,125639
203.764,Received an expired out of sequence packet ,125625,125639
203.764,Received an expired out of sequence packet ,125626,125639
203.772,Received an expired out of sequence packet ,125627,125639
203.772,Received an expired out of sequence packet ,125628,125639
203.776,Received an expired out of sequence packet ,125629,125639
203.776,Received an expired out of sequence packet ,125630,125639
203.776,Received an expired out of sequence packet ,125631,125639
203.776,Received an expired out of sequence packet ,125632,125639
203.776,Received an expired out of sequence packet ,125633,125639
203.776,Received an expired out of sequence packet ,125634,125639
203.777,Received an expired out of sequence packet ,125635,125639
203.777,Received an expired out of sequence packet ,125636,125639
203.817,Received an expired out of sequence packet ,125637,125639
203.817,Received an expired out of sequence packet ,125638,125639
236.023,Timeout
236.023,clearing sending list because of timeout
236.506,Timeout
236.506,clearing sending list because of timeout
236.539,Received an expired out of sequence packet ,146779,146862
236.539,Received an expired out of sequence packet ,146780,146862
236.539,Received an expired out of sequence packet ,146781,146862
236.568,Received an expired out of sequence packet ,146782,146862
236.57,Received an expired out of sequence packet ,146783,146862
236.57,Received an expired out of sequence packet ,146784,146862
236.57,Received an expired out of sequence packet ,146785,146862
236.57,Received an expired out of sequence packet ,146786,146862
236.57,Received an expired out of sequence packet ,146787,146862
236.571,Received an expired out of sequence packet ,146788,146862
236.571,Received an expired out of sequence packet ,146789,146862
236.572,Received an expired out of sequence packet ,146790,146862
236.574,Received an expired out of sequence packet ,146791,146862
236.574,Received an expired out of sequence packet ,146792,146862
236.574,Received an expired out of sequence packet ,146793,146862
236.574,Received an expired out of sequence packet ,146794,146862
236.574,Received an expired out of sequence packet ,146795,146862
236.574,Received an expired out of sequence packet ,146796,146862
236.574,Received an expired out of sequence packet ,146797,146862
236.737,Received an expired out of sequence packet ,146798,146862
236.737,Received an expired out of sequence packet ,146799,146862
236.737,Received an expired out of sequence packet ,146800,146862
236.737,Received an expired out of sequence packet ,146801,146862
236.737,Received an expired out of sequence packet ,146802,146862
236.737,Received an expired out of sequence packet ,146803,146862
236.737,Received an expired out of sequence packet ,146804,146862
236.737,Received an expired out of sequence packet ,146805,146862
236.746,Received an expired out of sequence packet ,146806,146862
236.746,Received an expired out of sequence packet ,146807,146862
236.746,Received an expired out of sequence packet ,146808,146862
236.746,Received an expired out of sequence packet ,146809,146862
236.755,Received an expired out of sequence packet ,146810,146862
236.755,Received an expired out of sequence packet ,146811,146862
236.757,Received an expired out of sequence packet ,146812,146862
236.757,Received an expired out of sequence packet ,146813,146862
236.757,Received an expired out of sequence packet ,146814,146862
236.757,Received an expired out of sequence packet ,146815,146862
236.757,Received an expired out of sequence packet ,146816,146862
236.757,Received an expired out of sequence packet ,146817,146862
236.757,Received an expired out of sequence packet ,146818,146862
236.757,Received an expired out of sequence packet ,146819,146862
236.757,Received an expired out of sequence packet ,146820,146862
236.757,Received an expired out of sequence packet ,146821,146862
236.757,Received an expired out of sequence packet ,146822,146862
236.757,Received an expired out of sequence packet ,146823,146862
236.757,Received an expired out of sequence packet ,146824,146862
236.757,Received an expired out of sequence packet ,146825,146862
236.757,Received an expired out of sequence packet ,146826,146862
236.757,Received an expired out of sequence packet ,146827,146862
236.758,Received an expired out of sequence packet ,146828,146862
236.758,Received an expired out of sequence packet ,146829,146862
236.761,Received an expired out of sequence packet ,146830,146862
236.761,Received an expired out of sequence packet ,146831,146862
236.761,Received an expired out of sequence packet ,146832,146862
236.761,Received an expired out of sequence packet ,146833,146862
236.761,Received an expired out of sequence packet ,146834,146862
236.761,Received an expired out of sequence packet ,146835,146862
236.761,Received an expired out of sequence packet ,146836,146862
236.761,Received an expired out of sequence packet ,146837,146862
236.761,Received an expired out of sequence packet ,146838,146862
236.761,Received an expired out of sequence packet ,146839,146862
236.762,Received an expired out of sequence packet ,146840,146862
236.762,Received an expired out of sequence packet ,146841,146862
236.762,Received an expired out of sequence packet ,146842,146862
236.762,Received an expired out of sequence packet ,146843,146862
236.762,Received an expired out of sequence packet ,146844,146862
236.762,Received an expired out of sequence packet ,146845,146862
236.762,Received an expired out of sequence packet ,146846,146862
236.779,Received an expired out of sequence packet ,146847,146862
236.779,Received an expired out of sequence packet ,146848,146862
236.779,Received an expired out of sequence packet ,146849,146862
236.779,Received an expired out of sequence packet ,146850,146862
236.78,Received an expired out of sequence packet ,146851,146862
236.78,Received an expired out of sequence packet ,146852,146862
236.781,Received an expired out of sequence packet ,146853,146862
236.781,Received an expired out of sequence packet ,146854,146862
236.781,Received an expired out of sequence packet ,146855,146862
236.781,Received an expired out of sequence packet ,146856,146862
236.794,Received an expired out of sequence packet ,146857,146862
236.794,Received an expired out of sequence packet ,146858,146862
236.794,Received an expired out of sequence packet ,146859,146862
236.794,Received an expired out of sequence packet ,146860,146862
236.794,Received an expired out of sequence packet ,146861,146862
276.757,Timeout
276.757,clearing sending list because of timeout
276.824,Received an expired out of sequence packet ,171151,171406
276.873,Received an expired out of sequence packet ,171152,171406
276.877,Received an expired out of sequence packet ,171153,171406
276.877,Received an expired out of sequence packet ,171154,171406
276.877,Received an expired out of sequence packet ,171155,171406
276.877,Received an expired out of sequence packet ,171156,171406
276.877,Received an expired out of sequence packet ,171157,171406
276.878,Received an expired out of sequence packet ,171158,171406
276.878,Received an expired out of sequence packet ,171159,171406
276.878,Received an expired out of sequence packet ,171160,171406
276.878,Received an expired out of sequence packet ,171161,171406
276.878,Received an expired out of sequence packet ,171162,171406
276.878,Received an expired out of sequence packet ,171163,171406
276.878,Received an expired out of sequence packet ,171164,171406
276.878,Received an expired out of sequence packet ,171165,171406
276.878,Received an expired out of sequence packet ,171166,171406
276.88,Received an expired out of sequence packet ,171167,171406
276.88,Received an expired out of sequence packet ,171168,171406
276.88,Received an expired out of sequence packet ,171169,171406
276.88,Received an expired out of sequence packet ,171170,171406
276.88,Received an expired out of sequence packet ,171171,171406
276.88,Received an expired out of sequence packet ,171172,171406
276.911,Received an expired out of sequence packet ,171173,171406
276.914,Received an expired out of sequence packet ,171174,171406
276.918,Received an expired out of sequence packet ,171175,171406
276.92,Received an expired out of sequence packet ,171176,171406
276.92,Received an expired out of sequence packet ,171177,171406
276.925,Received an expired out of sequence packet ,171178,171406
276.925,Received an expired out of sequence packet ,171179,171406
276.925,Received an expired out of sequence packet ,171180,171406
276.925,Received an expired out of sequence packet ,171181,171406
276.925,Received an expired out of sequence packet ,171182,171406
276.932,Received an expired out of sequence packet ,171183,171406
276.932,Received an expired out of sequence packet ,171184,171406
276.932,Received an expired out of sequence packet ,171185,171406
276.932,Received an expired out of sequence packet ,171186,171406
276.932,Received an expired out of sequence packet ,171187,171406
276.932,Received an expired out of sequence packet ,171188,171406
276.932,Received an expired out of sequence packet ,171189,171406
276.932,Received an expired out of sequence packet ,171190,171406
276.934,Received an expired out of sequence packet ,171191,171406
276.947,Received an expired out of sequence packet ,171192,171406
276.947,Received an expired out of sequence packet ,171193,171406
276.947,Received an expired out of sequence packet ,171194,171406
276.947,Received an expired out of sequence packet ,171195,171406
276.947,Received an expired out of sequence packet ,171196,171406
276.947,Received an expired out of sequence packet ,171197,171406
276.947,Received an expired out of sequence packet ,171198,171406
276.947,Received an expired out of sequence packet ,171199,171406
276.947,Received an expired out of sequence packet ,171200,171406
276.947,Received an expired out of sequence packet ,171201,171406
276.947,Received an expired out of sequence packet ,171202,171406
276.947,Received an expired out of sequence packet ,171203,171406
276.947,Received an expired out of sequence packet ,171204,171406
276.947,Received an expired out of sequence packet ,171205,171406
276.947,Received an expired out of sequence packet ,171206,171406
276.947,Received an expired out of sequence packet ,171207,171406
276.947,Received an expired out of sequence packet ,171208,171406
276.947,Received an expired out of sequence packet ,171209,171406
276.947,Received an expired out of sequence packet ,171210,171406
276.947,Received an expired out of sequence packet ,171211,171406
276.947,Received an expired out of sequence packet ,171212,171406
276.947,Received an expired out of sequence packet ,171213,171406
276.947,Received an expired out of sequence packet ,171214,171406
276.947,Received an expired out of sequence packet ,171215,171406
276.947,Received an expired out of sequence packet ,171216,171406
276.958,Received an expired out of sequence packet ,171217,171406
276.958,Received an expired out of sequence packet ,171218,171406
276.958,Received an expired out of sequence packet ,171219,171406
276.958,Received an expired out of sequence packet ,171220,171406
276.959,Received an expired out of sequence packet ,171221,171406
276.959,Received an expired out of sequence packet ,171222,171406
276.959,Received an expired out of sequence packet ,171223,171406
276.96,Received an expired out of sequence packet ,171224,171406
276.96,Received an expired out of sequence packet ,171225,171406
276.96,Received an expired out of sequence packet ,171226,171406
276.96,Received an expired out of sequence packet ,171227,171406
276.96,Received an expired out of sequence packet ,171228,171406
276.966,Received an expired out of sequence packet ,171229,171406
276.966,Received an expired out of sequence packet ,171230,171406
276.966,Received an expired out of sequence packet ,171231,171406
276.966,Received an expired out of sequence packet ,171232,171406
276.966,Received an expired out of sequence packet ,171233,171406
276.966,Received an expired out of sequence packet ,171234,171406
276.966,Received an expired out of sequence packet ,171235,171406
276.966,Received an expired out of sequence packet ,171236,171406
276.967,Received an expired out of sequence packet ,171237,171406
276.967,Received an expired out of sequence packet ,171238,171406
276.967,Received an expired out of sequence packet ,171239,171406
276.967,Received an expired out of sequence packet ,171240,171406
276.972,Received an expired out of sequence packet ,171241,171406
276.972,Received an expired out of sequence packet ,171242,171406
276.972,Received an expired out of sequence packet ,171243,171406
276.972,Received an expired out of sequence packet ,171244,171406
276.972,Received an expired out of sequence packet ,171245,171406
276.972,Received an expired out of sequence packet ,171246,171406
276.972,Received an expired out of sequence packet ,171247,171406
276.972,Received an expired out of sequence packet ,171248,171406
276.972,Received an expired out of sequence packet ,171249,171406
276.972,Received an expired out of sequence packet ,171250,171406
276.972,Received an expired out of sequence packet ,171251,171406
276.972,Received an expired out of sequence packet ,171252,171406
276.974,Received an expired out of sequence packet ,171253,171406
276.974,Received an expired out of sequence packet ,171254,171406
276.974,Received an expired out of sequence packet ,171255,171406
276.974,Received an expired out of sequence packet ,171256,171406
276.975,Received an expired out of sequence packet ,171257,171406
276.975,Received an expired out of sequence packet ,171258,171406
276.975,Received an expired out of sequence packet ,171259,171406
276.975,Received an expired out of sequence packet ,171260,171406
276.975,Received an expired out of sequence packet ,171261,171406
276.977,Received an expired out of sequence packet ,171262,171406
276.977,Received an expired out of sequence packet ,171263,171406
276.977,Received an expired out of sequence packet ,171264,171406
276.977,Received an expired out of sequence packet ,171265,171406
276.977,Received an expired out of sequence packet ,171266,171406
276.977,Received an expired out of sequence packet ,171267,171406
276.977,Received an expired out of sequence packet ,171268,171406
276.977,Received an expired out of sequence packet ,171269,171406
276.977,Received an expired out of sequence packet ,171270,171406
276.977,Received an expired out of sequence packet ,171271,171406
276.977,Received an expired out of sequence packet ,171272,171406
276.977,Received an expired out of sequence packet ,171273,171406
276.98,Received an expired out of sequence packet ,171274,171406
276.98,Received an expired out of sequence packet ,171275,171406
276.98,Received an expired out of sequence packet ,171276,171406
276.981,Received an expired out of sequence packet ,171277,171406
276.981,Received an expired out of sequence packet ,171278,171406
276.981,Received an expired out of sequence packet ,171279,171406
276.981,Received an expired out of sequence packet ,171280,171406
276.981,Received an expired out of sequence packet ,171281,171406
276.981,Received an expired out of sequence packet ,171282,171406
276.981,Received an expired out of sequence packet ,171283,171406
276.981,Received an expired out of sequence packet ,171284,171406
276.981,Received an expired out of sequence packet ,171285,171406
276.981,Received an expired out of sequence packet ,171286,171406
276.987,Received an expired out of sequence packet ,171287,171406
276.987,Received an expired out of sequence packet ,171288,171406
276.987,Received an expired out of sequence packet ,171289,171406
276.987,Received an expired out of sequence packet ,171290,171406
276.996,Received an expired out of sequence packet ,171291,171406
276.996,Received an expired out of sequence packet ,171292,171406
276.996,Received an expired out of sequence packet ,171293,171406
276.996,Received an expired out of sequence packet ,171294,171406
276.996,Received an expired out of sequence packet ,171295,171406
276.996,Received an expired out of sequence packet ,171296,171406
276.996,Received an expired out of sequence packet ,171297,171406
276.996,Received an expired out of sequence packet ,171298,171406
276.996,Received an expired out of sequence packet ,171299,171406
276.996,Received an expired out of sequence packet ,171300,171406
276.996,Received an expired out of sequence packet ,171301,171406
276.996,Received an expired out of sequence packet ,171302,171406
276.996,Received an expired out of sequence packet ,171303,171406
276.996,Received an expired out of sequence packet ,171304,171406
276.996,Received an expired out of sequence packet ,171305,171406
277.001,Received an expired out of sequence packet ,171306,171406
277.005,Received an expired out of sequence packet ,171307,171406
277.005,Received an expired out of sequence packet ,171308,171406
277.005,Received an expired out of sequence packet ,171309,171406
277.005,Received an expired out of sequence packet ,171310,171406
277.005,Received an expired out of sequence packet ,171311,171406
277.005,Received an expired out of sequence packet ,171312,171406
277.01,Received an expired out of sequence packet ,171313,171406
277.01,Received an expired out of sequence packet ,171314,171406
277.01,Received an expired out of sequence packet ,171315,171406
277.011,Received an expired out of sequence packet ,171316,171406
277.011,Received an expired out of sequence packet ,171317,171406
277.011,Received an expired out of sequence packet ,171318,171406
277.011,Received an expired out of sequence packet ,171319,171406
277.011,Received an expired out of sequence packet ,171320,171406
277.012,Received an expired out of sequence packet ,171321,171406
277.012,Received an expired out of sequence packet ,171322,171406
277.012,Received an expired out of sequence packet ,171323,171406
277.013,Received an expired out of sequence packet ,171324,171406
277.013,Received an expired out of sequence packet ,171325,171406
277.013,Received an expired out of sequence packet ,171326,171406
277.013,Received an expired out of sequence packet ,171327,171406
277.013,Received an expired out of sequence packet ,171328,171406
277.013,Received an expired out of sequence packet ,171329,171406
277.013,Received an expired out of sequence packet ,171330,171406
277.013,Received an expired out of sequence packet ,171331,171406
277.013,Received an expired out of sequence packet ,171332,171406
277.013,Received an expired out of sequence packet ,171333,171406
277.014,Received an expired out of sequence packet ,171334,171406
277.014,Received an expired out of sequence packet ,171335,171406
277.014,Received an expired out of sequence packet ,171336,171406
277.014,Received an expired out of sequence packet ,171337,171406
277.014,Received an expired out of sequence packet ,171338,171406
277.014,Received an expired out of sequence packet ,171339,171406
277.014,Received an expired out of sequence packet ,171340,171406
277.014,Received an expired out of sequence packet ,171341,171406
277.014,Received an expired out of sequence packet ,171342,171406
277.014,Received an expired out of sequence packet ,171343,171406
277.014,Received an expired out of sequence packet ,171344,171406
277.014,Received an expired out of sequence packet ,171345,171406
277.014,Received an expired out of sequence packet ,171346,171406
277.014,Received an expired out of sequence packet ,171347,171406
277.02,Received an expired out of sequence packet ,171348,171406
277.02,Received an expired out of sequence packet ,171349,171406
277.02,Received an expired out of sequence packet ,171350,171406
277.027,Received an expired out of sequence packet ,171351,171406
277.027,Received an expired out of sequence packet ,171352,171406
277.027,Received an expired out of sequence packet ,171353,171406
277.027,Received an expired out of sequence packet ,171354,171406
277.027,Received an expired out of sequence packet ,171355,171406
277.027,Received an expired out of sequence packet ,171356,171406
277.027,Received an expired out of sequence packet ,171357,171406
277.031,Received an expired out of sequence packet ,171358,171406
277.031,Received an expired out of sequence packet ,171359,171406
277.031,Received an expired out of sequence packet ,171360,171406
277.031,Received an expired out of sequence packet ,171361,171406
277.031,Received an expired out of sequence packet ,171362,171406
277.031,Received an expired out of sequence packet ,171363,171406
277.031,Received an expired out of sequence packet ,171364,171406
277.031,Received an expired out of sequence packet ,171365,171406
277.031,Received an expired out of sequence packet ,171366,171406
277.031,Received an expired out of sequence packet ,171367,171406
277.031,Received an expired out of sequence packet ,171368,171406
277.031,Received an expired out of sequence packet ,171369,171406
277.031,Received an expired out of sequence packet ,171370,171406
277.031,Received an expired out of sequence packet ,171371,171406
277.031,Received an expired out of sequence packet ,171372,171406
277.031,Received an expired out of sequence packet ,171373,171406
277.032,Received an expired out of sequence packet ,171374,171406
277.032,Received an expired out of sequence packet ,171375,171406
277.032,Received an expired out of sequence packet ,171376,171406
277.032,Received an expired out of sequence packet ,171377,171406
277.032,Received an expired out of sequence packet ,171378,171406
277.032,Received an expired out of sequence packet ,171379,171406
277.032,Received an expired out of sequence packet ,171380,171406
277.032,Received an expired out of sequence packet ,171381,171406
277.032,Received an expired out of sequence packet ,171382,171406
277.032,Received an expired out of sequence packet ,171383,171406
277.032,Received an expired out of sequence packet ,171384,171406
277.032,Received an expired out of sequence packet ,171385,171406
277.032,Received an expired out of sequence packet ,171386,171406
277.032,Received an expired out of sequence packet ,171387,171406
277.032,Received an expired out of sequence packet ,171388,171406
277.032,Received an expired out of sequence packet ,171389,171406
277.032,Received an expired out of sequence packet 