1.34862,Exit slow start,exceeding SS_EXIT_THRESHOLD
23.4736,Timeout
23.4737,clearing sending list because of timeout
23.4818,Received an expired out of sequence packet ,9763,9889
24.4818,Timeout
24.4818,clearing sending list because of timeout
24.4963,Received an expired out of sequence packet ,9764,9892
25.4963,Timeout
25.4963,clearing sending list because of timeout
25.8176,Received an expired out of sequence packet ,9765,9902
26.8176,Timeout
26.8176,clearing sending list because of timeout
26.8187,Received an expired out of sequence packet ,9766,9919
27.8186,Received an expired out of sequence packet ,9767,9919
28.8186,Timeout
28.8186,clearing sending list because of timeout
28.8298,Received an expired out of sequence packet ,9768,9942
29.8183,Received an expired out of sequence packet ,9769,9942
29.8768,Received an expired out of sequence packet ,9770,9942
29.8779,Received an expired out of sequence packet ,9771,9942
29.8779,Received an expired out of sequence packet ,9772,9942
29.8779,Received an expired out of sequence packet ,9773,9942
29.8779,Received an expired out of sequence packet ,9774,9942
29.8779,Received an expired out of sequence packet ,9775,9942
29.9368,Received an expired out of sequence packet ,9776,9942
29.9368,Received an expired out of sequence packet ,9777,9942
29.9368,Received an expired out of sequence packet ,9778,9942
29.9368,Received an expired out of sequence packet ,9779,9942
29.9487,Received an expired out of sequence packet ,9780,9942
29.9487,Received an expired out of sequence packet ,9781,9942
29.9509,Received an expired out of sequence packet ,9782,9942
29.9509,Received an expired out of sequence packet ,9783,9942
29.9509,Received an expired out of sequence packet ,9784,9942
29.9509,Received an expired out of sequence packet ,9785,9942
29.9509,Received an expired out of sequence packet ,9786,9942
29.9509,Received an expired out of sequence packet ,9787,9942
29.9509,Received an expired out of sequence packet ,9788,9942
29.9509,Received an expired out of sequence packet ,9789,9942
29.953,Received an expired out of sequence packet ,9790,9942
29.9531,Received an expired out of sequence packet ,9791,9942
29.9531,Received an expired out of sequence packet ,9792,9942
29.9531,Received an expired out of sequence packet ,9793,9942
29.9531,Received an expired out of sequence packet ,9794,9942
29.9584,Received an expired out of sequence packet ,9795,9942
29.9584,Received an expired out of sequence packet ,9796,9942
29.9606,Received an expired out of sequence packet ,9797,9942
29.9616,Received an expired out of sequence packet ,9798,9942
29.9616,Received an expired out of sequence packet ,9799,9942
29.9627,Received an expired out of sequence packet ,9800,9942
29.9628,Received an expired out of sequence packet ,9801,9942
29.9628,Received an expired out of sequence packet ,9802,9942
29.9639,Received an expired out of sequence packet ,9803,9942
29.9639,Received an expired out of sequence packet ,9804,9942
29.9639,Received an expired out of sequence packet ,9805,9942
29.9639,Received an expired out of sequence packet ,9806,9942
29.9639,Received an expired out of sequence packet ,9807,9942
29.966,Received an expired out of sequence packet ,9808,9942
29.966,Received an expired out of sequence packet ,9809,9942
29.966,Received an expired out of sequence packet ,9810,9942
29.9671,Received an expired out of sequence packet ,9811,9942
29.9682,Received an expired out of sequence packet ,9812,9942
29.9745,Received an expired out of sequence packet ,9813,9942
29.9757,Received an expired out of sequence packet ,9814,9942
29.9757,Received an expired out of sequence packet ,9815,9942
29.9757,Received an expired out of sequence packet ,9816,9942
29.9778,Received an expired out of sequence packet ,9817,9942
29.9778,Received an expired out of sequence packet ,9818,9942
29.9778,Received an expired out of sequence packet ,9819,9942
29.9789,Received an expired out of sequence packet ,9820,9942
29.9789,Received an expired out of sequence packet ,9821,9942
29.9811,Received an expired out of sequence packet ,9822,9942
29.9811,Received an expired out of sequence packet ,9823,9942
29.9823,Received an expired out of sequence packet ,9824,9942
29.9823,Received an expired out of sequence packet ,9825,9942
29.9864,Received an expired out of sequence packet ,9826,9942
29.9864,Received an expired out of sequence packet ,9827,9942
29.9864,Received an expired out of sequence packet ,9828,9942
29.9875,Received an expired out of sequence packet ,9829,9942
29.9887,Received an expired out of sequence packet ,9830,9942
29.9887,Received an expired out of sequence packet ,9831,9942
29.9887,Received an expired out of sequence packet ,9832,9942
29.9938,Received an expired out of sequence packet ,9833,9942
29.995,Received an expired out of sequence packet ,9834,9942
29.9971,Received an expired out of sequence packet ,9835,9942
29.9992,Received an expired out of sequence packet ,9836,9942
29.9992,Received an expired out of sequence packet ,9837,9942
29.9992,Received an expired out of sequence packet ,9838,9942
30.043,Received an expired out of sequence packet ,9839,9942
30.0463,Received an expired out of sequence packet ,9840,9942
30.0463,Received an expired out of sequence packet ,9841,9942
30.0484,Received an expired out of sequence packet ,9842,9942
30.0484,Received an expired out of sequence packet ,9843,9942
30.0484,Received an expired out of sequence packet ,9844,9942
30.0484,Received an expired out of sequence packet ,9845,9942
30.0496,Received an expired out of sequence packet ,9846,9942
30.0496,Received an expired out of sequence packet ,9847,9942
30.0496,Received an expired out of sequence packet ,9848,9942
30.0497,Received an expired out of sequence packet ,9849,9942
30.0497,Received an expired out of sequence packet ,9850,9942
30.0497,Received an expired out of sequence packet ,9851,9942
30.0497,Received an expired out of sequence packet ,9852,9942
30.0547,Received an expired out of sequence packet ,9853,9942
30.0547,Received an expired out of sequence packet ,9854,9942
30.0547,Received an expired out of sequence packet ,9855,9942
30.0558,Received an expired out of sequence packet ,9856,9942
30.0568,Received an expired out of sequence packet ,9857,9942
30.0569,Received an expired out of sequence packet ,9858,9942
30.0569,Received an expired out of sequence packet ,9859,9942
30.0569,Received an expired out of sequence packet ,9860,9942
30.057,Received an expired out of sequence packet ,9861,9942
30.0579,Received an expired out of sequence packet ,9862,9942
30.0579,Received an expired out of sequence packet ,9863,9942
30.059,Received an expired out of sequence packet ,9864,9942
30.059,Received an expired out of sequence packet ,9865,9942
30.0611,Received an expired out of sequence packet ,9866,9942
30.0631,Received an expired out of sequence packet ,9867,9942
30.0652,Received an expired out of sequence packet ,9868,9942
30.0652,Received an expired out of sequence packet ,9869,9942
30.0652,Received an expired out of sequence packet ,9870,9942
30.0663,Received an expired out of sequence packet ,9871,9942
30.0683,Received an expired out of sequence packet ,9872,9942
30.0683,Received an expired out of sequence packet ,9873,9942
30.0733,Received an expired out of sequence packet ,9874,9942
30.0754,Received an expired out of sequence packet ,9875,9942
30.0787,Received an expired out of sequence packet ,9876,9942
30.0925,Received an expired out of sequence packet ,9877,9942
30.0926,Received an expired out of sequence packet ,9878,9942
30.0926,Received an expired out of sequence packet ,9879,9942
30.0926,Received an expired out of sequence packet ,9880,9942
30.0926,Received an expired out of sequence packet ,9881,9942
30.0926,Received an expired out of sequence packet ,9882,9942
30.0946,Received an expired out of sequence packet ,9883,9942
30.0946,Received an expired out of sequence packet ,9884,9942
30.0957,Received an expired out of sequence packet ,9885,9942
30.0957,Received an expired out of sequence packet ,9886,9942
30.0967,Received an expired out of sequence packet ,9887,9942
30.0988,Received an expired out of sequence packet ,9888,9942
30.1019,Received an expired out of sequence packet ,9889,9942
30.1019,Received an expired out of sequence packet ,9890,9942
30.1019,Received an expired out of sequence packet ,9891,9942
30.1039,Received an expired out of sequence packet ,9892,9942
30.1039,Received an expired out of sequence packet ,9893,9942
30.104,Received an expired out of sequence packet ,9894,9942
30.106,Received an expired out of sequence packet ,9895,9942
30.106,Received an expired out of sequence packet ,9896,9942
30.1427,Received an expired out of sequence packet ,9897,9942
30.1427,Received an expired out of sequence packet ,9898,9942
30.1459,Received an expired out of sequence packet ,9899,9942
30.1511,Received an expired out of sequence packet ,9900,9942
30.1511,Received an expired out of sequence packet ,9901,9942
30.1511,Received an expired out of sequence packet ,9902,9942
30.1533,Received an expired out of sequence packet ,9903,9942
30.1533,Received an expired out of sequence packet ,9904,9942
30.1533,Received an expired out of sequence packet ,9905,9942
30.1533,Received an expired out of sequence packet ,9906,9942
30.1608,Received an expired out of sequence packet ,9907,9942
30.1619,Received an expired out of sequence packet ,9908,9942
30.1619,Received an expired out of sequence packet ,9909,9942
30.1619,Received an expired out of sequence packet ,9910,9942
30.1629,Received an expired out of sequence packet ,9911,9942
30.163,Received an expired out of sequence packet ,9912,9942
30.1662,Received an expired out of sequence packet ,9913,9942
30.1663,Received an expired out of sequence packet ,9914,9942
30.1663,Received an expired out of sequence packet ,9915,9942
30.1726,Received an expired out of sequence packet ,9916,9942
30.1726,Received an expired out of sequence packet ,9917,9942
30.1726,Received an expired out of sequence packet ,9918,9942
30.1747,Received an expired out of sequence packet ,9919,9942
30.1748,Received an expired out of sequence packet ,9920,9942
30.1748,Received an expired out of sequence packet ,9921,9942
30.1748,Received an expired out of sequence packet ,9922,9942
30.1748,Received an expired out of sequence packet ,9923,9942
30.1758,Received an expired out of sequence packet ,9924,9942
30.1758,Received an expired out of sequence packet ,9925,9942
30.1759,Received an expired out of sequence packet ,9926,9942
30.1759,Received an expired out of sequence packet ,9927,9942
30.1769,Received an expired out of sequence packet ,9928,9942
30.1769,Received an expired out of sequence packet ,9929,9942
30.184,Received an expired out of sequence packet ,9930,9942
30.184,Received an expired out of sequence packet ,9931,9942
30.184,Received an expired out of sequence packet ,9932,9942
30.184,Received an expired out of sequence packet ,9933,9942
30.184,Received an expired out of sequence packet ,9934,9942
30.1841,Received an expired out of sequence packet ,9935,9942
30.1841,Received an expired out of sequence packet ,9936,9942
30.1841,Received an expired out of sequence packet ,9937,9942
30.188,Received an expired out of sequence packet ,9938,9942
30.1881,Received an expired out of sequence packet ,9939,9942
30.1881,Received an expired out of sequence packet ,9940,9942
30.1881,Received an expired out of sequence packet ,9941,9942
146.712,Timeout
146.712,clearing sending list because of timeout
146.937,Timeout
146.937,clearing sending list because of timeout
147.161,Timeout
147.161,clearing sending list because of timeout
147.385,Timeout
147.385,clearing sending list because of timeout
147.609,Timeout
147.609,clearing sending list because of timeout
147.757,Received an expired out of sequence packet ,82370,82431
147.759,Received an expired out of sequence packet ,82371,82431
147.759,Received an expired out of sequence packet ,82372,82431
147.764,Received an expired out of sequence packet ,82373,82431
147.764,Received an expired out of sequence packet ,82374,82431
147.764,Received an expired out of sequence packet ,82375,82431
147.764,Received an expired out of sequence packet ,82376,82431
147.764,Received an expired out of sequence packet ,82377,82431
147.766,Received an expired out of sequence packet ,82378,82431
147.766,Received an expired out of sequence packet ,82379,82431
147.766,Received an expired out of sequence packet ,82380,82431
147.766,Received an expired out of sequence packet ,82381,82431
147.775,Received an expired out of sequence packet ,82382,82431
147.775,Received an expired out of sequence packet ,82383,82431
147.775,Received an expired out of sequence packet ,82384,82431
147.775,Received an expired out of sequence packet ,82385,82431
147.783,Received an expired out of sequence packet ,82386,82431
147.787,Received an expired out of sequence packet ,82387,82431
147.787,Received an expired out of sequence packet ,82388,82431
147.787,Received an expired out of sequence packet ,82389,82431
147.789,Received an expired out of sequence packet ,82390,82431
147.789,Received an expired out of sequence packet ,82391,82431
147.789,Received an expired out of sequence packet ,82392,82431
147.789,Received an expired out of sequence packet ,82393,82431
147.789,Received an expired out of sequence packet ,82394,82431
147.789,Received an expired out of sequence packet ,82395,82431
147.789,Received an expired out of sequence packet ,82396,82431
147.856,Received an expired out of sequence packet ,82397,82431
147.856,Received an expired out of sequence packet ,82398,82431
147.856,Received an expired out of sequence packet ,82399,82431
147.86,Received an expired out of sequence packet ,82400,82431
147.864,Received an expired out of sequence packet ,82401,82431
147.866,Received an expired out of sequence packet ,82402,82431
147.866,Received an expired out of sequence packet ,82403,82431
147.875,Received an expired out of sequence packet ,82404,82431
147.877,Received an expired out of sequence packet ,82405,82431
147.877,Received an expired out of sequence packet ,82406,82431
147.878,Received an expired out of sequence packet ,82407,82431
147.878,Received an expired out of sequence packet ,82408,82431
147.878,Received an expired out of sequence packet ,82409,82431
147.88,Received an expired out of sequence packet ,82410,82431
147.88,Received an expired out of sequence packet ,82411,82431
147.882,Received an expired out of sequence packet ,82412,82431
147.882,Received an expired out of sequence packet ,82413,82431
147.882,Received an expired out of sequence packet ,82414,82431
147.889,Received an expired out of sequence packet ,82415,82431
147.892,Received an expired out of sequence packet ,82416,82431
147.892,Received an expired out of sequence packet ,82417,82431
147.904,Received an expired out of sequence packet ,82418,82431
147.904,Received an expired out of sequence packet ,82419,82431
147.904,Received an expired out of sequence packet ,82420,82431
147.904,Received an expired out of sequence packet ,82421,82431
147.908,Received an expired out of sequence packet ,82422,82431
147.912,Received an expired out of sequence packet ,82423,82431
147.912,Received an expired out of sequence packet ,82424,82431
147.913,Received an expired out of sequence packet ,82425,82431
147.913,Received an expired out of sequence packet ,82426,82431
147.92,Received an expired out of sequence packet ,82427,82431
147.92,Received an expired out of sequence packet ,82428,82431
147.92,Received an expired out of sequence packet ,82429,82431
147.922,Received an expired out of sequence packet ,82430,82431
263.818,Timeout
263.818,clearing sending list because of timeout
263.831,Received an expired out of sequence packet ,158512,158758
264.818,Received an expired out of sequence packet ,158513,158758
264.88,Received an expired out of sequence packet ,158514,158758
264.886,Received an expired out of sequence packet ,158515,158758
264.886,Received an expired out of sequence packet ,158516,158758
264.886,Received an expired out of sequence packet ,158517,158758
264.886,Received an expired out of sequence packet ,158518,158758
264.886,Received an expired out of sequence packet ,158519,158758
264.886,Received an expired out of sequence packet ,158520,158758
264.886,Received an expired out of sequence packet ,158521,158758
264.886,Received an expired out of sequence packet ,158522,158758
264.886,Received an expired out of sequence packet ,158523,158758
264.886,Received an expired out of sequence packet ,158524,158758
264.91,Received an expired out of sequence packet ,158525,158758
264.91,Received an expired out of sequence packet ,158526,158758
264.91,Received an expired out of sequence packet ,158527,158758
264.91,Received an expired out of sequence packet ,158528,158758
264.91,Received an expired out of sequence packet ,158529,158758
264.91,Received an expired out of sequence packet ,158530,158758
264.91,Received an expired out of sequence packet ,158531,158758
264.91,Received an expired out of sequence packet ,158532,158758
264.91,Received an expired out of sequence packet ,158533,158758
264.911,Received an expired out of sequence packet ,158534,158758
264.911,Received an expired out of sequence packet ,158535,158758
264.911,Received an expired out of sequence packet ,158536,158758
264.911,Received an expired out of sequence packet ,158537,158758
264.912,Received an expired out of sequence packet ,158538,158758
264.912,Received an expired out of sequence packet ,158539,158758
264.913,Received an expired out of sequence packet ,158540,158758
264.913,Received an expired out of sequence packet ,158541,158758
264.913,Received an expired out of sequence packet ,158542,158758
264.913,Received an expired out of sequence packet ,158543,158758
264.913,Received an expired out of sequence packet ,158544,158758
264.913,Received an expired out of sequence packet ,158545,158758
264.913,Received an expired out of sequence packet ,158546,158758
264.913,Received an expired out of sequence packet ,158547,158758
264.913,Received an expired out of sequence packet ,158548,158758
264.913,Received an expired out of sequence packet ,158549,158758
264.913,Received an expired out of sequence packet ,158550,158758
264.913,Received an expired out of sequence packet ,158551,158758
264.913,Received an expired out of sequence packet ,158552,158758
264.927,Received an expired out of sequence packet ,158553,158758
264.927,Received an expired out of sequence packet ,158554,158758
264.927,Received an expired out of sequence packet ,158555,158758
264.927,Received an expired out of sequence packet ,158556,158758
264.927,Received an expired out of sequence packet ,158557,158758
264.927,Received an expired out of sequence packet ,158558,158758
264.93,Received an expired out of sequence packet ,158559,158758
264.93,Received an expired out of sequence packet ,158560,158758
264.93,Received an expired out of sequence packet ,158561,158758
264.93,Received an expired out of sequence packet ,158562,158758
264.93,Received an expired out of sequence packet ,158563,158758
264.93,Received an expired out of sequence packet ,158564,158758
264.93,Received an expired out of sequence packet ,158565,158758
264.93,Received an expired out of sequence packet ,158566,158758
264.93,Received an expired out of sequence packet ,158567,158758
264.93,Received an expired out of sequence packet ,158568,158758
264.944,Received an expired out of sequence packet ,158569,158758
264.944,Received an expired out of sequence packet ,158570,158758
264.944,Received an expired out of sequence packet ,158571,158758
264.944,Received an expired out of sequence packet ,158572,158758
264.944,Received an expired out of sequence packet ,158573,158758
264.944,Received an expired out of sequence packet ,158574,158758
264.944,Received an expired out of sequence packet ,158575,158758
264.944,Received an expired out of sequence packet ,158576,158758
264.944,Received an expired out of sequence packet ,158577,158758
264.944,Received an expired out of sequence packet ,158578,158758
264.944,Received an expired out of sequence packet ,158579,158758
264.944,Received an expired out of sequence packet ,158580,158758
264.944,Received an expired out of sequence packet ,158581,158758
264.945,Received an expired out of sequence packet ,158582,158758
264.945,Received an expired out of sequence packet ,158583,158758
264.945,Received an expired out of sequence packet ,158584,158758
264.945,Received an expired out of sequence packet ,158585,158758
264.945,Received an expired out of sequence packet ,158586,158758
264.945,Received an expired out of sequence packet ,158587,158758
264.945,Received an expired out of sequence packet ,158588,158758
264.955,Received an expired out of sequence packet ,158589,158758
264.955,Received an expired out of sequence packet ,158590,158758
264.955,Received an expired out of sequence packet ,158591,158758
264.955,Received an expired out of sequence packet ,158592,158758
264.955,Received an expired out of sequence packet ,158593,158758
264.955,Received an expired out of sequence packet ,158594,158758
264.955,Received an expired out of sequence packet ,158595,158758
264.955,Received an expired out of sequence packet ,158596,158758
264.955,Received an expired out of sequence packet ,158597,158758
264.955,Received an expired out of sequence packet ,158598,158758
264.955,Received an expired out of sequence packet ,158599,158758
264.955,Received an expired out of sequence packet ,158600,158758
264.958,Received an expired out of sequence packet ,158601,158758
264.958,Received an expired out of sequence packet ,158602,158758
264.958,Received an expired out of sequence packet ,158603,158758
264.958,Received an expired out of sequence packet ,158604,158758
264.958,Received an expired out of sequence packet ,158605,158758
264.958,Received an expired out of sequence packet ,158606,158758
264.958,Received an expired out of sequence packet ,158607,158758
264.96,Received an expired out of sequence packet ,158608,158758
264.96,Received an expired out of sequence packet ,158609,158758
265.045,Received an expired out of sequence packet ,158610,158758
265.045,Received an expired out of sequence packet ,158611,158758
265.045,Received an expired out of sequence packet ,158612,158758
265.045,Received an expired out of sequence packet ,158613,158758
265.045,Received an expired out of sequence packet ,158614,158758
265.045,Received an expired out of sequence packet ,158615,158758
265.045,Received an expired out of sequence packet ,158616,158758
265.045,Received an expired out of sequence packet ,158617,158758
265.046,Received an expired out of sequence packet ,158618,158758
265.046,Received an expired out of sequence packet ,158619,158758
265.046,Received an expired out of sequence packet ,158620,158758
265.082,Received an expired out of sequence packet ,158621,158758
265.082,Received an expired out of sequence packet ,158622,158758
265.082,Received an expired out of sequence packet ,158623,158758
265.083,Received an expired out of sequence packet ,158624,158758
265.083,Received an expired out of sequence packet ,158625,158758
265.083,Received an expired out of sequence packet ,158626,158758
265.083,Received an expired out of sequence packet ,158627,158758
265.083,Received an expired out of sequence packet ,158628,158758
265.083,Received an expired out of sequence packet ,158629,158758
265.083,Received an expired out of sequence packet ,158630,158758
265.083,Received an expired out of sequence packet ,158631,158758
265.083,Received an expired out of sequence packet ,158632,158758
265.083,Received an expired out of sequence packet ,158633,158758
265.083,Received an expired out of sequence packet ,158634,158758
265.083,Received an expired out of sequence packet ,158635,158758
265.083,Received an expired out of sequence packet ,158636,158758
265.083,Received an expired out of sequence packet ,158637,158758
265.091,Received an expired out of sequence packet ,158638,158758
265.091,Received an expired out of sequence packet ,158639,158758
265.091,Received an expired out of sequence packet ,158640,158758
265.095,Received an expired out of sequence packet ,158641,158758
265.095,Received an expired out of sequence packet ,158642,158758
265.095,Received an expired out of sequence packet ,158643,158758
265.095,Received an expired out of sequence packet ,158644,158758
265.096,Received an expired out of sequence packet ,158645,158758
265.096,Received an expired out of sequence packet ,158646,158758
265.096,Received an expired out of sequence packet 