1.28463,Exit slow start,exceeding SS_EXIT_THRESHOLD
10.4641,Missing packet expired,5443
87.8073,Timeout
87.8073,clearing sending list because of timeout
87.8732,Received an expired out of sequence packet ,59376,59410
87.8743,Received an expired out of sequence packet ,59377,59410
87.8773,Received an expired out of sequence packet ,59378,59410
87.8804,Received an expired out of sequence packet ,59379,59410
87.9074,Received an expired out of sequence packet ,59380,59410
87.9116,Received an expired out of sequence packet ,59381,59410
87.9148,Received an expired out of sequence packet ,59382,59410
87.9169,Received an expired out of sequence packet ,59383,59410
87.9189,Received an expired out of sequence packet ,59384,59410
87.9211,Received an expired out of sequence packet ,59385,59410
87.9232,Received an expired out of sequence packet ,59386,59410
87.9263,Received an expired out of sequence packet ,59387,59410
87.9285,Received an expired out of sequence packet ,59388,59410
87.9299,Received an expired out of sequence packet ,59389,59410
87.9321,Received an expired out of sequence packet ,59390,59410
87.9485,Received an expired out of sequence packet ,59391,59410
87.9507,Received an expired out of sequence packet ,59392,59410
87.9519,Received an expired out of sequence packet ,59393,59410
87.9572,Received an expired out of sequence packet ,59394,59410
87.9643,Received an expired out of sequence packet ,59395,59410
87.9694,Received an expired out of sequence packet ,59396,59410
87.9706,Received an expired out of sequence packet ,59397,59410
87.9717,Received an expired out of sequence packet ,59398,59410
87.9748,Received an expired out of sequence packet ,59399,59410
88.1228,Received an expired out of sequence packet ,59400,59410
88.1228,Received an expired out of sequence packet ,59401,59410
88.1309,Received an expired out of sequence packet ,59402,59410
88.1361,Received an expired out of sequence packet ,59403,59410
88.1361,Received an expired out of sequence packet ,59404,59410
88.1502,Received an expired out of sequence packet ,59405,59410
88.1816,Received an expired out of sequence packet ,59406,59410
88.1816,Received an expired out of sequence packet ,59407,59410
88.1816,Received an expired out of sequence packet ,59408,59410
88.1847,Received an expired out of sequence packet ,59409,59410
88.4624,Timeout
88.4624,clearing sending list because of timeout
88.6031,Received an expired out of sequence packet ,59416,59425
88.6042,Received an expired out of sequence packet ,59417,59425
88.6063,Received an expired out of sequence packet ,59418,59425
88.6092,Received an expired out of sequence packet ,59419,59425
88.6123,Received an expired out of sequence packet ,59420,59425
88.6123,Received an expired out of sequence packet ,59421,59425
88.6144,Received an expired out of sequence packet ,59422,59425
88.6166,Received an expired out of sequence packet ,59423,59425
88.6177,Received an expired out of sequence packet ,59424,59425
156.002,Timeout
156.002,clearing sending list because of timeout
156.278,Timeout
156.278,clearing sending list because of timeout
156.412,Received an expired out of sequence packet ,104099,104102
156.518,Received an expired out of sequence packet ,104100,104102
156.519,Received an expired out of sequence packet ,104101,104102
196.409,Timeout
196.409,clearing sending list because of timeout
196.41,Received an expired out of sequence packet ,126676,126713
197.41,Timeout
197.41,clearing sending list because of timeout
197.421,Received an expired out of sequence packet ,126677,126715
197.715,Received an expired out of sequence packet ,126678,126715
197.729,Received an expired out of sequence packet ,126679,126715
197.731,Received an expired out of sequence packet ,126680,126715
197.741,Received an expired out of sequence packet ,126681,126715
197.744,Received an expired out of sequence packet ,126682,126715
197.759,Received an expired out of sequence packet ,126683,126715
197.759,Received an expired out of sequence packet ,126684,126715
197.765,Received an expired out of sequence packet ,126685,126715
197.767,Received an expired out of sequence packet ,126686,126715
197.785,Received an expired out of sequence packet ,126687,126715
197.787,Received an expired out of sequence packet ,126688,126715
197.789,Received an expired out of sequence packet ,126689,126715
197.794,Received an expired out of sequence packet ,126690,126715
197.806,Received an expired out of sequence packet ,126691,126715
197.808,Received an expired out of sequence packet ,126692,126715
197.81,Received an expired out of sequence packet ,126693,126715
197.818,Received an expired out of sequence packet ,126694,126715
197.823,Received an expired out of sequence packet ,126695,126715
197.823,Received an expired out of sequence packet ,126696,126715
197.827,Received an expired out of sequence packet ,126697,126715
197.835,Received an expired out of sequence packet ,126698,126715
197.837,Received an expired out of sequence packet ,126699,126715
197.846,Received an expired out of sequence packet ,126700,126715
197.855,Received an expired out of sequence packet ,126701,126715
197.857,Received an expired out of sequence packet ,126702,126715
197.865,Received an expired out of sequence packet ,126703,126715
197.878,Received an expired out of sequence packet ,126704,126715
197.88,Received an expired out of sequence packet ,126705,126715
197.88,Received an expired out of sequence packet ,126706,126715
197.88,Received an expired out of sequence packet ,126707,126715
197.886,Received an expired out of sequence packet ,126708,126715
197.891,Received an expired out of sequence packet ,126709,126715
197.895,Received an expired out of sequence packet ,126710,126715
197.896,Received an expired out of sequence packet ,126711,126715
197.9,Received an expired out of sequence packet ,126712,126715
197.901,Received an expired out of sequence packet ,126713,126715
197.903,Received an expired out of sequence packet ,126714,126715
260.668,Timeout
260.668,clearing sending list because of timeout
260.673,Received an expired out of sequence packet ,154289,154519
260.673,Received an expired out of sequence packet ,154290,154519
260.673,Received an expired out of sequence packet ,154291,154519
260.673,Received an expired out of sequence packet ,154292,154519
260.673,Received an expired out of sequence packet ,154293,154519
260.673,Received an expired out of sequence packet ,154294,154519
260.733,Received an expired out of sequence packet ,154295,154519
260.735,Received an expired out of sequence packet ,154296,154519
260.735,Received an expired out of sequence packet ,154297,154519
260.735,Received an expired out of sequence packet ,154298,154519
260.735,Received an expired out of sequence packet ,154299,154519
260.735,Received an expired out of sequence packet ,154300,154519
260.735,Received an expired out of sequence packet ,154301,154519
260.735,Received an expired out of sequence packet ,154302,154519
260.735,Received an expired out of sequence packet ,154303,154519
260.769,Received an expired out of sequence packet ,154304,154519
260.769,Received an expired out of sequence packet ,154305,154519
260.769,Received an expired out of sequence packet ,154306,154519
260.769,Received an expired out of sequence packet ,154307,154519
260.769,Received an expired out of sequence packet ,154308,154519
260.769,Received an expired out of sequence packet ,154309,154519
260.769,Received an expired out of sequence packet ,154310,154519
260.769,Received an expired out of sequence packet ,154311,154519
260.769,Received an expired out of sequence packet ,154312,154519
260.769,Received an expired out of sequence packet ,154313,154519
260.769,Received an expired out of sequence packet ,154314,154519
260.769,Received an expired out of sequence packet ,154315,154519
260.769,Received an expired out of sequence packet ,154316,154519
260.769,Received an expired out of sequence packet ,154317,154519
260.778,Received an expired out of sequence packet ,154318,154519
260.778,Received an expired out of sequence packet ,154319,154519
260.782,Received an expired out of sequence packet ,154320,154519
260.782,Received an expired out of sequence packet ,154321,154519
260.782,Received an expired out of sequence packet ,154322,154519
260.782,Received an expired out of sequence packet ,154323,154519
260.782,Received an expired out of sequence packet ,154324,154519
260.782,Received an expired out of sequence packet ,154325,154519
260.784,Received an expired out of sequence packet ,154326,154519
260.784,Received an expired out of sequence packet ,154327,154519
260.784,Received an expired out of sequence packet ,154328,154519
260.784,Received an expired out of sequence packet ,154329,154519
260.784,Received an expired out of sequence packet ,154330,154519
260.784,Received an expired out of sequence packet ,154331,154519
260.784,Received an expired out of sequence packet ,154332,154519
260.784,Received an expired out of sequence packet ,154333,154519
260.784,Received an expired out of sequence packet ,154334,154519
260.784,Received an expired out of sequence packet ,154335,154519
260.784,Received an expired out of sequence packet ,154336,154519
260.784,Received an expired out of sequence packet ,154337,154519
260.784,Received an expired out of sequence packet ,154338,154519
260.784,Received an expired out of sequence packet ,154339,154519
260.784,Received an expired out of sequence packet ,154340,154519
260.784,Received an expired out of sequence packet ,154341,154519
260.785,Received an expired out of sequence packet ,154342,154519
260.785,Received an expired out of sequence packet ,154343,154519
260.785,Received an expired out of sequence packet ,154344,154519
260.786,Received an expired out of sequence packet ,154345,154519
260.786,Received an expired out of sequence packet ,154346,154519
260.786,Received an expired out of sequence packet ,154347,154519
260.786,Received an expired out of sequence packet ,154348,154519
260.786,Received an expired out of sequence packet ,154349,154519
260.786,Received an expired out of sequence packet ,154350,154519
260.786,Received an expired out of sequence packet ,154351,154519
260.786,Received an expired out of sequence packet ,154352,154519
260.807,Received an expired out of sequence packet ,154353,154519
260.807,Received an expired out of sequence packet ,154354,154519
260.807,Received an expired out of sequence packet ,154355,154519
260.807,Received an expired out of sequence packet ,154356,154519
260.807,Received an expired out of sequence packet ,154357,154519
260.807,Received an expired out of sequence packet ,154358,154519
260.807,Received an expired out of sequence packet ,154359,154519
260.807,Received an expired out of sequence packet ,154360,154519
260.807,Received an expired out of sequence packet ,154361,154519
260.807,Received an expired out of sequence packet ,154362,154519
260.828,Received an expired out of sequence packet ,154363,154519
260.828,Received an expired out of sequence packet ,154364,154519
260.828,Received an expired out of sequence packet ,154365,154519
260.828,Received an expired out of sequence packet ,154366,154519
260.837,Received an expired out of sequence packet ,154367,154519
260.837,Received an expired out of sequence packet ,154368,154519
260.837,Received an expired out of sequence packet ,154369,154519
260.837,Received an expired out of sequence packet ,154370,154519
260.841,Received an expired out of sequence packet ,154371,154519
260.841,Received an expired out of sequence packet ,154372,154519
260.841,Received an expired out of sequence packet ,154373,154519
260.841,Received an expired out of sequence packet ,154374,154519
260.845,Received an expired out of sequence packet ,154375,154519
260.845,Received an expired out of sequence packet ,154376,154519
260.845,Received an expired out of sequence packet ,154377,154519
260.845,Received an expired out of sequence packet ,154378,154519
260.845,Received an expired out of sequence packet ,154379,154519
260.845,Received an expired out of sequence packet ,154380,154519
260.845,Received an expired out of sequence packet ,154381,154519
260.845,Received an expired out of sequence packet ,154382,154519
260.845,Received an expired out of sequence packet ,154383,154519
260.845,Received an expired out of sequence packet ,154384,154519
260.845,Received an expired out of sequence packet ,154385,154519
260.845,Received an expired out of sequence packet ,154386,154519
260.845,Received an expired out of sequence packet ,154387,154519
260.845,Received an expired out of sequence packet ,154388,154519
260.845,Received an expired out of sequence packet ,154389,154519
260.845,Received an expired out of sequence packet ,154390,154519
260.861,Received an expired out of sequence packet ,154391,154519
260.861,Received an expired out of sequence packet ,154392,154519
260.861,Received an expired out of sequence packet ,154393,154519
260.861,Received an expired out of sequence packet ,154394,154519
260.861,Received an expired out of sequence packet ,154395,154519
260.862,Received an expired out of sequence packet ,154396,154519
260.862,Received an expired out of sequence packet ,154397,154519
260.862,Received an expired out of sequence packet ,154398,154519
260.862,Received an expired out of sequence packet ,154399,154519
260.862,Received an expired out of sequence packet ,154400,154519
260.862,Received an expired out of sequence packet ,154401,154519
260.862,Received an expired out of sequence packet ,154402,154519
260.862,Received an expired out of sequence packet ,154403,154519
260.862,Received an expired out of sequence packet ,154404,154519
260.87,Received an expired out of sequence packet ,154405,154519
260.87,Received an expired out of sequence packet ,154406,154519
260.87,Received an expired out of sequence packet ,154407,154519
260.87,Received an expired out of sequence packet ,154408,154519
260.872,Received an expired out of sequence packet ,154409,154519
260.872,Received an expired out of sequence packet ,154410,154519
260.872,Received an expired out of sequence packet ,154411,154519
260.872,Received an expired out of sequence packet ,154412,154519
260.872,Received an expired out of sequence packet ,154413,154519
260.882,Received an expired out of sequence packet ,154414,154519
260.882,Received an expired out of sequence packet ,154415,154519
260.882,Received an expired out of sequence packet ,154416,154519
260.882,Received an expired out of sequence packet ,154417,154519
260.882,Received an expired out of sequence packet ,154418,154519
260.883,Received an expired out of sequence packet ,154419,154519
260.883,Received an expired out of sequence packet ,154420,154519
260.883,Received an expired out of sequence packet ,154421,154519
260.883,Received an expired out of sequence packet ,154422,154519
260.883,Received an expired out of sequence packet ,154423,154519
260.883,Received an expired out of sequence packet ,154424,154519
260.883,Received an expired out of sequence packet ,154425,154519
260.883,Received an expired out of sequence packet ,154426,154519
260.883,Received an expired out of sequence packet ,154427,154519
260.883,Received an expired out of sequence packet ,154428,154519
260.883,Received an expired out of sequence packet ,154429,154519
260.883,Received an expired out of sequence packet ,154430,154519
260.883,Received an expired out of sequence packet ,154431,154519
260.883,Received an expired out of sequence packet ,154432,154519
260.883,Received an expired out of sequence packet ,154433,154519
260.883,Received an expired out of sequence packet ,154434,154519
260.883,Received an expired out of sequence packet ,154435,154519
260.883,Received an expired out of sequence packet ,154436,154519
260.884,Received an expired out of sequence packet ,154437,154519
260.895,Received an expired out of sequence packet ,154438,154519
260.895,Received an expired out of sequence packet ,154439,154519
260.895,Received an expired out of sequence packet ,154440,154519
260.895,Received an expired out of sequence packet ,154441,154519
260.895,Received an expired out of sequence packet ,154442,154519
260.895,Received an expired out of sequence packet ,154443,154519
260.895,Received an expired out of sequence packet ,154444,154519
260.895,Received an expired out of sequence packet ,154445,154519