1.23398,Exit slow start,exceeding SS_EXIT_THRESHOLD
58.3103,Restart,can't map delay on delay curve
59.6278,Exit slow start,exceeding SS_EXIT_THRESHOLD
166.487,Timeout
166.487,clearing sending list because of timeout
166.493,Received an expired out of sequence packet ,69771,69795
166.493,Received an expired out of sequence packet ,69772,69795
166.496,Received an expired out of sequence packet ,69773,69795
166.496,Received an expired out of sequence packet ,69774,69795
166.496,Received an expired out of sequence packet ,69775,69795
166.496,Received an expired out of sequence packet ,69776,69795
166.496,Received an expired out of sequence packet ,69777,69795
166.513,Received an expired out of sequence packet ,69778,69795
166.513,Received an expired out of sequence packet ,69779,69795
166.513,Received an expired out of sequence packet ,69780,69795
166.513,Received an expired out of sequence packet ,69781,69795
166.513,Received an expired out of sequence packet ,69782,69795
166.513,Received an expired out of sequence packet ,69783,69795
166.513,Received an expired out of sequence packet ,69784,69795
166.513,Received an expired out of sequence packet ,69785,69795
166.513,Received an expired out of sequence packet ,69786,69795
166.513,Received an expired out of sequence packet ,69787,69795
166.513,Received an expired out of sequence packet ,69788,69795
166.513,Received an expired out of sequence packet ,69789,69795
166.513,Received an expired out of sequence packet ,69790,69795
166.513,Received an expired out of sequence packet ,69791,69795
166.513,Received an expired out of sequence packet ,69792,69795
166.513,Received an expired out of sequence packet ,69793,69795
166.517,Received an expired out of sequence packet ,69794,69795
168.15,Timeout
168.15,clearing sending list because of timeout
168.161,Received an expired out of sequence packet ,70116,70235
168.161,Received an expired out of sequence packet ,70117,70235
168.164,Received an expired out of sequence packet ,70118,70235
168.164,Received an expired out of sequence packet ,70119,70235
168.164,Received an expired out of sequence packet ,70120,70235
168.164,Received an expired out of sequence packet ,70121,70235
168.167,Received an expired out of sequence packet ,70122,70235
168.167,Received an expired out of sequence packet ,70123,70235
168.17,Received an expired out of sequence packet ,70124,70235
168.17,Received an expired out of sequence packet ,70125,70235
168.17,Received an expired out of sequence packet ,70126,70235
168.17,Received an expired out of sequence packet ,70127,70235
168.17,Received an expired out of sequence packet ,70128,70235
168.17,Received an expired out of sequence packet ,70129,70235
168.17,Received an expired out of sequence packet ,70130,70235
168.193,Received an expired out of sequence packet ,70131,70235
168.193,Received an expired out of sequence packet ,70132,70235
168.193,Received an expired out of sequence packet ,70133,70235
168.193,Received an expired out of sequence packet ,70134,70235
168.193,Received an expired out of sequence packet ,70135,70235
168.193,Received an expired out of sequence packet ,70136,70235
168.193,Received an expired out of sequence packet ,70137,70235
168.193,Received an expired out of sequence packet ,70138,70235
168.193,Received an expired out of sequence packet ,70139,70235
168.193,Received an expired out of sequence packet ,70140,70235
168.193,Received an expired out of sequence packet ,70141,70235
168.193,Received an expired out of sequence packet ,70142,70235
168.208,Received an expired out of sequence packet ,70143,70235
168.208,Received an expired out of sequence packet ,70144,70235
168.211,Received an expired out of sequence packet ,70145,70235
168.211,Received an expired out of sequence packet ,70146,70235
168.211,Received an expired out of sequence packet ,70147,70235
168.211,Received an expired out of sequence packet ,70148,70235
168.218,Received an expired out of sequence packet ,70149,70235
168.219,Received an expired out of sequence packet ,70150,70235
168.219,Received an expired out of sequence packet ,70151,70235
168.219,Received an expired out of sequence packet ,70152,70235
168.219,Received an expired out of sequence packet ,70153,70235
168.225,Received an expired out of sequence packet ,70154,70235
168.225,Received an expired out of sequence packet ,70155,70235
168.225,Received an expired out of sequence packet ,70156,70235
168.225,Received an expired out of sequence packet ,70157,70235
168.225,Received an expired out of sequence packet ,70158,70235
168.225,Received an expired out of sequence packet ,70159,70235
168.225,Received an expired out of sequence packet ,70160,70235
168.225,Received an expired out of sequence packet ,70161,70235
168.225,Received an expired out of sequence packet ,70162,70235
168.225,Received an expired out of sequence packet ,70163,70235
168.225,Received an expired out of sequence packet ,70164,70235
168.225,Received an expired out of sequence packet ,70165,70235
168.225,Received an expired out of sequence packet ,70166,70235
168.225,Received an expired out of sequence packet ,70167,70235
168.225,Received an expired out of sequence packet ,70168,70235
168.225,Received an expired out of sequence packet ,70169,70235
168.225,Received an expired out of sequence packet ,70170,70235
168.225,Received an expired out of sequence packet ,70171,70235
168.225,Received an expired out of sequence packet ,70172,70235
168.225,Received an expired out of sequence packet ,70173,70235
168.225,Received an expired out of sequence packet ,70174,70235
168.225,Received an expired out of sequence packet ,70175,70235
168.225,Received an expired out of sequence packet ,70176,70235
168.225,Received an expired out of sequence packet ,70177,70235
168.225,Received an expired out of sequence packet ,70178,70235
168.225,Received an expired out of sequence packet ,70179,70235
168.225,Received an expired out of sequence packet ,70180,70235
168.228,Received an expired out of sequence packet ,70181,70235
168.228,Received an expired out of sequence packet ,70182,70235
168.228,Received an expired out of sequence packet ,70183,70235
168.228,Received an expired out of sequence packet ,70184,70235
168.228,Received an expired out of sequence packet ,70185,70235
168.231,Received an expired out of sequence packet ,70186,70235
168.231,Received an expired out of sequence packet ,70187,70235
168.231,Received an expired out of sequence packet ,70188,70235
168.231,Received an expired out of sequence packet ,70189,70235
168.231,Received an expired out of sequence packet ,70190,70235
168.231,Received an expired out of sequence packet ,70191,70235
168.231,Received an expired out of sequence packet ,70192,70235
168.231,Received an expired out of sequence packet ,70193,70235
168.231,Received an expired out of sequence packet ,70194,70235
168.233,Received an expired out of sequence packet ,70195,70235
168.233,Received an expired out of sequence packet ,70196,70235
168.235,Received an expired out of sequence packet ,70197,70235
168.235,Received an expired out of sequence packet ,70198,70235
168.235,Received an expired out of sequence packet ,70199,70235
168.235,Received an expired out of sequence packet ,70200,70235
168.235,Received an expired out of sequence packet ,70201,70235
168.235,Received an expired out of sequence packet ,70202,70235
168.235,Received an expired out of sequence packet ,70203,70235
168.235,Received an expired out of sequence packet ,70204,70235
168.449,Received an expired out of sequence packet ,70205,70235
168.449,Received an expired out of sequence packet ,70206,70235
168.449,Received an expired out of sequence packet ,70207,70235
168.449,Received an expired out of sequence packet ,70208,70235
168.475,Received an expired out of sequence packet ,70209,70235
168.475,Received an expired out of sequence packet ,70210,70235
168.479,Received an expired out of sequence packet ,70211,70235
168.482,Received an expired out of sequence packet ,70212,70235
168.482,Received an expired out of sequence packet ,70213,70235
168.482,Received an expired out of sequence packet ,70214,70235
168.487,Received an expired out of sequence packet 