1.2314,Exit slow start,exceeding SS_EXIT_THRESHOLD
20.2571,Restart,can't map delay on delay curve
21.6714,Exit slow start,exceeding SS_EXIT_THRESHOLD
40.7383,Timeout
40.7383,clearing sending list because of timeout
40.8012,Received an expired out of sequence packet ,13204,13237
40.8012,Received an expired out of sequence packet ,13205,13237
40.8041,Received an expired out of sequence packet ,13206,13237
40.8041,Received an expired out of sequence packet ,13207,13237
40.8042,Received an expired out of sequence packet ,13208,13237
40.8042,Received an expired out of sequence packet ,13209,13237
40.8042,Received an expired out of sequence packet ,13210,13237
40.8061,Received an expired out of sequence packet ,13211,13237
40.8061,Received an expired out of sequence packet ,13212,13237
40.8062,Received an expired out of sequence packet ,13213,13237
40.8062,Received an expired out of sequence packet ,13214,13237
40.8227,Received an expired out of sequence packet ,13215,13237
40.8271,Received an expired out of sequence packet ,13216,13237
40.8322,Received an expired out of sequence packet ,13217,13237
40.8363,Received an expired out of sequence packet ,13218,13237
40.8383,Received an expired out of sequence packet ,13219,13237
40.8384,Received an expired out of sequence packet ,13220,13237
40.8384,Received an expired out of sequence packet ,13221,13237
40.8435,Received an expired out of sequence packet ,13222,13237
40.8435,Received an expired out of sequence packet ,13223,13237
40.8435,Received an expired out of sequence packet ,13224,13237
40.8435,Received an expired out of sequence packet ,13225,13237
40.8435,Received an expired out of sequence packet ,13226,13237
40.8435,Received an expired out of sequence packet ,13227,13237
40.8436,Received an expired out of sequence packet ,13228,13237
40.8477,Received an expired out of sequence packet ,13229,13237
40.8477,Received an expired out of sequence packet ,13230,13237
40.8477,Received an expired out of sequence packet ,13231,13237
40.8477,Received an expired out of sequence packet ,13232,13237
40.8618,Received an expired out of sequence packet ,13233,13237
40.8619,Received an expired out of sequence packet ,13234,13237
40.8669,Received an expired out of sequence packet ,13235,13237
40.8669,Received an expired out of sequence packet ,13236,13237
127.375,Timeout
127.375,clearing sending list because of timeout
127.376,Received an expired out of sequence packet ,78570,78885
128.375,Received an expired out of sequence packet ,78571,78885
129.366,Received an expired out of sequence packet ,78572,78885
129.976,Received an expired out of sequence packet ,78573,78885
129.978,Received an expired out of sequence packet ,78574,78885
129.98,Received an expired out of sequence packet ,78575,78885
129.98,Received an expired out of sequence packet ,78576,78885
129.98,Received an expired out of sequence packet ,78577,78885
129.98,Received an expired out of sequence packet ,78578,78885
129.982,Received an expired out of sequence packet ,78579,78885
129.982,Received an expired out of sequence packet ,78580,78885
129.984,Received an expired out of sequence packet ,78581,78885
129.984,Received an expired out of sequence packet ,78582,78885
129.988,Received an expired out of sequence packet ,78583,78885
129.988,Received an expired out of sequence packet ,78584,78885
130,Received an expired out of sequence packet ,78585,78885
130,Received an expired out of sequence packet ,78586,78885
130.004,Received an expired out of sequence packet ,78587,78885
130.004,Received an expired out of sequence packet ,78588,78885
130.005,Received an expired out of sequence packet ,78589,78885
130.005,Received an expired out of sequence packet ,78590,78885
130.005,Received an expired out of sequence packet ,78591,78885
130.005,Received an expired out of sequence packet ,78592,78885
130.005,Received an expired out of sequence packet ,78593,78885
130.005,Received an expired out of sequence packet ,78594,78885
130.005,Received an expired out of sequence packet ,78595,78885
130.005,Received an expired out of sequence packet ,78596,78885
130.009,Received an expired out of sequence packet ,78597,78885
130.009,Received an expired out of sequence packet ,78598,78885
130.009,Received an expired out of sequence packet ,78599,78885
130.009,Received an expired out of sequence packet ,78600,78885
130.009,Received an expired out of sequence packet ,78601,78885
130.011,Received an expired out of sequence packet ,78602,78885
130.011,Received an expired out of sequence packet ,78603,78885
130.011,Received an expired out of sequence packet ,78604,78885
130.061,Received an expired out of sequence packet ,78605,78885
130.061,Received an expired out of sequence packet ,78606,78885
130.064,Received an expired out of sequence packet ,78607,78885
130.064,Received an expired out of sequence packet ,78608,78885
130.064,Received an expired out of sequence packet ,78609,78885
130.064,Received an expired out of sequence packet ,78610,78885
130.067,Received an expired out of sequence packet ,78611,78885
130.067,Received an expired out of sequence packet ,78612,78885
130.067,Received an expired out of sequence packet ,78613,78885
130.067,Received an expired out of sequence packet ,78614,78885
130.072,Received an expired out of sequence packet ,78615,78885
130.072,Received an expired out of sequence packet ,78616,78885
130.074,Received an expired out of sequence packet ,78617,78885
130.074,Received an expired out of sequence packet ,78618,78885
130.076,Received an expired out of sequence packet ,78619,78885
130.076,Received an expired out of sequence packet ,78620,78885
130.076,Received an expired out of sequence packet ,78621,78885
130.076,Received an expired out of sequence packet ,78622,78885
130.077,Received an expired out of sequence packet ,78623,78885
130.079,Received an expired out of sequence packet ,78624,78885
130.079,Received an expired out of sequence packet ,78625,78885
130.081,Received an expired out of sequence packet ,78626,78885
130.081,Received an expired out of sequence packet ,78627,78885
130.087,Received an expired out of sequence packet ,78628,78885
130.087,Received an expired out of sequence packet ,78629,78885
130.087,Received an expired out of sequence packet ,78630,78885
130.089,Received an expired out of sequence packet ,78631,78885
130.089,Received an expired out of sequence packet ,78632,78885
130.089,Received an expired out of sequence packet ,78633,78885
130.089,Received an expired out of sequence packet ,78634,78885
130.091,Received an expired out of sequence packet ,78635,78885
130.091,Received an expired out of sequence packet ,78636,78885
130.091,Received an expired out of sequence packet ,78637,78885
130.094,Received an expired out of sequence packet ,78638,78885
130.094,Received an expired out of sequence packet ,78639,78885
130.094,Received an expired out of sequence packet ,78640,78885
130.098,Received an expired out of sequence packet ,78641,78885
130.098,Received an expired out of sequence packet ,78642,78885
130.101,Received an expired out of sequence packet ,78643,78885
130.101,Received an expired out of sequence packet ,78644,78885
130.102,Received an expired out of sequence packet ,78645,78885
130.102,Received an expired out of sequence packet ,78646,78885
130.103,Received an expired out of sequence packet ,78647,78885
130.104,Received an expired out of sequence packet ,78648,78885
130.107,Received an expired out of sequence packet ,78649,78885
130.107,Received an expired out of sequence packet ,78650,78885
130.107,Received an expired out of sequence packet ,78651,78885
130.107,Received an expired out of sequence packet ,78652,78885
130.109,Received an expired out of sequence packet ,78653,78885
130.109,Received an expired out of sequence packet ,78654,78885
130.111,Received an expired out of sequence packet ,78655,78885
130.111,Received an expired out of sequence packet ,78656,78885
130.113,Received an expired out of sequence packet ,78657,78885
130.113,Received an expired out of sequence packet ,78658,78885
130.113,Received an expired out of sequence packet ,78659,78885
130.117,Received an expired out of sequence packet ,78660,78885
130.117,Received an expired out of sequence packet ,78661,78885
130.117,Received an expired out of sequence packet ,78662,78885
130.117,Received an expired out of sequence packet ,78663,78885
130.12,Received an expired out of sequence packet ,78664,78885
130.122,Received an expired out of sequence packet ,78665,78885
130.122,Received an expired out of sequence packet ,78666,78885
130.124,Received an expired out of sequence packet ,78667,78885
130.124,Received an expired out of sequence packet ,78668,78885
130.13,Received an expired out of sequence packet ,78669,78885
130.13,Received an expired out of sequence packet ,78670,78885
130.13,Received an expired out of sequence packet ,78671,78885
130.13,Received an expired out of sequence packet ,78672,78885
130.131,Received an expired out of sequence packet ,78673,78885
130.131,Received an expired out of sequence packet ,78674,78885
130.133,Received an expired out of sequence packet ,78675,78885
130.133,Received an expired out of sequence packet ,78676,78885
130.133,Received an expired out of sequence packet ,78677,78885
130.133,Received an expired out of sequence packet ,78678,78885
130.133,Received an expired out of sequence packet ,78679,78885
130.135,Received an expired out of sequence packet ,78680,78885
130.137,Received an expired out of sequence packet ,78681,78885
130.137,Received an expired out of sequence packet ,78682,78885
130.139,Received an expired out of sequence packet ,78683,78885
130.139,Received an expired out of sequence packet ,78684,78885
130.141,Received an expired out of sequence packet ,78685,78885
130.141,Received an expired out of sequence packet ,78686,78885
130.145,Received an expired out of sequence packet ,78687,78885
130.145,Received an expired out of sequence packet ,78688,78885
130.201,Received an expired out of sequence packet ,78689,78885
130.201,Received an expired out of sequence packet ,78690,78885
130.201,Received an expired out of sequence packet ,78691,78885
130.201,Received an expired out of sequence packet ,78692,78885
130.212,Received an expired out of sequence packet ,78693,78885
130.212,Received an expired out of sequence packet ,78694,78885
130.216,Received an expired out of sequence packet ,78695,78885
130.216,Received an expired out of sequence packet ,78696,78885
130.218,Received an expired out of sequence packet ,78697,78885
130.218,Received an expired out of sequence packet ,78698,78885
130.22,Received an expired out of sequence packet ,78699,78885
130.223,Received an expired out of sequence packet ,78700,78885
130.223,Received an expired out of sequence packet ,78701,78885
130.223,Received an expired out of sequence packet ,78702,78885
130.229,Received an expired out of sequence packet ,78703,78885
130.229,Received an expired out of sequence packet ,78704,78885
130.229,Received an expired out of sequence packet ,78705,78885
130.229,Received an expired out of sequence packet ,78706,78885
130.229,Received an expired out of sequence packet ,78707,78885
130.229,Received an expired out of sequence packet ,78708,78885
130.232,Received an expired out of sequence packet ,78709,78885
130.232,Received an expired out of sequence packet ,78710,78885
130.233,Received an expired out of sequence packet ,78711,78885
130.235,Received an expired out of sequence packet ,78712,78885
130.235,Received an expired out of sequence packet ,78713,78885
130.235,Received an expired out of sequence packet ,78714,78885
130.235,Received an expired out of sequence packet ,78715,78885
130.24,Received an expired out of sequence packet ,78716,78885
130.24,Received an expired out of sequence packet ,78717,78885
130.24,Received an expired out of sequence packet ,78718,78885
130.24,Received an expired out of sequence packet ,78719,78885
130.24,Received an expired out of sequence packet ,78720,78885
130.243,Received an expired out of sequence packet ,78721,78885
130.246,Received an expired out of sequence packet ,78722,78885
130.246,Received an expired out of sequence packet ,78723,78885
130.246,Received an expired out of sequence packet ,78724,78885
130.248,Received an expired out of sequence packet ,78725,78885
130.248,Received an expired out of sequence packet ,78726,78885
130.249,Received an expired out of sequence packet ,78727,78885
130.251,Received an expired out of sequence packet ,78728,78885
130.251,Received an expired out of sequence packet ,78729,78885
130.251,Received an expired out of sequence packet ,78730,78885
130.253,Received an expired out of sequence packet ,78731,78885
130.253,Received an expired out of sequence packet ,78732,78885
130.253,Received an expired out of sequence packet ,78733,78885
130.253,Received an expired out of sequence packet ,78734,78885
130.253,Received an expired out of sequence packet ,78735,78885
130.256,Received an expired out of sequence packet ,78736,78885
130.259,Received an expired out of sequence packet ,78737,78885
130.259,Received an expired out of sequence packet ,78738,78885
130.261,Received an expired out of sequence packet ,78739,78885
130.261,Received an expired out of sequence packet ,78740,78885
130.261,Received an expired out of sequence packet ,78741,78885
130.261,Received an expired out of sequence packet ,78742,78885
130.263,Received an expired out of sequence packet ,78743,78885
130.264,Received an expired out of sequence packet ,78744,78885
130.27,Received an expired out of sequence packet ,78745,78885
130.27,Received an expired out of sequence packet ,78746,78885
130.27,Received an expired out of sequence packet ,78747,78885
130.291,Received an expired out of sequence packet ,78748,78885
130.291,Received an expired out of sequence packet ,78749,78885
130.291,Received an expired out of sequence packet ,78750,78885
130.294,Received an expired out of sequence packet ,78751,78885
130.295,Received an expired out of sequence packet ,78752,78885
130.295,Received an expired out of sequence packet ,78753,78885
130.298,Received an expired out of sequence packet ,78754,78885
130.298,Received an expired out of sequence packet ,78755,78885
130.298,Received an expired out of sequence packet ,78756,78885
130.298,Received an expired out of sequence packet ,78757,78885
130.3,Received an expired out of sequence packet ,78758,78885
130.3,Received an expired out of sequence packet ,78759,78885
130.301,Received an expired out of sequence packet ,78760,78885
130.301,Received an expired out of sequence packet ,78761,78885
130.304,Received an expired out of sequence packet ,78762,78885
130.304,Received an expired out of sequence packet ,78763,78885
130.307,Received an expired out of sequence packet ,78764,78885
130.307,Received an expired out of sequence packet ,78765,78885
130.307,Received an expired out of sequence packet ,78766,78885
130.308,Received an expired out of sequence packet ,78767,78885
130.308,Received an expired out of sequence packet ,78768,78885
130.31,Received an expired out of sequence packet ,78769,78885
130.31,Received an expired out of sequence packet ,78770,78885
130.31,Received an expired out of sequence packet ,78771,78885
130.328,Received an expired out of sequence packet ,78772,78885
130.328,Received an expired out of sequence packet ,78773,78885
130.328,Received an expired out of sequence packet ,78774,78885
130.34,Received an expired out of sequence packet ,78775,78885
130.34,Received an expired out of sequence packet ,78776,78885
130.34,Received an expired out of sequence packet ,78777,78885
130.34,Received an expired out of sequence packet ,78778,78885
130.341,Received an expired out of sequence packet ,78779,78885
130.341,Received an expired out of sequence packet ,78780,78885
130.341,Received an expired out of sequence packet ,78781,78885
130.343,Received an expired out of sequence packet ,78782,78885
130.348,Received an expired out of sequence packet ,78783,78885
130.348,Received an expired out of sequence packet ,78784,78885
130.351,Received an expired out of sequence packet ,78785,78885
130.351,Received an expired out of sequence packet ,78786,78885
130.353,Received an expired out of sequence packet ,78787,78885
130.353,Received an expired out of sequence packet ,78788,78885
130.353,Received an expired out of sequence packet ,78789,78885
130.353,Received an expired out of sequence packet ,78790,78885
130.353,Received an expired out of sequence packet ,78791,78885
130.355,Received an expired out of sequence packet ,78792,78885
130.358,Received an expired out of sequence packet ,78793,78885
130.358,Received an expired out of sequence packet ,78794,78885
130.358,Received an expired out of sequence packet ,78795,78885
130.358,Received an expired out of sequence packet ,78796,78885
130.361,Received an expired out of sequence packet ,78797,78885
130.361,Received an expired out of sequence packet ,78798,78885
130.361,Received an expired out of sequence packet ,78799,78885
130.364,Received an expired out of sequence packet ,78800,78885
130.364,Received an expired out of sequence packet ,78801,78885
130.364,Received an expired out of sequence packet ,78802,78885
130.369,Received an expired out of sequence packet ,78803,78885
130.369,Received an expired out of sequence packet ,78804,78885
130.379,Received an expired out of sequence packet ,78805,78885
130.38,Received an expired out of sequence packet ,78806,78885
130.382,Received an expired out of sequence packet ,78807,78885
130.384,Received an expired out of sequence packet ,78808,78885
130.388,Received an expired out of sequence packet ,78809,78885
130.388,Received an expired out of sequence packet ,78810,78885
130.388,Received an expired out of sequence packet ,78811,78885
130.388,Received an expired out of sequence packet ,78812,78885
130.389,Received an expired out of sequence packet ,78813,78885
130.391,Received an expired out of sequence packet ,78814,78885
130.391,Received an expired out of sequence packet ,78815,78885
130.391,Received an expired out of sequence packet ,78816,78885
130.391,Received an expired out of sequence packet ,78817,78885
130.393,Received an expired out of sequence packet ,78818,78885
130.395,Received an expired out of sequence packet ,78819,78885
130.398,Received an expired out of sequence packet ,78820,78885
130.398,Received an expired out of sequence packet ,78821,78885
130.398,Received an expired out of sequence packet ,78822,78885
130.398,Received an expired out of sequence packet ,78823,78885
130.4,Received an expired out of sequence packet ,78824,78885
130.4,Received an expired out of sequence packet ,78825,78885
130.403,Received an expired out of sequence packet ,78826,78885
130.403,Received an expired out of sequence packet ,78827,78885
130.403,Received an expired out of sequence packet ,78828,78885
130.403,Received an expired out of sequence packet ,78829,78885
130.41,Received an expired out of sequence packet ,78830,78885
130.41,Received an expired out of sequence packet ,78831,78885
130.412,Received an expired out of sequence packet ,78832,78885
130.412,Received an expired out of sequence packet ,78833,78885
130.412,Received an expired out of sequence packet ,78834,78885
130.412,Received an expired out of sequence packet ,78835,78885
130.412,Received an expired out of sequence packet ,78836,78885
130.412,Received an expired out of sequence packet ,78837,78885
130.413,Received an expired out of sequence packet ,78838,78885
130.413,Received an expired out of sequence packet ,78839,78885
130.413,Received an expired out of sequence packet ,78840,78885
130.415,Received an expired out of sequence packet ,78841,78885
130.415,Received an expired out of sequence packet ,78842,78885
130.417,Received an expired out of sequence packet ,78843,78885
130.418,Received an expired out of sequence packet ,78844,78885
130.421,Received an expired out of sequence packet ,78845,78885
130.421,Received an expired out of sequence packet ,78846,78885
130.424,Received an expired out of sequence packet ,78847,78885
130.424,Received an expired out of sequence packet ,78848,78885
130.425,Received an expired out of sequence packet ,78849,78885
130.425,Received an expired out of sequence packet ,78850,78885
130.428,Received an expired out of sequence packet ,78851,78885
130.428,Received an expired out of sequence packet ,78852,78885
130.428,Received an expired out of sequence packet ,78853,78885
130.428,Received an expired out of sequence packet ,78854,78885
130.43,Received an expired out of sequence packet ,78855,78885
130.43,Received an expired out of sequence packet ,78856,78885
130.433,Received an expired out of sequence packet ,78857,78885
130.433,Received an expired out of sequence packet ,78858,78885
130.435,Received an expired out of sequence packet ,78859,78885
130.435,Received an expired out of sequence packet ,78860,78885
130.45,Received an expired out of sequence packet ,78861,78885
130.45,Received an expired out of sequence packet ,78862,78885
130.45,Received an expired out of sequence packet ,78863,78885
130.45,Received an expired out of sequence packet ,78864,78885
130.451,Received an expired out of sequence packet ,78865,78885
130.451,Received an expired out of sequence packet ,78866,78885
130.471,Received an expired out of sequence packet ,78867,78885
130.471,Received an expired out of sequence packet ,78868,78885
130.471,Received an expired out of sequence packet ,78869,78885
130.471,Received an expired out of sequence packet ,78870,78885
130.475,Received an expired out of sequence packet ,78871,78885
130.475,Received an expired out of sequence packet ,78872,78885
130.475,Received an expired out of sequence packet ,78873,78885
130.475,Received an expired out of sequence packet ,78874,78885
130.477,Received an expired out of sequence packet ,78875,78885
130.477,Received an expired out of sequence packet ,78876,78885
130.477,Received an expired out of sequence packet ,78877,78885
130.477,Received an expired out of sequence packet ,78878,78885
130.479,Received an expired out of sequence packet ,78879,78885
130.479,Received an expired out of sequence packet ,78880,78885
130.483,Received an expired out of sequence packet ,78881,78885
130.483,Received an expired out of sequence packet ,78882,78885
130.483,Received an expired out of sequence packet ,78883,78885
130.483,Received an expired out of sequence packet ,78884,78885
170.263,Missing packet expired,106281
201.167,Timeout
201.167,clearing sending list because of timeout
201.417,Timeout
201.417,clearing sending list because of timeout
201.667,Timeout
201.667,clearing sending list because of timeout
201.917,Timeout
201.917,clearing sending list because of timeout
201.933,Received an expired out of sequence packet ,121455,121493
201.933,Received an expired out of sequence packet ,121456,121493
201.933,Received an expired out of sequence packet ,121457,121493
201.933,Received an expired out of sequence packet ,121458,121493
202.067,Received an expired out of sequence packet ,121459,121493
202.069,Received an expired out of sequence packet ,121460,121493
202.069,Received an expired out of sequence packet ,121461,121493
202.069,Received an expired out of sequence packet ,121462,121493
202.069,Received an expired out of sequence packet ,121463,121493
202.069,Received an expired out of sequence packet ,121464,121493
202.073,Received an expired out of sequence packet ,121465,121493
202.073,Received an expired out of sequence packet ,121466,121493
202.073,Received an expired out of sequence packet ,121467,121493
202.073,Received an expired out of sequence packet ,121468,121493
202.073,Received an expired out of sequence packet ,121469,121493
202.073,Received an expired out of sequence packet ,121470,121493
202.073,Received an expired out of sequence packet ,121471,121493
202.073,Received an expired out of sequence packet ,121472,121493
202.073,Received an expired out of sequence packet ,121473,121493
202.073,Received an expired out of sequence packet ,121474,121493
202.073,Received an expired out of sequence packet ,121475,121493
202.073,Received an expired out of sequence packet ,121476,121493
202.073,Received an expired out of sequence packet ,121477,121493
202.073,Received an expired out of sequence packet ,121478,121493
202.104,Received an expired out of sequence packet ,121479,121493
202.104,Received an expired out of sequence packet ,121480,121493
202.106,Received an expired out of sequence packet ,121481,121493
202.114,Received an expired out of sequence packet ,121482,121493
202.114,Received an expired out of sequence packet ,121483,121493
202.114,Received an expired out of sequence packet ,121484,121493
202.114,Received an expired out of sequence packet ,121485,121493
202.117,Received an expired out of sequence packet ,121486,121493
202.117,Received an expired out of sequence packet ,121487,121493
202.149,Received an expired out of sequence packet ,121488,121493
202.149,Received an expired out of sequence packet ,121489,121493
202.149,Received an expired out of sequence packet ,121490,121493
202.149,Received an expired out of sequence packet ,121491,121493
202.151,Received an expired out of sequence packet ,121492,121493
258.582,Timeout
258.582,clearing sending list because of timeout
258.593,Received an expired out of sequence packet ,148785,148978
258.628,Received an expired out of sequence packet ,148786,148978
258.632,Received an expired out of sequence packet ,148787,148978
258.703,Received an expired out of sequence packet ,148788,148978
258.703,Received an expired out of sequence packet ,148789,148978
258.703,Received an expired out of sequence packet ,148790,148978
258.704,Received an expired out of sequence packet ,148791,148978
258.704,Received an expired out of sequence packet ,148792,148978
258.704,Received an expired out of sequence packet ,148793,148978
258.704,Received an expired out of sequence packet ,148794,148978
258.704,Received an expired out of sequence packet ,148795,148978
258.704,Received an expired out of sequence packet ,148796,148978
258.704,Received an expired out of sequence packet ,148797,148978
258.704,Received an expired out of sequence packet ,148798,148978
258.707,Received an expired out of sequence packet ,148799,148978
258.735,Received an expired out of sequence packet ,148800,148978
258.735,Received an expired out of sequence packet ,148801,148978
258.735,Received an expired out of sequence packet ,148802,148978
258.735,Received an expired out of sequence packet ,148803,148978
258.735,Received an expired out of sequence packet ,148804,148978
258.735,Received an expired out of sequence packet ,148805,148978
258.735,Received an expired out of sequence packet ,148806,148978
258.735,Received an expired out of sequence packet ,148807,148978
258.735,Received an expired out of sequence packet ,148808,148978
258.75,Received an expired out of sequence packet ,148809,148978
258.75,Received an expired out of sequence packet ,148810,148978
258.75,Received an expired out of sequence packet ,148811,148978
258.751,Received an expired out of sequence packet ,148812,148978
258.751,Received an expired out of sequence packet ,148813,148978
258.751,Received an expired out of sequence packet ,148814,148978
258.751,Received an expired out of sequence packet ,148815,148978
258.751,Received an expired out of sequence packet ,148816,148978
258.751,Received an expired out of sequence packet ,148817,148978
258.751,Received an expired out of sequence packet ,148818,148978
258.752,Received an expired out of sequence packet ,148819,148978
258.752,Received an expired out of sequence packet ,148820,148978
258.752,Received an expired out of sequence packet ,148821,148978
258.752,Received an expired out of sequence packet ,148822,148978
258.76,Received an expired out of sequence packet ,148823,148978
258.76,Received an expired out of sequence packet ,148824,148978
258.76,Received an expired out of sequence packet ,148825,148978
258.76,Received an expired out of sequence packet ,148826,148978
258.769,Received an expired out of sequence packet ,148827,148978
258.769,Received an expired out of sequence packet ,148828,148978
258.771,Received an expired out of sequence packet ,148829,148978
258.771,Received an expired out of sequence packet ,148830,148978
258.771,Received an expired out of sequence packet ,148831,148978
258.771,Received an expired out of sequence packet ,148832,148978
258.771,Received an expired out of sequence packet ,148833,148978
258.771,Received an expired out of sequence packet ,148834,148978
258.771,Received an expired out of sequence packet ,148835,148978
258.771,Received an expired out of sequence packet ,148836,148978
258.813,Received an expired out of sequence packet ,148837,148978
258.813,Received an expired out of sequence packet ,148838,148978
258.813,Received an expired out of sequence packet ,148839,148978
258.813,Received an expired out of sequence packet ,148840,148978
258.813,Received an expired out of sequence packet ,148841,148978
258.813,Received an expired out of sequence packet ,148842,148978
258.9,Received an expired out of sequence packet ,148843,148978
258.9,Received an expired out of sequence packet ,148844,148978
258.9,Received an expired out of sequence packet ,148845,148978
258.9,Received an expired out of sequence packet ,148846,148978
258.904,Received an expired out of sequence packet ,148847,148978
258.904,Received an expired out of sequence packet ,148848,148978
258.904,Received an expired out of sequence packet ,148849,148978
258.904,Received an expired out of sequence packet ,148850,148978
258.904,Received an expired out of sequence packet ,148851,148978
258.906,Received an expired out of sequence packet ,148852,148978
258.906,Received an expired out of sequence packet ,148853,148978
258.906,Received an expired out of sequence packet ,148854,148978
258.906,Received an expired out of sequence packet ,148855,148978
258.906,Received an expired out of sequence packet ,148856,148978
258.906,Received an expired out of sequence packet ,148857,148978
258.906,Received an expired out of sequence packet ,148858,148978
258.906,Received an expired out of sequence packet ,148859,148978
258.906,Received an expired out of sequence packet ,148860,148978
258.906,Received an expired out of sequence packet ,148861,148978
258.907,Received an expired out of sequence packet ,148862,148978
258.907,Received an expired out of sequence packet ,148863,148978
258.907,Received an expired out of sequence packet ,148864,148978
258.907,Received an expired out of sequence packet ,148865,148978
258.907,Received an expired out of sequence packet ,148866,148978
258.907,Received an expired out of sequence packet ,148867,148978
258.909,Received an expired out of sequence packet ,148868,148978
258.909,Received an expired out of sequence packet ,148869,148978
258.909,Received an expired out of sequence packet ,148870,148978
258.909,Received an expired out of sequence packet ,148871,148978
258.909,Received an expired out of sequence packet ,148872,148978
258.909,Received an expired out of sequence packet ,148873,148978
258.909,Received an expired out of sequence packet ,148874,148978
258.909,Received an expired out of sequence packet ,148875,148978
258.909,Received an expired out of sequence packet ,148876,148978
258.909,Received an expired out of sequence packet ,148877,148978
258.909,Received an expired out of sequence packet ,148878,148978
258.912,Received an expired out of sequence packet ,148879,148978
258.912,Received an expired out of sequence packet ,148880,148978
258.912,Received an expired out of sequence packet ,148881,148978
258.912,Received an expired out of sequence packet ,148882,148978
258.912,Received an expired out of sequence packet ,148883,148978
258.912,Received an expired out of sequence packet ,148884,148978
258.912,Received an expired out of sequence packet ,148885,148978
258.912,Received an expired out of sequence packet ,148886,148978
258.916,Received an expired out of sequence packet ,148887,148978
258.916,Received an expired out of sequence packet ,148888,148978
258.916,Received an expired out of sequence packet ,148889,148978
258.916,Received an expired out of sequence packet ,148890,148978
258.916,Received an expired out of sequence packet ,148891,148978
258.916,Received an expired out of sequence packet ,148892,148978
258.916,Received an expired out of sequence packet ,148893,148978
258.916,Received an expired out of sequence packet ,148894,148978
258.916,Received an expired out of sequence packet ,148895,148978
258.916,Received an expired out of sequence packet ,148896,148978
258.916,Received an expired out of sequence packet ,148897,148978
258.916,