1.74416,Exit slow start,exceeding SS_EXIT_THRESHOLD
54.2079,Timeout
54.2079,clearing sending list because of timeout
54.439,Timeout
54.439,clearing sending list because of timeout
54.6701,Timeout
54.6701,clearing sending list because of timeout
54.7473,Received an expired out of sequence packet ,31368,31414
54.7473,Received an expired out of sequence packet ,31369,31414
54.801,Received an expired out of sequence packet ,31370,31414
54.803,Received an expired out of sequence packet ,31371,31414
54.803,Received an expired out of sequence packet ,31372,31414
54.8051,Received an expired out of sequence packet ,31373,31414
54.8051,Received an expired out of sequence packet ,31374,31414
54.8051,Received an expired out of sequence packet ,31375,31414
54.8052,Received an expired out of sequence packet ,31376,31414
54.8052,Received an expired out of sequence packet ,31377,31414
54.8052,Received an expired out of sequence packet ,31378,31414
54.8052,Received an expired out of sequence packet ,31379,31414
54.8052,Received an expired out of sequence packet ,31380,31414
54.9716,Received an expired out of sequence packet ,31381,31414
54.9716,Received an expired out of sequence packet ,31382,31414
54.9716,Received an expired out of sequence packet ,31383,31414
54.9716,Received an expired out of sequence packet ,31384,31414
54.9716,Received an expired out of sequence packet ,31385,31414
54.9717,Received an expired out of sequence packet ,31386,31414
54.9717,Received an expired out of sequence packet ,31387,31414
54.9717,Received an expired out of sequence packet ,31388,31414
54.9717,Received an expired out of sequence packet ,31389,31414
54.9717,Received an expired out of sequence packet ,31390,31414
54.9719,Received an expired out of sequence packet ,31391,31414
54.9727,Received an expired out of sequence packet ,31392,31414
54.9798,Received an expired out of sequence packet ,31393,31414
54.9799,Received an expired out of sequence packet ,31394,31414
54.9849,Received an expired out of sequence packet ,31395,31414
54.991,Received an expired out of sequence packet ,31396,31414
54.991,Received an expired out of sequence packet ,31397,31414
54.9961,Received an expired out of sequence packet ,31398,31414
54.9971,Received an expired out of sequence packet ,31399,31414
55.0279,Received an expired out of sequence packet ,31400,31414
55.0664,Received an expired out of sequence packet ,31401,31414
55.0674,Received an expired out of sequence packet ,31402,31414
55.0674,Received an expired out of sequence packet ,31403,31414
55.0674,Received an expired out of sequence packet ,31404,31414
55.0786,Received an expired out of sequence packet ,31405,31414
55.0786,Received an expired out of sequence packet ,31406,31414
55.0909,Received an expired out of sequence packet ,31407,31414
55.0909,Received an expired out of sequence packet ,31408,31414
55.0909,Received an expired out of sequence packet ,31409,31414
55.095,Received an expired out of sequence packet ,31410,31414
55.1022,Received an expired out of sequence packet ,31411,31414
55.1063,Received an expired out of sequence packet ,31412,31414
55.1063,Received an expired out of sequence packet ,31413,31414
97.9169,Epoch Error,couldn't send everything within the epoch. Have more to send,741,0
98.8389,Missing packet expired,71152
100.294,Timeout
100.294,clearing sending list because of timeout
110.719,Missing packet expired,81388
158.555,Timeout
158.555,clearing sending list because of timeout
158.567,Received an expired out of sequence packet ,104897,105081
158.601,Received an expired out of sequence packet ,104898,105081
158.605,Received an expired out of sequence packet ,104899,105081
158.677,Received an expired out of sequence packet ,104900,105081
158.677,Received an expired out of sequence packet ,104901,105081
158.677,Received an expired out of sequence packet ,104902,105081
158.677,Received an expired out of sequence packet ,104903,105081
158.677,Received an expired out of sequence packet ,104904,105081
158.677,Received an expired out of sequence packet ,104905,105081
158.677,Received an expired out of sequence packet ,104906,105081
158.677,Received an expired out of sequence packet ,104907,105081
158.677,Received an expired out of sequence packet ,104908,105081
158.677,Received an expired out of sequence packet ,104909,105081
158.677,Received an expired out of sequence packet ,104910,105081
158.68,Received an expired out of sequence packet ,104911,105081
158.709,Received an expired out of sequence packet ,104912,105081
158.709,Received an expired out of sequence packet ,104913,105081
158.709,Received an expired out of sequence packet ,104914,105081
158.709,Received an expired out of sequence packet ,104915,105081
158.709,Received an expired out of sequence packet ,104916,105081
158.709,Received an expired out of sequence packet ,104917,105081
158.709,Received an expired out of sequence packet ,104918,105081
158.709,Received an expired out of sequence packet ,104919,105081
158.709,Received an expired out of sequence packet ,104920,105081
158.712,Received an expired out of sequence packet ,104921,105081
158.712,Received an expired out of sequence packet ,104922,105081
158.712,Received an expired out of sequence packet ,104923,105081
158.712,Received an expired out of sequence packet ,104924,105081
158.724,Received an expired out of sequence packet ,104925,105081
158.724,Received an expired out of sequence packet ,104926,105081
158.724,Received an expired out of sequence packet ,104927,105081
158.724,Received an expired out of sequence packet ,104928,105081
158.724,Received an expired out of sequence packet ,104929,105081
158.724,Received an expired out of sequence packet ,104930,105081
158.724,Received an expired out of sequence packet ,104931,105081
158.724,Received an expired out of sequence packet ,104932,105081
158.724,Received an expired out of sequence packet ,104933,105081
158.724,Received an expired out of sequence packet ,104934,105081
158.724,Received an expired out of sequence packet ,104935,105081
158.733,Received an expired out of sequence packet ,104936,105081
158.733,Received an expired out of sequence packet ,104937,105081
158.733,Received an expired out of sequence packet ,104938,105081
158.734,Received an expired out of sequence packet ,104939,105081
158.741,Received an expired out of sequence packet ,104940,105081
158.741,Received an expired out of sequence packet ,104941,105081
158.744,Received an expired out of sequence packet ,104942,105081
158.744,Received an expired out of sequence packet ,104943,105081
158.744,Received an expired out of sequence packet ,104944,105081
158.744,Received an expired out of sequence packet ,104945,105081
158.744,Received an expired out of sequence packet ,104946,105081
158.744,Received an expired out of sequence packet ,104947,105081
158.744,Received an expired out of sequence packet ,104948,105081
158.744,Received an expired out of sequence packet ,104949,105081
158.787,Received an expired out of sequence packet ,104950,105081
158.787,Received an expired out of sequence packet ,104951,105081
158.787,Received an expired out of sequence packet ,104952,105081
158.787,Received an expired out of sequence packet ,104953,105081
158.787,Received an expired out of sequence packet ,104954,105081
158.787,Received an expired out of sequence packet ,104955,105081
158.873,Received an expired out of sequence packet ,104956,105081
158.873,Received an expired out of sequence packet ,104957,105081
158.873,Received an expired out of sequence packet ,104958,105081
158.873,Received an expired out of sequence packet ,104959,105081
158.877,Received an expired out of sequence packet ,104960,105081
158.877,Received an expired out of sequence packet ,104961,105081
158.877,Received an expired out of sequence packet ,104962,105081
158.877,Received an expired out of sequence packet ,104963,105081
158.88,Received an expired out of sequence packet ,104964,105081
158.88,Received an expired out of sequence packet ,104965,105081
158.88,Received an expired out of sequence packet ,104966,105081
158.88,Received an expired out of sequence packet ,104967,105081
158.88,Received an expired out of sequence packet ,104968,105081
158.88,Received an expired out of sequence packet ,104969,105081
158.88,Received an expired out of sequence packet ,104970,105081
158.88,Received an expired out of sequence packet ,104971,105081
158.88,Received an expired out of sequence packet ,104972,105081
158.88,Received an expired out of sequence packet ,104973,105081
158.88,Received an expired out of sequence packet ,104974,105081
158.88,Received an expired out of sequence packet ,104975,105081
158.88,Received an expired out of sequence packet ,104976,105081
158.88,Received an expired out of sequence packet ,104977,105081
158.88,Received an expired out of sequence packet ,104978,105081
158.88,Received an expired out of sequence packet ,104979,105081
158.88,Received an expired out of sequence packet ,104980,105081
158.881,Received an expired out of sequence packet ,104981,105081
158.882,Received an expired out of sequence packet ,104982,105081
158.882,Received an expired out of sequence packet ,104983,105081
158.882,Received an expired out of sequence packet ,104984,105081
158.883,Received an expired out of sequence packet ,104985,105081
158.883,Received an expired out of sequence packet ,104986,105081
158.883,Received an expired out of sequence packet ,104987,105081
158.883,Received an expired out of sequence packet ,104988,105081
158.883,Received an expired out of sequence packet ,104989,105081
158.883,Received an expired out of sequence packet ,104990,105081
158.883,Received an expired out of sequence packet ,104991,105081
158.883,Received an expired out of sequence packet ,104992,105081
158.883,Received an expired out of sequence packet ,104993,105081
158.883,Received an expired out of sequence packet ,104994,105081
158.883,Received an expired out of sequence packet ,104995,105081
158.883,Received an expired out of sequence packet ,104996,105081
158.883,Received an expired out of sequence packet ,104997,105081
158.883,Received an expired out of sequence packet ,104998,105081
158.883,Received an expired out of sequence packet ,104999,105081
158.884,Received an expired out of sequence packet ,105000,105081
158.884,Received an expired out of sequence packet ,105001,105081
158.884,Received an expired out of sequence packet ,105002,105081
158.884,Received an expired out of sequence packet ,105003,105081
158.884,Received an expired out of sequence packet ,105004,105081
158.884,Received an expired out of sequence packet ,105005,105081
158.884,Received an expired out of sequence packet ,105006,105081
158.884,Received an expired out of sequence packet ,105007,105081
158.884,Received an expired out of sequence packet ,105008,105081
158.884,Received an expired out of sequence packet ,105009,105081
158.884,Received an expired out of sequence packet ,105010,105081
158.884,Received an expired out of sequence packet ,105011,105081
158.884,Received an expired out of sequence packet ,105012,105081
158.884,Received an expired out of sequence packet ,105013,105081
158.884,Received an expired out of sequence packet ,105014,105081
158.884,Received an expired out of sequence packet ,105015,105081
158.889,Received an expired out of sequence packet ,105016,105081
158.889,Received an expired out of sequence packet ,105017,105081
158.889,Received an expired out of sequence packet ,105018,105081
158.889,Received an expired out of sequence packet ,105019,105081
158.889,Received an expired out of sequence packet ,105020,105081
158.889,Received an expired out of sequence packet ,105021,105081
158.889,Received an expired out of sequence packet ,105022,105081
158.889,Received an expired out of sequence packet ,105023,105081
158.923,Received an expired out of sequence packet ,105024,105081
158.923,Received an expired out of sequence packet ,105025,105081
158.923,Received an expired out of sequence packet ,105026,105081
158.923,Received an expired out of sequence packet ,105027,105081
158.923,Received an expired out of sequence packet ,105028,105081
158.923,Received an expired out of sequence packet ,105029,105081
158.923,Received an expired out of sequence packet ,105030,105081
158.923,Received an expired out of sequence packet ,105031,105081
158.923,Received an expired out of sequence packet ,105032,105081
158.931,Received an expired out of sequence packet ,105033,105081
158.931,Received an expired out of sequence packet ,105034,105081
158.931,Received an expired out of sequence packet ,105035,105081
158.931,Received an expired out of sequence packet ,105036,105081
158.932,Received an expired out of sequence packet ,105037,105081
158.932,Received an expired out of sequence packet ,105038,105081
158.932,Received an expired out of sequence packet ,105039,105081
158.935,Received an expired out of sequence packet ,105040,105081
158.956,Received an expired out of sequence packet ,105041,105081
158.956,Received an expired out of sequence packet ,105042,105081
158.966,Received an expired out of sequence packet ,105043,105081
158.966,Received an expired out of sequence packet ,105044,105081
158.967,Received an expired out of sequence packet ,105045,105081
158.967,Received an expired out of sequence packet ,105046,105081
158.969,Received an expired out of sequence packet ,105047,105081
158.969,Received an expired out of sequence packet ,105048,105081
158.969,Received an expired out of sequence packet ,105049,105081
158.969,Received an expired out of sequence packet ,105050,105081
158.969,Received an expired out of sequence packet ,105051,105081
158.969,Received an expired out of sequence packet ,105052,105081
158.99,Received an expired out of sequence packet ,105053,105081
158.99,Received an expired out of sequence packet ,105054,105081
158.99,Received an expired out of sequence packet ,105055,105081
158.99,Received an expired out of sequence packet ,105056,105081
158.99,Received an expired out of sequence packet ,105057,105081
158.99,Received an expired out of sequence packet ,105058,105081
158.99,Received an expired out of sequence packet ,105059,105081
158.99,Received an expired out of sequence packet ,105060,105081
158.99,Received an expired out of sequence packet ,105061,105081
158.99,Received an expired out of sequence packet ,105062,105081
158.99,Received an expired out of sequence packet ,105063,105081
158.99,Received an expired out of sequence packet ,105064,105081
158.99,Received an expired out of sequence packet ,105065,105081
158.99,Received an expired out of sequence packet ,105066,105081
158.99,Received an expired out of sequence packet ,105067,105081
158.99,Received an expired out of sequence packet ,105068,105081
158.99,Received an expired out of sequence packet ,105069,105081
158.99,Received an expired out of sequence packet ,105070,105081
158.99,Received an expired out of sequence packet ,105071,105081
158.99,Received an expired out of sequence packet ,105072,105081
158.99,Received an expired out of sequence packet ,105073,105081
158.999,Received an expired out of sequence packet ,105074,105081
158.999,Received an expired out of sequence packet ,105075,105081
158.999,Received an expired out of sequence packet ,105076,105081
158.999,Received an expired out of sequence packet ,105077,105081
159.002,Received an expired out of sequence packet ,105078,105081
159.002,Received an expired out of sequence packet ,105079,105081
159.053,Received an expired out of sequence packet ,105080,105081
183.819,Timeout
183.819,clearing sending list because of timeout
184.059,Received an expired out of sequence packet ,120022,120212
184.059,Received an expired out of sequence packet ,120023,120212
184.059,Received an expired out of sequence packet ,120024,120212
184.059,Received an expired out of sequence packet ,120025,120212
184.059,Received an expired out of sequence packet ,120026,120212
184.059,Received an expired out of sequence packet ,120027,120212
184.059,Received an expired out of sequence packet ,120028,120212
184.059,Received an expired out of sequence packet ,120029,120212
184.059,Received an expired out of sequence packet ,120030,120212
184.059,Received an expired out of sequence packet ,120031,120212
184.059,Received an expired out of sequence packet ,120032,120212
184.059,Received an expired out of sequence packet ,120033,120212
184.133,Received an expired out of sequence packet ,120034,120212
184.135,Received an expired out of sequence packet ,120035,120212
184.135,Received an expired out of sequence packet ,120036,120212
184.135,Received an expired out of sequence packet ,120037,120212
184.135,Received an expired out of sequence packet ,120038,120212
184.136,Received an expired out of sequence packet ,120039,120212
184.165,Received an expired out of sequence packet ,120040,120212
184.165,Received an expired out of sequence packet ,120041,120212
184.165,Received an expired out of sequence packet ,120042,120212
184.165,Received an expired out of sequence packet ,120043,120212
184.165,Received an expired out of sequence packet ,120044,120212
184.165,Received an expired out of sequence packet ,120045,120212
184.165,Received an expired out of sequence packet ,120046,120212
184.168,Received an expired out of sequence packet ,120047,120212
184.168,Received an expired out of sequence packet ,120048,120212
184.175,Received an expired out of sequence packet ,120049,120212
184.175,Received an expired out of sequence packet ,120050,120212
184.177,Received an expired out of sequence packet ,120051,120212
184.177,Received an expired out of sequence packet ,120052,120212
184.177,Received an expired out of sequence packet ,120053,120212
184.177,Received an expired out of sequence packet ,120054,120212
184.177,Received an expired out of sequence packet ,120055,120212
184.191,Received an expired out of sequence packet ,120056,120212
184.196,Received an expired out of sequence packet ,120057,120212
184.196,Received an expired out of sequence packet ,120058,120212
184.197,Received an expired out of sequence packet ,120059,120212
184.197,Received an expired out of sequence packet ,120060,120212
184.197,Received an expired out of sequence packet ,120061,120212
184.197,Received an expired out of sequence packet ,120062,120212
184.215,Received an expired out of sequence packet ,120063,120212
184.215,Received an expired out of sequence packet ,120064,120212
184.215,Received an expired out of sequence packet ,120065,120212
184.215,Received an expired out of sequence packet ,120066,120212
184.215,Received an expired out of sequence packet ,120067,120212
184.215,Received an expired out of sequence packet ,120068,120212
184.215,Received an expired out of sequence packet ,120069,120212
184.215,Received an expired out of sequence packet ,120070,120212
184.215,Received an expired out of sequence packet ,120071,120212
184.233,Received an expired out of sequence packet ,120072,120212
184.233,Received an expired out of sequence packet ,120073,120212
184.233,Received an expired out of sequence packet ,120074,120212
184.233,Received an expired out of sequence packet ,120075,120212
184.236,Received an expired out of sequence packet ,120076,120212
184.236,Received an expired out of sequence packet ,120077,120212
184.236,Received an expired out of sequence packet ,120078,120212
184.236,Received an expired out of sequence packet ,120079,120212
184.236,Received an expired out of sequence packet ,120080,120212
184.236,Received an expired out of sequence packet ,120081,120212
184.236,Received an expired out of sequence packet ,120082,120212
184.237,Received an expired out of sequence packet ,120083,120212
184.237,Received an expired out of sequence packet ,120084,120212
184.237,Received an expired out of sequence packet ,120085,120212
184.237,Received an expired out of sequence packet ,120086,120212
184.237,Received an expired out of sequence packet ,120087,120212
184.237,Received an expired out of sequence packet ,120088,120212
184.237,Received an expired out of sequence packet ,120089,120212
184.237,Received an expired out of sequence packet ,120090,120212
184.237,Received an expired out of sequence packet ,120091,120212
184.237,Received an expired out of sequence packet ,120092,120212
184.237,Received an expired out of sequence packet ,120093,120212
184.237,Received an expired out of sequence packet ,120094,120212
184.24,Received an expired out of sequence packet ,120095,120212
184.24,Received an expired out of sequence packet ,120096,120212
184.24,Received an expired out of sequence packet ,120097,120212
184.243,Received an expired out of sequence packet ,120098,120212
184.249,Received an expired out of sequence packet ,120099,120212
184.251,Received an expired out of sequence packet ,120100,120212
184.251,Received an expired out of sequence packet ,120101,120212
184.251,Received an expired out of sequence packet ,120102,120212
184.251,Received an expired out of sequence packet ,120103,120212
184.251,Received an expired out of sequence packet ,120104,120212
184.259,Received an expired out of sequence packet ,120105,120212
184.259,Received an expired out of sequence packet ,120106,120212
184.259,Received an expired out of sequence packet ,120107,120212
184.259,Received an expired out of sequence packet ,120108,120212
184.259,Received an expired out of sequence packet ,120109,120212
184.259,Received an expired out of sequence packet ,120110,120212
184.261,Received an expired out of sequence packet ,120111,120212
184.261,Received an expired out of sequence packet ,120112,120212
184.261,Received an expired out of sequence packet ,120113,120212
184.262,Received an expired out of sequence packet ,120114,120212
184.262,Received an expired out of sequence packet ,120115,120212
184.272,Received an expired out of sequence packet ,120116,120212
184.272,Received an expired out of sequence packet ,120117,120212
184.272,Received an expired out of sequence packet ,120118,120212
184.272,Received an expired out of sequence packet ,120119,120212
184.272,Received an expired out of sequence packet ,120120,120212
184.272,Received an expired out of sequence packet ,120121,120212
184.272,Received an expired out of sequence packet ,120122,120212
184.272,Received an expired out of sequence packet ,120123,120212
184.272,Received an expired out of sequence packet ,120124,120212
184.272,Received an expired out of sequence packet ,120125,120212
184.272,Received an expired out of sequence packet ,120126,120212
184.272,Received an expired out of sequence packet ,120127,120212
184.272,Received an expired out of sequence packet ,120128,120212
184.274,Received an expired out of sequence packet ,120129,120212
184.282,Received an expired out of sequence packet ,120130,120212
184.285,Received an expired out of sequence packet ,120131,120212
184.285,Received an expired out of sequence packet ,120132,120212
184.285,Received an expired out of sequence packet ,120133,120212
184.285,Received an expired out of sequence packet ,120134,120212
184.285,Received an expired out of sequence packet ,120135,120212
184.285,Received an expired out of sequence packet ,120136,120212
184.285,Received an expired out of sequence packet ,120137,120212
184.285,Received an expired out of sequence packet ,120138,120212
184.285,Received an expired out of sequence packet ,120139,120212
184.285,Received an expired out of sequence packet ,120140,120212
184.293,Received an expired out of sequence packet ,120141,120212
184.293,Received an expired out of sequence packet ,120142,120212
184.293,Received an expired out of sequence packet ,120143,120212
184.293,Received an expired out of sequence packet ,120144,120212
184.293,Received an expired out of sequence packet ,120145,120212
184.296,Received an expired out of sequence packet ,120146,120212
184.296,Received an expired out of sequence packet ,120147,120212
184.305,Received an expired out of sequence packet ,120148,120212
184.305,Received an expired out of sequence packet ,120149,120212
184.305,Received an expired out of sequence packet ,120150,120212
184.305,Received an expired out of sequence packet ,120151,120212
184.306,Received an expired out of sequence packet ,120152,120212
184.308,Received an expired out of sequence packet ,120153,120212
184.308,Received an expired out of sequence packet ,120154,120212
184.308,Received an expired out of sequence packet ,120155,120212
184.308,Received an expired out of sequence packet ,120156,120212
184.308,Received an expired out of sequence packet ,120157,120212
184.309,Received an expired out of sequence packet ,120158,120212
184.312,Received an expired out of sequence packet ,120159,120212
184.312,Received an expired out of sequence packet ,120160,120212
184.312,Received an expired out of sequence packet ,120161,120212
184.312,Received an expired out of sequence packet ,120162,120212
184.312,Received an expired out of sequence packet ,120163,120212
184.312,Received an expired out of sequence packet ,120164,120212
184.312,Received an expired out of sequence packet ,120165,120212
184.312,Received an expired out of sequence packet ,120166,120212
184.312,Received an expired out of sequence packet ,120167,120212
184.312,Received an expired out of sequence packet ,120168,120212
184.312,Received an expired out of sequence packet ,120169,120212
184.312,Received an expired out of sequence packet ,120170,120212
184.312,Received an expired out of sequence packet ,120171,120212
184.312,Received an expired out of sequence packet ,120172,120212
184.312,Received an expired out of sequence packet ,120173,120212
184.312,Received an expired out of sequence packet ,120174,120212
184.318,Received an expired out of sequence packet ,120175,120212
184.318,Received an expired out of sequence packet ,120176,120212
184.318,Received an expired out of sequence packet ,120177,120212
184.318,Received an expired out of sequence packet ,120178,120212
184.318,Received an expired out of sequence packet ,120179,120212
184.318,Received an expired out of sequence packet ,120180,120212
184.318,Received an expired out of sequence packet ,120181,120212
184.318,Received an expired out of sequence packet ,120182,120212
184.322,Received an expired out of sequence packet ,120183,120212
184.322,Received an expired out of sequence packet ,120184,120212
184.323,Received an expired out of sequence packet ,120185,120212
184.323,Received an expired out of sequence packet ,120186,120212
184.323,Received an expired out of sequence packet ,120187,120212
184.323,Received an expired out of sequence packet ,120188,120212
184.323,Received an expired out of sequence packet ,120189,120212
184.323,Received an expired out of sequence packet ,120190,120212
184.323,Received an expired out of sequence packet ,120191,120212
184.324,Received an expired out of sequence packet ,120192,120212
184.324,Received an expired out of sequence packet ,120193,120212
184.324,Received an expired out of sequence packet ,120194,120212
184.324,Received an expired out of sequence packet ,120195,120212
184.324,Received an expired out of sequence packet ,120196,120212
184.324,Received an expired out of sequence packet ,120197,120212
184.324,Received an expired out of sequence packet ,120198,120212
184.324,Received an expired out of sequence packet ,120199,120212
184.324,Received an expired out of sequence packet ,120200,120212
184.324,Received an expired out of sequence packet ,120201,120212
184.324,Received an expired out of sequence packet ,120202,120212
184.324,Received an expired out of sequence packet ,120203,120212
184.324,Received an expired out of sequence packet ,120204,120212
184.325,Received an expired out of sequence packet ,120205,120212
184.325,Received an expired out of sequence packet ,120206,120212
184.325,Received an expired out of sequence packet ,120207,120212
184.325,Received an expired out of sequence packet ,120208,120212
184.333,Received an expired out of sequence packet ,120209,120212
184.333,Received an expired out of sequence packet ,120210,120212
184.333,Received an expired out of sequence packet ,120211,120212
199.221,Timeout
199.221,clearing sending list because of timeout
199.465,Timeout
199.465,clearing sending list because of timeout
199.709,Timeout
199.709,clearing sending list because of timeout
199.8,Received an expired out of sequence packet ,127081,127103
199.801,Received an expired out of sequence packet ,127082,127103
199.802,Received an expired out of sequence packet ,127083,127103
199.805,Received an expired out of sequence packet ,127084,127103
199.805,Received an expired out of sequence packet ,127085,127103
199.805,Received an expired out of sequence packet ,127086,127103
199.805,Received an expired out of sequence packet ,127087,127103
199.805,Received an expired out of sequence packet ,127088,127103
199.805,Received an expired out of sequence packet ,127089,127103
199.805,Received an expired out of sequence packet ,127090,127103
199.806,Received an expired out of sequence packet ,127091,127103
199.952,Received an expired out of sequence packet ,127092,127103
199.952,Received an expired out of sequence packet ,127093,127103
199.952,Received an expired out of sequence packet ,127094,127103
199.952,Received an expired out of sequence packet ,127095,127103
199.952,Received an expired out of sequence packet ,127096,127103
199.952,Received an expired out of sequence packet ,127097,127103
199.952,Received an expired out of sequence packet ,127098,127103
199.952,Received an expired out of sequence packet ,127099,127103
199.952,Received an expired out of sequence packet ,127100,127103
199.952,Received an expired out of sequence packet ,127101,127103
199.952,Received an expired out of sequence packet ,127102,127103
220.696,Timeout
220.696,clearing sending list because of timeout
220.765,Received an expired out of sequence packet ,142913,142961
220.765,Received an expired out of sequence packet ,142914,142961
220.774,Received an expired out of sequence packet ,142915,142961
220.774,Received an expired out of sequence packet ,142916,142961
220.777,Received an expired out of sequence packet ,142917,142961
220.777,Received an expired out of sequence packet ,142918,142961
220.777,Received an expired out of sequence packet ,142919,142961
220.777,Received an expired out of sequence packet ,142920,142961
220.777,Received an expired out of sequence packet ,142921,142961
220.778,Received an expired out of sequence packet ,142922,142961
220.778,Received an expired out of sequence packet ,142923,142961
220.78,Received an expired out of sequence packet ,142924,142961
220.78,Received an expired out of sequence packet ,142925,142961
220.796,Received an expired out of sequence packet ,142926,142961
220.799,Received an expired out of sequence packet ,142927,142961
220.805,Received an expired out of sequence packet ,142928,142961
220.811,Received an expired out of sequence packet ,142929,142961
220.811,Received an expired out of sequence packet ,142930,142961
220.812,Received an expired out of sequence packet ,142931,142961
220.812,Received an expired out of sequence packet ,142932,142961
220.817,Received an expired out of sequence packet ,142933,142961
220.817,Received an expired out of sequence packet ,142934,142961
220.817,Received an expired out of sequence packet ,142935,142961
220.817,Received an expired out of sequence packet ,142936,142961
220.817,Received an expired out of sequence packet ,142937,142961
220.817,Received an expired out of sequence packet ,142938,142961
220.817,Received an expired out of sequence packet ,142939,142961
220.818,Received an expired out of sequence packet ,142940,142961
220.82,Received an expired out of sequence packet ,142941,142961
220.82,Received an expired out of sequence packet ,142942,142961
220.82,Received an expired out of sequence packet ,142943,142961
220.835,Received an expired out of sequence packet ,142944,142961
220.835,Received an expired out of sequence packet ,142945,142961
220.84,Received an expired out of sequence packet ,142946,142961
220.84,Received an expired out of sequence packet ,142947,142961
220.84,Received an expired out of sequence packet ,142948,142961
220.84,Received an expired out of sequence packet ,142949,142961
220.841,Received an expired out of sequence packet ,142950,142961
220.841,Received an expired out of sequence packet ,142951,142961
220.841,Received an expired out of sequence packet ,142952,142961
220.841,Received an expired out of sequence packet ,142953,142961
220.843,Received an expired out of sequence packet ,142954,142961
220.843,Received an expired out of sequence packet ,142955,142961
220.843,Received an expired out of sequence packet ,142956,142961
220.843,Received an expired out of sequence packet 