1.16801,Exit slow start,exceeding SS_EXIT_THRESHOLD
31.245,Restart,can't map delay on delay curve
33.1093,Exit slow start,exceeding SS_EXIT_THRESHOLD
104.396,Timeout
104.396,clearing sending list because of timeout
104.422,Received an expired out of sequence packet ,45685,45794
104.976,Received an expired out of sequence packet ,45686,45794
104.979,Received an expired out of sequence packet ,45687,45794
104.98,Received an expired out of sequence packet ,45688,45794
104.98,Received an expired out of sequence packet ,45689,45794
104.98,Received an expired out of sequence packet ,45690,45794
104.985,Received an expired out of sequence packet ,45691,45794
104.985,Received an expired out of sequence packet ,45692,45794
104.991,Received an expired out of sequence packet ,45693,45794
104.991,Received an expired out of sequence packet ,45694,45794
104.991,Received an expired out of sequence packet ,45695,45794
104.991,Received an expired out of sequence packet ,45696,45794
104.991,Received an expired out of sequence packet ,45697,45794
104.991,Received an expired out of sequence packet ,45698,45794
104.991,Received an expired out of sequence packet ,45699,45794
104.991,Received an expired out of sequence packet ,45700,45794
105.001,Received an expired out of sequence packet ,45701,45794
105.001,Received an expired out of sequence packet ,45702,45794
105.001,Received an expired out of sequence packet ,45703,45794
105.001,Received an expired out of sequence packet ,45704,45794
105.001,Received an expired out of sequence packet ,45705,45794
105.001,Received an expired out of sequence packet ,45706,45794
105.008,Received an expired out of sequence packet ,45707,45794
105.008,Received an expired out of sequence packet ,45708,45794
105.008,Received an expired out of sequence packet ,45709,45794
105.008,Received an expired out of sequence packet ,45710,45794
105.008,Received an expired out of sequence packet ,45711,45794
105.008,Received an expired out of sequence packet ,45712,45794
105.008,Received an expired out of sequence packet ,45713,45794
105.008,Received an expired out of sequence packet ,45714,45794
105.008,Received an expired out of sequence packet ,45715,45794
105.012,Received an expired out of sequence packet ,45716,45794
105.013,Received an expired out of sequence packet ,45717,45794
105.018,Received an expired out of sequence packet ,45718,45794
105.018,Received an expired out of sequence packet ,45719,45794
105.018,Received an expired out of sequence packet ,45720,45794
105.018,Received an expired out of sequence packet ,45721,45794
105.018,Received an expired out of sequence packet ,45722,45794
105.024,Received an expired out of sequence packet ,45723,45794
105.024,Received an expired out of sequence packet ,45724,45794
105.024,Received an expired out of sequence packet ,45725,45794
105.024,Received an expired out of sequence packet ,45726,45794
105.024,Received an expired out of sequence packet ,45727,45794
105.024,Received an expired out of sequence packet ,45728,45794
105.024,Received an expired out of sequence packet ,45729,45794
105.024,Received an expired out of sequence packet ,45730,45794
105.024,Received an expired out of sequence packet ,45731,45794
105.024,Received an expired out of sequence packet ,45732,45794
105.028,Received an expired out of sequence packet ,45733,45794
105.028,Received an expired out of sequence packet ,45734,45794
105.029,Received an expired out of sequence packet ,45735,45794
105.03,Received an expired out of sequence packet ,45736,45794
105.03,Received an expired out of sequence packet ,45737,45794
105.03,Received an expired out of sequence packet ,45738,45794
105.033,Received an expired out of sequence packet ,45739,45794
105.033,Received an expired out of sequence packet ,45740,45794
105.033,Received an expired out of sequence packet ,45741,45794
105.033,Received an expired out of sequence packet ,45742,45794
105.034,Received an expired out of sequence packet ,45743,45794
105.034,Received an expired out of sequence packet ,45744,45794
105.036,Received an expired out of sequence packet ,45745,45794
105.036,Received an expired out of sequence packet ,45746,45794
105.043,Received an expired out of sequence packet ,45747,45794
105.043,Received an expired out of sequence packet ,45748,45794
105.045,Received an expired out of sequence packet ,45749,45794
105.045,Received an expired out of sequence packet ,45750,45794
105.045,Received an expired out of sequence packet ,45751,45794
105.048,Received an expired out of sequence packet ,45752,45794
105.048,Received an expired out of sequence packet ,45753,45794
105.048,Received an expired out of sequence packet ,45754,45794
105.048,Received an expired out of sequence packet ,45755,45794
105.048,Received an expired out of sequence packet ,45756,45794
105.049,Received an expired out of sequence packet ,45757,45794
105.049,Received an expired out of sequence packet ,45758,45794
105.051,Received an expired out of sequence packet ,45759,45794
105.051,Received an expired out of sequence packet ,45760,45794
105.054,Received an expired out of sequence packet ,45761,45794
105.057,Received an expired out of sequence packet ,45762,45794
105.057,Received an expired out of sequence packet ,45763,45794
105.062,Received an expired out of sequence packet ,45764,45794
105.067,Received an expired out of sequence packet ,45765,45794
105.067,Received an expired out of sequence packet ,45766,45794
105.067,Received an expired out of sequence packet ,45767,45794
105.069,Received an expired out of sequence packet ,45768,45794
105.069,Received an expired out of sequence packet ,45769,45794
105.073,Received an expired out of sequence packet ,45770,45794
105.073,Received an expired out of sequence packet ,45771,45794
105.076,Received an expired out of sequence packet ,45772,45794
105.076,Received an expired out of sequence packet ,45773,45794
105.076,Received an expired out of sequence packet ,45774,45794
105.077,Received an expired out of sequence packet ,45775,45794
105.08,Received an expired out of sequence packet ,45776,45794
105.08,Received an expired out of sequence packet ,45777,45794
105.08,Received an expired out of sequence packet ,45778,45794
105.08,Received an expired out of sequence packet ,45779,45794
105.08,Received an expired out of sequence packet ,45780,45794
105.081,Received an expired out of sequence packet ,45781,45794
105.081,Received an expired out of sequence packet ,45782,45794
105.084,Received an expired out of sequence packet ,45783,45794
105.084,Received an expired out of sequence packet ,45784,45794
105.095,Received an expired out of sequence packet ,45785,45794
105.095,Received an expired out of sequence packet ,45786,45794
105.095,Received an expired out of sequence packet ,45787,45794
105.097,Received an expired out of sequence packet ,45788,45794
105.097,Received an expired out of sequence packet ,45789,45794
105.097,Received an expired out of sequence packet ,45790,45794
105.097,Received an expired out of sequence packet ,45791,45794
105.097,Received an expired out of sequence packet ,45792,45794
105.101,Received an expired out of sequence packet ,45793,45794
112.717,Timeout
112.717,clearing sending list because of timeout
112.965,Received an expired out of sequence packet ,51254,51358
112.965,Received an expired out of sequence packet ,51255,51358
112.965,Received an expired out of sequence packet ,51256,51358
112.965,Received an expired out of sequence packet ,51257,51358
112.965,Received an expired out of sequence packet ,51258,51358
112.965,Received an expired out of sequence packet ,51259,51358
112.965,Received an expired out of sequence packet ,51260,51358
112.965,Received an expired out of sequence packet ,51261,51358
112.966,Received an expired out of sequence packet ,51262,51358
112.966,Received an expired out of sequence packet ,51263,51358
112.966,Received an expired out of sequence packet ,51264,51358
112.966,Received an expired out of sequence packet ,51265,51358
112.966,Received an expired out of sequence packet ,51266,51358
113,Received an expired out of sequence packet ,51267,51358
113.004,Received an expired out of sequence packet ,51268,51358
113.004,Received an expired out of sequence packet ,51269,51358
113.004,Received an expired out of sequence packet ,51270,51358
113.005,Received an expired out of sequence packet ,51271,51358
113.005,Received an expired out of sequence packet ,51272,51358
113.005,Received an expired out of sequence packet ,51273,51358
113.005,Received an expired out of sequence packet ,51274,51358
113.005,Received an expired out of sequence packet ,51275,51358
113.008,Received an expired out of sequence packet ,51276,51358
113.008,Received an expired out of sequence packet ,51277,51358
113.008,Received an expired out of sequence packet ,51278,51358
113.008,Received an expired out of sequence packet ,51279,51358
113.008,Received an expired out of sequence packet ,51280,51358
113.008,Received an expired out of sequence packet ,51281,51358
113.01,Received an expired out of sequence packet ,51282,51358
113.01,Received an expired out of sequence packet ,51283,51358
113.01,Received an expired out of sequence packet ,51284,51358
113.01,Received an expired out of sequence packet ,51285,51358
113.01,Received an expired out of sequence packet ,51286,51358
113.01,Received an expired out of sequence packet ,51287,51358
113.01,Received an expired out of sequence packet ,51288,51358
113.01,Received an expired out of sequence packet ,51289,51358
113.01,Received an expired out of sequence packet ,51290,51358
113.01,Received an expired out of sequence packet ,51291,51358
113.01,Received an expired out of sequence packet ,51292,51358
113.01,Received an expired out of sequence packet ,51293,51358
113.01,Received an expired out of sequence packet ,51294,51358
113.083,Received an expired out of sequence packet ,51295,51358
113.083,Received an expired out of sequence packet ,51296,51358
113.084,Received an expired out of sequence packet ,51297,51358
113.084,Received an expired out of sequence packet ,51298,51358
113.086,Received an expired out of sequence packet ,51299,51358
113.091,Received an expired out of sequence packet ,51300,51358
113.091,Received an expired out of sequence packet ,51301,51358
113.091,Received an expired out of sequence packet ,51302,51358
113.091,Received an expired out of sequence packet ,51303,51358
113.091,Received an expired out of sequence packet ,51304,51358
113.093,Received an expired out of sequence packet ,51305,51358
113.093,Received an expired out of sequence packet ,51306,51358
113.093,Received an expired out of sequence packet ,51307,51358
113.093,Received an expired out of sequence packet ,51308,51358
113.093,Received an expired out of sequence packet ,51309,51358
113.093,Received an expired out of sequence packet ,51310,51358
113.093,Received an expired out of sequence packet ,51311,51358
113.093,Received an expired out of sequence packet ,51312,51358
113.093,Received an expired out of sequence packet ,51313,51358
113.093,Received an expired out of sequence packet ,51314,51358
113.093,Received an expired out of sequence packet ,51315,51358
113.093,Received an expired out of sequence packet ,51316,51358
113.097,Received an expired out of sequence packet ,51317,51358
113.097,Received an expired out of sequence packet ,51318,51358
113.097,Received an expired out of sequence packet ,51319,51358
113.097,Received an expired out of sequence packet ,51320,51358
113.097,Received an expired out of sequence packet ,51321,51358
113.097,Received an expired out of sequence packet ,51322,51358
113.097,Received an expired out of sequence packet ,51323,51358
113.097,Received an expired out of sequence packet ,51324,51358
113.097,Received an expired out of sequence packet ,51325,51358
113.097,Received an expired out of sequence packet ,51326,51358
113.097,Received an expired out of sequence packet ,51327,51358
113.097,Received an expired out of sequence packet ,51328,51358
113.097,Received an expired out of sequence packet ,51329,51358
113.097,Received an expired out of sequence packet ,51330,51358
113.097,Received an expired out of sequence packet ,51331,51358
113.097,Received an expired out of sequence packet ,51332,51358
113.097,Received an expired out of sequence packet ,51333,51358
113.097,Received an expired out of sequence packet ,51334,51358
113.099,Received an expired out of sequence packet ,51335,51358
113.099,Received an expired out of sequence packet ,51336,51358
113.099,Received an expired out of sequence packet ,51337,51358
113.099,Received an expired out of sequence packet ,51338,51358
113.099,Received an expired out of sequence packet ,51339,51358
113.099,Received an expired out of sequence packet ,51340,51358
113.099,Received an expired out of sequence packet ,51341,51358
113.099,Received an expired out of sequence packet ,51342,51358
113.099,Received an expired out of sequence packet ,51343,51358
113.099,Received an expired out of sequence packet ,51344,51358
113.099,Received an expired out of sequence packet ,51345,51358
113.099,Received an expired out of sequence packet ,51346,51358
113.099,Received an expired out of sequence packet ,51347,51358
113.1,Received an expired out of sequence packet ,51348,51358
113.1,Received an expired out of sequence packet ,51349,51358
113.1,Received an expired out of sequence packet ,51350,51358
113.133,Received an expired out of sequence packet ,51351,51358
113.133,Received an expired out of sequence packet ,51352,51358
113.133,Received an expired out of sequence packet ,51353,51358
113.133,Received an expired out of sequence packet ,51354,51358
113.133,Received an expired out of sequence packet ,51355,51358
113.141,Received an expired out of sequence packet ,51356,51358
113.141,Received an expired out of sequence packet ,51357,51358
204.477,Restart,can't map delay on delay curve
205.435,Exit slow start,exceeding SS_EXIT_THRESHOLD
224.891,Timeout
224.891,clearing sending list because of timeout
224.919,Received an expired out of sequence packet ,3843,3874
224.919,Received an expired out of sequence packet ,3844,3874
224.92,Received an expired out of sequence packet ,3845,3874
224.92,Received an expired out of sequence packet ,3846,3874
224.92,Received an expired out of sequence packet ,3847,3874
224.92,Received an expired out of sequence packet ,3848,3874
224.92,Received an expired out of sequence packet ,3849,3874
224.925,Received an expired out of sequence packet ,3850,3874
224.925,Received an expired out of sequence packet ,3851,3874
224.925,Received an expired out of sequence packet ,3852,3874
224.925,Received an expired out of sequence packet ,3853,3874
224.934,Received an expired out of sequence packet ,3854,3874
224.934,Received an expired out of sequence packet ,3855,3874
224.934,Received an expired out of sequence packet ,3856,3874
224.935,Received an expired out of sequence packet ,3857,3874
224.937,Received an expired out of sequence packet ,3858,3874
224.937,Received an expired out of sequence packet ,3859,3874
224.937,Received an expired out of sequence packet ,3860,3874
224.937,Received an expired out of sequence packet ,3861,3874
224.938,Received an expired out of sequence packet ,3862,3874
224.938,Received an expired out of sequence packet ,3863,3874
224.952,Received an expired out of sequence packet ,3864,3874
224.952,Received an expired out of sequence packet ,3865,3874
224.952,Received an expired out of sequence packet ,3866,3874
224.952,Received an expired out of sequence packet ,3867,3874
224.952,Received an expired out of sequence packet ,3868,3874
224.952,Received an expired out of sequence packet ,3869,3874
224.952,Received an expired out of sequence packet ,3870,3874
224.952,Received an expired out of sequence packet ,3871,3874
224.952,Received an expired out of sequence packet ,3872,3874
224.952,Received an expired out of sequence packet ,3873,3874
225.242,Timeout
225.242,clearing sending list because of timeout
225.53,Timeout
225.53,clearing sending list because of timeout
225.818,Timeout
225.818,clearing sending list because of timeout
226.106,Timeout
226.106,clearing sending list because of timeout
226.394,Timeout
226.394,clearing sending list because of timeout
226.421,Received an expired out of sequence packet ,3877,3887
227.421,Timeout
227.421,clearing sending list because of timeout