1.24255,Exit slow start,exceeding SS_EXIT_THRESHOLD
79.4118,Timeout
79.4118,clearing sending list because of timeout
79.9274,Received an expired out of sequence packet ,59341,59492
79.942,Received an expired out of sequence packet ,59342,59492
79.942,Received an expired out of sequence packet ,59343,59492
79.9452,Received an expired out of sequence packet ,59344,59492
79.9452,Received an expired out of sequence packet ,59345,59492
79.9452,Received an expired out of sequence packet ,59346,59492
79.9452,Received an expired out of sequence packet ,59347,59492
79.9453,Received an expired out of sequence packet ,59348,59492
79.9461,Received an expired out of sequence packet ,59349,59492
79.9472,Received an expired out of sequence packet ,59350,59492
79.9473,Received an expired out of sequence packet ,59351,59492
79.9473,Received an expired out of sequence packet ,59352,59492
79.9482,Received an expired out of sequence packet ,59353,59492
79.9483,Received an expired out of sequence packet ,59354,59492
79.9483,Received an expired out of sequence packet ,59355,59492
79.9483,Received an expired out of sequence packet ,59356,59492
79.9504,Received an expired out of sequence packet ,59357,59492
79.9536,Received an expired out of sequence packet ,59358,59492
79.9538,Received an expired out of sequence packet ,59359,59492
79.9592,Received an expired out of sequence packet ,59360,59492
79.9593,Received an expired out of sequence packet ,59361,59492
79.9625,Received an expired out of sequence packet ,59362,59492
79.9667,Received an expired out of sequence packet ,59363,59492
79.9667,Received an expired out of sequence packet ,59364,59492
79.9667,Received an expired out of sequence packet ,59365,59492
79.9687,Received an expired out of sequence packet ,59366,59492
79.9699,Received an expired out of sequence packet ,59367,59492
79.9699,Received an expired out of sequence packet ,59368,59492
79.9711,Received an expired out of sequence packet ,59369,59492
79.9734,Received an expired out of sequence packet ,59370,59492
79.9746,Received an expired out of sequence packet ,59371,59492
79.9746,Received an expired out of sequence packet ,59372,59492
79.9767,Received an expired out of sequence packet ,59373,59492
79.9767,Received an expired out of sequence packet ,59374,59492
79.9768,Received an expired out of sequence packet ,59375,59492
79.9768,Received an expired out of sequence packet ,59376,59492
79.9768,Received an expired out of sequence packet ,59377,59492
79.9768,Received an expired out of sequence packet ,59378,59492
79.9768,Received an expired out of sequence packet ,59379,59492
79.9768,Received an expired out of sequence packet ,59380,59492
79.9769,Received an expired out of sequence packet ,59381,59492
79.9769,Received an expired out of sequence packet ,59382,59492
79.979,Received an expired out of sequence packet ,59383,59492
79.979,Received an expired out of sequence packet ,59384,59492
79.979,Received an expired out of sequence packet ,59385,59492
79.9791,Received an expired out of sequence packet ,59386,59492
79.9791,Received an expired out of sequence packet ,59387,59492
79.9791,Received an expired out of sequence packet ,59388,59492
79.9791,Received an expired out of sequence packet ,59389,59492
79.9791,Received an expired out of sequence packet ,59390,59492
79.9801,Received an expired out of sequence packet ,59391,59492
79.9802,Received an expired out of sequence packet ,59392,59492
79.9802,Received an expired out of sequence packet ,59393,59492
79.9802,Received an expired out of sequence packet ,59394,59492
79.9802,Received an expired out of sequence packet ,59395,59492
79.9802,Received an expired out of sequence packet ,59396,59492
79.9802,Received an expired out of sequence packet ,59397,59492
79.9835,Received an expired out of sequence packet ,59398,59492
79.9836,Received an expired out of sequence packet ,59399,59492
79.9836,Received an expired out of sequence packet ,59400,59492
79.989,Received an expired out of sequence packet ,59401,59492
79.989,Received an expired out of sequence packet ,59402,59492
79.989,Received an expired out of sequence packet ,59403,59492
79.989,Received an expired out of sequence packet ,59404,59492
79.9901,Received an expired out of sequence packet ,59405,59492
79.9902,Received an expired out of sequence packet ,59406,59492
79.9902,Received an expired out of sequence packet ,59407,59492
79.9902,Received an expired out of sequence packet ,59408,59492
79.9902,Received an expired out of sequence packet ,59409,59492
79.9902,Received an expired out of sequence packet ,59410,59492
79.9902,Received an expired out of sequence packet ,59411,59492
79.9903,Received an expired out of sequence packet ,59412,59492
79.9903,Received an expired out of sequence packet ,59413,59492
79.9924,Received an expired out of sequence packet ,59414,59492
79.9924,Received an expired out of sequence packet ,59415,59492
79.9924,Received an expired out of sequence packet ,59416,59492
79.9924,Received an expired out of sequence packet ,59417,59492
79.9924,Received an expired out of sequence packet ,59418,59492
79.9925,Received an expired out of sequence packet ,59419,59492
79.9925,Received an expired out of sequence packet ,59420,59492
79.9931,Received an expired out of sequence packet ,59421,59492
79.9963,Received an expired out of sequence packet ,59422,59492
79.9963,Received an expired out of sequence packet ,59423,59492
79.9963,Received an expired out of sequence packet ,59424,59492
79.9963,Received an expired out of sequence packet ,59425,59492
79.9964,Received an expired out of sequence packet ,59426,59492
79.9964,Received an expired out of sequence packet ,59427,59492
79.9964,Received an expired out of sequence packet ,59428,59492
79.9975,Received an expired out of sequence packet ,59429,59492
79.9996,Received an expired out of sequence packet ,59430,59492
79.9996,Received an expired out of sequence packet ,59431,59492
79.9996,Received an expired out of sequence packet ,59432,59492
80.0007,Received an expired out of sequence packet ,59433,59492
80.0008,Received an expired out of sequence packet ,59434,59492
80.0008,Received an expired out of sequence packet ,59435,59492
80.0008,Received an expired out of sequence packet ,59436,59492
80.0008,Received an expired out of sequence packet ,59437,59492
80.0008,Received an expired out of sequence packet ,59438,59492
80.0009,Received an expired out of sequence packet ,59439,59492
80.0009,Received an expired out of sequence packet ,59440,59492
80.0019,Received an expired out of sequence packet ,59441,59492
80.0048,Received an expired out of sequence packet ,59442,59492
80.0048,Received an expired out of sequence packet ,59443,59492
80.0048,Received an expired out of sequence packet ,59444,59492
80.0048,Received an expired out of sequence packet ,59445,59492
80.0048,Received an expired out of sequence packet ,59446,59492
80.0049,Received an expired out of sequence packet ,59447,59492
80.0049,Received an expired out of sequence packet ,59448,59492
80.0049,Received an expired out of sequence packet ,59449,59492
80.0049,Received an expired out of sequence packet ,59450,59492
80.0059,Received an expired out of sequence packet ,59451,59492
80.0102,Received an expired out of sequence packet ,59452,59492
80.0102,Received an expired out of sequence packet ,59453,59492
80.0102,Received an expired out of sequence packet ,59454,59492
80.0102,Received an expired out of sequence packet ,59455,59492
80.0102,Received an expired out of sequence packet ,59456,59492
80.0103,Received an expired out of sequence packet ,59457,59492
80.0103,Received an expired out of sequence packet ,59458,59492
80.0135,Received an expired out of sequence packet ,59459,59492
80.0226,Received an expired out of sequence packet ,59460,59492
80.0227,Received an expired out of sequence packet ,59461,59492
80.0227,Received an expired out of sequence packet ,59462,59492
80.0227,Received an expired out of sequence packet ,59463,59492
80.0227,Received an expired out of sequence packet ,59464,59492
80.0228,Received an expired out of sequence packet ,59465,59492
80.0228,Received an expired out of sequence packet ,59466,59492
80.0228,Received an expired out of sequence packet ,59467,59492
80.0229,Received an expired out of sequence packet ,59468,59492
80.0229,Received an expired out of sequence packet ,59469,59492
80.0229,Received an expired out of sequence packet ,59470,59492
80.0229,Received an expired out of sequence packet ,59471,59492
80.0229,Received an expired out of sequence packet ,59472,59492
80.0229,Received an expired out of sequence packet ,59473,59492
80.0229,Received an expired out of sequence packet ,59474,59492
80.023,Received an expired out of sequence packet ,59475,59492
80.023,Received an expired out of sequence packet ,59476,59492
80.023,Received an expired out of sequence packet ,59477,59492
80.0278,Received an expired out of sequence packet ,59478,59492
80.0278,Received an expired out of sequence packet ,59479,59492
80.0289,Received an expired out of sequence packet ,59480,59492
80.0289,Received an expired out of sequence packet ,59481,59492
80.0289,Received an expired out of sequence packet ,59482,59492
80.029,Received an expired out of sequence packet ,59483,59492
80.03,Received an expired out of sequence packet ,59484,59492
80.03,Received an expired out of sequence packet ,59485,59492
80.0301,Received an expired out of sequence packet ,59486,59492
80.0301,Received an expired out of sequence packet ,59487,59492
80.0301,Received an expired out of sequence packet ,59488,59492
80.0301,Received an expired out of sequence packet ,59489,59492
80.0301,Received an expired out of sequence packet ,59490,59492
80.0301,Received an expired out of sequence packet ,59491,59492
93.5989,Timeout
93.5989,clearing sending list because of timeout
93.6043,Received an expired out of sequence packet ,77958,78173
93.6043,Received an expired out of sequence packet ,77959,78173
93.6043,Received an expired out of sequence packet ,77960,78173
93.6043,Received an expired out of sequence packet ,77961,78173
93.6124,Received an expired out of sequence packet ,77962,78173
93.6399,Received an expired out of sequence packet ,77963,78173
93.643,Received an expired out of sequence packet ,77964,78173
93.654,Received an expired out of sequence packet ,77965,78173
93.6971,Received an expired out of sequence packet ,77966,78173
93.6971,Received an expired out of sequence packet ,77967,78173
93.6971,Received an expired out of sequence packet ,77968,78173
93.6971,Received an expired out of sequence packet ,77969,78173
93.6972,Received an expired out of sequence packet ,77970,78173
93.6972,Received an expired out of sequence packet ,77971,78173
93.7102,Received an expired out of sequence packet ,77972,78173
93.7102,Received an expired out of sequence packet ,77973,78173
93.7117,Received an expired out of sequence packet ,77974,78173
93.7117,Received an expired out of sequence packet ,77975,78173
93.7118,Received an expired out of sequence packet ,77976,78173
93.7118,Received an expired out of sequence packet ,77977,78173
93.7118,Received an expired out of sequence packet ,77978,78173
93.7118,Received an expired out of sequence packet ,77979,78173
93.7118,Received an expired out of sequence packet ,77980,78173
93.7118,Received an expired out of sequence packet ,77981,78173
93.7158,Received an expired out of sequence packet ,77982,78173
93.7158,Received an expired out of sequence packet ,77983,78173
93.7158,Received an expired out of sequence packet ,77984,78173
93.7158,Received an expired out of sequence packet ,77985,78173
93.7159,Received an expired out of sequence packet ,77986,78173
93.7159,Received an expired out of sequence packet ,77987,78173
93.7159,Received an expired out of sequence packet ,77988,78173
93.7159,Received an expired out of sequence packet ,77989,78173
93.7219,Received an expired out of sequence packet ,77990,78173
93.7219,Received an expired out of sequence packet ,77991,78173
93.7219,Received an expired out of sequence packet ,77992,78173
93.722,Received an expired out of sequence packet ,77993,78173
93.722,Received an expired out of sequence packet ,77994,78173
93.722,Received an expired out of sequence packet ,77995,78173
93.722,Received an expired out of sequence packet ,77996,78173
93.7221,Received an expired out of sequence packet ,77997,78173
93.7221,Received an expired out of sequence packet ,77998,78173
93.725,Received an expired out of sequence packet ,77999,78173
93.725,Received an expired out of sequence packet ,78000,78173
93.7251,Received an expired out of sequence packet ,78001,78173
93.7251,Received an expired out of sequence packet ,78002,78173
93.7261,Received an expired out of sequence packet ,78003,78173
93.7272,Received an expired out of sequence packet ,78004,78173
93.7272,Received an expired out of sequence packet ,78005,78173
93.7272,Received an expired out of sequence packet ,78006,78173
93.7272,Received an expired out of sequence packet ,78007,78173
93.7273,Received an expired out of sequence packet ,78008,78173
93.7273,Received an expired out of sequence packet ,78009,78173
93.7273,Received an expired out of sequence packet ,78010,78173
93.7273,Received an expired out of sequence packet ,78011,78173
93.7273,Received an expired out of sequence packet ,78012,78173
93.7273,Received an expired out of sequence packet ,78013,78173
93.7274,Received an expired out of sequence packet ,78014,78173
93.7274,Received an expired out of sequence packet ,78015,78173
93.7274,Received an expired out of sequence packet ,78016,78173
93.7274,Received an expired out of sequence packet ,78017,78173
93.7303,Received an expired out of sequence packet ,78018,78173
93.7304,Received an expired out of sequence packet ,78019,78173
93.7304,Received an expired out of sequence packet ,78020,78173
93.7304,Received an expired out of sequence packet ,78021,78173
93.7304,Received an expired out of sequence packet ,78022,78173
93.7304,Received an expired out of sequence packet ,78023,78173
93.7304,Received an expired out of sequence packet ,78024,78173
93.7305,Received an expired out of sequence packet ,78025,78173
93.7305,Received an expired out of sequence packet ,78026,78173
93.7305,Received an expired out of sequence packet ,78027,78173
93.7305,Received an expired out of sequence packet ,78028,78173
93.7305,Received an expired out of sequence packet ,78029,78173
93.7305,Received an expired out of sequence packet ,78030,78173
93.7306,Received an expired out of sequence packet ,78031,78173
93.7306,Received an expired out of sequence packet ,78032,78173
93.7306,Received an expired out of sequence packet ,78033,78173
93.7306,Received an expired out of sequence packet ,78034,78173
93.7306,Received an expired out of sequence packet ,78035,78173
93.7306,Received an expired out of sequence packet ,78036,78173
93.7307,Received an expired out of sequence packet ,78037,78173
93.7307,Received an expired out of sequence packet ,78038,78173
93.7307,Received an expired out of sequence packet ,78039,78173
93.7348,Received an expired out of sequence packet ,78040,78173
93.7348,Received an expired out of sequence packet ,78041,78173
93.7348,Received an expired out of sequence packet ,78042,78173
93.7349,Received an expired out of sequence packet ,78043,78173
93.7349,Received an expired out of sequence packet ,78044,78173
93.7349,Received an expired out of sequence packet ,78045,78173
93.7349,Received an expired out of sequence packet ,78046,78173
93.7349,Received an expired out of sequence packet ,78047,78173
93.7349,Received an expired out of sequence packet ,78048,78173
93.735,Received an expired out of sequence packet ,78049,78173
93.7529,Received an expired out of sequence packet ,78050,78173
93.9383,Received an expired out of sequence packet ,78051,78173
93.9383,Received an expired out of sequence packet ,78052,78173
93.9394,Received an expired out of sequence packet ,78053,78173
93.9878,Received an expired out of sequence packet ,78054,78173
93.9919,Received an expired out of sequence packet ,78055,78173
94.0059,Received an expired out of sequence packet ,78056,78173
94.0845,Received an expired out of sequence packet ,78057,78173
94.0845,Received an expired out of sequence packet ,78058,78173
94.0845,Received an expired out of sequence packet ,78059,78173
94.0845,Received an expired out of sequence packet ,78060,78173
94.0846,Received an expired out of sequence packet ,78061,78173
94.0846,Received an expired out of sequence packet ,78062,78173
94.088,Received an expired out of sequence packet ,78063,78173
94.0931,Received an expired out of sequence packet ,78064,78173
94.0972,Received an expired out of sequence packet ,78065,78173
94.0972,Received an expired out of sequence packet ,78066,78173
94.1043,Received an expired out of sequence packet ,78067,78173
94.1043,Received an expired out of sequence packet ,78068,78173
94.1043,Received an expired out of sequence packet ,78069,78173
94.1043,Received an expired out of sequence packet ,78070,78173
94.1043,Received an expired out of sequence packet ,78071,78173
94.1043,Received an expired out of sequence packet ,78072,78173
94.1044,Received an expired out of sequence packet ,78073,78173
94.1044,Received an expired out of sequence packet ,78074,78173
94.1044,Received an expired out of sequence packet ,78075,78173
94.1044,Received an expired out of sequence packet ,78076,78173
94.1074,Received an expired out of sequence packet ,78077,78173
94.1074,Received an expired out of sequence packet ,78078,78173
94.1074,Received an expired out of sequence packet ,78079,78173
94.1074,Received an expired out of sequence packet ,78080,78173
94.1872,Received an expired out of sequence packet ,78081,78173
94.1872,Received an expired out of sequence packet ,78082,78173
94.1872,Received an expired out of sequence packet ,78083,78173
94.1872,Received an expired out of sequence packet ,78084,78173
94.1872,Received an expired out of sequence packet ,78085,78173
94.1873,Received an expired out of sequence packet ,78086,78173
94.1873,Received an expired out of sequence packet ,78087,78173
94.1873,Received an expired out of sequence packet ,78088,78173
94.1913,Received an expired out of sequence packet ,78089,78173
94.1913,Received an expired out of sequence packet ,78090,78173
94.1913,Received an expired out of sequence packet ,78091,78173
94.1913,Received an expired out of sequence packet ,78092,78173
94.1914,Received an expired out of sequence packet ,78093,78173
94.1914,Received an expired out of sequence packet ,78094,78173
94.1924,Received an expired out of sequence packet ,78095,78173
94.1924,Received an expired out of sequence packet ,78096,78173
94.1924,Received an expired out of sequence packet ,78097,78173
94.1925,Received an expired out of sequence packet ,78098,78173
94.1925,Received an expired out of sequence packet ,78099,78173
94.1925,Received an expired out of sequence packet ,78100,78173
94.1925,Received an expired out of sequence packet ,78101,78173
94.1925,Received an expired out of sequence packet ,78102,78173
94.1925,Received an expired out of sequence packet ,78103,78173
94.1926,Received an expired out of sequence packet ,78104,78173
94.1926,Received an expired out of sequence packet ,78105,78173
94.1945,Received an expired out of sequence packet ,78106,78173
94.1946,Received an expired out of sequence packet ,78107,78173
94.1946,Received an expired out of sequence packet ,78108,78173
94.1946,Received an expired out of sequence packet ,78109,78173
94.1946,Received an expired out of sequence packet ,78110,78173
94.1946,Received an expired out of sequence packet ,78111,78173
94.1946,Received an expired out of sequence packet ,78112,78173
94.6905,Received an expired out of sequence packet ,78113,78173
94.6926,Received an expired out of sequence packet ,78114,78173
94.6926,Received an expired out of sequence packet ,78115,78173
94.6926,Received an expired out of sequence packet ,78116,78173
94.6926,Received an expired out of sequence packet ,78117,78173
94.6926,Received an expired out of sequence packet ,78118,78173
94.6937,Received an expired out of sequence packet ,78119,78173
94.6937,Received an expired out of sequence packet ,78120,78173
94.706,Received an expired out of sequence packet ,78121,78173
94.706,Received an expired out of sequence packet ,78122,78173
94.706,Received an expired out of sequence packet ,78123,78173
94.706,Received an expired out of sequence packet ,78124,78173
94.706,Received an expired out of sequence packet ,78125,78173
94.7061,Received an expired out of sequence packet ,78126,78173
94.7061,Received an expired out of sequence packet ,78127,78173
94.7061,Received an expired out of sequence packet ,78128,78173
94.7071,Received an expired out of sequence packet ,78129,78173
94.7125,Received an expired out of sequence packet ,78130,78173
94.7155,Received an expired out of sequence packet ,78131,78173
94.7206,Received an expired out of sequence packet ,78132,78173
94.7277,Received an expired out of sequence packet ,78133,78173
94.7277,Received an expired out of sequence packet ,78134,78173
94.7277,Received an expired out of sequence packet ,78135,78173
94.7277,Received an expired out of sequence packet ,78136,78173
94.7318,Received an expired out of sequence packet ,78137,78173
94.7318,Received an expired out of sequence packet ,78138,78173
94.7318,Received an expired out of sequence packet ,78139,78173
94.7318,Received an expired out of sequence packet ,78140,78173
94.7318,Received an expired out of sequence packet ,78141,78173
94.7318,Received an expired out of sequence packet ,78142,78173
94.7492,Received an expired out of sequence packet ,78143,78173
94.7493,Received an expired out of sequence packet ,78144,78173
94.7493,Received an expired out of sequence packet ,78145,78173
94.7493,Received an expired out of sequence packet ,78146,78173
94.7493,Received an expired out of sequence packet ,78147,78173
94.7493,Received an expired out of sequence packet ,78148,78173
94.7525,Received an expired out of sequence packet ,78149,78173
94.7526,Received an expired out of sequence packet ,78150,78173
94.7526,Received an expired out of sequence packet ,78151,78173
94.7526,Received an expired out of sequence packet ,78152,78173
94.7526,Received an expired out of sequence packet ,78153,78173
94.7526,Received an expired out of sequence packet ,78154,78173
94.7526,Received an expired out of sequence packet ,78155,78173
94.7527,Received an expired out of sequence packet ,78156,78173
94.7527,Received an expired out of sequence packet ,78157,78173
94.7527,Received an expired out of sequence packet ,78158,78173
94.7527,Received an expired out of sequence packet ,78159,78173
94.7597,Received an expired out of sequence packet ,78160,78173
94.7598,Received an expired out of sequence packet ,78161,78173
94.7598,Received an expired out of sequence packet ,78162,78173
94.7598,Received an expired out of sequence packet ,78163,78173
94.7598,Received an expired out of sequence packet ,78164,78173
94.7698,Received an expired out of sequence packet ,78165,78173
94.7699,Received an expired out of sequence packet ,78166,78173
94.7699,Received an expired out of sequence packet ,78167,78173
94.7699,Received an expired out of sequence packet ,78168,78173
94.7699,Received an expired out of sequence packet ,78169,78173
94.772,Received an expired out of sequence packet ,78170,78173
94.772,Received an expired out of sequence packet ,78171,78173
94.773,Received an expired out of sequence packet ,78172,78173
121.38,Timeout
121.38,clearing sending list because of timeout
121.492,Received an expired out of sequence packet ,101231,101260
121.492,Received an expired out of sequence packet ,101232,101260
121.634,Received an expired out of sequence packet ,101233,101260
121.663,Received an expired out of sequence packet ,101234,101260
121.669,Received an expired out of sequence packet ,101235,101260
121.695,Received an expired out of sequence packet ,101236,101260
121.698,Received an expired out of sequence packet ,101237,101260
121.702,Received an expired out of sequence packet ,101238,101260
121.705,Received an expired out of sequence packet ,101239,101260
121.712,Received an expired out of sequence packet ,101240,101260
121.716,Received an expired out of sequence packet ,101241,101260
121.726,Received an expired out of sequence packet ,101242,101260
121.734,Received an expired out of sequence packet ,101243,101260
121.734,Received an expired out of sequence packet ,101244,101260
121.735,Received an expired out of sequence packet ,101245,101260
121.735,Received an expired out of sequence packet ,101246,101260
121.74,Received an expired out of sequence packet ,101247,101260
121.744,Received an expired out of sequence packet ,101248,101260
121.756,Received an expired out of sequence packet ,101249,101260
121.761,Received an expired out of sequence packet ,101250,101260
121.761,Received an expired out of sequence packet ,101251,101260
121.761,Received an expired out of sequence packet ,101252,101260
121.793,Received an expired out of sequence packet ,101253,101260
121.795,Received an expired out of sequence packet ,101254,101260
121.851,Received an expired out of sequence packet ,101255,101260
121.932,Received an expired out of sequence packet ,101256,101260
121.933,Received an expired out of sequence packet ,101257,101260
121.936,Received an expired out of sequence packet ,101258,101260
121.938,Received an expired out of sequence packet ,101259,101260
125.258,Timeout
125.258,clearing sending list because of timeout
125.542,Timeout
125.542,clearing sending list because of timeout
125.743,Received an expired out of sequence packet ,101471,101474
125.745,Received an expired out of sequence packet ,101472,101474
125.745,Received an expired out of sequence packet ,101473,101474
213.911,Timeout
213.911,clearing sending list because of timeout
213.945,Received an expired out of sequence packet ,166705,166727
213.945,Received an expired out of sequence packet ,166706,166727
213.945,Received an expired out of sequence packet ,166707,166727
213.947,Received an expired out of sequence packet ,166708,166727
213.954,Received an expired out of sequence packet ,166709,166727
213.962,Received an expired out of sequence packet ,166710,166727
213.965,Received an expired out of sequence packet ,166711,166727
213.979,Received an expired out of sequence packet ,166712,166727
213.991,Received an expired out of sequence packet ,166713,166727
214.003,Received an expired out of sequence packet ,166714,166727
214.009,Received an expired out of sequence packet ,166715,166727
214.009,Received an expired out of sequence packet ,166716,166727
214.011,Received an expired out of sequence packet ,166717,166727
214.013,Received an expired out of sequence packet ,166718,166727
214.029,Received an expired out of sequence packet ,166719,166727
214.037,Received an expired out of sequence packet ,166720,166727
214.037,Received an expired out of sequence packet ,166721,166727
214.037,Received an expired out of sequence packet ,166722,166727
214.037,Received an expired out of sequence packet ,166723,166727
214.043,Received an expired out of sequence packet ,166724,166727
214.056,Received an expired out of sequence packet ,166725,166727
214.06,Received an expired out of sequence packet ,166726,166727
219.713,Timeout
219.713,clearing sending list because of timeout
219.829,Received an expired out of sequence packet ,167500,167515
219.832,Received an expired out of sequence packet ,167501,167515
219.832,Received an expired out of sequence packet ,167502,167515
219.833,Received an expired out of sequence packet ,167503,167515
219.836,Received an expired out of sequence packet ,167504,167515
219.836,Received an expired out of sequence packet ,167505,167515
219.849,Received an expired out of sequence packet ,167506,167515
219.849,Received an expired out of sequence packet ,167507,167515
219.851,Received an expired out of sequence packet ,167508,167515
219.851,Received an expired out of sequence packet ,167509,167515
219.853,Received an expired out of sequence packet ,167510,167515
219.855,Received an expired out of sequence packet ,167511,167515
219.858,Received an expired out of sequence packet ,167512,167515
219.862,Received an expired out of sequence packet ,167513,167515
219.875,Received an expired out of sequence packet ,167514,167515
220.156,Timeout
220.156,clearing sending list because of timeout
220.379,Timeout
220.379,clearing sending list because of timeout
220.602,Timeout
220.602,clearing sending list because of timeout
220.825,Timeout
220.825,clearing sending list because of timeout
221.048,Timeout
221.048,clearing sending list because of timeout
221.271,Timeout
221.271,clearing sending list because of timeout
221.494,Timeout
221.494,clearing sending list because of timeout
221.717,Timeout
221.717,clearing sending list because of timeout
221.914,Received an expired out of sequence packet ,167520,167577
222.913,Received an expired out of sequence packet ,167521,167577
223.913,Timeout
223.913,clearing sending list because of timeout
223.926,Received an expired out of sequence packet ,167522,167596
224.915,Received an expired out of sequence packet ,167523,167596
225.007,Received an expired out of sequence packet ,167524,167596
225.009,Received an expired out of sequence packet ,167525,167596
225.009,Received an expired out of sequence packet ,167526,167596
225.01,Received an expired out of sequence packet ,167527,167596
225.01,Received an expired out of sequence packet ,167528,167596
225.014,Received an expired out of sequence packet ,167529,167596
225.014,Received an expired out of sequence packet ,167530,167596
225.015,Received an expired out of sequence packet ,167531,167596
225.015,Received an expired out of sequence packet ,167532,167596
225.018,Received an expired out of sequence packet ,167533,167596
225.018,Received an expired out of sequence packet ,167534,167596
225.018,Received an expired out of sequence packet ,167535,167596
225.02,Received an expired out of sequence packet ,167536,167596
225.02,Received an expired out of sequence packet ,167537,167596
225.02,Received an expired out of sequence packet ,167538,167596
225.022,Received an expired out of sequence packet ,167539,167596
225.024,Received an expired out of sequence packet ,167540,167596
225.025,Received an expired out of sequence packet ,167541,167596
225.028,Received an expired out of sequence packet ,167542,167596
225.028,Received an expired out of sequence packet ,167543,167596
225.028,Received an expired out of sequence packet ,167544,167596
225.028,Received an expired out of sequence packet ,167545,167596
225.029,Received an expired out of sequence packet ,167546,167596
225.031,Received an expired out of sequence packet ,167547,167596
225.031,Received an expired out of sequence packet ,167548,167596
225.031,Received an expired out of sequence packet ,167549,167596
225.032,Received an expired out of sequence packet ,167550,167596
225.034,Received an expired out of sequence packet ,167551,167596
225.034,Received an expired out of sequence packet ,167552,167596
225.037,Received an expired out of sequence packet ,167553,167596
225.038,Received an expired out of sequence packet ,167554,167596
225.038,Received an expired out of sequence packet ,167555,167596
225.042,Received an expired out of sequence packet ,167556,167596
225.042,Received an expired out of sequence packet ,167557,167596
225.045,Received an expired out of sequence packet ,167558,167596
225.045,Received an expired out of sequence packet ,167559,167596
225.046,Received an expired out of sequence packet ,167560,167596
225.046,Received an expired out of sequence packet ,167561,167596
225.067,Received an expired out of sequence packet ,167562,167596
225.067,Received an expired out of sequence packet ,167563,167596
225.069,Received an expired out of sequence packet ,167564,167596
225.069,Received an expired out of sequence packet ,167565,167596
225.071,Received an expired out of sequence packet ,167566,167596
225.071,Received an expired out of sequence packet ,167567,167596
225.073,Received an expired out of sequence packet ,167568,167596
225.073,Received an expired out of sequence packet ,167569,167596
225.076,Received an expired out of sequence packet ,167570,167596
225.076,Received an expired out of sequence packet ,167571,167596
225.076,Received an expired out of sequence packet ,167572,167596
225.076,Received an expired out of sequence packet ,167573,167596
225.077,Received an expired out of sequence packet ,167574,167596
225.08,Received an expired out of sequence packet ,167575,167596
225.082,Received an expired out of sequence packet ,167576,167596
225.082,Received an expired out of sequence packet ,167577,167596
225.085,Received an expired out of sequence packet ,167578,167596
225.085,Received an expired out of sequence packet ,167579,167596
225.096,Received an expired out of sequence packet ,167580,167596
225.096,Received an expired out of sequence packet ,167581,167596
225.098,Received an expired out of sequence packet ,167582,167596
225.098,Received an expired out of sequence packet ,167583,167596
225.101,Received an expired out of sequence packet ,167584,167596
225.101,Received an expired out of sequence packet ,167585,167596
225.102,Received an expired out of sequence packet ,167586,167596
225.104,Received an expired out of sequence packet ,167587,167596
225.104,Received an expired out of sequence packet ,167588,167596
225.105,Received an expired out of sequence packet ,167589,167596
225.106,Received an expired out of sequence packet ,167590,167596
225.106,Received an expired out of sequence packet ,167591,167596
225.109,Received an expired out of sequence packet ,167592,167596
225.109,Received an expired out of sequence packet ,167593,167596
225.11,Received an expired out of sequence packet ,167594,167596
225.11,Received an expired out of sequence packet ,167595,167596
237.076,Timeout
237.076,clearing sending list because of timeout
237.088,Received an expired out of sequence packet ,173511,173643
238.088,Timeout
238.088,clearing sending list because of timeout
238.091,Received an expired out of sequence packet ,173512,173645
239.087,Received an expired out of sequence packet ,173513,173645
239.971,Received an expired out of sequence packet ,173514,173645
239.972,Received an expired out of sequence packet ,173515,173645
239.972,Received an expired out of sequence packet ,173516,173645
239.972,Received an expired out of sequence packet ,173517,173645
239.972,Received an expired out of sequence packet ,173518,173645
239.972,Received an expired out of sequence packet ,173519,173645
239.972,Received an expired out of sequence packet ,173520,173645
239.972,Received an expired out of sequence packet ,173521,173645
239.972,Received an expired out of sequence packet ,173522,173645
239.972,Received an expired out of sequence packet ,173523,173645
239.973,Received an expired out of sequence packet ,173524,173645
239.973,Received an expired out of sequence packet ,173525,173645
239.977,Received an expired out of sequence packet ,173526,173645
239.977,Received an expired out of sequence packet ,173527,173645
239.977,Received an expired out of sequence packet ,173528,173645
239.979,Received an expired out of sequence packet ,173529,173645
239.98,Received an expired out of sequence packet ,173530,173645
239.98,Received an expired out of sequence packet ,173531,173645
239.98,Received an expired out of sequence packet ,173532,173645
240.102,Received an expired out of sequence packet ,173533,173645
240.103,Received an expired out of sequence packet ,173534,173645
240.104,Received an expired out of sequence packet ,173535,173645
240.104,Received an expired out of sequence packet ,173536,173645
240.104,Received an expired out of sequence packet ,173537,173645
240.108,Received an expired out of sequence packet ,173538,173645
240.108,Received an expired out of sequence packet ,173539,173645
240.108,Received an expired out of sequence packet ,173540,173645
240.108,Received an expired out of sequence packet ,173541,173645
240.108,Received an expired out of sequence packet ,173542,173645
240.108,Received an expired out of sequence packet ,173543,173645
240.108,Received an expired out of sequence packet ,173544,173645
240.108,Received an expired out of sequence packet ,173545,173645
240.109,Received an expired out of sequence packet ,173546,173645
240.11,Received an expired out of sequence packet ,173547,173645
240.11,Received an expired out of sequence packet ,173548,173645
240.11,Received an expired out of sequence packet ,173549,173645
240.11,Received an expired out of sequence packet ,173550,173645
240.11,Received an expired out of sequence packet ,173551,173645
240.111,Received an expired out of sequence packet ,173552,173645
240.111,Received an expired out of sequence packet ,173553,173645
240.111,Received an expired out of sequence packet ,173554,173645
240.111,Received an expired out of sequence packet ,173555,173645
240.111,Received an expired out of sequence packet ,173556,173645
240.111,Received an expired out of sequence packet ,173557,173645
240.112,Received an expired out of sequence packet ,173558,173645
240.112,Received an expired out of sequence packet ,173559,173645
240.112,Received an expired out of sequence packet ,173560,173645
240.112,Received an expired out of sequence packet ,173561,173645
240.112,Received an expired out of sequence packet ,173562,173645
240.113,Received an expired out of sequence packet ,173563,173645
240.113,Received an expired out of sequence packet ,173564,173645
240.113,Received an expired out of sequence packet ,173565,173645
240.113,Received an expired out of sequence packet ,173566,173645
240.113,Received an expired out of sequence packet ,173567,173645
240.113,Received an expired out of sequence packet ,173568,173645
240.113,Received an expired out of sequence packet ,173569,173645
240.113,Received an expired out of sequence packet ,173570,173645
240.113,Received an expired out of sequence packet ,173571,173645
240.113,Received an expired out of sequence packet ,173572,173645
240.113,Received an expired out of sequence packet ,173573,173645
240.113,Received an expired out of sequence packet ,173574,173645
240.143,Received an expired out of sequence packet ,173575,173645
240.153,Received an expired out of sequence packet ,173576,173645
240.153,Received an expired out of sequence packet ,173577,173645
240.161,Received an expired out of sequence packet ,173578,173645
240.161,Received an expired out of sequence packet ,173579,173645
240.161,Received an expired out of sequence packet ,173580,173645
240.161,Received an expired out of sequence packet ,173581,173645
240.161,Received an expired out of sequence packet ,173582,173645
240.161,Received an expired out of sequence packet ,173583,173645
240.163,Received an expired out of sequence packet ,173584,173645
240.164,Received an expired out of sequence packet ,173585,173645
240.165,Received an expired out of sequence packet ,173586,173645
240.165,Received an expired out of sequence packet ,173587,173645
240.165,Received an expired out of sequence packet ,173588,173645
240.165,Received an expired out of sequence packet ,173589,173645
240.166,Received an expired out of sequence packet ,173590,173645
240.166,Received an expired out of sequence packet ,173591,173645
240.166,Received an expired out of sequence packet ,173592,173645
240.166,Received an expired out of sequence packet ,173593,173645
240.166,Received an expired out of sequence packet ,173594,173645
240.166,Received an expired out of sequence packet ,173595,173645
240.166,Received an expired out of sequence packet ,173596,173645
240.166,Received an expired out of sequence packet ,173597,173645
240.166,Received an expired out of sequence packet ,173598,173645
240.166,Received an expired out of sequence packet ,173599,173645
240.166,Received an expired out of sequence packet ,173600,173645
240.166,Received an expired out of sequence packet ,173601,173645
240.167,Received an expired out of sequence packet ,173602,173645
240.167,Received an expired out of sequence packet ,173603,173645
240.167,Received an expired out of sequence packet ,173604,173645
240.167,Received an expired out of sequence packet ,173605,173645
240.167,Received an expired out of sequence packet ,173606,173645
240.169,Received an expired out of sequence packet ,173607,173645
240.169,Received an expired out of sequence packet ,173608,173645
240.169,Received an expired out of sequence packet ,173609,173645
240.169,Received an expired out of sequence packet ,173610,173645
240.169,Received an expired out of sequence packet ,173611,173645
240.169,Received an expired out of sequence packet ,173612,173645
240.174,Received an expired out of sequence packet ,173613,173645
240.174,Received an expired out of sequence packet ,173614,173645
240.176