1.3608,Exit slow start,exceeding SS_EXIT_THRESHOLD
7.95802,Timeout
7.95804,clearing sending list because of timeout
7.96756,Received an expired out of sequence packet ,5704,5845
7.96758,Received an expired out of sequence packet ,5705,5845
7.96759,Received an expired out of sequence packet ,5706,5845
7.96761,Received an expired out of sequence packet ,5707,5845
7.96762,Received an expired out of sequence packet ,5708,5845
7.96764,Received an expired out of sequence packet ,5709,5845
7.96766,Received an expired out of sequence packet ,5710,5845
7.96767,Received an expired out of sequence packet ,5711,5845
7.96769,Received an expired out of sequence packet ,5712,5845
7.9677,Received an expired out of sequence packet ,5713,5845
7.96772,Received an expired out of sequence packet ,5714,5845
7.96774,Received an expired out of sequence packet ,5715,5845
7.96775,Received an expired out of sequence packet ,5716,5845
7.96777,Received an expired out of sequence packet ,5717,5845
8.00178,Received an expired out of sequence packet ,5718,5845
8.00595,Received an expired out of sequence packet ,5719,5845
8.00598,Received an expired out of sequence packet ,5720,5845
8.00599,Received an expired out of sequence packet ,5721,5845
8.00908,Received an expired out of sequence packet ,5722,5845
8.00911,Received an expired out of sequence packet ,5723,5845
8.00913,Received an expired out of sequence packet ,5724,5845
8.00915,Received an expired out of sequence packet ,5725,5845
8.00916,Received an expired out of sequence packet ,5726,5845
8.00918,Received an expired out of sequence packet ,5727,5845
8.0092,Received an expired out of sequence packet ,5728,5845
8.00921,Received an expired out of sequence packet ,5729,5845
8.00923,Received an expired out of sequence packet ,5730,5845
8.00924,Received an expired out of sequence packet ,5731,5845
8.00926,Received an expired out of sequence packet ,5732,5845
8.01329,Received an expired out of sequence packet ,5733,5845
8.01332,Received an expired out of sequence packet ,5734,5845
8.01335,Received an expired out of sequence packet ,5735,5845
8.01336,Received an expired out of sequence packet ,5736,5845
8.01338,Received an expired out of sequence packet ,5737,5845
8.01339,Received an expired out of sequence packet ,5738,5845
8.01341,Received an expired out of sequence packet ,5739,5845
8.01342,Received an expired out of sequence packet ,5740,5845
8.01344,Received an expired out of sequence packet ,5741,5845
8.01346,Received an expired out of sequence packet ,5742,5845
8.01347,Received an expired out of sequence packet ,5743,5845
8.01349,Received an expired out of sequence packet ,5744,5845
8.0135,Received an expired out of sequence packet ,5745,5845
8.08444,Received an expired out of sequence packet ,5746,5845
8.08446,Received an expired out of sequence packet ,5747,5845
8.08758,Received an expired out of sequence packet ,5748,5845
8.08761,Received an expired out of sequence packet ,5749,5845
8.08762,Received an expired out of sequence packet ,5750,5845
8.09172,Received an expired out of sequence packet ,5751,5845
8.09175,Received an expired out of sequence packet ,5752,5845
8.09176,Received an expired out of sequence packet ,5753,5845
8.09178,Received an expired out of sequence packet ,5754,5845
8.09179,Received an expired out of sequence packet ,5755,5845
8.09689,Received an expired out of sequence packet ,5756,5845
8.09693,Received an expired out of sequence packet ,5757,5845
8.09695,Received an expired out of sequence packet ,5758,5845
8.09697,Received an expired out of sequence packet ,5759,5845
8.09698,Received an expired out of sequence packet ,5760,5845
8.097,Received an expired out of sequence packet ,5761,5845
8.09701,Received an expired out of sequence packet ,5762,5845
8.09703,Received an expired out of sequence packet ,5763,5845
8.09704,Received an expired out of sequence packet ,5764,5845
8.09706,Received an expired out of sequence packet ,5765,5845
8.09707,Received an expired out of sequence packet ,5766,5845
8.09709,Received an expired out of sequence packet ,5767,5845
8.09911,Received an expired out of sequence packet ,5768,5845
8.09914,Received an expired out of sequence packet ,5769,5845
8.09917,Received an expired out of sequence packet ,5770,5845
8.0992,Received an expired out of sequence packet ,5771,5845
8.09922,Received an expired out of sequence packet ,5772,5845
8.09923,Received an expired out of sequence packet ,5773,5845
8.09925,Received an expired out of sequence packet ,5774,5845
8.09927,Received an expired out of sequence packet ,5775,5845
8.09928,Received an expired out of sequence packet ,5776,5845
8.0993,Received an expired out of sequence packet ,5777,5845
8.09931,Received an expired out of sequence packet ,5778,5845
8.09933,Received an expired out of sequence packet ,5779,5845
8.09934,Received an expired out of sequence packet ,5780,5845
8.09936,Received an expired out of sequence packet ,5781,5845
8.09937,Received an expired out of sequence packet ,5782,5845
8.09939,Received an expired out of sequence packet ,5783,5845
8.09941,Received an expired out of sequence packet ,5784,5845
8.09942,Received an expired out of sequence packet ,5785,5845
8.10238,Received an expired out of sequence packet ,5786,5845
8.10241,Received an expired out of sequence packet ,5787,5845
8.10244,Received an expired out of sequence packet ,5788,5845
8.10246,Received an expired out of sequence packet ,5789,5845
8.10248,Received an expired out of sequence packet ,5790,5845
8.10249,Received an expired out of sequence packet ,5791,5845
8.10251,Received an expired out of sequence packet ,5792,5845
8.10252,Received an expired out of sequence packet ,5793,5845
8.10254,Received an expired out of sequence packet ,5794,5845
8.10255,Received an expired out of sequence packet ,5795,5845
8.10257,Received an expired out of sequence packet ,5796,5845
8.10258,Received an expired out of sequence packet ,5797,5845
8.1026,Received an expired out of sequence packet ,5798,5845
8.10262,Received an expired out of sequence packet ,5799,5845
8.10263,Received an expired out of sequence packet ,5800,5845
8.10265,Received an expired out of sequence packet ,5801,5845
8.13499,Received an expired out of sequence packet ,5802,5845
8.13501,Received an expired out of sequence packet ,5803,5845
8.13612,Received an expired out of sequence packet ,5804,5845
8.13613,Received an expired out of sequence packet ,5805,5845
8.13614,Received an expired out of sequence packet ,5806,5845
8.14398,Received an expired out of sequence packet ,5807,5845
8.14399,Received an expired out of sequence packet ,5808,5845
8.144,Received an expired out of sequence packet ,5809,5845
8.14401,Received an expired out of sequence packet ,5810,5845
8.14914,Received an expired out of sequence packet ,5811,5845
8.14915,Received an expired out of sequence packet ,5812,5845
8.15429,Received an expired out of sequence packet ,5813,5845
8.1543,Received an expired out of sequence packet ,5814,5845
8.15431,Received an expired out of sequence packet ,5815,5845
8.15431,Received an expired out of sequence packet ,5816,5845
8.15432,Received an expired out of sequence packet ,5817,5845
8.15432,Received an expired out of sequence packet ,5818,5845
8.15645,Received an expired out of sequence packet ,5819,5845
8.15645,Received an expired out of sequence packet ,5820,5845
8.15646,Received an expired out of sequence packet ,5821,5845
8.15647,Received an expired out of sequence packet ,5822,5845
8.15648,Received an expired out of sequence packet ,5823,5845
8.15648,Received an expired out of sequence packet ,5824,5845
8.1565,Received an expired out of sequence packet ,5825,5845
8.15651,Received an expired out of sequence packet ,5826,5845
8.15651,Received an expired out of sequence packet ,5827,5845
8.15652,Received an expired out of sequence packet ,5828,5845
8.15653,Received an expired out of sequence packet ,5829,5845
8.15654,Received an expired out of sequence packet ,5830,5845
8.15655,Received an expired out of sequence packet ,5831,5845
8.15657,Received an expired out of sequence packet ,5832,5845
8.15657,Received an expired out of sequence packet ,5833,5845
8.15658,Received an expired out of sequence packet ,5834,5845
8.15661,Received an expired out of sequence packet ,5835,5845
8.16066,Received an expired out of sequence packet ,5836,5845
8.16067,Received an expired out of sequence packet ,5837,5845
8.16068,Received an expired out of sequence packet ,5838,5845
8.16069,Received an expired out of sequence packet ,5839,5845
8.1607,Received an expired out of sequence packet ,5840,5845
8.1607,Received an expired out of sequence packet ,5841,5845
8.16071,Received an expired out of sequence packet ,5842,5845
8.16072,Received an expired out of sequence packet ,5843,5845
8.16073,Received an expired out of sequence packet ,5844,5845
49.4216,Timeout
49.4216,clearing sending list because of timeout
49.4236,Received an expired out of sequence packet ,29526,29662
49.9765,Received an expired out of sequence packet ,29527,29662
49.9837,Received an expired out of sequence packet ,29528,29662
49.9838,Received an expired out of sequence packet ,29529,29662
49.9838,Received an expired out of sequence packet ,29530,29662
49.9838,Received an expired out of sequence packet ,29531,29662
49.9838,Received an expired out of sequence packet ,29532,29662
49.9838,Received an expired out of sequence packet ,29533,29662
49.9838,Received an expired out of sequence packet ,29534,29662
49.9838,Received an expired out of sequence packet ,29535,29662
49.9838,Received an expired out of sequence packet ,29536,29662
49.9838,Received an expired out of sequence packet ,29537,29662
49.9839,Received an expired out of sequence packet ,29538,29662
49.9839,Received an expired out of sequence packet ,29539,29662
49.9839,Received an expired out of sequence packet ,29540,29662
49.9869,Received an expired out of sequence packet ,29541,29662
49.9869,Received an expired out of sequence packet ,29542,29662
49.9898,Received an expired out of sequence packet ,29543,29662
49.9898,Received an expired out of sequence packet ,29544,29662
49.9909,Received an expired out of sequence packet ,29545,29662
49.9909,Received an expired out of sequence packet ,29546,29662
49.9909,Received an expired out of sequence packet ,29547,29662
49.9964,Received an expired out of sequence packet ,29548,29662
49.9964,Received an expired out of sequence packet ,29549,29662
49.9964,Received an expired out of sequence packet ,29550,29662
49.9964,Received an expired out of sequence packet ,29551,29662
49.9964,Received an expired out of sequence packet ,29552,29662
49.9964,Received an expired out of sequence packet ,29553,29662
49.9964,Received an expired out of sequence packet ,29554,29662
49.9964,Received an expired out of sequence packet ,29555,29662
49.9964,Received an expired out of sequence packet ,29556,29662
49.9964,Received an expired out of sequence packet ,29557,29662
49.9965,Received an expired out of sequence packet ,29558,29662
49.9965,Received an expired out of sequence packet ,29559,29662
49.9965,Received an expired out of sequence packet ,29560,29662
49.9965,Received an expired out of sequence packet ,29561,29662
49.9965,Received an expired out of sequence packet ,29562,29662
49.9965,Received an expired out of sequence packet ,29563,29662
49.9965,Received an expired out of sequence packet ,29564,29662
49.9965,Received an expired out of sequence packet ,29565,29662
49.9965,Received an expired out of sequence packet ,29566,29662
49.9965,Received an expired out of sequence packet ,29567,29662
49.9965,Received an expired out of sequence packet ,29568,29662
49.9966,Received an expired out of sequence packet ,29569,29662
49.9977,Received an expired out of sequence packet ,29570,29662
49.9977,Received an expired out of sequence packet ,29571,29662
49.9977,Received an expired out of sequence packet ,29572,29662
49.9978,Received an expired out of sequence packet ,29573,29662
49.9989,Received an expired out of sequence packet ,29574,29662
49.9989,Received an expired out of sequence packet ,29575,29662
49.9989,Received an expired out of sequence packet ,29576,29662
49.9989,Received an expired out of sequence packet ,29577,29662
50.0103,Received an expired out of sequence packet ,29578,29662
50.0103,Received an expired out of sequence packet ,29579,29662
50.0103,Received an expired out of sequence packet ,29580,29662
50.0104,Received an expired out of sequence packet ,29581,29662
50.0104,Received an expired out of sequence packet ,29582,29662
50.0104,Received an expired out of sequence packet ,29583,29662
50.0104,Received an expired out of sequence packet ,29584,29662
50.0113,Received an expired out of sequence packet ,29585,29662
50.0114,Received an expired out of sequence packet ,29586,29662
50.0114,Received an expired out of sequence packet ,29587,29662
50.0125,Received an expired out of sequence packet ,29588,29662
50.0125,Received an expired out of sequence packet ,29589,29662
50.0125,Received an expired out of sequence packet ,29590,29662
50.0125,Received an expired out of sequence packet ,29591,29662
50.0125,Received an expired out of sequence packet ,29592,29662
50.0169,Received an expired out of sequence packet ,29593,29662
50.0169,Received an expired out of sequence packet ,29594,29662
50.0169,Received an expired out of sequence packet ,29595,29662
50.0169,Received an expired out of sequence packet ,29596,29662
50.0169,Received an expired out of sequence packet ,29597,29662
50.0169,Received an expired out of sequence packet ,29598,29662
50.017,Received an expired out of sequence packet ,29599,29662
50.0201,Received an expired out of sequence packet ,29600,29662
50.0202,Received an expired out of sequence packet ,29601,29662
50.0202,Received an expired out of sequence packet ,29602,29662
50.0202,Received an expired out of sequence packet ,29603,29662
50.0289,Received an expired out of sequence packet ,29604,29662
50.0289,Received an expired out of sequence packet ,29605,29662
50.0289,Received an expired out of sequence packet ,29606,29662
50.0289,Received an expired out of sequence packet ,29607,29662
50.029,Received an expired out of sequence packet ,29608,29662
50.029,Received an expired out of sequence packet ,29609,29662
50.029,Received an expired out of sequence packet ,29610,29662
50.029,Received an expired out of sequence packet ,29611,29662
50.029,Received an expired out of sequence packet ,29612,29662
50.0321,Received an expired out of sequence packet ,29613,29662
50.0332,Received an expired out of sequence packet ,29614,29662
50.0332,Received an expired out of sequence packet ,29615,29662
50.0332,Received an expired out of sequence packet ,29616,29662
50.0332,Received an expired out of sequence packet ,29617,29662
50.0333,Received an expired out of sequence packet ,29618,29662
50.0333,Received an expired out of sequence packet ,29619,29662
50.0333,Received an expired out of sequence packet ,29620,29662
50.0333,Received an expired out of sequence packet ,29621,29662
50.0333,Received an expired out of sequence packet ,29622,29662
50.0333,Received an expired out of sequence packet ,29623,29662
50.0333,Received an expired out of sequence packet ,29624,29662
50.0333,Received an expired out of sequence packet ,29625,29662
50.0333,Received an expired out of sequence packet ,29626,29662
50.0333,Received an expired out of sequence packet ,29627,29662
50.0333,Received an expired out of sequence packet ,29628,29662
50.0373,Received an expired out of sequence packet ,29629,29662
50.0373,Received an expired out of sequence packet ,29630,29662
50.0414,Received an expired out of sequence packet ,29631,29662
50.0445,Received an expired out of sequence packet ,29632,29662
50.0445,Received an expired out of sequence packet ,29633,29662
50.0466,Received an expired out of sequence packet ,29634,29662
50.0466,Received an expired out of sequence packet ,29635,29662
50.0466,Received an expired out of sequence packet ,29636,29662
50.0466,Received an expired out of sequence packet ,29637,29662
50.0466,Received an expired out of sequence packet ,29638,29662
50.0466,Received an expired out of sequence packet ,29639,29662
50.0466,Received an expired out of sequence packet ,29640,29662
50.0467,Received an expired out of sequence packet ,29641,29662
50.0467,Received an expired out of sequence packet ,29642,29662
50.0467,Received an expired out of sequence packet ,29643,29662
50.0467,Received an expired out of sequence packet ,29644,29662
50.0467,Received an expired out of sequence packet ,29645,29662
50.0467,Received an expired out of sequence packet ,29646,29662
50.0467,Received an expired out of sequence packet ,29647,29662
50.0488,Received an expired out of sequence packet ,29648,29662
50.0488,Received an expired out of sequence packet ,29649,29662
50.0488,Received an expired out of sequence packet ,29650,29662
50.0488,Received an expired out of sequence packet ,29651,29662
50.0518,Received an expired out of sequence packet ,29652,29662
50.0518,Received an expired out of sequence packet ,29653,29662
50.0519,Received an expired out of sequence packet ,29654,29662
50.0519,Received an expired out of sequence packet ,29655,29662
50.0519,Received an expired out of sequence packet ,29656,29662
50.0579,Received an expired out of sequence packet ,29657,29662
50.058,Received an expired out of sequence packet ,29658,29662
50.058,Received an expired out of sequence packet ,29659,29662
50.058,Received an expired out of sequence packet ,29660,29662
50.06,Received an expired out of sequence packet ,29661,29662
165.54,Timeout
165.54,clearing sending list because of timeout
165.688,Received an expired out of sequence packet ,95903,96294
165.688,Received an expired out of sequence packet ,95904,96294
165.688,Received an expired out of sequence packet ,95905,96294
165.688,Received an expired out of sequence packet ,95906,96294
165.688,Received an expired out of sequence packet ,95907,96294
165.688,Received an expired out of sequence packet ,95908,96294
165.688,Received an expired out of sequence packet ,95909,96294
165.688,Received an expired out of sequence packet ,95910,96294
165.688,Received an expired out of sequence packet ,95911,96294
165.688,Received an expired out of sequence packet ,95912,96294
165.688,Received an expired out of sequence packet ,95913,96294
165.688,Received an expired out of sequence packet ,95914,96294
165.688,Received an expired out of sequence packet ,95915,96294
165.688,Received an expired out of sequence packet ,95916,96294
165.688,Received an expired out of sequence packet ,95917,96294
165.688,Received an expired out of sequence packet ,95918,96294
165.688,Received an expired out of sequence packet ,95919,96294
165.688,Received an expired out of sequence packet ,95920,96294
165.688,Received an expired out of sequence packet ,95921,96294
165.688,Received an expired out of sequence packet ,95922,96294
165.747,Received an expired out of sequence packet ,95923,96294
165.749,Received an expired out of sequence packet ,95924,96294
165.749,Received an expired out of sequence packet ,95925,96294
165.749,Received an expired out of sequence packet ,95926,96294
165.749,Received an expired out of sequence packet ,95927,96294
165.749,Received an expired out of sequence packet ,95928,96294
165.749,Received an expired out of sequence packet ,95929,96294
165.749,Received an expired out of sequence packet ,95930,96294
165.749,Received an expired out of sequence packet ,95931,96294
165.784,Received an expired out of sequence packet ,95932,96294
165.784,Received an expired out of sequence packet ,95933,96294
165.784,Received an expired out of sequence packet ,95934,96294
165.784,Received an expired out of sequence packet ,95935,96294
165.784,Received an expired out of sequence packet ,95936,96294
165.784,Received an expired out of sequence packet ,95937,96294
165.784,Received an expired out of sequence packet ,95938,96294
165.784,Received an expired out of sequence packet ,95939,96294
165.784,Received an expired out of sequence packet ,95940,96294
165.784,Received an expired out of sequence packet ,95941,96294
165.784,Received an expired out of sequence packet ,95942,96294
165.784,Received an expired out of sequence packet ,95943,96294
165.784,Received an expired out of sequence packet ,95944,96294
165.784,Received an expired out of sequence packet ,95945,96294
165.792,Received an expired out of sequence packet ,95946,96294
165.792,Received an expired out of sequence packet ,95947,96294
165.795,Received an expired out of sequence packet ,95948,96294
165.795,Received an expired out of sequence packet ,95949,96294
165.795,Received an expired out of sequence packet ,95950,96294
165.795,Received an expired out of sequence packet ,95951,96294
165.795,Received an expired out of sequence packet ,95952,96294
165.798,Received an expired out of sequence packet ,95953,96294
165.798,Received an expired out of sequence packet ,95954,96294
165.798,Received an expired out of sequence packet ,95955,96294
165.798,Received an expired out of sequence packet ,95956,96294
165.798,Received an expired out of sequence packet ,95957,96294
165.798,Received an expired out of sequence packet ,95958,96294
165.798,Received an expired out of sequence packet ,95959,96294
165.798,Received an expired out of sequence packet ,95960,96294
165.798,Received an expired out of sequence packet ,95961,96294
165.798,Received an expired out of sequence packet ,95962,96294
165.798,Received an expired out of sequence packet ,95963,96294
165.798,Received an expired out of sequence packet ,95964,96294
165.798,Received an expired out of sequence packet ,95965,96294
165.798,Received an expired out of sequence packet ,95966,96294
165.799,Received an expired out of sequence packet ,95967,96294
165.799,Received an expired out of sequence packet ,95968,96294
165.799,Received an expired out of sequence packet ,95969,96294
165.821,Received an expired out of sequence packet ,95970,96294
165.821,Received an expired out of sequence packet ,95971,96294
165.821,Received an expired out of sequence packet ,95972,96294
165.821,Received an expired out of sequence packet ,95973,96294
165.821,Received an expired out of sequence packet ,95974,96294
165.821,Received an expired out of sequence packet ,95975,96294
165.821,Received an expired out of sequence packet ,95976,96294
165.821,Received an expired out of sequence packet ,95977,96294
165.821,Received an expired out of sequence packet ,95978,96294
165.822,Received an expired out of sequence packet ,95979,96294
165.822,Received an expired out of sequence packet ,95980,96294
165.822,Received an expired out of sequence packet ,95981,96294
165.822,Received an expired out of sequence packet ,95982,96294
165.822,Received an expired out of sequence packet ,95983,96294
165.822,Received an expired out of sequence packet ,95984,96294
165.822,Received an expired out of sequence packet ,95985,96294
165.822,Received an expired out of sequence packet ,95986,96294
165.822,Received an expired out of sequence packet ,95987,96294
165.822,Received an expired out of sequence packet ,95988,96294
165.822,Received an expired out of sequence packet ,95989,96294
165.822,Received an expired out of sequence packet ,95990,96294
165.842,Received an expired out of sequence packet ,95991,96294
165.842,Received an expired out of sequence packet ,95992,96294
165.842,Received an expired out of sequence packet ,95993,96294
165.842,Received an expired out of sequence packet ,95994,96294
165.852,Received an expired out of sequence packet ,95995,96294
165.852,Received an expired out of sequence packet ,95996,96294
165.852,Received an expired out of sequence packet ,95997,96294
165.852,Received an expired out of sequence packet ,95998,96294
165.855,Received an expired out of sequence packet ,95999,96294
165.855,Received an expired out of sequence packet ,96000,96294
165.855,Received an expired out of sequence packet ,96001,96294
165.855,Received an expired out of sequence packet ,96002,96294
165.859,Received an expired out of sequence packet ,96003,96294
165.859,Received an expired out of sequence packet ,96004,96294
165.859,Received an expired out of sequence packet ,96005,96294
165.859,Received an expired out of sequence packet ,96006,96294
165.859,Received an expired out of sequence packet ,96007,96294
165.859,Received an expired out of sequence packet ,96008,96294
165.859,Received an expired out of sequence packet ,96009,96294
165.859,Received an expired out of sequence packet ,96010,96294
165.859,Received an expired out of sequence packet ,96011,96294
165.859,Received an expired out of sequence packet ,96012,96294
165.859,Received an expired out of sequence packet ,96013,96294
165.859,Received an expired out of sequence packet ,96014,96294
165.859,Received an expired out of sequence packet ,96015,96294
165.859,Received an expired out of sequence packet ,96016,96294
165.859,Received an expired out of sequence packet ,96017,96294
165.859,Received an expired out of sequence packet ,96018,96294
165.877,Received an expired out of sequence packet ,96019,96294
165.877,Received an expired out of sequence packet ,96020,96294
165.877,Received an expired out of sequence packet ,96021,96294
165.877,Received an expired out of sequence packet ,96022,96294
165.877,Received an expired out of sequence packet ,96023,96294
165.877,Received an expired out of sequence packet ,96024,96294
165.877,Received an expired out of sequence packet ,96025,96294
165.877,Received an expired out of sequence packet ,96026,96294
165.877,Received an expired out of sequence packet ,96027,96294
165.877,Received an expired out of sequence packet ,96028,96294
165.877,Received an expired out of sequence packet ,96029,96294
165.877,Received an expired out of sequence packet ,96030,96294
165.877,Received an expired out of sequence packet ,96031,96294
165.878,Received an expired out of sequence packet ,96032,96294
165.885,Received an expired out of sequence packet ,96033,96294
165.885,Received an expired out of sequence packet ,96034,96294
165.885,Received an expired out of sequence packet ,96035,96294
165.885,Received an expired out of sequence packet ,96036,96294
165.887,Received an expired out of sequence packet ,96037,96294
165.887,Received an expired out of sequence packet ,96038,96294
165.887,Received an expired out of sequence packet ,96039,96294
165.887,Received an expired out of sequence packet ,96040,96294
165.887,Received an expired out of sequence packet ,96041,96294
165.895,Received an expired out of sequence packet ,96042,96294
165.895,Received an expired out of sequence packet ,96043,96294
165.895,Received an expired out of sequence packet ,96044,96294
165.895,Received an expired out of sequence packet ,96045,96294
165.895,Received an expired out of sequence packet ,96046,96294
165.898,Received an expired out of sequence packet ,96047,96294
165.898,Received an expired out of sequence packet ,96048,96294
165.898,Received an expired out of sequence packet ,96049,96294
165.898,Received an expired out of sequence packet ,96050,96294
165.898,Received an expired out of sequence packet ,96051,96294
165.898,Received an expired out of sequence packet ,96052,96294
165.898,Received an expired out of sequence packet ,96053,96294
165.898,Received an expired out of sequence packet ,96054,96294
165.898,Received an expired out of sequence packet ,96055,96294
165.898,Received an expired out of sequence packet ,96056,96294
165.898,Received an expired out of sequence packet ,96057,96294
165.898,Received an expired out of sequence packet ,96058,96294
165.898,Received an expired out of sequence packet ,96059,96294
165.898,Received an expired out of sequence packet ,96060,96294
165.898,Received an expired out of sequence packet ,96061,96294
165.898,Received an expired out of sequence packet ,96062,96294
165.898,Received an expired out of sequence packet ,96063,96294
165.898,Received an expired out of sequence packet ,96064,96294
165.909,Received an expired out of sequence packet ,96065,96294
165.909,Received an expired out of sequence packet ,96066,96294
165.909,Received an expired out of sequence packet ,96067,96294
165.909,Received an expired out of sequence packet ,96068,96294
165.909,Received an expired out of sequence packet ,96069,96294
165.909,Received an expired out of sequence packet ,96070,96294
165.909,Received an expired out of sequence packet ,96071,96294
165.909,Received an expired out of sequence packet ,96072,96294
165.909,Received an expired out of sequence packet ,96073,96294
165.909,Received an expired out of sequence packet ,96074,96294
165.909,Received an expired out of sequence packet ,96075,96294
165.909,Received an expired out of sequence packet ,96076,96294
165.909,Received an expired out of sequence packet ,96077,96294
165.91,Received an expired out of sequence packet ,96078,96294
165.91,Received an expired out of sequence packet ,96079,96294
165.91,Received an expired out of sequence packet ,96080,96294
165.91,Received an expired out of sequence packet ,96081,96294
165.91,Received an expired out of sequence packet ,96082,96294
165.91,Received an expired out of sequence packet ,96083,96294
165.915,Received an expired out of sequence packet ,96084,96294
165.915,Received an expired out of sequence packet ,96085,96294
165.915,Received an expired out of sequence packet ,96086,96294
165.915,Received an expired out of sequence packet ,96087,96294
165.918,Received an expired out of sequence packet ,96088,96294
165.918,Received an expired out of sequence packet ,96089,96294
165.918,Received an expired out of sequence packet ,96090,96294
165.918,Received an expired out of sequence packet ,96091,96294
165.927,Received an expired out of sequence packet ,96092,96294
165.927,Received an expired out of sequence packet ,96093,96294
165.927,Received an expired out of sequence packet ,96094,96294
165.927,Received an expired out of sequence packet ,96095,96294
165.932,Received an expired out of sequence packet ,96096,96294
165.932,Received an expired out of sequence packet ,96097,96294
165.932,Received an expired out of sequence packet ,96098,96294
165.932,Received an expired out of sequence packet ,96099,96294
165.932,Received an expired out of sequence packet ,96100,96294
165.934,Received an expired out of sequence packet ,96101,96294
165.934,Received an expired out of sequence packet ,96102,96294
165.934,Received an expired out of sequence packet ,96103,96294
165.934,Received an expired out of sequence packet ,96104,96294
165.934,Received an expired out of sequence packet ,96105,96294
165.934,Received an expired out of sequence packet ,96106,96294
165.934,Received an expired out of sequence packet ,96107,96294
165.934,Received an expired out of sequence packet ,96108,96294
165.934,Received an expired out of sequence packet ,96109,96294
165.934,Received an expired out of sequence packet ,96110,96294
165.934,Received an expired out of sequence packet ,96111,96294
165.934,Received an expired out of sequence packet ,96112,96294
165.934,Received an expired out of sequence packet ,96113,96294
165.934,Received an expired out of sequence packet ,96114,96294
165.934,Received an expired out of sequence packet ,96115,96294
165.934,Received an expired out of sequence packet ,96116,96294
165.937,Received an expired out of sequence packet ,96117,96294
165.937,Received an expired out of sequence packet ,96118,96294
165.937,Received an expired out of sequence packet ,96119,96294
165.937,Received an expired out of sequence packet ,96120,96294
165.937,Received an expired out of sequence packet ,96121,96294
165.937,Received an expired out of sequence packet ,96122,96294
165.937,Received an expired out of sequence packet ,96123,96294
165.937,Received an expired out of sequence packet ,96124,96294
165.937,Received an expired out of sequence packet ,96125,96294
165.937,Received an expired out of sequence packet ,96126,96294
165.937,Received an expired out of sequence packet ,96127,96294
165.937,Received an expired out of sequence packet ,96128,96294
165.957,Received an expired out of sequence packet ,96129,96294
165.967,Received an expired out of sequence packet ,96130,96294
165.967,Received an expired out of sequence packet ,96131,96294
165.967,Received an expired out of sequence packet ,96132,96294
165.967,Received an expired out of sequence packet ,96133,96294
165.967,Received an expired out of sequence packet ,96134,96294
166.052,Received an expired out of sequence packet ,96135,96294
166.052,Received an expired out of sequence packet ,96136,96294
166.052,Received an expired out of sequence packet ,96137,96294
166.052,Received an expired out of sequence packet ,96138,96294
166.052,Received an expired out of sequence packet ,96139,96294
166.052,Received an expired out of sequence packet ,96140,96294
166.052,Received an expired out of sequence packet ,96141,96294
166.052,Received an expired out of sequence packet ,96142,96294
166.052,Received an expired out of sequence packet ,96143,96294
166.052,Received an expired out of sequence packet ,96144,96294
166.052,Received an expired out of sequence packet ,96145,96294
166.052,Received an expired out of sequence packet ,96146,96294
166.052,Received an expired out of sequence packet ,96147,96294
166.052,Received an expired out of sequence packet ,96148,96294
166.058,Received an expired out of sequence packet ,96149,96294
166.058,Received an expired out of sequence packet ,96150,96294
166.058,Received an expired out of sequence packet ,96151,96294
166.058,Received an expired out of sequence packet ,96152,96294
166.062,Received an expired out of sequence packet ,96153,96294
166.062,Received an expired out of sequence packet ,96154,96294
166.062,Received an expired out of sequence packet ,96155,96294
166.062,Received an expired out of sequence packet ,96156,96294
166.062,Received an expired out of sequence packet ,96157,96294
166.065,Received an expired out of sequence packet ,96158,96294
166.065,Received an expired out of sequence packet ,96159,96294
166.065,Received an expired out of sequence packet ,96160,96294
166.065,Received an expired out of sequence packet ,96161,96294
166.065,Received an expired out of sequence packet ,96162,96294
166.065,Received an expired out of sequence packet ,96163,96294
166.065,Received an expired out of sequence packet ,96164,96294
166.065,Received an expired out of sequence packet ,96165,96294
166.065,Received an expired out of sequence packet ,96166,96294
166.065,Received an expired out of sequence packet ,96167,96294
166.065,Received an expired out of sequence packet ,96168,96294
166.066,Received an expired out of sequence packet ,96169,96294
166.066,Received an expired out of sequence packet ,96170,96294
166.066,Received an expired out of sequence packet ,96171,96294
166.066,Received an expired out of sequence packet ,96172,96294
166.067,Received an expired out of sequence packet ,96173,96294
166.067,Received an expired out of sequence packet ,96174,96294
166.067,Received an expired out of sequence packet ,96175,96294
166.067,Received an expired out of sequence packet ,96176,96294
166.067,Received an expired out of sequence packet ,96177,96294
166.067,Received an expired out of sequence packet ,96178,96294
166.069,Received an expired out of sequence packet ,96179,96294
166.069,Received an expired out of sequence packet ,96180,96294
166.069,Received an expired out of sequence packet ,96181,96294
166.069,Received an expired out of sequence packet ,96182,96294
166.069,Received an expired out of sequence packet ,96183,96294
166.069,Received an expired out of sequence packet ,96184,96294
166.069,Received an expired out of sequence packet ,96185,96294
166.069,Received an expired out of sequence packet ,96186,96294
166.069,Received an expired out of sequence packet ,96187,96294
166.069,Received an expired out of sequence packet ,96188,96294
166.069,Received an expired out of sequence packet ,96189,96294
166.085,Received an expired out of sequence packet ,96190,96294
166.085,Received an expired out of sequence packet ,96191,96294
166.085,Received an expired out of sequence packet ,96192,96294
166.085,Received an expired out of sequence packet ,96193,96294
166.085,Received an expired out of sequence packet ,96194,96294
166.085,Received an expired out of sequence packet ,96195,96294
166.085,Received an expired out of sequence packet ,96196,96294
166.085,Received an expired out of sequence packet ,96197,96294
166.085,Received an expired out of sequence packet ,96198,96294
166.085,Received an expired out of sequence packet ,96199,96294
166.085,Received an expired out of sequence packet ,96200,96294
166.085,Received an expired out of sequence packet ,96201,96294
166.085,Received an expired out of sequence packet ,96202,96294
166.085,Received an expired out of sequence packet ,96203,96294
166.085,Received an expired out of sequence packet ,96204,96294
166.094,Received an expired out of sequence packet ,96205,96294
166.094,Received an expired out of sequence packet ,96206,96294
166.094,Received an expired out of sequence packet ,96207,96294
166.094,Received an expired out of sequence packet ,96208,96294
166.099,Received an expired out of sequence packet ,96209,96294
166.099,Received an expired out of sequence packet ,96210,96294
166.099,Received an expired out of sequence packet ,96211,96294
166.099,Received an expired out of sequence packet ,96212,96294
166.099,Received an expired out of sequence packet ,96213,96294
166.101,Received an expired out of sequence packet ,96214,96294
166.101,Received an expired out of sequence packet ,96215,96294
166.101,Received an expired out of sequence packet ,96216,96294
166.101,Received an expired out of sequence packet ,96217,96294
166.101,Received an expired out of sequence packet ,96218,96294
166.101,Received an expired out of sequence packet ,96219,96294
166.101,Received an expired out of sequence packet ,96220,96294
166.101,Received an expired out of sequence packet ,96221,96294
166.101,Received an expired out of sequence packet ,96222,96294
166.101,Received an expired out of sequence packet ,96223,96294
166.101,Received an expired out of sequence packet ,96224,96294
166.101,Received an expired out of sequence packet ,96225,96294
166.101,Received an expired out of sequence packet ,96226,96294
166.101,Received an expired out of sequence packet ,96227,96294
166.133,Received an expired out of sequence packet ,96228,96294
166.133,Received an expired out of sequence packet ,96229,96294
166.137,Received an expired out of sequence packet ,96230,96294
166.137,Received an expired out of sequence packet ,96231,96294
166.137,Received an expired out of sequence packet ,96232,96294
166.137,Received an expired out of sequence packet ,96233,96294
166.137,Received an expired out of sequence packet ,96234,96294
166.22,Received an expired out of sequence packet ,96235,96294
166.22,Received an expired out of sequence packet ,96236,96294
166.22,Received an expired out of sequence packet ,96237,96294
166.22,Received an expired out of sequence packet ,96238,96294
166.22,Received an expired out of sequence packet ,96239,96294
166.22,Received an expired out of sequence packet ,96240,96294
166.22,Received an expired out of sequence packet ,96241,96294
166.22,Received an expired out of sequence packet ,96242,96294
166.22,Received an expired out of sequence packet ,96243,96294
166.22,Received an expired out of sequence packet ,96244,96294
166.22,Received an expired out of sequence packet ,96245,96294
166.22,Received an expired out of sequence packet ,96246,96294
166.22,Received an expired out of sequence packet ,96247,96294
166.22,Received an expired out of sequence packet ,96248,96294
166.237,Received an expired out of sequence packet ,96249,96294
166.237,Received an expired out of sequence packet ,96250,96294
166.237,Received an expired out of sequence packet ,96251,96294
166.237,Received an expired out of sequence packet ,96252,96294
166.24,Received an expired out of sequence packet ,96253,96294
166.24,Received an expired out of sequence packet ,96254,96294
166.24,Received an expired out of sequence packet ,96255,96294
166.24,Received an expired out of sequence packet ,96256,96294
166.24,Received an expired out of sequence packet ,96257,96294
166.24,Received an expired out of sequence packet ,96258,96294
166.24,Received an expired out of sequence packet ,96259,96294
166.24,Received an expired out of sequence packet ,96260,96294
166.24,Received an expired out of sequence packet ,96261,96294
166.24,Received an expired out of sequence packet ,96262,96294
166.24,Received an expired out of sequence packet ,96263,96294
166.24,Received an expired out of sequence packet ,96264,96294
166.24,Received an expired out of sequence packet ,96265,96294
166.24,Received an expired out of sequence packet ,96266,96294
166.24,Received an expired out of sequence packet ,96267,96294
166.24,Received an expired out of sequence packet ,96268,96294
166.24,Received an expired out of sequence packet ,96269,96294
166.24,Received an expired out of sequence packet ,96270,96294
166.24,Received an expired out of sequence packet ,96271,96294
166.24,Received an expired out of sequence packet ,96272,96294
166.24,Received an expired out of sequence packet ,96273,96294
166.24,Received an expired out of sequence packet ,96274,96294
166.24,Received an expired out of sequence packet ,96275,96294
166.24,Received an expired out of sequence packet ,96276,96294
166.24,Received an expired out of sequence packet ,96277,96294
166.24,Received an expired out of sequence packet ,96278,96294
166.24,Received an expired out of sequence packet ,96279,96294
166.241,Received an expired out of sequence packet ,96280,96294
166.241,Received an expired out of sequence packet ,96281,96294
166.241,Received an expired out of sequence packet ,96282,96294
166.241,Received an expired out of sequence packet ,96283,96294
166.241,Received an expired out of sequence packet ,96284,96294
166.241,Received an expired out of sequence packet ,96285,96294
166.241,Received an expired out of sequence packet ,96286,96294
166.241,Received an expired out of sequence packet ,96287,96294
166.241,Received an expired out of sequence packet ,96288,96294
166.242,Received an expired out of sequence packet ,96289,96294
166.268,Received an expired out of sequence packet ,96290,96294
166.268,Received an expired out of sequence packet ,96291,96294
166.268,Received an expired out of sequence packet ,96292,96294
166.268,Received an expired out of sequence packet ,96293,96294
170.35,Timeout
170.35,clearing sending list because of timeout
170.508,Received an expired out of sequence packet ,97804,97977
170.557,Received an expired out of sequence packet ,97805,97977
170.562,Received an expired out of sequence packet ,97806,97977
170.565,Received an expired out of sequence packet ,97807,97977
170.565,Received an expired out of sequence packet ,97808,97977
170.569,Received an expired out of sequence packet ,97809,97977
170.569,Received an expired out of sequence packet ,97810,97977
170.569,Received an expired out of sequence packet ,97811,97977
170.569,Received an expired out of sequence packet ,97812,97977
170.569,Received an expired out of sequence packet ,97813,97977
170.57,Received an expired out of sequence packet ,97814,97977
170.584,Received an expired out of sequence packet ,97815,97977
170.584,Received an expired out of sequence packet ,97816,97977
170.588,Received an expired out of sequence packet ,97817,97977
170.588,Received an expired out of sequence packet ,97818,97977
170.588,Received an expired out of sequence packet ,97819,97977
170.588,Received an expired out of sequence packet ,97820,97977
170.628,Received an expired out of sequence packet ,97821,97977
170.645,Received an expired out of sequence packet ,97822,97977
170.645,Received an expired out of sequence packet ,97823,97977
170.645,Received an expired out of sequence packet ,97824,97977
170.645,Received an expired out of sequence packet ,97825,97977
170.645,Received an expired out of sequence packet ,97826,97977
170.647,Received an expired out of sequence packet ,97827,97977
170.647,Received an expired out of sequence packet ,97828,97977
170.65,Received an expired out of sequence packet ,97829,97977
170.65,Received an expired out of sequence packet ,97830,97977
170.65,Received an expired out of sequence packet ,97831,97977
170.653,Received an expired out of sequence packet ,97832,97977
170.653,Received an expired out of sequence packet ,97833,97977
170.657,Received an expired out of sequence packet ,97834,97977
170.657,Received an expired out of sequence packet ,97835,97977
170.657,Received an expired out of sequence packet ,97836,97977
170.657,Received an expired out of sequence packet ,97837,97977
170.725,Received an expired out of sequence packet ,97838,97977
170.725,Received an expired out of sequence packet ,97839,97977
170.732,Received an expired out of sequence packet ,97840,97977
170.732,Received an expired out of sequence packet ,97841,97977
170.732,Received an expired out of sequence packet ,97842,97977
170.735,Received an expired out of sequence packet ,97843,97977
170.74,Received an expired out of sequence packet ,97844,97977
170.74,Received an expired out of sequence packet ,97845,97977
170.74,Received an expired out of sequence packet ,97846,97977
170.74,Received an expired out of sequence packet ,97847,97977
170.743,Received an expired out of sequence packet ,97848,97977
170.743,Received an expired out of sequence packet ,97849,97977
170.746,Received an expired out of sequence packet ,97850,97977
170.746,Received an expired out of sequence packet ,97851,97977
170.746,Received an expired out of sequence packet ,97852,97977
170.746,Received an expired out of sequence packet ,97853,97977
170.748,Received an expired out of sequence packet ,97854,97977
170.756,Received an expired out of sequence packet ,97855,97977
170.756,Received an expired out of sequence packet ,97856,97977
170.76,Received an expired out of sequence packet ,97857,97977
170.76,Received an expired out of sequence packet ,97858,97977
170.764,Received an expired out of sequence packet ,97859,97977
170.764,Received an expired out of sequence packet ,97860,97977
170.765,Received an expired out of sequence packet ,97861,97977
170.765,Received an expired out of sequence packet ,97862,97977
170.765,Received an expired out of sequence packet ,97863,97977
170.77,Received an expired out of sequence packet ,97864,97977
170.77,Received an expired out of sequence packet ,97865,97977
170.77,Received an expired out of sequence packet ,97866,97977
170.772,Received an expired out of sequence packet ,97867,97977
170.772,Received an expired out of sequence packet ,97868,97977
170.775,Received an expired out of sequence packet ,97869,97977
170.775,Received an expired out of sequence packet ,97870,97977
170.776,Received an expired out of sequence packet ,97871,97977
170.776,Received an expired out of sequence packet ,97872,97977
170.779,Received an expired out of sequence packet ,97873,97977
170.779,Received an expired out of sequence packet ,97874,97977
170.779,Received an expired out of sequence packet ,97875,97977
170.779,Received an expired out of sequence packet ,97876,97977
170.78,Received an expired out of sequence packet ,97877,97977
170.784,Received an expired out of sequence packet ,97878,97977
170.784,Received an expired out of sequence packet ,97879,97977
170.784,Received an expired out of sequence packet ,97880,97977
170.786,Received an expired out of sequence packet ,97881,97977
170.786,Received an expired out of sequence packet ,97882,97977
170.786,Received an expired out of sequence packet ,97883,97977
170.786,Received an expired out of sequence packet ,97884,97977
170.791,Received an expired out of sequence packet ,97885,97977
170.791,Received an expired out of sequence packet ,97886,97977
170.791,Received an expired out of sequence packet ,97887,97977
170.791,Received an expired out of sequence packet ,97888,97977
170.797,Received an expired out of sequence packet ,97889,97977
170.797,Received an expired out of sequence packet ,97890,97977
170.801,Received an expired out of sequence packet ,97891,97977
170.801,Received an expired out of sequence packet ,97892,97977
170.801,Received an expired out of sequence packet ,97893,97977
170.801,Received an expired out of sequence packet ,97894,97977
170.801,Received an expired out of sequence packet ,97895,97977
170.806,Received an expired out of sequence packet ,97896,97977
170.806,Received an expired out of sequence packet ,97897,97977
170.806,Received an expired out of sequence packet ,97898,97977
170.806,Received an expired out of sequence packet ,97899,97977
170.806,Received an expired out of sequence packet ,97900,97977
170.806,Received an expired out of sequence packet ,97901,97977
170.806,Received an expired out of sequence packet ,97902,97977
170.811,Received an expired out of sequence packet ,97903,97977
170.818,Received an expired out of sequence packet ,97904,97977
170.818,Received an expired out of sequence packet ,97905,97977
170.818,Received an expired out of sequence packet ,97906,97977
170.818,Received an expired out of sequence packet ,97907,97977
170.818,Received an expired out of sequence packet ,97908,97977
170.818,Received an expired out of sequence packet ,97909,97977
170.818,Received an expired out of sequence packet ,97910,97977
170.818,Received an expired out of sequence packet ,97911,97977
170.818,Received an expired out of sequence packet ,97912,97977
170.818,Received an expired out of sequence packet ,97913,97977
170.818,Received an expired out of sequence packet ,97914,97977
170.818,Received an expired out of sequence packet ,97915,97977
170.818,Received an expired out of sequence packet ,97916,97977
170.818,Received an expired out of sequence packet ,97917,97977
170.823,Received an expired out of sequence packet ,97918,97977
170.827,Received an expired out of sequence packet ,97919,97977
170.827,Received an expired out of sequence packet ,97920,97977
170.828,Received an expired out of sequence packet ,97921,97977
170.828,Received an expired out of sequence packet ,97922,97977
170.828,Received an expired out of sequence packet ,97923,97977
170.828,Received an expired out of sequence packet ,97924,97977
170.835,Received an expired out of sequence packet ,97925,97977
170.835,Received an expired out of sequence packet ,97926,97977
170.835,Received an expired out of sequence packet ,97927,97977
170.84,Received an expired out of sequence packet ,97928,97977
170.84,Received an expired out of sequence packet ,97929,97977
170.842,Received an expired out of sequence packet ,97930,97977
170.921,Received an expired out of sequence packet ,97931,97977
170.926,Received an expired out of sequence packet ,97932,97977
170.926,Received an expired out of sequence packet ,97933,97977
170.932,Received an expired out of sequence packet ,97934,97977
170.932,Received an expired out of sequence packet ,97935,97977
170.934,Received an expired out of sequence packet ,97936,97977
170.938,Received an expired out of sequence packet ,97937,97977
170.942,Received an expired out of sequence packet ,97938,97977
170.942,Received an expired out of sequence packet ,97939,97977
170.942,Received an expired out of sequence packet ,97940,97977
170.945,Received an expired out of sequence packet ,97941,97977
170.945,Received an expired out of sequence packet ,97942,97977
170.947,Received an expired out of sequence packet ,97943,97977
170.947,Received an expired out of sequence packet ,97944,97977
170.947,Received an expired out of sequence packet ,97945,97977
170.95,Received an expired out of sequence packet ,97946,97977
170.95,Received an expired out of sequence packet ,97947,97977
170.95,Received an expired out of sequence packet ,97948,97977
170.956,Received an expired out of sequence packet ,97949,97977
170.956,Received an expired out of sequence packet ,97950,97977
170.956,Received an expired out of sequence packet ,97951,97977
170.96,Received an expired out of sequence packet ,97952,97977
170.96,Received an expired out of sequence packet ,97953,97977
170.96,Received an expired out of sequence packet ,97954,97977
170.96,Received an expired out of sequence packet ,97955,97977
170.96,Received an expired out of sequence packet ,97956,97977
170.969,Received an expired out of sequence packet ,97957,97977
170.969,Received an expired out of sequence packet ,97958,97977
170.969,Received an expired out of sequence packet ,97959,97977
170.973,Received an expired out of sequence packet ,97960,97977
170.973,Received an expired out of sequence packet ,97961,97977
170.973,Received an expired out of sequence packet ,97962,97977
170.973,Received an expired out of sequence packet ,97963,97977
170.973,Received an expired out of sequence packet ,97964,97977
170.976,Received an expired out of sequence packet ,97965,97977
170.976,Received an expired out of sequence packet ,97966,97977
170.976,Received an expired out of sequence packet ,97967,97977
170.976,Received an expired out of sequence packet ,97968,97977
170.977,Received an expired out of sequence packet ,97969,97977
170.98,Received an expired out of sequence packet ,97970,97977
170.98,Received an expired out of sequence packet ,97971,97977
170.98,Received an expired out of sequence packet ,97972,97977
170.98,Received an expired out of sequence packet ,97973,97977
170.98,Received an expired out of sequence packet ,97974,97977
170.984,Received an expired out of sequence packet ,97975,97977
170.984,Received an expired out of sequence packet ,97976,97977
194.421,Timeout
194.421,clearing sending list because of timeout
194.424,Received an expired out of sequence packet ,111161,111248
194.984,Received an expired out of sequence packet ,111162,111248
194.986,Received an expired out of sequence packet ,111163,111248
194.986,Received an expired out of sequence packet ,111164,111248
194.987,Received an expired out of sequence packet ,111165,111248
194.987,Received an expired out of sequence packet ,111166,111248
195.024,Received an expired out of sequence packet ,111167,111248
195.024,Received an expired out of sequence packet ,111168,111248
195.024,Received an expired out of sequence packet ,111169,111248
195.024,Received an expired out of sequence packet ,111170,111248
195.024,Received an expired out of sequence packet ,111171,111248
195.027,Received an expired out of sequence packet ,111172,111248
195.027,Received an expired out of sequence packet ,111173,111248
195.027,Received an expired out of sequence packet ,111174,111248
195.027,Received an expired out of sequence packet ,111175,111248
195.027,Received an expired out of sequence packet ,111176,111248
195.027,Received an expired out of sequence packet ,111177,111248
195.027,Received an expired out of sequence packet ,111178,111248
195.027,Received an expired out of sequence packet ,111179,111248
195.027,Received an expired out of sequence packet ,111180,111248
195.027,Received an expired out of sequence packet ,111181,111248
195.029,Received an expired out of sequence packet ,111182,111248
195.033,Received an expired out of sequence packet ,111183,111248
195.033,Received an expired out of sequence packet ,111184,111248
195.037,Received an expired out of sequence packet ,111185,111248
195.037,Received an expired out of sequence packet ,111186,111248
195.037,Received an expired out of sequence packet ,111187,111248
195.04,Received an expired out of sequence packet ,111188,111248
195.043,Received an expired out of sequence packet ,111189,111248
195.043,Received an expired out of sequence packet ,111190,111248
195.056,Received an expired out of sequence packet ,111191,111248
195.061,Received an expired out of sequence packet ,111192,111248
195.062,Received an expired out of sequence packet ,111193,111248
195.064,Received an expired out of sequence packet ,111194,111248
195.064,Received an expired out of sequence packet ,111195,111248
195.067,Received an expired out of sequence packet ,111196,111248
195.067,Received an expired out of sequence packet ,111197,111248
195.067,Received an expired out of sequence packet ,111198,111248
195.071,Received an expired out of sequence packet ,111199,111248
195.071,Received an expired out of sequence packet ,111200,111248
195.071,Received an expired out of sequence packet ,111201,111248
195.074,Received an expired out of sequence packet ,111202,111248
195.074,Received an expired out of sequence packet ,111203,111248
195.074,Received an expired out of sequence packet ,111204,111248
195.076,Received an expired out of sequence packet ,111205,111248
195.076,Received an expired out of sequence packet ,111206,111248
195.078,Received an expired out of sequence packet ,111207,111248
195.082,Received an expired out of sequence packet ,111208,111248
195.084,Received an expired out of sequence packet ,111209,111248
195.084,Received an expired out of sequence packet ,111210,111248
195.084,Received an expired out of sequence packet ,111211,111248
195.099,Received an expired out of sequence packet ,111212,111248
195.099,Received an expired out of sequence packet ,111213,111248
195.101,Received an expired out of sequence packet ,111214,111248
195.103,Received an expired out of sequence packet ,111215,111248
195.103,Received an expired out of sequence packet ,111216,111248
195.103,Received an expired out of sequence packet ,111217,111248
195.11,Received an expired out of sequence packet ,111218,111248
195.11,Received an expired out of sequence packet ,111219,111248
195.11,Received an expired out of sequence packet ,111220,111248
195.11,Received an expired out of sequence packet ,111221,111248
195.11,Received an expired out of sequence packet ,111222,111248
195.114,Received an expired out of sequence packet ,111223,111248
195.114,Received an expired out of sequence packet ,111224,111248
195.114,Received an expired out of sequence packet ,111225,111248
195.114,Received an expired out of sequence packet ,111226,111248
195.114,Received an expired out of sequence packet ,111227,111248
195.114,Received an expired out of sequence packet ,111228,111248
195.12,Received an expired out of sequence packet ,111229,111248
195.123,Received an expired out of sequence packet ,111230,111248
195.123,Received an expired out of sequence packet ,111231,111248
195.123,Received an expired out of sequence packet ,111232,111248
195.127,Received an expired out of sequence packet ,111233,111248
195.127,Received an expired out of sequence packet ,111234,111248
195.127,Received an expired out of sequence packet ,111235,111248
195.127,Received an expired out of sequence packet ,111236,111248
195.132,Received an expired out of sequence packet ,111237,111248
195.142,Received an expired out of sequence packet ,111238,111248
195.144,Received an expired out of sequence packet ,111239,111248
195.146,Received an expired out of sequence packet ,111240,111248
195.146,Received an expired out of sequence packet ,111241,111248
195.148,Received an expired out of sequence packet ,111242,111248
195.148,Received an expired out of sequence packet ,111243,111248
195.148,Received an expired out of sequence packet ,111244,111248
195.148,Received an expired out of sequence packet ,111245,111248
195.15,Received an expired out of sequence packet ,111246,111248
195.15,Received an expired out of sequence packet ,111247,111248
222.512,Timeout
222.512,clearing sending list because of timeout
222.636,Received an expired out of sequence packet ,127503,127639
222.653,Received an expired out of sequence packet ,127504,127639
222.679,Received an expired out of sequence packet ,127505,127639
222.7,Received an expired out of sequence packet ,127506,127639
222.708,Received an expired out of sequence packet ,127507,127639
222.716,Received an expired out of sequence packet ,127508,127639
222.733,Received an expired out of sequence packet ,127509,127639
222.741,Received an expired out of sequence packet ,127510,127639
222.758,Received an expired out of sequence packet ,127511,127639
222.772,Received an expired out of sequence packet ,127512,127639
222.78,Received an expired out of sequence packet ,127513,127639
222.796,Received an expired out of sequence packet ,127514,127639
222.804,Received an expired out of sequence packet ,127515,127639
222.82,Received an expired out of sequence packet ,127516,127639
222.837,Received an expired out of sequence packet ,127517,127639
222.842,Received an expired out of sequence packet ,127518,127639
222.854,Received an expired out of sequence packet ,127519,127639
222.874,Received an expired out of sequence packet ,127520,127639
222.889,Received an expired out of sequence packet ,127521,127639
222.9,Received an expired out of sequence packet ,127522,127639
222.916,Received an expired out of sequence packet ,127523,127639
222.933,Received an expired out of sequence packet ,127524,127639
222.947,Received an expired out of sequence packet ,127525,127639
222.959,Received an expired out of sequence packet ,127526,127639
222.959,Received an expired out of sequence packet ,127527,127639
222.992,Received an expired out of sequence packet ,127528,127639
223.017,Received an expired out of sequence packet ,127529,127639
223.032,Received an expired out of sequence packet ,127530,127639
223.06,Received an expired out of sequence packet ,127531,127639
223.078,Received an expired out of sequence packet ,127532,127639
223.102,Received an expired out of sequence packet ,127533,127639
223.122,Received an expired out of sequence packet ,127534,127639
223.151,Received an expired out of sequence packet ,127535,127639
223.171,Received an expired out of sequence packet ,127536,127639
223.197,Received an expired out of sequence packet ,127537,127639
223.22,Received an expired out of sequence packet ,127538,127639
223.24,Received an expired out of sequence packet ,127539,127639
223.274,Received an expired out of sequence packet ,127540,127639
223.304,Received an expired out of sequence packet ,127541,127639
223.312,Received an expired out of sequence packet ,127542,127639
223.336,Received an expired out of sequence packet ,127543,127639
223.355,Received an expired out of sequence packet ,127544,127639
223.375,Received an expired out of sequence packet ,127545,127639
223.395,Received an expired out of sequence packet ,127546,127639
223.414,Received an expired out of sequence packet ,127547,127639
223.431,Received an expired out of sequence packet ,127548,127639
223.443,Received an expired out of sequence packet ,127549,127639
223.452,Received an expired out of sequence packet ,127550,127639
223.469,Received an expired out of sequence packet ,127551,127639
223.48,Received an expired out of sequence packet ,127552,127639
223.492,Received an expired out of sequence packet ,127553,127639
223.505,Received an expired out of sequence packet ,127554,127639
223.518,Received an expired out of sequence packet ,127555,127639
223.539,Received an expired out of sequence packet ,127556,127639
223.548,Received an expired out of sequence packet ,127557,127639
223.571,Received an expired out of sequence packet ,127558,127639
223.599,Received an expired out of sequence packet ,127559,127639
223.614,Received an expired out of sequence packet ,127560,127639
223.636,Received an expired out of sequence packet ,127561,127639
223.651,Received an expired out of sequence packet ,127562,127639
223.663,Received an expired out of sequence packet ,127563,127639
223.685,Received an expired out of sequence packet ,127564,127639
223.699,Received an expired out of sequence packet ,127565,127639
223.714,Received an expired out of sequence packet ,127566,127639
223.731,Received an expired out of sequence packet ,127567,127639
223.757,Received an expired out of sequence packet ,127568,127639
223.772,Received an expired out of sequence packet ,127569,127639
223.798,Received an expired out of sequence packet ,127570,127639
223.809,Received an expired out of sequence packet ,127571,127639
223.83,Received an expired out of sequence packet ,127572,127639
223.842,Received an expired out of sequence packet ,127573,127639
223.854,Received an expired out of sequence packet ,127574,127639
223.867,Received an expired out of sequence packet ,127575,127639
223.872,Received an expired out of sequence packet ,127576,127639
223.878,Received an expired out of sequence packet ,127577,127639
223.889,Received an expired out of sequence packet ,127578,127639
223.896,Received an expired out of sequence packet ,127579,127639
223.904,Received an expired out of sequence packet ,127580,127639
223.918,Received an expired out of sequence packet ,127581,127639
223.926,Received an expired out of sequence packet ,127582,127639
223.936,Received an expired out of sequence packet ,127583,127639
223.945,Received an expired out of sequence packet ,127584,127639
223.959,Received an expired out of sequence packet ,127585,127639
223.965,Received an expired out of sequence packet ,127586,127639
223.977,Received an expired out of sequence packet ,127587,127639
223.994,Received an expired out of sequence packet ,127588,127639
224.013,Received an expired out of sequence packet ,127589,127639
224.023,Received an expired out of sequence packet ,127590,127639
224.059,Received an expired out of sequence packet ,127591,127639
224.074,Received an expired out of sequence packet ,127592,127639
224.089,Received an expired out of sequence packet ,127593,127639
224.108,Received an expired out of sequence packet ,127594,127639
224.11,Received an expired out of sequence packet ,127595,127639
224.13,Received an expired out of sequence packet ,127596,127639
224.145,Received an expired out of sequence packet ,127597,127639
224.155,Received an expired out of sequence packet ,127598,127639
224.169,Received an expired out of sequence packet ,127599,127639
224.185,Received an expired out of sequence packet ,127600,127639
224.198,Received an expired out of sequence packet ,127601,127639
224.215,Received an expired out of sequence packet ,127602,127639
224.227,Received an expired out of sequence packet ,127603,127639
224.244,Received an expired out of sequence packet ,127604,127639
224.257,Received an expired out of sequence packet ,127605,127639
224.278,Received an expired out of sequence packet ,127606,127639
224.287,Received an expired out of sequence packet ,127607,127639
224.307,Received an expired out of sequence packet ,127608,127639
224.314,Received an expired out of sequence packet ,127609,127639
224.339,Received an expired out of sequence packet ,127610,127639
224.355,Received an expired out of sequence packet ,127611,127639
224.38,Received an expired out of sequence packet ,127612,127639
224.395,Received an expired out of sequence packet ,127613,127639
224.416,Received an expired out of sequence packet ,127614,127639
224.429,Received an expired out of sequence packet ,127615,127639
224.448,Received an expired out of sequence packet ,127616,127639
224.47,Received an expired out of sequence packet ,127617,127639
224.508,Received an expired out of sequence packet ,127618,127639
224.523,Received an expired out of sequence packet ,127619,127639
224.55,Received an expired out of sequence packet ,127620,127639
224.584,Received an expired out of sequence packet ,127621,127639
224.608,Received an expired out of sequence packet ,127622,127639
224.632,Received an expired out of sequence packet ,127623,127639
224.651,Received an expired out of sequence packet ,127624,127639
224.667,Received an expired out of sequence packet ,127625,127639
224.684,Received an expired out of sequence packet ,127626,127639
224.696,Received an expired out of sequence packet ,127627,127639
224.711,Received an expired out of sequence packet ,127628,127639
224.726,Received an expired out of sequence packet ,127629,127639
224.745,Received an expired out of sequence packet ,127630,127639
224.754,Received an expired out of sequence packet ,127631,127639
224.767,Received an expired out of sequence packet ,127632,127639
224.775,Received an expired out of sequence packet ,127633,127639
224.787,Received an expired out of sequence packet ,127634,127639
224.803,Received an expired out of sequence packet ,127635,127639
224.805,Received an expired out of sequence packet ,127636,127639
224.814,Received an expired out of sequence packet ,127637,127639
224.828,Received an expired out of sequence packet ,127638,127639
241.424,Timeout
241.424,clearing sending list because of timeout
241.424,Received an expired out of sequence packet ,137318,137518
242.424,Timeout
242.424,clearing sending list because of timeout
242.436,Received an expired out of sequence packet ,137319,137520
242.729,Received an expired out of sequence packet ,137320,137520
242.743,Received an expired out of sequence packet ,137321,137520
242.745,Received an expired out of sequence packet ,137322,137520
242.756,Received an expired out of sequence packet ,137323,137520
242.758,Received an expired out of sequence packet ,137324,137520
242.773,Received an expired out of sequence packet ,137325,137520
242.773,Received an expired out of sequence packet ,137326,137520
242.78,Received an expired out of sequence packet ,137327,137520
242.781,Received an expired out of sequence packet ,137328,137520
242.798,Received an expired out of sequence packet ,137329,137520
242.802,Received an expired out of sequence packet ,137330,137520
242.803,Received an expired out of sequence packet ,137331,137520
242.808,Received an expired out of sequence packet ,137332,137520
242.821,Received an expired out of sequence packet ,137333,137520
242.823,Received an expired out of sequence packet ,137334,137520
242.825,Received an expired out of sequence packet ,137335,137520
242.825,Received an expired out of sequence packet ,137336,137520
242.832,Received an expired out of sequence packet ,137337,137520
242.838,Received an expired out of sequence packet ,137338,137520
242.84,Received an expired out of sequence packet ,137339,137520
242.849,Received an expired out of sequence packet ,137340,137520
242.851,Received an expired out of sequence packet ,137341,137520
242.861,Received an expired out of sequence packet ,137342,137520
242.869,Received an expired out of sequence packet ,137343,137520
242.873,Received an expired out of sequence packet ,137344,137520
242.878,Received an expired out of sequence packet ,137345,137520
242.891,Received an expired out of sequence packet ,137346,137520
242.895,Received an expired out of sequence packet ,137347,137520
242.895,Received an expired out of sequence packet ,137348,137520
242.895,Received an expired out of sequence packet ,137349,137520
242.9,Received an expired out of sequence packet ,137350,137520
242.905,Received an expired out of sequence packet ,137351,137520
242.909,Received an expired out of sequence packet ,137352,137520
242.912,Received an expired out of sequence packet ,137353,137520
242.915,Received an expired out of sequence packet ,137354,137520
242.915,Received an expired out of sequence packet ,137355,137520
242.917,Received an expired out of sequence packet ,137356,137520
242.92,Received an expired out of sequence packet ,137357,137520
242.92,Received an expired out of sequence packet ,137358,137520
242.929,Received an expired out of sequence packet ,137359,137520
242.929,Received an expired out of sequence packet ,137360,137520
242.929,Received an expired out of sequence packet ,137361,137520
242.932,Received an expired out of sequence packet ,137362,137520
242.932,Received an expired out of sequence packet ,137363,137520
242.932,Received an expired out of sequence packet ,137364,137520
242.935,Received an expired out of sequence packet ,137365,137520
242.935,Received an expired out of sequence packet ,137366,137520
242.941,Received an expired out of sequence packet ,137367,137520
242.945,Received an expired out of sequence packet ,137368,137520
242.945,Received an expired out of sequence packet ,137369,137520
242.945,Received an expired out of sequence packet ,137370,137520
242.948,Received an expired out of sequence packet ,137371,137520
242.953,Received an expired out of sequence packet ,137372,137520
242.953,Received an expired out of sequence packet ,137373,137520
242.953,Received an expired out of sequence packet ,137374,137520
242.965,Received an expired out of sequence packet ,137375,137520
242.979,Received an expired out of sequence packet ,137376,137520
242.979,Received an expired out of sequence packet ,137377,137520
242.981,Received an expired out of sequence packet ,137378,137520
242.986,Received an expired out of sequence packet ,137379,137520
242.99,Received an expired out of sequence packet ,137380,137520
242.99,Received an expired out of sequence packet ,137381,137520
242.991,Received an expired out of sequence packet ,137382,137520
242.993,Received an expired out of sequence packet ,137383,137520
243,Received an expired out of sequence packet ,137384,137520
243.004,Received an expired out of sequence packet ,137385,137520
243.009,Received an expired out of sequence packet ,137386,137520
243.014,Received an expired out of sequence packet ,137387,137520
243.018,Received an expired out of sequence packet ,137388,137520
243.018,Received an expired out of sequence packet ,137389,137520
243.022,Received an expired out of sequence packet ,137390,137520
243.031,Received an expired out of sequence packet ,137391,137520
243.034,Received an expired out of sequence packet ,137392,137520
243.034,Received an expired out of sequence packet ,137393,137520
243.034,Received an expired out of sequence packet ,137394,137520
243.039,Received an expired out of sequence packet ,137395,137520
243.044,Received an expired out of sequence packet ,137396,137520
243.05,Received an expired out of sequence packet ,137397,137520
243.05,Received an expired out of sequence packet ,137398,137520
243.053,Received an expired out of sequence packet ,137399,137520
243.053,Received an expired out of sequence packet ,137400,137520
243.053,Received an expired out of sequence packet ,137401,137520
243.055,Received an expired out of sequence packet ,137402,137520
243.058,Received an expired out of sequence packet ,137403,137520
243.058,Received an expired out of sequence packet ,137404,137520
243.072,Received an expired out of sequence packet ,137405,137520
243.073,Received an expired out of sequence packet ,137406,137520
243.075,Received an expired out of sequence packet ,137407,137520
243.075,Received an expired out of sequence packet ,137408,137520
243.077,Received an expired out of sequence packet ,137409,137520
243.077,Received an expired out of sequence packet ,137410,137520
243.077,Received an expired out of sequence packet ,137411,137520
243.077,Received an expired out of sequence packet ,137412,137520
243.081,Received an expired out of sequence packet ,137413,137520
243.095,Received an expired out of sequence packet ,137414,137520
243.1,Received an expired out of sequence packet ,137415,137520
243.1,Received an expired out of sequence packet ,137416,137520
243.1,Received an expired out of sequence packet ,137417,137520
243.108,Received an expired out of sequence packet ,137418,137520
243.108,Received an expired out of sequence packet ,137419,137520
243.108,Received an expired out of sequence packet ,137420,137520
243.108,Received an expired out of sequence packet ,137421,137520
243.112,Received an expired out of sequence packet ,137422,137520
243.112,Received an expired out of sequence packet ,137423,137520
243.116,Received an expired out of sequence packet ,137424,137520
243.119,Received an expired out of sequence packet ,137425,137520
243.123,Received an expired out of sequence packet ,137426,137520
243.123,Received an expired out of sequence packet ,137427,137520
243.128,Received an expired out of sequence packet ,137428,137520
243.132,Received an expired out of sequence packet ,137429,137520
243.132,Received an expired out of sequence packet ,137430,137520
243.135,Received an expired out of sequence packet ,137431,137520
243.138,Received an expired out of sequence packet ,137432,137520
243.138,Received an expired out of sequence packet ,137433,137520
243.14,Received an expired out of sequence packet ,137434,137520
243.147,Received an expired out of sequence packet ,137435,137520
243.147,Received an expired out of sequence packet ,137436,137520
243.15,Received an expired out of sequence packet ,137437,137520
243.15,Received an expired out of sequence packet ,137438,137520
243.167,Received an expired out of sequence packet ,137439,137520
243.167,Received an expired out of sequence packet ,137440,137520
243.169,Received an expired out of sequence packet ,137441,137520
243.172,Received an expired out of sequence packet ,137442,137520
243.172,Received an expired out of sequence packet ,137443,137520
243.172,Received an expired out of sequence packet ,137444,137520
243.172,Received an expired out of sequence packet ,137445,137520
243.175,Received an expired out of sequence packet ,137446,137520
243.176,Received an expired out of sequence packet ,137447,137520
243.181,Received an expired out of sequence packet ,137448,137520
243.181,Received an expired out of sequence packet ,137449,137520
243.185,Received an expired out of sequence packet ,137450,137520
243.189,Received an expired out of sequence packet ,137451,137520
243.191,Received an expired out of sequence packet ,137452,137520
243.193,Received an expired out of sequence packet ,137453,137520
243.193,Received an expired out of sequence packet ,137454,137520
243.198,Received an expired out of sequence packet ,137455,137520
243.198,Received an expired out of sequence packet ,137456,137520
243.201,Received an expired out of sequence packet ,137457,137520
243.201,Received an expired out of sequence packet ,137458,137520
243.203,Received an expired out of sequence packet ,137459,137520
243.21,Received an expired out of sequence packet ,137460,137520
243.213,Received an expired out of sequence packet ,137461,137520
243.213,Received an expired out of sequence packet ,137462,137520
243.213,Received an expired out of sequence packet ,137463,137520
243.213,Received an expired out of sequence packet ,137464,137520
243.217,Received an expired out of sequence packet ,137465,137520
243.217,Received an expired out of sequence packet ,137466,137520
243.217,Received an expired out of sequence packet ,137467,137520
243.22,Received an expired out of sequence packet ,137468,137520
243.223,Received an expired out of sequence packet ,137469,137520
243.224,Received an expired out of sequence packet ,137470,137520
243.229,Received an expired out of sequence packet ,137471,137520
243.229,Received an expired out of sequence packet ,137472,137520
243.229,Received an expired out of sequence packet ,137473,137520
243.232,Received an expired out of sequence packet ,137474,137520
243.232,Received an expired out of sequence packet ,137475,137520
243.237,Received an expired out of sequence packet ,137476,137520
243.237,Received an expired out of sequence packet ,137477,137520
243.239,Received an expired out of sequence packet ,137478,137520
243.239,Received an expired out of sequence packet ,137479,137520
243.241,Received an expired out of sequence packet ,137480,137520
243.245,Received an expired out of sequence packet ,137481,137520
243.245,Received an expired out of sequence packet ,137482,137520
243.245,Received an expired out of sequence packet ,137483,137520
243.25,Received an expired out of sequence packet ,137484,137520
243.251,Received an expired out of sequence packet ,137485,137520
243.253,Received an expired out of sequence packet ,137486,137520
243.253,Received an expired out of sequence packet ,137487,137520
243.253,Received an expired out of sequence packet ,137488,137520
243.256,Received an expired out of sequence packet ,137489,137520
243.256,Received an expired out of sequence packet ,137490,137520
243.256,Received an expired out of sequence packet ,137491,137520
243.259,Received an expired out of sequence packet ,137492,137520
243.259,Received an expired out of sequence packet ,137493,137520
243.259,Received an expired out of sequence packet ,137494,137520
243.261,Received an expired out of sequence packet ,137495,137520
243.263,Received an expired out of sequence packet ,137496,137520
243.268,Received an expired out of sequence packet ,137497,137520
243.29,Received an expired out of sequence packet ,137498,137520
243.29,Received an expired out of sequence packet ,137499,137520
243.293,Received an expired out of sequence packet ,137500,137520
243.295,Received an expired out of sequence packet ,137501,137520
243.295,Received an expired out of sequence packet ,137502,137520
243.309,Received an expired out of sequence packet ,137503,137520
243.311,Received an expired out of sequence packet ,137504,137520
243.315,Received an expired out of sequence packet ,137505,137520
243.315,Received an expired out of sequence packet ,137506,137520
243.315,Received an expired out of sequence packet ,137507,137520
243.315,Received an expired out of sequence packet ,137508,137520
243.315,Received an expired out of sequence packet ,137509,137520
243.315,Received an expired out of sequence packet ,137510,137520
243.318,Received an expired out of sequence packet ,137511,137520
243.321,Received an expired out of sequence packet ,137512,137520
243.321,Received an expired out of sequence packet ,137513,137520
243.323,Received an expired out of sequence packet ,137514,137520
243.329,Received an expired out of sequence packet ,137515,137520
243.332,Received an expired out of sequence packet ,137516,137520
243.332,Received an expired out of sequence packet ,137517,137520
243.332,Received an expired out of sequence packet ,137518,137520
243.335,Received an expired out of sequence packet ,137519,137520
276.628,Timeout
276.628,clearing sending list because of timeout
276.772,Received an expired out of sequence packet ,149408,149714
276.772,Received an expired out of sequence packet ,149409,149714
276.772,Received an expired out of sequence packet ,149410,149714
276.772,Received an expired out of sequence packet ,149411,149714
276.772,Received an expired out of sequence packet ,149412,149714
276.772,Received an expired out of sequence packet ,149413,149714
276.772,Received an expired out of sequence packet ,149414,149714
276.772,Received an expired out of sequence packet ,149415,149714
276.772,Received an expired out of sequence packet ,149416,149714
276.772,Received an expired out of sequence packet ,149417,149714
276.772,Received an expired out of sequence packet ,149418,149714
276.772,Received an expired out of sequence packet ,149419,149714
276.772,Received an expired out of sequence packet ,149420,149714
276.772,Received an expired out of sequence packet ,149421,149714
276.772,Received an expired out of sequence packet ,149422,149714
276.772,Received an expired out of sequence packet ,149423,149714
276.772,Received an expired out of sequence packet ,149424,149714
276.772,Received an expired out of sequence packet ,149425,149714
276.772,Received an expired out of sequence packet ,149426,149714
276.773,Received an expired out of sequence packet ,149427,149714
276.821,Received an expired out of sequence packet ,149428,149714
276.823,Received an expired out of sequence packet ,149429,149714
276.823,Received an expired out of sequence packet ,149430,149714
276.823,Received an expired out of sequence packet ,149431,149714
276.824,Received an expired out of sequence packet ,149432,149714
276.825,Received an expired out of sequence packet ,149433,149714
276.825,Received an expired out of sequence packet ,149434,149714
276.825,Received an expired out of sequence packet ,149435,149714
276.825,Received an expired out of sequence packet ,149436,149714
276.825,Received an expired out of sequence packet ,149437,149714
276.825,Received an expired out of sequence packet ,149438,149714
276.825,Received an expired out of sequence packet ,149439,149714
276.825,Received an expired out of sequence packet ,149440,149714
276.825,Received an expired out of sequence packet ,149441,149714
276.825,Received an expired out of sequence packet ,149442,149714
276.825,Received an expired out of sequence packet ,149443,149714
276.825,Received an expired out of sequence packet ,149444,149714
276.825,Received an expired out of sequence packet ,149445,149714
276.855,Received an expired out of sequence packet ,149446,149714
276.855,Received an expired out of sequence packet ,149447,149714
276.855,Received an expired out of sequence packet ,149448,149714
276.855,Received an expired out of sequence packet ,149449,149714
276.855,Received an expired out of sequence packet ,149450,149714
276.857,Received an expired out of sequence packet ,149451,149714
276.857,Received an expired out of sequence packet ,149452,149714
276.861,Received an expired out of sequence packet ,149453,149714
276.861,Received an expired out of sequence packet ,149454,149714
276.866,Received an expired out of sequence packet ,149455,149714
276.866,Received an expired out of sequence packet ,149456,149714
276.866,Received an expired out of sequence packet ,149457,149714
276.895,Received an expired out of sequence packet ,149458,149714
276.896,Received an expired out of sequence packet ,149459,149714
276.896,Received an expired out of sequence packet ,149460,149714
276.896,Received an expired out of sequence packet ,149461,149714
276.896,Received an expired out of sequence packet ,149462,149714
276.896,Received an expired out of sequence packet ,149463,149714
276.896,Received an expired out of sequence packet ,149464,149714
276.896,Received an expired out of sequence packet ,149465,149714
276.896,Received an expired out of sequence packet ,149466,149714
276.896,Received an expired out of sequence packet ,149467,149714
276.896,Received an expired out of sequence packet ,149468,149714
276.905,Received an expired out of sequence packet ,149469,149714
276.905,Received an expired out of sequence packet ,149470,149714
276.908,Received an expired out of sequence packet ,149471,149714
276.908,Received an expired out of sequence packet ,149472,149714
276.908,Received an expired out of sequence packet ,149473,149714
276.908,Received an expired out of sequence packet ,149474,149714
276.909,Received an expired out of sequence packet ,149475,149714
276.909,Received an expired out of sequence packet ,149476,149714
276.909,Received an expired out of sequence packet ,149477,149714
276.909,Received an expired out of sequence packet ,149478,149714
276.909,Received an expired out of sequence packet ,149479,149714
276.912,Received an expired out of sequence packet ,149480,149714
276.912,Received an expired out of sequence packet ,149481,149714
276.912,Received an expired out of sequence packet ,149482,149714
276.912,Received an expired out of sequence packet ,149483,149714
276.912,Received an expired out of sequence packet ,149484,149714
276.912,Received an expired out of sequence packet ,149485,149714
276.912,Received an expired out of sequence packet ,149486,149714
276.912,Received an expired out of sequence packet ,149487,149714
276.912,Received an expired out of sequence packet ,149488,149714
276.912,Received an expired out of sequence packet ,149489,149714
276.912,Received an expired out of sequence packet ,149490,149714
276.912,Received an expired out of sequence packet ,149491,149714
276.912,Received an expired out of sequence packet ,149492,149714
276.912,Received an expired out of sequence packet ,149493,149714
276.912,Received an expired out of sequence packet ,149494,149714
276.912,Received an expired out of sequence packet ,149495,149714
276.916,Received an expired out of sequence packet ,149496,149714
276.916,Received an expired out of sequence packet ,149497,149714
276.916,Received an expired out of sequence packet ,149498,149714
276.916,Received an expired out of sequence packet ,149499,149714
276.916,Received an expired out of sequence packet ,149500,149714
276.916,Received an expired out of sequence packet ,149501,149714
276.916,Received an expired out of sequence packet ,149502,149714
276.916,Received an expired out of sequence packet ,149503,149714
276.916,Received an expired out of sequence packet ,149504,149714
276.932,Received an expired out of sequence packet ,149505,149714
276.932,Received an expired out of sequence packet ,149506,149714
276.934,Received an expired out of sequence packet ,149507,149714
276.934,Received an expired out of sequence packet ,149508,149714
276.938,Received an expired out of sequence packet ,149509,149714
276.938,Received an expired out of sequence packet ,149510,149714
276.941,Received an expired out of sequence packet ,149511,149714
276.941,Received an expired out of sequence packet ,149512,149714
276.946,Received an expired out of sequence packet ,149513,149714
276.946,Received an expired out of sequence packet ,149514,149714
276.946,Received an expired out of sequence packet ,149515,149714
276.946,Received an expired out of sequence packet ,149516,149714
276.946,Received an expired out of sequence packet ,149517,149714
276.946,Received an expired out of sequence packet ,149518,149714
276.946,Received an expired out of sequence packet ,149519,149714
276.946,Received an expired out of sequence packet ,149520,149714
276.946,Received an expired out of sequence packet ,149521,149714
276.946,Received an expired out of sequence packet ,149522,149714
276.958,Received an expired out of sequence packet ,149523,149714
276.958,Received an expired out of sequence packet ,149524,149714
276.958,Received an expired out of sequence packet ,149525,149714
276.958,Received an expired out of sequence packet ,149526,149714
276.958,Received an expired out of sequence packet ,149527,149714
276.958,Received an expired out of sequence packet ,149528,149714
276.958,Received an expired out of sequence packet ,149529,149714
276.962,Received an expired out of sequence packet ,149530,149714
276.962,Received an expired out of sequence packet ,149531,149714
276.977,Received an expired out of sequence packet ,149532,149714
276.978,Received an expired out of sequence packet ,149533,149714
276.978,Received an expired out of sequence packet ,149534,149714
276.978,Received an expired out of sequence packet ,149535,149714
276.981,Received an expired out of sequence packet ,149536,149714
276.981,Received an expired out of sequence packet ,149537,149714
276.981,Received an expired out of sequence packet ,149538,149714
276.991,Received an expired out of sequence packet ,149539,149714
276.992,Received an expired out of sequence packet ,149540,149714
276.992,Received an expired out of sequence packet ,149541,149714
276.992,Received an expired out of sequence packet ,149542,149714
276.992,Received an expired out of sequence packet ,149543,149714
276.992,Received an expired out of sequence packet ,149544,149714
276.992,Received an expired out of sequence packet ,149545,149714
276.994,Received an expired out of sequence packet ,149546,149714
276.995,Received an expired out of sequence packet ,149547,149714
276.995,Received an expired out of sequence packet ,149548,149714
276.995,Received an expired out of sequence packet ,149549,149714
276.995,Received an expired out of sequence packet ,149550,149714
276.995,Received an expired out of sequence packet ,149551,149714
276.995,Received an expired out of sequence packet ,149552,149714
276.995,Received an expired out of sequence packet ,149553,149714
276.995,Received an expired out of sequence packet ,149554,149714
276.995,Received an expired out of sequence packet ,149555,149714
276.995,Received an expired out of sequence packet ,149556,149714
276.996,Received an expired out of sequence packet ,149557,149714
276.996,Received an expired out of sequence packet ,149558,149714
276.996,Received an expired out of sequence packet ,149559,149714
276.996,Received an expired out of sequence packet ,149560,149714
276.996,Received an expired out of sequence packet ,149561,149714
276.996,Received an expired out of sequence packet ,149562,149714
276.996,Received an expired out of sequence packet ,149563,149714
276.996,Received an expired out of sequence packet ,149564,149714
276.996,Received an expired out of sequence packet ,149565,149714
276.996,Received an expired out of sequence packet ,149566,149714
276.996,Received an expired out of sequence packet ,149567,149714
276.996,Received an expired out of sequence packet ,149568,149714
276.996,Received an expired out of sequence packet ,149569,149714
276.996,Received an expired out of sequence packet ,149570,149714
276.996,Received an expired out of sequence packet ,149571,149714
276.996,Received an expired out of sequence packet ,149572,149714
276.996,Received an expired out of sequence packet ,149573,149714
276.999,Received an expired out of sequence packet ,149574,149714
276.999,Received an expired out of sequence packet ,149575,149714
276.999,Received an expired out of sequence packet ,149576,149714
276.999,Received an expired out of sequence packet ,149577,149714
276.999,Received an expired out of sequence packet ,149578,149714
276.999,Received an expired out of sequence packet ,149579,149714
276.999,Received an expired out of sequence packet ,149580,149714
276.999,Received an expired out of sequence packet ,149581,149714
276.999,Received an expired out of sequence packet ,149582,149714
276.999,Received an expired out of sequence packet ,149583,149714
276.999,Received an expired out of sequence packet ,149584,149714
276.999,Received an expired out of sequence packet ,149585,149714
276.999,Received an expired out of sequence packet ,149586,149714
276.999,Received an expired out of sequence packet ,149587,149714
277.002,Received an expired out of sequence packet ,149588,149714
277.002,Received an expired out of sequence packet ,149589,149714
277.002,Received an expired out of sequence packet ,149590,149714
277.008,Received an expired out of sequence packet ,149591,149714
277.008,Received an expired out of sequence packet ,149592,149714
277.008,Received an expired out of sequence packet ,149593,149714
277.008,Received an expired out of sequence packet ,149594,149714
277.012,Received an expired out of sequence packet ,149595,149714
277.012,Received an expired out of sequence packet ,149596,149714
277.012,Received an expired out of sequence packet ,149597,149714
277.013,Received an expired out of sequence packet ,149598,149714
277.014,Received an expired out of sequence packet ,149599,149714
277.014,Received an expired out of sequence packet ,149600,149714
277.014,Received an expired out of sequence packet ,149601,149714
277.014,Received an expired out of sequence packet ,149602,149714
277.014,Received an expired out of sequence packet ,149603,149714
277.015,Received an expired out of sequence packet ,149604,149714
277.015,Received an expired out of sequence packet ,149605,149714
277.015,Received an expired out of sequence packet ,149606,149714
277.015,Received an expired out of sequence packet ,149607,149714
277.015,Received an expired out of sequence packet ,149608,149714
277.015,Received an expired out of sequence packet ,149609,149714
277.015,Received an expired out of sequence packet ,149610,149714
277.015,Received an expired out of sequence packet ,149611,149714
277.016,Received an expired out of sequence packet ,149612,149714
277.016,Received an expired out of sequence packet ,149613,149714
277.016,Received an expired out of sequence packet ,149614,149714
277.016,Received an expired out of sequence packet ,149615,149714
277.025,Received an expired out of sequence packet ,149616,149714
277.025,Received an expired out of sequence packet ,149617,149714
277.025,Received an expired out of sequence packet ,149618,149714
277.025,Received an expired out of sequence packet ,149619,149714
277.025,Received an expired out of sequence packet ,149620,149714
277.025,Received an expired out of sequence packet ,149621,149714
277.025,Received an expired out of sequence packet ,149622,149714
277.025,Received an expired out of sequence packet ,149623,149714
277.025,Received an expired out of sequence packet ,149624,149714
277.025,Received an expired out of sequence packet ,149625,149714
277.025,Received an expired out of sequence packet ,149626,149714
277.026,Received an expired out of sequence packet ,149627,149714
277.026,Received an expired out of sequence packet ,149628,149714
277.026,Received an expired out of sequence packet ,149629,149714
277.05,Received an expired out of sequence packet ,149630,149714
277.05,Received an expired out of sequence packet ,149631,149714
277.05,Received an expired out of sequence packet ,149632,149714
277.05,Received an expired out of sequence packet ,149633,149714
277.05,Received an expired out of sequence packet ,149634,149714
277.05,Received an expired out of sequence packet ,149635,149714
277.05,Received an expired out of sequence packet ,149636,149714
277.05,Received an expired out of sequence packet ,149637,149714
277.05,Received an expired out of sequence packet ,149638,149714
277.122,Received an expired out of sequence packet ,149639,149714
277.122,Received an expired out of sequence packet ,149640,149714
277.122,Received an expired out of sequence packet ,149641,149714
277.125,Received an expired out of sequence packet ,149642,149714
277.125,Received an expired out of sequence packet ,149643,149714
277.125,Received an expired out of sequence packet ,149644,149714
277.125,Received an expired out of sequence packet ,149645,149714
277.128,Received an expired out of sequence packet ,149646,149714
277.128,Received an expired out of sequence packet ,149647,149714
277.128,Received an expired out of sequence packet ,149648,149714
277.128,Received an expired out of sequence packet ,149649,149714
277.128,Received an expired out of sequence packet ,149650,149714
277.128,Received an expired out of sequence packet ,149651,149714
277.128,Received an expired out of sequence packet ,149652,149714
277.128,Received an expired out of sequence packet ,149653,149714
277.128,Received an expired out of sequence packet ,149654,149714
277.128,Received an expired out of sequence packet ,149655,149714
277.128,Received an expired out of sequence packet ,149656,149714
277.128,Received an expired out of sequence packet ,149657,149714
277.135