1.24782,Exit slow start,exceeding SS_EXIT_THRESHOLD
8.27002,Restart,can't map delay on delay curve
9.57461,Exit slow start,exceeding SS_EXIT_THRESHOLD
87.7356,Timeout
87.7356,clearing sending list because of timeout
87.9699,Received an expired out of sequence packet ,47551,47629
87.9699,Received an expired out of sequence packet ,47552,47629
87.9699,Received an expired out of sequence packet ,47553,47629
87.9699,Received an expired out of sequence packet ,47554,47629
87.9699,Received an expired out of sequence packet ,47555,47629
87.9699,Received an expired out of sequence packet ,47556,47629
87.9699,Received an expired out of sequence packet ,47557,47629
87.97,Received an expired out of sequence packet ,47558,47629
87.97,Received an expired out of sequence packet ,47559,47629
87.97,Received an expired out of sequence packet ,47560,47629
87.97,Received an expired out of sequence packet ,47561,47629
87.97,Received an expired out of sequence packet ,47562,47629
87.97,Received an expired out of sequence packet ,47563,47629
88.005,Received an expired out of sequence packet ,47564,47629
88.0091,Received an expired out of sequence packet ,47565,47629
88.0091,Received an expired out of sequence packet ,47566,47629
88.0091,Received an expired out of sequence packet ,47567,47629
88.0103,Received an expired out of sequence packet ,47568,47629
88.0103,Received an expired out of sequence packet ,47569,47629
88.0103,Received an expired out of sequence packet ,47570,47629
88.0103,Received an expired out of sequence packet ,47571,47629
88.0103,Received an expired out of sequence packet ,47572,47629
88.0114,Received an expired out of sequence packet ,47573,47629
88.0114,Received an expired out of sequence packet ,47574,47629
88.0114,Received an expired out of sequence packet ,47575,47629
88.0114,Received an expired out of sequence packet ,47576,47629
88.0114,Received an expired out of sequence packet ,47577,47629
88.0115,Received an expired out of sequence packet ,47578,47629
88.0145,Received an expired out of sequence packet ,47579,47629
88.0146,Received an expired out of sequence packet ,47580,47629
88.0146,Received an expired out of sequence packet ,47581,47629
88.0146,Received an expired out of sequence packet ,47582,47629
88.0146,Received an expired out of sequence packet ,47583,47629
88.0146,Received an expired out of sequence packet ,47584,47629
88.0146,Received an expired out of sequence packet ,47585,47629
88.0146,Received an expired out of sequence packet ,47586,47629
88.0147,Received an expired out of sequence packet ,47587,47629
88.0147,Received an expired out of sequence packet ,47588,47629
88.0147,Received an expired out of sequence packet ,47589,47629
88.0147,Received an expired out of sequence packet ,47590,47629
88.0147,Received an expired out of sequence packet ,47591,47629
88.0875,Received an expired out of sequence packet ,47592,47629
88.0875,Received an expired out of sequence packet ,47593,47629
88.0886,Received an expired out of sequence packet ,47594,47629
88.0886,Received an expired out of sequence packet ,47595,47629
88.0918,Received an expired out of sequence packet ,47596,47629
88.0949,Received an expired out of sequence packet ,47597,47629
88.0949,Received an expired out of sequence packet ,47598,47629
88.0949,Received an expired out of sequence packet ,47599,47629
88.0949,Received an expired out of sequence packet ,47600,47629
88.0949,Received an expired out of sequence packet ,47601,47629
88.099,Received an expired out of sequence packet ,47602,47629
88.0991,Received an expired out of sequence packet ,47603,47629
88.0991,Received an expired out of sequence packet ,47604,47629
88.0991,Received an expired out of sequence packet ,47605,47629
88.0991,Received an expired out of sequence packet ,47606,47629
88.0991,Received an expired out of sequence packet ,47607,47629
88.0991,Received an expired out of sequence packet ,47608,47629
88.0991,Received an expired out of sequence packet ,47609,47629
88.0992,Received an expired out of sequence packet ,47610,47629
88.0992,Received an expired out of sequence packet ,47611,47629
88.0992,Received an expired out of sequence packet ,47612,47629
88.0992,Received an expired out of sequence packet ,47613,47629
88.0992,Received an expired out of sequence packet ,47614,47629
88.1012,Received an expired out of sequence packet ,47615,47629
88.1013,Received an expired out of sequence packet ,47616,47629
88.1013,Received an expired out of sequence packet ,47617,47629
88.1013,Received an expired out of sequence packet ,47618,47629
88.1013,Received an expired out of sequence packet ,47619,47629
88.1013,Received an expired out of sequence packet ,47620,47629
88.1013,Received an expired out of sequence packet ,47621,47629
88.1014,Received an expired out of sequence packet ,47622,47629
88.1014,Received an expired out of sequence packet ,47623,47629
88.1014,Received an expired out of sequence packet ,47624,47629
88.1014,Received an expired out of sequence packet ,47625,47629
88.1014,Received an expired out of sequence packet ,47626,47629
88.1014,Received an expired out of sequence packet ,47627,47629
88.1015,Received an expired out of sequence packet ,47628,47629
149.137,Missing packet expired,95031
156.92,Timeout
156.92,clearing sending list because of timeout
156.935,Received an expired out of sequence packet ,101925,102137
156.935,Received an expired out of sequence packet ,101926,102137
156.935,Received an expired out of sequence packet ,101927,102137
156.935,Received an expired out of sequence packet ,101928,102137
157.07,Received an expired out of sequence packet ,101929,102137
157.073,Received an expired out of sequence packet ,101930,102137
157.073,Received an expired out of sequence packet ,101931,102137
157.073,Received an expired out of sequence packet ,101932,102137
157.073,Received an expired out of sequence packet ,101933,102137
157.073,Received an expired out of sequence packet ,101934,102137
157.075,Received an expired out of sequence packet ,101935,102137
157.075,Received an expired out of sequence packet ,101936,102137
157.076,Received an expired out of sequence packet ,101937,102137
157.076,Received an expired out of sequence packet ,101938,102137
157.076,Received an expired out of sequence packet ,101939,102137
157.076,Received an expired out of sequence packet ,101940,102137
157.076,Received an expired out of sequence packet ,101941,102137
157.076,Received an expired out of sequence packet ,101942,102137
157.076,Received an expired out of sequence packet ,101943,102137
157.076,Received an expired out of sequence packet ,101944,102137
157.076,Received an expired out of sequence packet ,101945,102137
157.076,Received an expired out of sequence packet ,101946,102137
157.076,Received an expired out of sequence packet ,101947,102137
157.076,Received an expired out of sequence packet ,101948,102137
157.108,Received an expired out of sequence packet ,101949,102137
157.108,Received an expired out of sequence packet ,101950,102137
157.108,Received an expired out of sequence packet ,101951,102137
157.117,Received an expired out of sequence packet ,101952,102137
157.117,Received an expired out of sequence packet ,101953,102137
157.117,Received an expired out of sequence packet ,101954,102137
157.117,Received an expired out of sequence packet ,101955,102137
157.119,Received an expired out of sequence packet ,101956,102137
157.119,Received an expired out of sequence packet ,101957,102137
157.12,Received an expired out of sequence packet ,101958,102137
157.12,Received an expired out of sequence packet ,101959,102137
157.12,Received an expired out of sequence packet ,101960,102137
157.151,Received an expired out of sequence packet ,101961,102137
157.153,Received an expired out of sequence packet ,101962,102137
157.153,Received an expired out of sequence packet ,101963,102137
157.153,Received an expired out of sequence packet ,101964,102137
157.153,Received an expired out of sequence packet ,101965,102137
157.164,Received an expired out of sequence packet ,101966,102137
157.167,Received an expired out of sequence packet ,101967,102137
157.167,Received an expired out of sequence packet ,101968,102137
157.169,Received an expired out of sequence packet ,101969,102137
157.169,Received an expired out of sequence packet ,101970,102137
157.169,Received an expired out of sequence packet ,101971,102137
157.169,Received an expired out of sequence packet ,101972,102137
157.17,Received an expired out of sequence packet ,101973,102137
157.17,Received an expired out of sequence packet ,101974,102137
157.17,Received an expired out of sequence packet ,101975,102137
157.17,Received an expired out of sequence packet ,101976,102137
157.17,Received an expired out of sequence packet ,101977,102137
157.17,Received an expired out of sequence packet ,101978,102137
157.17,Received an expired out of sequence packet ,101979,102137
157.17,Received an expired out of sequence packet ,101980,102137
157.17,Received an expired out of sequence packet ,101981,102137
157.17,Received an expired out of sequence packet ,101982,102137
157.17,Received an expired out of sequence packet ,101983,102137
157.17,Received an expired out of sequence packet ,101984,102137
157.17,Received an expired out of sequence packet ,101985,102137
157.17,Received an expired out of sequence packet ,101986,102137
157.171,Received an expired out of sequence packet ,101987,102137
157.171,Received an expired out of sequence packet ,101988,102137
157.171,Received an expired out of sequence packet ,101989,102137
157.171,Received an expired out of sequence packet ,101990,102137
157.171,Received an expired out of sequence packet ,101991,102137
157.171,Received an expired out of sequence packet ,101992,102137
157.171,Received an expired out of sequence packet ,101993,102137
157.171,Received an expired out of sequence packet ,101994,102137
157.171,Received an expired out of sequence packet ,101995,102137
157.171,Received an expired out of sequence packet ,101996,102137
157.171,Received an expired out of sequence packet ,101997,102137
157.171,Received an expired out of sequence packet ,101998,102137
157.171,Received an expired out of sequence packet ,101999,102137
157.171,Received an expired out of sequence packet ,102000,102137
157.171,Received an expired out of sequence packet ,102001,102137
157.171,Received an expired out of sequence packet ,102002,102137
157.171,Received an expired out of sequence packet ,102003,102137
157.174,Received an expired out of sequence packet ,102004,102137
157.174,Received an expired out of sequence packet ,102005,102137
157.174,Received an expired out of sequence packet ,102006,102137
157.181,Received an expired out of sequence packet ,102007,102137
157.181,Received an expired out of sequence packet ,102008,102137
157.181,Received an expired out of sequence packet ,102009,102137
157.181,Received an expired out of sequence packet ,102010,102137
157.346,Received an expired out of sequence packet ,102011,102137
157.346,Received an expired out of sequence packet ,102012,102137
157.362,Received an expired out of sequence packet ,102013,102137
157.362,Received an expired out of sequence packet ,102014,102137
157.367,Received an expired out of sequence packet ,102015,102137
157.367,Received an expired out of sequence packet ,102016,102137
157.367,Received an expired out of sequence packet ,102017,102137
157.367,Received an expired out of sequence packet ,102018,102137
157.371,Received an expired out of sequence packet ,102019,102137
157.371,Received an expired out of sequence packet ,102020,102137
157.371,Received an expired out of sequence packet ,102021,102137
157.371,Received an expired out of sequence packet ,102022,102137
157.371,Received an expired out of sequence packet ,102023,102137
157.371,Received an expired out of sequence packet ,102024,102137
157.371,Received an expired out of sequence packet ,102025,102137
157.371,Received an expired out of sequence packet ,102026,102137
157.371,Received an expired out of sequence packet ,102027,102137
157.371,Received an expired out of sequence packet ,102028,102137
157.371,Received an expired out of sequence packet ,102029,102137
157.371,Received an expired out of sequence packet ,102030,102137
157.375,Received an expired out of sequence packet ,102031,102137
157.375,Received an expired out of sequence packet ,102032,102137
157.375,Received an expired out of sequence packet ,102033,102137
157.375,Received an expired out of sequence packet ,102034,102137
157.375,Received an expired out of sequence packet ,102035,102137
157.378,Received an expired out of sequence packet ,102036,102137
157.378,Received an expired out of sequence packet ,102037,102137
157.378,Received an expired out of sequence packet ,102038,102137
157.378,Received an expired out of sequence packet ,102039,102137
157.383,Received an expired out of sequence packet ,102040,102137
157.383,Received an expired out of sequence packet ,102041,102137
157.383,Received an expired out of sequence packet ,102042,102137
157.383,Received an expired out of sequence packet ,102043,102137
157.383,Received an expired out of sequence packet ,102044,102137
157.383,Received an expired out of sequence packet ,102045,102137
157.383,Received an expired out of sequence packet ,102046,102137
157.383,Received an expired out of sequence packet ,102047,102137
157.383,Received an expired out of sequence packet ,102048,102137
157.383,Received an expired out of sequence packet ,102049,102137
157.383,Received an expired out of sequence packet ,102050,102137
157.383,Received an expired out of sequence packet ,102051,102137
157.383,Received an expired out of sequence packet ,102052,102137
157.383,Received an expired out of sequence packet ,102053,102137
157.383,Received an expired out of sequence packet ,102054,102137
157.383,Received an expired out of sequence packet ,102055,102137
157.383,Received an expired out of sequence packet ,102056,102137
157.384,Received an expired out of sequence packet ,102057,102137
157.384,Received an expired out of sequence packet ,102058,102137
157.384,Received an expired out of sequence packet ,102059,102137
157.384,Received an expired out of sequence packet ,102060,102137
157.384,Received an expired out of sequence packet ,102061,102137
157.384,Received an expired out of sequence packet ,102062,102137
157.384,Received an expired out of sequence packet ,102063,102137
157.384,Received an expired out of sequence packet ,102064,102137
157.384,Received an expired out of sequence packet ,102065,102137
157.384,Received an expired out of sequence packet ,102066,102137
157.389,Received an expired out of sequence packet ,102067,102137
157.389,Received an expired out of sequence packet ,102068,102137
157.389,Received an expired out of sequence packet ,102069,102137
157.43,Received an expired out of sequence packet ,102070,102137
157.43,Received an expired out of sequence packet ,102071,102137
157.44,Received an expired out of sequence packet ,102072,102137
157.44,Received an expired out of sequence packet ,102073,102137
157.44,Received an expired out of sequence packet ,102074,102137
157.44,Received an expired out of sequence packet ,102075,102137
157.443,Received an expired out of sequence packet ,102076,102137
157.443,Received an expired out of sequence packet ,102077,102137
157.443,Received an expired out of sequence packet ,102078,102137
157.443,Received an expired out of sequence packet ,102079,102137
157.444,Received an expired out of sequence packet ,102080,102137
157.444,Received an expired out of sequence packet ,102081,102137
157.446,Received an expired out of sequence packet ,102082,102137
157.446,Received an expired out of sequence packet ,102083,102137
157.446,Received an expired out of sequence packet ,102084,102137
157.446,Received an expired out of sequence packet ,102085,102137
157.446,Received an expired out of sequence packet ,102086,102137
157.446,Received an expired out of sequence packet ,102087,102137
157.446,Received an expired out of sequence packet ,102088,102137
157.446,Received an expired out of sequence packet ,102089,102137
157.446,Received an expired out of sequence packet ,102090,102137
157.446,Received an expired out of sequence packet ,102091,102137
157.446,Received an expired out of sequence packet ,102092,102137
157.446,Received an expired out of sequence packet ,102093,102137
157.446,Received an expired out of sequence packet ,102094,102137
157.446,Received an expired out of sequence packet ,102095,102137
157.446,Received an expired out of sequence packet ,102096,102137
157.446,Received an expired out of sequence packet ,102097,102137
157.448,Received an expired out of sequence packet ,102098,102137
157.451,Received an expired out of sequence packet ,102099,102137
157.451,Received an expired out of sequence packet ,102100,102137
157.451,Received an expired out of sequence packet ,102101,102137
157.451,Received an expired out of sequence packet ,102102,102137
157.451,Received an expired out of sequence packet ,102103,102137
157.451,Received an expired out of sequence packet ,102104,102137
157.451,Received an expired out of sequence packet ,102105,102137
157.452,Received an expired out of sequence packet ,102106,102137
157.452,Received an expired out of sequence packet ,102107,102137
157.452,Received an expired out of sequence packet ,102108,102137
157.452,Received an expired out of sequence packet ,102109,102137
157.452,Received an expired out of sequence packet ,102110,102137
157.452,Received an expired out of sequence packet ,102111,102137
157.452,Received an expired out of sequence packet ,102112,102137
157.452,Received an expired out of sequence packet ,102113,102137
157.452,Received an expired out of sequence packet ,102114,102137
157.473,Received an expired out of sequence packet ,102115,102137
157.473,Received an expired out of sequence packet ,102116,102137
157.473,Received an expired out of sequence packet ,102117,102137
157.473,Received an expired out of sequence packet ,102118,102137
157.473,Received an expired out of sequence packet ,102119,102137
157.473,Received an expired out of sequence packet ,102120,102137
157.473,Received an expired out of sequence packet ,102121,102137
157.473,Received an expired out of sequence packet ,102122,102137
157.476,Received an expired out of sequence packet ,102123,102137
157.476,Received an expired out of sequence packet ,102124,102137
157.476,Received an expired out of sequence packet ,102125,102137
157.476,Received an expired out of sequence packet ,102126,102137
157.476,Received an expired out of sequence packet ,102127,102137
157.476,Received an expired out of sequence packet ,102128,102137
157.477,Received an expired out of sequence packet ,102129,102137
157.477,Received an expired out of sequence packet ,102130,102137
157.477,Received an expired out of sequence packet ,102131,102137
157.477,Received an expired out of sequence packet ,102132,102137
157.634,Received an expired out of sequence packet ,102133,102137
157.645,Received an expired out of sequence packet ,102134,102137
157.645,Received an expired out of sequence packet ,102135,102137
157.648,Received an expired out of sequence packet ,102136,102137
167.958,Timeout
167.958,clearing sending list because of timeout
167.97,Received an expired out of sequence packet ,106875,107032
167.97,Received an expired out of sequence packet ,106876,107032
167.97,Received an expired out of sequence packet ,106877,107032
167.97,Received an expired out of sequence packet ,106878,107032
167.97,Received an expired out of sequence packet ,106879,107032
167.97,Received an expired out of sequence packet ,106880,107032
167.97,Received an expired out of sequence packet ,106881,107032
167.97,Received an expired out of sequence packet ,106882,107032
167.97,Received an expired out of sequence packet ,106883,107032
167.97,Received an expired out of sequence packet ,106884,107032
167.97,Received an expired out of sequence packet ,106885,107032
167.97,Received an expired out of sequence packet ,106886,107032
167.97,Received an expired out of sequence packet ,106887,107032
168.005,Received an expired out of sequence packet ,106888,107032
168.01,Received an expired out of sequence packet ,106889,107032
168.01,Received an expired out of sequence packet ,106890,107032
168.01,Received an expired out of sequence packet ,106891,107032
168.01,Received an expired out of sequence packet ,106892,107032
168.012,Received an expired out of sequence packet ,106893,107032
168.012,Received an expired out of sequence packet ,106894,107032
168.012,Received an expired out of sequence packet ,106895,107032
168.012,Received an expired out of sequence packet ,106896,107032
168.012,Received an expired out of sequence packet ,106897,107032
168.012,Received an expired out of sequence packet ,106898,107032
168.012,Received an expired out of sequence packet ,106899,107032
168.012,Received an expired out of sequence packet ,106900,107032
168.012,Received an expired out of sequence packet ,106901,107032
168.012,Received an expired out of sequence packet ,106902,107032
168.014,Received an expired out of sequence packet ,106903,107032
168.014,Received an expired out of sequence packet ,106904,107032
168.014,Received an expired out of sequence packet ,106905,107032
168.014,Received an expired out of sequence packet ,106906,107032
168.014,Received an expired out of sequence packet ,106907,107032
168.014,Received an expired out of sequence packet ,106908,107032
168.014,Received an expired out of sequence packet ,106909,107032
168.014,Received an expired out of sequence packet ,106910,107032
168.014,Received an expired out of sequence packet ,106911,107032
168.014,Received an expired out of sequence packet ,106912,107032
168.014,Received an expired out of sequence packet ,106913,107032
168.014,Received an expired out of sequence packet ,106914,107032
168.014,Received an expired out of sequence packet ,106915,107032
168.088,Received an expired out of sequence packet ,106916,107032
168.088,Received an expired out of sequence packet ,106917,107032
168.089,Received an expired out of sequence packet ,106918,107032
168.089,Received an expired out of sequence packet ,106919,107032
168.091,Received an expired out of sequence packet ,106920,107032
168.096,Received an expired out of sequence packet ,106921,107032
168.096,Received an expired out of sequence packet ,106922,107032
168.096,Received an expired out of sequence packet ,106923,107032
168.096,Received an expired out of sequence packet ,106924,107032
168.096,Received an expired out of sequence packet ,106925,107032
168.096,Received an expired out of sequence packet ,106926,107032
168.099,Received an expired out of sequence packet ,106927,107032
168.099,Received an expired out of sequence packet ,106928,107032
168.099,Received an expired out of sequence packet ,106929,107032
168.099,Received an expired out of sequence packet ,106930,107032
168.099,Received an expired out of sequence packet ,106931,107032
168.099,Received an expired out of sequence packet ,106932,107032
168.099,Received an expired out of sequence packet ,106933,107032
168.099,Received an expired out of sequence packet ,106934,107032
168.099,Received an expired out of sequence packet ,106935,107032
168.099,Received an expired out of sequence packet ,106936,107032
168.099,Received an expired out of sequence packet ,106937,107032
168.099,Received an expired out of sequence packet ,106938,107032
168.102,Received an expired out of sequence packet ,106939,107032
168.102,Received an expired out of sequence packet ,106940,107032
168.102,Received an expired out of sequence packet ,106941,107032
168.102,Received an expired out of sequence packet ,106942,107032
168.102,Received an expired out of sequence packet ,106943,107032
168.102,Received an expired out of sequence packet ,106944,107032
168.102,Received an expired out of sequence packet ,106945,107032
168.102,Received an expired out of sequence packet ,106946,107032
168.102,Received an expired out of sequence packet ,106947,107032
168.102,Received an expired out of sequence packet ,106948,107032
168.102,Received an expired out of sequence packet ,106949,107032
168.102,Received an expired out of sequence packet ,106950,107032
168.102,Received an expired out of sequence packet ,106951,107032
168.102,Received an expired out of sequence packet ,106952,107032
168.102,Received an expired out of sequence packet ,106953,107032
168.102,Received an expired out of sequence packet ,106954,107032
168.102,Received an expired out of sequence packet ,106955,107032
168.104,Received an expired out of sequence packet ,106956,107032
168.104,Received an expired out of sequence packet ,106957,107032
168.104,Received an expired out of sequence packet ,106958,107032
168.104,Received an expired out of sequence packet ,106959,107032
168.104,Received an expired out of sequence packet ,106960,107032
168.104,Received an expired out of sequence packet ,106961,107032
168.104,Received an expired out of sequence packet ,106962,107032
168.104,Received an expired out of sequence packet ,106963,107032
168.104,Received an expired out of sequence packet ,106964,107032
168.104,Received an expired out of sequence packet ,106965,107032
168.104,Received an expired out of sequence packet ,106966,107032
168.104,Received an expired out of sequence packet ,106967,107032
168.104,Received an expired out of sequence packet ,106968,107032
168.104,Received an expired out of sequence packet ,106969,107032
168.104,Received an expired out of sequence packet ,106970,107032
168.104,Received an expired out of sequence packet ,106971,107032
168.138,Received an expired out of sequence packet ,106972,107032
168.138,Received an expired out of sequence packet ,106973,107032
168.138,Received an expired out of sequence packet ,106974,107032
168.138,Received an expired out of sequence packet ,106975,107032
168.138,Received an expired out of sequence packet ,106976,107032
168.145,Received an expired out of sequence packet ,106977,107032
168.145,Received an expired out of sequence packet ,106978,107032
168.145,Received an expired out of sequence packet ,106979,107032
168.145,Received an expired out of sequence packet ,106980,107032
168.151,Received an expired out of sequence packet ,106981,107032
168.151,Received an expired out of sequence packet ,106982,107032
168.153,Received an expired out of sequence packet ,106983,107032
168.153,Received an expired out of sequence packet ,106984,107032
168.153,Received an expired out of sequence packet ,106985,107032
168.157,Received an expired out of sequence packet ,106986,107032
168.157,Received an expired out of sequence packet ,106987,107032
168.157,Received an expired out of sequence packet ,106988,107032
168.159,Received an expired out of sequence packet ,106989,107032
168.159,Received an expired out of sequence packet ,106990,107032
168.159,Received an expired out of sequence packet ,106991,107032
168.159,Received an expired out of sequence packet ,106992,107032
168.159,Received an expired out of sequence packet ,106993,107032
168.159,Received an expired out of sequence packet ,106994,107032
168.159,Received an expired out of sequence packet ,106995,107032
168.159,Received an expired out of sequence packet ,106996,107032
168.159,Received an expired out of sequence packet ,106997,107032
168.16,Received an expired out of sequence packet ,106998,107032
168.16,Received an expired out of sequence packet ,106999,107032
168.16,Received an expired out of sequence packet ,107000,107032
168.16,Received an expired out of sequence packet ,107001,107032
168.16,Received an expired out of sequence packet ,107002,107032
168.16,Received an expired out of sequence packet ,107003,107032
168.16,Received an expired out of sequence packet ,107004,107032
168.16,Received an expired out of sequence packet ,107005,107032
168.16,Received an expired out of sequence packet ,107006,107032
168.16,Received an expired out of sequence packet ,107007,107032
168.16,Received an expired out of sequence packet ,107008,107032
168.16,Received an expired out of sequence packet ,107009,107032
168.16,Received an expired out of sequence packet ,107010,107032
168.16,Received an expired out of sequence packet ,107011,107032
168.16,Received an expired out of sequence packet ,107012,107032
168.16,Received an expired out of sequence packet ,107013,107032
168.16,Received an expired out of sequence packet ,107014,107032
168.16,Received an expired out of sequence packet ,107015,107032
168.16,Received an expired out of sequence packet ,107016,107032
168.16,Received an expired out of sequence packet ,107017,107032
168.16,Received an expired out of sequence packet ,107018,107032
168.16,Received an expired out of sequence packet ,107019,107032
168.164,Received an expired out of sequence packet ,107020,107032
168.164,Received an expired out of sequence packet ,107021,107032
168.164,Received an expired out of sequence packet ,107022,107032
168.164,Received an expired out of sequence packet ,107023,107032
168.164,Received an expired out of sequence packet ,107024,107032
168.164,Received an expired out of sequence packet ,107025,107032
168.164,Received an expired out of sequence packet ,107026,107032
168.167,Received an expired out of sequence packet ,107027,107032
168.167,Received an expired out of sequence packet ,107028,107032
168.167,Received an expired out of sequence packet ,107029,107032
168.167,Received an expired out of sequence packet ,107030,107032
168.167,Received an expired out of sequence packet ,107031,107032
171.074,Timeout
171.074,clearing sending list because of timeout
171.565,Received an expired out of sequence packet ,108220,108303
171.568,Received an expired out of sequence packet ,108221,108303
171.568,Received an expired out of sequence packet ,108222,108303
171.568,Received an expired out of sequence packet ,108223,108303
171.568,Received an expired out of sequence packet ,108224,108303
171.568,Received an expired out of sequence packet ,108225,108303
171.57,Received an expired out of sequence packet ,108226,108303
171.57,Received an expired out of sequence packet ,108227,108303
171.57,Received an expired out of sequence packet ,108228,108303
171.734,Received an expired out of sequence packet ,108229,108303
171.734,Received an expired out of sequence packet ,108230,108303
171.734,Received an expired out of sequence packet ,108231,108303
171.734,Received an expired out of sequence packet ,108232,108303
171.734,Received an expired out of sequence packet ,108233,108303
171.734,Received an expired out of sequence packet ,108234,108303
171.734,Received an expired out of sequence packet ,108235,108303
171.734,Received an expired out of sequence packet ,108236,108303
171.734,Received an expired out of sequence packet ,108237,108303
171.734,Received an expired out of sequence packet ,108238,108303
171.734,Received an expired out of sequence packet ,108239,108303
171.734,Received an expired out of sequence packet ,108240,108303
171.734,Received an expired out of sequence packet ,108241,108303
171.734,Received an expired out of sequence packet ,108242,108303
171.734,Received an expired out of sequence packet ,108243,108303
171.735,Received an expired out of sequence packet ,108244,108303
171.735,Received an expired out of sequence packet ,108245,108303
171.744,Received an expired out of sequence packet ,108246,108303
171.744,Received an expired out of sequence packet ,108247,108303
171.755,Received an expired out of sequence packet ,108248,108303
171.755,Received an expired out of sequence packet ,108249,108303
171.756,Received an expired out of sequence packet ,108250,108303
171.756,Received an expired out of sequence packet ,108251,108303
171.756,Received an expired out of sequence packet ,108252,108303
171.756,Received an expired out of sequence packet ,108253,108303
171.756,Received an expired out of sequence packet ,108254,108303
171.756,Received an expired out of sequence packet ,108255,108303
171.756,Received an expired out of sequence packet ,108256,108303
171.756,Received an expired out of sequence packet ,108257,108303
171.756,Received an expired out of sequence packet ,108258,108303
171.756,Received an expired out of sequence packet ,108259,108303
171.756,Received an expired out of sequence packet ,108260,108303
171.756,Received an expired out of sequence packet ,108261,108303
171.756,Received an expired out of sequence packet ,108262,108303
171.756,Received an expired out of sequence packet ,108263,108303
171.756,Received an expired out of sequence packet ,108264,108303
171.756,Received an expired out of sequence packet ,108265,108303
171.756,Received an expired out of sequence packet ,108266,108303
171.756,Received an expired out of sequence packet ,108267,108303
171.759,Received an expired out of sequence packet ,108268,108303
171.759,Received an expired out of sequence packet ,108269,108303
171.759,Received an expired out of sequence packet ,108270,108303
171.759,Received an expired out of sequence packet ,108271,108303
171.759,Received an expired out of sequence packet ,108272,108303
171.759,Received an expired out of sequence packet ,108273,108303
171.759,Received an expired out of sequence packet ,108274,108303
171.759,Received an expired out of sequence packet ,108275,108303
171.759,Received an expired out of sequence packet ,108276,108303
171.76,Received an expired out of sequence packet ,108277,108303
171.76,Received an expired out of sequence packet ,108278,108303
171.76,Received an expired out of sequence packet ,108279,108303
171.76,Received an expired out of sequence packet ,108280,108303
171.76,Received an expired out of sequence packet ,108281,108303
171.76,Received an expired out of sequence packet ,108282,108303
171.76,Received an expired out of sequence packet ,108283,108303
171.778,Received an expired out of sequence packet ,108284,108303
171.778,Received an expired out of sequence packet ,108285,108303
171.778,Received an expired out of sequence packet ,108286,108303
171.778,Received an expired out of sequence packet ,108287,108303
171.778,Received an expired out of sequence packet ,108288,108303
171.778,Received an expired out of sequence packet ,108289,108303
171.778,Received an expired out of sequence packet ,108290,108303
171.78,Received an expired out of sequence packet ,108291,108303
171.78,Received an expired out of sequence packet ,108292,108303
171.78,Received an expired out of sequence packet ,108293,108303
171.78,Received an expired out of sequence packet ,108294,108303
171.781,Received an expired out of sequence packet ,108295,108303
171.792,Received an expired out of sequence packet ,108296,108303
171.792,Received an expired out of sequence packet ,108297,108303
171.792,Received an expired out of sequence packet ,108298,108303
171.792,Received an expired out of sequence packet ,108299,108303
171.792,Received an expired out of sequence packet ,108300,108303
171.792,Received an expired out of sequence packet ,108301,108303
171.792,Received an expired out of sequence packet ,108302,108303
209.157,Timeout
209.157,clearing sending list because of timeout
209.897,Timeout
209.897,clearing sending list because of timeout
209.933,Received an expired out of sequence packet ,124533,124624
209.933,Received an expired out of sequence packet ,124534,124624
209.949,Received an expired out of sequence packet ,124535,124624
209.949,Received an expired out of sequence packet ,124536,124624
209.952,Received an expired out of sequence packet ,124537,124624
209.952,Received an expired out of sequence packet ,124538,124624
209.952,Received an expired out of sequence packet ,124539,124624
209.952,Received an expired out of sequence packet ,124540,124624
209.952,Received an expired out of sequence packet ,124541,124624
209.952,Received an expired out of sequence packet ,124542,124624
209.954,Received an expired out of sequence packet ,124543,124624
209.954,Received an expired out of sequence packet ,124544,124624
209.954,Received an expired out of sequence packet ,124545,124624
209.956,Received an expired out of sequence packet ,124546,124624
209.956,Received an expired out of sequence packet ,124547,124624
209.957,Received an expired out of sequence packet ,124548,124624
209.957,Received an expired out of sequence packet ,124549,124624
209.957,Received an expired out of sequence packet ,124550,124624
209.96,Received an expired out of sequence packet ,124551,124624
209.96,Received an expired out of sequence packet ,124552,124624
209.965,Received an expired out of sequence packet ,124553,124624
209.965,Received an expired out of sequence packet ,124554,124624
209.969,Received an expired out of sequence packet ,124555,124624
209.973,Received an expired out of sequence packet ,124556,124624
209.973,Received an expired out of sequence packet ,124557,124624
209.973,Received an expired out of sequence packet ,124558,124624
209.975,Received an expired out of sequence packet ,124559,124624
209.977,Received an expired out of sequence packet ,124560,124624
209.977,Received an expired out of sequence packet ,124561,124624
209.979,Received an expired out of sequence packet ,124562,124624
209.979,Received an expired out of sequence packet ,124563,124624
209.979,Received an expired out of sequence packet ,124564,124624
209.979,Received an expired out of sequence packet ,124565,124624
209.979,Received an expired out of sequence packet ,124566,124624
209.979,Received an expired out of sequence packet ,124567,124624
209.979,Received an expired out of sequence packet ,124568,124624
209.98,Received an expired out of sequence packet ,124569,124624
209.981,Received an expired out of sequence packet ,124570,124624
209.981,Received an expired out of sequence packet ,124571,124624
209.981,Received an expired out of sequence packet ,124572,124624
209.981,Received an expired out of sequence packet ,124573,124624
209.982,Received an expired out of sequence packet ,124574,124624
209.982,Received an expired out of sequence packet ,124575,124624
209.982,Received an expired out of sequence packet ,124576,124624
209.982,Received an expired out of sequence packet ,124577,124624
209.982,Received an expired out of sequence packet ,124578,124624
209.982,Received an expired out of sequence packet ,124579,124624
209.982,Received an expired out of sequence packet ,124580,124624
209.982,Received an expired out of sequence packet ,124581,124624
209.982,Received an expired out of sequence packet ,124582,124624
209.982,Received an expired out of sequence packet ,124583,124624
209.982,Received an expired out of sequence packet ,124584,124624
209.987,Received an expired out of sequence packet ,124585,124624
209.989,Received an expired out of sequence packet ,124586,124624
209.989,Received an expired out of sequence packet ,124587,124624
209.989,Received an expired out of sequence packet ,124588,124624
209.989,Received an expired out of sequence packet ,124589,124624
209.989,Received an expired out of sequence packet ,124590,124624
209.989,Received an expired out of sequence packet ,124591,124624
209.989,Received an expired out of sequence packet ,124592,124624
209.989,Received an expired out of sequence packet ,124593,124624
209.989,Received an expired out of sequence packet ,124594,124624
209.99,Received an expired out of sequence packet ,124595,124624
209.99,Received an expired out of sequence packet ,124596,124624
209.99,Received an expired out of sequence packet ,124597,124624
209.99,Received an expired out of sequence packet ,124598,124624
209.99,Received an expired out of sequence packet ,124599,124624
209.99,Received an expired out of sequence packet ,124600,124624
209.99,Received an expired out of sequence packet ,124601,124624
209.99,Received an expired out of sequence packet ,124602,124624
209.99,Received an expired out of sequence packet ,124603,124624
209.99,Received an expired out of sequence packet ,124604,124624
209.99,Received an expired out of sequence packet ,124605,124624
209.99,Received an expired out of sequence packet ,124606,124624
209.992,Received an expired out of sequence packet ,124607,124624
209.992,Received an expired out of sequence packet ,124608,124624
209.992,Received an expired out of sequence packet ,124609,124624
209.992,Received an expired out of sequence packet ,124610,124624
209.997,Received an expired out of sequence packet ,124611,124624
209.997,Received an expired out of sequence packet ,124612,124624
209.997,Received an expired out of sequence packet ,124613,124624
209.997,Received an expired out of sequence packet ,124614,124624
209.997,Received an expired out of sequence packet ,124615,124624
209.997,Received an expired out of sequence packet ,124616,124624
209.997,Received an expired out of sequence packet ,124617,124624
209.997,Received an expired out of sequence packet ,124618,124624
209.999,Received an expired out of sequence packet ,124619,124624
210,Received an expired out of sequence packet ,124620,124624
210,Received an expired out of sequence packet ,124621,124624
210,Received an expired out of sequence packet ,124622,124624
210,Received an expired out of sequence packet ,124623,124624
214.478,Restart,can't map delay on delay curve
215.721,Exit slow start,exceeding SS_EXIT_THRESHOLD
223.743,Restart,can't map delay on delay curve
225.134,Exit slow start,exceeding SS_EXIT_THRESHOLD
229.346,Timeout
229.346,clearing sending list because of timeout
229.509,Received an expired out of sequence packet ,2554,2555
252.083,Timeout
252.083,clearing sending list because of timeout
252.097,Received an expired out of sequence packet ,11792,11874
253.097,Timeout
253.097,clearing sending list because of timeout
253.097,Received an expired out of sequence packet ,11793,11884
254.094,Received an expired out of sequence packet ,11794,11884
254.983,Received an expired out of sequence packet ,11795,11884
254.983,Received an expired out of sequence packet ,11796,11884
254.984,Received an expired out of sequence packet ,11797,11884
254.986,Received an expired out of sequence packet ,11798,11884
254.986,Received an expired out of sequence packet ,11799,11884
254.986,Received an expired out of sequence packet ,11800,11884
254.986,Received an expired out of sequence packet ,11801,11884
254.986,Received an expired out of sequence packet ,11802,11884
254.986,Received an expired out of sequence packet ,11803,11884
254.986,Received an expired out of sequence packet ,11804,11884
254.986,Received an expired out of sequence packet ,11805,11884
254.998,Received an expired out of sequence packet ,11806,11884
255,Received an expired out of sequence packet ,11807,11884
255,Received an expired out of sequence packet ,11808,11884
255,Received an expired out of sequence packet ,11809,11884
255.001,Received an expired out of sequence packet ,11810,11884
255.001,Received an expired out of sequence packet ,11811,11884
255.001,Received an expired out of sequence packet ,11812,11884
255.001,Received an expired out of sequence packet ,11813,11884
255.001,Received an expired out of sequence packet ,11814,11884
255.017,Received an expired out of sequence packet ,11815,11884
255.019,Received an expired out of sequence packet ,11816,11884
255.019,Received an expired out of sequence packet ,11817,11884
255.019,Received an expired out of sequence packet ,11818,11884
255.02,Received an expired out of sequence packet ,11819,11884
255.02,Received an expired out of sequence packet ,11820,11884
255.02,Received an expired out of sequence packet ,11821,11884
255.021,Received an expired out of sequence packet ,11822,11884
255.021,Received an expired out of sequence packet ,11823,11884
255.021,Received an expired out of sequence packet ,11824,11884
255.021,Received an expired out of sequence packet ,11825,11884
255.022,Received an expired out of sequence packet ,11826,11884
255.024,Received an expired out of sequence packet ,11827,11884
255.025,Received an expired out of sequence packet ,11828,11884
255.029,Received an expired out of sequence packet ,11829,11884
255.034,Received an expired out of sequence packet ,11830,11884
255.034,Received an expired out of sequence packet ,11831,11884
255.034,Received an expired out of sequence packet ,11832,11884
255.035,Received an expired out of sequence packet ,11833,11884
255.035,Received an expired out of sequence packet ,11834,11884
255.037,Received an expired out of sequence packet ,11835,11884
255.038,Received an expired out of sequence packet ,11836,11884
255.039,Received an expired out of sequence packet ,11837,11884
255.042,Received an expired out of sequence packet ,11838,11884
255.045,Received an expired out of sequence packet ,11839,11884
255.045,Received an expired out of sequence packet ,11840,11884
255.046,Received an expired out of sequence packet ,11841,11884
255.049,Received an expired out of sequence packet ,11842,11884
255.051,Received an expired out of sequence packet ,11843,11884
255.056,Received an expired out of sequence packet ,11844,11884
255.058,Received an expired out of sequence packet ,11845,11884
255.058,Received an expired out of sequence packet ,11846,11884
255.06,Received an expired out of sequence packet ,11847,11884
255.06,Received an expired out of sequence packet ,11848,11884
255.06,Received an expired out of sequence packet ,11849,11884
255.062,Received an expired out of sequence packet ,11850,11884
255.063,Received an expired out of sequence packet ,11851,11884
255.063,Received an expired out of sequence packet ,11852,11884
255.065,Received an expired out of sequence packet ,11853,11884
255.068,Received an expired out of sequence packet ,11854,11884
255.083,Received an expired out of sequence packet ,11855,11884
255.083,Received an expired out of sequence packet ,11856,11884
255.085,Received an expired out of sequence packet ,11857,11884
255.085,Received an expired out of sequence packet ,11858,11884
255.089,Received an expired out of sequence packet ,11859,11884
255.089,Received an expired out of sequence packet ,11860,11884
255.091,Received an expired out of sequence packet ,11861,11884
255.091,Received an expired out of sequence packet ,11862,11884
255.092,Received an expired out of sequence packet ,11863,11884
255.092,Received an expired out of sequence packet ,11864,11884
255.094,Received an expired out of sequence packet ,11865,11884
255.094,Received an expired out of sequence packet ,11866,11884
255.094,Received an expired out of sequence packet ,11867,11884
255.096,Received an expired out of sequence packet ,11868,11884
255.096,Received an expired out of sequence packet ,11869,11884
255.098,Received an expired out of sequence packet ,11870,11884
255.099,Received an expired out of sequence packet ,11871,11884
255.1,Received an expired out of sequence packet ,11872,11884
255.101,Received an expired out of sequence packet ,11873,11884
255.104,Received an expired out of sequence packet ,11874,11884
255.106,Received an expired out of sequence packet ,11875,11884
255.106,Received an expired out of sequence packet ,11876,11884
255.108,Received an expired out of sequence packet ,11877,11884
255.11,Received an expired out of sequence packet ,11878,11884
255.111,Received an expired out of sequence packet ,11879,11884
255.116,Received an expired out of sequence packet ,11880,11884
255.12,Received an expired out of sequence packet ,11881,11884
255.12,Received an expired out of sequence packet ,11882,11884
255.12,Received an expired out of sequence packet ,11883,11884
271.633,Timeout
271.633,clearing sending list because of timeout
271.822,Received an expired out of sequence packet ,18694,19250
271.871,Received an expired out of sequence packet ,18695,19250
271.876,Received an expired out of sequence packet ,18696,19250
271.876,Received an expired out of sequence packet ,18697,19250
271.876,Received an expired out of sequence packet ,18698,19250
271.876,Received an expired out of sequence packet ,18699,19250
271.876,Received an expired out of sequence packet ,18700,19250
271.876,Received an expired out of sequence packet ,18701,19250
271.879,Received an expired out of sequence packet ,18702,19250
271.879,Received an expired out of sequence packet ,18703,19250
271.879,Received an expired out of sequence packet ,18704,19250
271.879,Received an expired out of sequence packet ,18705,19250
271.879,Received an expired out of sequence packet ,18706,19250
271.879,Received an expired out of sequence packet ,18707,19250
271.879,Received an expired out of sequence packet ,18708,19250
271.879,Received an expired out of sequence packet ,18709,19250
271.879,Received an expired out of sequence packet ,18710,19250
271.879,Received an expired out of sequence packet ,18711,19250
271.879,Received an expired out of sequence packet ,18712,19250
271.879,Received an expired out of sequence packet ,18713,19250
271.879,Received an expired out of sequence packet ,18714,19250
271.879,Received an expired out of sequence packet ,18715,19250
271.909,Received an expired out of sequence packet ,18716,19250
271.912,Received an expired out of sequence packet ,18717,19250
271.916,Received an expired out of sequence packet ,18718,19250
271.917,Received an expired out of sequence packet ,18719,19250
271.917,Received an expired out of sequence packet ,18720,19250
271.922,Received an expired out of sequence packet ,18721,19250
271.922,Received an expired out of sequence packet ,18722,19250
271.922,Received an expired out of sequence packet ,18723,19250
271.922,Received an expired out of sequence packet ,18724,19250
271.923,Received an expired out of sequence packet ,18725,19250
271.93,Received an expired out of sequence packet ,18726,19250
271.93,Received an expired out of sequence packet ,18727,19250
271.93,Received an expired out of sequence packet ,18728,19250
271.93,Received an expired out of sequence packet ,18729,19250
271.93,Received an expired out of sequence packet ,18730,19250
271.93,Received an expired out of sequence packet ,18731,19250
271.93,Received an expired out of sequence packet ,18732,19250
271.93,Received an expired out of sequence packet ,18733,19250
271.931,Received an expired out of sequence packet ,18734,19250
271.933,Received an expired out of sequence packet ,18735,19250
271.933,Received an expired out of sequence packet ,18736,19250
271.933,Received an expired out of sequence packet ,18737,19250
271.933,Received an expired out of sequence packet ,18738,19250
271.933,Received an expired out of sequence packet ,18739,19250
271.933,Received an expired out of sequence packet ,18740,19250
271.933,Received an expired out of sequence packet ,18741,19250
271.933,Received an expired out of sequence packet ,18742,19250
271.933,Received an expired out of sequence packet ,18743,19250
271.933,Received an expired out of sequence packet ,18744,19250
271.933,Received an expired out of sequence packet ,18745,19250
271.933,Received an expired out of sequence packet ,18746,19250
271.933,Received an expired out of sequence packet ,18747,19250
271.933,Received an expired out of sequence packet ,18748,19250
271.933,Received an expired out of sequence packet ,18749,19250
271.945,Received an expired out of sequence packet ,18750,19250
271.945,Received an expired out of sequence packet ,18751,19250
271.945,Received an expired out of sequence packet ,18752,19250
271.945,Received an expired out of sequence packet ,18753,19250
271.945,Received an expired out of sequence packet ,18754,19250
271.945,Received an expired out of sequence packet ,18755,19250
271.945,Received an expired out of sequence packet ,18756,19250
271.945,Received an expired out of sequence packet ,18757,19250
271.945,Received an expired out of sequence packet ,18758,19250
271.955,Received an expired out of sequence packet ,18759,19250
271.955,Received an expired out of sequence packet ,18760,19250
271.955,Received an expired out of sequence packet ,18761,19250
271.955,Received an expired out of sequence packet ,18762,19250
271.955,Received an expired out of sequence packet ,18763,19250
271.956,Received an expired out of sequence packet ,18764,19250
271.956,Received an expired out of sequence packet ,18765,19250
271.956,Received an expired out of sequence packet ,18766,19250
271.957,Received an expired out of sequence packet ,18767,19250
271.957,Received an expired out of sequence packet ,18768,19250
271.957,Received an expired out of sequence packet ,18769,19250
271.957,Received an expired out of sequence packet ,18770,19250
271.957,Received an expired out of sequence packet ,18771,19250
271.964,Received an expired out of sequence packet ,18772,19250
271.964,Received an expired out of sequence packet ,18773,19250
271.964,Received an expired out of sequence packet ,18774,19250
271.964,Received an expired out of sequence packet ,18775,19250
271.964,Received an expired out of sequence packet ,18776,19250
271.964,Received an expired out of sequence packet ,18777,19250
271.964,Received an expired out of sequence packet ,18778,19250
271.964,Received an expired out of sequence packet ,18779,19250
271.966,Received an expired out of sequence packet ,18780,19250
271.966,Received an expired out of sequence packet ,18781,19250
271.969,Received an expired out of sequence packet ,18782,19250
271.969,Received an expired out of sequence packet ,18783,19250
271.969,Received an expired out of sequence packet ,18784,19250
271.969,Received an expired out of sequence packet ,18785,19250
271.969,Received an expired out of sequence packet ,18786,19250
271.969,Received an expired out of sequence packet ,18787,19250
271.969,Received an expired out of sequence packet ,18788,19250
271.969,Received an expired out of sequence packet ,18789,19250
271.969,Received an expired out of sequence packet ,18790,19250
271.969,Received an expired out of sequence packet ,18791,19250
271.969,Received an expired out of sequence packet ,18792,19250
271.969,Received an expired out of sequence packet ,18793,19250
271.969,Received an expired out of sequence packet ,18794,19250
271.969,Received an expired out of sequence packet ,18795,19250
271.97,Received an expired out of sequence packet ,18796,19250
271.97,Received an expired out of sequence packet ,18797,19250
271.97,Received an expired out of sequence packet ,18798,19250
271.972,Received an expired out of sequence packet ,18799,19250
271.975,Received an expired out of sequence packet ,18800,19250
271.975,Received an expired out of sequence packet ,18801,19250
271.975,Received an expired out of sequence packet ,18802,19250
271.975,Received an expired out of sequence packet ,18803,19250
271.975,Received an expired out of sequence packet ,18804,19250
271.975,Received an expired out of sequence packet ,18805,19250
271.978,Received an expired out of sequence packet ,18806,19250
271.978,Received an expired out of sequence packet ,18807,19250
271.978,Received an expired out of sequence packet ,18808,19250
271.978,Received an expired out of sequence packet ,18809,19250
271.978,Received an expired out of sequence packet ,18810,19250
271.978,Received an expired out of sequence packet ,18811,19250
271.978,Received an expired out of sequence packet ,18812,19250
271.978,Received an expired out of sequence packet ,18813,19250
271.978,Received an expired out of sequence packet ,18814,19250
271.978,Received an expired out of sequence packet ,18815,19250
271.979,Received an expired out of sequence packet ,18816,19250
271.979,Received an expired out of sequence packet ,18817,19250
271.979,Received an expired out of sequence packet ,18818,19250
271.979,Received an expired out of sequence packet ,18819,19250
271.98,Received an expired out of sequence packet ,18820,19250
271.98,Received an expired out of sequence packet ,18821,19250
271.98,Received an expired out of sequence packet ,18822,19250
271.98,Received an expired out of sequence packet ,18823,19250
271.98,Received an expired out of sequence packet ,18824,19250
271.98,Received an expired out of sequence packet ,18825,19250
271.98,Received an expired out of sequence packet ,18826,19250
271.98,Received an expired out of sequence packet ,18827,19250
271.98,Received an expired out of sequence packet ,18828,19250
271.98,Received an expired out of sequence packet ,18829,19250
271.985,Received an expired out of sequence packet ,18830,19250
271.985,Received an expired out of sequence packet ,18831,19250
271.985,Received an expired out of sequence packet ,18832,19250
271.985,Received an expired out of sequence packet ,18833,19250
271.994,Received an expired out of sequence packet ,18834,19250
271.994,Received an expired out of sequence packet ,18835,19250
271.994,Received an expired out of sequence packet ,18836,19250
271.994,Received an expired out of sequence packet ,18837,19250
271.994,Received an expired out of sequence packet ,18838,19250
271.994,Received an expired out of sequence packet ,18839,19250
271.994,Received an expired out of sequence packet ,18840,19250
271.994,Received an expired out of sequence packet ,18841,19250
271.994,Received an expired out of sequence packet ,18842,19250
271.994,Received an expired out of sequence packet ,18843,19250
271.994,Received an expired out of sequence packet ,18844,19250
271.994,Received an expired out of sequence packet ,18845,19250
271.994,Received an expired out of sequence packet ,18846,19250
271.994,Received an expired out of sequence packet ,18847,19250
271.994,Received an expired out of sequence packet ,18848,19250
271.998,Received an expired out of sequence packet ,18849,19250
272.003,Received an expired out of sequence packet ,18850,19250
272.003,Received an expired out of sequence packet ,18851,19250
272.003,Received an expired out of sequence packet ,18852,19250
272.003,Received an expired out of sequence packet ,18853,19250
272.003,Received an expired out of sequence packet ,18854,19250
272.003,Received an expired out of sequence packet ,18855,19250
272.004,Received an expired out of sequence packet ,18856,19250
272.004,Received an expired out of sequence packet ,18857,19250
272.009,Received an expired out of sequence packet ,18858,19250
272.01,Received an expired out of sequence packet ,18859,19250
272.011,Received an expired out of sequence packet ,18860,19250
272.011,Received an expired out of sequence packet ,18861,19250
272.011,Received an expired out of sequence packet ,18862,19250
272.011,Received an expired out of sequence packet ,18863,19250
272.011,Received an expired out of sequence packet ,18864,19250
272.011,Received an expired out of sequence packet ,18865,19250
272.011,Received an expired out of sequence packet ,18866,19250
272.011,Received an expired out of sequence packet ,18867,19250
272.011,Received an expired out of sequence packet ,18868,19250
272.011,Received an expired out of sequence packet ,18869,19250
272.011,Received an expired out of sequence packet ,18870,19250
272.011,Received an expired out of sequence packet ,18871,19250
272.011,Received an expired out of sequence packet ,18872,19250
272.011,Received an expired out of sequence packet ,18873,19250
272.011,Received an expired out of sequence packet ,18874,19250
272.011,Received an expired out of sequence packet ,18875,19250
272.011,Received an expired out of sequence packet ,18876,19250
272.017,Received an expired out of sequence packet ,18877,19250
272.017,Received an expired out of sequence packet ,18878,19250
272.017,Received an expired out of sequence packet ,18879,19250
272.017,Received an expired out of sequence packet ,18880,19250
272.017,Received an expired out of sequence packet ,18881,19250
272.017,Received an expired out of sequence packet ,18882,19250
272.017,Received an expired out of sequence packet ,18883,19250
272.017,Received an expired out of sequence packet ,18884,19250
272.017,Received an expired out of sequence packet ,18885,19250
272.017,Received an expired out of sequence packet ,18886,19250
272.017,Received an expired out of sequence packet ,18887,19250
272.017,Received an expired out of sequence packet ,18888,19250
272.017,Received an expired out of sequence packet ,18889,19250
272.017,Received an expired out of sequence packet ,18890,19250
272.017,Received an expired out of sequence packet ,18891,19250
272.017,Received an expired out of sequence packet ,18892,19250
272.024,Received an expired out of sequence packet ,18893,19250
272.024,Received an expired out of sequence packet ,18894,19250
272.024,Received an expired out of sequence packet ,18895,19250
272.024,Received an expired out of sequence packet ,18896,19250
272.024,Received an expired out of sequence packet ,18897,19250
272.024,Received an expired out of sequence packet ,18898,19250
272.025,Received an expired out of sequence packet ,18899,19250
272.025,Received an expired out of sequence packet ,18900,19250
272.028,Received an expired out of sequence packet ,18901,19250
272.028,Received an expired out of sequence packet ,18902,19250
272.028,Received an expired out of sequence packet ,18903,19250
272.028,Received an expired out of sequence packet ,18904,19250
272.028,Received an expired out of sequence packet ,18905,19250
272.028,Received an expired out of sequence packet ,18906,19250
272.028,Received an expired out of sequence packet ,18907,19250
272.028,Received an expired out of sequence packet ,18908,19250
272.028,Received an expired out of sequence packet ,18909,19250
272.028,Received an expired out of sequence packet ,18910,19250
272.028,Received an expired out of sequence packet ,18911,19250
272.028,Received an expired out of sequence packet ,18912,19250
272.028,Received an expired out of sequence packet ,18913,19250
272.028,Received an expired out of sequence packet ,18914,19250
272.028,Received an expired out of sequence packet ,18915,19250
272.028,Received an expired out of sequence packet ,18916,19250
272.03,Received an expired out of sequence packet ,18917,19250
272.03,Received an expired out of sequence packet ,18918,19250
272.03,Received an expired out of sequence packet ,18919,19250
272.03,Received an expired out of sequence packet ,18920,19250
272.03,Received an expired out of sequence packet ,18921,19250
272.03,Received an expired out of sequence packet ,18922,19250
272.03,Received an expired out of sequence packet ,18923,19250
272.03,Received an expired out of sequence packet ,18924,19250
272.03,Received an expired out of sequence packet ,18925,19250
272.03,Received an expired out of sequence packet ,18926,19250
272.03,Received an expired out of sequence packet ,18927,19250
272.03,Received an expired out of sequence packet ,18928,19250
272.03,Received an expired out of sequence packet ,18929,19250
272.03,Received an expired out of sequence packet ,18930,19250
272.03,Received an expired out of sequence packet ,18931,19250
272.03,Received an expired out of sequence packet ,18932,19250
272.03,Received an expired out of sequence packet ,18933,19250
272.031,Received an expired out of sequence packet ,18934,19250
272.031,Received an expired out of sequence packet ,18935,19250
272.031,Received an expired out of sequence packet ,18936,19250
272.031,Received an expired out of sequence packet ,18937,19250
272.031,Received an expired out of sequence packet ,18938,19250
272.031,Received an expired out of sequence packet ,18939,19250
272.031,Received an expired out of sequence packet ,18940,19250
272.031,Received an expired out of sequence packet ,18941,19250
272.038,Received an expired out of sequence packet ,18942,19250
272.038,Received an expired out of sequence packet ,18943,19250
272.038,Received an expired out of sequence packet ,18944,19250
272.038,Received an expired out of sequence packet ,18945,19250
272.038,Received an expired out of sequence packet ,18946,19250
272.038,Received an expired out of sequence packet ,18947,19250
272.038,Received an expired out of sequence packet ,18948,19250
272.038,Received an expired out of sequence packet ,18949,19250
272.038,Received an expired out of sequence packet ,18950,19250
272.048,Received an expired out of sequence packet ,18951,19250
272.048,Received an expired out of sequence packet ,18952,19250
272.048,Received an expired out of sequence packet ,18953,19250
272.048,Received an expired out of sequence packet ,18954,19250
272.048,Received an expired out of sequence packet ,18955,19250
272.049,Received an expired out of sequence packet ,18956,19250
272.049,Received an expired out of sequence packet ,18957,19250
272.05,Received an expired out of sequence packet ,18958,19250
272.05,Received an expired out of sequence packet ,18959,19250
272.05,Received an expired out of sequence packet ,18960,19250
272.05,Received an expired out of sequence packet ,18961,19250
272.05,Received an expired out of sequence packet ,18962,19250
272.05,Received an expired out of sequence packet ,18963,19250
272.05,Received an expired out of sequence packet ,18964,19250
272.051,Received an expired out of sequence packet ,18965,19250
272.051,Received an expired out of sequence packet ,18966,19250
272.051,Received an expired out of sequence packet ,18967,19250
272.051,Received an expired out of sequence packet ,18968,19250
272.053,Received an expired out of sequence packet ,18969,19250
272.053,Received an expired out of sequence packet ,18970,19250
272.053,Received an expired out of sequence packet ,18971,19250
272.053,Received an expired out of sequence packet ,18972,19250
272.053,Received an expired out of sequence packet ,18973,19250
272.053,Received an expired out of sequence packet ,18974,19250
272.053,Received an expired out of sequence packet ,18975,19250
272.053,Received an expired out of sequence packet ,18976,19250
272.053,Received an expired out of sequence packet ,18977,19250
272.053,Received an expired out of sequence packet ,18978,19250
272.053,Received an expired out of sequence packet ,18979,19250
272.053,Received an expired out of sequence packet ,18980,19250
272.053,Received an expired out of sequence packet ,18981,19250
272.053,Received an expired out of sequence packet ,18982,19250
272.053,Received an expired out of sequence packet ,18983,19250
272.053,Received an expired out of sequence packet ,18984,19250
272.053,Received an expired out of sequence packet ,18985,19250
272.053,Received an expired out of sequence packet ,18986,19250
272.053,Received an expired out of sequence packet ,18987,19250
272.053,Received an expired out of sequence packet ,18988,19250
272.053,Received an expired out of sequence packet ,18989,19250
272.053,Received an expired out of sequence packet ,18990,19250
272.053,Received an expired out of sequence packet ,18991,19250
272.053,Received an expired out of sequence packet ,18992,19250
272.053,Received an expired out of sequence packet ,18993,19250
272.053,Received an expired out of sequence packet ,18994,19250
272.053,Received an expired out of sequence packet ,18995,19250
272.053,Received an expired out of sequence packet ,18996,19250
272.053,Received an expired out of sequence packet ,18997,19250
272.053,Received an expired out of sequence packet ,18998,19250
272.053,Received an expired out of sequence packet ,18999,19250
272.053,Received an expired out of sequence packet ,19000,19250
272.053,Received an expired out of sequence packet ,19001,19250
272.054,Received an expired out of sequence packet ,19002,19250
272.054,Received an expired out of sequence packet ,19003,19250
272.054,Received an expired out of sequence packet ,19004,19250
272.054,Received an expired out of sequence packet ,19005,19250
272.054,Received an expired out of sequence packet ,19006,19250
272.054,Received an expired out of sequence packet ,19007,19250
272.054,Received an expired out of sequence packet ,19008,19250
272.054,Received an expired out of sequence packet ,19009,19250
272.054,Received an expired out of sequence packet ,19010,19250
272.054,Received an expired out of sequence packet ,19011,19250
272.054,Received an expired out of sequence packet ,19012,19250
272.054,Received an expired out of sequence packet ,19013,19250
272.054,Received an expired out of sequence packet ,19014,19250
272.054,Received an expired out of sequence packet ,19015,19250
272.054,Received an expired out of sequence packet ,19016,19250
272.054,Received an expired out of sequence packet ,19017,19250
272.054,Received an expired out of sequence packet ,19018,19250
272.054,Received an expired out of sequence packet ,19019,19250
272.054,Received an expired out of sequence packet ,19020,19250
272.054,Received an expired out of sequence packet ,19021,19250
272.054,Received an expired out of sequence packet ,19022,19250
272.054,Received an expired out of sequence packet ,19023,19250
272.054,Received an expired out of sequence packet ,19024,19250
272.054,Received an expired out of sequence packet ,19025,19250
272.06,Received an expired out of sequence packet ,19026,19250
272.06,Received an expired out of sequence packet ,19027,19250
272.06,Received an expired out of sequence packet ,19028,19250
272.06,Received an expired out of sequence packet ,19029,19250
272.06,Received an expired out of sequence packet ,19030,19250
272.06,Received an expired out of sequence packet ,19031,19250
272.06,Received an expired out of sequence packet ,19032,19250
272.06,Received an expired out of sequence packet ,19033,19250
272.06,Received an expired out of sequence packet ,19034,19250
272.06,Received an expired out of sequence packet ,19035,19250
272.061,Received an expired out of sequence packet ,19036,19250
272.061,Received an expired out of sequence packet ,19037,19250
272.061,Received an expired out of sequence packet ,19038,19250
272.061,Received an expired out of sequence packet ,19039,19250
272.061,Received an expired out of sequence packet ,19040,19250
272.061,Received an expired out of sequence packet ,19041,19250
272.061,Received an expired out of sequence packet ,19042,19250
272.061,Received an expired out of sequence packet ,19043,19250
272.061,Received an expired out of sequence packet ,19044,19250
272.061,Received an expired out of sequence packet ,19045,19250
272.061,Received an expired out of sequence packet ,19046,19250
272.061,Received an expired out of sequence packet ,19047,19250
272.062,Received an expired out of sequence packet ,19048,19250
272.063,Received an expired out of sequence packet ,19049,19250
272.067,Received an expired out of sequence packet ,19050,19250
272.067,Received an expired out of sequence packet ,19051,19250
272.067,Received an expired out of sequence packet ,19052,19250
272.072,Received an expired out of sequence packet ,19053,19250
272.072,Received an expired out of sequence packet ,19054,19250
272.072,Received an expired out of sequence packet ,19055,19250
272.072,Received an expired out of sequence packet ,19056,19250
272.072,Received an expired out of sequence packet ,19057,19250
272.072,Received an expired out of sequence packet ,19058,19250
272.072,Received an expired out of sequence packet ,19059,19250
272.072,Received an expired out of sequence packet ,19060,19250
272.072,Received an expired out of sequence packet ,19061,19250
272.072,Received an expired out of sequence packet ,19062,19250
272.072,Received an expired out of sequence packet ,19063,19250
272.072,Received an expired out of sequence packet ,19064,19250
272.072,Received an expired out of sequence packet ,19065,19250
272.072,Received an expired out of sequence packet ,19066,19250
272.075,Received an expired out of sequence packet ,19067,19250
272.075,Received an expired out of sequence packet ,19068,19250
272.075,Received an expired out of sequence packet ,19069,19250
272.075,Received an expired out of sequence packet ,19070,19250
272.077,Received an expired out of sequence packet ,19071,19250
272.077,Received an expired out of sequence packet ,19072,19250
272.077,Received an expired out of sequence packet ,19073,19250
272.077,Received an expired out of sequence packet ,19074,19250
272.078,Received an expired out of sequence packet ,19075,19250
272.078,Received an expired out of sequence packet ,19076,19250
272.078,Received an expired out of sequence packet ,19077,19250
272.078,Received an expired out of sequence packet ,19078,19250
272.078,Received an expired out of sequence packet ,19079,19250
272.078,Received an expired out of sequence packet ,19080,19250
272.078,Received an expired out of sequence packet ,19081,19250
272.079,Received an expired out of sequence packet ,19082,19250
272.079,Received an expired out of sequence packet ,19083,19250
272.079,Received an expired out of sequence packet ,19084,19250
272.079,Received an expired out of sequence packet ,19085,19250
272.079,Received an expired out of sequence packet ,19086,19250
272.079,Received an expired out of sequence packet ,19087,19250
272.079,Received an expired out of sequence packet ,19088,19250
272.079,Received an expired out of sequence packet ,19089,19250
272.079,Received an expired out of sequence packet ,19090,19250
272.079,Received an expired out of sequence packet ,19091,19250
272.079,Received an expired out of sequence packet ,19092,19250
272.079,Received an expired out of sequence packet ,19093,19250
272.079,Received an expired out of sequence packet ,19094,19250
272.079,Received an expired out of sequence packet ,19095,19250
272.079,Received an expired out of sequence packet ,19096,19250
272.079,Received an expired out of sequence packet ,19097,19250
272.079,Received an expired out of sequence packet ,19098,19250
272.079,Received an expired out of sequence packet ,19099,19250
272.079,Received an expired out of sequence packet ,19100,19250
272.079,Received an expired out of sequence packet ,19101,19250
272.079,Received an expired out of sequence packet ,19102,19250
272.08,Received an expired out of sequence packet ,19103,19250
272.08,Received an expired out of sequence packet ,19104,19250
272.08,Received an expired out of sequence packet ,19105,19250
272.08,Received an expired out of sequence packet ,19106,19250
272.08,Received an expired out of sequence packet ,19107,19250
272.08,Received an expired out of sequence packet ,19108,19250
272.08,Received an expired out of sequence packet ,19109,19250
272.08,Received an expired out of sequence packet ,19110,19250
272.08,Received an expired out of sequence packet ,19111,19250
272.082,Received an expired out of sequence packet ,19112,19250
272.082,Received an expired out of sequence packet ,19113,19250
272.082,Received an expired out of sequence packet ,19114,19250
272.082,Received an expired out of sequence packet ,19115,19250
272.082,Received an expired out of sequence packet ,19116,19250
272.082,Received an expired out of sequence packet ,19117,19250
272.082,Received an expired out of sequence packet ,19118,19250
272.091,Received an expired out of sequence packet ,19119,19250
272.092,Received an expired out of sequence packet ,19120,19250
272.092,Received an expired out of sequence packet ,19121,19250
272.092,Received an expired out of sequence packet ,19122,19250
272.093,Received an expired out of sequence packet ,19123,19250
272.093,Received an expired out of sequence packet ,19124,19250
272.093,Received an expired out of sequence packet ,19125,19250
272.093,Received an expired out of sequence packet ,19126,19250
272.093,Received an expired out of sequence packet ,19127,19250
272.093,Received an expired out of sequence packet ,19128,19250
272.093,Received an expired out of sequence packet ,19129,19250
272.093,Received an expired out of sequence packet ,19130,19250
272.093,Received an expired out of sequence packet ,19131,19250
272.093,Received an expired out of sequence packet ,19132,19250
272.093,Received an expired out of sequence packet ,19133,19250
272.093,Received an expired out of sequence packet ,19134,19250
272.093,Received an expired out of sequence packet ,19135,19250
272.093,Received an expired out of sequence packet ,19136,19250
272.093,Received an expired out of sequence packet ,19137,19250
272.093,Received an expired out of sequence packet ,19138,19250
272.094,Received an expired out of sequence packet ,19139,19250
272.095,Received an expired out of sequence packet ,19140,19250
272.095,Received an expired out of sequence packet ,19141,19250
272.095,Received an expired out of sequence packet ,19142,19250
272.095,Received an expired out of sequence packet ,19143,19250
272.095,Received an expired out of sequence packet ,19144,19250
272.095,Received an expired out of sequence packet ,19145,19250
272.095,Received an expired out of sequence packet ,19146,19250
272.095,Received an expired out of sequence packet ,19147,19250
272.095,Received an expired out of sequence packet ,19148,19250
272.095,Received an expired out of sequence packet ,19149,19250
272.095,Received an expired out of sequence packet ,19150,19250
272.095,Received an expired out of sequence packet ,19151,19250
272.096,Received an expired out of sequence packet ,19152,19250
272.096,Received an expired out of sequence packet ,19153,19250
272.096,Received an expired out of sequence packet ,19154,19250
272.096,Received an expired out of sequence packet ,19155,19250
272.096,Received an expired out of sequence packet ,19156,19250
272.098,Received an expired out of sequence packet ,19157,19250
272.098,Received an expired out of sequence packet ,19158,19250
272.098,Received an expired out of sequence packet ,19159,19250
272.098,Received an expired out of sequence packet ,19160,19250
272.098,Received an expired out of sequence packet ,19161,19250
272.098,Received an expired out of sequence packet ,19162,19250
272.099,Received an expired out of sequence packet ,19163,19250
272.099,Received an expired out of sequence packet ,19164,19250
272.099,Received an expired out of sequence packet ,19165,19250
272.099,Received an expired out of sequence packet ,19166,19250
272.099,Received an expired out of sequence packet ,19167,19250
272.099,Received an expired out of sequence packet ,19168,19250
272.1,Received an expired out of sequence packet ,19169,19250
272.1,Received an expired out of sequence packet ,19170,19250
272.1,Received an expired out of sequence packet ,19171,19250
272.1,Received an expired out of sequence packet ,19172,19250
272.1,Received an expired out of sequence packet ,19173,19250
272.1,Received an expired out of sequence packet ,19174,19250
272.1,Received an expired out of sequence packet ,19175,19250
272.1,Received an expired out of sequence packet ,19176,19250
272.1,Received an expired out of sequence packet ,19177,19250
272.1,Received an expired out of sequence packet ,19178,19250
272.1,Received an expired out of sequence packet ,19179,19250
272.1,Received an expired out of sequence packet ,19180,19250
272.101,Received an expired out of sequence packet ,19181,19250
272.109,Received an expired out of sequence packet ,19182,19250
272.109,Received an expired out of sequence packet ,19183,19250
272.11,Received an expired out of sequence packet ,19184,19250
272.11,Received an expired out of sequence packet ,19185,19250
272.11,Received an expired out of sequence packet ,19186,19250
272.112,Received an expired out of sequence packet ,19187,19250
272.112,Received an expired out of sequence packet ,19188,19250
272.112,Received an expired out of sequence packet ,19189,19250
272.112,Received an expired out of sequence packet ,19190,19250
272.112,Received an expired out of sequence packet ,19191,19250
272.112,Received an expired out of sequence packet ,19192,19250
272.112,Received an expired out of sequence packet ,19193,19250
272.112,Received an expired out of sequence packet ,19194,19250
272.112,Received an expired out of sequence packet ,19195,19250
272.112,Received an expired out of sequence packet ,19196,19250
272.112,Received an expired out of sequence packet ,19197,19250
272.112,Received an expired out of sequence packet ,19198,19250
272.112,Received an expired out of sequence packet ,19199,19250
272.112,Received an expired out of sequence packet ,19200,19250
272.112,Received an expired out of sequence packet ,19201,19250
272.112,Received an expired out of sequence packet ,19202,19250
272.112,Received an expired out of sequence packet ,19203,19250
272.112,Received an expired out of sequence packet ,19204,19250
272.112,Received an expired out of sequence packet ,19205,19250
272.112,Received an expired out of sequence packet ,19206,19250
272.113,Received an expired out of sequence packet ,19207,19250
272.113,Received an expired out of sequence packet ,19208,19250
272.114,Received an expired out of sequence packet ,19209,19250
272.114,Received an expired out of sequence packet ,19210,19250
272.114,Received an expired out of sequence packet ,19211,19250
272.114,Received an expired out of sequence packet ,19212,19250
272.114,Received an expired out of sequence packet ,19213,19250
272.114,Received an expired out of sequence packet ,19214,19250
272.114,Received an expired out of sequence packet ,19215,19250
272.114,Received an expired out of sequence packet ,19216,19250
272.114,Received an expired out of sequence packet ,19217,19250
272.128,Received an expired out of sequence packet ,19218,19250
272.128,Received an expired out of sequence packet ,19219,19250
272.128,Received an expired out of sequence packet ,19220,19250
272.128,Received an expired out of sequence packet ,19221,19250
272.128,Received an expired out of sequence packet ,19222,19250
272.128,Received an expired out of sequence packet ,19223,19250
272.128,Received an expired out of sequence packet ,19224,19250
272.128,Received an expired out of sequence packet ,19225,19250
272.128,Received an expired out of sequence packet ,19226,19250
272.128,Received an expired out of sequence packet ,19227,19250
272.128,Received an expired out of sequence packet ,19228,19250
272.128,Received an expired out of sequence packet ,19229,19250
272.128,Received an expired out of sequence packet ,19230,19250
272.128,Received an expired out of sequence packet ,19231,19250
272.128,Received an expired out of sequence packet ,19232,19250
272.128,Received an expired out of sequence packet 