1.52927,Exit slow start,exceeding SS_EXIT_THRESHOLD
12.4052,Timeout
12.4053,clearing sending list because of timeout
12.6118,Received an expired out of sequence packet ,6493,6993
12.6119,Received an expired out of sequence packet ,6494,6993
12.6119,Received an expired out of sequence packet ,6495,6993
12.6119,Received an expired out of sequence packet ,6496,6993
12.8006,Received an expired out of sequence packet ,6497,6993
12.8038,Received an expired out of sequence packet ,6498,6993
12.8038,Received an expired out of sequence packet ,6499,6993
12.8077,Received an expired out of sequence packet ,6500,6993
12.8077,Received an expired out of sequence packet ,6501,6993
12.8077,Received an expired out of sequence packet ,6502,6993
12.8078,Received an expired out of sequence packet ,6503,6993
12.8078,Received an expired out of sequence packet ,6504,6993
12.8097,Received an expired out of sequence packet ,6505,6993
12.8097,Received an expired out of sequence packet ,6506,6993
12.8097,Received an expired out of sequence packet ,6507,6993
12.8098,Received an expired out of sequence packet ,6508,6993
12.816,Received an expired out of sequence packet ,6509,6993
12.8161,Received an expired out of sequence packet ,6510,6993
12.8161,Received an expired out of sequence packet ,6511,6993
12.8161,Received an expired out of sequence packet ,6512,6993
12.8251,Received an expired out of sequence packet ,6513,6993
12.8292,Received an expired out of sequence packet ,6514,6993
12.8292,Received an expired out of sequence packet ,6515,6993
12.8292,Received an expired out of sequence packet ,6516,6993
12.8303,Received an expired out of sequence packet ,6517,6993
12.8304,Received an expired out of sequence packet ,6518,6993
12.8335,Received an expired out of sequence packet ,6519,6993
12.8335,Received an expired out of sequence packet ,6520,6993
12.8335,Received an expired out of sequence packet ,6521,6993
12.8335,Received an expired out of sequence packet ,6522,6993
12.8336,Received an expired out of sequence packet ,6523,6993
12.8995,Received an expired out of sequence packet ,6524,6993
12.8995,Received an expired out of sequence packet ,6525,6993
12.8996,Received an expired out of sequence packet ,6526,6993
12.9027,Received an expired out of sequence packet ,6527,6993
12.906,Received an expired out of sequence packet ,6528,6993
12.9091,Received an expired out of sequence packet ,6529,6993
12.9092,Received an expired out of sequence packet ,6530,6993
12.9173,Received an expired out of sequence packet ,6531,6993
12.9195,Received an expired out of sequence packet ,6532,6993
12.9195,Received an expired out of sequence packet ,6533,6993
12.9206,Received an expired out of sequence packet ,6534,6993
12.9206,Received an expired out of sequence packet ,6535,6993
12.9206,Received an expired out of sequence packet ,6536,6993
12.9227,Received an expired out of sequence packet ,6537,6993
12.9228,Received an expired out of sequence packet ,6538,6993
12.9249,Received an expired out of sequence packet ,6539,6993
12.9249,Received an expired out of sequence packet ,6540,6993
12.9249,Received an expired out of sequence packet ,6541,6993
12.9249,Received an expired out of sequence packet ,6542,6993
12.9315,Received an expired out of sequence packet ,6543,6993
12.9346,Received an expired out of sequence packet ,6544,6993
12.9346,Received an expired out of sequence packet ,6545,6993
12.9479,Received an expired out of sequence packet ,6546,6993
12.9479,Received an expired out of sequence packet ,6547,6993
12.9479,Received an expired out of sequence packet ,6548,6993
12.948,Received an expired out of sequence packet ,6549,6993
12.9501,Received an expired out of sequence packet ,6550,6993
12.9542,Received an expired out of sequence packet ,6551,6993
12.9542,Received an expired out of sequence packet ,6552,6993
12.9542,Received an expired out of sequence packet ,6553,6993
12.9542,Received an expired out of sequence packet ,6554,6993
12.9623,Received an expired out of sequence packet ,6555,6993
12.9623,Received an expired out of sequence packet ,6556,6993
12.9623,Received an expired out of sequence packet ,6557,6993
12.9645,Received an expired out of sequence packet ,6558,6993
12.9688,Received an expired out of sequence packet ,6559,6993
12.9688,Received an expired out of sequence packet ,6560,6993
12.9689,Received an expired out of sequence packet ,6561,6993
12.9709,Received an expired out of sequence packet ,6562,6993
12.971,Received an expired out of sequence packet ,6563,6993
12.971,Received an expired out of sequence packet ,6564,6993
12.971,Received an expired out of sequence packet ,6565,6993
12.971,Received an expired out of sequence packet ,6566,6993
12.975,Received an expired out of sequence packet ,6567,6993
12.975,Received an expired out of sequence packet ,6568,6993
12.978,Received an expired out of sequence packet ,6569,6993
12.9781,Received an expired out of sequence packet ,6570,6993
12.9822,Received an expired out of sequence packet ,6571,6993
12.9823,Received an expired out of sequence packet ,6572,6993
12.9823,Received an expired out of sequence packet ,6573,6993
12.9854,Received an expired out of sequence packet ,6574,6993
12.9854,Received an expired out of sequence packet ,6575,6993
12.9865,Received an expired out of sequence packet ,6576,6993
12.9866,Received an expired out of sequence packet ,6577,6993
12.9866,Received an expired out of sequence packet ,6578,6993
12.9895,Received an expired out of sequence packet ,6579,6993
12.9896,Received an expired out of sequence packet ,6580,6993
12.9896,Received an expired out of sequence packet ,6581,6993
12.9896,Received an expired out of sequence packet ,6582,6993
12.9936,Received an expired out of sequence packet ,6583,6993
12.9937,Received an expired out of sequence packet ,6584,6993
12.9937,Received an expired out of sequence packet ,6585,6993
12.9976,Received an expired out of sequence packet ,6586,6993
12.9997,Received an expired out of sequence packet ,6587,6993
12.9997,Received an expired out of sequence packet ,6588,6993
12.9997,Received an expired out of sequence packet ,6589,6993
13.004,Received an expired out of sequence packet ,6590,6993
13.004,Received an expired out of sequence packet ,6591,6993
13.0041,Received an expired out of sequence packet ,6592,6993
13.0041,Received an expired out of sequence packet ,6593,6993
13.0072,Received an expired out of sequence packet ,6594,6993
13.0072,Received an expired out of sequence packet ,6595,6993
13.014,Received an expired out of sequence packet ,6596,6993
13.0141,Received an expired out of sequence packet ,6597,6993
13.0194,Received an expired out of sequence packet ,6598,6993
13.0195,Received an expired out of sequence packet ,6599,6993
13.0195,Received an expired out of sequence packet ,6600,6993
13.0195,Received an expired out of sequence packet ,6601,6993
13.0195,Received an expired out of sequence packet ,6602,6993
13.0206,Received an expired out of sequence packet ,6603,6993
13.0207,Received an expired out of sequence packet ,6604,6993
13.0207,Received an expired out of sequence packet ,6605,6993
13.0207,Received an expired out of sequence packet ,6606,6993
13.0207,Received an expired out of sequence packet ,6607,6993
13.0207,Received an expired out of sequence packet ,6608,6993
13.0208,Received an expired out of sequence packet ,6609,6993
13.0218,Received an expired out of sequence packet ,6610,6993
13.029,Received an expired out of sequence packet ,6611,6993
13.0349,Received an expired out of sequence packet ,6612,6993
13.035,Received an expired out of sequence packet ,6613,6993
13.035,Received an expired out of sequence packet ,6614,6993
13.035,Received an expired out of sequence packet ,6615,6993
13.035,Received an expired out of sequence packet ,6616,6993
13.0391,Received an expired out of sequence packet ,6617,6993
13.0392,Received an expired out of sequence packet ,6618,6993
13.0392,Received an expired out of sequence packet ,6619,6993
13.0392,Received an expired out of sequence packet ,6620,6993
13.0393,Received an expired out of sequence packet ,6621,6993
13.0393,Received an expired out of sequence packet ,6622,6993
13.0393,Received an expired out of sequence packet ,6623,6993
13.0393,Received an expired out of sequence packet ,6624,6993
13.0493,Received an expired out of sequence packet ,6625,6993
13.0493,Received an expired out of sequence packet ,6626,6993
13.0493,Received an expired out of sequence packet ,6627,6993
13.0505,Received an expired out of sequence packet ,6628,6993
13.0505,Received an expired out of sequence packet ,6629,6993
13.0505,Received an expired out of sequence packet ,6630,6993
13.0505,Received an expired out of sequence packet ,6631,6993
13.0505,Received an expired out of sequence packet ,6632,6993
13.0505,Received an expired out of sequence packet ,6633,6993
13.0506,Received an expired out of sequence packet ,6634,6993
13.0506,Received an expired out of sequence packet ,6635,6993
13.0577,Received an expired out of sequence packet ,6636,6993
13.0577,Received an expired out of sequence packet ,6637,6993
13.0578,Received an expired out of sequence packet ,6638,6993
13.0598,Received an expired out of sequence packet ,6639,6993
13.0598,Received an expired out of sequence packet ,6640,6993
13.0599,Received an expired out of sequence packet ,6641,6993
13.0599,Received an expired out of sequence packet ,6642,6993
13.0599,Received an expired out of sequence packet ,6643,6993
13.0599,Received an expired out of sequence packet ,6644,6993
13.0599,Received an expired out of sequence packet ,6645,6993
13.0599,Received an expired out of sequence packet ,6646,6993
13.0692,Received an expired out of sequence packet ,6647,6993
13.0692,Received an expired out of sequence packet ,6648,6993
13.0692,Received an expired out of sequence packet ,6649,6993
13.0692,Received an expired out of sequence packet ,6650,6993
13.0734,Received an expired out of sequence packet ,6651,6993
13.0734,Received an expired out of sequence packet ,6652,6993
13.0734,Received an expired out of sequence packet ,6653,6993
13.0735,Received an expired out of sequence packet ,6654,6993
13.0745,Received an expired out of sequence packet ,6655,6993
13.0745,Received an expired out of sequence packet ,6656,6993
13.0745,Received an expired out of sequence packet ,6657,6993
13.0798,Received an expired out of sequence packet ,6658,6993
13.0798,Received an expired out of sequence packet ,6659,6993
13.0798,Received an expired out of sequence packet ,6660,6993
13.0799,Received an expired out of sequence packet ,6661,6993
13.081,Received an expired out of sequence packet ,6662,6993
13.081,Received an expired out of sequence packet ,6663,6993
13.081,Received an expired out of sequence packet ,6664,6993
13.081,Received an expired out of sequence packet ,6665,6993
13.0831,Received an expired out of sequence packet ,6666,6993
13.0899,Received an expired out of sequence packet ,6667,6993
13.0899,Received an expired out of sequence packet ,6668,6993
13.0899,Received an expired out of sequence packet ,6669,6993
13.0931,Received an expired out of sequence packet ,6670,6993
13.0931,Received an expired out of sequence packet ,6671,6993
13.0973,Received an expired out of sequence packet ,6672,6993
13.0973,Received an expired out of sequence packet ,6673,6993
13.0973,Received an expired out of sequence packet ,6674,6993
13.0974,Received an expired out of sequence packet ,6675,6993
13.0974,Received an expired out of sequence packet ,6676,6993
13.0974,Received an expired out of sequence packet ,6677,6993
13.0974,Received an expired out of sequence packet ,6678,6993
13.0974,Received an expired out of sequence packet ,6679,6993
13.1059,Received an expired out of sequence packet ,6680,6993
13.1103,Received an expired out of sequence packet ,6681,6993
13.1146,Received an expired out of sequence packet ,6682,6993
13.1146,Received an expired out of sequence packet ,6683,6993
13.1189,Received an expired out of sequence packet ,6684,6993
13.1189,Received an expired out of sequence packet ,6685,6993
13.1189,Received an expired out of sequence packet ,6686,6993
13.1189,Received an expired out of sequence packet ,6687,6993
13.1189,Received an expired out of sequence packet ,6688,6993
13.1189,Received an expired out of sequence packet ,6689,6993
13.119,Received an expired out of sequence packet ,6690,6993
13.119,Received an expired out of sequence packet ,6691,6993
13.119,Received an expired out of sequence packet ,6692,6993
13.123,Received an expired out of sequence packet ,6693,6993
13.1231,Received an expired out of sequence packet ,6694,6993
13.1242,Received an expired out of sequence packet ,6695,6993
13.1263,Received an expired out of sequence packet ,6696,6993
13.1291,Received an expired out of sequence packet ,6697,6993
13.1291,Received an expired out of sequence packet ,6698,6993
13.1291,Received an expired out of sequence packet ,6699,6993
13.1302,Received an expired out of sequence packet ,6700,6993
13.1333,Received an expired out of sequence packet ,6701,6993
13.1334,Received an expired out of sequence packet ,6702,6993
13.1375,Received an expired out of sequence packet ,6703,6993
13.1375,Received an expired out of sequence packet ,6704,6993
13.1375,Received an expired out of sequence packet ,6705,6993
13.1375,Received an expired out of sequence packet ,6706,6993
13.1375,Received an expired out of sequence packet ,6707,6993
13.1476,Received an expired out of sequence packet ,6708,6993
13.1477,Received an expired out of sequence packet ,6709,6993
13.1905,Received an expired out of sequence packet ,6710,6993
13.1905,Received an expired out of sequence packet ,6711,6993
13.1905,Received an expired out of sequence packet ,6712,6993
13.1905,Received an expired out of sequence packet ,6713,6993
13.1906,Received an expired out of sequence packet ,6714,6993
13.1906,Received an expired out of sequence packet ,6715,6993
13.1906,Received an expired out of sequence packet ,6716,6993
13.1906,Received an expired out of sequence packet ,6717,6993
13.1917,Received an expired out of sequence packet ,6718,6993
13.1917,Received an expired out of sequence packet ,6719,6993
13.1917,Received an expired out of sequence packet ,6720,6993
13.1917,Received an expired out of sequence packet ,6721,6993
13.1917,Received an expired out of sequence packet ,6722,6993
13.1917,Received an expired out of sequence packet ,6723,6993
13.1918,Received an expired out of sequence packet ,6724,6993
13.1928,Received an expired out of sequence packet ,6725,6993
13.1928,Received an expired out of sequence packet ,6726,6993
13.1929,Received an expired out of sequence packet ,6727,6993
13.205,Received an expired out of sequence packet ,6728,6993
13.205,Received an expired out of sequence packet ,6729,6993
13.205,Received an expired out of sequence packet ,6730,6993
13.2081,Received an expired out of sequence packet ,6731,6993
13.2081,Received an expired out of sequence packet ,6732,6993
13.2082,Received an expired out of sequence packet ,6733,6993
13.2082,Received an expired out of sequence packet ,6734,6993
13.2082,Received an expired out of sequence packet ,6735,6993
13.2303,Received an expired out of sequence packet ,6736,6993
13.2303,Received an expired out of sequence packet ,6737,6993
13.2343,Received an expired out of sequence packet ,6738,6993
13.2364,Received an expired out of sequence packet ,6739,6993
13.2395,Received an expired out of sequence packet ,6740,6993
13.2426,Received an expired out of sequence packet ,6741,6993
13.2499,Received an expired out of sequence packet ,6742,6993
13.2541,Received an expired out of sequence packet ,6743,6993
13.2594,Received an expired out of sequence packet ,6744,6993
13.2594,Received an expired out of sequence packet ,6745,6993
13.2625,Received an expired out of sequence packet ,6746,6993
13.2686,Received an expired out of sequence packet ,6747,6993
13.2719,Received an expired out of sequence packet ,6748,6993
13.275,Received an expired out of sequence packet ,6749,6993
13.2777,Received an expired out of sequence packet ,6750,6993
13.2807,Received an expired out of sequence packet ,6751,6993
13.2848,Received an expired out of sequence packet ,6752,6993
13.2889,Received an expired out of sequence packet ,6753,6993
13.2901,Received an expired out of sequence packet ,6754,6993
13.2964,Received an expired out of sequence packet ,6755,6993
13.3004,Received an expired out of sequence packet ,6756,6993
13.3005,Received an expired out of sequence packet ,6757,6993
13.311,Received an expired out of sequence packet ,6758,6993
13.311,Received an expired out of sequence packet ,6759,6993
13.3141,Received an expired out of sequence packet ,6760,6993
13.3141,Received an expired out of sequence packet ,6761,6993
13.3206,Received an expired out of sequence packet ,6762,6993
13.3218,Received an expired out of sequence packet ,6763,6993
13.3218,Received an expired out of sequence packet ,6764,6993
13.3218,Received an expired out of sequence packet ,6765,6993
13.3218,Received an expired out of sequence packet ,6766,6993
13.3218,Received an expired out of sequence packet ,6767,6993
13.3219,Received an expired out of sequence packet ,6768,6993
13.326,Received an expired out of sequence packet ,6769,6993
13.326,Received an expired out of sequence packet ,6770,6993
13.3281,Received an expired out of sequence packet ,6771,6993
13.3281,Received an expired out of sequence packet ,6772,6993
13.3292,Received an expired out of sequence packet ,6773,6993
13.3314,Received an expired out of sequence packet ,6774,6993
13.3314,Received an expired out of sequence packet ,6775,6993
13.3346,Received an expired out of sequence packet ,6776,6993
13.3346,Received an expired out of sequence packet ,6777,6993
13.3357,Received an expired out of sequence packet ,6778,6993
13.3357,Received an expired out of sequence packet ,6779,6993
13.3389,Received an expired out of sequence packet ,6780,6993
13.3389,Received an expired out of sequence packet ,6781,6993
13.3421,Received an expired out of sequence packet ,6782,6993
13.3421,Received an expired out of sequence packet ,6783,6993
13.3421,Received an expired out of sequence packet ,6784,6993
13.3432,Received an expired out of sequence packet ,6785,6993
13.3432,Received an expired out of sequence packet ,6786,6993
13.3474,Received an expired out of sequence packet ,6787,6993
13.3502,Received an expired out of sequence packet ,6788,6993
13.3502,Received an expired out of sequence packet ,6789,6993
13.3502,Received an expired out of sequence packet ,6790,6993
13.3534,Received an expired out of sequence packet ,6791,6993
13.3534,Received an expired out of sequence packet ,6792,6993
13.3534,Received an expired out of sequence packet ,6793,6993
13.3534,Received an expired out of sequence packet ,6794,6993
13.3546,Received an expired out of sequence packet ,6795,6993
13.3577,Received an expired out of sequence packet ,6796,6993
13.3578,Received an expired out of sequence packet ,6797,6993
13.3578,Received an expired out of sequence packet ,6798,6993
13.3619,Received an expired out of sequence packet ,6799,6993
13.37,Received an expired out of sequence packet ,6800,6993
13.37,Received an expired out of sequence packet ,6801,6993
13.37,Received an expired out of sequence packet ,6802,6993
13.3721,Received an expired out of sequence packet ,6803,6993
13.3722,Received an expired out of sequence packet ,6804,6993
13.3729,Received an expired out of sequence packet ,6805,6993
13.3729,Received an expired out of sequence packet ,6806,6993
13.3729,Received an expired out of sequence packet ,6807,6993
13.3782,Received an expired out of sequence packet ,6808,6993
13.3782,Received an expired out of sequence packet ,6809,6993
13.3782,Received an expired out of sequence packet ,6810,6993
13.3783,Received an expired out of sequence packet ,6811,6993
13.3937,Received an expired out of sequence packet ,6812,6993
13.3937,Received an expired out of sequence packet ,6813,6993
13.3937,Received an expired out of sequence packet ,6814,6993
13.3938,Received an expired out of sequence packet ,6815,6993
13.3938,Received an expired out of sequence packet ,6816,6993
13.3938,Received an expired out of sequence packet ,6817,6993
13.3969,Received an expired out of sequence packet ,6818,6993
13.4,Received an expired out of sequence packet ,6819,6993
13.4,Received an expired out of sequence packet ,6820,6993
13.4001,Received an expired out of sequence packet ,6821,6993
13.4001,Received an expired out of sequence packet ,6822,6993
13.4001,Received an expired out of sequence packet ,6823,6993
13.4001,Received an expired out of sequence packet ,6824,6993
13.4042,Received an expired out of sequence packet ,6825,6993
13.4042,Received an expired out of sequence packet ,6826,6993
13.4042,Received an expired out of sequence packet ,6827,6993
13.4053,Received an expired out of sequence packet ,6828,6993
13.4053,Received an expired out of sequence packet ,6829,6993
13.4131,Received an expired out of sequence packet ,6830,6993
13.4132,Received an expired out of sequence packet ,6831,6993
13.4317,Received an expired out of sequence packet ,6832,6993
13.4318,Received an expired out of sequence packet ,6833,6993
13.4318,Received an expired out of sequence packet ,6834,6993
13.445,Received an expired out of sequence packet ,6835,6993
13.4472,Received an expired out of sequence packet ,6836,6993
13.4472,Received an expired out of sequence packet ,6837,6993
13.4472,Received an expired out of sequence packet ,6838,6993
13.4472,Received an expired out of sequence packet ,6839,6993
13.4483,Received an expired out of sequence packet ,6840,6993
13.4483,Received an expired out of sequence packet ,6841,6993
13.4483,Received an expired out of sequence packet ,6842,6993
13.4484,Received an expired out of sequence packet ,6843,6993
13.4484,Received an expired out of sequence packet ,6844,6993
13.4562,Received an expired out of sequence packet ,6845,6993
13.4562,Received an expired out of sequence packet ,6846,6993
13.4606,Received an expired out of sequence packet ,6847,6993
13.4668,Received an expired out of sequence packet ,6848,6993
13.4668,Received an expired out of sequence packet ,6849,6993
13.4668,Received an expired out of sequence packet ,6850,6993
13.4729,Received an expired out of sequence packet ,6851,6993
13.478,Received an expired out of sequence packet ,6852,6993
13.4792,Received an expired out of sequence packet ,6853,6993
13.4853,Received an expired out of sequence packet ,6854,6993
13.4885,Received an expired out of sequence packet ,6855,6993
13.4936,Received an expired out of sequence packet ,6856,6993
13.4987,Received an expired out of sequence packet ,6857,6993
13.6687,Received an expired out of sequence packet ,6858,6993
13.6688,Received an expired out of sequence packet ,6859,6993
13.669,Received an expired out of sequence packet ,6860,6993
13.669,Received an expired out of sequence packet ,6861,6993
13.669,Received an expired out of sequence packet ,6862,6993
13.669,Received an expired out of sequence packet ,6863,6993
13.669,Received an expired out of sequence packet ,6864,6993
13.669,Received an expired out of sequence packet ,6865,6993
13.6711,Received an expired out of sequence packet ,6866,6993
13.6711,Received an expired out of sequence packet ,6867,6993
13.6712,Received an expired out of sequence packet ,6868,6993
13.6712,Received an expired out of sequence packet ,6869,6993
13.6712,Received an expired out of sequence packet ,6870,6993
13.6712,Received an expired out of sequence packet ,6871,6993
13.6712,Received an expired out of sequence packet ,6872,6993
13.6722,Received an expired out of sequence packet ,6873,6993
13.6723,Received an expired out of sequence packet ,6874,6993
13.6723,Received an expired out of sequence packet ,6875,6993
13.6723,Received an expired out of sequence packet ,6876,6993
13.6723,Received an expired out of sequence packet ,6877,6993
13.6723,Received an expired out of sequence packet ,6878,6993
13.6733,Received an expired out of sequence packet ,6879,6993
13.6734,Received an expired out of sequence packet ,6880,6993
13.6734,Received an expired out of sequence packet ,6881,6993
13.6734,Received an expired out of sequence packet ,6882,6993
13.6735,Received an expired out of sequence packet ,6883,6993
13.6735,Received an expired out of sequence packet ,6884,6993
13.6735,Received an expired out of sequence packet ,6885,6993
13.6735,Received an expired out of sequence packet ,6886,6993
13.6735,Received an expired out of sequence packet ,6887,6993
13.6736,Received an expired out of sequence packet ,6888,6993
13.6736,Received an expired out of sequence packet ,6889,6993
13.6736,Received an expired out of sequence packet ,6890,6993
13.6736,Received an expired out of sequence packet ,6891,6993
13.6737,Received an expired out of sequence packet ,6892,6993
13.6746,Received an expired out of sequence packet ,6893,6993
13.6746,Received an expired out of sequence packet ,6894,6993
13.6746,Received an expired out of sequence packet ,6895,6993
13.6746,Received an expired out of sequence packet ,6896,6993
13.6747,Received an expired out of sequence packet ,6897,6993
13.6747,Received an expired out of sequence packet ,6898,6993
13.6747,Received an expired out of sequence packet ,6899,6993
13.6749,Received an expired out of sequence packet ,6900,6993
13.6749,Received an expired out of sequence packet ,6901,6993
13.6749,Received an expired out of sequence packet ,6902,6993
13.6749,Received an expired out of sequence packet ,6903,6993
13.676,Received an expired out of sequence packet ,6904,6993
13.676,Received an expired out of sequence packet ,6905,6993
13.6761,Received an expired out of sequence packet ,6906,6993
13.6774,Received an expired out of sequence packet ,6907,6993
13.6774,Received an expired out of sequence packet ,6908,6993
13.6775,Received an expired out of sequence packet ,6909,6993
13.6806,Received an expired out of sequence packet ,6910,6993
13.6806,Received an expired out of sequence packet ,6911,6993
13.6818,Received an expired out of sequence packet ,6912,6993
13.6818,Received an expired out of sequence packet ,6913,6993
13.6818,Received an expired out of sequence packet ,6914,6993
13.6818,Received an expired out of sequence packet ,6915,6993
13.6818,Received an expired out of sequence packet ,6916,6993
13.6819,Received an expired out of sequence packet ,6917,6993
13.6819,Received an expired out of sequence packet ,6918,6993
13.6839,Received an expired out of sequence packet ,6919,6993
13.6839,Received an expired out of sequence packet ,6920,6993
13.6839,Received an expired out of sequence packet ,6921,6993
13.6839,Received an expired out of sequence packet ,6922,6993
13.684,Received an expired out of sequence packet ,6923,6993
13.684,Received an expired out of sequence packet ,6924,6993
13.684,Received an expired out of sequence packet ,6925,6993
13.684,Received an expired out of sequence packet ,6926,6993
13.684,Received an expired out of sequence packet ,6927,6993
13.6841,Received an expired out of sequence packet ,6928,6993
13.6841,Received an expired out of sequence packet ,6929,6993
13.6841,Received an expired out of sequence packet ,6930,6993
13.6841,Received an expired out of sequence packet ,6931,6993
13.6842,Received an expired out of sequence packet ,6932,6993
13.6861,Received an expired out of sequence packet ,6933,6993
13.6861,Received an expired out of sequence packet ,6934,6993
13.6861,Received an expired out of sequence packet ,6935,6993
13.6861,Received an expired out of sequence packet ,6936,6993
13.6861,Received an expired out of sequence packet ,6937,6993
13.6862,Received an expired out of sequence packet ,6938,6993
13.6862,Received an expired out of sequence packet ,6939,6993
13.6862,Received an expired out of sequence packet ,6940,6993
13.6862,Received an expired out of sequence packet ,6941,6993
13.6872,Received an expired out of sequence packet ,6942,6993
13.6872,Received an expired out of sequence packet ,6943,6993
13.6893,Received an expired out of sequence packet ,6944,6993
13.6893,Received an expired out of sequence packet ,6945,6993
13.6893,Received an expired out of sequence packet ,6946,6993
13.6893,Received an expired out of sequence packet ,6947,6993
13.6893,Received an expired out of sequence packet ,6948,6993
13.6894,Received an expired out of sequence packet ,6949,6993
13.6894,Received an expired out of sequence packet ,6950,6993
13.6894,Received an expired out of sequence packet ,6951,6993
13.6894,Received an expired out of sequence packet ,6952,6993
13.6894,Received an expired out of sequence packet ,6953,6993
13.6934,Received an expired out of sequence packet ,6954,6993
13.6934,Received an expired out of sequence packet ,6955,6993
13.6934,Received an expired out of sequence packet ,6956,6993
13.6935,Received an expired out of sequence packet ,6957,6993
13.6935,Received an expired out of sequence packet ,6958,6993
13.6935,Received an expired out of sequence packet ,6959,6993
13.6935,Received an expired out of sequence packet ,6960,6993
13.6935,Received an expired out of sequence packet ,6961,6993
13.6936,Received an expired out of sequence packet ,6962,6993
13.6936,Received an expired out of sequence packet ,6963,6993
13.6936,Received an expired out of sequence packet ,6964,6993
13.6946,Received an expired out of sequence packet ,6965,6993
13.6946,Received an expired out of sequence packet ,6966,6993
13.6946,Received an expired out of sequence packet ,6967,6993
13.6946,Received an expired out of sequence packet ,6968,6993
13.6946,Received an expired out of sequence packet ,6969,6993
13.6946,Received an expired out of sequence packet ,6970,6993
13.6947,Received an expired out of sequence packet ,6971,6993
13.6957,Received an expired out of sequence packet ,6972,6993
13.6957,Received an expired out of sequence packet ,6973,6993
13.6957,Received an expired out of sequence packet ,6974,6993
13.6968,Received an expired out of sequence packet ,6975,6993
13.6968,Received an expired out of sequence packet ,6976,6993
13.6968,Received an expired out of sequence packet ,6977,6993
13.6968,Received an expired out of sequence packet ,6978,6993
13.6968,Received an expired out of sequence packet ,6979,6993
13.6968,Received an expired out of sequence packet ,6980,6993
13.6969,Received an expired out of sequence packet ,6981,6993
13.6969,Received an expired out of sequence packet ,6982,6993
13.6969,Received an expired out of sequence packet ,6983,6993
13.6969,Received an expired out of sequence packet ,6984,6993
13.6969,Received an expired out of sequence packet ,6985,6993
13.697,Received an expired out of sequence packet ,6986,6993
13.697,Received an expired out of sequence packet ,6987,6993
13.697,Received an expired out of sequence packet ,6988,6993
13.697,Received an expired out of sequence packet ,6989,6993
13.697,Received an expired out of sequence packet ,6990,6993
13.6971,Received an expired out of sequence packet ,6991,6993
13.6971,Received an expired out of sequence packet ,6992,6993
19.214,Timeout
19.214,clearing sending list because of timeout
19.6087,Received an expired out of sequence packet ,14686,14910
19.6088,Received an expired out of sequence packet ,14687,14910
19.6088,Received an expired out of sequence packet ,14688,14910
19.6088,Received an expired out of sequence packet ,14689,14910
19.6088,Received an expired out of sequence packet ,14690,14910
19.6088,Received an expired out of sequence packet ,14691,14910
19.6088,Received an expired out of sequence packet ,14692,14910
19.6089,Received an expired out of sequence packet ,14693,14910
19.6089,Received an expired out of sequence packet ,14694,14910
19.6089,Received an expired out of sequence packet ,14695,14910
19.6089,Received an expired out of sequence packet ,14696,14910
19.6089,Received an expired out of sequence packet ,14697,14910
19.6089,Received an expired out of sequence packet ,14698,14910
19.609,Received an expired out of sequence packet ,14699,14910
19.609,Received an expired out of sequence packet ,14700,14910
19.609,Received an expired out of sequence packet ,14701,14910
19.6472,Received an expired out of sequence packet ,14702,14910
19.6513,Received an expired out of sequence packet ,14703,14910
19.6513,Received an expired out of sequence packet ,14704,14910
19.6513,Received an expired out of sequence packet ,14705,14910
19.6513,Received an expired out of sequence packet ,14706,14910
19.6513,Received an expired out of sequence packet ,14707,14910
19.6513,Received an expired out of sequence packet ,14708,14910
19.6514,Received an expired out of sequence packet ,14709,14910
19.7182,Received an expired out of sequence packet ,14710,14910
19.7182,Received an expired out of sequence packet ,14711,14910
19.7182,Received an expired out of sequence packet ,14712,14910
19.7183,Received an expired out of sequence packet ,14713,14910
19.7183,Received an expired out of sequence packet ,14714,14910
19.7183,Received an expired out of sequence packet ,14715,14910
19.7183,Received an expired out of sequence packet ,14716,14910
19.7183,Received an expired out of sequence packet ,14717,14910
19.7183,Received an expired out of sequence packet ,14718,14910
19.7184,Received an expired out of sequence packet ,14719,14910
19.7184,Received an expired out of sequence packet ,14720,14910
19.7184,Received an expired out of sequence packet ,14721,14910
19.7184,Received an expired out of sequence packet ,14722,14910
19.7184,Received an expired out of sequence packet ,14723,14910
19.7203,Received an expired out of sequence packet ,14724,14910
19.7203,Received an expired out of sequence packet ,14725,14910
19.7244,Received an expired out of sequence packet ,14726,14910
19.7244,Received an expired out of sequence packet ,14727,14910
19.7295,Received an expired out of sequence packet ,14728,14910
19.7295,Received an expired out of sequence packet ,14729,14910
19.7295,Received an expired out of sequence packet ,14730,14910
19.7295,Received an expired out of sequence packet ,14731,14910
19.7296,Received an expired out of sequence packet ,14732,14910
19.7296,Received an expired out of sequence packet ,14733,14910
19.7296,Received an expired out of sequence packet ,14734,14910
19.7296,Received an expired out of sequence packet ,14735,14910
19.7296,Received an expired out of sequence packet ,14736,14910
19.7296,Received an expired out of sequence packet ,14737,14910
19.7296,Received an expired out of sequence packet ,14738,14910
19.7297,Received an expired out of sequence packet ,14739,14910
19.7297,Received an expired out of sequence packet ,14740,14910
19.7297,Received an expired out of sequence packet ,14741,14910
19.7297,Received an expired out of sequence packet ,14742,14910
19.7306,Received an expired out of sequence packet ,14743,14910
19.7307,Received an expired out of sequence packet ,14744,14910
19.7307,Received an expired out of sequence packet ,14745,14910
19.7307,Received an expired out of sequence packet ,14746,14910
19.7307,Received an expired out of sequence packet ,14747,14910
19.7307,Received an expired out of sequence packet ,14748,14910
19.7307,Received an expired out of sequence packet ,14749,14910
19.7317,Received an expired out of sequence packet ,14750,14910
19.7317,Received an expired out of sequence packet ,14751,14910
19.7317,Received an expired out of sequence packet ,14752,14910
19.7318,Received an expired out of sequence packet ,14753,14910
19.7318,Received an expired out of sequence packet ,14754,14910
19.7318,Received an expired out of sequence packet ,14755,14910
19.7318,Received an expired out of sequence packet ,14756,14910
19.7318,Received an expired out of sequence packet ,14757,14910
19.7318,Received an expired out of sequence packet ,14758,14910
19.7349,Received an expired out of sequence packet ,14759,14910
19.7349,Received an expired out of sequence packet ,14760,14910
19.7349,Received an expired out of sequence packet ,14761,14910
19.7349,Received an expired out of sequence packet ,14762,14910
19.7804,Received an expired out of sequence packet ,14763,14910
19.7804,Received an expired out of sequence packet ,14764,14910
19.7845,Received an expired out of sequence packet ,14765,14910
19.7845,Received an expired out of sequence packet ,14766,14910
19.7877,Received an expired out of sequence packet ,14767,14910
19.7877,Received an expired out of sequence packet ,14768,14910
19.7888,Received an expired out of sequence packet ,14769,14910
19.7888,Received an expired out of sequence packet ,14770,14910
19.7888,Received an expired out of sequence packet ,14771,14910
19.7889,Received an expired out of sequence packet ,14772,14910
19.7889,Received an expired out of sequence packet ,14773,14910
19.7889,Received an expired out of sequence packet ,14774,14910
19.7889,Received an expired out of sequence packet ,14775,14910
19.7889,Received an expired out of sequence packet ,14776,14910
19.7889,Received an expired out of sequence packet ,14777,14910
19.789,Received an expired out of sequence packet ,14778,14910
19.789,Received an expired out of sequence packet ,14779,14910
19.789,Received an expired out of sequence packet ,14780,14910
19.789,Received an expired out of sequence packet ,14781,14910
19.789,Received an expired out of sequence packet ,14782,14910
19.789,Received an expired out of sequence packet ,14783,14910
19.789,Received an expired out of sequence packet ,14784,14910
19.7891,Received an expired out of sequence packet ,14785,14910
19.7891,Received an expired out of sequence packet ,14786,14910
19.7959,Received an expired out of sequence packet ,14787,14910
19.7959,Received an expired out of sequence packet ,14788,14910
19.796,Received an expired out of sequence packet ,14789,14910
19.796,Received an expired out of sequence packet ,14790,14910
19.796,Received an expired out of sequence packet ,14791,14910
19.796,Received an expired out of sequence packet ,14792,14910
19.8041,Received an expired out of sequence packet ,14793,14910
19.8042,Received an expired out of sequence packet ,14794,14910
19.8042,Received an expired out of sequence packet ,14795,14910
19.8042,Received an expired out of sequence packet ,14796,14910
19.8042,Received an expired out of sequence packet ,14797,14910
19.8042,Received an expired out of sequence packet ,14798,14910
19.8043,Received an expired out of sequence packet ,14799,14910
19.8043,Received an expired out of sequence packet ,14800,14910
19.8043,Received an expired out of sequence packet ,14801,14910
19.8043,Received an expired out of sequence packet ,14802,14910
19.8043,Received an expired out of sequence packet ,14803,14910
19.8044,Received an expired out of sequence packet ,14804,14910
19.8044,Received an expired out of sequence packet ,14805,14910
19.8044,Received an expired out of sequence packet ,14806,14910
19.8044,Received an expired out of sequence packet ,14807,14910
19.8044,Received an expired out of sequence packet ,14808,14910
19.8045,Received an expired out of sequence packet ,14809,14910
19.8045,Received an expired out of sequence packet ,14810,14910
19.8045,Received an expired out of sequence packet ,14811,14910
19.8045,Received an expired out of sequence packet ,14812,14910
19.8045,Received an expired out of sequence packet ,14813,14910
19.8079,Received an expired out of sequence packet ,14814,14910
19.8121,Received an expired out of sequence packet ,14815,14910
19.816,Received an expired out of sequence packet ,14816,14910
19.816,Received an expired out of sequence packet ,14817,14910
19.8258,Received an expired out of sequence packet ,14818,14910
19.8259,Received an expired out of sequence packet ,14819,14910
19.8259,Received an expired out of sequence packet ,14820,14910
19.8259,Received an expired out of sequence packet ,14821,14910
19.8259,Received an expired out of sequence packet ,14822,14910
19.8259,Received an expired out of sequence packet ,14823,14910
19.8259,Received an expired out of sequence packet ,14824,14910
19.826,Received an expired out of sequence packet ,14825,14910
19.826,Received an expired out of sequence packet ,14826,14910
19.826,Received an expired out of sequence packet ,14827,14910
19.826,Received an expired out of sequence packet ,14828,14910
19.826,Received an expired out of sequence packet ,14829,14910
19.826,Received an expired out of sequence packet ,14830,14910
19.8261,Received an expired out of sequence packet ,14831,14910
19.8261,Received an expired out of sequence packet ,14832,14910
19.8261,Received an expired out of sequence packet ,14833,14910
19.8261,Received an expired out of sequence packet ,14834,14910
19.8261,Received an expired out of sequence packet ,14835,14910
19.8261,Received an expired out of sequence packet ,14836,14910
19.8262,Received an expired out of sequence packet ,14837,14910
19.8262,Received an expired out of sequence packet ,14838,14910
19.8262,Received an expired out of sequence packet ,14839,14910
19.8262,Received an expired out of sequence packet ,14840,14910
19.8262,Received an expired out of sequence packet ,14841,14910
19.8263,Received an expired out of sequence packet ,14842,14910
19.8263,Received an expired out of sequence packet ,14843,14910
19.8263,Received an expired out of sequence packet ,14844,14910
19.8263,Received an expired out of sequence packet ,14845,14910
19.8263,Received an expired out of sequence packet ,14846,14910
19.8301,Received an expired out of sequence packet ,14847,14910
19.8301,Received an expired out of sequence packet ,14848,14910
19.8301,Received an expired out of sequence packet ,14849,14910
19.8301,Received an expired out of sequence packet ,14850,14910
19.8301,Received an expired out of sequence packet ,14851,14910
19.8302,Received an expired out of sequence packet ,14852,14910
19.8302,Received an expired out of sequence packet ,14853,14910
19.8339,Received an expired out of sequence packet ,14854,14910
19.8362,Received an expired out of sequence packet ,14855,14910
19.8399,Received an expired out of sequence packet ,14856,14910
19.8399,Received an expired out of sequence packet ,14857,14910
19.8399,Received an expired out of sequence packet ,14858,14910
19.8399,Received an expired out of sequence packet ,14859,14910
19.8399,Received an expired out of sequence packet ,14860,14910
19.84,Received an expired out of sequence packet ,14861,14910
19.8434,Received an expired out of sequence packet ,14862,14910
19.8434,Received an expired out of sequence packet ,14863,14910
19.8502,Received an expired out of sequence packet ,14864,14910
19.8502,Received an expired out of sequence packet ,14865,14910
19.8556,Received an expired out of sequence packet ,14866,14910
19.8556,Received an expired out of sequence packet ,14867,14910
19.8587,Received an expired out of sequence packet ,14868,14910
19.8587,Received an expired out of sequence packet ,14869,14910
19.8587,Received an expired out of sequence packet ,14870,14910
19.8587,Received an expired out of sequence packet ,14871,14910
19.8588,Received an expired out of sequence packet ,14872,14910
19.8588,Received an expired out of sequence packet ,14873,14910
19.8588,Received an expired out of sequence packet ,14874,14910
19.8588,Received an expired out of sequence packet ,14875,14910
19.8588,Received an expired out of sequence packet ,14876,14910
19.8588,Received an expired out of sequence packet ,14877,14910
19.8589,Received an expired out of sequence packet ,14878,14910
19.8589,Received an expired out of sequence packet ,14879,14910
19.8589,Received an expired out of sequence packet ,14880,14910
19.8589,Received an expired out of sequence packet ,14881,14910
19.859,Received an expired out of sequence packet ,14882,14910
19.859,Received an expired out of sequence packet ,14883,14910
19.859,Received an expired out of sequence packet ,14884,14910
19.8599,Received an expired out of sequence packet ,14885,14910
19.8599,Received an expired out of sequence packet ,14886,14910
19.8609,Received an expired out of sequence packet ,14887,14910
19.861,Received an expired out of sequence packet ,14888,14910
19.861,Received an expired out of sequence packet ,14889,14910
19.861,Received an expired out of sequence packet ,14890,14910
19.861,Received an expired out of sequence packet ,14891,14910
19.861,Received an expired out of sequence packet ,14892,14910
19.861,Received an expired out of sequence packet ,14893,14910
19.8611,Received an expired out of sequence packet ,14894,14910
19.8611,Received an expired out of sequence packet ,14895,14910
19.8611,Received an expired out of sequence packet ,14896,14910
19.8611,Received an expired out of sequence packet ,14897,14910
19.8611,Received an expired out of sequence packet ,14898,14910
19.8611,Received an expired out of sequence packet ,14899,14910
19.8611,Received an expired out of sequence packet ,14900,14910
19.8612,Received an expired out of sequence packet ,14901,14910
19.8612,Received an expired out of sequence packet ,14902,14910
19.8612,Received an expired out of sequence packet ,14903,14910
19.8612,Received an expired out of sequence packet ,14904,14910
19.8612,Received an expired out of sequence packet ,14905,14910
19.8612,Received an expired out of sequence packet ,14906,14910
19.8613,Received an expired out of sequence packet ,14907,14910
19.8691,Received an expired out of sequence packet ,14908,14910
19.8722,Received an expired out of sequence packet ,14909,14910
42.955,Timeout
42.955,clearing sending list because of timeout
42.9553,Received an expired out of sequence packet ,23949,23998
42.9553,Received an expired out of sequence packet ,23950,23998
42.9553,Received an expired out of sequence packet ,23951,23998
42.9553,Received an expired out of sequence packet ,23952,23998
42.9553,Received an expired out of sequence packet ,23953,23998
42.9554,Received an expired out of sequence packet ,23954,23998
42.9554,Received an expired out of sequence packet ,23955,23998
42.9554,Received an expired out of sequence packet ,23956,23998
42.9554,Received an expired out of sequence packet ,23957,23998
42.9574,Received an expired out of sequence packet ,23958,23998
42.9574,Received an expired out of sequence packet ,23959,23998
42.9574,Received an expired out of sequence packet ,23960,23998
42.9595,Received an expired out of sequence packet ,23961,23998
42.9596,Received an expired out of sequence packet ,23962,23998
42.9664,Received an expired out of sequence packet ,23963,23998
42.9664,Received an expired out of sequence packet ,23964,23998
42.9664,Received an expired out of sequence packet ,23965,23998
42.9664,Received an expired out of sequence packet ,23966,23998
42.9664,Received an expired out of sequence packet ,23967,23998
42.9664,Received an expired out of sequence packet ,23968,23998
42.9665,Received an expired out of sequence packet ,23969,23998
42.9665,Received an expired out of sequence packet ,23970,23998
42.9665,Received an expired out of sequence packet ,23971,23998
42.9695,Received an expired out of sequence packet ,23972,23998
42.972,Received an expired out of sequence packet ,23973,23998
42.972,Received an expired out of sequence packet ,23974,23998
42.9831,Received an expired out of sequence packet ,23975,23998
42.9831,Received an expired out of sequence packet ,23976,23998
42.9831,Received an expired out of sequence packet ,23977,23998
42.9831,Received an expired out of sequence packet ,23978,23998
42.9831,Received an expired out of sequence packet ,23979,23998
42.9831,Received an expired out of sequence packet ,23980,23998
42.9862,Received an expired out of sequence packet ,23981,23998
42.9862,Received an expired out of sequence packet ,23982,23998
42.9863,Received an expired out of sequence packet ,23983,23998
42.9894,Received an expired out of sequence packet ,23984,23998
42.9894,Received an expired out of sequence packet ,23985,23998
42.9894,Received an expired out of sequence packet ,23986,23998
42.9894,Received an expired out of sequence packet ,23987,23998
42.9894,Received an expired out of sequence packet ,23988,23998
42.9894,Received an expired out of sequence packet ,23989,23998
42.9895,Received an expired out of sequence packet ,23990,23998
42.9895,Received an expired out of sequence packet ,23991,23998
42.9895,Received an expired out of sequence packet ,23992,23998
42.9895,Received an expired out of sequence packet ,23993,23998
42.9895,Received an expired out of sequence packet ,23994,23998
42.9895,Received an expired out of sequence packet ,23995,23998
42.9896,Received an expired out of sequence packet ,23996,23998
42.9896,Received an expired out of sequence packet ,23997,23998
48.3843,Restart,can't map delay on delay curve
49.7954,Exit slow start,exceeding SS_EXIT_THRESHOLD
75.5518,Timeout
75.5518,clearing sending list because of timeout
75.8729,Received an expired out of sequence packet ,14491,14754
75.8729,Received an expired out of sequence packet ,14492,14754
76.7301,Received an expired out of sequence packet ,14493,14754
76.7392,Received an expired out of sequence packet ,14494,14754
76.7443,Received an expired out of sequence packet ,14495,14754
76.7464,Received an expired out of sequence packet ,14496,14754
76.7464,Received an expired out of sequence packet ,14497,14754
76.7474,Received an expired out of sequence packet ,14498,14754
76.7475,Received an expired out of sequence packet ,14499,14754
76.7522,Received an expired out of sequence packet ,14500,14754
76.7523,Received an expired out of sequence packet ,14501,14754
76.7704,Received an expired out of sequence packet ,14502,14754
76.7704,Received an expired out of sequence packet ,14503,14754
76.7704,Received an expired out of sequence packet ,14504,14754
76.7725,Received an expired out of sequence packet ,14505,14754
76.7725,Received an expired out of sequence packet ,14506,14754
76.7815,Received an expired out of sequence packet ,14507,14754
76.7906,Received an expired out of sequence packet ,14508,14754
76.8139,Received an expired out of sequence packet ,14509,14754
76.8139,Received an expired out of sequence packet ,14510,14754
76.8139,Received an expired out of sequence packet ,14511,14754
76.814,Received an expired out of sequence packet ,14512,14754
76.818,Received an expired out of sequence packet ,14513,14754
76.8211,Received an expired out of sequence packet ,14514,14754
76.822,Received an expired out of sequence packet ,14515,14754
76.8251,Received an expired out of sequence packet ,14516,14754
76.8271,Received an expired out of sequence packet ,14517,14754
76.8272,Received an expired out of sequence packet ,14518,14754
76.8424,Received an expired out of sequence packet ,14519,14754
76.8424,Received an expired out of sequence packet ,14520,14754
76.8424,Received an expired out of sequence packet ,14521,14754
76.8474,Received an expired out of sequence packet ,14522,14754
76.8474,Received an expired out of sequence packet ,14523,14754
76.8474,Received an expired out of sequence packet ,14524,14754
76.8474,Received an expired out of sequence packet ,14525,14754
76.8475,Received an expired out of sequence packet ,14526,14754
76.8514,Received an expired out of sequence packet ,14527,14754
76.8524,Received an expired out of sequence packet ,14528,14754
76.8525,Received an expired out of sequence packet ,14529,14754
76.8667,Received an expired out of sequence packet ,14530,14754
76.8667,Received an expired out of sequence packet ,14531,14754
76.8688,Received an expired out of sequence packet ,14532,14754
76.8729,Received an expired out of sequence packet ,14533,14754
76.8729,Received an expired out of sequence packet ,14534,14754
76.8729,Received an expired out of sequence packet ,14535,14754
76.874,Received an expired out of sequence packet ,14536,14754
76.874,Received an expired out of sequence packet ,14537,14754
76.878,Received an expired out of sequence packet ,14538,14754
76.9015,Received an expired out of sequence packet ,14539,14754
76.9015,Received an expired out of sequence packet ,14540,14754
76.9025,Received an expired out of sequence packet ,14541,14754
76.9036,Received an expired out of sequence packet ,14542,14754
76.9037,Received an expired out of sequence packet ,14543,14754
76.9037,Received an expired out of sequence packet ,14544,14754
76.9037,Received an expired out of sequence packet ,14545,14754
76.9055,Received an expired out of sequence packet ,14546,14754
76.9066,Received an expired out of sequence packet ,14547,14754
76.9066,Received an expired out of sequence packet ,14548,14754
76.9066,Received an expired out of sequence packet ,14549,14754
76.9066,Received an expired out of sequence packet ,14550,14754
76.9066,Received an expired out of sequence packet ,14551,14754
76.9066,Received an expired out of sequence packet ,14552,14754
76.9086,Received an expired out of sequence packet ,14553,14754
76.9086,Received an expired out of sequence packet ,14554,14754
76.9086,Received an expired out of sequence packet ,14555,14754
76.9086,Received an expired out of sequence packet ,14556,14754
76.9087,Received an expired out of sequence packet ,14557,14754
76.9087,Received an expired out of sequence packet ,14558,14754
76.9087,Received an expired out of sequence packet ,14559,14754
76.9087,Received an expired out of sequence packet ,14560,14754
76.9087,Received an expired out of sequence packet ,14561,14754
76.9087,Received an expired out of sequence packet ,14562,14754
76.9088,Received an expired out of sequence packet ,14563,14754
76.9127,Received an expired out of sequence packet ,14564,14754
76.9128,Received an expired out of sequence packet ,14565,14754
76.9139,Received an expired out of sequence packet ,14566,14754
76.9139,Received an expired out of sequence packet ,14567,14754
76.9139,Received an expired out of sequence packet ,14568,14754
76.915,Received an expired out of sequence packet ,14569,14754
76.915,Received an expired out of sequence packet ,14570,14754
76.925,Received an expired out of sequence packet ,14571,14754
76.9271,Received an expired out of sequence packet ,14572,14754
76.9271,Received an expired out of sequence packet ,14573,14754
76.9282,Received an expired out of sequence packet ,14574,14754
76.9303,Received an expired out of sequence packet ,14575,14754
76.9313,Received an expired out of sequence packet ,14576,14754
76.9314,Received an expired out of sequence packet ,14577,14754
76.9314,Received an expired out of sequence packet ,14578,14754
76.9535,Received an expired out of sequence packet ,14579,14754
76.9565,Received an expired out of sequence packet ,14580,14754
76.9565,Received an expired out of sequence packet ,14581,14754
76.9596,Received an expired out of sequence packet ,14582,14754
76.9596,Received an expired out of sequence packet ,14583,14754
76.9596,Received an expired out of sequence packet ,14584,14754
76.9617,Received an expired out of sequence packet ,14585,14754
76.9617,Received an expired out of sequence packet ,14586,14754
76.9635,Received an expired out of sequence packet ,14587,14754
76.9635,Received an expired out of sequence packet ,14588,14754
76.9656,Received an expired out of sequence packet ,14589,14754
76.9656,Received an expired out of sequence packet ,14590,14754
76.9677,Received an expired out of sequence packet ,14591,14754
76.9677,Received an expired out of sequence packet ,14592,14754
76.9767,Received an expired out of sequence packet ,14593,14754
76.9767,Received an expired out of sequence packet ,14594,14754
76.9768,Received an expired out of sequence packet ,14595,14754
76.9831,Received an expired out of sequence packet ,14596,14754
76.9831,Received an expired out of sequence packet ,14597,14754
76.9905,Received an expired out of sequence packet ,14598,14754
76.9936,Received an expired out of sequence packet ,14599,14754
76.9936,Received an expired out of sequence packet ,14600,14754
76.9977,Received an expired out of sequence packet ,14601,14754
76.9977,Received an expired out of sequence packet ,14602,14754
76.9977,Received an expired out of sequence packet ,14603,14754
76.9977,Received an expired out of sequence packet ,14604,14754
76.9977,Received an expired out of sequence packet ,14605,14754
76.9977,Received an expired out of sequence packet ,14606,14754
76.9988,Received an expired out of sequence packet ,14607,14754
77.0008,Received an expired out of sequence packet ,14608,14754
77.0008,Received an expired out of sequence packet ,14609,14754
77.0009,Received an expired out of sequence packet ,14610,14754
77.0009,Received an expired out of sequence packet ,14611,14754
77.0009,Received an expired out of sequence packet ,14612,14754
77.0009,Received an expired out of sequence packet ,14613,14754
77.0009,Received an expired out of sequence packet ,14614,14754
77.0019,Received an expired out of sequence packet ,14615,14754
77.002,Received an expired out of sequence packet ,14616,14754
77.003,Received an expired out of sequence packet ,14617,14754
77.0041,Received an expired out of sequence packet ,14618,14754
77.0041,Received an expired out of sequence packet ,14619,14754
77.0041,Received an expired out of sequence packet ,14620,14754
77.0052,Received an expired out of sequence packet ,14621,14754
77.0067,Received an expired out of sequence packet ,14622,14754
77.0077,Received an expired out of sequence packet ,14623,14754
77.0108,Received an expired out of sequence packet ,14624,14754
77.0129,Received an expired out of sequence packet ,14625,14754
77.0251,Received an expired out of sequence packet ,14626,14754
77.0251,Received an expired out of sequence packet ,14627,14754
77.0251,Received an expired out of sequence packet ,14628,14754
77.0262,Received an expired out of sequence packet ,14629,14754
77.0333,Received an expired out of sequence packet ,14630,14754
77.0344,Received an expired out of sequence packet ,14631,14754
77.0353,Received an expired out of sequence packet ,14632,14754
77.0353,Received an expired out of sequence packet ,14633,14754
77.0374,Received an expired out of sequence packet ,14634,14754
77.0374,Received an expired out of sequence packet ,14635,14754
77.0374,Received an expired out of sequence packet ,14636,14754
77.0485,Received an expired out of sequence packet ,14637,14754
77.0485,Received an expired out of sequence packet ,14638,14754
77.0485,Received an expired out of sequence packet ,14639,14754
77.0555,Received an expired out of sequence packet ,14640,14754
77.0555,Received an expired out of sequence packet ,14641,14754
77.0555,Received an expired out of sequence packet ,14642,14754
77.0555,Received an expired out of sequence packet ,14643,14754
77.0555,Received an expired out of sequence packet ,14644,14754
77.069,Received an expired out of sequence packet ,14645,14754
77.069,Received an expired out of sequence packet ,14646,14754
77.0731,Received an expired out of sequence packet ,14647,14754
77.0731,Received an expired out of sequence packet ,14648,14754
77.0752,Received an expired out of sequence packet ,14649,14754
77.0752,Received an expired out of sequence packet ,14650,14754
77.0752,Received an expired out of sequence packet ,14651,14754
77.0752,Received an expired out of sequence packet ,14652,14754
77.0773,Received an expired out of sequence packet ,14653,14754
77.0773,Received an expired out of sequence packet ,14654,14754
77.0773,Received an expired out of sequence packet ,14655,14754
77.0773,Received an expired out of sequence packet ,14656,14754
77.0773,Received an expired out of sequence packet ,14657,14754
77.0784,Received an expired out of sequence packet ,14658,14754
77.0784,Received an expired out of sequence packet ,14659,14754
77.0784,Received an expired out of sequence packet ,14660,14754
77.0784,Received an expired out of sequence packet ,14661,14754
77.0784,Received an expired out of sequence packet ,14662,14754
77.0785,Received an expired out of sequence packet ,14663,14754
77.0785,Received an expired out of sequence packet ,14664,14754
77.0785,Received an expired out of sequence packet ,14665,14754
77.0805,Received an expired out of sequence packet ,14666,14754
77.0805,Received an expired out of sequence packet ,14667,14754
77.0826,Received an expired out of sequence packet ,14668,14754
77.0826,Received an expired out of sequence packet ,14669,14754
77.0826,Received an expired out of sequence packet ,14670,14754
77.0856,Received an expired out of sequence packet ,14671,14754
77.0857,Received an expired out of sequence packet ,14672,14754
77.1135,Received an expired out of sequence packet ,14673,14754
77.1135,Received an expired out of sequence packet ,14674,14754
77.1291,Received an expired out of sequence packet ,14675,14754
77.1291,Received an expired out of sequence packet ,14676,14754
77.1322,Received an expired out of sequence packet ,14677,14754
77.1322,Received an expired out of sequence packet ,14678,14754
77.1322,Received an expired out of sequence packet ,14679,14754
77.1322,Received an expired out of sequence packet ,14680,14754
77.1323,Received an expired out of sequence packet ,14681,14754
77.1323,Received an expired out of sequence packet ,14682,14754
77.1323,Received an expired out of sequence packet ,14683,14754
77.1323,Received an expired out of sequence packet ,14684,14754
77.1323,Received an expired out of sequence packet ,14685,14754
77.1341,Received an expired out of sequence packet ,14686,14754
77.1341,Received an expired out of sequence packet ,14687,14754
77.1341,Received an expired out of sequence packet ,14688,14754
77.1341,Received an expired out of sequence packet ,14689,14754
77.1342,Received an expired out of sequence packet ,14690,14754
77.1342,Received an expired out of sequence packet ,14691,14754
77.1342,Received an expired out of sequence packet ,14692,14754
77.1352,Received an expired out of sequence packet ,14693,14754
77.1363,Received an expired out of sequence packet ,14694,14754
77.1363,Received an expired out of sequence packet ,14695,14754
77.1383,Received an expired out of sequence packet ,14696,14754
77.1384,Received an expired out of sequence packet ,14697,14754
77.1405,Received an expired out of sequence packet ,14698,14754
77.1405,Received an expired out of sequence packet ,14699,14754
77.1424,Received an expired out of sequence packet ,14700,14754
77.1434,Received an expired out of sequence packet ,14701,14754
77.1456,Received an expired out of sequence packet ,14702,14754
77.1456,Received an expired out of sequence packet ,14703,14754
77.1477,Received an expired out of sequence packet ,14704,14754
77.1488,Received an expired out of sequence packet ,14705,14754
77.153,Received an expired out of sequence packet ,14706,14754
77.153,Received an expired out of sequence packet ,14707,14754
77.1541,Received an expired out of sequence packet ,14708,14754
77.1541,Received an expired out of sequence packet ,14709,14754
77.1542,Received an expired out of sequence packet ,14710,14754
77.1553,Received an expired out of sequence packet ,14711,14754
77.1553,Received an expired out of sequence packet ,14712,14754
77.1553,Received an expired out of sequence packet ,14713,14754
77.1584,Received an expired out of sequence packet ,14714,14754
77.1584,Received an expired out of sequence packet ,14715,14754
77.1619,Received an expired out of sequence packet ,14716,14754
77.1619,Received an expired out of sequence packet ,14717,14754
77.1619,Received an expired out of sequence packet ,14718,14754
77.162,Received an expired out of sequence packet ,14719,14754
77.1631,Received an expired out of sequence packet ,14720,14754
77.1781,Received an expired out of sequence packet ,14721,14754
77.1793,Received an expired out of sequence packet ,14722,14754
77.1793,Received an expired out of sequence packet ,14723,14754
77.1793,Received an expired out of sequence packet ,14724,14754
77.1793,Received an expired out of sequence packet ,14725,14754
77.1804,Received an expired out of sequence packet ,14726,14754
77.1804,Received an expired out of sequence packet ,14727,14754
77.1812,Received an expired out of sequence packet ,14728,14754
77.1812,Received an expired out of sequence packet ,14729,14754
77.1823,Received an expired out of sequence packet ,14730,14754
77.1823,Received an expired out of sequence packet ,14731,14754
77.1957,Received an expired out of sequence packet ,14732,14754
77.1957,Received an expired out of sequence packet ,14733,14754
77.1958,Received an expired out of sequence packet ,14734,14754
77.1958,Received an expired out of sequence packet ,14735,14754
77.1968,Received an expired out of sequence packet ,14736,14754
77.1989,Received an expired out of sequence packet ,14737,14754
77.1989,Received an expired out of sequence packet ,14738,14754
77.2011,Received an expired out of sequence packet ,14739,14754
77.2012,Received an expired out of sequence packet ,14740,14754
77.2012,Received an expired out of sequence packet ,14741,14754
77.2012,Received an expired out of sequence packet ,14742,14754
77.2043,Received an expired out of sequence packet ,14743,14754
77.2043,Received an expired out of sequence packet ,14744,14754
77.2054,Received an expired out of sequence packet ,14745,14754
77.2054,Received an expired out of sequence packet ,14746,14754
77.2085,Received an expired out of sequence packet ,14747,14754
77.2085,Received an expired out of sequence packet ,14748,14754
77.2106,Received an expired out of sequence packet ,14749,14754
77.2106,Received an expired out of sequence packet ,14750,14754
77.2127,Received an expired out of sequence packet ,14751,14754
77.2148,Received an expired out of sequence packet ,14752,14754
77.2148,Received an expired out of sequence packet ,14753,14754
134.113,Timeout
134.113,clearing sending list because of timeout
134.347,Timeout
134.347,clearing sending list because of timeout
134.581,Timeout
134.581,clearing sending list because of timeout
134.651,Received an expired out of sequence packet ,64350,64541
134.651,Received an expired out of sequence packet ,64351,64541
134.651,Received an expired out of sequence packet ,64352,64541
134.651,Received an expired out of sequence packet ,64353,64541
134.651,Received an expired out of sequence packet ,64354,64541
134.686,Received an expired out of sequence packet ,64355,64541
134.688,Received an expired out of sequence packet ,64356,64541
134.689,Received an expired out of sequence packet ,64357,64541
134.692,Received an expired out of sequence packet ,64358,64541
134.692,Received an expired out of sequence packet ,64359,64541
134.692,Received an expired out of sequence packet ,64360,64541
134.692,Received an expired out of sequence packet ,64361,64541
134.692,Received an expired out of sequence packet ,64362,64541
134.692,Received an expired out of sequence packet ,64363,64541
134.692,Received an expired out of sequence packet ,64364,64541
134.692,Received an expired out of sequence packet ,64365,64541
134.693,Received an expired out of sequence packet ,64366,64541
134.693,Received an expired out of sequence packet ,64367,64541
134.693,Received an expired out of sequence packet ,64368,64541
134.693,Received an expired out of sequence packet ,64369,64541
134.717,Received an expired out of sequence packet ,64370,64541
134.717,Received an expired out of sequence packet ,64371,64541
134.717,Received an expired out of sequence packet ,64372,64541
134.717,Received an expired out of sequence packet ,64373,64541
134.717,Received an expired out of sequence packet ,64374,64541
134.718,Received an expired out of sequence packet ,64375,64541
134.718,Received an expired out of sequence packet ,64376,64541
134.72,Received an expired out of sequence packet ,64377,64541
134.724,Received an expired out of sequence packet ,64378,64541
134.724,Received an expired out of sequence packet ,64379,64541
134.724,Received an expired out of sequence packet ,64380,64541
134.736,Received an expired out of sequence packet ,64381,64541
134.736,Received an expired out of sequence packet ,64382,64541
134.742,Received an expired out of sequence packet ,64383,64541
134.742,Received an expired out of sequence packet ,64384,64541
134.742,Received an expired out of sequence packet ,64385,64541
134.742,Received an expired out of sequence packet ,64386,64541
134.742,Received an expired out of sequence packet ,64387,64541
134.742,Received an expired out of sequence packet ,64388,64541
134.743,Received an expired out of sequence packet ,64389,64541
134.743,Received an expired out of sequence packet ,64390,64541
134.743,Received an expired out of sequence packet ,64391,64541
134.744,Received an expired out of sequence packet ,64392,64541
134.745,Received an expired out of sequence packet ,64393,64541
134.745,Received an expired out of sequence packet ,64394,64541
134.745,Received an expired out of sequence packet ,64395,64541
134.745,Received an expired out of sequence packet ,64396,64541
134.745,Received an expired out of sequence packet ,64397,64541
134.745,Received an expired out of sequence packet ,64398,64541
134.745,Received an expired out of sequence packet ,64399,64541
134.745,Received an expired out of sequence packet ,64400,64541
134.745,Received an expired out of sequence packet ,64401,64541
134.745,Received an expired out of sequence packet ,64402,64541
134.745,Received an expired out of sequence packet ,64403,64541
134.745,Received an expired out of sequence packet ,64404,64541
134.745,Received an expired out of sequence packet ,64405,64541
134.749,Received an expired out of sequence packet ,64406,64541
134.749,Received an expired out of sequence packet ,64407,64541
134.749,Received an expired out of sequence packet ,64408,64541
134.749,Received an expired out of sequence packet ,64409,64541
134.749,Received an expired out of sequence packet ,64410,64541
134.749,Received an expired out of sequence packet ,64411,64541
134.749,Received an expired out of sequence packet ,64412,64541
134.749,Received an expired out of sequence packet ,64413,64541
134.755,Received an expired out of sequence packet ,64414,64541
134.755,Received an expired out of sequence packet ,64415,64541
134.755,Received an expired out of sequence packet ,64416,64541
134.755,Received an expired out of sequence packet ,64417,64541
134.755,Received an expired out of sequence packet ,64418,64541
134.755,Received an expired out of sequence packet ,64419,64541
134.755,Received an expired out of sequence packet ,64420,64541
134.755,Received an expired out of sequence packet ,64421,64541
134.757,Received an expired out of sequence packet ,64422,64541
134.757,Received an expired out of sequence packet ,64423,64541
134.76,Received an expired out of sequence packet ,64424,64541
134.76,Received an expired out of sequence packet ,64425,64541
134.76,Received an expired out of sequence packet ,64426,64541
134.76,Received an expired out of sequence packet ,64427,64541
134.765,Received an expired out of sequence packet ,64428,64541
134.765,Received an expired out of sequence packet ,64429,64541
134.765,Received an expired out of sequence packet ,64430,64541
134.765,Received an expired out of sequence packet ,64431,64541
134.769,Received an expired out of sequence packet ,64432,64541
134.776,Received an expired out of sequence packet ,64433,64541
134.781,Received an expired out of sequence packet ,64434,64541
134.781,Received an expired out of sequence packet ,64435,64541
134.781,Received an expired out of sequence packet ,64436,64541
134.784,Received an expired out of sequence packet ,64437,64541
134.787,Received an expired out of sequence packet ,64438,64541
134.787,Received an expired out of sequence packet ,64439,64541
134.79,Received an expired out of sequence packet ,64440,64541
134.79,Received an expired out of sequence packet ,64441,64541
134.791,Received an expired out of sequence packet ,64442,64541
134.791,Received an expired out of sequence packet ,64443,64541
134.791,Received an expired out of sequence packet ,64444,64541
134.791,Received an expired out of sequence packet ,64445,64541
134.791,Received an expired out of sequence packet ,64446,64541
134.793,Received an expired out of sequence packet ,64447,64541
134.793,Received an expired out of sequence packet ,64448,64541
134.793,Received an expired out of sequence packet ,64449,64541
134.797,Received an expired out of sequence packet ,64450,64541
134.797,Received an expired out of sequence packet ,64451,64541
134.797,Received an expired out of sequence packet ,64452,64541
134.797,Received an expired out of sequence packet ,64453,64541
134.797,Received an expired out of sequence packet ,64454,64541
134.797,Received an expired out of sequence packet ,64455,64541
134.802,Received an expired out of sequence packet ,64456,64541
134.802,Received an expired out of sequence packet ,64457,64541
134.802,Received an expired out of sequence packet ,64458,64541
134.802,Received an expired out of sequence packet ,64459,64541
134.802,Received an expired out of sequence packet ,64460,64541
134.802,Received an expired out of sequence packet ,64461,64541
134.802,Received an expired out of sequence packet ,64462,64541
134.805,Received an expired out of sequence packet ,64463,64541
134.805,Received an expired out of sequence packet ,64464,64541
134.805,Received an expired out of sequence packet ,64465,64541
134.805,Received an expired out of sequence packet ,64466,64541
134.805,Received an expired out of sequence packet ,64467,64541
134.805,Received an expired out of sequence packet ,64468,64541
134.805,Received an expired out of sequence packet ,64469,64541
134.805,Received an expired out of sequence packet ,64470,64541
134.805,Received an expired out of sequence packet ,64471,64541
134.807,Received an expired out of sequence packet ,64472,64541
134.807,Received an expired out of sequence packet ,64473,64541
134.807,Received an expired out of sequence packet ,64474,64541
134.807,Received an expired out of sequence packet 