1.33427,Exit slow start,exceeding SS_EXIT_THRESHOLD
36.3146,Restart,can't map delay on delay curve
37.931,Exit slow start,exceeding SS_EXIT_THRESHOLD
62.5188,Timeout
62.5188,clearing sending list because of timeout
62.6414,Received an expired out of sequence packet ,15507,15592
62.6614,Received an expired out of sequence packet ,15508,15592
62.6867,Received an expired out of sequence packet ,15509,15592
62.7059,Received an expired out of sequence packet ,15510,15592
62.714,Received an expired out of sequence packet ,15511,15592
62.723,Received an expired out of sequence packet ,15512,15592
62.7401,Received an expired out of sequence packet ,15513,15592
62.7482,Received an expired out of sequence packet ,15514,15592
62.7653,Received an expired out of sequence packet ,15515,15592
62.7794,Received an expired out of sequence packet ,15516,15592
62.7875,Received an expired out of sequence packet ,15517,15592
62.8026,Received an expired out of sequence packet ,15518,15592
62.8117,Received an expired out of sequence packet ,15519,15592
62.8267,Received an expired out of sequence packet ,15520,15592
62.8439,Received an expired out of sequence packet ,15521,15592
62.85,Received an expired out of sequence packet ,15522,15592
62.8609,Received an expired out of sequence packet ,15523,15592
62.8811,Received an expired out of sequence packet ,15524,15592
62.8952,Received an expired out of sequence packet ,15525,15592
62.9062,Received an expired out of sequence packet ,15526,15592
62.9233,Received an expired out of sequence packet ,15527,15592
62.9395,Received an expired out of sequence packet ,15528,15592
62.9547,Received an expired out of sequence packet ,15529,15592
62.9658,Received an expired out of sequence packet ,15530,15592
62.9989,Received an expired out of sequence packet ,15531,15592
63.0242,Received an expired out of sequence packet ,15532,15592
63.0393,Received an expired out of sequence packet ,15533,15592
63.0666,Received an expired out of sequence packet ,15534,15592
63.0857,Received an expired out of sequence packet ,15535,15592
63.1087,Received an expired out of sequence packet ,15536,15592
63.1289,Received an expired out of sequence packet ,15537,15592
63.1581,Received an expired out of sequence packet ,15538,15592
63.1783,Received an expired out of sequence packet ,15539,15592
63.2045,Received an expired out of sequence packet ,15540,15592
63.2256,Received an expired out of sequence packet ,15541,15592
63.2467,Received an expired out of sequence packet ,15542,15592
63.2807,Received an expired out of sequence packet ,15543,15592
63.3109,Received an expired out of sequence packet ,15544,15592
63.319,Received an expired out of sequence packet ,15545,15592
63.3431,Received an expired out of sequence packet ,15546,15592
63.3622,Received an expired out of sequence packet ,15547,15592
63.3823,Received an expired out of sequence packet ,15548,15592
63.4026,Received an expired out of sequence packet ,15549,15592
63.4026,Received an expired out of sequence packet ,15550,15592
63.4207,Received an expired out of sequence packet ,15551,15592
63.4378,Received an expired out of sequence packet ,15552,15592
63.4499,Received an expired out of sequence packet ,15553,15592
63.46,Received an expired out of sequence packet ,15554,15592
63.4751,Received an expired out of sequence packet ,15555,15592
63.4862,Received an expired out of sequence packet ,15556,15592
63.4984,Received an expired out of sequence packet ,15557,15592
63.5115,Received an expired out of sequence packet ,15558,15592
63.5246,Received an expired out of sequence packet ,15559,15592
63.5459,Received an expired out of sequence packet ,15560,15592
63.5549,Received an expired out of sequence packet ,15561,15592
63.5781,Received an expired out of sequence packet ,15562,15592
63.6055,Received an expired out of sequence packet ,15563,15592
63.6215,Received an expired out of sequence packet ,15564,15592
63.6428,Received an expired out of sequence packet ,15565,15592
63.658,Received an expired out of sequence packet ,15566,15592
63.671,Received an expired out of sequence packet ,15567,15592
63.6933,Received an expired out of sequence packet ,15568,15592
63.7044,Received an expired out of sequence packet ,15569,15592
63.7206,Received an expired out of sequence packet ,15570,15592
63.7367,Received an expired out of sequence packet ,15571,15592
63.7639,Received an expired out of sequence packet ,15572,15592
63.7789,Received an expired out of sequence packet ,15573,15592
63.8052,Received an expired out of sequence packet ,15574,15592
63.8163,Received an expired out of sequence packet ,15575,15592
63.8365,Received an expired out of sequence packet ,15576,15592
63.8497,Received an expired out of sequence packet ,15577,15592
63.861,Received an expired out of sequence packet ,15578,15592
63.8741,Received an expired out of sequence packet ,15579,15592
63.8793,Received an expired out of sequence packet ,15580,15592
63.8845,Received an expired out of sequence packet ,15581,15592
63.8966,Received an expired out of sequence packet ,15582,15592
63.9036,Received an expired out of sequence packet ,15583,15592
63.9097,Received an expired out of sequence packet ,15584,15592
63.924,Received an expired out of sequence packet ,15585,15592
63.9321,Received an expired out of sequence packet ,15586,15592
63.9432,Received an expired out of sequence packet ,15587,15592
63.9524,Received an expired out of sequence packet ,15588,15592
63.9656,Received an expired out of sequence packet ,15589,15592
63.9727,Received an expired out of sequence packet ,15590,15592
63.9838,Received an expired out of sequence packet ,15591,15592
99.7288,Timeout
99.7288,clearing sending list because of timeout
99.739,Received an expired out of sequence packet ,32866,32948
99.7391,Received an expired out of sequence packet ,32867,32948
99.7445,Received an expired out of sequence packet ,32868,32948
99.7476,Received an expired out of sequence packet ,32869,32948
99.7476,Received an expired out of sequence packet ,32870,32948
99.7498,Received an expired out of sequence packet ,32871,32948
99.7498,Received an expired out of sequence packet ,32872,32948
99.7498,Received an expired out of sequence packet ,32873,32948
99.7498,Received an expired out of sequence packet ,32874,32948
99.7498,Received an expired out of sequence packet ,32875,32948
99.7498,Received an expired out of sequence packet ,32876,32948
99.7509,Received an expired out of sequence packet ,32877,32948
99.7509,Received an expired out of sequence packet ,32878,32948
99.7538,Received an expired out of sequence packet ,32879,32948
99.762,Received an expired out of sequence packet ,32880,32948
99.7631,Received an expired out of sequence packet ,32881,32948
99.7632,Received an expired out of sequence packet ,32882,32948
99.7643,Received an expired out of sequence packet ,32883,32948
99.7643,Received an expired out of sequence packet ,32884,32948
99.7643,Received an expired out of sequence packet ,32885,32948
99.7684,Received an expired out of sequence packet ,32886,32948
99.7685,Received an expired out of sequence packet ,32887,32948
99.7685,Received an expired out of sequence packet ,32888,32948
99.7685,Received an expired out of sequence packet ,32889,32948
99.7685,Received an expired out of sequence packet ,32890,32948
99.7685,Received an expired out of sequence packet ,32891,32948
99.7685,Received an expired out of sequence packet ,32892,32948
99.7685,Received an expired out of sequence packet ,32893,32948
99.7729,Received an expired out of sequence packet ,32894,32948
99.774,Received an expired out of sequence packet ,32895,32948
99.774,Received an expired out of sequence packet ,32896,32948
99.774,Received an expired out of sequence packet ,32897,32948
99.7887,Received an expired out of sequence packet ,32898,32948
99.7929,Received an expired out of sequence packet ,32899,32948
99.7984,Received an expired out of sequence packet ,32900,32948
99.7995,Received an expired out of sequence packet ,32901,32948
99.7995,Received an expired out of sequence packet ,32902,32948
99.8026,Received an expired out of sequence packet ,32903,32948
99.8067,Received an expired out of sequence packet ,32904,32948
99.8067,Received an expired out of sequence packet ,32905,32948
99.8068,Received an expired out of sequence packet ,32906,32948
99.8068,Received an expired out of sequence packet ,32907,32948
99.8068,Received an expired out of sequence packet ,32908,32948
99.8118,Received an expired out of sequence packet ,32909,32948
99.8118,Received an expired out of sequence packet ,32910,32948
99.814,Received an expired out of sequence packet ,32911,32948
99.814,Received an expired out of sequence packet ,32912,32948
99.814,Received an expired out of sequence packet ,32913,32948
99.814,Received an expired out of sequence packet ,32914,32948
99.8152,Received an expired out of sequence packet ,32915,32948
99.8152,Received an expired out of sequence packet ,32916,32948
99.8152,Received an expired out of sequence packet ,32917,32948
99.8152,Received an expired out of sequence packet ,32918,32948
99.8153,Received an expired out of sequence packet ,32919,32948
99.8183,Received an expired out of sequence packet ,32920,32948
99.8225,Received an expired out of sequence packet ,32921,32948
99.8225,Received an expired out of sequence packet ,32922,32948
99.8226,Received an expired out of sequence packet ,32923,32948
99.8226,Received an expired out of sequence packet ,32924,32948
99.8279,Received an expired out of sequence packet ,32925,32948
99.8279,Received an expired out of sequence packet ,32926,32948
99.8279,Received an expired out of sequence packet ,32927,32948
99.8279,Received an expired out of sequence packet ,32928,32948
99.8321,Received an expired out of sequence packet ,32929,32948
99.8321,Received an expired out of sequence packet ,32930,32948
99.8321,Received an expired out of sequence packet ,32931,32948
99.8342,Received an expired out of sequence packet ,32932,32948
99.8342,Received an expired out of sequence packet ,32933,32948
99.8342,Received an expired out of sequence packet ,32934,32948
99.8403,Received an expired out of sequence packet ,32935,32948
99.8404,Received an expired out of sequence packet ,32936,32948
99.8415,Received an expired out of sequence packet ,32937,32948
99.8415,Received an expired out of sequence packet ,32938,32948
99.8415,Received an expired out of sequence packet ,32939,32948
99.8436,Received an expired out of sequence packet ,32940,32948
99.8436,Received an expired out of sequence packet ,32941,32948
99.8437,Received an expired out of sequence packet ,32942,32948
99.8437,Received an expired out of sequence packet ,32943,32948
99.8437,Received an expired out of sequence packet ,32944,32948
99.8437,Received an expired out of sequence packet ,32945,32948
99.8447,Received an expired out of sequence packet ,32946,32948
99.8448,Received an expired out of sequence packet ,32947,32948
129.285,Timeout
129.285,clearing sending list because of timeout
129.557,Timeout
129.557,clearing sending list because of timeout
129.781,Received an expired out of sequence packet ,60215,60298
129.781,Received an expired out of sequence packet ,60216,60298
129.781,Received an expired out of sequence packet ,60217,60298
129.781,Received an expired out of sequence packet ,60218,60298
129.782,Received an expired out of sequence packet ,60219,60298
129.782,Received an expired out of sequence packet ,60220,60298
129.782,Received an expired out of sequence packet ,60221,60298
129.782,Received an expired out of sequence packet ,60222,60298
129.782,Received an expired out of sequence packet ,60223,60298
129.782,Received an expired out of sequence packet ,60224,60298
129.782,Received an expired out of sequence packet ,60225,60298
129.782,Received an expired out of sequence packet ,60226,60298
129.782,Received an expired out of sequence packet ,60227,60298
129.835,Received an expired out of sequence packet ,60228,60298
129.837,Received an expired out of sequence packet ,60229,60298
129.837,Received an expired out of sequence packet ,60230,60298
129.839,Received an expired out of sequence packet ,60231,60298
129.839,Received an expired out of sequence packet ,60232,60298
129.839,Received an expired out of sequence packet ,60233,60298
129.839,Received an expired out of sequence packet ,60234,60298
129.839,Received an expired out of sequence packet ,60235,60298
129.839,Received an expired out of sequence packet ,60236,60298
129.839,Received an expired out of sequence packet ,60237,60298
129.839,Received an expired out of sequence packet ,60238,60298
129.982,Received an expired out of sequence packet ,60239,60298
129.983,Received an expired out of sequence packet ,60240,60298
129.983,Received an expired out of sequence packet ,60241,60298
129.983,Received an expired out of sequence packet ,60242,60298
129.983,Received an expired out of sequence packet ,60243,60298
129.983,Received an expired out of sequence packet ,60244,60298
129.983,Received an expired out of sequence packet ,60245,60298
129.983,Received an expired out of sequence packet ,60246,60298
129.983,Received an expired out of sequence packet ,60247,60298
129.983,Received an expired out of sequence packet ,60248,60298
129.983,Received an expired out of sequence packet ,60249,60298
129.983,Received an expired out of sequence packet ,60250,60298
129.983,Received an expired out of sequence packet ,60251,60298
129.986,Received an expired out of sequence packet ,60252,60298
129.986,Received an expired out of sequence packet ,60253,60298
129.986,Received an expired out of sequence packet ,60254,60298
129.986,Received an expired out of sequence packet ,60255,60298
129.986,Received an expired out of sequence packet ,60256,60298
129.986,Received an expired out of sequence packet ,60257,60298
129.986,Received an expired out of sequence packet ,60258,60298
129.986,Received an expired out of sequence packet ,60259,60298
129.987,Received an expired out of sequence packet ,60260,60298
129.987,Received an expired out of sequence packet ,60261,60298
129.987,Received an expired out of sequence packet ,60262,60298
129.987,Received an expired out of sequence packet ,60263,60298
129.989,Received an expired out of sequence packet ,60264,60298
129.989,Received an expired out of sequence packet ,60265,60298
129.99,Received an expired out of sequence packet ,60266,60298
129.99,Received an expired out of sequence packet ,60267,60298
129.99,Received an expired out of sequence packet ,60268,60298
129.993,Received an expired out of sequence packet ,60269,60298
129.993,Received an expired out of sequence packet ,60270,60298
129.994,Received an expired out of sequence packet ,60271,60298
129.994,Received an expired out of sequence packet ,60272,60298
129.996,Received an expired out of sequence packet ,60273,60298
129.996,Received an expired out of sequence packet ,60274,60298
129.996,Received an expired out of sequence packet ,60275,60298
129.996,Received an expired out of sequence packet ,60276,60298
129.996,Received an expired out of sequence packet ,60277,60298
129.996,Received an expired out of sequence packet ,60278,60298
129.997,Received an expired out of sequence packet ,60279,60298
129.997,Received an expired out of sequence packet ,60280,60298
129.997,Received an expired out of sequence packet ,60281,60298
130.002,Received an expired out of sequence packet ,60282,60298
130.002,Received an expired out of sequence packet ,60283,60298
130.002,Received an expired out of sequence packet ,60284,60298
130.004,Received an expired out of sequence packet ,60285,60298
130.004,Received an expired out of sequence packet ,60286,60298
130.004,Received an expired out of sequence packet ,60287,60298
130.004,Received an expired out of sequence packet ,60288,60298
130.004,Received an expired out of sequence packet ,60289,60298
130.004,Received an expired out of sequence packet ,60290,60298
130.009,Received an expired out of sequence packet ,60291,60298
130.009,Received an expired out of sequence packet ,60292,60298
130.009,Received an expired out of sequence packet ,60293,60298
130.009,Received an expired out of sequence packet ,60294,60298
130.009,Received an expired out of sequence packet ,60295,60298
130.018,Received an expired out of sequence packet ,60296,60298
130.018,Received an expired out of sequence packet ,60297,60298
146.924,Timeout
146.924,clearing sending list because of timeout
146.94,Received an expired out of sequence packet ,69896,69948
146.94,Received an expired out of sequence packet ,69897,69948
146.94,Received an expired out of sequence packet ,69898,69948
146.94,Received an expired out of sequence packet ,69899,69948
147.074,Received an expired out of sequence packet ,69900,69948
147.077,Received an expired out of sequence packet ,69901,69948
147.077,Received an expired out of sequence packet ,69902,69948
147.077,Received an expired out of sequence packet ,69903,69948
147.077,Received an expired out of sequence packet ,69904,69948
147.077,Received an expired out of sequence packet ,69905,69948
147.078,Received an expired out of sequence packet ,69906,69948
147.078,Received an expired out of sequence packet ,69907,69948
147.081,Received an expired out of sequence packet ,69908,69948
147.081,Received an expired out of sequence packet ,69909,69948
147.081,Received an expired out of sequence packet ,69910,69948
147.081,Received an expired out of sequence packet ,69911,69948
147.081,Received an expired out of sequence packet ,69912,69948
147.081,Received an expired out of sequence packet ,69913,69948
147.081,Received an expired out of sequence packet ,69914,69948
147.081,Received an expired out of sequence packet ,69915,69948
147.081,Received an expired out of sequence packet ,69916,69948
147.081,Received an expired out of sequence packet ,69917,69948
147.081,Received an expired out of sequence packet ,69918,69948
147.081,Received an expired out of sequence packet ,69919,69948
147.112,Received an expired out of sequence packet ,69920,69948
147.112,Received an expired out of sequence packet ,69921,69948
147.112,Received an expired out of sequence packet ,69922,69948
147.121,Received an expired out of sequence packet ,69923,69948
147.121,Received an expired out of sequence packet ,69924,69948
147.121,Received an expired out of sequence packet ,69925,69948
147.121,Received an expired out of sequence packet ,69926,69948
147.124,Received an expired out of sequence packet ,69927,69948
147.124,Received an expired out of sequence packet ,69928,69948
147.125,Received an expired out of sequence packet ,69929,69948
147.125,Received an expired out of sequence packet ,69930,69948
147.125,Received an expired out of sequence packet ,69931,69948
147.157,Received an expired out of sequence packet ,69932,69948
147.158,Received an expired out of sequence packet ,69933,69948
147.158,Received an expired out of sequence packet ,69934,69948
147.158,Received an expired out of sequence packet ,69935,69948
147.168,Received an expired out of sequence packet ,69936,69948
147.171,Received an expired out of sequence packet ,69937,69948
147.171,Received an expired out of sequence packet ,69938,69948
147.172,Received an expired out of sequence packet ,69939,69948
147.172,Received an expired out of sequence packet ,69940,69948
147.172,Received an expired out of sequence packet ,69941,69948
147.172,Received an expired out of sequence packet ,69942,69948
147.174,Received an expired out of sequence packet ,69943,69948
147.174,Received an expired out of sequence packet ,69944,69948
147.174,Received an expired out of sequence packet ,69945,69948
147.174,Received an expired out of sequence packet ,69946,69948
147.174,Received an expired out of sequence packet ,69947,69948
209.911,Timeout
209.911,clearing sending list because of timeout
210.001,Received an expired out of sequence packet ,125248,125299
210.001,Received an expired out of sequence packet ,125249,125299
210.002,Received an expired out of sequence packet ,125250,125299
210.005,Received an expired out of sequence packet ,125251,125299
210.005,Received an expired out of sequence packet ,125252,125299
210.047,Received an expired out of sequence packet ,125253,125299
210.047,Received an expired out of sequence packet ,125254,125299
210.048,Received an expired out of sequence packet ,125255,125299
210.049,Received an expired out of sequence packet ,125256,125299
210.053,Received an expired out of sequence packet ,125257,125299
210.053,Received an expired out of sequence packet ,125258,125299
210.056,Received an expired out of sequence packet ,125259,125299
210.056,Received an expired out of sequence packet ,125260,125299
210.056,Received an expired out of sequence packet ,125261,125299
210.058,Received an expired out of sequence packet ,125262,125299
210.058,Received an expired out of sequence packet ,125263,125299
210.06,Received an expired out of sequence packet ,125264,125299
210.06,Received an expired out of sequence packet ,125265,125299
210.06,Received an expired out of sequence packet ,125266,125299
210.06,Received an expired out of sequence packet ,125267,125299
210.06,Received an expired out of sequence packet ,125268,125299
210.061,Received an expired out of sequence packet ,125269,125299
210.065,Received an expired out of sequence packet ,125270,125299
210.067,Received an expired out of sequence packet ,125271,125299
210.067,Received an expired out of sequence packet ,125272,125299
210.069,Received an expired out of sequence packet ,125273,125299
210.069,Received an expired out of sequence packet ,125274,125299
210.071,Received an expired out of sequence packet ,125275,125299
210.071,Received an expired out of sequence packet ,125276,125299
210.075,Received an expired out of sequence packet ,125277,125299
210.075,Received an expired out of sequence packet ,125278,125299
210.077,Received an expired out of sequence packet ,125279,125299
210.077,Received an expired out of sequence packet ,125280,125299
210.077,Received an expired out of sequence packet ,125281,125299
210.079,Received an expired out of sequence packet ,125282,125299
210.079,Received an expired out of sequence packet ,125283,125299
210.082,Received an expired out of sequence packet ,125284,125299
210.082,Received an expired out of sequence packet ,125285,125299
210.083,Received an expired out of sequence packet ,125286,125299
210.083,Received an expired out of sequence packet ,125287,125299
210.083,Received an expired out of sequence packet ,125288,125299
210.085,Received an expired out of sequence packet ,125289,125299
210.087,Received an expired out of sequence packet ,125290,125299
210.088,Received an expired out of sequence packet ,125291,125299
210.088,Received an expired out of sequence packet ,125292,125299
210.088,Received an expired out of sequence packet ,125293,125299
210.091,Received an expired out of sequence packet ,125294,125299
210.096,Received an expired out of sequence packet ,125295,125299
210.096,Received an expired out of sequence packet ,125296,125299
210.098,Received an expired out of sequence packet ,125297,125299
210.098,Received an expired out of sequence packet ,125298,125299
233.618,Timeout
233.618,clearing sending list because of timeout
233.695,Received an expired out of sequence packet ,134145,134146
235.675,Timeout
235.675,clearing sending list because of timeout
235.951,Timeout
235.951,clearing sending list because of timeout
236.086,Received an expired out of sequence packet ,134358,134384
236.086,Received an expired out of sequence packet ,134359,134384
236.087,Received an expired out of sequence packet ,134360,134384
236.087,Received an expired out of sequence packet ,134361,134384
237.087,Timeout
237.087,clearing sending list because of timeout
237.1,Received an expired out of sequence packet ,134362,134386
238.1,Timeout
238.1,clearing sending list because of timeout
238.102,Received an expired out of sequence packet ,134363,134388
239.098,Received an expired out of sequence packet ,134364,134388
239.997,Received an expired out of sequence packet ,134365,134388
239.998,Received an expired out of sequence packet ,134366,134388
239.998,Received an expired out of sequence packet ,134367,134388
239.998,Received an expired out of sequence packet ,134368,134388
239.998,Received an expired out of sequence packet ,134369,134388
239.998,Received an expired out of sequence packet ,134370,134388
239.998,Received an expired out of sequence packet ,134371,134388
239.998,Received an expired out of sequence packet ,134372,134388
239.998,Received an expired out of sequence packet ,134373,134388
239.998,Received an expired out of sequence packet ,134374,134388
240.001,Received an expired out of sequence packet ,134375,134388
240.001,Received an expired out of sequence packet ,134376,134388
240.001,Received an expired out of sequence packet ,134377,134388
240.002,Received an expired out of sequence packet ,134378,134388
240.003,Received an expired out of sequence packet ,134379,134388
240.003,Received an expired out of sequence packet ,134380,134388
240.004,Received an expired out of sequence packet ,134381,134388
240.004,Received an expired out of sequence packet ,134382,134388
240.005,Received an expired out of sequence packet ,134383,134388
240.005,Received an expired out of sequence packet ,134384,134388
240.005,Received an expired out of sequence packet ,134385,134388
240.007,Received an expired out of sequence packet ,134386,134388
240.02,Received an expired out of sequence packet ,134387,134388
291.43,Timeout
291.43,clearing sending list because of timeout
291.431,Received an expired out of sequence packet ,190710,191002
292.432,Timeout
292.432,clearing sending list because of timeout
292.443,Received an expired out of sequence packet ,190711,191004
292.736,Received an expired out of sequence packet ,190712,191004
292.75,Received an expired out of sequence packet ,190713,191004
292.752,Received an expired out of sequence packet ,190714,191004
292.762,Received an expired out of sequence packet ,190715,191004
292.766,Received an expired out of sequence packet ,190716,191004
292.78,Received an expired out of sequence packet ,190717,191004
292.78,Received an expired out of sequence packet ,190718,191004
292.787,Received an expired out of sequence packet ,190719,191004
292.789,Received an expired out of sequence packet ,190720,191004
292.805,Received an expired out of sequence packet ,190721,191004
292.808,Received an expired out of sequence packet ,190722,191004
292.811,Received an expired out of sequence packet ,190723,191004
292.816,Received an expired out of sequence packet ,190724,191004
292.827,Received an expired out of sequence packet ,190725,191004
292.83,Received an expired out of sequence packet ,190726,191004
292.832,Received an expired out of sequence packet ,190727,191004
292.839,Received an expired out of sequence packet ,190728,191004
292.844,Received an expired out of sequence packet ,190729,191004
292.848,Received an expired out of sequence packet ,190730,191004
292.856,Received an expired out of sequence packet ,190731,191004
292.858,Received an expired out of sequence packet ,190732,191004
292.868,Received an expired out of sequence packet ,190733,191004
292.876,Received an expired out of sequence packet ,190734,191004
292.879,Received an expired out of sequence packet ,190735,191004
292.885,Received an expired out of sequence packet ,190736,191004
292.9,Received an expired out of sequence packet ,190737,191004
292.902,Received an expired out of sequence packet ,190738,191004
292.902,Received an expired out of sequence packet ,190739,191004
292.902,Received an expired out of sequence packet ,190740,191004
292.907,Received an expired out of sequence packet ,190741,191004
292.912,Received an expired out of sequence packet ,190742,191004
292.915,Received an expired out of sequence packet ,190743,191004
292.918,Received an expired out of sequence packet ,190744,191004
292.921,Received an expired out of sequence packet ,190745,191004
292.922,Received an expired out of sequence packet ,190746,191004
292.924,Received an expired out of sequence packet ,190747,191004
292.925,Received an expired out of sequence packet ,190748,191004
292.927,Received an expired out of sequence packet ,190749,191004
292.928,Received an expired out of sequence packet ,190750,191004
292.937,Received an expired out of sequence packet ,190751,191004
292.937,Received an expired out of sequence packet ,190752,191004
292.938,Received an expired out of sequence packet ,190753,191004
292.938,Received an expired out of sequence packet ,190754,191004
292.938,Received an expired out of sequence packet ,190755,191004
292.942,Received an expired out of sequence packet ,190756,191004
292.942,Received an expired out of sequence packet ,190757,191004
292.948,Received an expired out of sequence packet ,190758,191004
292.949,Received an expired out of sequence packet ,190759,191004
292.949,Received an expired out of sequence packet ,190760,191004
292.951,Received an expired out of sequence packet ,190761,191004
292.956,Received an expired out of sequence packet ,190762,191004
292.96,Received an expired out of sequence packet ,190763,191004
292.96,Received an expired out of sequence packet ,190764,191004
292.96,Received an expired out of sequence packet ,190765,191004
292.972,Received an expired out of sequence packet ,190766,191004
292.986,Received an expired out of sequence packet ,190767,191004
292.986,Received an expired out of sequence packet ,190768,191004
292.988,Received an expired out of sequence packet ,190769,191004
292.993,Received an expired out of sequence packet ,190770,191004
292.994,Received an expired out of sequence packet ,190771,191004
292.997,Received an expired out of sequence packet ,190772,191004
292.997,Received an expired out of sequence packet ,190773,191004
293,Received an expired out of sequence packet ,190774,191004
293.001,Received an expired out of sequence packet ,190775,191004
293.007,Received an expired out of sequence packet ,190776,191004
293.011,Received an expired out of sequence packet ,190777,191004
293.015,Received an expired out of sequence packet ,190778,191004
293.021,Received an expired out of sequence packet ,190779,191004
293.022,Received an expired out of sequence packet ,190780,191004
293.025,Received an expired out of sequence packet ,190781,191004
293.03,Received an expired out of sequence packet ,190782,191004
293.038,Received an expired out of sequence packet ,190783,191004
293.041,Received an expired out of sequence packet ,190784,191004
293.041,Received an expired out of sequence packet ,190785,191004
293.041,Received an expired out of sequence packet ,190786,191004
293.046,Received an expired out of sequence packet ,190787,191004
293.051,Received an expired out of sequence packet ,190788,191004
293.057,Received an expired out of sequence packet ,190789,191004
293.057,Received an expired out of sequence packet ,190790,191004
293.058,Received an expired out of sequence packet ,190791,191004
293.06,Received an expired out of sequence packet ,190792,191004
293.06,Received an expired out of sequence packet ,190793,191004
293.062,Received an expired out of sequence packet ,190794,191004
293.065,Received an expired out of sequence packet ,190795,191004
293.077,Received an expired out of sequence packet ,190796,191004
293.08,Received an expired out of sequence packet ,190797,191004
293.081,Received an expired out of sequence packet ,190798,191004
293.081,Received an expired out of sequence packet ,190799,191004
293.082,Received an expired out of sequence packet ,190800,191004
293.082,Received an expired out of sequence packet ,190801,191004
293.082,Received an expired out of sequence packet ,190802,191004
293.084,Received an expired out of sequence packet ,190803,191004
293.089,Received an expired out of sequence packet ,190804,191004
293.102,Received an expired out of sequence packet ,190805,191004
293.107,Received an expired out of sequence packet ,190806,191004
293.107,Received an expired out of sequence packet ,190807,191004
293.107,Received an expired out of sequence packet ,190808,191004
293.108,Received an expired out of sequence packet ,190809,191004
293.115,Received an expired out of sequence packet ,190810,191004
293.115,Received an expired out of sequence packet ,190811,191004
293.115,Received an expired out of sequence packet ,190812,191004
293.116,Received an expired out of sequence packet ,190813,191004
293.121,Received an expired out of sequence packet ,190814,191004
293.123,Received an expired out of sequence packet ,190815,191004
293.126,Received an expired out of sequence packet ,190816,191004
293.128,Received an expired out of sequence packet ,190817,191004
293.13,Received an expired out of sequence packet ,190818,191004
293.135,Received an expired out of sequence packet ,190819,191004
293.135,Received an expired out of sequence packet ,190820,191004
293.139,Received an expired out of sequence packet ,190821,191004
293.14,Received an expired out of sequence packet ,190822,191004
293.142,Received an expired out of sequence packet ,190823,191004
293.145,Received an expired out of sequence packet ,190824,191004
293.146,Received an expired out of sequence packet ,190825,191004
293.147,Received an expired out of sequence packet ,190826,191004
293.154,Received an expired out of sequence packet ,190827,191004
293.157,Received an expired out of sequence packet ,190828,191004
293.157,Received an expired out of sequence packet ,190829,191004
293.158,Received an expired out of sequence packet ,190830,191004
293.174,Received an expired out of sequence packet ,190831,191004
293.175,Received an expired out of sequence packet ,190832,191004
293.176,Received an expired out of sequence packet ,190833,191004
293.176,Received an expired out of sequence packet ,190834,191004
293.179,Received an expired out of sequence packet ,190835,191004
293.179,Received an expired out of sequence packet ,190836,191004
293.182,Received an expired out of sequence packet ,190837,191004
293.182,Received an expired out of sequence packet ,190838,191004
293.184,Received an expired out of sequence packet ,190839,191004
293.189,Received an expired out of sequence packet ,190840,191004
293.192,Received an expired out of sequence packet ,190841,191004
293.196,Received an expired out of sequence packet ,190842,191004
293.197,Received an expired out of sequence packet ,190843,191004
293.197,Received an expired out of sequence packet ,190844,191004
293.198,Received an expired out of sequence packet ,190845,191004
293.2,Received an expired out of sequence packet ,190846,191004
293.201,Received an expired out of sequence packet ,190847,191004
293.206,Received an expired out of sequence packet ,190848,191004
293.208,Received an expired out of sequence packet ,190849,191004
293.208,Received an expired out of sequence packet ,190850,191004
293.21,Received an expired out of sequence packet ,190851,191004
293.216,Received an expired out of sequence packet ,190852,191004
293.217,Received an expired out of sequence packet ,190853,191004
293.217,Received an expired out of sequence packet ,190854,191004
293.217,Received an expired out of sequence packet ,190855,191004
293.221,Received an expired out of sequence packet ,190856,191004
293.224,Received an expired out of sequence packet ,190857,191004
293.224,Received an expired out of sequence packet ,190858,191004
293.224,Received an expired out of sequence packet ,190859,191004
293.228,Received an expired out of sequence packet ,190860,191004
293.23,Received an expired out of sequence packet ,190861,191004
293.23,Received an expired out of sequence packet ,190862,191004
293.232,Received an expired out of sequence packet ,190863,191004
293.235,Received an expired out of sequence packet ,190864,191004
293.238,Received an expired out of sequence packet ,190865,191004
293.239,Received an expired out of sequence packet ,190866,191004
293.244,Received an expired out of sequence packet ,190867,191004
293.244,Received an expired out of sequence packet ,190868,191004
293.246,Received an expired out of sequence packet ,190869,191004
293.246,Received an expired out of sequence packet ,190870,191004
293.248,Received an expired out of sequence packet ,190871,191004
293.248,Received an expired out of sequence packet ,190872,191004
293.248,Received an expired out of sequence packet ,190873,191004
293.253,Received an expired out of sequence packet ,190874,191004
293.257,Received an expired out of sequence packet ,190875,191004
293.259,Received an expired out of sequence packet ,190876,191004
293.259,Received an expired out of sequence packet ,190877,191004
293.259,Received an expired out of sequence packet ,190878,191004
293.259,Received an expired out of sequence packet ,190879,191004
293.26,Received an expired out of sequence packet ,190880,191004
293.262,Received an expired out of sequence packet ,190881,191004
293.262,Received an expired out of sequence packet ,190882,191004
293.264,Received an expired out of sequence packet ,190883,191004
293.267,Received an expired out of sequence packet ,190884,191004
293.267,Received an expired out of sequence packet ,190885,191004
293.268,Received an expired out of sequence packet ,190886,191004
293.27,Received an expired out of sequence packet ,190887,191004
293.274,Received an expired out of sequence packet ,190888,191004
293.296,Received an expired out of sequence packet ,190889,191004
293.296,Received an expired out of sequence packet ,190890,191004
293.298,Received an expired out of sequence packet ,190891,191004
293.3,Received an expired out of sequence packet ,190892,191004
293.303,Received an expired out of sequence packet ,190893,191004
293.316,Received an expired out of sequence packet ,190894,191004
293.317,Received an expired out of sequence packet ,190895,191004
293.318,Received an expired out of sequence packet ,190896,191004
293.318,Received an expired out of sequence packet ,190897,191004
293.322,Received an expired out of sequence packet ,190898,191004
293.322,Received an expired out of sequence packet ,190899,191004
293.322,Received an expired out of sequence packet ,190900,191004
293.322,Received an expired out of sequence packet ,190901,191004
293.324,Received an expired out of sequence packet ,190902,191004
293.329,Received an expired out of sequence packet ,190903,191004
293.329,Received an expired out of sequence packet ,190904,191004
293.33,Received an expired out of sequence packet ,190905,191004
293.336,Received an expired out of sequence packet ,190906,191004
293.338,Received an expired out of sequence packet ,190907,191004
293.338,Received an expired out of sequence packet ,190908,191004
293.338,Received an expired out of sequence packet ,190909,191004
293.34,Received an expired out of sequence packet ,190910,191004
293.342,Received an expired out of sequence packet ,190911,191004
293.342,Received an expired out of sequence packet ,190912,191004
293.345,Received an expired out of sequence packet ,190913,191004
293.359,Received an expired out of sequence packet ,190914,191004
293.361,Received an expired out of sequence packet ,190915,191004
293.361,Received an expired out of sequence packet ,190916,191004
293.361,Received an expired out of sequence packet ,190917,191004
293.361,Received an expired out of sequence packet ,190918,191004
293.361,Received an expired out of sequence packet ,190919,191004
293.362,Received an expired out of sequence packet ,190920,191004
293.362,Received an expired out of sequence packet ,190921,191004
293.365,Received an expired out of sequence packet ,190922,191004
293.366,Received an expired out of sequence packet ,190923,191004
293.369,Received an expired out of sequence packet ,190924,191004
293.37,Received an expired out of sequence packet ,190925,191004
293.377,Received an expired out of sequence packet ,190926,191004
293.377,Received an expired out of sequence packet ,190927,191004
293.38,Received an expired out of sequence packet ,190928,191004
293.38,Received an expired out of sequence packet ,190929,191004
293.38,Received an expired out of sequence packet ,190930,191004
293.382,Received an expired out of sequence packet ,190931,191004
293.386,Received an expired out of sequence packet ,190932,191004
293.39,Received an expired out of sequence packet ,190933,191004
293.39,Received an expired out of sequence packet ,190934,191004
293.392,Received an expired out of sequence packet ,190935,191004
293.392,Received an expired out of sequence packet ,190936,191004
293.395,Received an expired out of sequence packet ,190937,191004
293.397,Received an expired out of sequence packet ,190938,191004
293.397,Received an expired out of sequence packet ,190939,191004
293.397,Received an expired out of sequence packet ,190940,191004
293.401,Received an expired out of sequence packet ,190941,191004
293.403,Received an expired out of sequence packet 