1.19941,Exit slow start,exceeding SS_EXIT_THRESHOLD
24.6072,Timeout
24.6072,clearing sending list because of timeout
24.6871,Received an expired out of sequence packet ,8121,8164
24.6882,Received an expired out of sequence packet ,8122,8164
24.6883,Received an expired out of sequence packet ,8123,8164
24.6883,Received an expired out of sequence packet ,8124,8164
24.6883,Received an expired out of sequence packet ,8125,8164
24.6883,Received an expired out of sequence packet ,8126,8164
24.6903,Received an expired out of sequence packet ,8127,8164
24.6904,Received an expired out of sequence packet ,8128,8164
24.7046,Received an expired out of sequence packet ,8129,8164
24.7047,Received an expired out of sequence packet ,8130,8164
24.7047,Received an expired out of sequence packet ,8131,8164
24.7047,Received an expired out of sequence packet ,8132,8164
24.7047,Received an expired out of sequence packet ,8133,8164
24.7047,Received an expired out of sequence packet ,8134,8164
24.7047,Received an expired out of sequence packet ,8135,8164
24.7047,Received an expired out of sequence packet ,8136,8164
24.709,Received an expired out of sequence packet ,8137,8164
24.709,Received an expired out of sequence packet ,8138,8164
24.7122,Received an expired out of sequence packet ,8139,8164
24.7163,Received an expired out of sequence packet ,8140,8164
24.7245,Received an expired out of sequence packet ,8141,8164
24.7245,Received an expired out of sequence packet ,8142,8164
24.7245,Received an expired out of sequence packet ,8143,8164
24.7245,Received an expired out of sequence packet ,8144,8164
24.7298,Received an expired out of sequence packet ,8145,8164
24.7298,Received an expired out of sequence packet ,8146,8164
24.7298,Received an expired out of sequence packet ,8147,8164
24.7298,Received an expired out of sequence packet ,8148,8164
24.7298,Received an expired out of sequence packet ,8149,8164
24.7298,Received an expired out of sequence packet ,8150,8164
24.7469,Received an expired out of sequence packet ,8151,8164
24.7469,Received an expired out of sequence packet ,8152,8164
24.7469,Received an expired out of sequence packet ,8153,8164
24.7469,Received an expired out of sequence packet ,8154,8164
24.7469,Received an expired out of sequence packet ,8155,8164
24.7469,Received an expired out of sequence packet ,8156,8164
24.7481,Received an expired out of sequence packet ,8157,8164
24.7481,Received an expired out of sequence packet ,8158,8164
24.7481,Received an expired out of sequence packet ,8159,8164
24.7481,Received an expired out of sequence packet ,8160,8164
24.7481,Received an expired out of sequence packet ,8161,8164
24.7481,Received an expired out of sequence packet ,8162,8164
24.7481,Received an expired out of sequence packet ,8163,8164
116.871,Timeout
116.871,clearing sending list because of timeout
117.138,Timeout
117.138,clearing sending list because of timeout
117.405,Timeout
117.405,clearing sending list because of timeout
117.662,Received an expired out of sequence packet ,84169,84245
117.662,Received an expired out of sequence packet ,84170,84245
117.662,Received an expired out of sequence packet ,84171,84245
117.85,Received an expired out of sequence packet ,84172,84245
117.852,Received an expired out of sequence packet ,84173,84245
117.852,Received an expired out of sequence packet ,84174,84245
117.857,Received an expired out of sequence packet ,84175,84245
117.857,Received an expired out of sequence packet ,84176,84245
117.857,Received an expired out of sequence packet ,84177,84245
117.857,Received an expired out of sequence packet ,84178,84245
117.857,Received an expired out of sequence packet ,84179,84245
117.859,Received an expired out of sequence packet ,84180,84245
117.859,Received an expired out of sequence packet ,84181,84245
117.859,Received an expired out of sequence packet ,84182,84245
117.859,Received an expired out of sequence packet ,84183,84245
117.866,Received an expired out of sequence packet ,84184,84245
117.866,Received an expired out of sequence packet ,84185,84245
117.866,Received an expired out of sequence packet ,84186,84245
117.866,Received an expired out of sequence packet ,84187,84245
117.877,Received an expired out of sequence packet ,84188,84245
117.88,Received an expired out of sequence packet ,84189,84245
117.88,Received an expired out of sequence packet ,84190,84245
117.88,Received an expired out of sequence packet ,84191,84245
117.883,Received an expired out of sequence packet ,84192,84245
117.883,Received an expired out of sequence packet ,84193,84245
117.883,Received an expired out of sequence packet ,84194,84245
117.883,Received an expired out of sequence packet ,84195,84245
117.883,Received an expired out of sequence packet ,84196,84245
117.883,Received an expired out of sequence packet ,84197,84245
117.883,Received an expired out of sequence packet ,84198,84245
117.95,Received an expired out of sequence packet ,84199,84245
117.95,Received an expired out of sequence packet ,84200,84245
117.95,Received an expired out of sequence packet ,84201,84245
117.953,Received an expired out of sequence packet ,84202,84245
117.957,Received an expired out of sequence packet ,84203,84245
117.959,Received an expired out of sequence packet ,84204,84245
117.959,Received an expired out of sequence packet ,84205,84245
117.967,Received an expired out of sequence packet ,84206,84245
117.969,Received an expired out of sequence packet ,84207,84245
117.969,Received an expired out of sequence packet ,84208,84245
117.97,Received an expired out of sequence packet ,84209,84245
117.97,Received an expired out of sequence packet ,84210,84245
117.97,Received an expired out of sequence packet ,84211,84245
117.972,Received an expired out of sequence packet ,84212,84245
117.973,Received an expired out of sequence packet ,84213,84245
117.974,Received an expired out of sequence packet ,84214,84245
117.974,Received an expired out of sequence packet ,84215,84245
117.974,Received an expired out of sequence packet ,84216,84245
117.982,Received an expired out of sequence packet ,84217,84245
117.984,Received an expired out of sequence packet ,84218,84245
117.984,Received an expired out of sequence packet ,84219,84245
117.998,Received an expired out of sequence packet ,84220,84245
117.998,Received an expired out of sequence packet ,84221,84245
117.998,Received an expired out of sequence packet ,84222,84245
117.998,Received an expired out of sequence packet ,84223,84245
118.001,Received an expired out of sequence packet ,84224,84245
118.005,Received an expired out of sequence packet ,84225,84245
118.005,Received an expired out of sequence packet ,84226,84245
118.005,Received an expired out of sequence packet ,84227,84245
118.005,Received an expired out of sequence packet ,84228,84245
118.013,Received an expired out of sequence packet ,84229,84245
118.013,Received an expired out of sequence packet ,84230,84245
118.013,Received an expired out of sequence packet ,84231,84245
118.015,Received an expired out of sequence packet ,84232,84245
118.017,Received an expired out of sequence packet ,84233,84245
118.017,Received an expired out of sequence packet ,84234,84245
118.017,Received an expired out of sequence packet ,84235,84245
118.02,Received an expired out of sequence packet ,84236,84245
118.02,Received an expired out of sequence packet ,84237,84245
118.02,Received an expired out of sequence packet ,84238,84245
118.02,Received an expired out of sequence packet ,84239,84245
118.02,Received an expired out of sequence packet ,84240,84245
118.02,Received an expired out of sequence packet ,84241,84245
118.024,Received an expired out of sequence packet ,84242,84245
118.024,Received an expired out of sequence packet ,84243,84245
118.028,Received an expired out of sequence packet ,84244,84245
154.41,Timeout
154.41,clearing sending list because of timeout
154.924,Received an expired out of sequence packet ,113851,113854
154.939,Received an expired out of sequence packet ,113852,113854
154.939,Received an expired out of sequence packet ,113853,113854
170.311,Timeout
170.311,clearing sending list because of timeout
170.641,Timeout
170.641,clearing sending list because of timeout
170.681,Received an expired out of sequence packet ,117411,117648
170.681,Received an expired out of sequence packet ,117412,117648
170.681,Received an expired out of sequence packet ,117413,117648
170.681,Received an expired out of sequence packet ,117414,117648
170.681,Received an expired out of sequence packet ,117415,117648
170.681,Received an expired out of sequence packet ,117416,117648
170.681,Received an expired out of sequence packet ,117417,117648
170.681,Received an expired out of sequence packet ,117418,117648
170.681,Received an expired out of sequence packet ,117419,117648
170.682,Received an expired out of sequence packet ,117420,117648
170.682,Received an expired out of sequence packet ,117421,117648
170.682,Received an expired out of sequence packet ,117422,117648
170.741,Received an expired out of sequence packet ,117423,117648
170.741,Received an expired out of sequence packet ,117424,117648
170.741,Received an expired out of sequence packet ,117425,117648
170.741,Received an expired out of sequence packet ,117426,117648
170.741,Received an expired out of sequence packet ,117427,117648
170.741,Received an expired out of sequence packet ,117428,117648
170.741,Received an expired out of sequence packet ,117429,117648
170.741,Received an expired out of sequence packet ,117430,117648
170.741,Received an expired out of sequence packet ,117431,117648
170.742,Received an expired out of sequence packet ,117432,117648
170.742,Received an expired out of sequence packet ,117433,117648
170.742,Received an expired out of sequence packet ,117434,117648
170.742,Received an expired out of sequence packet ,117435,117648
170.742,Received an expired out of sequence packet ,117436,117648
170.742,Received an expired out of sequence packet ,117437,117648
170.742,Received an expired out of sequence packet ,117438,117648
170.742,Received an expired out of sequence packet ,117439,117648
170.742,Received an expired out of sequence packet ,117440,117648
170.742,Received an expired out of sequence packet ,117441,117648
170.742,Received an expired out of sequence packet ,117442,117648
170.777,Received an expired out of sequence packet ,117443,117648
170.777,Received an expired out of sequence packet ,117444,117648
170.778,Received an expired out of sequence packet ,117445,117648
170.786,Received an expired out of sequence packet ,117446,117648
170.786,Received an expired out of sequence packet ,117447,117648
170.789,Received an expired out of sequence packet ,117448,117648
170.789,Received an expired out of sequence packet ,117449,117648
170.789,Received an expired out of sequence packet ,117450,117648
170.789,Received an expired out of sequence packet ,117451,117648
170.789,Received an expired out of sequence packet ,117452,117648
170.792,Received an expired out of sequence packet ,117453,117648
170.792,Received an expired out of sequence packet ,117454,117648
170.792,Received an expired out of sequence packet ,117455,117648
170.792,Received an expired out of sequence packet ,117456,117648
170.792,Received an expired out of sequence packet ,117457,117648
170.792,Received an expired out of sequence packet ,117458,117648
170.792,Received an expired out of sequence packet ,117459,117648
170.792,Received an expired out of sequence packet ,117460,117648
170.792,Received an expired out of sequence packet ,117461,117648
170.792,Received an expired out of sequence packet ,117462,117648
170.792,Received an expired out of sequence packet ,117463,117648
170.792,Received an expired out of sequence packet ,117464,117648
170.792,Received an expired out of sequence packet ,117465,117648
170.792,Received an expired out of sequence packet ,117466,117648
170.792,Received an expired out of sequence packet ,117467,117648
170.792,Received an expired out of sequence packet ,117468,117648
170.792,Received an expired out of sequence packet ,117469,117648
170.794,Received an expired out of sequence packet ,117470,117648
170.794,Received an expired out of sequence packet ,117471,117648
170.794,Received an expired out of sequence packet ,117472,117648
170.794,Received an expired out of sequence packet ,117473,117648
170.794,Received an expired out of sequence packet ,117474,117648
170.794,Received an expired out of sequence packet ,117475,117648
170.794,Received an expired out of sequence packet ,117476,117648
170.794,Received an expired out of sequence packet ,117477,117648
170.794,Received an expired out of sequence packet ,117478,117648
170.794,Received an expired out of sequence packet ,117479,117648
170.815,Received an expired out of sequence packet ,117480,117648
170.815,Received an expired out of sequence packet ,117481,117648
170.815,Received an expired out of sequence packet ,117482,117648
170.815,Received an expired out of sequence packet ,117483,117648
170.815,Received an expired out of sequence packet ,117484,117648
170.815,Received an expired out of sequence packet ,117485,117648
170.815,Received an expired out of sequence packet ,117486,117648
170.815,Received an expired out of sequence packet ,117487,117648
170.815,Received an expired out of sequence packet ,117488,117648
170.815,Received an expired out of sequence packet ,117489,117648
170.835,Received an expired out of sequence packet ,117490,117648
170.835,Received an expired out of sequence packet ,117491,117648
170.835,Received an expired out of sequence packet ,117492,117648
170.835,Received an expired out of sequence packet ,117493,117648
170.835,Received an expired out of sequence packet ,117494,117648
170.845,Received an expired out of sequence packet ,117495,117648
170.845,Received an expired out of sequence packet ,117496,117648
170.845,Received an expired out of sequence packet ,117497,117648
170.845,Received an expired out of sequence packet ,117498,117648
170.849,Received an expired out of sequence packet ,117499,117648
170.849,Received an expired out of sequence packet ,117500,117648
170.849,Received an expired out of sequence packet ,117501,117648
170.849,Received an expired out of sequence packet ,117502,117648
170.854,Received an expired out of sequence packet ,117503,117648
170.854,Received an expired out of sequence packet ,117504,117648
170.854,Received an expired out of sequence packet ,117505,117648
170.854,Received an expired out of sequence packet ,117506,117648
170.854,Received an expired out of sequence packet ,117507,117648
170.854,Received an expired out of sequence packet ,117508,117648
170.854,Received an expired out of sequence packet ,117509,117648
170.854,Received an expired out of sequence packet ,117510,117648
170.854,Received an expired out of sequence packet ,117511,117648
170.854,Received an expired out of sequence packet ,117512,117648
170.854,Received an expired out of sequence packet ,117513,117648
170.854,Received an expired out of sequence packet ,117514,117648
170.854,Received an expired out of sequence packet ,117515,117648
170.854,Received an expired out of sequence packet ,117516,117648
170.854,Received an expired out of sequence packet ,117517,117648
170.854,Received an expired out of sequence packet ,117518,117648
170.869,Received an expired out of sequence packet ,117519,117648
170.869,Received an expired out of sequence packet ,117520,117648
170.869,Received an expired out of sequence packet ,117521,117648
170.869,Received an expired out of sequence packet ,117522,117648
170.869,Received an expired out of sequence packet ,117523,117648
170.869,Received an expired out of sequence packet ,117524,117648
170.869,Received an expired out of sequence packet ,117525,117648
170.869,Received an expired out of sequence packet ,117526,117648
170.869,Received an expired out of sequence packet ,117527,117648
170.869,Received an expired out of sequence packet ,117528,117648
170.869,Received an expired out of sequence packet ,117529,117648
170.869,Received an expired out of sequence packet ,117530,117648
170.869,Received an expired out of sequence packet ,117531,117648
170.869,Received an expired out of sequence packet ,117532,117648
170.878,Received an expired out of sequence packet ,117533,117648
170.878,Received an expired out of sequence packet ,117534,117648
170.878,Received an expired out of sequence packet ,117535,117648
170.878,Received an expired out of sequence packet ,117536,117648
170.881,Received an expired out of sequence packet ,117537,117648
170.881,Received an expired out of sequence packet ,117538,117648
170.881,Received an expired out of sequence packet ,117539,117648
170.881,Received an expired out of sequence packet ,117540,117648
170.881,Received an expired out of sequence packet ,117541,117648
170.89,Received an expired out of sequence packet ,117542,117648
170.89,Received an expired out of sequence packet ,117543,117648
170.89,Received an expired out of sequence packet ,117544,117648
170.89,Received an expired out of sequence packet ,117545,117648
170.89,Received an expired out of sequence packet ,117546,117648
170.89,Received an expired out of sequence packet ,117547,117648
170.89,Received an expired out of sequence packet ,117548,117648
170.89,Received an expired out of sequence packet ,117549,117648
170.89,Received an expired out of sequence packet ,117550,117648
170.89,Received an expired out of sequence packet ,117551,117648
170.89,Received an expired out of sequence packet ,117552,117648
170.89,Received an expired out of sequence packet ,117553,117648
170.89,Received an expired out of sequence packet ,117554,117648
170.89,Received an expired out of sequence packet ,117555,117648
170.89,Received an expired out of sequence packet ,117556,117648
170.89,Received an expired out of sequence packet ,117557,117648
170.89,Received an expired out of sequence packet ,117558,117648
170.89,Received an expired out of sequence packet ,117559,117648
170.89,Received an expired out of sequence packet ,117560,117648
170.89,Received an expired out of sequence packet ,117561,117648
170.89,Received an expired out of sequence packet ,117562,117648
170.89,Received an expired out of sequence packet ,117563,117648
170.89,Received an expired out of sequence packet ,117564,117648
170.902,Received an expired out of sequence packet ,117565,117648
170.902,Received an expired out of sequence packet ,117566,117648
170.902,Received an expired out of sequence packet ,117567,117648
170.902,Received an expired out of sequence packet ,117568,117648
170.902,Received an expired out of sequence packet ,117569,117648
170.902,Received an expired out of sequence packet ,117570,117648
170.902,Received an expired out of sequence packet ,117571,117648
170.902,Received an expired out of sequence packet ,117572,117648
170.902,Received an expired out of sequence packet ,117573,117648
170.902,Received an expired out of sequence packet ,117574,117648
170.902,Received an expired out of sequence packet ,117575,117648
170.902,Received an expired out of sequence packet ,117576,117648
170.902,Received an expired out of sequence packet ,117577,117648
170.902,Received an expired out of sequence packet ,117578,117648
170.903,Received an expired out of sequence packet ,117579,117648
170.903,Received an expired out of sequence packet ,117580,117648
170.903,Received an expired out of sequence packet ,117581,117648
170.903,Received an expired out of sequence packet ,117582,117648
170.903,Received an expired out of sequence packet ,117583,117648
170.909,Received an expired out of sequence packet ,117584,117648
170.909,Received an expired out of sequence packet ,117585,117648
170.909,Received an expired out of sequence packet ,117586,117648
170.909,Received an expired out of sequence packet ,117587,117648
170.912,Received an expired out of sequence packet ,117588,117648
170.912,Received an expired out of sequence packet ,117589,117648
170.912,Received an expired out of sequence packet ,117590,117648
170.912,Received an expired out of sequence packet ,117591,117648
170.92,Received an expired out of sequence packet ,117592,117648
170.92,Received an expired out of sequence packet ,117593,117648
170.92,Received an expired out of sequence packet ,117594,117648
170.92,Received an expired out of sequence packet ,117595,117648
170.924,Received an expired out of sequence packet ,117596,117648
170.924,Received an expired out of sequence packet ,117597,117648
170.924,Received an expired out of sequence packet ,117598,117648
170.924,Received an expired out of sequence packet ,117599,117648
170.924,Received an expired out of sequence packet ,117600,117648
170.928,Received an expired out of sequence packet ,117601,117648
170.928,Received an expired out of sequence packet ,117602,117648
170.928,Received an expired out of sequence packet ,117603,117648
170.928,Received an expired out of sequence packet ,117604,117648
170.928,Received an expired out of sequence packet ,117605,117648
170.928,Received an expired out of sequence packet ,117606,117648
170.928,Received an expired out of sequence packet ,117607,117648
170.928,Received an expired out of sequence packet ,117608,117648
170.928,Received an expired out of sequence packet ,117609,117648
170.928,Received an expired out of sequence packet ,117610,117648
170.928,Received an expired out of sequence packet ,117611,117648
170.928,Received an expired out of sequence packet ,117612,117648
170.928,Received an expired out of sequence packet ,117613,117648
170.928,Received an expired out of sequence packet ,117614,117648
170.928,Received an expired out of sequence packet ,117615,117648
170.928,Received an expired out of sequence packet ,117616,117648
170.931,Received an expired out of sequence packet ,117617,117648
170.931,Received an expired out of sequence packet ,117618,117648
170.931,Received an expired out of sequence packet ,117619,117648
170.931,Received an expired out of sequence packet ,117620,117648
170.931,Received an expired out of sequence packet ,117621,117648
170.931,Received an expired out of sequence packet ,117622,117648
170.931,Received an expired out of sequence packet ,117623,117648
170.931,Received an expired out of sequence packet ,117624,117648
170.931,Received an expired out of sequence packet ,117625,117648
170.931,Received an expired out of sequence packet ,117626,117648
170.931,Received an expired out of sequence packet ,117627,117648
170.931,Received an expired out of sequence packet ,117628,117648
170.951,Received an expired out of sequence packet ,117629,117648
170.96,Received an expired out of sequence packet ,117630,117648
170.96,Received an expired out of sequence packet ,117631,117648
170.96,Received an expired out of sequence packet ,117632,117648
170.961,Received an expired out of sequence packet ,117633,117648
170.961,Received an expired out of sequence packet ,117634,117648
171.045,Received an expired out of sequence packet ,117635,117648
171.045,Received an expired out of sequence packet ,117636,117648
171.045,Received an expired out of sequence packet ,117637,117648
171.045,Received an expired out of sequence packet ,117638,117648
171.045,Received an expired out of sequence packet ,117639,117648
171.045,Received an expired out of sequence packet ,117640,117648
171.045,Received an expired out of sequence packet ,117641,117648
171.045,Received an expired out of sequence packet ,117642,117648
171.045,Received an expired out of sequence packet ,117643,117648
171.045,Received an expired out of sequence packet ,117644,117648
171.045,Received an expired out of sequence packet ,117645,117648
171.045,Received an expired out of sequence packet ,117646,117648
171.045,Received an expired out of sequence packet ,117647,117648
209.566,Timeout
209.566,clearing sending list because of timeout
209.617,Received an expired out of sequence packet ,144499,144500
231.12,Timeout
231.12,clearing sending list because of timeout
231.344,Timeout
231.344,clearing sending list because of timeout
231.568,Timeout
231.568,clearing sending list because of timeout
231.792,Timeout
231.792,clearing sending list because of timeout
231.926,Received an expired out of sequence packet ,154479,154555
231.926,Received an expired out of sequence packet ,154480,154555
231.926,Received an expired out of sequence packet ,154481,154555
231.926,Received an expired out of sequence packet ,154482,154555
232.061,Received an expired out of sequence packet ,154483,154555
232.065,Received an expired out of sequence packet ,154484,154555
232.065,Received an expired out of sequence packet ,154485,154555
232.065,Received an expired out of sequence packet ,154486,154555
232.065,Received an expired out of sequence packet ,154487,154555
232.065,Received an expired out of sequence packet ,154488,154555
232.068,Received an expired out of sequence packet ,154489,154555
232.068,Received an expired out of sequence packet ,154490,154555
232.068,Received an expired out of sequence packet ,154491,154555
232.068,Received an expired out of sequence packet ,154492,154555
232.068,Received an expired out of sequence packet ,154493,154555
232.068,Received an expired out of sequence packet ,154494,154555
232.068,Received an expired out of sequence packet ,154495,154555
232.068,Received an expired out of sequence packet ,154496,154555
232.068,Received an expired out of sequence packet ,154497,154555
232.068,Received an expired out of sequence packet ,154498,154555
232.068,Received an expired out of sequence packet ,154499,154555
232.068,Received an expired out of sequence packet ,154500,154555
232.068,Received an expired out of sequence packet ,154501,154555
232.068,Received an expired out of sequence packet ,154502,154555
232.098,Received an expired out of sequence packet ,154503,154555
232.098,Received an expired out of sequence packet ,154504,154555
232.098,Received an expired out of sequence packet ,154505,154555
232.107,Received an expired out of sequence packet ,154506,154555
232.107,Received an expired out of sequence packet ,154507,154555
232.107,Received an expired out of sequence packet ,154508,154555
232.107,Received an expired out of sequence packet ,154509,154555
232.111,Received an expired out of sequence packet ,154510,154555
232.111,Received an expired out of sequence packet ,154511,154555
232.111,Received an expired out of sequence packet ,154512,154555
232.111,Received an expired out of sequence packet ,154513,154555
232.142,Received an expired out of sequence packet ,154514,154555
232.142,Received an expired out of sequence packet ,154515,154555
232.144,Received an expired out of sequence packet ,154516,154555
232.144,Received an expired out of sequence packet ,154517,154555
232.144,Received an expired out of sequence packet ,154518,154555
232.154,Received an expired out of sequence packet ,154519,154555
232.157,Received an expired out of sequence packet ,154520,154555
232.157,Received an expired out of sequence packet ,154521,154555
232.159,Received an expired out of sequence packet ,154522,154555
232.159,Received an expired out of sequence packet ,154523,154555
232.159,Received an expired out of sequence packet ,154524,154555
232.159,Received an expired out of sequence packet ,154525,154555
232.159,Received an expired out of sequence packet ,154526,154555
232.159,Received an expired out of sequence packet ,154527,154555
232.16,Received an expired out of sequence packet ,154528,154555
232.16,Received an expired out of sequence packet ,154529,154555
232.16,Received an expired out of sequence packet ,154530,154555
232.16,Received an expired out of sequence packet ,154531,154555
232.16,Received an expired out of sequence packet ,154532,154555
232.161,Received an expired out of sequence packet ,154533,154555
232.161,Received an expired out of sequence packet ,154534,154555
232.162,Received an expired out of sequence packet ,154535,154555
232.162,Received an expired out of sequence packet ,154536,154555
232.162,Received an expired out of sequence packet ,154537,154555
232.162,Received an expired out of sequence packet ,154538,154555
232.162,Received an expired out of sequence packet ,154539,154555
232.162,Received an expired out of sequence packet ,154540,154555
232.162,Received an expired out of sequence packet ,154541,154555
232.162,Received an expired out of sequence packet ,154542,154555
232.162,Received an expired out of sequence packet ,154543,154555
232.162,Received an expired out of sequence packet ,154544,154555
232.162,Received an expired out of sequence packet ,154545,154555
232.162,Received an expired out of sequence packet ,154546,154555
232.162,Received an expired out of sequence packet ,154547,154555
232.162,Received an expired out of sequence packet ,154548,154555
232.162,Received an expired out of sequence packet ,154549,154555
232.162,Received an expired out of sequence packet ,154550,154555
232.162,Received an expired out of sequence packet ,154551,154555
232.162,Received an expired out of sequence packet ,154552,154555
232.162,Received an expired out of sequence packet ,154553,154555
232.163,Received an expired out of sequence packet ,154554,154555
296.877,Timeout
296.877,clearing sending list because of timeout
297.15,Timeout
297.15,clearing sending list because of timeout
297.423,Timeout
297.423,clearing sending list because of timeout
297.662,Received an expired out of sequence packet ,198026,198096
297.662,Received an expired out of sequence packet ,198027,198096
297.85,Received an expired out of sequence packet ,198028,198096
297.854,Received an expired out of sequence packet ,198029,198096
297.854,Received an expired out of sequence packet ,198030,198096
297.858,Received an expired out of sequence packet ,198031,198096
297.858,Received an expired out of sequence packet ,198032,198096
297.858,Received an expired out of sequence packet ,198033,198096
297.858,Received an expired out of sequence packet ,198034,198096
297.858,Received an expired out of sequence packet ,198035,198096
297.859,Received an expired out of sequence packet ,198036,198096
297.859,Received an expired out of sequence packet ,198037,198096
297.859,Received an expired out of sequence packet ,198038,198096
297.859,Received an expired out of sequence packet ,198039,198096
297.867,Received an expired out of sequence packet ,198040,198096
297.867,Received an expired out of sequence packet ,198041,198096
297.867,Received an expired out of sequence packet ,198042,198096
297.867,Received an expired out of sequence packet ,198043,198096
297.876,Received an expired out of sequence packet ,198044,198096
297.881,Received an expired out of sequence packet ,198045,198096
297.881,Received an expired out of sequence packet ,198046,198096
297.881,Received an expired out of sequence packet ,198047,198096
297.883,Received an expired out of sequence packet ,198048,198096
297.883,Received an expired out of sequence packet ,198049,198096
297.883,Received an expired out of sequence packet ,198050,198096
297.883,Received an expired out of sequence packet ,198051,198096
297.883,Received an expired out of sequence packet ,198052,198096
297.883,Received an expired out of sequence packet ,198053,198096
297.883,Received an expired out of sequence packet ,198054,198096
297.949,Received an expired out of sequence packet ,198055,198096
297.949,Received an expired out of sequence packet ,198056,198096
297.949,Received an expired out of sequence packet ,198057,198096
297.953,Received an expired out of sequence packet ,198058,198096
297.957,Received an expired out of sequence packet ,198059,198096
297.96,Received an expired out of sequence packet ,198060,198096
297.96,Received an expired out of sequence packet ,198061,198096
297.968,Received an expired out of sequence packet ,198062,198096
297.969,Received an expired out of sequence packet ,198063,198096
297.969,Received an expired out of sequence packet ,198064,198096
297.971,Received an expired out of sequence packet ,198065,198096
297.971,Received an expired out of sequence packet ,198066,198096
297.971,Received an expired out of sequence packet ,198067,198096
297.973,Received an expired out of sequence packet ,198068,198096
297.973,Received an expired out of sequence packet ,198069,198096
297.974,Received an expired out of sequence packet ,198070,198096
297.974,Received an expired out of sequence packet ,198071,198096
297.974,Received an expired out of sequence packet ,198072,198096
297.983,Received an expired out of sequence packet ,198073,198096
297.986,Received an expired out of sequence packet ,198074,198096
297.986,Received an expired out of sequence packet ,198075,198096
297.997,Received an expired out of sequence packet ,198076,198096
297.997