1.0915,Exit slow start,exceeding SS_EXIT_THRESHOLD
27.3788,Timeout
27.3788,clearing sending list because of timeout
27.3789,Received an expired out of sequence packet ,10757,10874
28.3789,Timeout
28.3789,clearing sending list because of timeout
28.3791,Received an expired out of sequence packet ,10758,10876
29.3683,Received an expired out of sequence packet ,10759,10876
30.0378,Received an expired out of sequence packet ,10760,10876
30.04,Received an expired out of sequence packet ,10761,10876
30.0589,Received an expired out of sequence packet ,10762,10876
30.0589,Received an expired out of sequence packet ,10763,10876
30.062,Received an expired out of sequence packet ,10764,10876
30.062,Received an expired out of sequence packet ,10765,10876
30.0696,Received an expired out of sequence packet ,10766,10876
30.0696,Received an expired out of sequence packet ,10767,10876
30.0696,Received an expired out of sequence packet ,10768,10876
30.0747,Received an expired out of sequence packet ,10769,10876
30.0747,Received an expired out of sequence packet ,10770,10876
30.0748,Received an expired out of sequence packet ,10771,10876
30.0769,Received an expired out of sequence packet ,10772,10876
30.0874,Received an expired out of sequence packet ,10773,10876
30.0875,Received an expired out of sequence packet ,10774,10876
30.0875,Received an expired out of sequence packet ,10775,10876
30.0875,Received an expired out of sequence packet ,10776,10876
30.0876,Received an expired out of sequence packet ,10777,10876
30.0876,Received an expired out of sequence packet ,10778,10876
30.0876,Received an expired out of sequence packet ,10779,10876
30.0876,Received an expired out of sequence packet ,10780,10876
30.0876,Received an expired out of sequence packet ,10781,10876
30.0876,Received an expired out of sequence packet ,10782,10876
30.0877,Received an expired out of sequence packet ,10783,10876
30.0877,Received an expired out of sequence packet ,10784,10876
30.0877,Received an expired out of sequence packet ,10785,10876
30.0877,Received an expired out of sequence packet ,10786,10876
30.0877,Received an expired out of sequence packet ,10787,10876
30.0877,Received an expired out of sequence packet ,10788,10876
30.0877,Received an expired out of sequence packet ,10789,10876
30.0878,Received an expired out of sequence packet ,10790,10876
30.0878,Received an expired out of sequence packet ,10791,10876
30.0878,Received an expired out of sequence packet ,10792,10876
30.0878,Received an expired out of sequence packet ,10793,10876
30.0878,Received an expired out of sequence packet ,10794,10876
30.0878,Received an expired out of sequence packet ,10795,10876
30.1025,Received an expired out of sequence packet ,10796,10876
30.1026,Received an expired out of sequence packet ,10797,10876
30.1089,Received an expired out of sequence packet ,10798,10876
30.1089,Received an expired out of sequence packet ,10799,10876
30.1237,Received an expired out of sequence packet ,10800,10876
30.1237,Received an expired out of sequence packet ,10801,10876
30.1237,Received an expired out of sequence packet ,10802,10876
30.1237,Received an expired out of sequence packet ,10803,10876
30.1237,Received an expired out of sequence packet ,10804,10876
30.1278,Received an expired out of sequence packet ,10805,10876
30.136,Received an expired out of sequence packet ,10806,10876
30.136,Received an expired out of sequence packet ,10807,10876
30.136,Received an expired out of sequence packet ,10808,10876
30.1411,Received an expired out of sequence packet ,10809,10876
30.1411,Received an expired out of sequence packet ,10810,10876
30.1412,Received an expired out of sequence packet ,10811,10876
30.1412,Received an expired out of sequence packet ,10812,10876
30.1412,Received an expired out of sequence packet ,10813,10876
30.1412,Received an expired out of sequence packet ,10814,10876
30.1412,Received an expired out of sequence packet ,10815,10876
30.1412,Received an expired out of sequence packet ,10816,10876
30.1837,Received an expired out of sequence packet ,10817,10876
30.1838,Received an expired out of sequence packet ,10818,10876
30.1838,Received an expired out of sequence packet ,10819,10876
30.1838,Received an expired out of sequence packet ,10820,10876
30.1838,Received an expired out of sequence packet ,10821,10876
30.1839,Received an expired out of sequence packet ,10822,10876
30.1839,Received an expired out of sequence packet ,10823,10876
30.1839,Received an expired out of sequence packet ,10824,10876
30.1839,Received an expired out of sequence packet ,10825,10876
30.1839,Received an expired out of sequence packet ,10826,10876
30.1839,Received an expired out of sequence packet ,10827,10876
30.184,Received an expired out of sequence packet ,10828,10876
30.185,Received an expired out of sequence packet ,10829,10876
30.185,Received an expired out of sequence packet ,10830,10876
30.185,Received an expired out of sequence packet ,10831,10876
30.1851,Received an expired out of sequence packet ,10832,10876
30.1851,Received an expired out of sequence packet ,10833,10876
30.1851,Received an expired out of sequence packet ,10834,10876
30.1851,Received an expired out of sequence packet ,10835,10876
30.1851,Received an expired out of sequence packet ,10836,10876
30.1852,Received an expired out of sequence packet ,10837,10876
30.1852,Received an expired out of sequence packet ,10838,10876
30.1852,Received an expired out of sequence packet ,10839,10876
30.1852,Received an expired out of sequence packet ,10840,10876
30.1852,Received an expired out of sequence packet ,10841,10876
30.1852,Received an expired out of sequence packet ,10842,10876
30.1852,Received an expired out of sequence packet ,10843,10876
30.1853,Received an expired out of sequence packet ,10844,10876
30.1853,Received an expired out of sequence packet ,10845,10876
30.1853,Received an expired out of sequence packet ,10846,10876
30.1853,Received an expired out of sequence packet ,10847,10876
30.1853,Received an expired out of sequence packet ,10848,10876
30.1853,Received an expired out of sequence packet ,10849,10876
30.1854,Received an expired out of sequence packet ,10850,10876
30.1854,Received an expired out of sequence packet ,10851,10876
30.2207,Received an expired out of sequence packet ,10852,10876
30.2207,Received an expired out of sequence packet ,10853,10876
30.2207,Received an expired out of sequence packet ,10854,10876
30.2207,Received an expired out of sequence packet ,10855,10876
30.2207,Received an expired out of sequence packet ,10856,10876
30.2208,Received an expired out of sequence packet ,10857,10876
30.2208,Received an expired out of sequence packet ,10858,10876
30.2208,Received an expired out of sequence packet ,10859,10876
30.2208,Received an expired out of sequence packet ,10860,10876
30.2208,Received an expired out of sequence packet ,10861,10876
30.2972,Received an expired out of sequence packet ,10862,10876
30.2972,Received an expired out of sequence packet ,10863,10876
30.2972,Received an expired out of sequence packet ,10864,10876
30.3123,Received an expired out of sequence packet ,10865,10876
30.3147,Received an expired out of sequence packet ,10866,10876
30.3349,Received an expired out of sequence packet ,10867,10876
30.3349,Received an expired out of sequence packet ,10868,10876
30.335,Received an expired out of sequence packet ,10869,10876
30.335,Received an expired out of sequence packet ,10870,10876
30.335,Received an expired out of sequence packet ,10871,10876
30.335,Received an expired out of sequence packet ,10872,10876
30.3351,Received an expired out of sequence packet ,10873,10876
30.3351,Received an expired out of sequence packet ,10874,10876
30.3351,Received an expired out of sequence packet ,10875,10876
38.1937,Restart,can't map delay on delay curve
39.6246,Exit slow start,exceeding SS_EXIT_THRESHOLD
67.6426,Missing packet expired,25958
76.733,Timeout
76.733,clearing sending list because of timeout
76.8227,Received an expired out of sequence packet ,33926,35062
76.8228,Received an expired out of sequence packet ,33927,35062
76.8228,Received an expired out of sequence packet ,33928,35062
76.8228,Received an expired out of sequence packet ,33929,35062
76.8228,Received an expired out of sequence packet ,33930,35062
76.8229,Received an expired out of sequence packet ,33931,35062
76.8229,Received an expired out of sequence packet ,33932,35062
76.8229,Received an expired out of sequence packet ,33933,35062
76.8229,Received an expired out of sequence packet ,33934,35062
76.8229,Received an expired out of sequence packet ,33935,35062
76.8229,Received an expired out of sequence packet ,33936,35062
76.8707,Received an expired out of sequence packet ,33937,35062
76.8748,Received an expired out of sequence packet ,33938,35062
76.8748,Received an expired out of sequence packet ,33939,35062
76.8748,Received an expired out of sequence packet ,33940,35062
76.8749,Received an expired out of sequence packet ,33941,35062
76.8749,Received an expired out of sequence packet ,33942,35062
76.8749,Received an expired out of sequence packet ,33943,35062
76.8799,Received an expired out of sequence packet ,33944,35062
76.8799,Received an expired out of sequence packet ,33945,35062
76.8799,Received an expired out of sequence packet ,33946,35062
76.88,Received an expired out of sequence packet ,33947,35062
76.88,Received an expired out of sequence packet ,33948,35062
76.88,Received an expired out of sequence packet ,33949,35062
76.88,Received an expired out of sequence packet ,33950,35062
76.88,Received an expired out of sequence packet ,33951,35062
76.88,Received an expired out of sequence packet ,33952,35062
76.8801,Received an expired out of sequence packet ,33953,35062
76.8801,Received an expired out of sequence packet ,33954,35062
76.8801,Received an expired out of sequence packet ,33955,35062
76.8801,Received an expired out of sequence packet ,33956,35062
76.8801,Received an expired out of sequence packet ,33957,35062
76.8801,Received an expired out of sequence packet ,33958,35062
76.9104,Received an expired out of sequence packet ,33959,35062
76.9127,Received an expired out of sequence packet ,33960,35062
76.9168,Received an expired out of sequence packet ,33961,35062
76.9218,Received an expired out of sequence packet ,33962,35062
76.9219,Received an expired out of sequence packet ,33963,35062
76.9219,Received an expired out of sequence packet ,33964,35062
76.9219,Received an expired out of sequence packet ,33965,35062
76.9219,Received an expired out of sequence packet ,33966,35062
76.9219,Received an expired out of sequence packet ,33967,35062
76.9219,Received an expired out of sequence packet ,33968,35062
76.9306,Received an expired out of sequence packet ,33969,35062
76.9306,Received an expired out of sequence packet ,33970,35062
76.9306,Received an expired out of sequence packet ,33971,35062
76.9306,Received an expired out of sequence packet ,33972,35062
76.9307,Received an expired out of sequence packet ,33973,35062
76.9307,Received an expired out of sequence packet ,33974,35062
76.9307,Received an expired out of sequence packet ,33975,35062
76.9307,Received an expired out of sequence packet ,33976,35062
76.946,Received an expired out of sequence packet ,33977,35062
76.946,Received an expired out of sequence packet ,33978,35062
76.9461,Received an expired out of sequence packet ,33979,35062
76.9461,Received an expired out of sequence packet ,33980,35062
76.9461,Received an expired out of sequence packet ,33981,35062
76.9461,Received an expired out of sequence packet ,33982,35062
76.9461,Received an expired out of sequence packet ,33983,35062
76.9461,Received an expired out of sequence packet ,33984,35062
76.9471,Received an expired out of sequence packet ,33985,35062
76.9471,Received an expired out of sequence packet ,33986,35062
76.9471,Received an expired out of sequence packet ,33987,35062
76.9471,Received an expired out of sequence packet ,33988,35062
76.9472,Received an expired out of sequence packet ,33989,35062
76.9472,Received an expired out of sequence packet ,33990,35062
76.9472,Received an expired out of sequence packet ,33991,35062
76.9472,Received an expired out of sequence packet ,33992,35062
76.9472,Received an expired out of sequence packet ,33993,35062
76.9472,Received an expired out of sequence packet ,33994,35062
76.9473,Received an expired out of sequence packet ,33995,35062
76.9473,Received an expired out of sequence packet ,33996,35062
76.9473,Received an expired out of sequence packet ,33997,35062
76.9474,Received an expired out of sequence packet ,33998,35062
76.9474,Received an expired out of sequence packet ,33999,35062
76.9474,Received an expired out of sequence packet ,34000,35062
76.9474,Received an expired out of sequence packet ,34001,35062
76.9556,Received an expired out of sequence packet ,34002,35062
76.9556,Received an expired out of sequence packet ,34003,35062
76.9556,Received an expired out of sequence packet ,34004,35062
76.9556,Received an expired out of sequence packet ,34005,35062
76.9587,Received an expired out of sequence packet ,34006,35062
76.9587,Received an expired out of sequence packet ,34007,35062
76.9587,Received an expired out of sequence packet ,34008,35062
76.9587,Received an expired out of sequence packet ,34009,35062
76.9642,Received an expired out of sequence packet ,34010,35062
76.9643,Received an expired out of sequence packet ,34011,35062
76.9643,Received an expired out of sequence packet ,34012,35062
76.9643,Received an expired out of sequence packet ,34013,35062
76.9643,Received an expired out of sequence packet ,34014,35062
76.9643,Received an expired out of sequence packet ,34015,35062
76.9643,Received an expired out of sequence packet ,34016,35062
76.9644,Received an expired out of sequence packet ,34017,35062
76.9644,Received an expired out of sequence packet ,34018,35062
76.9644,Received an expired out of sequence packet ,34019,35062
76.9644,Received an expired out of sequence packet ,34020,35062
76.9644,Received an expired out of sequence packet ,34021,35062
76.9644,Received an expired out of sequence packet ,34022,35062
76.9654,Received an expired out of sequence packet ,34023,35062
76.9654,Received an expired out of sequence packet ,34024,35062
76.9696,Received an expired out of sequence packet ,34025,35062
76.9696,Received an expired out of sequence packet ,34026,35062
76.9696,Received an expired out of sequence packet ,34027,35062
76.9697,Received an expired out of sequence packet ,34028,35062
76.9697,Received an expired out of sequence packet ,34029,35062
76.9697,Received an expired out of sequence packet ,34030,35062
76.9697,Received an expired out of sequence packet ,34031,35062
76.9697,Received an expired out of sequence packet ,34032,35062
76.9697,Received an expired out of sequence packet ,34033,35062
76.9698,Received an expired out of sequence packet ,34034,35062
76.9698,Received an expired out of sequence packet ,34035,35062
76.9698,Received an expired out of sequence packet ,34036,35062
76.9698,Received an expired out of sequence packet ,34037,35062
76.9707,Received an expired out of sequence packet ,34038,35062
76.9738,Received an expired out of sequence packet ,34039,35062
76.9738,Received an expired out of sequence packet ,34040,35062
76.9738,Received an expired out of sequence packet ,34041,35062
76.9739,Received an expired out of sequence packet ,34042,35062
76.9746,Received an expired out of sequence packet ,34043,35062
76.9747,Received an expired out of sequence packet ,34044,35062
76.9787,Received an expired out of sequence packet ,34045,35062
76.9787,Received an expired out of sequence packet ,34046,35062
76.9787,Received an expired out of sequence packet ,34047,35062
76.9787,Received an expired out of sequence packet ,34048,35062
76.9787,Received an expired out of sequence packet ,34049,35062
76.9788,Received an expired out of sequence packet ,34050,35062
76.9788,Received an expired out of sequence packet ,34051,35062
76.9788,Received an expired out of sequence packet ,34052,35062
76.9788,Received an expired out of sequence packet ,34053,35062
76.9788,Received an expired out of sequence packet ,34054,35062
76.9788,Received an expired out of sequence packet ,34055,35062
76.9789,Received an expired out of sequence packet ,34056,35062
76.9789,Received an expired out of sequence packet ,34057,35062
76.9789,Received an expired out of sequence packet ,34058,35062
76.9789,Received an expired out of sequence packet ,34059,35062
76.979,Received an expired out of sequence packet ,34060,35062
76.979,Received an expired out of sequence packet ,34061,35062
76.9849,Received an expired out of sequence packet ,34062,35062
76.985,Received an expired out of sequence packet ,34063,35062
76.986,Received an expired out of sequence packet ,34064,35062
76.9861,Received an expired out of sequence packet ,34065,35062
76.9861,Received an expired out of sequence packet ,34066,35062
76.9861,Received an expired out of sequence packet ,34067,35062
76.9861,Received an expired out of sequence packet ,34068,35062
76.9861,Received an expired out of sequence packet ,34069,35062
76.9861,Received an expired out of sequence packet ,34070,35062
76.9862,Received an expired out of sequence packet ,34071,35062
76.9862,Received an expired out of sequence packet ,34072,35062
76.9862,Received an expired out of sequence packet ,34073,35062
76.9862,Received an expired out of sequence packet ,34074,35062
76.9862,Received an expired out of sequence packet ,34075,35062
76.9863,Received an expired out of sequence packet ,34076,35062
76.9948,Received an expired out of sequence packet ,34077,35062
76.9948,Received an expired out of sequence packet ,34078,35062
76.9948,Received an expired out of sequence packet ,34079,35062
76.9948,Received an expired out of sequence packet ,34080,35062
76.9948,Received an expired out of sequence packet ,34081,35062
76.9949,Received an expired out of sequence packet ,34082,35062
76.9949,Received an expired out of sequence packet ,34083,35062
76.9949,Received an expired out of sequence packet ,34084,35062
76.9949,Received an expired out of sequence packet ,34085,35062
76.9949,Received an expired out of sequence packet ,34086,35062
76.995,Received an expired out of sequence packet ,34087,35062
76.995,Received an expired out of sequence packet ,34088,35062
76.995,Received an expired out of sequence packet ,34089,35062
76.995,Received an expired out of sequence packet ,34090,35062
76.995,Received an expired out of sequence packet ,34091,35062
76.9979,Received an expired out of sequence packet ,34092,35062
77.0032,Received an expired out of sequence packet ,34093,35062
77.0032,Received an expired out of sequence packet ,34094,35062
77.0033,Received an expired out of sequence packet ,34095,35062
77.0033,Received an expired out of sequence packet ,34096,35062
77.0033,Received an expired out of sequence packet ,34097,35062
77.0033,Received an expired out of sequence packet ,34098,35062
77.0088,Received an expired out of sequence packet ,34099,35062
77.0088,Received an expired out of sequence packet ,34100,35062
77.0088,Received an expired out of sequence packet ,34101,35062
77.0109,Received an expired out of sequence packet ,34102,35062
77.0109,Received an expired out of sequence packet ,34103,35062
77.0109,Received an expired out of sequence packet ,34104,35062
77.0109,Received an expired out of sequence packet ,34105,35062
77.011,Received an expired out of sequence packet ,34106,35062
77.0134,Received an expired out of sequence packet ,34107,35062
77.0134,Received an expired out of sequence packet ,34108,35062
77.0135,Received an expired out of sequence packet ,34109,35062
77.0135,Received an expired out of sequence packet ,34110,35062
77.0135,Received an expired out of sequence packet ,34111,35062
77.0135,Received an expired out of sequence packet ,34112,35062
77.0135,Received an expired out of sequence packet ,34113,35062
77.0135,Received an expired out of sequence packet ,34114,35062
77.0136,Received an expired out of sequence packet ,34115,35062
77.0136,Received an expired out of sequence packet ,34116,35062
77.0136,Received an expired out of sequence packet ,34117,35062
77.0136,Received an expired out of sequence packet ,34118,35062
77.0137,Received an expired out of sequence packet ,34119,35062
77.0176,Received an expired out of sequence packet ,34120,35062
77.0176,Received an expired out of sequence packet ,34121,35062
77.0176,Received an expired out of sequence packet ,34122,35062
77.0176,Received an expired out of sequence packet ,34123,35062
77.0177,Received an expired out of sequence packet ,34124,35062
77.0177,Received an expired out of sequence packet ,34125,35062
77.0177,Received an expired out of sequence packet ,34126,35062
77.0177,Received an expired out of sequence packet ,34127,35062
77.0177,Received an expired out of sequence packet ,34128,35062
77.0177,Received an expired out of sequence packet ,34129,35062
77.0178,Received an expired out of sequence packet ,34130,35062
77.0178,Received an expired out of sequence packet ,34131,35062
77.0178,Received an expired out of sequence packet ,34132,35062
77.0178,Received an expired out of sequence packet ,34133,35062
77.0178,Received an expired out of sequence packet ,34134,35062
77.0179,Received an expired out of sequence packet ,34135,35062
77.0238,Received an expired out of sequence packet ,34136,35062
77.0239,Received an expired out of sequence packet ,34137,35062
77.0239,Received an expired out of sequence packet ,34138,35062
77.0239,Received an expired out of sequence packet ,34139,35062
77.0239,Received an expired out of sequence packet ,34140,35062
77.0279,Received an expired out of sequence packet ,34141,35062
77.028,Received an expired out of sequence packet ,34142,35062
77.028,Received an expired out of sequence packet ,34143,35062
77.028,Received an expired out of sequence packet ,34144,35062
77.028,Received an expired out of sequence packet ,34145,35062
77.028,Received an expired out of sequence packet ,34146,35062
77.0281,Received an expired out of sequence packet ,34147,35062
77.0281,Received an expired out of sequence packet ,34148,35062
77.0281,Received an expired out of sequence packet ,34149,35062
77.0281,Received an expired out of sequence packet ,34150,35062
77.0281,Received an expired out of sequence packet ,34151,35062
77.0281,Received an expired out of sequence packet ,34152,35062
77.0282,Received an expired out of sequence packet ,34153,35062
77.0282,Received an expired out of sequence packet ,34154,35062
77.0282,Received an expired out of sequence packet ,34155,35062
77.0282,Received an expired out of sequence packet ,34156,35062
77.0282,Received an expired out of sequence packet ,34157,35062
77.0283,Received an expired out of sequence packet ,34158,35062
77.0283,Received an expired out of sequence packet ,34159,35062
77.031,Received an expired out of sequence packet ,34160,35062
77.031,Received an expired out of sequence packet ,34161,35062
77.031,Received an expired out of sequence packet ,34162,35062
77.0311,Received an expired out of sequence packet ,34163,35062
77.0311,Received an expired out of sequence packet ,34164,35062
77.0311,Received an expired out of sequence packet ,34165,35062
77.0311,Received an expired out of sequence packet ,34166,35062
77.0311,Received an expired out of sequence packet ,34167,35062
77.0312,Received an expired out of sequence packet ,34168,35062
77.0312,Received an expired out of sequence packet ,34169,35062
77.0312,Received an expired out of sequence packet ,34170,35062
77.0312,Received an expired out of sequence packet ,34171,35062
77.0312,Received an expired out of sequence packet ,34172,35062
77.0312,Received an expired out of sequence packet ,34173,35062
77.0313,Received an expired out of sequence packet ,34174,35062
77.0313,Received an expired out of sequence packet ,34175,35062
77.0315,Received an expired out of sequence packet ,34176,35062
77.0315,Received an expired out of sequence packet ,34177,35062
77.0315,Received an expired out of sequence packet ,34178,35062
77.0315,Received an expired out of sequence packet ,34179,35062
77.0315,Received an expired out of sequence packet ,34180,35062
77.0316,Received an expired out of sequence packet ,34181,35062
77.0316,Received an expired out of sequence packet ,34182,35062
77.0387,Received an expired out of sequence packet ,34183,35062
77.0387,Received an expired out of sequence packet ,34184,35062
77.0387,Received an expired out of sequence packet ,34185,35062
77.0387,Received an expired out of sequence packet ,34186,35062
77.0388,Received an expired out of sequence packet ,34187,35062
77.0388,Received an expired out of sequence packet ,34188,35062
77.0388,Received an expired out of sequence packet ,34189,35062
77.0388,Received an expired out of sequence packet ,34190,35062
77.0388,Received an expired out of sequence packet ,34191,35062
77.0389,Received an expired out of sequence packet ,34192,35062
77.0389,Received an expired out of sequence packet ,34193,35062
77.049,Received an expired out of sequence packet ,34194,35062
77.049,Received an expired out of sequence packet ,34195,35062
77.049,Received an expired out of sequence packet ,34196,35062
77.049,Received an expired out of sequence packet ,34197,35062
77.0491,Received an expired out of sequence packet ,34198,35062
77.0521,Received an expired out of sequence packet ,34199,35062
77.0521,Received an expired out of sequence packet ,34200,35062
77.0521,Received an expired out of sequence packet ,34201,35062
77.0521,Received an expired out of sequence packet ,34202,35062
77.0522,Received an expired out of sequence packet ,34203,35062
77.0522,Received an expired out of sequence packet ,34204,35062
77.0522,Received an expired out of sequence packet ,34205,35062
77.0522,Received an expired out of sequence packet ,34206,35062
77.0522,Received an expired out of sequence packet ,34207,35062
77.0523,Received an expired out of sequence packet ,34208,35062
77.0523,Received an expired out of sequence packet ,34209,35062
77.0536,Received an expired out of sequence packet ,34210,35062
77.0536,Received an expired out of sequence packet ,34211,35062
77.0536,Received an expired out of sequence packet ,34212,35062
77.0536,Received an expired out of sequence packet ,34213,35062
77.0536,Received an expired out of sequence packet ,34214,35062
77.0537,Received an expired out of sequence packet ,34215,35062
77.0537,Received an expired out of sequence packet ,34216,35062
77.0537,Received an expired out of sequence packet ,34217,35062
77.0537,Received an expired out of sequence packet ,34218,35062
77.0538,Received an expired out of sequence packet ,34219,35062
77.0538,Received an expired out of sequence packet ,34220,35062
77.0538,Received an expired out of sequence packet ,34221,35062
77.0538,Received an expired out of sequence packet ,34222,35062
77.0538,Received an expired out of sequence packet ,34223,35062
77.0539,Received an expired out of sequence packet ,34224,35062
77.0539,Received an expired out of sequence packet ,34225,35062
77.0539,Received an expired out of sequence packet ,34226,35062
77.0539,Received an expired out of sequence packet ,34227,35062
77.0539,Received an expired out of sequence packet ,34228,35062
77.054,Received an expired out of sequence packet ,34229,35062
77.054,Received an expired out of sequence packet ,34230,35062
77.054,Received an expired out of sequence packet ,34231,35062
77.054,Received an expired out of sequence packet ,34232,35062
77.054,Received an expired out of sequence packet ,34233,35062
77.0541,Received an expired out of sequence packet ,34234,35062
77.0541,Received an expired out of sequence packet ,34235,35062
77.0541,Received an expired out of sequence packet ,34236,35062
77.0541,Received an expired out of sequence packet ,34237,35062
77.0541,Received an expired out of sequence packet ,34238,35062
77.0541,Received an expired out of sequence packet ,34239,35062
77.0542,Received an expired out of sequence packet ,34240,35062
77.0542,Received an expired out of sequence packet ,34241,35062
77.0542,Received an expired out of sequence packet ,34242,35062
77.0542,Received an expired out of sequence packet ,34243,35062
77.0542,Received an expired out of sequence packet ,34244,35062
77.0556,Received an expired out of sequence packet ,34245,35062
77.0556,Received an expired out of sequence packet ,34246,35062
77.0557,Received an expired out of sequence packet ,34247,35062
77.0557,Received an expired out of sequence packet ,34248,35062
77.0557,Received an expired out of sequence packet ,34249,35062
77.0557,Received an expired out of sequence packet ,34250,35062
77.0557,Received an expired out of sequence packet ,34251,35062
77.0558,Received an expired out of sequence packet ,34252,35062
77.0558,Received an expired out of sequence packet ,34253,35062
77.0558,Received an expired out of sequence packet ,34254,35062
77.0558,Received an expired out of sequence packet ,34255,35062
77.0558,Received an expired out of sequence packet ,34256,35062
77.0558,Received an expired out of sequence packet ,34257,35062
77.0559,Received an expired out of sequence packet ,34258,35062
77.0559,Received an expired out of sequence packet ,34259,35062
77.0559,Received an expired out of sequence packet ,34260,35062
77.0594,Received an expired out of sequence packet ,34261,35062
77.0595,Received an expired out of sequence packet ,34262,35062
77.0595,Received an expired out of sequence packet ,34263,35062
77.0595,Received an expired out of sequence packet ,34264,35062
77.0595,Received an expired out of sequence packet ,34265,35062
77.0595,Received an expired out of sequence packet ,34266,35062
77.0596,Received an expired out of sequence packet ,34267,35062
77.0596,Received an expired out of sequence packet ,34268,35062
77.0596,Received an expired out of sequence packet ,34269,35062
77.0596,Received an expired out of sequence packet ,34270,35062
77.0596,Received an expired out of sequence packet ,34271,35062
77.0597,Received an expired out of sequence packet ,34272,35062
77.0597,Received an expired out of sequence packet ,34273,35062
77.0597,Received an expired out of sequence packet ,34274,35062
77.0597,Received an expired out of sequence packet ,34275,35062
77.0597,Received an expired out of sequence packet ,34276,35062
77.0598,Received an expired out of sequence packet ,34277,35062
77.0616,Received an expired out of sequence packet ,34278,35062
77.0617,Received an expired out of sequence packet ,34279,35062
77.0617,Received an expired out of sequence packet ,34280,35062
77.0617,Received an expired out of sequence packet ,34281,35062
77.0617,Received an expired out of sequence packet ,34282,35062
77.0617,Received an expired out of sequence packet ,34283,35062
77.0618,Received an expired out of sequence packet ,34284,35062
77.0618,Received an expired out of sequence packet ,34285,35062
77.0628,Received an expired out of sequence packet ,34286,35062
77.0639,Received an expired out of sequence packet ,34287,35062
77.0639,Received an expired out of sequence packet ,34288,35062
77.0639,Received an expired out of sequence packet ,34289,35062
77.0639,Received an expired out of sequence packet ,34290,35062
77.0639,Received an expired out of sequence packet ,34291,35062
77.0661,Received an expired out of sequence packet ,34292,35062
77.0661,Received an expired out of sequence packet ,34293,35062
77.0681,Received an expired out of sequence packet ,34294,35062
77.0682,Received an expired out of sequence packet ,34295,35062
77.0735,Received an expired out of sequence packet ,34296,35062
77.0735,Received an expired out of sequence packet ,34297,35062
77.0735,Received an expired out of sequence packet ,34298,35062
77.0735,Received an expired out of sequence packet ,34299,35062
77.0735,Received an expired out of sequence packet ,34300,35062
77.0735,Received an expired out of sequence packet ,34301,35062
77.0736,Received an expired out of sequence packet ,34302,35062
77.0736,Received an expired out of sequence packet ,34303,35062
77.0736,Received an expired out of sequence packet ,34304,35062
77.0736,Received an expired out of sequence packet ,34305,35062
77.0737,Received an expired out of sequence packet ,34306,35062
77.0737,Received an expired out of sequence packet ,34307,35062
77.0737,Received an expired out of sequence packet ,34308,35062
77.0737,Received an expired out of sequence packet ,34309,35062
77.0756,Received an expired out of sequence packet ,34310,35062
77.0756,Received an expired out of sequence packet ,34311,35062
77.0757,Received an expired out of sequence packet ,34312,35062
77.0757,Received an expired out of sequence packet ,34313,35062
77.0785,Received an expired out of sequence packet ,34314,35062
77.0785,Received an expired out of sequence packet ,34315,35062
77.0785,Received an expired out of sequence packet ,34316,35062
77.0785,Received an expired out of sequence packet ,34317,35062
77.0786,Received an expired out of sequence packet ,34318,35062
77.0786,Received an expired out of sequence packet ,34319,35062
77.0786,Received an expired out of sequence packet ,34320,35062
77.0786,Received an expired out of sequence packet ,34321,35062
77.0786,Received an expired out of sequence packet ,34322,35062
77.0786,Received an expired out of sequence packet ,34323,35062
77.0787,Received an expired out of sequence packet ,34324,35062
77.0787,Received an expired out of sequence packet ,34325,35062
77.0787,Received an expired out of sequence packet ,34326,35062
77.0787,Received an expired out of sequence packet ,34327,35062
77.0787,Received an expired out of sequence packet ,34328,35062
77.0788,Received an expired out of sequence packet ,34329,35062
77.0788,Received an expired out of sequence packet ,34330,35062
77.0796,Received an expired out of sequence packet ,34331,35062
77.0796,Received an expired out of sequence packet ,34332,35062
77.0796,Received an expired out of sequence packet ,34333,35062
77.0827,Received an expired out of sequence packet ,34334,35062
77.0827,Received an expired out of sequence packet ,34335,35062
77.0828,Received an expired out of sequence packet ,34336,35062
77.0828,Received an expired out of sequence packet ,34337,35062
77.0828,Received an expired out of sequence packet ,34338,35062
77.0828,Received an expired out of sequence packet ,34339,35062
77.0828,Received an expired out of sequence packet ,34340,35062
77.0829,Received an expired out of sequence packet ,34341,35062
77.0829,Received an expired out of sequence packet ,34342,35062
77.0829,Received an expired out of sequence packet ,34343,35062
77.0829,Received an expired out of sequence packet ,34344,35062
77.0829,Received an expired out of sequence packet ,34345,35062
77.0829,Received an expired out of sequence packet ,34346,35062
77.083,Received an expired out of sequence packet ,34347,35062
77.083,Received an expired out of sequence packet ,34348,35062
77.083,Received an expired out of sequence packet ,34349,35062
77.083,Received an expired out of sequence packet ,34350,35062
77.083,Received an expired out of sequence packet ,34351,35062
77.0831,Received an expired out of sequence packet ,34352,35062
77.0831,Received an expired out of sequence packet ,34353,35062
77.0831,Received an expired out of sequence packet ,34354,35062
77.0831,Received an expired out of sequence packet ,34355,35062
77.0839,Received an expired out of sequence packet ,34356,35062
77.084,Received an expired out of sequence packet ,34357,35062
77.084,Received an expired out of sequence packet ,34358,35062
77.084,Received an expired out of sequence packet ,34359,35062
77.084,Received an expired out of sequence packet ,34360,35062
77.084,Received an expired out of sequence packet ,34361,35062
77.0923,Received an expired out of sequence packet ,34362,35062
77.0923,Received an expired out of sequence packet ,34363,35062
77.0924,Received an expired out of sequence packet ,34364,35062
77.0924,Received an expired out of sequence packet ,34365,35062
77.0964,Received an expired out of sequence packet ,34366,35062
77.0964,Received an expired out of sequence packet ,34367,35062
77.0964,Received an expired out of sequence packet ,34368,35062
77.0965,Received an expired out of sequence packet ,34369,35062
77.0965,Received an expired out of sequence packet ,34370,35062
77.0965,Received an expired out of sequence packet ,34371,35062
77.0965,Received an expired out of sequence packet ,34372,35062
77.0965,Received an expired out of sequence packet ,34373,35062
77.0965,Received an expired out of sequence packet ,34374,35062
77.0966,Received an expired out of sequence packet ,34375,35062
77.0966,Received an expired out of sequence packet ,34376,35062
77.0966,Received an expired out of sequence packet ,34377,35062
77.0966,Received an expired out of sequence packet ,34378,35062
77.0966,Received an expired out of sequence packet ,34379,35062
77.0967,Received an expired out of sequence packet ,34380,35062
77.0967,Received an expired out of sequence packet ,34381,35062
77.0967,Received an expired out of sequence packet ,34382,35062
77.0967,Received an expired out of sequence packet ,34383,35062
77.0967,Received an expired out of sequence packet ,34384,35062
77.0967,Received an expired out of sequence packet ,34385,35062
77.0968,Received an expired out of sequence packet ,34386,35062
77.0968,Received an expired out of sequence packet ,34387,35062
77.0968,Received an expired out of sequence packet ,34388,35062
77.0968,Received an expired out of sequence packet ,34389,35062
77.0968,Received an expired out of sequence packet ,34390,35062
77.0969,Received an expired out of sequence packet ,34391,35062
77.0969,Received an expired out of sequence packet ,34392,35062
77.0969,Received an expired out of sequence packet ,34393,35062
77.0969,Received an expired out of sequence packet ,34394,35062
77.0969,Received an expired out of sequence packet ,34395,35062
77.097,Received an expired out of sequence packet ,34396,35062
77.097,Received an expired out of sequence packet ,34397,35062
77.097,Received an expired out of sequence packet ,34398,35062
77.097,Received an expired out of sequence packet ,34399,35062
77.0997,Received an expired out of sequence packet ,34400,35062
77.0997,Received an expired out of sequence packet ,34401,35062
77.0998,Received an expired out of sequence packet ,34402,35062
77.0998,Received an expired out of sequence packet ,34403,35062
77.0998,Received an expired out of sequence packet ,34404,35062
77.0998,Received an expired out of sequence packet ,34405,35062
77.0998,Received an expired out of sequence packet ,34406,35062
77.0998,Received an expired out of sequence packet ,34407,35062
77.0999,Received an expired out of sequence packet ,34408,35062
77.0999,Received an expired out of sequence packet ,34409,35062
77.0999,Received an expired out of sequence packet ,34410,35062
77.1085,Received an expired out of sequence packet ,34411,35062
77.1085,Received an expired out of sequence packet ,34412,35062
77.1085,Received an expired out of sequence packet ,34413,35062
77.1085,Received an expired out of sequence packet ,34414,35062
77.1085,Received an expired out of sequence packet ,34415,35062
77.1086,Received an expired out of sequence packet ,34416,35062
77.1086,Received an expired out of sequence packet ,34417,35062
77.1086,Received an expired out of sequence packet ,34418,35062
77.1086,Received an expired out of sequence packet ,34419,35062
77.1086,Received an expired out of sequence packet ,34420,35062
77.1087,Received an expired out of sequence packet ,34421,35062
77.1087,Received an expired out of sequence packet ,34422,35062
77.1087,Received an expired out of sequence packet ,34423,35062
77.1087,Received an expired out of sequence packet ,34424,35062
77.1087,Received an expired out of sequence packet ,34425,35062
77.1107,Received an expired out of sequence packet ,34426,35062
77.1108,Received an expired out of sequence packet ,34427,35062
77.1108,Received an expired out of sequence packet ,34428,35062
77.1108,Received an expired out of sequence packet ,34429,35062
77.1127,Received an expired out of sequence packet ,34430,35062
77.1127,Received an expired out of sequence packet ,34431,35062
77.1128,Received an expired out of sequence packet ,34432,35062
77.1128,Received an expired out of sequence packet ,34433,35062
77.1128,Received an expired out of sequence packet ,34434,35062
77.1128,Received an expired out of sequence packet ,34435,35062
77.1129,Received an expired out of sequence packet ,34436,35062
77.1129,Received an expired out of sequence packet ,34437,35062
77.1129,Received an expired out of sequence packet ,34438,35062
77.1129,Received an expired out of sequence packet ,34439,35062
77.114,Received an expired out of sequence packet ,34440,35062
77.114,Received an expired out of sequence packet ,34441,35062
77.114,Received an expired out of sequence packet ,34442,35062
77.1141,Received an expired out of sequence packet ,34443,35062
77.1141,Received an expired out of sequence packet ,34444,35062
77.1141,Received an expired out of sequence packet ,34445,35062
77.1141,Received an expired out of sequence packet ,34446,35062
77.1141,Received an expired out of sequence packet ,34447,35062
77.1142,Received an expired out of sequence packet ,34448,35062
77.1142,Received an expired out of sequence packet ,34449,35062
77.1142,Received an expired out of sequence packet ,34450,35062
77.1142,Received an expired out of sequence packet ,34451,35062
77.1142,Received an expired out of sequence packet ,34452,35062
77.1143,Received an expired out of sequence packet ,34453,35062
77.1143,Received an expired out of sequence packet ,34454,35062
77.1143,Received an expired out of sequence packet ,34455,35062
77.1143,Received an expired out of sequence packet ,34456,35062
77.1143,Received an expired out of sequence packet ,34457,35062
77.1144,Received an expired out of sequence packet ,34458,35062
77.1144,Received an expired out of sequence packet ,34459,35062
77.1144,Received an expired out of sequence packet ,34460,35062
77.1293,Received an expired out of sequence packet ,34461,35062
77.1293,Received an expired out of sequence packet ,34462,35062
77.1293,Received an expired out of sequence packet ,34463,35062
77.1293,Received an expired out of sequence packet ,34464,35062
77.1293,Received an expired out of sequence packet ,34465,35062
77.1294,Received an expired out of sequence packet ,34466,35062
77.1294,Received an expired out of sequence packet ,34467,35062
77.1294,Received an expired out of sequence packet ,34468,35062
77.1294,Received an expired out of sequence packet ,34469,35062
77.1294,Received an expired out of sequence packet ,34470,35062
77.1295,Received an expired out of sequence packet ,34471,35062
77.1295,Received an expired out of sequence packet ,34472,35062
77.1295,Received an expired out of sequence packet ,34473,35062
77.1295,Received an expired out of sequence packet ,34474,35062
77.1304,Received an expired out of sequence packet ,34475,35062
77.1305,Received an expired out of sequence packet ,34476,35062
77.1305,Received an expired out of sequence packet ,34477,35062
77.1305,Received an expired out of sequence packet ,34478,35062
77.1315,Received an expired out of sequence packet ,34479,35062
77.1316,Received an expired out of sequence packet ,34480,35062
77.1316,Received an expired out of sequence packet ,34481,35062
77.1316,Received an expired out of sequence packet ,34482,35062
77.1316,Received an expired out of sequence packet ,34483,35062
77.1316,Received an expired out of sequence packet ,34484,35062
77.1316,Received an expired out of sequence packet ,34485,35062
77.1317,Received an expired out of sequence packet ,34486,35062
77.1317,Received an expired out of sequence packet ,34487,35062
77.1317,Received an expired out of sequence packet ,34488,35062
77.1317,Received an expired out of sequence packet ,34489,35062
77.1317,Received an expired out of sequence packet ,34490,35062
77.1318,Received an expired out of sequence packet ,34491,35062
77.1318,Received an expired out of sequence packet ,34492,35062
77.1318,Received an expired out of sequence packet ,34493,35062
77.1318,Received an expired out of sequence packet ,34494,35062
77.1318,Received an expired out of sequence packet ,34495,35062
77.1319,Received an expired out of sequence packet ,34496,35062
77.1319,Received an expired out of sequence packet ,34497,35062
77.1319,Received an expired out of sequence packet ,34498,35062
77.1319,Received an expired out of sequence packet ,34499,35062
77.1319,Received an expired out of sequence packet ,34500,35062
77.1319,Received an expired out of sequence packet ,34501,35062
77.132,Received an expired out of sequence packet ,34502,35062
77.132,Received an expired out of sequence packet ,34503,35062
77.1328,Received an expired out of sequence packet ,34504,35062
77.1328,Received an expired out of sequence packet ,34505,35062
77.1328,Received an expired out of sequence packet ,34506,35062
77.1328,Received an expired out of sequence packet ,34507,35062
77.1329,Received an expired out of sequence packet ,34508,35062
77.1329,Received an expired out of sequence packet ,34509,35062
77.1329,Received an expired out of sequence packet ,34510,35062
77.1329,Received an expired out of sequence packet ,34511,35062
77.1329,Received an expired out of sequence packet ,34512,35062
77.1329,Received an expired out of sequence packet ,34513,35062
77.133,Received an expired out of sequence packet ,34514,35062
77.133,Received an expired out of sequence packet ,34515,35062
77.133,Received an expired out of sequence packet ,34516,35062
77.133,Received an expired out of sequence packet ,34517,35062
77.133,Received an expired out of sequence packet ,34518,35062
77.1331,Received an expired out of sequence packet ,34519,35062
77.1331,Received an expired out of sequence packet ,34520,35062
77.1331,Received an expired out of sequence packet ,34521,35062
77.136,Received an expired out of sequence packet ,34522,35062
77.136,Received an expired out of sequence packet ,34523,35062
77.136,Received an expired out of sequence packet ,34524,35062
77.136,Received an expired out of sequence packet ,34525,35062
77.1361,Received an expired out of sequence packet ,34526,35062
77.1361,Received an expired out of sequence packet ,34527,35062
77.1361,Received an expired out of sequence packet ,34528,35062
77.1361,Received an expired out of sequence packet ,34529,35062
77.1361,Received an expired out of sequence packet ,34530,35062
77.1362,Received an expired out of sequence packet ,34531,35062
77.1362,Received an expired out of sequence packet ,34532,35062
77.1362,Received an expired out of sequence packet ,34533,35062
77.1362,Received an expired out of sequence packet ,34534,35062
77.1362,Received an expired out of sequence packet ,34535,35062
77.1362,Received an expired out of sequence packet ,34536,35062
77.1363,Received an expired out of sequence packet ,34537,35062
77.1363,Received an expired out of sequence packet ,34538,35062
77.1363,Received an expired out of sequence packet ,34539,35062
77.1371,Received an expired out of sequence packet ,34540,35062
77.1372,Received an expired out of sequence packet ,34541,35062
77.1372,Received an expired out of sequence packet ,34542,35062
77.1412,Received an expired out of sequence packet ,34543,35062
77.1413,Received an expired out of sequence packet ,34544,35062
77.1426,Received an expired out of sequence packet ,34545,35062
77.1438,Received an expired out of sequence packet ,34546,35062
77.1438,Received an expired out of sequence packet ,34547,35062
77.1458,Received an expired out of sequence packet ,34548,35062
77.1459,Received an expired out of sequence packet ,34549,35062
77.1459,Received an expired out of sequence packet ,34550,35062
77.1459,Received an expired out of sequence packet ,34551,35062
77.1459,Received an expired out of sequence packet ,34552,35062
77.147,Received an expired out of sequence packet ,34553,35062
77.147,Received an expired out of sequence packet ,34554,35062
77.147,Received an expired out of sequence packet ,34555,35062
77.147,Received an expired out of sequence packet ,34556,35062
77.1471,Received an expired out of sequence packet ,34557,35062
77.1628,Received an expired out of sequence packet ,34558,35062
77.1628,Received an expired out of sequence packet ,34559,35062
77.1628,Received an expired out of sequence packet ,34560,35062
77.1629,Received an expired out of sequence packet ,34561,35062
77.1629,Received an expired out of sequence packet ,34562,35062
77.1629,Received an expired out of sequence packet ,34563,35062
77.1629,Received an expired out of sequence packet ,34564,35062
77.1629,Received an expired out of sequence packet ,34565,35062
77.163,Received an expired out of sequence packet ,34566,35062
77.163,Received an expired out of sequence packet ,34567,35062
77.163,Received an expired out of sequence packet ,34568,35062
77.163,Received an expired out of sequence packet ,34569,35062
77.163,Received an expired out of sequence packet ,34570,35062
77.1631,Received an expired out of sequence packet ,34571,35062
77.17,Received an expired out of sequence packet ,34572,35062
77.17,Received an expired out of sequence packet ,34573,35062
77.1701,Received an expired out of sequence packet ,34574,35062
77.1701,Received an expired out of sequence packet ,34575,35062
77.1701,Received an expired out of sequence packet ,34576,35062
77.1701,Received an expired out of sequence packet ,34577,35062
77.1701,Received an expired out of sequence packet ,34578,35062
77.1702,Received an expired out of sequence packet ,34579,35062
77.1702,Received an expired out of sequence packet ,34580,35062
77.1702,Received an expired out of sequence packet ,34581,35062
77.1702,Received an expired out of sequence packet ,34582,35062
77.1702,Received an expired out of sequence packet ,34583,35062
77.1703,Received an expired out of sequence packet ,34584,35062
77.1703,Received an expired out of sequence packet ,34585,35062
77.1703,Received an expired out of sequence packet ,34586,35062
77.1703,Received an expired out of sequence packet ,34587,35062
77.1703,Received an expired out of sequence packet ,34588,35062
77.1703,Received an expired out of sequence packet ,34589,35062
77.1704,Received an expired out of sequence packet ,34590,35062
77.1704,Received an expired out of sequence packet ,34591,35062
77.1704,Received an expired out of sequence packet ,34592,35062
77.1704,Received an expired out of sequence packet ,34593,35062
77.1704,Received an expired out of sequence packet ,34594,35062
77.1705,Received an expired out of sequence packet ,34595,35062
77.1705,Received an expired out of sequence packet ,34596,35062
77.1705,Received an expired out of sequence packet ,34597,35062
77.1705,Received an expired out of sequence packet ,34598,35062
77.1705,Received an expired out of sequence packet ,34599,35062
77.1914,Received an expired out of sequence packet ,34600,35062
77.1914,Received an expired out of sequence packet ,34601,35062
77.1914,Received an expired out of sequence packet ,34602,35062
77.1915,Received an expired out of sequence packet ,34603,35062
77.1915,Received an expired out of sequence packet ,34604,35062
77.1915,Received an expired out of sequence packet ,34605,35062
77.1915,Received an expired out of sequence packet ,34606,35062
77.1915,Received an expired out of sequence packet ,34607,35062
77.1946,Received an expired out of sequence packet ,34608,35062
77.1947,Received an expired out of sequence packet ,34609,35062
77.1947,Received an expired out of sequence packet ,34610,35062
77.1947,Received an expired out of sequence packet ,34611,35062
77.1947,Received an expired out of sequence packet ,34612,35062
77.1947,Received an expired out of sequence packet ,34613,35062
77.1947,Received an expired out of sequence packet ,34614,35062
77.1948,Received an expired out of sequence packet ,34615,35062
77.2118,Received an expired out of sequence packet ,34616,35062
77.2118,Received an expired out of sequence packet ,34617,35062
77.2118,Received an expired out of sequence packet ,34618,35062
77.2119,Received an expired out of sequence packet ,34619,35062
77.2119,Received an expired out of sequence packet ,34620,35062
77.2119,Received an expired out of sequence packet ,34621,35062
77.2119,Received an expired out of sequence packet ,34622,35062
77.2119,Received an expired out of sequence packet ,34623,35062
77.212,Received an expired out of sequence packet ,34624,35062
77.212,Received an expired out of sequence packet ,34625,35062
77.212,Received an expired out of sequence packet ,34626,35062
77.212,Received an expired out of sequence packet ,34627,35062
77.212,Received an expired out of sequence packet ,34628,35062
77.212,Received an expired out of sequence packet ,34629,35062
77.2121,Received an expired out of sequence packet ,34630,35062
77.2385,Received an expired out of sequence packet ,34631,35062
77.2385,Received an expired out of sequence packet ,34632,35062
77.2386,Received an expired out of sequence packet ,34633,35062
77.2386,Received an expired out of sequence packet ,34634,35062
77.2386,Received an expired out of sequence packet ,34635,35062
77.2386,Received an expired out of sequence packet ,34636,35062
77.2386,Received an expired out of sequence packet ,34637,35062
77.2387,Received an expired out of sequence packet ,34638,35062
77.2387,Received an expired out of sequence packet ,34639,35062
77.2387,Received an expired out of sequence packet ,34640,35062
77.2387,Received an expired out of sequence packet ,34641,35062
77.2387,Received an expired out of sequence packet ,34642,35062
77.2387,Received an expired out of sequence packet ,34643,35062
77.2388,Received an expired out of sequence packet ,34644,35062
77.2388,Received an expired out of sequence packet ,34645,35062
77.2388,Received an expired out of sequence packet ,34646,35062
77.2388,Received an expired out of sequence packet ,34647,35062
77.2388,Received an expired out of sequence packet ,34648,35062
77.2389,Received an expired out of sequence packet ,34649,35062
77.2397,Received an expired out of sequence packet ,34650,35062
77.2398,Received an expired out of sequence packet ,34651,35062
77.2398,Received an expired out of sequence packet ,34652,35062
77.2398,Received an expired out of sequence packet ,34653,35062
77.2398,Received an expired out of sequence packet ,34654,35062
77.2398,Received an expired out of sequence packet ,34655,35062
77.2399,Received an expired out of sequence packet ,34656,35062
77.2399,Received an expired out of sequence packet ,34657,35062
77.2399,Received an expired out of sequence packet ,34658,35062
77.2399,Received an expired out of sequence packet ,34659,35062
77.2399,Received an expired out of sequence packet ,34660,35062
77.2399,Received an expired out of sequence packet ,34661,35062
77.24,Received an expired out of sequence packet ,34662,35062
77.2756,Received an expired out of sequence packet ,34663,35062
77.2757,Received an expired out of sequence packet ,34664,35062
77.2757,Received an expired out of sequence packet ,34665,35062
77.2757,Received an expired out of sequence packet ,34666,35062
77.2757,Received an expired out of sequence packet ,34667,35062
77.2758,Received an expired out of sequence packet ,34668,35062
77.2758,Received an expired out of sequence packet ,34669,35062
77.2758,Received an expired out of sequence packet ,34670,35062
77.2758,Received an expired out of sequence packet ,34671,35062
77.2758,Received an expired out of sequence packet ,34672,35062
77.2758,Received an expired out of sequence packet ,34673,35062
77.2758,Received an expired out of sequence packet ,34674,35062
77.2759,Received an expired out of sequence packet ,34675,35062
77.2759,Received an expired out of sequence packet ,34676,35062
77.2759,Received an expired out of sequence packet ,34677,35062
77.2759,Received an expired out of sequence packet ,34678,35062
77.2759,Received an expired out of sequence packet ,34679,35062
77.276,Received an expired out of sequence packet ,34680,35062
77.276,Received an expired out of sequence packet ,34681,35062
77.276,Received an expired out of sequence packet ,34682,35062
77.276,Received an expired out of sequence packet ,34683,35062
77.276,Received an expired out of sequence packet ,34684,35062
77.276,Received an expired out of sequence packet ,34685,35062
77.2761,Received an expired out of sequence packet ,34686,35062
77.2761,Received an expired out of sequence packet ,34687,35062
77.2761,Received an expired out of sequence packet ,34688,35062
77.2761,Received an expired out of sequence packet ,34689,35062
77.2761,Received an expired out of sequence packet ,34690,35062
77.2762,Received an expired out of sequence packet ,34691,35062
77.2762,Received an expired out of sequence packet ,34692,35062
77.2762,Received an expired out of sequence packet ,34693,35062
77.2762,Received an expired out of sequence packet ,34694,35062
77.2762,Received an expired out of sequence packet ,34695,35062
77.2763,Received an expired out of sequence packet ,34696,35062
77.2763,Received an expired out of sequence packet ,34697,35062
77.2763,Received an expired out of sequence packet ,34698,35062
77.2763,Received an expired out of sequence packet ,34699,35062
77.2763,Received an expired out of sequence packet ,34700,35062
77.2764,Received an expired out of sequence packet ,34701,35062
77.2764,Received an expired out of sequence packet ,34702,35062
77.281,Received an expired out of sequence packet ,34703,35062
77.281,Received an expired out of sequence packet ,34704,35062
77.281,Received an expired out of sequence packet ,34705,35062
77.281,Received an expired out of sequence packet ,34706,35062
77.281,Received an expired out of sequence packet ,34707,35062
77.2811,Received an expired out of sequence packet ,34708,35062
77.2811,Received an expired out of sequence packet ,34709,35062
77.2811,Received an expired out of sequence packet ,34710,35062
77.2811,Received an expired out of sequence packet ,34711,35062
77.2811,Received an expired out of sequence packet ,34712,35062
77.2812,Received an expired out of sequence packet ,34713,35062
77.2812,Received an expired out of sequence packet ,34714,35062
77.2812,Received an expired out of sequence packet ,34715,35062
77.2812,Received an expired out of sequence packet ,34716,35062
77.2812,Received an expired out of sequence packet ,34717,35062
77.2813,Received an expired out of sequence packet ,34718,35062
77.2813,Received an expired out of sequence packet ,34719,35062
77.2813,Received an expired out of sequence packet ,34720,35062
77.2813,Received an expired out of sequence packet ,34721,35062
77.2813,Received an expired out of sequence packet ,34722,35062
77.2813,Received an expired out of sequence packet ,34723,35062
77.3038,Received an expired out of sequence packet ,34724,35062
77.3039,Received an expired out of sequence packet ,34725,35062
77.3039,Received an expired out of sequence packet ,34726,35062
77.3039,Received an expired out of sequence packet ,34727,35062
77.3039,Received an expired out of sequence packet ,34728,35062
77.3039,Received an expired out of sequence packet ,34729,35062
77.3039,Received an expired out of sequence packet ,34730,35062
77.304,Received an expired out of sequence packet ,34731,35062
77.304,Received an expired out of sequence packet ,34732,35062
77.304,Received an expired out of sequence packet ,34733,35062
77.304,Received an expired out of sequence packet ,34734,35062
77.304,Received an expired out of sequence packet ,34735,35062
77.3041,Received an expired out of sequence packet ,34736,35062
77.3041,Received an expired out of sequence packet ,34737,35062
77.309,Received an expired out of sequence packet ,34738,35062
77.3091,Received an expired out of sequence packet ,34739,35062
77.3426,Received an expired out of sequence packet ,34740,35062
77.3426,Received an expired out of sequence packet ,34741,35062
77.3427,Received an expired out of sequence packet ,34742,35062
77.3427,Received an expired out of sequence packet ,34743,35062
77.3427,Received an expired out of sequence packet ,34744,35062
77.3427,Received an expired out of sequence packet ,34745,35062
77.3427,Received an expired out of sequence packet ,34746,35062
77.3427,Received an expired out of sequence packet ,34747,35062
77.3428,Received an expired out of sequence packet ,34748,35062
77.3428,Received an expired out of sequence packet ,34749,35062
77.3428,Received an expired out of sequence packet ,34750,35062
77.3428,Received an expired out of sequence packet ,34751,35062
77.3428,Received an expired out of sequence packet ,34752,35062
77.3428,Received an expired out of sequence packet ,34753,35062
77.3429,Received an expired out of sequence packet ,34754,35062
77.3429,Received an expired out of sequence packet ,34755,35062
77.3429,Received an expired out of sequence packet ,34756,35062
77.3429,Received an expired out of sequence packet ,34757,35062
77.3429,Received an expired out of sequence packet ,34758,35062
77.3429,Received an expired out of sequence packet ,34759,35062
77.343,Received an expired out of sequence packet ,34760,35062
77.343,Received an expired out of sequence packet ,34761,35062
77.343,Received an expired out of sequence packet ,34762,35062
77.343,Received an expired out of sequence packet ,34763,35062
77.3438,Received an expired out of sequence packet ,34764,35062
77.3439,Received an expired out of sequence packet ,34765,35062
77.3439,Received an expired out of sequence packet ,34766,35062
77.3439,Received an expired out of sequence packet ,34767,35062
77.3459,Received an expired out of sequence packet ,34768,35062
77.346,Received an expired out of sequence packet ,34769,35062
77.346,Received an expired out of sequence packet ,34770,35062
77.3471,Received an expired out of sequence packet ,34771,35062
77.3471,Received an expired out of sequence packet ,34772,35062
77.3471,Received an expired out of sequence packet ,34773,35062
77.3471,Received an expired out of sequence packet ,34774,35062
77.3472,Received an expired out of sequence packet ,34775,35062
77.3472,Received an expired out of sequence packet ,34776,35062
77.3472,Received an expired out of sequence packet ,34777,35062
77.3472,Received an expired out of sequence packet ,34778,35062
77.3472,Received an expired out of sequence packet ,34779,35062
77.3472,Received an expired out of sequence packet ,34780,35062
77.3473,Received an expired out of sequence packet ,34781,35062
77.3473,Received an expired out of sequence packet ,34782,35062
77.3473,Received an expired out of sequence packet ,34783,35062
77.3473,Received an expired out of sequence packet ,34784,35062
77.3473,Received an expired out of sequence packet ,34785,35062
77.3473,Received an expired out of sequence packet ,34786,35062
77.3474,Received an expired out of sequence packet ,34787,35062
77.3474,Received an expired out of sequence packet ,34788,35062
77.3474,Received an expired out of sequence packet ,34789,35062
77.3474,Received an expired out of sequence packet ,34790,35062
77.3474,Received an expired out of sequence packet ,34791,35062
77.3474,Received an expired out of sequence packet ,34792,35062
77.3475,Received an expired out of sequence packet ,34793,35062
77.3475,Received an expired out of sequence packet ,34794,35062
77.3475,Received an expired out of sequence packet ,34795,35062
77.3475,Received an expired out of sequence packet ,34796,35062
77.3475,Received an expired out of sequence packet ,34797,35062
77.3475,Received an expired out of sequence packet ,34798,35062
77.3743,Received an expired out of sequence packet ,34799,35062
77.3744,Received an expired out of sequence packet ,34800,35062
77.4055,Received an expired out of sequence packet ,34801,35062
77.4055,Received an expired out of sequence packet ,34802,35062
77.4055,Received an expired out of sequence packet ,34803,35062
77.4055,Received an expired out of sequence packet ,34804,35062
77.4055,Received an expired out of sequence packet ,34805,35062
77.4055,Received an expired out of sequence packet ,34806,35062
77.4056,Received an expired out of sequence packet ,34807,35062
77.4056,Received an expired out of sequence packet ,34808,35062
77.4056,Received an expired out of sequence packet ,34809,35062
77.4056,Received an expired out of sequence packet ,34810,35062
77.4056,Received an expired out of sequence packet ,34811,35062
77.4056,Received an expired out of sequence packet ,34812,35062
77.4056,Received an expired out of sequence packet ,34813,35062
77.4056,Received an expired out of sequence packet ,34814,35062
77.4056,Received an expired out of sequence packet ,34815,35062
77.4056,Received an expired out of sequence packet ,34816,35062
77.4056,Received an expired out of sequence packet ,34817,35062
77.4056,Received an expired out of sequence packet ,34818,35062
77.4057,Received an expired out of sequence packet ,34819,35062
77.4057,Received an expired out of sequence packet ,34820,35062
77.4057,Received an expired out of sequence packet ,34821,35062
77.4057,Received an expired out of sequence packet ,34822,35062
77.4057,Received an expired out of sequence packet ,34823,35062
77.4057,Received an expired out of sequence packet ,34824,35062
77.4057,Received an expired out of sequence packet ,34825,35062
77.4057,Received an expired out of sequence packet ,34826,35062
77.4057,Received an expired out of sequence packet ,34827,35062
77.4057,Received an expired out of sequence packet ,34828,35062
77.4057,Received an expired out of sequence packet ,34829,35062
77.4097,Received an expired out of sequence packet ,34830,35062
77.4097,Received an expired out of sequence packet ,34831,35062
77.4097,Received an expired out of sequence packet ,34832,35062
77.4097,Received an expired out of sequence packet ,34833,35062
77.4097,Received an expired out of sequence packet ,34834,35062
77.4097,Received an expired out of sequence packet ,34835,35062
77.4097,Received an expired out of sequence packet ,34836,35062
77.4097,Received an expired out of sequence packet ,34837,35062
77.4098,Received an expired out of sequence packet ,34838,35062
77.4148,Received an expired out of sequence packet ,34839,35062
77.4149,Received an expired out of sequence packet ,34840,35062
77.4149,Received an expired out of sequence packet ,34841,35062
77.4149,Received an expired out of sequence packet ,34842,35062
77.4149,Received an expired out of sequence packet ,34843,35062
77.4459,Received an expired out of sequence packet ,34844,35062
77.4459,Received an expired out of sequence packet ,34845,35062
77.4459,Received an expired out of sequence packet ,34846,35062
77.4459,Received an expired out of sequence packet ,34847,35062
77.4459,Received an expired out of sequence packet ,34848,35062
77.4459,Received an expired out of sequence packet ,34849,35062
77.446,Received an expired out of sequence packet ,34850,35062
77.446,Received an expired out of sequence packet ,34851,35062
77.446,Received an expired out of sequence packet ,34852,35062
77.446,Received an expired out of sequence packet ,34853,35062
77.446,Received an expired out of sequence packet ,34854,35062
77.446,Received an expired out of sequence packet ,34855,35062
77.446,Received an expired out of sequence packet ,34856,35062
77.4461,Received an expired out of sequence packet ,34857,35062
77.4461,Received an expired out of sequence packet ,34858,35062
77.4461,Received an expired out of sequence packet ,34859,35062
77.4461,Received an expired out of sequence packet ,34860,35062
77.4461,Received an expired out of sequence packet ,34861,35062
77.4461,Received an expired out of sequence packet ,34862,35062
77.4461,Received an expired out of sequence packet ,34863,35062
77.4571,Received an expired out of sequence packet ,34864,35062
77.4571,Received an expired out of sequence packet ,34865,35062
77.4571,Received an expired out of sequence packet ,34866,35062
77.4571,Received an expired out of sequence packet ,34867,35062
77.4571,Received an expired out of sequence packet ,34868,35062
77.4572,Received an expired out of sequence packet ,34869,35062
77.4572,Received an expired out of sequence packet ,34870,35062
77.4572,Received an expired out of sequence packet ,34871,35062
77.4572,Received an expired out of sequence packet ,34872,35062
77.4572,Received an expired out of sequence packet ,34873,35062
77.4572,Received an expired out of sequence packet ,34874,35062
77.4573,Received an expired out of sequence packet ,34875,35062
77.4573,Received an expired out of sequence packet ,34876,35062
77.4573,Received an expired out of sequence packet ,34877,35062
77.4573,Received an expired out of sequence packet ,34878,35062
77.4573,Received an expired out of sequence packet ,34879,35062
77.4573,Received an expired out of sequence packet ,34880,35062
77.4573,Received an expired out of sequence packet ,34881,35062
77.4787,Received an expired out of sequence packet ,34882,35062
77.4788,Received an expired out of sequence packet ,34883,35062
77.4788,Received an expired out of sequence packet ,34884,35062
77.4788,Received an expired out of sequence packet ,34885,35062
77.4788,Received an expired out of sequence packet ,34886,35062
77.4789,Received an expired out of sequence packet ,34887,35062
77.4789,Received an expired out of sequence packet ,34888,35062
77.4789,Received an expired out of sequence packet ,34889,35062
77.4789,Received an expired out of sequence packet ,34890,35062
77.4789,Received an expired out of sequence packet ,34891,35062
77.4789,Received an expired out of sequence packet ,34892,35062
77.479,Received an expired out of sequence packet ,34893,35062
77.479,Received an expired out of sequence packet ,34894,35062
77.479,Received an expired out of sequence packet ,34895,35062
77.479,Received an expired out of sequence packet ,34896,35062
77.479,Received an expired out of sequence packet ,34897,35062
77.479,Received an expired out of sequence packet ,34898,35062
77.4791,Received an expired out of sequence packet ,34899,35062
77.4791,Received an expired out of sequence packet ,34900,35062
77.4791,Received an expired out of sequence packet ,34901,35062
77.4829,Received an expired out of sequence packet ,34902,35062
77.4829,Received an expired out of sequence packet ,34903,35062
77.483,Received an expired out of sequence packet ,34904,35062
77.483,Received an expired out of sequence packet ,34905,35062
77.483,Received an expired out of sequence packet ,34906,35062
77.492,Received an expired out of sequence packet ,34907,35062
77.492,Received an expired out of sequence packet ,34908,35062
77.4921,Received an expired out of sequence packet ,34909,35062
77.4921,Received an expired out of sequence packet ,34910,35062
77.4921,Received an expired out of sequence packet ,34911,35062
77.4921,Received an expired out of sequence packet ,34912,35062
77.4921,Received an expired out of sequence packet ,34913,35062
77.4921,Received an expired out of sequence packet ,34914,35062
77.4922,Received an expired out of sequence packet ,34915,35062
77.4922,Received an expired out of sequence packet ,34916,35062
77.4922,Received an expired out of sequence packet ,34917,35062
77.4922,Received an expired out of sequence packet ,34918,35062
77.4942,Received an expired out of sequence packet ,34919,35062
77.4942,Received an expired out of sequence packet ,34920,35062
77.4942,Received an expired out of sequence packet ,34921,35062
77.4942,Received an expired out of sequence packet ,34922,35062
77.4942,Received an expired out of sequence packet ,34923,35062
77.4942,Received an expired out of sequence packet ,34924,35062
77.4943,Received an expired out of sequence packet ,34925,35062
77.4943,Received an expired out of sequence packet ,34926,35062
77.516,Received an expired out of sequence packet ,34927,35062
77.516,Received an expired out of sequence packet ,34928,35062
77.516,Received an expired out of sequence packet ,34929,35062
77.5231,Received an expired out of sequence packet ,34930,35062
77.5231,Received an expired out of sequence packet ,34931,35062
77.5231,Received an expired out of sequence packet ,34932,35062
77.5231,Received an expired out of sequence packet ,34933,35062
77.5282,Received an expired out of sequence packet ,34934,35062
77.5311,Received an expired out of sequence packet ,34935,35062
77.5311,Received an expired out of sequence packet ,34936,35062
77.5311,Received an expired out of sequence packet ,34937,35062
77.5312,Received an expired out of sequence packet ,34938,35062
77.5312,Received an expired out of sequence packet ,34939,35062
77.5312,Received an expired out of sequence packet ,34940,35062
77.5312,Received an expired out of sequence packet ,34988,35062
77.5312,Received an expired out of sequence packet ,34989,35062
77.5312,Received an expired out of sequence packet ,34990,35062
77.5313,Received an expired out of sequence packet ,34991,35062
77.5313,Received an expired out of sequence packet ,34992,35062
77.5313,Received an expired out of sequence packet ,34993,35062
77.5313,Received an expired out of sequence packet ,34994,35062
77.5313,Received an expired out of sequence packet ,34995,35062
77.5313,Received an expired out of sequence packet ,34996,35062
77.5314,Received an expired out of sequence packet ,34997,35062
77.5314,Received an expired out of sequence packet ,34998,35062
77.5314,Received an expired out of sequence packet ,34999,35062
77.5314,Received an expired out of sequence packet ,35000,35062
77.5314,Received an expired out of sequence packet ,35001,35062
77.5314,Received an expired out of sequence packet ,35002,35062
77.5315,Received an expired out of sequence packet ,35003,35062
77.5315,Received an expired out of sequence packet ,35027,35062
77.5315,Received an expired out of sequence packet ,35028,35062
77.5492,Received an expired out of sequence packet ,35029,35062
77.5492,Received an expired out of sequence packet ,35030,35062
77.5492,Received an expired out of sequence packet ,35031,35062
77.5492,Received an expired out of sequence packet ,35032,35062
77.5492,Received an expired out of sequence packet ,35033,35062
77.5543,Received an expired out of sequence packet ,35034,35062
77.5543,Received an expired out of sequence packet ,35035,35062
77.5543,Received an expired out of sequence packet ,35036,35062
77.5543,Received an expired out of sequence packet ,35037,35062
77.5543,Received an expired out of sequence packet ,35038,35062
77.5544,Received an expired out of sequence packet ,35039,35062
77.5544,Received an expired out of sequence packet ,35040,35062
77.5544,Received an expired out of sequence packet ,35041,35062
77.5544,Received an expired out of sequence packet ,35042,35062
77.5574,Received an expired out of sequence packet ,35043,35062
77.5574,Received an expired out of sequence packet ,35044,35062
77.5574,Received an expired out of sequence packet ,35045,35062
77.5575,Received an expired out of sequence packet ,35046,35062
77.5575,Received an expired out of sequence packet ,35047,35062
77.5575,Received an expired out of sequence packet ,35048,35062
77.5575,Received an expired out of sequence packet ,35049,35062
77.5575,Received an expired out of sequence packet ,35050,35062
77.5575,Received an expired out of sequence packet ,35051,35062
77.5575,Received an expired out of sequence packet ,35052,35062
77.5576,Received an expired out of sequence packet ,35053,35062
77.5576,Received an expired out of sequence packet ,35054,35062
77.5576,Received an expired out of sequence packet ,35055,35062
77.5576,Received an expired out of sequence packet ,35056,35062
77.5595,Received an expired out of sequence packet ,35057,35062
77.5596,Received an expired out of sequence packet ,35058,35062
77.5596,Received an expired out of sequence packet ,35059,35062
77.5596,Received an expired out of sequence packet ,35060,35062
77.5596,Received an expired out of sequence packet ,35061,35062
85.6874,Missing packet expired,38941
86.5493,Timeout
86.5493,clearing sending list because of timeout
96.4672,Timeout
96.4672,clearing sending list because of timeout
96.8231,Received an expired out of sequence packet ,44206,44345
96.8231,Received an expired out of sequence packet ,44207,44345
96.8231,Received an expired out of sequence packet ,44208,44345
96.8231,Received an expired out of sequence packet ,44209,44345
96.8232,Received an expired out of sequence packet ,44210,44345
96.8232,Received an expired out of sequence packet ,44211,44345
96.8232,Received an expired out of sequence packet ,44212,44345
96.8232,Received an expired out of sequence packet ,44213,44345
96.8232,Received an expired out of sequence packet ,44214,44345
96.8232,Received an expired out of sequence packet ,44215,44345
96.8232,Received an expired out of sequence packet ,44216,44345
96.8232,Received an expired out of sequence packet ,44217,44345
96.8715,Received an expired out of sequence packet ,44218,44345
96.8747,Received an expired out of sequence packet ,44219,44345
96.8747,Received an expired out of sequence packet ,44220,44345
96.8747,Received an expired out of sequence packet ,44221,44345
96.8747,Received an expired out of sequence packet ,44222,44345
96.8747,Received an expired out of sequence packet ,44223,44345
96.8788,Received an expired out of sequence packet ,44224,44345
96.8788,Received an expired out of sequence packet ,44225,44345
96.88,Received an expired out of sequence packet ,44226,44345
96.88,Received an expired out of sequence packet ,44227,44345
96.88,Received an expired out of sequence packet ,44228,44345
96.88,Received an expired out of sequence packet ,44229,44345
96.88,Received an expired out of sequence packet ,44230,44345
96.88,Received an expired out of sequence packet ,44231,44345
96.88,Received an expired out of sequence packet ,44232,44345
96.88,Received an expired out of sequence packet ,44233,44345
96.88,Received an expired out of sequence packet ,44234,44345
96.88,Received an expired out of sequence packet ,44235,44345
96.88,Received an expired out of sequence packet ,44236,44345
96.8801,Received an expired out of sequence packet ,44237,44345
96.8801,Received an expired out of sequence packet ,44238,44345
96.9105,Received an expired out of sequence packet ,44239,44345
96.9126,Received an expired out of sequence packet ,44240,44345
96.9167,Received an expired out of sequence packet ,44241,44345
96.9218,Received an expired out of sequence packet ,44242,44345
96.9218,Received an expired out of sequence packet ,44243,44345
96.9218,Received an expired out of sequence packet ,44244,44345
96.9218,Received an expired out of sequence packet ,44245,44345
96.9218,Received an expired out of sequence packet ,44246,44345
96.9218,Received an expired out of sequence packet ,44247,44345
96.9218,Received an expired out of sequence packet ,44248,44345
96.9306,Received an expired out of sequence packet ,44249,44345
96.9306,Received an expired out of sequence packet ,44250,44345
96.9306,Received an expired out of sequence packet ,44251,44345
96.9306,Received an expired out of sequence packet ,44252,44345
96.9306,Received an expired out of sequence packet ,44253,44345
96.9306,Received an expired out of sequence packet ,44254,44345
96.9306,Received an expired out of sequence packet ,44255,44345
96.9307,Received an expired out of sequence packet ,44256,44345
96.9328,Received an expired out of sequence packet ,44257,44345
96.9473,Received an expired out of sequence packet ,44258,44345
96.9473,Received an expired out of sequence packet ,44259,44345
96.9473,Received an expired out of sequence packet ,44260,44345
96.9473,Received an expired out of sequence packet ,44261,44345
96.9473,Received an expired out of sequence packet ,44262,44345
96.9473,Received an expired out of sequence packet ,44263,44345
96.9473,Received an expired out of sequence packet ,44264,44345
96.9474,Received an expired out of sequence packet ,44265,44345
96.9474,Received an expired out of sequence packet ,44266,44345
96.9474,Received an expired out of sequence packet ,44267,44345
96.9474,Received an expired out of sequence packet ,44268,44345
96.9474,Received an expired out of sequence packet ,44269,44345
96.9474,Received an expired out of sequence packet ,44270,44345
96.9474,Received an expired out of sequence packet ,44271,44345
96.9474,Received an expired out of sequence packet ,44272,44345
96.9474,Received an expired out of sequence packet ,44273,44345
96.9474,Received an expired out of sequence packet ,44274,44345
96.9475,Received an expired out of sequence packet ,44275,44345
96.9475,Received an expired out of sequence packet ,44276,44345
96.9475,Received an expired out of sequence packet ,44277,44345
96.9475,Received an expired out of sequence packet ,44278,44345
96.9475,Received an expired out of sequence packet ,44279,44345
96.9475,Received an expired out of sequence packet ,44280,44345
96.9475,Received an expired out of sequence packet ,44281,44345
96.9572,Received an expired out of sequence packet ,44282,44345
96.9572,Received an expired out of sequence packet ,44283,44345
96.9572,Received an expired out of sequence packet ,44284,44345
96.9572,Received an expired out of sequence packet ,44285,44345
96.9572,Received an expired out of sequence packet ,44286,44345
96.9593,Received an expired out of sequence packet ,44287,44345
96.9593,Received an expired out of sequence packet ,44288,44345
96.9593,Received an expired out of sequence packet ,44289,44345
96.9635,Received an expired out of sequence packet ,44290,44345
96.9636,Received an expired out of sequence packet ,44291,44345
96.9636,Received an expired out of sequence packet ,44292,44345
96.9636,Received an expired out of sequence packet ,44293,44345
96.9636,Received an expired out of sequence packet ,44294,44345
96.9636,Received an expired out of sequence packet ,44295,44345
96.9636,Received an expired out of sequence packet ,44296,44345
96.9636,Received an expired out of sequence packet ,44297,44345
96.9636,Received an expired out of sequence packet ,44298,44345
96.9636,Received an expired out of sequence packet ,44299,44345
96.9637,Received an expired out of sequence packet ,44300,44345
96.9637,Received an expired out of sequence packet ,44301,44345
96.9637,Received an expired out of sequence packet ,44302,44345
96.9657,Received an expired out of sequence packet ,44303,44345
96.9657,Received an expired out of sequence packet ,44304,44345
96.9698,Received an expired out of sequence packet ,44305,44345
96.9699,Received an expired out of sequence packet ,44306,44345
96.9699,Received an expired out of sequence packet ,44307,44345
96.9699,Received an expired out of sequence packet ,44308,44345
96.9699,Received an expired out of sequence packet ,44309,44345
96.9699,Received an expired out of sequence packet ,44310,44345
96.9699,Received an expired out of sequence packet ,44311,44345
96.9699,Received an expired out of sequence packet ,44312,44345
96.9699,Received an expired out of sequence packet ,44313,44345
96.9699,Received an expired out of sequence packet ,44314,44345
96.9699,Received an expired out of sequence packet ,44315,44345
96.9699,Received an expired out of sequence packet ,44316,44345
96.9699,Received an expired out of sequence packet ,44317,44345
96.97,Received an expired out of sequence packet ,44318,44345
96.973,Received an expired out of sequence packet ,44319,44345
96.973,Received an expired out of sequence packet ,44320,44345
96.9731,Received an expired out of sequence packet ,44321,44345
96.9731,Received an expired out of sequence packet ,44322,44345
96.9752,Received an expired out of sequence packet ,44323,44345
96.9752,Received an expired out of sequence packet ,44324,44345
96.9752,Received an expired out of sequence packet ,44325,44345
96.9752,Received an expired out of sequence packet ,44326,44345
96.9752,Received an expired out of sequence packet ,44327,44345
96.9803,Received an expired out of sequence packet ,44328,44345
96.9803,Received an expired out of sequence packet ,44329,44345
96.9804,Received an expired out of sequence packet ,44330,44345
96.9804,Received an expired out of sequence packet ,44331,44345
96.9804,Received an expired out of sequence packet ,44332,44345
96.9804,Received an expired out of sequence packet ,44333,44345
96.9804,Received an expired out of sequence packet ,44334,44345
96.9804,Received an expired out of sequence packet ,44335,44345
96.9804,Received an expired out of sequence packet ,44336,44345
96.9804,Received an expired out of sequence packet ,44337,44345
96.9804,Received an expired out of sequence packet ,44338,44345
96.9804,Received an expired out of sequence packet ,44339,44345
96.9804,Received an expired out of sequence packet ,44340,44345
96.9805,Received an expired out of sequence packet ,44341,44345
96.9845,Received an expired out of sequence packet ,44342,44345
96.9846,Received an expired out of sequence packet ,44343,44345
96.9846,Received an expired out of sequence packet ,44344,44345
99.9872,Missing packet expired,46518
105.582,Missing packet expired,50776
108.943,Missing packet expired,55981
117.84,Missing packet expired,62843
122.082,Timeout
122.082,clearing sending list because of timeout
122.097,Received an expired out of sequence packet ,64899,65000
123.097,Timeout
123.097,clearing sending list because of timeout
123.099,Received an expired out of sequence packet ,64900,65003
124.095,Received an expired out of sequence packet ,64901,65003
125.044,Received an expired out of sequence packet ,64902,65003
125.052,Received an expired out of sequence packet ,64903,65003
125.052,Received an expired out of sequence packet ,64904,65003
125.052,Received an expired out of sequence packet ,64905,65003
125.052,Received an expired out of sequence packet ,64906,65003
125.052,Received an expired out of sequence packet ,64907,65003
125.052,Received an expired out of sequence packet ,64908,65003
125.052,Received an expired out of sequence packet ,64909,65003
125.052,Received an expired out of sequence packet ,64910,65003
125.052,Received an expired out of sequence packet ,64911,65003
125.052,Received an expired out of sequence packet ,64912,65003
125.052,Received an expired out of sequence packet ,64913,65003
125.052,Received an expired out of sequence packet ,64914,65003
125.056,Received an expired out of sequence packet ,64915,65003
125.056,Received an expired out of sequence packet ,64916,65003
125.056,Received an expired out of sequence packet ,64917,65003
125.056,Received an expired out of sequence packet ,64918,65003
125.056,Received an expired out of sequence packet ,64919,65003
125.071,Received an expired out of sequence packet ,64920,65003
125.071,Received an expired out of sequence packet ,64921,65003
125.071,Received an expired out of sequence packet ,64922,65003
125.071,Received an expired out of sequence packet ,64923,65003
125.071,Received an expired out of sequence packet ,64924,65003
125.071,Received an expired out of sequence packet ,64925,65003
125.071,Received an expired out of sequence packet ,64926,65003
125.071,Received an expired out of sequence packet ,64927,65003
125.071,Received an expired out of sequence packet ,64928,65003
125.071,Received an expired out of sequence packet ,64929,65003
125.071,Received an expired out of sequence packet ,64930,65003
125.071,Received an expired out of sequence packet ,64931,65003
125.071,Received an expired out of sequence packet ,64932,65003
125.071,Received an expired out of sequence packet ,64933,65003
125.071,Received an expired out of sequence packet ,64934,65003
125.071,Received an expired out of sequence packet ,64935,65003
125.071,Received an expired out of sequence packet ,64936,65003
125.071,Received an expired out of sequence packet ,64937,65003
125.071,Received an expired out of sequence packet ,64938,65003
125.071,Received an expired out of sequence packet ,64939,65003
125.071,Received an expired out of sequence packet ,64940,65003
125.071,Received an expired out of sequence packet ,64941,65003
125.071,Received an expired out of sequence packet ,64942,65003
125.071,Received an expired out of sequence packet ,64943,65003
125.071,Received an expired out of sequence packet ,64944,65003
125.071,Received an expired out of sequence packet ,64945,65003
125.071,Received an expired out of sequence packet ,64946,65003
125.071,Received an expired out of sequence packet ,64947,65003
125.071,Received an expired out of sequence packet ,64948,65003
125.071,Received an expired out of sequence packet ,64949,65003
125.071,Received an expired out of sequence packet ,64950,65003
125.071,Received an expired out of sequence packet ,64951,65003
125.071,Received an expired out of sequence packet ,64952,65003
125.072,Received an expired out of sequence packet ,64953,65003
125.072,Received an expired out of sequence packet ,64954,65003
125.072,Received an expired out of sequence packet ,64955,65003
125.072,Received an expired out of sequence packet ,64956,65003
125.074,Received an expired out of sequence packet ,64957,65003
125.074,Received an expired out of sequence packet ,64958,65003
125.074,Received an expired out of sequence packet ,64959,65003
125.078,Received an expired out of sequence packet ,64960,65003
125.078,Received an expired out of sequence packet ,64961,65003
125.078,Received an expired out of sequence packet ,64962,65003
125.078,Received an expired out of sequence packet ,64963,65003
125.079,Received an expired out of sequence packet ,64964,65003
125.079,Received an expired out of sequence packet ,64965,65003
125.079,Received an expired out of sequence packet ,64966,65003
125.079,Received an expired out of sequence packet ,64967,65003
125.079,Received an expired out of sequence packet ,64968,65003
125.079,Received an expired out of sequence packet ,64969,65003
125.079,Received an expired out of sequence packet ,64970,65003
125.079,Received an expired out of sequence packet ,64971,65003
125.079,Received an expired out of sequence packet ,64972,65003
125.079,Received an expired out of sequence packet ,64973,65003
125.079,Received an expired out of sequence packet ,64974,65003
125.079,Received an expired out of sequence packet 