1.16599,Exit slow start,exceeding SS_EXIT_THRESHOLD
33.9248,Timeout
33.9248,clearing sending list because of timeout
33.9252,Received an expired out of sequence packet ,15715,15802
34.9243,Received an expired out of sequence packet ,15716,15802
34.9821,Received an expired out of sequence packet ,15717,15802
34.9993,Received an expired out of sequence packet ,15718,15802
34.9993,Received an expired out of sequence packet ,15719,15802
35.0035,Received an expired out of sequence packet ,15720,15802
35.0045,Received an expired out of sequence packet ,15721,15802
35.017,Received an expired out of sequence packet ,15722,15802
35.0211,Received an expired out of sequence packet ,15723,15802
35.0211,Received an expired out of sequence packet ,15724,15802
35.0211,Received an expired out of sequence packet ,15725,15802
35.0251,Received an expired out of sequence packet ,15726,15802
35.0273,Received an expired out of sequence packet ,15727,15802
35.0304,Received an expired out of sequence packet ,15728,15802
35.0334,Received an expired out of sequence packet ,15729,15802
35.0364,Received an expired out of sequence packet ,15730,15802
35.0427,Received an expired out of sequence packet ,15731,15802
35.0447,Received an expired out of sequence packet ,15732,15802
35.0448,Received an expired out of sequence packet ,15733,15802
35.0448,Received an expired out of sequence packet ,15734,15802
35.0479,Received an expired out of sequence packet ,15735,15802
35.0539,Received an expired out of sequence packet ,15736,15802
35.061,Received an expired out of sequence packet ,15737,15802
35.0611,Received an expired out of sequence packet ,15738,15802
35.0651,Received an expired out of sequence packet ,15739,15802
35.0651,Received an expired out of sequence packet ,15740,15802
35.0684,Received an expired out of sequence packet ,15741,15802
35.0745,Received an expired out of sequence packet ,15742,15802
35.0815,Received an expired out of sequence packet ,15743,15802
35.0866,Received an expired out of sequence packet ,15744,15802
35.0866,Received an expired out of sequence packet ,15745,15802
35.0867,Received an expired out of sequence packet ,15746,15802
35.108,Received an expired out of sequence packet ,15747,15802
35.108,Received an expired out of sequence packet ,15748,15802
35.1111,Received an expired out of sequence packet ,15749,15802
35.1112,Received an expired out of sequence packet ,15750,15802
35.1142,Received an expired out of sequence packet ,15751,15802
35.1279,Received an expired out of sequence packet ,15752,15802
35.1279,Received an expired out of sequence packet ,15753,15802
35.131,Received an expired out of sequence packet ,15754,15802
35.1342,Received an expired out of sequence packet ,15755,15802
35.1442,Received an expired out of sequence packet ,15756,15802
35.1443,Received an expired out of sequence packet ,15757,15802
35.1473,Received an expired out of sequence packet ,15758,15802
35.1473,Received an expired out of sequence packet ,15759,15802
35.1474,Received an expired out of sequence packet ,15760,15802
35.1525,Received an expired out of sequence packet ,15761,15802
35.1525,Received an expired out of sequence packet ,15762,15802
35.1547,Received an expired out of sequence packet ,15763,15802
35.1702,Received an expired out of sequence packet ,15764,15802
35.1733,Received an expired out of sequence packet ,15765,15802
35.1733,Received an expired out of sequence packet ,15766,15802
35.1845,Received an expired out of sequence packet ,15767,15802
35.1845,Received an expired out of sequence packet ,15768,15802
35.1846,Received an expired out of sequence packet ,15769,15802
35.1867,Received an expired out of sequence packet ,15770,15802
35.2013,Received an expired out of sequence packet ,15771,15802
35.2013,Received an expired out of sequence packet ,15772,15802
35.2014,Received an expired out of sequence packet ,15773,15802
35.2014,Received an expired out of sequence packet ,15774,15802
35.2055,Received an expired out of sequence packet ,15775,15802
35.2086,Received an expired out of sequence packet ,15776,15802
35.2134,Received an expired out of sequence packet ,15777,15802
35.2134,Received an expired out of sequence packet ,15778,15802
35.2134,Received an expired out of sequence packet ,15779,15802
35.2155,Received an expired out of sequence packet ,15780,15802
35.2155,Received an expired out of sequence packet ,15781,15802
35.2297,Received an expired out of sequence packet ,15782,15802
35.2349,Received an expired out of sequence packet ,15783,15802
35.2421,Received an expired out of sequence packet ,15784,15802
35.2505,Received an expired out of sequence packet ,15785,15802
35.2505,Received an expired out of sequence packet ,15786,15802
35.2567,Received an expired out of sequence packet ,15787,15802
35.2567,Received an expired out of sequence packet ,15788,15802
35.2629,Received an expired out of sequence packet ,15789,15802
35.2629,Received an expired out of sequence packet ,15790,15802
35.265,Received an expired out of sequence packet ,15791,15802
35.265,Received an expired out of sequence packet ,15792,15802
35.2689,Received an expired out of sequence packet ,15793,15802
35.272,Received an expired out of sequence packet ,15794,15802
35.2886,Received an expired out of sequence packet ,15795,15802
35.2927,Received an expired out of sequence packet ,15796,15802
35.2927,Received an expired out of sequence packet ,15797,15802
35.2927,Received an expired out of sequence packet ,15798,15802
35.2927,Received an expired out of sequence packet ,15799,15802
35.2928,Received an expired out of sequence packet ,15800,15802
35.2928,Received an expired out of sequence packet ,15801,15802
43.2153,Restart,can't map delay on delay curve
44.134,Timeout
44.134,Exit slow start,timeout
44.485,Timeout
44.485,clearing sending list because of timeout
44.5801,Received an expired out of sequence packet ,158,315
44.5801,Received an expired out of sequence packet ,159,315
44.5801,Received an expired out of sequence packet ,160,315
44.5801,Received an expired out of sequence packet ,161,315
44.5801,Received an expired out of sequence packet ,162,315
44.5801,Received an expired out of sequence packet ,163,315
44.5802,Received an expired out of sequence packet ,164,315
44.5802,Received an expired out of sequence packet ,165,315
44.5802,Received an expired out of sequence packet ,166,315
44.5802,Received an expired out of sequence packet ,167,315
44.5802,Received an expired out of sequence packet ,168,315
44.5802,Received an expired out of sequence packet ,169,315
44.5802,Received an expired out of sequence packet ,170,315
44.5802,Received an expired out of sequence packet ,171,315
44.5802,Received an expired out of sequence packet ,172,315
44.5802,Received an expired out of sequence packet ,173,315
44.6201,Received an expired out of sequence packet ,174,315
44.6261,Received an expired out of sequence packet ,175,315
44.6261,Received an expired out of sequence packet ,176,315
44.6588,Received an expired out of sequence packet ,177,315
44.6588,Received an expired out of sequence packet ,178,315
44.6588,Received an expired out of sequence packet ,179,315
44.6588,Received an expired out of sequence packet ,180,315
44.6588,Received an expired out of sequence packet ,181,315
44.6588,Received an expired out of sequence packet ,182,315
44.6588,Received an expired out of sequence packet ,183,315
44.6588,Received an expired out of sequence packet ,184,315
44.6588,Received an expired out of sequence packet ,185,315
44.6599,Received an expired out of sequence packet ,186,315
44.6599,Received an expired out of sequence packet ,187,315
44.6599,Received an expired out of sequence packet ,188,315
44.6599,Received an expired out of sequence packet ,189,315
44.6649,Received an expired out of sequence packet ,190,315
44.6649,Received an expired out of sequence packet ,191,315
44.6649,Received an expired out of sequence packet ,192,315
44.6831,Received an expired out of sequence packet ,193,315
44.6885,Received an expired out of sequence packet ,194,315
44.6885,Received an expired out of sequence packet ,195,315
44.6885,Received an expired out of sequence packet ,196,315
44.6896,Received an expired out of sequence packet ,197,315
44.6896,Received an expired out of sequence packet ,198,315
44.6896,Received an expired out of sequence packet ,199,315
44.6896,Received an expired out of sequence packet ,200,315
44.6897,Received an expired out of sequence packet ,201,315
44.6897,Received an expired out of sequence packet ,202,315
44.6925,Received an expired out of sequence packet ,203,315
44.6989,Received an expired out of sequence packet ,204,315
44.6989,Received an expired out of sequence packet ,205,315
44.6989,Received an expired out of sequence packet ,206,315
44.6989,Received an expired out of sequence packet ,207,315
44.6989,Received an expired out of sequence packet ,208,315
44.6989,Received an expired out of sequence packet ,209,315
44.6989,Received an expired out of sequence packet ,210,315
44.7011,Received an expired out of sequence packet ,211,315
44.7065,Received an expired out of sequence packet ,212,315
44.7065,Received an expired out of sequence packet ,213,315
44.7065,Received an expired out of sequence packet ,214,315
44.7065,Received an expired out of sequence packet ,215,315
44.7065,Received an expired out of sequence packet ,216,315
44.7065,Received an expired out of sequence packet ,217,315
44.7065,Received an expired out of sequence packet ,218,315
44.7065,Received an expired out of sequence packet ,219,315
44.7106,Received an expired out of sequence packet ,220,315
44.7127,Received an expired out of sequence packet ,221,315
44.7178,Received an expired out of sequence packet ,222,315
44.7178,Received an expired out of sequence packet ,223,315
44.72,Received an expired out of sequence packet ,224,315
44.72,Received an expired out of sequence packet ,225,315
44.72,Received an expired out of sequence packet ,226,315
44.7242,Received an expired out of sequence packet ,227,315
44.7242,Received an expired out of sequence packet ,228,315
44.7242,Received an expired out of sequence packet ,229,315
44.7242,Received an expired out of sequence packet ,230,315
44.7242,Received an expired out of sequence packet ,231,315
44.7326,Received an expired out of sequence packet ,232,315
44.7326,Received an expired out of sequence packet ,233,315
44.7326,Received an expired out of sequence packet ,234,315
44.7391,Received an expired out of sequence packet ,235,315
44.7391,Received an expired out of sequence packet ,236,315
44.7391,Received an expired out of sequence packet ,237,315
44.7424,Received an expired out of sequence packet ,238,315
44.7424,Received an expired out of sequence packet ,239,315
44.7424,Received an expired out of sequence packet ,240,315
44.7424,Received an expired out of sequence packet ,241,315
44.7485,Received an expired out of sequence packet ,242,315
44.7485,Received an expired out of sequence packet ,243,315
44.7485,Received an expired out of sequence packet ,244,315
44.7485,Received an expired out of sequence packet ,245,315
44.7485,Received an expired out of sequence packet ,246,315
44.7501,Received an expired out of sequence packet ,247,315
44.7531,Received an expired out of sequence packet ,248,315
44.7531,Received an expired out of sequence packet ,249,315
44.7532,Received an expired out of sequence packet ,250,315
44.7532,Received an expired out of sequence packet ,251,315
44.7532,Received an expired out of sequence packet ,252,315
44.7532,Received an expired out of sequence packet ,253,315
44.7532,Received an expired out of sequence packet ,254,315
44.7532,Received an expired out of sequence packet ,255,315
44.7532,Received an expired out of sequence packet ,256,315
44.7532,Received an expired out of sequence packet ,257,315
44.7532,Received an expired out of sequence packet ,258,315
44.7595,Received an expired out of sequence packet ,259,315
44.7595,Received an expired out of sequence packet ,260,315
44.7595,Received an expired out of sequence packet ,261,315
44.7595,Received an expired out of sequence packet ,262,315
44.7595,Received an expired out of sequence packet ,263,315
44.7646,Received an expired out of sequence packet ,264,315
44.7687,Received an expired out of sequence packet ,265,315
44.7687,Received an expired out of sequence packet ,266,315
44.7687,Received an expired out of sequence packet ,267,315
44.7687,Received an expired out of sequence packet ,268,315
44.7687,Received an expired out of sequence packet ,269,315
44.7687,Received an expired out of sequence packet ,270,315
44.7687,Received an expired out of sequence packet ,271,315
44.7687,Received an expired out of sequence packet ,272,315
44.7688,Received an expired out of sequence packet ,273,315
44.7688,Received an expired out of sequence packet ,274,315
44.7688,Received an expired out of sequence packet ,275,315
44.7688,Received an expired out of sequence packet ,276,315
44.7759,Received an expired out of sequence packet ,277,315
44.7759,Received an expired out of sequence packet ,278,315
44.7759,Received an expired out of sequence packet ,279,315
44.7759,Received an expired out of sequence packet ,280,315
44.7759,Received an expired out of sequence packet ,281,315
44.7759,Received an expired out of sequence packet ,282,315
44.7759,Received an expired out of sequence packet ,283,315
44.776,Received an expired out of sequence packet ,284,315
44.7801,Received an expired out of sequence packet ,285,315
44.7801,Received an expired out of sequence packet ,286,315
44.7801,Received an expired out of sequence packet ,287,315
44.7875,Received an expired out of sequence packet ,288,315
44.7948,Received an expired out of sequence packet ,289,315
44.7948,Received an expired out of sequence packet ,290,315
44.7982,Received an expired out of sequence packet ,291,315
44.7982,Received an expired out of sequence packet ,292,315
44.8012,Received an expired out of sequence packet ,293,315
44.8013,Received an expired out of sequence packet ,294,315
44.8055,Received an expired out of sequence packet ,295,315
44.8055,Received an expired out of sequence packet ,296,315
44.8075,Received an expired out of sequence packet ,297,315
44.8075,Received an expired out of sequence packet ,298,315
44.8106,Received an expired out of sequence packet ,299,315
44.8106,Received an expired out of sequence packet ,300,315
44.8148,Received an expired out of sequence packet ,301,315
44.8169,Received an expired out of sequence packet ,302,315
44.8222,Received an expired out of sequence packet ,303,315
44.8243,Received an expired out of sequence packet ,304,315
44.8275,Received an expired out of sequence packet ,305,315
44.8316,Received an expired out of sequence packet ,306,315
44.8369,Received an expired out of sequence packet ,307,315
44.8369,Received an expired out of sequence packet ,308,315
44.8369,Received an expired out of sequence packet ,309,315
44.841,Received an expired out of sequence packet ,310,315
44.8441,Received an expired out of sequence packet ,311,315
44.8482,Received an expired out of sequence packet ,312,315
44.8513,Received an expired out of sequence packet ,313,315
44.8543,Received an expired out of sequence packet ,314,315
44.8648,Restart,can't map delay on delay curve
46.0793,Exit slow start,exceeding SS_EXIT_THRESHOLD
66.1494,Timeout
66.1494,clearing sending list because of timeout
66.3724,Timeout
66.3724,clearing sending list because of timeout
66.5954,Timeout
66.5954,clearing sending list because of timeout
66.8184,Timeout
66.8184,clearing sending list because of timeout
67.0414,Timeout
67.0414,clearing sending list because of timeout
67.1229,Received an expired out of sequence packet ,13066,13135
67.13,Received an expired out of sequence packet ,13067,13135
67.13,Received an expired out of sequence packet ,13068,13135
67.1332,Received an expired out of sequence packet ,13069,13135
67.1332,Received an expired out of sequence packet ,13070,13135
67.1393,Received an expired out of sequence packet ,13071,13135
67.1393,Received an expired out of sequence packet ,13072,13135
67.1393,Received an expired out of sequence packet ,13073,13135
67.1393,Received an expired out of sequence packet ,13074,13135
67.1393,Received an expired out of sequence packet ,13075,13135
67.1394,Received an expired out of sequence packet ,13076,13135
67.1394,Received an expired out of sequence packet ,13077,13135
67.1394,Received an expired out of sequence packet ,13078,13135
67.1394,Received an expired out of sequence packet ,13079,13135
67.1394,Received an expired out of sequence packet ,13080,13135
67.1394,Received an expired out of sequence packet ,13081,13135
67.1394,Received an expired out of sequence packet ,13082,13135
67.1394,Received an expired out of sequence packet ,13083,13135
67.1395,Received an expired out of sequence packet ,13084,13135
67.1596,Received an expired out of sequence packet ,13085,13135
67.1596,Received an expired out of sequence packet ,13086,13135
67.1596,Received an expired out of sequence packet ,13087,13135
67.1596,Received an expired out of sequence packet ,13088,13135
67.1596,Received an expired out of sequence packet ,13089,13135
67.1597,Received an expired out of sequence packet ,13090,13135
67.1597,Received an expired out of sequence packet ,13091,13135
67.1597,Received an expired out of sequence packet ,13092,13135
67.1597,Received an expired out of sequence packet ,13093,13135
67.1597,Received an expired out of sequence packet ,13094,13135
67.1597,Received an expired out of sequence packet ,13095,13135
67.1597,Received an expired out of sequence packet ,13096,13135
67.1597,Received an expired out of sequence packet ,13097,13135
67.1597,Received an expired out of sequence packet ,13098,13135
67.1597,Received an expired out of sequence packet ,13099,13135
67.1598,Received an expired out of sequence packet ,13100,13135
67.1598,Received an expired out of sequence packet ,13101,13135
67.1598,Received an expired out of sequence packet ,13102,13135
67.1598,Received an expired out of sequence packet ,13103,13135
67.1598,Received an expired out of sequence packet ,13104,13135
67.1598,Received an expired out of sequence packet ,13105,13135
67.1689,Received an expired out of sequence packet ,13106,13135
67.1689,Received an expired out of sequence packet ,13107,13135
67.1731,Received an expired out of sequence packet ,13108,13135
67.1731,Received an expired out of sequence packet ,13109,13135
67.1731,Received an expired out of sequence packet ,13110,13135
67.1731,Received an expired out of sequence packet ,13111,13135
67.1784,Received an expired out of sequence packet ,13112,13135
67.1784,Received an expired out of sequence packet ,13113,13135
67.1784,Received an expired out of sequence packet ,13114,13135
67.1806,Received an expired out of sequence packet ,13115,13135
67.1851,Received an expired out of sequence packet ,13116,13135
67.1851,Received an expired out of sequence packet ,13117,13135
67.1892,Received an expired out of sequence packet ,13118,13135
67.1926,Received an expired out of sequence packet ,13119,13135
67.1926,Received an expired out of sequence packet ,13120,13135
67.1926,Received an expired out of sequence packet ,13121,13135
67.1968,Received an expired out of sequence packet ,13122,13135
67.1968,Received an expired out of sequence packet ,13123,13135
67.204,Received an expired out of sequence packet ,13124,13135
67.204,Received an expired out of sequence packet ,13125,13135
67.204,Received an expired out of sequence packet ,13126,13135
67.204,Received an expired out of sequence packet ,13127,13135
67.204,Received an expired out of sequence packet ,13128,13135
67.204,Received an expired out of sequence packet ,13129,13135
67.204,Received an expired out of sequence packet ,13130,13135
67.204,Received an expired out of sequence packet ,13131,13135
67.204,Received an expired out of sequence packet ,13132,13135
67.204,Received an expired out of sequence packet ,13133,13135
67.204,Received an expired out of sequence packet ,13134,13135
69.7921,Timeout
69.7922,clearing sending list because of timeout
69.795,Received an expired out of sequence packet ,13996,14093
69.795,Received an expired out of sequence packet ,13997,14093
69.795,Received an expired out of sequence packet ,13998,14093
69.795,Received an expired out of sequence packet ,13999,14093
69.795,Received an expired out of sequence packet ,14000,14093
69.795,Received an expired out of sequence packet ,14001,14093
69.7985,Received an expired out of sequence packet ,14002,14093
69.7985,Received an expired out of sequence packet ,14003,14093
69.8037,Received an expired out of sequence packet ,14004,14093
69.8037,Received an expired out of sequence packet ,14005,14093
69.8037,Received an expired out of sequence packet ,14006,14093
69.8037,Received an expired out of sequence packet ,14007,14093
69.8037,Received an expired out of sequence packet ,14008,14093
69.8037,Received an expired out of sequence packet ,14009,14093
69.8037,Received an expired out of sequence packet ,14010,14093
69.8037,Received an expired out of sequence packet ,14011,14093
69.806,Received an expired out of sequence packet ,14012,14093
69.806,Received an expired out of sequence packet ,14013,14093
69.806,Received an expired out of sequence packet ,14014,14093
69.8153,Received an expired out of sequence packet ,14015,14093
69.8153,Received an expired out of sequence packet ,14016,14093
69.8154,Received an expired out of sequence packet ,14017,14093
69.8154,Received an expired out of sequence packet ,14018,14093
69.8154,Received an expired out of sequence packet ,14019,14093
69.8154,Received an expired out of sequence packet ,14020,14093
69.8154,Received an expired out of sequence packet ,14021,14093
69.8154,Received an expired out of sequence packet ,14022,14093
69.8154,Received an expired out of sequence packet ,14023,14093
69.8154,Received an expired out of sequence packet ,14024,14093
69.8195,Received an expired out of sequence packet ,14025,14093
69.8195,Received an expired out of sequence packet ,14026,14093
69.8195,Received an expired out of sequence packet ,14027,14093
69.8195,Received an expired out of sequence packet ,14028,14093
69.8244,Received an expired out of sequence packet ,14029,14093
69.8244,Received an expired out of sequence packet ,14030,14093
69.8244,Received an expired out of sequence packet ,14031,14093
69.8244,Received an expired out of sequence packet ,14032,14093
69.8276,Received an expired out of sequence packet ,14033,14093
69.8276,Received an expired out of sequence packet ,14034,14093
69.8276,Received an expired out of sequence packet ,14035,14093
69.8276,Received an expired out of sequence packet ,14036,14093
69.8276,Received an expired out of sequence packet ,14037,14093
69.8276,Received an expired out of sequence packet ,14038,14093
69.8276,Received an expired out of sequence packet ,14039,14093
69.8276,Received an expired out of sequence packet ,14040,14093
69.8276,Received an expired out of sequence packet ,14041,14093
69.8276,Received an expired out of sequence packet ,14042,14093
69.8276,Received an expired out of sequence packet ,14043,14093
69.8276,Received an expired out of sequence packet ,14044,14093
69.8277,Received an expired out of sequence packet ,14045,14093
69.8327,Received an expired out of sequence packet ,14046,14093
69.8328,Received an expired out of sequence packet ,14047,14093
69.8369,Received an expired out of sequence packet ,14048,14093
69.8369,Received an expired out of sequence packet ,14049,14093
69.8369,Received an expired out of sequence packet ,14050,14093
69.84,Received an expired out of sequence packet ,14051,14093
69.84,Received an expired out of sequence packet ,14052,14093
69.84,Received an expired out of sequence packet ,14053,14093
69.84,Received an expired out of sequence packet ,14054,14093
69.84,Received an expired out of sequence packet ,14055,14093
69.8432,Received an expired out of sequence packet ,14056,14093
69.8432,Received an expired out of sequence packet ,14057,14093
69.8432,Received an expired out of sequence packet ,14058,14093
69.8432,Received an expired out of sequence packet ,14059,14093
69.8432,Received an expired out of sequence packet ,14060,14093
69.8432,Received an expired out of sequence packet ,14061,14093
69.8432,Received an expired out of sequence packet ,14062,14093
69.8494,Received an expired out of sequence packet ,14063,14093
69.8494,Received an expired out of sequence packet ,14064,14093
69.8494,Received an expired out of sequence packet ,14065,14093
69.8494,Received an expired out of sequence packet ,14066,14093
69.8494,Received an expired out of sequence packet ,14067,14093
69.8494,Received an expired out of sequence packet ,14068,14093
69.8494,Received an expired out of sequence packet ,14069,14093
69.8494,Received an expired out of sequence packet ,14070,14093
69.8494,Received an expired out of sequence packet ,14071,14093
69.8494,Received an expired out of sequence packet ,14072,14093
69.8495,Received an expired out of sequence packet ,14073,14093
69.9817,Received an expired out of sequence packet ,14074,14093
69.9817,Received an expired out of sequence packet ,14075,14093
69.9817,Received an expired out of sequence packet ,14076,14093
69.9817,Received an expired out of sequence packet ,14077,14093
69.9817,Received an expired out of sequence packet ,14078,14093
69.9817,Received an expired out of sequence packet ,14079,14093
69.9817,Received an expired out of sequence packet ,14080,14093
69.9817,Received an expired out of sequence packet ,14081,14093
69.9817,Received an expired out of sequence packet ,14082,14093
69.9838,Received an expired out of sequence packet ,14083,14093
69.988,Received an expired out of sequence packet ,14084,14093
69.9949,Received an expired out of sequence packet ,14085,14093
69.9949,Received an expired out of sequence packet ,14086,14093
70.0108,Received an expired out of sequence packet ,14087,14093
70.014,Received an expired out of sequence packet ,14088,14093
70.014,Received an expired out of sequence packet ,14089,14093
70.0222,Received an expired out of sequence packet ,14090,14093
70.0222,Received an expired out of sequence packet ,14091,14093
70.0243,Received an expired out of sequence packet ,14092,14093
99.4275,Timeout
99.4275,clearing sending list because of timeout
99.4306,Received an expired out of sequence packet ,29096,29204
99.9872,Received an expired out of sequence packet ,29097,29204
99.9905,Received an expired out of sequence packet ,29098,29204
99.9905,Received an expired out of sequence packet ,29099,29204
99.9905,Received an expired out of sequence packet ,29100,29204
99.9905,Received an expired out of sequence packet ,29101,29204
99.9926,Received an expired out of sequence packet ,29102,29204
99.9926,Received an expired out of sequence packet ,29103,29204
99.996,Received an expired out of sequence packet ,29104,29204
99.996,Received an expired out of sequence packet ,29105,29204
99.996,Received an expired out of sequence packet ,29106,29204
99.996,Received an expired out of sequence packet ,29107,29204
99.9992,Received an expired out of sequence packet ,29108,29204
99.9992,Received an expired out of sequence packet ,29109,29204
99.9992,Received an expired out of sequence packet ,29110,29204
99.9992,Received an expired out of sequence packet ,29111,29204
99.9992,Received an expired out of sequence packet ,29112,29204
99.9992,Received an expired out of sequence packet ,29113,29204
100.001,Received an expired out of sequence packet ,29114,29204
100.003,Received an expired out of sequence packet ,29115,29204
100.003,Received an expired out of sequence packet ,29116,29204
100.004,Received an expired out of sequence packet ,29117,29204
100.004,Received an expired out of sequence packet ,29118,29204
100.004,Received an expired out of sequence packet ,29119,29204
100.005,Received an expired out of sequence packet ,29120,29204
100.005,Received an expired out of sequence packet ,29121,29204
100.007,Received an expired out of sequence packet ,29122,29204
100.007,Received an expired out of sequence packet ,29123,29204
100.009,Received an expired out of sequence packet ,29124,29204
100.009,Received an expired out of sequence packet ,29125,29204
100.013,Received an expired out of sequence packet ,29126,29204
100.013,Received an expired out of sequence packet ,29127,29204
100.015,Received an expired out of sequence packet ,29128,29204
100.015,Received an expired out of sequence packet ,29129,29204
100.015,Received an expired out of sequence packet ,29130,29204
100.017,Received an expired out of sequence packet ,29131,29204
100.017,Received an expired out of sequence packet ,29132,29204
100.021,Received an expired out of sequence packet ,29133,29204
100.021,Received an expired out of sequence packet ,29134,29204
100.021,Received an expired out of sequence packet ,29135,29204
100.026,Received an expired out of sequence packet ,29136,29204
100.026,Received an expired out of sequence packet ,29137,29204
100.035,Received an expired out of sequence packet ,29138,29204
100.035,Received an expired out of sequence packet ,29139,29204
100.038,Received an expired out of sequence packet ,29140,29204
100.038,Received an expired out of sequence packet ,29141,29204
100.041,Received an expired out of sequence packet ,29142,29204
100.041,Received an expired out of sequence packet ,29143,29204
100.041,Received an expired out of sequence packet ,29144,29204
100.041,Received an expired out of sequence packet ,29145,29204
100.041,Received an expired out of sequence packet ,29146,29204
100.043,Received an expired out of sequence packet ,29147,29204
100.043,Received an expired out of sequence packet ,29148,29204
100.043,Received an expired out of sequence packet ,29149,29204
100.043,Received an expired out of sequence packet ,29150,29204
100.043,Received an expired out of sequence packet ,29151,29204
100.043,Received an expired out of sequence packet ,29152,29204
100.045,Received an expired out of sequence packet ,29153,29204
100.045,Received an expired out of sequence packet ,29154,29204
100.045,Received an expired out of sequence packet ,29155,29204
100.045,Received an expired out of sequence packet ,29156,29204
100.048,Received an expired out of sequence packet ,29157,29204
100.048,Received an expired out of sequence packet ,29158,29204
100.051,Received an expired out of sequence packet ,29159,29204
100.051,Received an expired out of sequence packet ,29160,29204
100.051,Received an expired out of sequence packet ,29161,29204
100.051,Received an expired out of sequence packet ,29162,29204
100.053,Received an expired out of sequence packet ,29163,29204
100.053,Received an expired out of sequence packet ,29164,29204
100.055,Received an expired out of sequence packet ,29165,29204
100.055,Received an expired out of sequence packet ,29166,29204
100.06,Received an expired out of sequence packet ,29167,29204
100.06,Received an expired out of sequence packet ,29168,29204
100.06,Received an expired out of sequence packet ,29169,29204
100.061,Received an expired out of sequence packet ,29170,29204
100.061,Received an expired out of sequence packet ,29171,29204
100.061,Received an expired out of sequence packet ,29172,29204
100.074,Received an expired out of sequence packet ,29173,29204
100.074,Received an expired out of sequence packet ,29174,29204
100.074,Received an expired out of sequence packet ,29175,29204
100.074,Received an expired out of sequence packet ,29176,29204
100.077,Received an expired out of sequence packet ,29177,29204
100.077,Received an expired out of sequence packet ,29178,29204
100.079,Received an expired out of sequence packet ,29179,29204
100.079,Received an expired out of sequence packet ,29180,29204
100.079,Received an expired out of sequence packet ,29181,29204
100.081,Received an expired out of sequence packet ,29182,29204
100.081,Received an expired out of sequence packet ,29183,29204
100.083,Received an expired out of sequence packet ,29184,29204
100.084,Received an expired out of sequence packet ,29185,29204
100.084,Received an expired out of sequence packet ,29186,29204
100.1,Received an expired out of sequence packet ,29187,29204
100.1,Received an expired out of sequence packet ,29188,29204
100.1,Received an expired out of sequence packet ,29189,29204
100.1,Received an expired out of sequence packet ,29190,29204
100.1,Received an expired out of sequence packet ,29191,29204
100.102,Received an expired out of sequence packet ,29192,29204
100.103,Received an expired out of sequence packet ,29193,29204
100.103,Received an expired out of sequence packet ,29194,29204
100.103,Received an expired out of sequence packet ,29195,29204
100.103,Received an expired out of sequence packet ,29196,29204
100.103,Received an expired out of sequence packet ,29197,29204
100.104,Received an expired out of sequence packet ,29198,29204
100.104,Received an expired out of sequence packet ,29199,29204
100.104,Received an expired out of sequence packet ,29200,29204
100.105,Received an expired out of sequence packet ,29201,29204
100.109,Received an expired out of sequence packet ,29202,29204
100.109,Received an expired out of sequence packet ,29203,29204
100.672,Timeout
100.672,clearing sending list because of timeout
100.702,Received an expired out of sequence packet ,29407,29472
100.703,Received an expired out of sequence packet ,29408,29472
100.71,Received an expired out of sequence packet ,29409,29472
100.713,Received an expired out of sequence packet ,29410,29472
100.713,Received an expired out of sequence packet ,29411,29472
100.713,Received an expired out of sequence packet ,29412,29472
100.713,Received an expired out of sequence packet ,29413,29472
100.714,Received an expired out of sequence packet ,29414,29472
100.714,Received an expired out of sequence packet ,29415,29472
100.714,Received an expired out of sequence packet ,29416,29472
100.714,Received an expired out of sequence packet ,29417,29472
100.716,Received an expired out of sequence packet ,29418,29472
100.716,Received an expired out of sequence packet ,29419,29472
100.716,Received an expired out of sequence packet ,29420,29472
100.716,Received an expired out of sequence packet ,29421,29472
100.716,Received an expired out of sequence packet ,29422,29472
100.718,Received an expired out of sequence packet ,29423,29472
100.718,Received an expired out of sequence packet ,29424,29472
100.719,Received an expired out of sequence packet ,29425,29472
100.719,Received an expired out of sequence packet ,29426,29472
100.719,Received an expired out of sequence packet ,29427,29472
100.721,Received an expired out of sequence packet ,29428,29472
100.721,Received an expired out of sequence packet ,29429,29472
100.721,Received an expired out of sequence packet ,29430,29472
100.721,Received an expired out of sequence packet ,29431,29472
100.727,Received an expired out of sequence packet ,29432,29472
100.727,Received an expired out of sequence packet ,29433,29472
100.727,Received an expired out of sequence packet ,29434,29472
100.727,Received an expired out of sequence packet ,29435,29472
100.727,Received an expired out of sequence packet ,29436,29472
100.727,Received an expired out of sequence packet ,29437,29472
100.727,Received an expired out of sequence packet ,29438,29472
100.729,Received an expired out of sequence packet ,29439,29472
100.729,Received an expired out of sequence packet ,29440,29472
100.729,Received an expired out of sequence packet ,29441,29472
100.729,Received an expired out of sequence packet ,29442,29472
100.729,Received an expired out of sequence packet ,29443,29472
100.729,Received an expired out of sequence packet ,29444,29472
100.729,Received an expired out of sequence packet ,29445,29472
100.732,Received an expired out of sequence packet ,29446,29472
100.732,Received an expired out of sequence packet ,29447,29472
100.732,Received an expired out of sequence packet ,29448,29472
100.732,Received an expired out of sequence packet ,29449,29472
100.732,Received an expired out of sequence packet ,29450,29472
100.732,Received an expired out of sequence packet ,29451,29472
100.734,Received an expired out of sequence packet ,29452,29472
100.734,Received an expired out of sequence packet ,29453,29472
100.734,Received an expired out of sequence packet ,29454,29472
100.736,Received an expired out of sequence packet ,29455,29472
100.736,Received an expired out of sequence packet ,29456,29472
100.736,Received an expired out of sequence packet ,29457,29472
100.738,Received an expired out of sequence packet ,29458,29472
100.738,Received an expired out of sequence packet ,29459,29472
100.738,Received an expired out of sequence packet ,29460,29472
100.738,Received an expired out of sequence packet ,29461,29472
100.74,Received an expired out of sequence packet ,29462,29472
100.74,Received an expired out of sequence packet ,29463,29472
100.74,Received an expired out of sequence packet ,29464,29472
100.74,Received an expired out of sequence packet ,29465,29472
100.74,Received an expired out of sequence packet ,29466,29472
100.74,Received an expired out of sequence packet ,29467,29472
100.74,Received an expired out of sequence packet ,29468,29472
100.74,Received an expired out of sequence packet ,29469,29472
100.74,Received an expired out of sequence packet ,29470,29472
100.74,Received an expired out of sequence packet ,29471,29472
127.086,Timeout
127.086,clearing sending list because of timeout
127.099,Received an expired out of sequence packet ,46661,46785
128.099,Timeout
128.099,clearing sending list because of timeout
128.101,Received an expired out of sequence packet ,46662,46788
129.097,Received an expired out of sequence packet ,46663,46788
129.982,Received an expired out of sequence packet ,46664,46788
129.985,Received an expired out of sequence packet ,46665,46788
129.985,Received an expired out of sequence packet ,46666,46788
129.985,Received an expired out of sequence packet ,46667,46788
130.004,Received an expired out of sequence packet ,46668,46788
130.005,Received an expired out of sequence packet ,46669,46788
130.005,Received an expired out of sequence packet ,46670,46788
130.005,Received an expired out of sequence packet ,46671,46788
130.005,Received an expired out of sequence packet ,46672,46788
130.011,Received an expired out of sequence packet ,46673,46788
130.011,Received an expired out of sequence packet ,46674,46788
130.011,Received an expired out of sequence packet ,46675,46788
130.012,Received an expired out of sequence packet ,46676,46788
130.012,Received an expired out of sequence packet ,46677,46788
130.012,Received an expired out of sequence packet ,46678,46788
130.014,Received an expired out of sequence packet ,46679,46788
130.015,Received an expired out of sequence packet ,46680,46788
130.015,Received an expired out of sequence packet ,46681,46788
130.015,Received an expired out of sequence packet ,46682,46788
130.015,Received an expired out of sequence packet ,46683,46788
130.015,Received an expired out of sequence packet ,46684,46788
130.02,Received an expired out of sequence packet ,46685,46788
130.02,Received an expired out of sequence packet ,46686,46788
130.02,Received an expired out of sequence packet ,46687,46788
130.02,Received an expired out of sequence packet ,46688,46788
130.02,Received an expired out of sequence packet ,46689,46788
130.022,Received an expired out of sequence packet ,46690,46788
130.022,Received an expired out of sequence packet ,46691,46788
130.022,Received an expired out of sequence packet ,46692,46788
130.026,Received an expired out of sequence packet ,46693,46788
130.026,Received an expired out of sequence packet ,46694,46788
130.027,Received an expired out of sequence packet ,46695,46788
130.041,Received an expired out of sequence packet ,46696,46788
130.041,Received an expired out of sequence packet ,46697,46788
130.041,Received an expired out of sequence packet ,46698,46788
130.041,Received an expired out of sequence packet ,46699,46788
130.043,Received an expired out of sequence packet ,46700,46788
130.044,Received an expired out of sequence packet ,46701,46788
130.044,Received an expired out of sequence packet ,46702,46788
130.051,Received an expired out of sequence packet ,46703,46788
130.051,Received an expired out of sequence packet ,46704,46788
130.051,Received an expired out of sequence packet ,46705,46788
130.051,Received an expired out of sequence packet ,46706,46788
130.055,Received an expired out of sequence packet ,46707,46788
130.055,Received an expired out of sequence packet ,46708,46788
130.055,Received an expired out of sequence packet ,46709,46788
130.055,Received an expired out of sequence packet ,46710,46788
130.055,Received an expired out of sequence packet ,46711,46788
130.055,Received an expired out of sequence packet ,46712,46788
130.055,Received an expired out of sequence packet ,46713,46788
130.055,Received an expired out of sequence packet ,46714,46788
130.055,Received an expired out of sequence packet ,46715,46788
130.055,Received an expired out of sequence packet ,46716,46788
130.055,Received an expired out of sequence packet ,46717,46788
130.061,Received an expired out of sequence packet ,46718,46788
130.061,Received an expired out of sequence packet ,46719,46788
130.061,Received an expired out of sequence packet ,46720,46788
130.063,Received an expired out of sequence packet ,46721,46788
130.063,Received an expired out of sequence packet ,46722,46788
130.065,Received an expired out of sequence packet ,46723,46788
130.065,Received an expired out of sequence packet ,46724,46788
130.065,Received an expired out of sequence packet ,46725,46788
130.068,Received an expired out of sequence packet ,46726,46788
130.068,Received an expired out of sequence packet ,46727,46788
130.073,Received an expired out of sequence packet ,46728,46788
130.073,Received an expired out of sequence packet ,46729,46788
130.073,Received an expired out of sequence packet ,46730,46788
130.076,Received an expired out of sequence packet ,46731,46788
130.076,Received an expired out of sequence packet ,46732,46788
130.076,Received an expired out of sequence packet ,46733,46788
130.08,Received an expired out of sequence packet ,46734,46788
130.08,Received an expired out of sequence packet ,46735,46788
130.083,Received an expired out of sequence packet ,46736,46788
130.083,Received an expired out of sequence packet ,46737,46788
130.083,Received an expired out of sequence packet ,46738,46788
130.087,Received an expired out of sequence packet ,46739,46788
130.087,Received an expired out of sequence packet ,46740,46788
130.087,Received an expired out of sequence packet ,46741,46788
130.087,Received an expired out of sequence packet ,46742,46788
130.089,Received an expired out of sequence packet ,46743,46788
130.089,Received an expired out of sequence packet ,46744,46788
130.089,Received an expired out of sequence packet ,46745,46788
130.092,Received an expired out of sequence packet ,46746,46788
130.095,Received an expired out of sequence packet ,46747,46788
130.095,Received an expired out of sequence packet ,46748,46788
130.095,Received an expired out of sequence packet ,46749,46788
130.095,Received an expired out of sequence packet ,46750,46788
130.1,Received an expired out of sequence packet ,46751,46788
130.103,Received an expired out of sequence packet ,46752,46788
130.103,Received an expired out of sequence packet ,46753,46788
130.103,Received an expired out of sequence packet ,46754,46788
130.106,Received an expired out of sequence packet ,46755,46788
130.106,Received an expired out of sequence packet ,46756,46788
130.106,Received an expired out of sequence packet ,46757,46788
130.11,Received an expired out of sequence packet ,46758,46788
130.11,Received an expired out of sequence packet ,46759,46788
130.11,Received an expired out of sequence packet ,46760,46788
130.112,Received an expired out of sequence packet ,46761,46788
130.114,Received an expired out of sequence packet ,46762,46788
130.114,Received an expired out of sequence packet ,46763,46788
130.118,Received an expired out of sequence packet ,46764,46788
130.118,Received an expired out of sequence packet ,46765,46788
130.118,Received an expired out of sequence packet ,46766,46788
130.12,Received an expired out of sequence packet ,46767,46788
130.12,Received an expired out of sequence packet ,46768,46788
130.123,Received an expired out of sequence packet ,46769,46788
130.125,Received an expired out of sequence packet ,46770,46788
130.127,Received an expired out of sequence packet ,46771,46788
130.127,Received an expired out of sequence packet ,46772,46788
130.131,Received an expired out of sequence packet ,46773,46788
130.133,Received an expired out of sequence packet ,46774,46788
130.133,Received an expired out of sequence packet ,46775,46788
130.133,Received an expired out of sequence packet ,46776,46788
130.135,Received an expired out of sequence packet ,46777,46788
130.135,Received an expired out of sequence packet ,46778,46788
130.14,Received an expired out of sequence packet ,46779,46788
130.14,Received an expired out of sequence packet ,46780,46788
130.142,Received an expired out of sequence packet ,46781,46788
130.142,Received an expired out of sequence packet ,46782,46788
130.143,Received an expired out of sequence packet ,46783,46788
130.143,Received an expired out of sequence packet ,46784,46788
130.147,Received an expired out of sequence packet ,46785,46788
130.147,Received an expired out of sequence packet ,46786,46788
130.147,Received an expired out of sequence packet ,46787,46788
157.35,Restart,can't map delay on delay curve
158.109,Exit slow start,exceeding SS_EXIT_THRESHOLD
158.11,Restart,Alglib M<4!
159.148,Exit slow start,exceeding SS_EXIT_THRESHOLD
261.261,Timeout
261.261,clearing sending list because of timeout
261.597,Timeout
261.597,clearing sending list because of timeout
261.933,Timeout
261.933,clearing sending list because of timeout
261.943,Received an expired out of sequence packet ,74131,74248
261.943,Received an expired out of sequence packet ,74132,74248
262.122,Received an expired out of sequence packet ,74133,74248
262.13,Received an expired out of sequence packet ,74134,74248
262.13,Received an expired out of sequence packet ,74135,74248
262.133,Received an expired out of sequence packet ,74136,74248
262.133,Received an expired out of sequence packet ,74137,74248
262.139,Received an expired out of sequence packet ,74138,74248
262.139,Received an expired out of sequence packet ,74139,74248
262.139,Received an expired out of sequence packet ,74140,74248
262.139,Received an expired out of sequence packet ,74141,74248
262.139,Received an expired out of sequence packet ,74142,74248
262.139,Received an expired out of sequence packet ,74143,74248
262.139,Received an expired out of sequence packet ,74144,74248
262.14,Received an expired out of sequence packet ,74145,74248
262.14,Received an expired out of sequence packet ,74146,74248
262.14,Received an expired out of sequence packet ,74147,74248
262.14,Received an expired out of sequence packet ,74148,74248
262.14,Received an expired out of sequence packet ,74149,74248
262.14,Received an expired out of sequence packet ,74150,74248
262.14,Received an expired out of sequence packet ,74151,74248
262.16,Received an expired out of sequence packet ,74152,74248
262.16,Received an expired out of sequence packet ,74153,74248
262.16,Received an expired out of sequence packet ,74154,74248
262.16,Received an expired out of sequence packet ,74155,74248
262.16,Received an expired out of sequence packet ,74156,74248
262.16,Received an expired out of sequence packet ,74157,74248
262.16,Received an expired out of sequence packet ,74158,74248
262.16,Received an expired out of sequence packet ,74159,74248
262.16,Received an expired out of sequence packet ,74160,74248
262.16,Received an expired out of sequence packet ,74161,74248
262.16,Received an expired out of sequence packet ,74162,74248
262.16,Received an expired out of sequence packet ,74163,74248
262.16,Received an expired out of sequence packet ,74164,74248
262.16,Received an expired out of sequence packet ,74165,74248
262.16,Received an expired out of sequence packet ,74166,74248
262.16,Received an expired out of sequence packet ,74167,74248
262.16,Received an expired out of sequence packet ,74168,74248
262.16,Received an expired out of sequence packet ,74169,74248
262.16,Received an expired out of sequence packet ,74170,74248
262.16,Received an expired out of sequence packet ,74171,74248
262.16,Received an expired out of sequence packet ,74172,74248
262.16,Received an expired out of sequence packet ,74173,74248
262.169,Received an expired out of sequence packet ,74174,74248
262.169,Received an expired out of sequence packet ,74175,74248
262.173,Received an expired out of sequence packet ,74176,74248
262.173,Received an expired out of sequence packet ,74177,74248
262.173,Received an expired out of sequence packet ,74178,74248
262.173,Received an expired out of sequence packet ,74179,74248
262.177,Received an expired out of sequence packet 